[Sun Dec  7 05:46:26 UTC 2025] Starting benchmark 'json' with config './configs/json.yaml'
Validating functions...
[2025-12-07T05:46:26Z] [[36minfo[0m] [executor_setup] Setting up executor for aws-us-east-1-aws-json-512-512-606
[2025-12-07T05:46:26Z] [[36minfo[0m] [executor_setup] Setting up executor for alibaba-us-east-1-alibaba-json-512-512-401
[2025-12-07T05:46:26Z] [[36minfo[0m] [executor_setup] Setting up executor for azure-germanywestcentral-azure-json-512-512-135
[2025-12-07T05:46:26Z] [[0mwarning[0m] [[32mazure_limitations[0m] Azure can´t handle more than 300 parallel requests. Limiting to 300.
[2025-12-07T05:46:26Z] [[36minfo[0m] [executor_setup] Setting up executor for gcp-us-east1-gcp-json-512-512-853
[2025-12-07T05:46:26Z] [[36minfo[0m] [start_timeline] Benchmark Timeline
[2025-12-07T05:46:26Z] [[36minfo[0m] [load_generator_start] (gcp: us-east1) Starting load generator with 300 workers
[2025-12-07T05:46:26Z] [[36minfo[0m] [load_generator_start] (aws: us-east-1) Starting load generator with 500 workers
[2025-12-07T05:46:26Z] [[36minfo[0m] [load_generator_start] (alibaba: us-east-1) Starting load generator with 500 workers
[2025-12-07T05:46:26Z] [[36minfo[0m] [load_generator_start] (azure: germanywestcentral) Starting load generator with 300 workers
[2025-12-07T05:46:36Z] [[36minfo[0m] [progress_update] azure-germanywestcentral-azure-json-512-512-135: 703/2500 tasks started.gcp-us-east1-gcp-json-512-512-853: 1037/2500 tasks started.aws-us-east-1-aws-json-512-512-606: 1730/2500 tasks started.alibaba-us-east-1-alibaba-json-512-512-401: 1650/2500 tasks started.
[2025-12-07T05:46:46Z] [[36minfo[0m] [progress_update] aws-us-east-1-aws-json-512-512-606: 2500/2500 tasks started.alibaba-us-east-1-alibaba-json-512-512-401: 2500/2500 tasks started.azure-germanywestcentral-azure-json-512-512-135: 739/2500 tasks started.gcp-us-east1-gcp-json-512-512-853: 2026/2500 tasks started.
[2025-12-07T05:46:51Z] [[36minfo[0m] [function_finished] Finished benchmarking function aws-json-512 and closed archiver
[2025-12-07T05:46:56Z] [[36minfo[0m] [progress_update] aws-us-east-1-aws-json-512-512-606: 2500/2500 tasks started.alibaba-us-east-1-alibaba-json-512-512-401: 2500/2500 tasks started.azure-germanywestcentral-azure-json-512-512-135: 1416/2500 tasks started.gcp-us-east1-gcp-json-512-512-853: 2500/2500 tasks started.
[2025-12-07T05:47:06Z] [[36minfo[0m] [progress_update] gcp-us-east1-gcp-json-512-512-853: 2500/2500 tasks started.aws-us-east-1-aws-json-512-512-606: 2500/2500 tasks started.alibaba-us-east-1-alibaba-json-512-512-401: 2500/2500 tasks started.azure-germanywestcentral-azure-json-512-512-135: 2038/2500 tasks started.
[2025-12-07T05:47:08Z] [[36minfo[0m] [function_finished] Finished benchmarking function gcp-json-512 and closed archiver
[2025-12-07T05:47:16Z] [[36minfo[0m] [progress_update] aws-us-east-1-aws-json-512-512-606: 2500/2500 tasks started.alibaba-us-east-1-alibaba-json-512-512-401: 2500/2500 tasks started.azure-germanywestcentral-azure-json-512-512-135: 2500/2500 tasks started.gcp-us-east1-gcp-json-512-512-853: 2500/2500 tasks started.
[2025-12-07T05:47:26Z] [[36minfo[0m] [progress_update] alibaba-us-east-1-alibaba-json-512-512-401: 2500/2500 tasks started.azure-germanywestcentral-azure-json-512-512-135: 2500/2500 tasks started.gcp-us-east1-gcp-json-512-512-853: 2500/2500 tasks started.aws-us-east-1-aws-json-512-512-606: 2500/2500 tasks started.
[2025-12-07T05:47:36Z] [[36minfo[0m] [progress_update] aws-us-east-1-aws-json-512-512-606: 2500/2500 tasks started.alibaba-us-east-1-alibaba-json-512-512-401: 2500/2500 tasks started.azure-germanywestcentral-azure-json-512-512-135: 2500/2500 tasks started.gcp-us-east1-gcp-json-512-512-853: 2500/2500 tasks started.
[2025-12-07T05:47:46Z] [[36minfo[0m] [progress_update] aws-us-east-1-aws-json-512-512-606: 2500/2500 tasks started.alibaba-us-east-1-alibaba-json-512-512-401: 2500/2500 tasks started.azure-germanywestcentral-azure-json-512-512-135: 2500/2500 tasks started.gcp-us-east1-gcp-json-512-512-853: 2500/2500 tasks started.
[2025-12-07T05:47:56Z] [[36minfo[0m] [progress_update] aws-us-east-1-aws-json-512-512-606: 2500/2500 tasks started.alibaba-us-east-1-alibaba-json-512-512-401: 2500/2500 tasks started.azure-germanywestcentral-azure-json-512-512-135: 2500/2500 tasks started.gcp-us-east1-gcp-json-512-512-853: 2500/2500 tasks started.
[2025-12-07T05:48:06Z] [[36minfo[0m] [progress_update] gcp-us-east1-gcp-json-512-512-853: 2500/2500 tasks started.aws-us-east-1-aws-json-512-512-606: 2500/2500 tasks started.alibaba-us-east-1-alibaba-json-512-512-401: 2500/2500 tasks started.azure-germanywestcentral-azure-json-512-512-135: 2500/2500 tasks started.
[2025-12-07T05:48:16Z] [[36minfo[0m] [progress_update] aws-us-east-1-aws-json-512-512-606: 2500/2500 tasks started.alibaba-us-east-1-alibaba-json-512-512-401: 2500/2500 tasks started.azure-germanywestcentral-azure-json-512-512-135: 2500/2500 tasks started.gcp-us-east1-gcp-json-512-512-853: 2500/2500 tasks started.
[2025-12-07T05:48:26Z] [[36minfo[0m] [progress_update] aws-us-east-1-aws-json-512-512-606: 2500/2500 tasks started.alibaba-us-east-1-alibaba-json-512-512-401: 2500/2500 tasks started.azure-germanywestcentral-azure-json-512-512-135: 2500/2500 tasks started.gcp-us-east1-gcp-json-512-512-853: 2500/2500 tasks started.
[2025-12-07T05:48:36Z] [[36minfo[0m] [progress_update] aws-us-east-1-aws-json-512-512-606: 2500/2500 tasks started.alibaba-us-east-1-alibaba-json-512-512-401: 2500/2500 tasks started.azure-germanywestcentral-azure-json-512-512-135: 2500/2500 tasks started.gcp-us-east1-gcp-json-512-512-853: 2500/2500 tasks started.
[2025-12-07T05:48:44Z] [[36minfo[0m] [function_finished] Finished benchmarking function alibaba-json-512 and closed archiver
[2025-12-07T05:48:46Z] [[36minfo[0m] [progress_update] aws-us-east-1-aws-json-512-512-606: 2500/2500 tasks started.alibaba-us-east-1-alibaba-json-512-512-401: 2500/2500 tasks started.azure-germanywestcentral-azure-json-512-512-135: 2500/2500 tasks started.gcp-us-east1-gcp-json-512-512-853: 2500/2500 tasks started.
[2025-12-07T05:48:56Z] [[36minfo[0m] [progress_update] alibaba-us-east-1-alibaba-json-512-512-401: 2500/2500 tasks started.azure-germanywestcentral-azure-json-512-512-135: 2500/2500 tasks started.gcp-us-east1-gcp-json-512-512-853: 2500/2500 tasks started.aws-us-east-1-aws-json-512-512-606: 2500/2500 tasks started.
[2025-12-07T05:49:06Z] [[36minfo[0m] [progress_update] aws-us-east-1-aws-json-512-512-606: 2500/2500 tasks started.alibaba-us-east-1-alibaba-json-512-512-401: 2500/2500 tasks started.azure-germanywestcentral-azure-json-512-512-135: 2500/2500 tasks started.gcp-us-east1-gcp-json-512-512-853: 2500/2500 tasks started.
[2025-12-07T05:49:16Z] [[36minfo[0m] [progress_update] aws-us-east-1-aws-json-512-512-606: 2500/2500 tasks started.alibaba-us-east-1-alibaba-json-512-512-401: 2500/2500 tasks started.azure-germanywestcentral-azure-json-512-512-135: 2500/2500 tasks started.gcp-us-east1-gcp-json-512-512-853: 2500/2500 tasks started.
[2025-12-07T05:49:26Z] [[36minfo[0m] [progress_update] azure-germanywestcentral-azure-json-512-512-135: 2500/2500 tasks started.gcp-us-east1-gcp-json-512-512-853: 2500/2500 tasks started.aws-us-east-1-aws-json-512-512-606: 2500/2500 tasks started.alibaba-us-east-1-alibaba-json-512-512-401: 2500/2500 tasks started.
[2025-12-07T05:49:36Z] [[36minfo[0m] [progress_update] aws-us-east-1-aws-json-512-512-606: 2500/2500 tasks started.alibaba-us-east-1-alibaba-json-512-512-401: 2500/2500 tasks started.azure-germanywestcentral-azure-json-512-512-135: 2500/2500 tasks started.gcp-us-east1-gcp-json-512-512-853: 2500/2500 tasks started.
[2025-12-07T05:49:46Z] [[36minfo[0m] [progress_update] aws-us-east-1-aws-json-512-512-606: 2500/2500 tasks started.alibaba-us-east-1-alibaba-json-512-512-401: 2500/2500 tasks started.azure-germanywestcentral-azure-json-512-512-135: 2500/2500 tasks started.gcp-us-east1-gcp-json-512-512-853: 2500/2500 tasks started.
[2025-12-07T05:49:56Z] [[36minfo[0m] [progress_update] aws-us-east-1-aws-json-512-512-606: 2500/2500 tasks started.alibaba-us-east-1-alibaba-json-512-512-401: 2500/2500 tasks started.azure-germanywestcentral-azure-json-512-512-135: 2500/2500 tasks started.gcp-us-east1-gcp-json-512-512-853: 2500/2500 tasks started.
[2025-12-07T05:50:06Z] [[36minfo[0m] [progress_update] gcp-us-east1-gcp-json-512-512-853: 2500/2500 tasks started.aws-us-east-1-aws-json-512-512-606: 2500/2500 tasks started.alibaba-us-east-1-alibaba-json-512-512-401: 2500/2500 tasks started.azure-germanywestcentral-azure-json-512-512-135: 2500/2500 tasks started.
[2025-12-07T05:50:16Z] [[36minfo[0m] [progress_update] gcp-us-east1-gcp-json-512-512-853: 2500/2500 tasks started.aws-us-east-1-aws-json-512-512-606: 2500/2500 tasks started.alibaba-us-east-1-alibaba-json-512-512-401: 2500/2500 tasks started.azure-germanywestcentral-azure-json-512-512-135: 2500/2500 tasks started.
[2025-12-07T05:50:26Z] [[36minfo[0m] [progress_update] azure-germanywestcentral-azure-json-512-512-135: 2500/2500 tasks started.gcp-us-east1-gcp-json-512-512-853: 2500/2500 tasks started.aws-us-east-1-aws-json-512-512-606: 2500/2500 tasks started.alibaba-us-east-1-alibaba-json-512-512-401: 2500/2500 tasks started.
[2025-12-07T05:50:36Z] [[36minfo[0m] [progress_update] aws-us-east-1-aws-json-512-512-606: 2500/2500 tasks started.alibaba-us-east-1-alibaba-json-512-512-401: 2500/2500 tasks started.azure-germanywestcentral-azure-json-512-512-135: 2500/2500 tasks started.gcp-us-east1-gcp-json-512-512-853: 2500/2500 tasks started.
[2025-12-07T05:50:46Z] [[36minfo[0m] [progress_update] aws-us-east-1-aws-json-512-512-606: 2500/2500 tasks started.alibaba-us-east-1-alibaba-json-512-512-401: 2500/2500 tasks started.azure-germanywestcentral-azure-json-512-512-135: 2500/2500 tasks started.gcp-us-east1-gcp-json-512-512-853: 2500/2500 tasks started.
[2025-12-07T05:50:56Z] [[36minfo[0m] [progress_update] gcp-us-east1-gcp-json-512-512-853: 2500/2500 tasks started.aws-us-east-1-aws-json-512-512-606: 2500/2500 tasks started.alibaba-us-east-1-alibaba-json-512-512-401: 2500/2500 tasks started.azure-germanywestcentral-azure-json-512-512-135: 2500/2500 tasks started.
[2025-12-07T05:51:06Z] [[36minfo[0m] [progress_update] gcp-us-east1-gcp-json-512-512-853: 2500/2500 tasks started.aws-us-east-1-aws-json-512-512-606: 2500/2500 tasks started.alibaba-us-east-1-alibaba-json-512-512-401: 2500/2500 tasks started.azure-germanywestcentral-azure-json-512-512-135: 2500/2500 tasks started.
[2025-12-07T05:51:16Z] [[36minfo[0m] [progress_update] aws-us-east-1-aws-json-512-512-606: 2500/2500 tasks started.alibaba-us-east-1-alibaba-json-512-512-401: 2500/2500 tasks started.azure-germanywestcentral-azure-json-512-512-135: 2500/2500 tasks started.gcp-us-east1-gcp-json-512-512-853: 2500/2500 tasks started.
[2025-12-07T05:51:26Z] [[36minfo[0m] [progress_update] aws-us-east-1-aws-json-512-512-606: 2500/2500 tasks started.alibaba-us-east-1-alibaba-json-512-512-401: 2500/2500 tasks started.azure-germanywestcentral-azure-json-512-512-135: 2500/2500 tasks started.gcp-us-east1-gcp-json-512-512-853: 2500/2500 tasks started.
[2025-12-07T05:51:28Z] [[31merror[0m] [task_execution] Error executing task azure-json-512: task azure-json-512 failed after 7 retries: <nil>
[2025-12-07T05:51:36Z] [[36minfo[0m] [progress_update] aws-us-east-1-aws-json-512-512-606: 2500/2500 tasks started.alibaba-us-east-1-alibaba-json-512-512-401: 2500/2500 tasks started.azure-germanywestcentral-azure-json-512-512-135: 2500/2500 tasks started.gcp-us-east1-gcp-json-512-512-853: 2500/2500 tasks started.
[2025-12-07T05:51:46Z] [[36minfo[0m] [progress_update] aws-us-east-1-aws-json-512-512-606: 2500/2500 tasks started.alibaba-us-east-1-alibaba-json-512-512-401: 2500/2500 tasks started.azure-germanywestcentral-azure-json-512-512-135: 2500/2500 tasks started.gcp-us-east1-gcp-json-512-512-853: 2500/2500 tasks started.
[2025-12-07T05:51:56Z] [[36minfo[0m] [progress_update] aws-us-east-1-aws-json-512-512-606: 2500/2500 tasks started.alibaba-us-east-1-alibaba-json-512-512-401: 2500/2500 tasks started.azure-germanywestcentral-azure-json-512-512-135: 2500/2500 tasks started.gcp-us-east1-gcp-json-512-512-853: 2500/2500 tasks started.
[2025-12-07T05:52:06Z] [[36minfo[0m] [progress_update] aws-us-east-1-aws-json-512-512-606: 2500/2500 tasks started.alibaba-us-east-1-alibaba-json-512-512-401: 2500/2500 tasks started.azure-germanywestcentral-azure-json-512-512-135: 2500/2500 tasks started.gcp-us-east1-gcp-json-512-512-853: 2500/2500 tasks started.
[2025-12-07T05:52:16Z] [[36minfo[0m] [progress_update] aws-us-east-1-aws-json-512-512-606: 2500/2500 tasks started.alibaba-us-east-1-alibaba-json-512-512-401: 2500/2500 tasks started.azure-germanywestcentral-azure-json-512-512-135: 2500/2500 tasks started.gcp-us-east1-gcp-json-512-512-853: 2500/2500 tasks started.
[2025-12-07T05:52:26Z] [[36minfo[0m] [progress_update] gcp-us-east1-gcp-json-512-512-853: 2500/2500 tasks started.aws-us-east-1-aws-json-512-512-606: 2500/2500 tasks started.alibaba-us-east-1-alibaba-json-512-512-401: 2500/2500 tasks started.azure-germanywestcentral-azure-json-512-512-135: 2500/2500 tasks started.
[2025-12-07T05:52:36Z] [[36minfo[0m] [progress_update] aws-us-east-1-aws-json-512-512-606: 2500/2500 tasks started.alibaba-us-east-1-alibaba-json-512-512-401: 2500/2500 tasks started.azure-germanywestcentral-azure-json-512-512-135: 2500/2500 tasks started.gcp-us-east1-gcp-json-512-512-853: 2500/2500 tasks started.
[2025-12-07T05:52:46Z] [[36minfo[0m] [progress_update] aws-us-east-1-aws-json-512-512-606: 2500/2500 tasks started.alibaba-us-east-1-alibaba-json-512-512-401: 2500/2500 tasks started.azure-germanywestcentral-azure-json-512-512-135: 2500/2500 tasks started.gcp-us-east1-gcp-json-512-512-853: 2500/2500 tasks started.
[2025-12-07T05:52:56Z] [[36minfo[0m] [progress_update] alibaba-us-east-1-alibaba-json-512-512-401: 2500/2500 tasks started.azure-germanywestcentral-azure-json-512-512-135: 2500/2500 tasks started.gcp-us-east1-gcp-json-512-512-853: 2500/2500 tasks started.aws-us-east-1-aws-json-512-512-606: 2500/2500 tasks started.
[2025-12-07T05:53:06Z] [[36minfo[0m] [progress_update] gcp-us-east1-gcp-json-512-512-853: 2500/2500 tasks started.aws-us-east-1-aws-json-512-512-606: 2500/2500 tasks started.alibaba-us-east-1-alibaba-json-512-512-401: 2500/2500 tasks started.azure-germanywestcentral-azure-json-512-512-135: 2500/2500 tasks started.
[2025-12-07T05:53:16Z] [[36minfo[0m] [progress_update] alibaba-us-east-1-alibaba-json-512-512-401: 2500/2500 tasks started.azure-germanywestcentral-azure-json-512-512-135: 2500/2500 tasks started.gcp-us-east1-gcp-json-512-512-853: 2500/2500 tasks started.aws-us-east-1-aws-json-512-512-606: 2500/2500 tasks started.
[2025-12-07T05:53:26Z] [[36minfo[0m] [progress_update] aws-us-east-1-aws-json-512-512-606: 2500/2500 tasks started.alibaba-us-east-1-alibaba-json-512-512-401: 2500/2500 tasks started.azure-germanywestcentral-azure-json-512-512-135: 2500/2500 tasks started.gcp-us-east1-gcp-json-512-512-853: 2500/2500 tasks started.
[2025-12-07T05:53:28Z] [[31merror[0m] [task_execution] Error executing task azure-json-512: task azure-json-512 failed after 7 retries: <nil>
[2025-12-07T05:53:33Z] [[36minfo[0m] [function_finished] Finished benchmarking function azure-json-512 and closed archiver
[2025-12-07T05:53:35Z] [[36minfo[0m] [finish_timeline] Benchmark Timeline
[Sun Dec  7 05:53:35 UTC 2025] Finished benchmark 'json' successfully
[Sun Dec  7 05:53:35 UTC 2025] Sleeping 600 seconds before next workload...
