[Fri Dec  5 11:32:48 UTC 2025] Starting benchmark 'gzip' with config './configs/gzip.yaml'
Validating functions...
[2025-12-05T11:32:48Z] [[36minfo[0m] [executor_setup] Setting up executor for aws-us-east-1-aws-gzip-512-512-633
[2025-12-05T11:32:48Z] [[36minfo[0m] [executor_setup] Setting up executor for alibaba-us-east-1-alibaba-gzip-512-512-374
[2025-12-05T11:32:48Z] [[36minfo[0m] [executor_setup] Setting up executor for azure-germanywestcentral-azure-gzip-512-512-252
[2025-12-05T11:32:48Z] [[0mwarning[0m] [[32mazure_limitations[0m] Azure can´t handle more than 300 parallel requests. Limiting to 300.
[2025-12-05T11:32:48Z] [[36minfo[0m] [executor_setup] Setting up executor for gcp-us-east1-gcp-gzip-512-512-63
[2025-12-05T11:32:48Z] [[36minfo[0m] [start_timeline] Benchmark Timeline
[2025-12-05T11:32:48Z] [[36minfo[0m] [load_generator_start] (aws: us-east-1) Starting load generator with 500 workers
[2025-12-05T11:32:48Z] [[36minfo[0m] [load_generator_start] (gcp: us-east1) Starting load generator with 300 workers
[2025-12-05T11:32:48Z] [[36minfo[0m] [load_generator_start] (alibaba: us-east-1) Starting load generator with 500 workers
[2025-12-05T11:32:48Z] [[36minfo[0m] [load_generator_start] (azure: germanywestcentral) Starting load generator with 300 workers
[2025-12-05T11:32:58Z] [[36minfo[0m] [progress_update] aws-us-east-1-aws-gzip-512-512-633: 1796/2500 tasks started.alibaba-us-east-1-alibaba-gzip-512-512-374: 1859/2500 tasks started.azure-germanywestcentral-azure-gzip-512-512-252: 694/2500 tasks started.gcp-us-east1-gcp-gzip-512-512-63: 1090/2500 tasks started.
[2025-12-05T11:33:08Z] [[36minfo[0m] [progress_update] aws-us-east-1-aws-gzip-512-512-633: 2500/2500 tasks started.alibaba-us-east-1-alibaba-gzip-512-512-374: 2500/2500 tasks started.azure-germanywestcentral-azure-gzip-512-512-252: 698/2500 tasks started.gcp-us-east1-gcp-gzip-512-512-63: 2104/2500 tasks started.
[2025-12-05T11:33:17Z] [[36minfo[0m] [function_finished] Finished benchmarking function aws-gzip-512 and closed archiver
[2025-12-05T11:33:18Z] [[36minfo[0m] [progress_update] aws-us-east-1-aws-gzip-512-512-633: 2500/2500 tasks started.alibaba-us-east-1-alibaba-gzip-512-512-374: 2500/2500 tasks started.azure-germanywestcentral-azure-gzip-512-512-252: 1355/2500 tasks started.gcp-us-east1-gcp-gzip-512-512-63: 2500/2500 tasks started.
[2025-12-05T11:33:26Z] [[36minfo[0m] [function_finished] Finished benchmarking function gcp-gzip-512 and closed archiver
[2025-12-05T11:33:28Z] [[36minfo[0m] [progress_update] aws-us-east-1-aws-gzip-512-512-633: 2500/2500 tasks started.alibaba-us-east-1-alibaba-gzip-512-512-374: 2500/2500 tasks started.azure-germanywestcentral-azure-gzip-512-512-252: 1943/2500 tasks started.gcp-us-east1-gcp-gzip-512-512-63: 2500/2500 tasks started.
[2025-12-05T11:33:38Z] [[36minfo[0m] [progress_update] gcp-us-east1-gcp-gzip-512-512-63: 2500/2500 tasks started.aws-us-east-1-aws-gzip-512-512-633: 2500/2500 tasks started.alibaba-us-east-1-alibaba-gzip-512-512-374: 2500/2500 tasks started.azure-germanywestcentral-azure-gzip-512-512-252: 2460/2500 tasks started.
[2025-12-05T11:33:48Z] [[36minfo[0m] [progress_update] alibaba-us-east-1-alibaba-gzip-512-512-374: 2500/2500 tasks started.azure-germanywestcentral-azure-gzip-512-512-252: 2473/2500 tasks started.gcp-us-east1-gcp-gzip-512-512-63: 2500/2500 tasks started.aws-us-east-1-aws-gzip-512-512-633: 2500/2500 tasks started.
[2025-12-05T11:33:58Z] [[36minfo[0m] [progress_update] aws-us-east-1-aws-gzip-512-512-633: 2500/2500 tasks started.alibaba-us-east-1-alibaba-gzip-512-512-374: 2500/2500 tasks started.azure-germanywestcentral-azure-gzip-512-512-252: 2500/2500 tasks started.gcp-us-east1-gcp-gzip-512-512-63: 2500/2500 tasks started.
[2025-12-05T11:34:08Z] [[36minfo[0m] [progress_update] gcp-us-east1-gcp-gzip-512-512-63: 2500/2500 tasks started.aws-us-east-1-aws-gzip-512-512-633: 2500/2500 tasks started.alibaba-us-east-1-alibaba-gzip-512-512-374: 2500/2500 tasks started.azure-germanywestcentral-azure-gzip-512-512-252: 2500/2500 tasks started.
[2025-12-05T11:34:18Z] [[36minfo[0m] [progress_update] azure-germanywestcentral-azure-gzip-512-512-252: 2500/2500 tasks started.gcp-us-east1-gcp-gzip-512-512-63: 2500/2500 tasks started.aws-us-east-1-aws-gzip-512-512-633: 2500/2500 tasks started.alibaba-us-east-1-alibaba-gzip-512-512-374: 2500/2500 tasks started.
[2025-12-05T11:34:28Z] [[36minfo[0m] [progress_update] aws-us-east-1-aws-gzip-512-512-633: 2500/2500 tasks started.alibaba-us-east-1-alibaba-gzip-512-512-374: 2500/2500 tasks started.azure-germanywestcentral-azure-gzip-512-512-252: 2500/2500 tasks started.gcp-us-east1-gcp-gzip-512-512-63: 2500/2500 tasks started.
[2025-12-05T11:34:38Z] [[36minfo[0m] [progress_update] aws-us-east-1-aws-gzip-512-512-633: 2500/2500 tasks started.alibaba-us-east-1-alibaba-gzip-512-512-374: 2500/2500 tasks started.azure-germanywestcentral-azure-gzip-512-512-252: 2500/2500 tasks started.gcp-us-east1-gcp-gzip-512-512-63: 2500/2500 tasks started.
[2025-12-05T11:34:48Z] [[36minfo[0m] [progress_update] aws-us-east-1-aws-gzip-512-512-633: 2500/2500 tasks started.alibaba-us-east-1-alibaba-gzip-512-512-374: 2500/2500 tasks started.azure-germanywestcentral-azure-gzip-512-512-252: 2500/2500 tasks started.gcp-us-east1-gcp-gzip-512-512-63: 2500/2500 tasks started.
[2025-12-05T11:34:58Z] [[36minfo[0m] [progress_update] alibaba-us-east-1-alibaba-gzip-512-512-374: 2500/2500 tasks started.azure-germanywestcentral-azure-gzip-512-512-252: 2500/2500 tasks started.gcp-us-east1-gcp-gzip-512-512-63: 2500/2500 tasks started.aws-us-east-1-aws-gzip-512-512-633: 2500/2500 tasks started.
[2025-12-05T11:34:59Z] [[36minfo[0m] [function_finished] Finished benchmarking function alibaba-gzip-512 and closed archiver
[2025-12-05T11:35:08Z] [[36minfo[0m] [progress_update] aws-us-east-1-aws-gzip-512-512-633: 2500/2500 tasks started.alibaba-us-east-1-alibaba-gzip-512-512-374: 2500/2500 tasks started.azure-germanywestcentral-azure-gzip-512-512-252: 2500/2500 tasks started.gcp-us-east1-gcp-gzip-512-512-63: 2500/2500 tasks started.
[2025-12-05T11:35:18Z] [[36minfo[0m] [progress_update] alibaba-us-east-1-alibaba-gzip-512-512-374: 2500/2500 tasks started.azure-germanywestcentral-azure-gzip-512-512-252: 2500/2500 tasks started.gcp-us-east1-gcp-gzip-512-512-63: 2500/2500 tasks started.aws-us-east-1-aws-gzip-512-512-633: 2500/2500 tasks started.
[2025-12-05T11:35:28Z] [[36minfo[0m] [progress_update] aws-us-east-1-aws-gzip-512-512-633: 2500/2500 tasks started.alibaba-us-east-1-alibaba-gzip-512-512-374: 2500/2500 tasks started.azure-germanywestcentral-azure-gzip-512-512-252: 2500/2500 tasks started.gcp-us-east1-gcp-gzip-512-512-63: 2500/2500 tasks started.
[2025-12-05T11:35:38Z] [[36minfo[0m] [progress_update] gcp-us-east1-gcp-gzip-512-512-63: 2500/2500 tasks started.aws-us-east-1-aws-gzip-512-512-633: 2500/2500 tasks started.alibaba-us-east-1-alibaba-gzip-512-512-374: 2500/2500 tasks started.azure-germanywestcentral-azure-gzip-512-512-252: 2500/2500 tasks started.
[2025-12-05T11:35:48Z] [[36minfo[0m] [progress_update] azure-germanywestcentral-azure-gzip-512-512-252: 2500/2500 tasks started.gcp-us-east1-gcp-gzip-512-512-63: 2500/2500 tasks started.aws-us-east-1-aws-gzip-512-512-633: 2500/2500 tasks started.alibaba-us-east-1-alibaba-gzip-512-512-374: 2500/2500 tasks started.
[2025-12-05T11:35:58Z] [[36minfo[0m] [progress_update] aws-us-east-1-aws-gzip-512-512-633: 2500/2500 tasks started.alibaba-us-east-1-alibaba-gzip-512-512-374: 2500/2500 tasks started.azure-germanywestcentral-azure-gzip-512-512-252: 2500/2500 tasks started.gcp-us-east1-gcp-gzip-512-512-63: 2500/2500 tasks started.
[2025-12-05T11:36:08Z] [[36minfo[0m] [progress_update] alibaba-us-east-1-alibaba-gzip-512-512-374: 2500/2500 tasks started.azure-germanywestcentral-azure-gzip-512-512-252: 2500/2500 tasks started.gcp-us-east1-gcp-gzip-512-512-63: 2500/2500 tasks started.aws-us-east-1-aws-gzip-512-512-633: 2500/2500 tasks started.
[2025-12-05T11:36:18Z] [[36minfo[0m] [progress_update] gcp-us-east1-gcp-gzip-512-512-63: 2500/2500 tasks started.aws-us-east-1-aws-gzip-512-512-633: 2500/2500 tasks started.alibaba-us-east-1-alibaba-gzip-512-512-374: 2500/2500 tasks started.azure-germanywestcentral-azure-gzip-512-512-252: 2500/2500 tasks started.
[2025-12-05T11:36:28Z] [[36minfo[0m] [progress_update] aws-us-east-1-aws-gzip-512-512-633: 2500/2500 tasks started.alibaba-us-east-1-alibaba-gzip-512-512-374: 2500/2500 tasks started.azure-germanywestcentral-azure-gzip-512-512-252: 2500/2500 tasks started.gcp-us-east1-gcp-gzip-512-512-63: 2500/2500 tasks started.
[2025-12-05T11:36:38Z] [[36minfo[0m] [progress_update] azure-germanywestcentral-azure-gzip-512-512-252: 2500/2500 tasks started.gcp-us-east1-gcp-gzip-512-512-63: 2500/2500 tasks started.aws-us-east-1-aws-gzip-512-512-633: 2500/2500 tasks started.alibaba-us-east-1-alibaba-gzip-512-512-374: 2500/2500 tasks started.
[2025-12-05T11:36:48Z] [[36minfo[0m] [progress_update] aws-us-east-1-aws-gzip-512-512-633: 2500/2500 tasks started.alibaba-us-east-1-alibaba-gzip-512-512-374: 2500/2500 tasks started.azure-germanywestcentral-azure-gzip-512-512-252: 2500/2500 tasks started.gcp-us-east1-gcp-gzip-512-512-63: 2500/2500 tasks started.
[2025-12-05T11:36:58Z] [[36minfo[0m] [progress_update] aws-us-east-1-aws-gzip-512-512-633: 2500/2500 tasks started.alibaba-us-east-1-alibaba-gzip-512-512-374: 2500/2500 tasks started.azure-germanywestcentral-azure-gzip-512-512-252: 2500/2500 tasks started.gcp-us-east1-gcp-gzip-512-512-63: 2500/2500 tasks started.
[2025-12-05T11:37:08Z] [[36minfo[0m] [progress_update] aws-us-east-1-aws-gzip-512-512-633: 2500/2500 tasks started.alibaba-us-east-1-alibaba-gzip-512-512-374: 2500/2500 tasks started.azure-germanywestcentral-azure-gzip-512-512-252: 2500/2500 tasks started.gcp-us-east1-gcp-gzip-512-512-63: 2500/2500 tasks started.
[2025-12-05T11:37:18Z] [[36minfo[0m] [progress_update] aws-us-east-1-aws-gzip-512-512-633: 2500/2500 tasks started.alibaba-us-east-1-alibaba-gzip-512-512-374: 2500/2500 tasks started.azure-germanywestcentral-azure-gzip-512-512-252: 2500/2500 tasks started.gcp-us-east1-gcp-gzip-512-512-63: 2500/2500 tasks started.
[2025-12-05T11:37:28Z] [[36minfo[0m] [progress_update] aws-us-east-1-aws-gzip-512-512-633: 2500/2500 tasks started.alibaba-us-east-1-alibaba-gzip-512-512-374: 2500/2500 tasks started.azure-germanywestcentral-azure-gzip-512-512-252: 2500/2500 tasks started.gcp-us-east1-gcp-gzip-512-512-63: 2500/2500 tasks started.
[2025-12-05T11:37:38Z] [[36minfo[0m] [progress_update] azure-germanywestcentral-azure-gzip-512-512-252: 2500/2500 tasks started.gcp-us-east1-gcp-gzip-512-512-63: 2500/2500 tasks started.aws-us-east-1-aws-gzip-512-512-633: 2500/2500 tasks started.alibaba-us-east-1-alibaba-gzip-512-512-374: 2500/2500 tasks started.
[2025-12-05T11:37:48Z] [[36minfo[0m] [progress_update] aws-us-east-1-aws-gzip-512-512-633: 2500/2500 tasks started.alibaba-us-east-1-alibaba-gzip-512-512-374: 2500/2500 tasks started.azure-germanywestcentral-azure-gzip-512-512-252: 2500/2500 tasks started.gcp-us-east1-gcp-gzip-512-512-63: 2500/2500 tasks started.
[2025-12-05T11:37:51Z] [[31merror[0m] [task_execution] Error executing task azure-gzip-512: task azure-gzip-512 failed after 7 retries: <nil>
[2025-12-05T11:37:51Z] [[31merror[0m] [task_execution] Error executing task azure-gzip-512: task azure-gzip-512 failed after 7 retries: <nil>
[2025-12-05T11:37:51Z] [[31merror[0m] [task_execution] Error executing task azure-gzip-512: task azure-gzip-512 failed after 7 retries: <nil>
[2025-12-05T11:37:51Z] [[31merror[0m] [task_execution] Error executing task azure-gzip-512: task azure-gzip-512 failed after 7 retries: <nil>
[2025-12-05T11:37:51Z] [[31merror[0m] [task_execution] Error executing task azure-gzip-512: task azure-gzip-512 failed after 7 retries: <nil>
[2025-12-05T11:37:51Z] [[31merror[0m] [task_execution] Error executing task azure-gzip-512: task azure-gzip-512 failed after 7 retries: <nil>
[2025-12-05T11:37:51Z] [[31merror[0m] [task_execution] Error executing task azure-gzip-512: task azure-gzip-512 failed after 7 retries: <nil>
[2025-12-05T11:37:51Z] [[31merror[0m] [task_execution] Error executing task azure-gzip-512: task azure-gzip-512 failed after 7 retries: <nil>
[2025-12-05T11:37:52Z] [[31merror[0m] [task_execution] Error executing task azure-gzip-512: task azure-gzip-512 failed after 7 retries: <nil>
[2025-12-05T11:37:57Z] [[36minfo[0m] [function_finished] Finished benchmarking function azure-gzip-512 and closed archiver
[2025-12-05T11:37:58Z] [[36minfo[0m] [progress_update] alibaba-us-east-1-alibaba-gzip-512-512-374: 2500/2500 tasks started.azure-germanywestcentral-azure-gzip-512-512-252: 2500/2500 tasks started.gcp-us-east1-gcp-gzip-512-512-63: 2500/2500 tasks started.aws-us-east-1-aws-gzip-512-512-633: 2500/2500 tasks started.
[2025-12-05T11:37:59Z] [[36minfo[0m] [finish_timeline] Benchmark Timeline
[Fri Dec  5 11:37:59 UTC 2025] Finished benchmark 'gzip' successfully
[Fri Dec  5 11:37:59 UTC 2025] Sleeping 600 seconds before next workload...
