[Fri Dec  5 23:32:15 UTC 2025] Starting benchmark 'json' with config './configs/json.yaml'
Validating functions...
[2025-12-05T23:32:15Z] [[36minfo[0m] [executor_setup] Setting up executor for aws-us-east-1-aws-json-512-512-610
[2025-12-05T23:32:15Z] [[36minfo[0m] [executor_setup] Setting up executor for alibaba-us-east-1-alibaba-json-512-512-567
[2025-12-05T23:32:15Z] [[36minfo[0m] [executor_setup] Setting up executor for azure-germanywestcentral-azure-json-512-512-881
[2025-12-05T23:32:15Z] [[0mwarning[0m] [[32mazure_limitations[0m] Azure can´t handle more than 300 parallel requests. Limiting to 300.
[2025-12-05T23:32:15Z] [[36minfo[0m] [executor_setup] Setting up executor for gcp-us-east1-gcp-json-512-512-885
[2025-12-05T23:32:15Z] [[36minfo[0m] [start_timeline] Benchmark Timeline
[2025-12-05T23:32:15Z] [[36minfo[0m] [load_generator_start] (gcp: us-east1) Starting load generator with 300 workers
[2025-12-05T23:32:15Z] [[36minfo[0m] [load_generator_start] (alibaba: us-east-1) Starting load generator with 500 workers
[2025-12-05T23:32:15Z] [[36minfo[0m] [load_generator_start] (azure: germanywestcentral) Starting load generator with 300 workers
[2025-12-05T23:32:15Z] [[36minfo[0m] [load_generator_start] (aws: us-east-1) Starting load generator with 500 workers
[2025-12-05T23:32:25Z] [[36minfo[0m] [progress_update] aws-us-east-1-aws-json-512-512-610: 1704/2500 tasks started.alibaba-us-east-1-alibaba-json-512-512-567: 1551/2500 tasks started.azure-germanywestcentral-azure-json-512-512-881: 679/2500 tasks started.gcp-us-east1-gcp-json-512-512-885: 1118/2500 tasks started.
[2025-12-05T23:32:35Z] [[36minfo[0m] [progress_update] alibaba-us-east-1-alibaba-json-512-512-567: 2500/2500 tasks started.azure-germanywestcentral-azure-json-512-512-881: 684/2500 tasks started.gcp-us-east1-gcp-json-512-512-885: 2084/2500 tasks started.aws-us-east-1-aws-json-512-512-610: 2500/2500 tasks started.
[2025-12-05T23:32:42Z] [[36minfo[0m] [function_finished] Finished benchmarking function aws-json-512 and closed archiver
[2025-12-05T23:32:45Z] [[36minfo[0m] [progress_update] aws-us-east-1-aws-json-512-512-610: 2500/2500 tasks started.alibaba-us-east-1-alibaba-json-512-512-567: 2500/2500 tasks started.azure-germanywestcentral-azure-json-512-512-881: 1388/2500 tasks started.gcp-us-east1-gcp-json-512-512-885: 2500/2500 tasks started.
[2025-12-05T23:32:55Z] [[36minfo[0m] [progress_update] aws-us-east-1-aws-json-512-512-610: 2500/2500 tasks started.alibaba-us-east-1-alibaba-json-512-512-567: 2500/2500 tasks started.azure-germanywestcentral-azure-json-512-512-881: 1963/2500 tasks started.gcp-us-east1-gcp-json-512-512-885: 2500/2500 tasks started.
[2025-12-05T23:32:59Z] [[36minfo[0m] [function_finished] Finished benchmarking function gcp-json-512 and closed archiver
[2025-12-05T23:33:05Z] [[36minfo[0m] [progress_update] aws-us-east-1-aws-json-512-512-610: 2500/2500 tasks started.alibaba-us-east-1-alibaba-json-512-512-567: 2500/2500 tasks started.azure-germanywestcentral-azure-json-512-512-881: 2410/2500 tasks started.gcp-us-east1-gcp-json-512-512-885: 2500/2500 tasks started.
[2025-12-05T23:33:15Z] [[36minfo[0m] [progress_update] aws-us-east-1-aws-json-512-512-610: 2500/2500 tasks started.alibaba-us-east-1-alibaba-json-512-512-567: 2500/2500 tasks started.azure-germanywestcentral-azure-json-512-512-881: 2424/2500 tasks started.gcp-us-east1-gcp-json-512-512-885: 2500/2500 tasks started.
[2025-12-05T23:33:25Z] [[36minfo[0m] [progress_update] aws-us-east-1-aws-json-512-512-610: 2500/2500 tasks started.alibaba-us-east-1-alibaba-json-512-512-567: 2500/2500 tasks started.azure-germanywestcentral-azure-json-512-512-881: 2429/2500 tasks started.gcp-us-east1-gcp-json-512-512-885: 2500/2500 tasks started.
[2025-12-05T23:33:35Z] [[36minfo[0m] [progress_update] aws-us-east-1-aws-json-512-512-610: 2500/2500 tasks started.alibaba-us-east-1-alibaba-json-512-512-567: 2500/2500 tasks started.azure-germanywestcentral-azure-json-512-512-881: 2459/2500 tasks started.gcp-us-east1-gcp-json-512-512-885: 2500/2500 tasks started.
[2025-12-05T23:33:45Z] [[36minfo[0m] [progress_update] aws-us-east-1-aws-json-512-512-610: 2500/2500 tasks started.alibaba-us-east-1-alibaba-json-512-512-567: 2500/2500 tasks started.azure-germanywestcentral-azure-json-512-512-881: 2479/2500 tasks started.gcp-us-east1-gcp-json-512-512-885: 2500/2500 tasks started.
[2025-12-05T23:33:55Z] [[36minfo[0m] [progress_update] aws-us-east-1-aws-json-512-512-610: 2500/2500 tasks started.alibaba-us-east-1-alibaba-json-512-512-567: 2500/2500 tasks started.azure-germanywestcentral-azure-json-512-512-881: 2500/2500 tasks started.gcp-us-east1-gcp-json-512-512-885: 2500/2500 tasks started.
[2025-12-05T23:34:05Z] [[36minfo[0m] [progress_update] aws-us-east-1-aws-json-512-512-610: 2500/2500 tasks started.alibaba-us-east-1-alibaba-json-512-512-567: 2500/2500 tasks started.azure-germanywestcentral-azure-json-512-512-881: 2500/2500 tasks started.gcp-us-east1-gcp-json-512-512-885: 2500/2500 tasks started.
[2025-12-05T23:34:15Z] [[36minfo[0m] [progress_update] gcp-us-east1-gcp-json-512-512-885: 2500/2500 tasks started.aws-us-east-1-aws-json-512-512-610: 2500/2500 tasks started.alibaba-us-east-1-alibaba-json-512-512-567: 2500/2500 tasks started.azure-germanywestcentral-azure-json-512-512-881: 2500/2500 tasks started.
[2025-12-05T23:34:25Z] [[36minfo[0m] [progress_update] aws-us-east-1-aws-json-512-512-610: 2500/2500 tasks started.alibaba-us-east-1-alibaba-json-512-512-567: 2500/2500 tasks started.azure-germanywestcentral-azure-json-512-512-881: 2500/2500 tasks started.gcp-us-east1-gcp-json-512-512-885: 2500/2500 tasks started.
[2025-12-05T23:34:35Z] [[36minfo[0m] [progress_update] aws-us-east-1-aws-json-512-512-610: 2500/2500 tasks started.alibaba-us-east-1-alibaba-json-512-512-567: 2500/2500 tasks started.azure-germanywestcentral-azure-json-512-512-881: 2500/2500 tasks started.gcp-us-east1-gcp-json-512-512-885: 2500/2500 tasks started.
[2025-12-05T23:34:45Z] [[36minfo[0m] [progress_update] aws-us-east-1-aws-json-512-512-610: 2500/2500 tasks started.alibaba-us-east-1-alibaba-json-512-512-567: 2500/2500 tasks started.azure-germanywestcentral-azure-json-512-512-881: 2500/2500 tasks started.gcp-us-east1-gcp-json-512-512-885: 2500/2500 tasks started.
[2025-12-05T23:34:55Z] [[36minfo[0m] [progress_update] aws-us-east-1-aws-json-512-512-610: 2500/2500 tasks started.alibaba-us-east-1-alibaba-json-512-512-567: 2500/2500 tasks started.azure-germanywestcentral-azure-json-512-512-881: 2500/2500 tasks started.gcp-us-east1-gcp-json-512-512-885: 2500/2500 tasks started.
[2025-12-05T23:35:05Z] [[36minfo[0m] [progress_update] azure-germanywestcentral-azure-json-512-512-881: 2500/2500 tasks started.gcp-us-east1-gcp-json-512-512-885: 2500/2500 tasks started.aws-us-east-1-aws-json-512-512-610: 2500/2500 tasks started.alibaba-us-east-1-alibaba-json-512-512-567: 2500/2500 tasks started.
[2025-12-05T23:35:15Z] [[36minfo[0m] [progress_update] aws-us-east-1-aws-json-512-512-610: 2500/2500 tasks started.alibaba-us-east-1-alibaba-json-512-512-567: 2500/2500 tasks started.azure-germanywestcentral-azure-json-512-512-881: 2500/2500 tasks started.gcp-us-east1-gcp-json-512-512-885: 2500/2500 tasks started.
[2025-12-05T23:35:25Z] [[36minfo[0m] [progress_update] aws-us-east-1-aws-json-512-512-610: 2500/2500 tasks started.alibaba-us-east-1-alibaba-json-512-512-567: 2500/2500 tasks started.azure-germanywestcentral-azure-json-512-512-881: 2500/2500 tasks started.gcp-us-east1-gcp-json-512-512-885: 2500/2500 tasks started.
[2025-12-05T23:35:35Z] [[36minfo[0m] [progress_update] azure-germanywestcentral-azure-json-512-512-881: 2500/2500 tasks started.gcp-us-east1-gcp-json-512-512-885: 2500/2500 tasks started.aws-us-east-1-aws-json-512-512-610: 2500/2500 tasks started.alibaba-us-east-1-alibaba-json-512-512-567: 2500/2500 tasks started.
[2025-12-05T23:35:45Z] [[36minfo[0m] [progress_update] azure-germanywestcentral-azure-json-512-512-881: 2500/2500 tasks started.gcp-us-east1-gcp-json-512-512-885: 2500/2500 tasks started.aws-us-east-1-aws-json-512-512-610: 2500/2500 tasks started.alibaba-us-east-1-alibaba-json-512-512-567: 2500/2500 tasks started.
[2025-12-05T23:35:55Z] [[36minfo[0m] [progress_update] azure-germanywestcentral-azure-json-512-512-881: 2500/2500 tasks started.gcp-us-east1-gcp-json-512-512-885: 2500/2500 tasks started.aws-us-east-1-aws-json-512-512-610: 2500/2500 tasks started.alibaba-us-east-1-alibaba-json-512-512-567: 2500/2500 tasks started.
[2025-12-05T23:36:05Z] [[36minfo[0m] [progress_update] alibaba-us-east-1-alibaba-json-512-512-567: 2500/2500 tasks started.azure-germanywestcentral-azure-json-512-512-881: 2500/2500 tasks started.gcp-us-east1-gcp-json-512-512-885: 2500/2500 tasks started.aws-us-east-1-aws-json-512-512-610: 2500/2500 tasks started.
[2025-12-05T23:36:15Z] [[36minfo[0m] [progress_update] aws-us-east-1-aws-json-512-512-610: 2500/2500 tasks started.alibaba-us-east-1-alibaba-json-512-512-567: 2500/2500 tasks started.azure-germanywestcentral-azure-json-512-512-881: 2500/2500 tasks started.gcp-us-east1-gcp-json-512-512-885: 2500/2500 tasks started.
[2025-12-05T23:36:25Z] [[36minfo[0m] [progress_update] aws-us-east-1-aws-json-512-512-610: 2500/2500 tasks started.alibaba-us-east-1-alibaba-json-512-512-567: 2500/2500 tasks started.azure-germanywestcentral-azure-json-512-512-881: 2500/2500 tasks started.gcp-us-east1-gcp-json-512-512-885: 2500/2500 tasks started.
[2025-12-05T23:36:35Z] [[36minfo[0m] [progress_update] aws-us-east-1-aws-json-512-512-610: 2500/2500 tasks started.alibaba-us-east-1-alibaba-json-512-512-567: 2500/2500 tasks started.azure-germanywestcentral-azure-json-512-512-881: 2500/2500 tasks started.gcp-us-east1-gcp-json-512-512-885: 2500/2500 tasks started.
[2025-12-05T23:36:38Z] [[31merror[0m] [task_execution] Error executing task alibaba-json-512: task alibaba-json-512 failed after 7 retries: <nil>
[2025-12-05T23:36:43Z] [[36minfo[0m] [function_finished] Finished benchmarking function alibaba-json-512 and closed archiver
[2025-12-05T23:36:45Z] [[36minfo[0m] [progress_update] aws-us-east-1-aws-json-512-512-610: 2500/2500 tasks started.alibaba-us-east-1-alibaba-json-512-512-567: 2500/2500 tasks started.azure-germanywestcentral-azure-json-512-512-881: 2500/2500 tasks started.gcp-us-east1-gcp-json-512-512-885: 2500/2500 tasks started.
[2025-12-05T23:36:55Z] [[36minfo[0m] [progress_update] alibaba-us-east-1-alibaba-json-512-512-567: 2500/2500 tasks started.azure-germanywestcentral-azure-json-512-512-881: 2500/2500 tasks started.gcp-us-east1-gcp-json-512-512-885: 2500/2500 tasks started.aws-us-east-1-aws-json-512-512-610: 2500/2500 tasks started.
[2025-12-05T23:37:05Z] [[36minfo[0m] [progress_update] aws-us-east-1-aws-json-512-512-610: 2500/2500 tasks started.alibaba-us-east-1-alibaba-json-512-512-567: 2500/2500 tasks started.azure-germanywestcentral-azure-json-512-512-881: 2500/2500 tasks started.gcp-us-east1-gcp-json-512-512-885: 2500/2500 tasks started.
[2025-12-05T23:37:15Z] [[36minfo[0m] [progress_update] aws-us-east-1-aws-json-512-512-610: 2500/2500 tasks started.alibaba-us-east-1-alibaba-json-512-512-567: 2500/2500 tasks started.azure-germanywestcentral-azure-json-512-512-881: 2500/2500 tasks started.gcp-us-east1-gcp-json-512-512-885: 2500/2500 tasks started.
[2025-12-05T23:37:17Z] [[31merror[0m] [task_execution] Error executing task azure-json-512: task azure-json-512 failed after 7 retries: <nil>
[2025-12-05T23:37:17Z] [[31merror[0m] [task_execution] Error executing task azure-json-512: task azure-json-512 failed after 7 retries: <nil>
[2025-12-05T23:37:22Z] [[36minfo[0m] [function_finished] Finished benchmarking function azure-json-512 and closed archiver
[2025-12-05T23:37:24Z] [[36minfo[0m] [finish_timeline] Benchmark Timeline
[Fri Dec  5 23:37:24 UTC 2025] Finished benchmark 'json' successfully
[Fri Dec  5 23:37:24 UTC 2025] Sleeping 600 seconds before next workload...
