[Wed Dec  3 23:00:01 UTC 2025] Starting benchmark 'gzip' with config './configs/gzip.yaml'
Validating functions...
[2025-12-03T23:00:01Z] [[36minfo[0m] [executor_setup] Setting up executor for aws-us-east-1-aws-gzip-512-512-49
[2025-12-03T23:00:01Z] [[36minfo[0m] [executor_setup] Setting up executor for alibaba-us-east-1-alibaba-gzip-512-512-8
[2025-12-03T23:00:01Z] [[36minfo[0m] [executor_setup] Setting up executor for azure-germanywestcentral-azure-gzip-512-512-293
[2025-12-03T23:00:01Z] [[0mwarning[0m] [[32mazure_limitations[0m] Azure can´t handle more than 300 parallel requests. Limiting to 300.
[2025-12-03T23:00:01Z] [[36minfo[0m] [executor_setup] Setting up executor for gcp-us-east1-gcp-gzip-512-512-700
[2025-12-03T23:00:01Z] [[36minfo[0m] [start_timeline] Benchmark Timeline
[2025-12-03T23:00:01Z] [[36minfo[0m] [load_generator_start] (alibaba: us-east-1) Starting load generator with 500 workers
[2025-12-03T23:00:01Z] [[36minfo[0m] [load_generator_start] (azure: germanywestcentral) Starting load generator with 300 workers
[2025-12-03T23:00:01Z] [[36minfo[0m] [load_generator_start] (gcp: us-east1) Starting load generator with 300 workers
[2025-12-03T23:00:01Z] [[36minfo[0m] [load_generator_start] (aws: us-east-1) Starting load generator with 500 workers
[2025-12-03T23:00:11Z] [[36minfo[0m] [progress_update] aws-us-east-1-aws-gzip-512-512-49: 1881/2500 tasks started.alibaba-us-east-1-alibaba-gzip-512-512-8: 1942/2500 tasks started.azure-germanywestcentral-azure-gzip-512-512-293: 646/2500 tasks started.gcp-us-east1-gcp-gzip-512-512-700: 1148/2500 tasks started.
[2025-12-03T23:00:21Z] [[36minfo[0m] [progress_update] alibaba-us-east-1-alibaba-gzip-512-512-8: 2500/2500 tasks started.azure-germanywestcentral-azure-gzip-512-512-293: 710/2500 tasks started.gcp-us-east1-gcp-gzip-512-512-700: 2177/2500 tasks started.aws-us-east-1-aws-gzip-512-512-49: 2500/2500 tasks started.
[2025-12-03T23:00:30Z] [[36minfo[0m] [function_finished] Finished benchmarking function aws-gzip-512 and closed archiver
[2025-12-03T23:00:31Z] [[36minfo[0m] [progress_update] aws-us-east-1-aws-gzip-512-512-49: 2500/2500 tasks started.alibaba-us-east-1-alibaba-gzip-512-512-8: 2500/2500 tasks started.azure-germanywestcentral-azure-gzip-512-512-293: 1358/2500 tasks started.gcp-us-east1-gcp-gzip-512-512-700: 2500/2500 tasks started.
[2025-12-03T23:00:37Z] [[36minfo[0m] [function_finished] Finished benchmarking function gcp-gzip-512 and closed archiver
[2025-12-03T23:00:41Z] [[36minfo[0m] [progress_update] gcp-us-east1-gcp-gzip-512-512-700: 2500/2500 tasks started.aws-us-east-1-aws-gzip-512-512-49: 2500/2500 tasks started.alibaba-us-east-1-alibaba-gzip-512-512-8: 2500/2500 tasks started.azure-germanywestcentral-azure-gzip-512-512-293: 1686/2500 tasks started.
[2025-12-03T23:00:51Z] [[36minfo[0m] [progress_update] aws-us-east-1-aws-gzip-512-512-49: 2500/2500 tasks started.alibaba-us-east-1-alibaba-gzip-512-512-8: 2500/2500 tasks started.azure-germanywestcentral-azure-gzip-512-512-293: 1887/2500 tasks started.gcp-us-east1-gcp-gzip-512-512-700: 2500/2500 tasks started.
[2025-12-03T23:01:01Z] [[36minfo[0m] [progress_update] azure-germanywestcentral-azure-gzip-512-512-293: 1889/2500 tasks started.gcp-us-east1-gcp-gzip-512-512-700: 2500/2500 tasks started.aws-us-east-1-aws-gzip-512-512-49: 2500/2500 tasks started.alibaba-us-east-1-alibaba-gzip-512-512-8: 2500/2500 tasks started.
[2025-12-03T23:01:11Z] [[36minfo[0m] [progress_update] aws-us-east-1-aws-gzip-512-512-49: 2500/2500 tasks started.alibaba-us-east-1-alibaba-gzip-512-512-8: 2500/2500 tasks started.azure-germanywestcentral-azure-gzip-512-512-293: 1993/2500 tasks started.gcp-us-east1-gcp-gzip-512-512-700: 2500/2500 tasks started.
[2025-12-03T23:01:21Z] [[36minfo[0m] [progress_update] alibaba-us-east-1-alibaba-gzip-512-512-8: 2500/2500 tasks started.azure-germanywestcentral-azure-gzip-512-512-293: 2089/2500 tasks started.gcp-us-east1-gcp-gzip-512-512-700: 2500/2500 tasks started.aws-us-east-1-aws-gzip-512-512-49: 2500/2500 tasks started.
[2025-12-03T23:01:31Z] [[36minfo[0m] [progress_update] azure-germanywestcentral-azure-gzip-512-512-293: 2152/2500 tasks started.gcp-us-east1-gcp-gzip-512-512-700: 2500/2500 tasks started.aws-us-east-1-aws-gzip-512-512-49: 2500/2500 tasks started.alibaba-us-east-1-alibaba-gzip-512-512-8: 2500/2500 tasks started.
[2025-12-03T23:01:41Z] [[36minfo[0m] [progress_update] gcp-us-east1-gcp-gzip-512-512-700: 2500/2500 tasks started.aws-us-east-1-aws-gzip-512-512-49: 2500/2500 tasks started.alibaba-us-east-1-alibaba-gzip-512-512-8: 2500/2500 tasks started.azure-germanywestcentral-azure-gzip-512-512-293: 2183/2500 tasks started.
[2025-12-03T23:01:51Z] [[36minfo[0m] [progress_update] alibaba-us-east-1-alibaba-gzip-512-512-8: 2500/2500 tasks started.azure-germanywestcentral-azure-gzip-512-512-293: 2243/2500 tasks started.gcp-us-east1-gcp-gzip-512-512-700: 2500/2500 tasks started.aws-us-east-1-aws-gzip-512-512-49: 2500/2500 tasks started.
[2025-12-03T23:02:01Z] [[36minfo[0m] [progress_update] aws-us-east-1-aws-gzip-512-512-49: 2500/2500 tasks started.alibaba-us-east-1-alibaba-gzip-512-512-8: 2500/2500 tasks started.azure-germanywestcentral-azure-gzip-512-512-293: 2500/2500 tasks started.gcp-us-east1-gcp-gzip-512-512-700: 2500/2500 tasks started.
[2025-12-03T23:02:11Z] [[36minfo[0m] [progress_update] aws-us-east-1-aws-gzip-512-512-49: 2500/2500 tasks started.alibaba-us-east-1-alibaba-gzip-512-512-8: 2500/2500 tasks started.azure-germanywestcentral-azure-gzip-512-512-293: 2500/2500 tasks started.gcp-us-east1-gcp-gzip-512-512-700: 2500/2500 tasks started.
[2025-12-03T23:02:21Z] [[36minfo[0m] [progress_update] aws-us-east-1-aws-gzip-512-512-49: 2500/2500 tasks started.alibaba-us-east-1-alibaba-gzip-512-512-8: 2500/2500 tasks started.azure-germanywestcentral-azure-gzip-512-512-293: 2500/2500 tasks started.gcp-us-east1-gcp-gzip-512-512-700: 2500/2500 tasks started.
[2025-12-03T23:02:30Z] [[36minfo[0m] [function_finished] Finished benchmarking function alibaba-gzip-512 and closed archiver
[2025-12-03T23:02:31Z] [[36minfo[0m] [progress_update] aws-us-east-1-aws-gzip-512-512-49: 2500/2500 tasks started.alibaba-us-east-1-alibaba-gzip-512-512-8: 2500/2500 tasks started.azure-germanywestcentral-azure-gzip-512-512-293: 2500/2500 tasks started.gcp-us-east1-gcp-gzip-512-512-700: 2500/2500 tasks started.
[2025-12-03T23:02:41Z] [[36minfo[0m] [progress_update] aws-us-east-1-aws-gzip-512-512-49: 2500/2500 tasks started.alibaba-us-east-1-alibaba-gzip-512-512-8: 2500/2500 tasks started.azure-germanywestcentral-azure-gzip-512-512-293: 2500/2500 tasks started.gcp-us-east1-gcp-gzip-512-512-700: 2500/2500 tasks started.
[2025-12-03T23:02:51Z] [[36minfo[0m] [progress_update] aws-us-east-1-aws-gzip-512-512-49: 2500/2500 tasks started.alibaba-us-east-1-alibaba-gzip-512-512-8: 2500/2500 tasks started.azure-germanywestcentral-azure-gzip-512-512-293: 2500/2500 tasks started.gcp-us-east1-gcp-gzip-512-512-700: 2500/2500 tasks started.
[2025-12-03T23:03:01Z] [[36minfo[0m] [progress_update] aws-us-east-1-aws-gzip-512-512-49: 2500/2500 tasks started.alibaba-us-east-1-alibaba-gzip-512-512-8: 2500/2500 tasks started.azure-germanywestcentral-azure-gzip-512-512-293: 2500/2500 tasks started.gcp-us-east1-gcp-gzip-512-512-700: 2500/2500 tasks started.
[2025-12-03T23:03:11Z] [[36minfo[0m] [progress_update] alibaba-us-east-1-alibaba-gzip-512-512-8: 2500/2500 tasks started.azure-germanywestcentral-azure-gzip-512-512-293: 2500/2500 tasks started.gcp-us-east1-gcp-gzip-512-512-700: 2500/2500 tasks started.aws-us-east-1-aws-gzip-512-512-49: 2500/2500 tasks started.
[2025-12-03T23:03:21Z] [[36minfo[0m] [progress_update] azure-germanywestcentral-azure-gzip-512-512-293: 2500/2500 tasks started.gcp-us-east1-gcp-gzip-512-512-700: 2500/2500 tasks started.aws-us-east-1-aws-gzip-512-512-49: 2500/2500 tasks started.alibaba-us-east-1-alibaba-gzip-512-512-8: 2500/2500 tasks started.
[2025-12-03T23:03:31Z] [[36minfo[0m] [progress_update] aws-us-east-1-aws-gzip-512-512-49: 2500/2500 tasks started.alibaba-us-east-1-alibaba-gzip-512-512-8: 2500/2500 tasks started.azure-germanywestcentral-azure-gzip-512-512-293: 2500/2500 tasks started.gcp-us-east1-gcp-gzip-512-512-700: 2500/2500 tasks started.
[2025-12-03T23:03:41Z] [[36minfo[0m] [progress_update] aws-us-east-1-aws-gzip-512-512-49: 2500/2500 tasks started.alibaba-us-east-1-alibaba-gzip-512-512-8: 2500/2500 tasks started.azure-germanywestcentral-azure-gzip-512-512-293: 2500/2500 tasks started.gcp-us-east1-gcp-gzip-512-512-700: 2500/2500 tasks started.
[2025-12-03T23:03:51Z] [[36minfo[0m] [progress_update] aws-us-east-1-aws-gzip-512-512-49: 2500/2500 tasks started.alibaba-us-east-1-alibaba-gzip-512-512-8: 2500/2500 tasks started.azure-germanywestcentral-azure-gzip-512-512-293: 2500/2500 tasks started.gcp-us-east1-gcp-gzip-512-512-700: 2500/2500 tasks started.
[2025-12-03T23:04:01Z] [[36minfo[0m] [progress_update] aws-us-east-1-aws-gzip-512-512-49: 2500/2500 tasks started.alibaba-us-east-1-alibaba-gzip-512-512-8: 2500/2500 tasks started.azure-germanywestcentral-azure-gzip-512-512-293: 2500/2500 tasks started.gcp-us-east1-gcp-gzip-512-512-700: 2500/2500 tasks started.
[2025-12-03T23:04:11Z] [[36minfo[0m] [progress_update] aws-us-east-1-aws-gzip-512-512-49: 2500/2500 tasks started.alibaba-us-east-1-alibaba-gzip-512-512-8: 2500/2500 tasks started.azure-germanywestcentral-azure-gzip-512-512-293: 2500/2500 tasks started.gcp-us-east1-gcp-gzip-512-512-700: 2500/2500 tasks started.
[2025-12-03T23:04:21Z] [[36minfo[0m] [progress_update] azure-germanywestcentral-azure-gzip-512-512-293: 2500/2500 tasks started.gcp-us-east1-gcp-gzip-512-512-700: 2500/2500 tasks started.aws-us-east-1-aws-gzip-512-512-49: 2500/2500 tasks started.alibaba-us-east-1-alibaba-gzip-512-512-8: 2500/2500 tasks started.
[2025-12-03T23:04:31Z] [[36minfo[0m] [progress_update] alibaba-us-east-1-alibaba-gzip-512-512-8: 2500/2500 tasks started.azure-germanywestcentral-azure-gzip-512-512-293: 2500/2500 tasks started.gcp-us-east1-gcp-gzip-512-512-700: 2500/2500 tasks started.aws-us-east-1-aws-gzip-512-512-49: 2500/2500 tasks started.
[2025-12-03T23:04:38Z] [[31merror[0m] [task_execution] Error executing task azure-gzip-512: task azure-gzip-512 failed after 7 retries: <nil>
[2025-12-03T23:04:38Z] [[31merror[0m] [task_execution] Error executing task azure-gzip-512: task azure-gzip-512 failed after 7 retries: <nil>
[2025-12-03T23:04:38Z] [[31merror[0m] [task_execution] Error executing task azure-gzip-512: task azure-gzip-512 failed after 7 retries: <nil>
[2025-12-03T23:04:38Z] [[31merror[0m] [task_execution] Error executing task azure-gzip-512: task azure-gzip-512 failed after 7 retries: <nil>
[2025-12-03T23:04:39Z] [[31merror[0m] [task_execution] Error executing task azure-gzip-512: task azure-gzip-512 failed after 7 retries: <nil>
[2025-12-03T23:04:39Z] [[31merror[0m] [task_execution] Error executing task azure-gzip-512: task azure-gzip-512 failed after 7 retries: <nil>
[2025-12-03T23:04:39Z] [[31merror[0m] [task_execution] Error executing task azure-gzip-512: task azure-gzip-512 failed after 7 retries: <nil>
[2025-12-03T23:04:39Z] [[31merror[0m] [task_execution] Error executing task azure-gzip-512: task azure-gzip-512 failed after 7 retries: <nil>
[2025-12-03T23:04:39Z] [[31merror[0m] [task_execution] Error executing task azure-gzip-512: task azure-gzip-512 failed after 7 retries: <nil>
[2025-12-03T23:04:39Z] [[31merror[0m] [task_execution] Error executing task azure-gzip-512: task azure-gzip-512 failed after 7 retries: <nil>
[2025-12-03T23:04:39Z] [[31merror[0m] [task_execution] Error executing task azure-gzip-512: task azure-gzip-512 failed after 7 retries: <nil>
[2025-12-03T23:04:39Z] [[31merror[0m] [task_execution] Error executing task azure-gzip-512: task azure-gzip-512 failed after 7 retries: <nil>
[2025-12-03T23:04:39Z] [[31merror[0m] [task_execution] Error executing task azure-gzip-512: task azure-gzip-512 failed after 7 retries: <nil>
[2025-12-03T23:04:39Z] [[31merror[0m] [task_execution] Error executing task azure-gzip-512: task azure-gzip-512 failed after 7 retries: <nil>
[2025-12-03T23:04:39Z] [[31merror[0m] [task_execution] Error executing task azure-gzip-512: task azure-gzip-512 failed after 7 retries: <nil>
[2025-12-03T23:04:39Z] [[31merror[0m] [task_execution] Error executing task azure-gzip-512: task azure-gzip-512 failed after 7 retries: <nil>
[2025-12-03T23:04:39Z] [[31merror[0m] [task_execution] Error executing task azure-gzip-512: task azure-gzip-512 failed after 7 retries: <nil>
[2025-12-03T23:04:39Z] [[31merror[0m] [task_execution] Error executing task azure-gzip-512: task azure-gzip-512 failed after 7 retries: <nil>
[2025-12-03T23:04:39Z] [[31merror[0m] [task_execution] Error executing task azure-gzip-512: task azure-gzip-512 failed after 7 retries: <nil>
[2025-12-03T23:04:39Z] [[31merror[0m] [task_execution] Error executing task azure-gzip-512: task azure-gzip-512 failed after 7 retries: <nil>
[2025-12-03T23:04:39Z] [[31merror[0m] [task_execution] Error executing task azure-gzip-512: task azure-gzip-512 failed after 7 retries: <nil>
[2025-12-03T23:04:39Z] [[31merror[0m] [task_execution] Error executing task azure-gzip-512: task azure-gzip-512 failed after 7 retries: <nil>
[2025-12-03T23:04:39Z] [[31merror[0m] [task_execution] Error executing task azure-gzip-512: task azure-gzip-512 failed after 7 retries: <nil>
[2025-12-03T23:04:39Z] [[31merror[0m] [task_execution] Error executing task azure-gzip-512: task azure-gzip-512 failed after 7 retries: <nil>
[2025-12-03T23:04:39Z] [[31merror[0m] [task_execution] Error executing task azure-gzip-512: task azure-gzip-512 failed after 7 retries: <nil>
[2025-12-03T23:04:39Z] [[31merror[0m] [task_execution] Error executing task azure-gzip-512: task azure-gzip-512 failed after 7 retries: <nil>
[2025-12-03T23:04:39Z] [[31merror[0m] [task_execution] Error executing task azure-gzip-512: task azure-gzip-512 failed after 7 retries: <nil>
[2025-12-03T23:04:39Z] [[31merror[0m] [task_execution] Error executing task azure-gzip-512: task azure-gzip-512 failed after 7 retries: <nil>
[2025-12-03T23:04:39Z] [[31merror[0m] [task_execution] Error executing task azure-gzip-512: task azure-gzip-512 failed after 7 retries: <nil>
[2025-12-03T23:04:39Z] [[31merror[0m] [task_execution] Error executing task azure-gzip-512: task azure-gzip-512 failed after 7 retries: <nil>
[2025-12-03T23:04:39Z] [[31merror[0m] [task_execution] Error executing task azure-gzip-512: task azure-gzip-512 failed after 7 retries: <nil>
[2025-12-03T23:04:39Z] [[31merror[0m] [task_execution] Error executing task azure-gzip-512: task azure-gzip-512 failed after 7 retries: <nil>
[2025-12-03T23:04:39Z] [[31merror[0m] [task_execution] Error executing task azure-gzip-512: task azure-gzip-512 failed after 7 retries: <nil>
[2025-12-03T23:04:39Z] [[31merror[0m] [task_execution] Error executing task azure-gzip-512: task azure-gzip-512 failed after 7 retries: <nil>
[2025-12-03T23:04:39Z] [[31merror[0m] [task_execution] Error executing task azure-gzip-512: task azure-gzip-512 failed after 7 retries: <nil>
[2025-12-03T23:04:39Z] [[31merror[0m] [task_execution] Error executing task azure-gzip-512: task azure-gzip-512 failed after 7 retries: <nil>
[2025-12-03T23:04:39Z] [[31merror[0m] [task_execution] Error executing task azure-gzip-512: task azure-gzip-512 failed after 7 retries: <nil>
[2025-12-03T23:04:39Z] [[31merror[0m] [task_execution] Error executing task azure-gzip-512: task azure-gzip-512 failed after 7 retries: <nil>
[2025-12-03T23:04:39Z] [[31merror[0m] [task_execution] Error executing task azure-gzip-512: task azure-gzip-512 failed after 7 retries: <nil>
[2025-12-03T23:04:39Z] [[31merror[0m] [task_execution] Error executing task azure-gzip-512: task azure-gzip-512 failed after 7 retries: <nil>
[2025-12-03T23:04:39Z] [[31merror[0m] [task_execution] Error executing task azure-gzip-512: task azure-gzip-512 failed after 7 retries: <nil>
[2025-12-03T23:04:39Z] [[31merror[0m] [task_execution] Error executing task azure-gzip-512: task azure-gzip-512 failed after 7 retries: <nil>
[2025-12-03T23:04:39Z] [[31merror[0m] [task_execution] Error executing task azure-gzip-512: task azure-gzip-512 failed after 7 retries: <nil>
[2025-12-03T23:04:39Z] [[31merror[0m] [task_execution] Error executing task azure-gzip-512: task azure-gzip-512 failed after 7 retries: <nil>
[2025-12-03T23:04:39Z] [[31merror[0m] [task_execution] Error executing task azure-gzip-512: task azure-gzip-512 failed after 7 retries: <nil>
[2025-12-03T23:04:39Z] [[31merror[0m] [task_execution] Error executing task azure-gzip-512: task azure-gzip-512 failed after 7 retries: <nil>
[2025-12-03T23:04:39Z] [[31merror[0m] [task_execution] Error executing task azure-gzip-512: task azure-gzip-512 failed after 7 retries: <nil>
[2025-12-03T23:04:39Z] [[31merror[0m] [task_execution] Error executing task azure-gzip-512: task azure-gzip-512 failed after 7 retries: <nil>
[2025-12-03T23:04:39Z] [[31merror[0m] [task_execution] Error executing task azure-gzip-512: task azure-gzip-512 failed after 7 retries: <nil>
[2025-12-03T23:04:39Z] [[31merror[0m] [task_execution] Error executing task azure-gzip-512: task azure-gzip-512 failed after 7 retries: <nil>
[2025-12-03T23:04:39Z] [[31merror[0m] [task_execution] Error executing task azure-gzip-512: task azure-gzip-512 failed after 7 retries: <nil>
[2025-12-03T23:04:39Z] [[31merror[0m] [task_execution] Error executing task azure-gzip-512: task azure-gzip-512 failed after 7 retries: <nil>
[2025-12-03T23:04:39Z] [[31merror[0m] [task_execution] Error executing task azure-gzip-512: task azure-gzip-512 failed after 7 retries: <nil>
[2025-12-03T23:04:39Z] [[31merror[0m] [task_execution] Error executing task azure-gzip-512: task azure-gzip-512 failed after 7 retries: <nil>
[2025-12-03T23:04:39Z] [[31merror[0m] [task_execution] Error executing task azure-gzip-512: task azure-gzip-512 failed after 7 retries: <nil>
[2025-12-03T23:04:39Z] [[31merror[0m] [task_execution] Error executing task azure-gzip-512: task azure-gzip-512 failed after 7 retries: <nil>
[2025-12-03T23:04:39Z] [[31merror[0m] [task_execution] Error executing task azure-gzip-512: task azure-gzip-512 failed after 7 retries: <nil>
[2025-12-03T23:04:39Z] [[31merror[0m] [task_execution] Error executing task azure-gzip-512: task azure-gzip-512 failed after 7 retries: <nil>
[2025-12-03T23:04:39Z] [[31merror[0m] [task_execution] Error executing task azure-gzip-512: task azure-gzip-512 failed after 7 retries: <nil>
[2025-12-03T23:04:39Z] [[31merror[0m] [task_execution] Error executing task azure-gzip-512: task azure-gzip-512 failed after 7 retries: <nil>
[2025-12-03T23:04:39Z] [[31merror[0m] [task_execution] Error executing task azure-gzip-512: task azure-gzip-512 failed after 7 retries: <nil>
[2025-12-03T23:04:39Z] [[31merror[0m] [task_execution] Error executing task azure-gzip-512: task azure-gzip-512 failed after 7 retries: <nil>
[2025-12-03T23:04:39Z] [[31merror[0m] [task_execution] Error executing task azure-gzip-512: task azure-gzip-512 failed after 7 retries: <nil>
[2025-12-03T23:04:39Z] [[31merror[0m] [task_execution] Error executing task azure-gzip-512: task azure-gzip-512 failed after 7 retries: <nil>
[2025-12-03T23:04:39Z] [[31merror[0m] [task_execution] Error executing task azure-gzip-512: task azure-gzip-512 failed after 7 retries: <nil>
[2025-12-03T23:04:39Z] [[31merror[0m] [task_execution] Error executing task azure-gzip-512: task azure-gzip-512 failed after 7 retries: <nil>
[2025-12-03T23:04:39Z] [[31merror[0m] [task_execution] Error executing task azure-gzip-512: task azure-gzip-512 failed after 7 retries: <nil>
[2025-12-03T23:04:39Z] [[31merror[0m] [task_execution] Error executing task azure-gzip-512: task azure-gzip-512 failed after 7 retries: <nil>
[2025-12-03T23:04:39Z] [[31merror[0m] [task_execution] Error executing task azure-gzip-512: task azure-gzip-512 failed after 7 retries: <nil>
[2025-12-03T23:04:40Z] [[31merror[0m] [task_execution] Error executing task azure-gzip-512: task azure-gzip-512 failed after 7 retries: <nil>
[2025-12-03T23:04:40Z] [[31merror[0m] [task_execution] Error executing task azure-gzip-512: task azure-gzip-512 failed after 7 retries: <nil>
[2025-12-03T23:04:40Z] [[31merror[0m] [task_execution] Error executing task azure-gzip-512: task azure-gzip-512 failed after 7 retries: <nil>
[2025-12-03T23:04:40Z] [[31merror[0m] [task_execution] Error executing task azure-gzip-512: task azure-gzip-512 failed after 7 retries: <nil>
[2025-12-03T23:04:40Z] [[31merror[0m] [task_execution] Error executing task azure-gzip-512: task azure-gzip-512 failed after 7 retries: <nil>
[2025-12-03T23:04:40Z] [[31merror[0m] [task_execution] Error executing task azure-gzip-512: task azure-gzip-512 failed after 7 retries: <nil>
[2025-12-03T23:04:40Z] [[31merror[0m] [task_execution] Error executing task azure-gzip-512: task azure-gzip-512 failed after 7 retries: <nil>
[2025-12-03T23:04:40Z] [[31merror[0m] [task_execution] Error executing task azure-gzip-512: task azure-gzip-512 failed after 7 retries: <nil>
[2025-12-03T23:04:40Z] [[31merror[0m] [task_execution] Error executing task azure-gzip-512: task azure-gzip-512 failed after 7 retries: <nil>
[2025-12-03T23:04:40Z] [[31merror[0m] [task_execution] Error executing task azure-gzip-512: task azure-gzip-512 failed after 7 retries: <nil>
[2025-12-03T23:04:40Z] [[31merror[0m] [task_execution] Error executing task azure-gzip-512: task azure-gzip-512 failed after 7 retries: <nil>
[2025-12-03T23:04:40Z] [[31merror[0m] [task_execution] Error executing task azure-gzip-512: task azure-gzip-512 failed after 7 retries: <nil>
[2025-12-03T23:04:40Z] [[31merror[0m] [task_execution] Error executing task azure-gzip-512: task azure-gzip-512 failed after 7 retries: <nil>
[2025-12-03T23:04:40Z] [[31merror[0m] [task_execution] Error executing task azure-gzip-512: task azure-gzip-512 failed after 7 retries: <nil>
[2025-12-03T23:04:40Z] [[31merror[0m] [task_execution] Error executing task azure-gzip-512: task azure-gzip-512 failed after 7 retries: <nil>
[2025-12-03T23:04:40Z] [[31merror[0m] [task_execution] Error executing task azure-gzip-512: task azure-gzip-512 failed after 7 retries: <nil>
[2025-12-03T23:04:40Z] [[31merror[0m] [task_execution] Error executing task azure-gzip-512: task azure-gzip-512 failed after 7 retries: <nil>
[2025-12-03T23:04:41Z] [[31merror[0m] [task_execution] Error executing task azure-gzip-512: task azure-gzip-512 failed after 7 retries: <nil>
[2025-12-03T23:04:41Z] [[36minfo[0m] [progress_update] azure-germanywestcentral-azure-gzip-512-512-293: 2500/2500 tasks started.gcp-us-east1-gcp-gzip-512-512-700: 2500/2500 tasks started.aws-us-east-1-aws-gzip-512-512-49: 2500/2500 tasks started.alibaba-us-east-1-alibaba-gzip-512-512-8: 2500/2500 tasks started.
[2025-12-03T23:04:42Z] [[31merror[0m] [task_execution] Error executing task azure-gzip-512: task azure-gzip-512 failed after 7 retries: <nil>
[2025-12-03T23:04:43Z] [[31merror[0m] [task_execution] Error executing task azure-gzip-512: task azure-gzip-512 failed after 7 retries: <nil>
[2025-12-03T23:04:49Z] [[31merror[0m] [task_execution] Error executing task azure-gzip-512: task azure-gzip-512 failed after 7 retries: <nil>
[2025-12-03T23:04:49Z] [[31merror[0m] [task_execution] Error executing task azure-gzip-512: task azure-gzip-512 failed after 7 retries: <nil>
[2025-12-03T23:04:50Z] [[31merror[0m] [task_execution] Error executing task azure-gzip-512: task azure-gzip-512 failed after 7 retries: <nil>
[2025-12-03T23:04:51Z] [[36minfo[0m] [progress_update] aws-us-east-1-aws-gzip-512-512-49: 2500/2500 tasks started.alibaba-us-east-1-alibaba-gzip-512-512-8: 2500/2500 tasks started.azure-germanywestcentral-azure-gzip-512-512-293: 2500/2500 tasks started.gcp-us-east1-gcp-gzip-512-512-700: 2500/2500 tasks started.
[2025-12-03T23:04:58Z] [[31merror[0m] [task_execution] Error executing task azure-gzip-512: task azure-gzip-512 failed after 7 retries: <nil>
[2025-12-03T23:04:58Z] [[31merror[0m] [task_execution] Error executing task azure-gzip-512: task azure-gzip-512 failed after 7 retries: <nil>
[2025-12-03T23:04:58Z] [[31merror[0m] [task_execution] Error executing task azure-gzip-512: task azure-gzip-512 failed after 7 retries: <nil>
[2025-12-03T23:04:58Z] [[31merror[0m] [task_execution] Error executing task azure-gzip-512: task azure-gzip-512 failed after 7 retries: <nil>
[2025-12-03T23:04:58Z] [[31merror[0m] [task_execution] Error executing task azure-gzip-512: task azure-gzip-512 failed after 7 retries: <nil>
[2025-12-03T23:04:58Z] [[31merror[0m] [task_execution] Error executing task azure-gzip-512: task azure-gzip-512 failed after 7 retries: <nil>
[2025-12-03T23:04:58Z] [[31merror[0m] [task_execution] Error executing task azure-gzip-512: task azure-gzip-512 failed after 7 retries: <nil>
[2025-12-03T23:04:58Z] [[31merror[0m] [task_execution] Error executing task azure-gzip-512: task azure-gzip-512 failed after 7 retries: <nil>
[2025-12-03T23:04:58Z] [[31merror[0m] [task_execution] Error executing task azure-gzip-512: task azure-gzip-512 failed after 7 retries: <nil>
[2025-12-03T23:04:59Z] [[31merror[0m] [task_execution] Error executing task azure-gzip-512: task azure-gzip-512 failed after 7 retries: <nil>
[2025-12-03T23:04:59Z] [[31merror[0m] [task_execution] Error executing task azure-gzip-512: task azure-gzip-512 failed after 7 retries: <nil>
[2025-12-03T23:05:01Z] [[36minfo[0m] [progress_update] alibaba-us-east-1-alibaba-gzip-512-512-8: 2500/2500 tasks started.azure-germanywestcentral-azure-gzip-512-512-293: 2500/2500 tasks started.gcp-us-east1-gcp-gzip-512-512-700: 2500/2500 tasks started.aws-us-east-1-aws-gzip-512-512-49: 2500/2500 tasks started.
[2025-12-03T23:05:11Z] [[36minfo[0m] [progress_update] aws-us-east-1-aws-gzip-512-512-49: 2500/2500 tasks started.alibaba-us-east-1-alibaba-gzip-512-512-8: 2500/2500 tasks started.azure-germanywestcentral-azure-gzip-512-512-293: 2500/2500 tasks started.gcp-us-east1-gcp-gzip-512-512-700: 2500/2500 tasks started.
[2025-12-03T23:05:21Z] [[36minfo[0m] [progress_update] aws-us-east-1-aws-gzip-512-512-49: 2500/2500 tasks started.alibaba-us-east-1-alibaba-gzip-512-512-8: 2500/2500 tasks started.azure-germanywestcentral-azure-gzip-512-512-293: 2500/2500 tasks started.gcp-us-east1-gcp-gzip-512-512-700: 2500/2500 tasks started.
[2025-12-03T23:05:28Z] [[31merror[0m] [task_execution] Error executing task azure-gzip-512: task azure-gzip-512 failed after 7 retries: <nil>
[2025-12-03T23:05:31Z] [[36minfo[0m] [progress_update] aws-us-east-1-aws-gzip-512-512-49: 2500/2500 tasks started.alibaba-us-east-1-alibaba-gzip-512-512-8: 2500/2500 tasks started.azure-germanywestcentral-azure-gzip-512-512-293: 2500/2500 tasks started.gcp-us-east1-gcp-gzip-512-512-700: 2500/2500 tasks started.
[2025-12-03T23:05:37Z] [[31merror[0m] [task_execution] Error executing task azure-gzip-512: task azure-gzip-512 failed after 7 retries: <nil>
[2025-12-03T23:05:41Z] [[36minfo[0m] [progress_update] aws-us-east-1-aws-gzip-512-512-49: 2500/2500 tasks started.alibaba-us-east-1-alibaba-gzip-512-512-8: 2500/2500 tasks started.azure-germanywestcentral-azure-gzip-512-512-293: 2500/2500 tasks started.gcp-us-east1-gcp-gzip-512-512-700: 2500/2500 tasks started.
[2025-12-03T23:05:42Z] [[36minfo[0m] [function_finished] Finished benchmarking function azure-gzip-512 and closed archiver
[2025-12-03T23:05:44Z] [[36minfo[0m] [finish_timeline] Benchmark Timeline
[Wed Dec  3 23:05:44 UTC 2025] Finished benchmark 'gzip' successfully
[Wed Dec  3 23:05:44 UTC 2025] Sleeping 600 seconds before next workload...
