[Sat Dec  6 05:45:57 UTC 2025] Starting benchmark 'gzip' with config './configs/gzip.yaml'
Validating functions...
[2025-12-06T05:45:57Z] [[36minfo[0m] [executor_setup] Setting up executor for aws-us-east-1-aws-gzip-512-512-493
[2025-12-06T05:45:57Z] [[36minfo[0m] [executor_setup] Setting up executor for alibaba-us-east-1-alibaba-gzip-512-512-857
[2025-12-06T05:45:57Z] [[36minfo[0m] [executor_setup] Setting up executor for azure-germanywestcentral-azure-gzip-512-512-14
[2025-12-06T05:45:57Z] [[0mwarning[0m] [[32mazure_limitations[0m] Azure can´t handle more than 300 parallel requests. Limiting to 300.
[2025-12-06T05:45:57Z] [[36minfo[0m] [executor_setup] Setting up executor for gcp-us-east1-gcp-gzip-512-512-663
[2025-12-06T05:45:57Z] [[36minfo[0m] [start_timeline] Benchmark Timeline
[2025-12-06T05:45:57Z] [[36minfo[0m] [load_generator_start] (alibaba: us-east-1) Starting load generator with 500 workers
[2025-12-06T05:45:57Z] [[36minfo[0m] [load_generator_start] (aws: us-east-1) Starting load generator with 500 workers
[2025-12-06T05:45:57Z] [[36minfo[0m] [load_generator_start] (azure: germanywestcentral) Starting load generator with 300 workers
[2025-12-06T05:45:57Z] [[36minfo[0m] [load_generator_start] (gcp: us-east1) Starting load generator with 300 workers
[2025-12-06T05:46:07Z] [[36minfo[0m] [progress_update] azure-germanywestcentral-azure-gzip-512-512-14: 673/2500 tasks started.gcp-us-east1-gcp-gzip-512-512-663: 1170/2500 tasks started.aws-us-east-1-aws-gzip-512-512-493: 2087/2500 tasks started.alibaba-us-east-1-alibaba-gzip-512-512-857: 1904/2500 tasks started.
[2025-12-06T05:46:17Z] [[36minfo[0m] [progress_update] azure-germanywestcentral-azure-gzip-512-512-14: 673/2500 tasks started.gcp-us-east1-gcp-gzip-512-512-663: 2238/2500 tasks started.aws-us-east-1-aws-gzip-512-512-493: 2500/2500 tasks started.alibaba-us-east-1-alibaba-gzip-512-512-857: 2500/2500 tasks started.
[2025-12-06T05:46:24Z] [[36minfo[0m] [function_finished] Finished benchmarking function aws-gzip-512 and closed archiver
[2025-12-06T05:46:27Z] [[36minfo[0m] [progress_update] alibaba-us-east-1-alibaba-gzip-512-512-857: 2500/2500 tasks started.azure-germanywestcentral-azure-gzip-512-512-14: 1344/2500 tasks started.gcp-us-east1-gcp-gzip-512-512-663: 2500/2500 tasks started.aws-us-east-1-aws-gzip-512-512-493: 2500/2500 tasks started.
[2025-12-06T05:46:35Z] [[36minfo[0m] [function_finished] Finished benchmarking function gcp-gzip-512 and closed archiver
[2025-12-06T05:46:37Z] [[36minfo[0m] [progress_update] aws-us-east-1-aws-gzip-512-512-493: 2500/2500 tasks started.alibaba-us-east-1-alibaba-gzip-512-512-857: 2500/2500 tasks started.azure-germanywestcentral-azure-gzip-512-512-14: 1890/2500 tasks started.gcp-us-east1-gcp-gzip-512-512-663: 2500/2500 tasks started.
[2025-12-06T05:46:47Z] [[36minfo[0m] [progress_update] aws-us-east-1-aws-gzip-512-512-493: 2500/2500 tasks started.alibaba-us-east-1-alibaba-gzip-512-512-857: 2500/2500 tasks started.azure-germanywestcentral-azure-gzip-512-512-14: 2345/2500 tasks started.gcp-us-east1-gcp-gzip-512-512-663: 2500/2500 tasks started.
[2025-12-06T05:46:57Z] [[36minfo[0m] [progress_update] azure-germanywestcentral-azure-gzip-512-512-14: 2360/2500 tasks started.gcp-us-east1-gcp-gzip-512-512-663: 2500/2500 tasks started.aws-us-east-1-aws-gzip-512-512-493: 2500/2500 tasks started.alibaba-us-east-1-alibaba-gzip-512-512-857: 2500/2500 tasks started.
[2025-12-06T05:47:07Z] [[36minfo[0m] [progress_update] alibaba-us-east-1-alibaba-gzip-512-512-857: 2500/2500 tasks started.azure-germanywestcentral-azure-gzip-512-512-14: 2500/2500 tasks started.gcp-us-east1-gcp-gzip-512-512-663: 2500/2500 tasks started.aws-us-east-1-aws-gzip-512-512-493: 2500/2500 tasks started.
[2025-12-06T05:47:14Z] [[36minfo[0m] [function_finished] Finished benchmarking function alibaba-gzip-512 and closed archiver
[2025-12-06T05:47:17Z] [[36minfo[0m] [progress_update] aws-us-east-1-aws-gzip-512-512-493: 2500/2500 tasks started.alibaba-us-east-1-alibaba-gzip-512-512-857: 2500/2500 tasks started.azure-germanywestcentral-azure-gzip-512-512-14: 2500/2500 tasks started.gcp-us-east1-gcp-gzip-512-512-663: 2500/2500 tasks started.
[2025-12-06T05:47:27Z] [[36minfo[0m] [progress_update] aws-us-east-1-aws-gzip-512-512-493: 2500/2500 tasks started.alibaba-us-east-1-alibaba-gzip-512-512-857: 2500/2500 tasks started.azure-germanywestcentral-azure-gzip-512-512-14: 2500/2500 tasks started.gcp-us-east1-gcp-gzip-512-512-663: 2500/2500 tasks started.
[2025-12-06T05:47:37Z] [[36minfo[0m] [progress_update] aws-us-east-1-aws-gzip-512-512-493: 2500/2500 tasks started.alibaba-us-east-1-alibaba-gzip-512-512-857: 2500/2500 tasks started.azure-germanywestcentral-azure-gzip-512-512-14: 2500/2500 tasks started.gcp-us-east1-gcp-gzip-512-512-663: 2500/2500 tasks started.
[2025-12-06T05:47:47Z] [[36minfo[0m] [progress_update] aws-us-east-1-aws-gzip-512-512-493: 2500/2500 tasks started.alibaba-us-east-1-alibaba-gzip-512-512-857: 2500/2500 tasks started.azure-germanywestcentral-azure-gzip-512-512-14: 2500/2500 tasks started.gcp-us-east1-gcp-gzip-512-512-663: 2500/2500 tasks started.
[2025-12-06T05:47:57Z] [[36minfo[0m] [progress_update] azure-germanywestcentral-azure-gzip-512-512-14: 2500/2500 tasks started.gcp-us-east1-gcp-gzip-512-512-663: 2500/2500 tasks started.aws-us-east-1-aws-gzip-512-512-493: 2500/2500 tasks started.alibaba-us-east-1-alibaba-gzip-512-512-857: 2500/2500 tasks started.
[2025-12-06T05:48:07Z] [[36minfo[0m] [progress_update] aws-us-east-1-aws-gzip-512-512-493: 2500/2500 tasks started.alibaba-us-east-1-alibaba-gzip-512-512-857: 2500/2500 tasks started.azure-germanywestcentral-azure-gzip-512-512-14: 2500/2500 tasks started.gcp-us-east1-gcp-gzip-512-512-663: 2500/2500 tasks started.
[2025-12-06T05:48:17Z] [[36minfo[0m] [progress_update] alibaba-us-east-1-alibaba-gzip-512-512-857: 2500/2500 tasks started.azure-germanywestcentral-azure-gzip-512-512-14: 2500/2500 tasks started.gcp-us-east1-gcp-gzip-512-512-663: 2500/2500 tasks started.aws-us-east-1-aws-gzip-512-512-493: 2500/2500 tasks started.
[2025-12-06T05:48:27Z] [[36minfo[0m] [progress_update] aws-us-east-1-aws-gzip-512-512-493: 2500/2500 tasks started.alibaba-us-east-1-alibaba-gzip-512-512-857: 2500/2500 tasks started.azure-germanywestcentral-azure-gzip-512-512-14: 2500/2500 tasks started.gcp-us-east1-gcp-gzip-512-512-663: 2500/2500 tasks started.
[2025-12-06T05:48:37Z] [[36minfo[0m] [progress_update] gcp-us-east1-gcp-gzip-512-512-663: 2500/2500 tasks started.aws-us-east-1-aws-gzip-512-512-493: 2500/2500 tasks started.alibaba-us-east-1-alibaba-gzip-512-512-857: 2500/2500 tasks started.azure-germanywestcentral-azure-gzip-512-512-14: 2500/2500 tasks started.
[2025-12-06T05:48:47Z] [[36minfo[0m] [progress_update] gcp-us-east1-gcp-gzip-512-512-663: 2500/2500 tasks started.aws-us-east-1-aws-gzip-512-512-493: 2500/2500 tasks started.alibaba-us-east-1-alibaba-gzip-512-512-857: 2500/2500 tasks started.azure-germanywestcentral-azure-gzip-512-512-14: 2500/2500 tasks started.
[2025-12-06T05:48:57Z] [[36minfo[0m] [progress_update] aws-us-east-1-aws-gzip-512-512-493: 2500/2500 tasks started.alibaba-us-east-1-alibaba-gzip-512-512-857: 2500/2500 tasks started.azure-germanywestcentral-azure-gzip-512-512-14: 2500/2500 tasks started.gcp-us-east1-gcp-gzip-512-512-663: 2500/2500 tasks started.
[2025-12-06T05:49:07Z] [[36minfo[0m] [progress_update] aws-us-east-1-aws-gzip-512-512-493: 2500/2500 tasks started.alibaba-us-east-1-alibaba-gzip-512-512-857: 2500/2500 tasks started.azure-germanywestcentral-azure-gzip-512-512-14: 2500/2500 tasks started.gcp-us-east1-gcp-gzip-512-512-663: 2500/2500 tasks started.
[2025-12-06T05:49:17Z] [[36minfo[0m] [progress_update] gcp-us-east1-gcp-gzip-512-512-663: 2500/2500 tasks started.aws-us-east-1-aws-gzip-512-512-493: 2500/2500 tasks started.alibaba-us-east-1-alibaba-gzip-512-512-857: 2500/2500 tasks started.azure-germanywestcentral-azure-gzip-512-512-14: 2500/2500 tasks started.
[2025-12-06T05:49:27Z] [[36minfo[0m] [progress_update] aws-us-east-1-aws-gzip-512-512-493: 2500/2500 tasks started.alibaba-us-east-1-alibaba-gzip-512-512-857: 2500/2500 tasks started.azure-germanywestcentral-azure-gzip-512-512-14: 2500/2500 tasks started.gcp-us-east1-gcp-gzip-512-512-663: 2500/2500 tasks started.
[2025-12-06T05:49:37Z] [[36minfo[0m] [progress_update] aws-us-east-1-aws-gzip-512-512-493: 2500/2500 tasks started.alibaba-us-east-1-alibaba-gzip-512-512-857: 2500/2500 tasks started.azure-germanywestcentral-azure-gzip-512-512-14: 2500/2500 tasks started.gcp-us-east1-gcp-gzip-512-512-663: 2500/2500 tasks started.
[2025-12-06T05:49:47Z] [[36minfo[0m] [progress_update] aws-us-east-1-aws-gzip-512-512-493: 2500/2500 tasks started.alibaba-us-east-1-alibaba-gzip-512-512-857: 2500/2500 tasks started.azure-germanywestcentral-azure-gzip-512-512-14: 2500/2500 tasks started.gcp-us-east1-gcp-gzip-512-512-663: 2500/2500 tasks started.
[2025-12-06T05:49:57Z] [[36minfo[0m] [progress_update] aws-us-east-1-aws-gzip-512-512-493: 2500/2500 tasks started.alibaba-us-east-1-alibaba-gzip-512-512-857: 2500/2500 tasks started.azure-germanywestcentral-azure-gzip-512-512-14: 2500/2500 tasks started.gcp-us-east1-gcp-gzip-512-512-663: 2500/2500 tasks started.
[2025-12-06T05:50:07Z] [[36minfo[0m] [progress_update] alibaba-us-east-1-alibaba-gzip-512-512-857: 2500/2500 tasks started.azure-germanywestcentral-azure-gzip-512-512-14: 2500/2500 tasks started.gcp-us-east1-gcp-gzip-512-512-663: 2500/2500 tasks started.aws-us-east-1-aws-gzip-512-512-493: 2500/2500 tasks started.
[2025-12-06T05:50:17Z] [[36minfo[0m] [progress_update] alibaba-us-east-1-alibaba-gzip-512-512-857: 2500/2500 tasks started.azure-germanywestcentral-azure-gzip-512-512-14: 2500/2500 tasks started.gcp-us-east1-gcp-gzip-512-512-663: 2500/2500 tasks started.aws-us-east-1-aws-gzip-512-512-493: 2500/2500 tasks started.
[2025-12-06T05:50:27Z] [[36minfo[0m] [progress_update] gcp-us-east1-gcp-gzip-512-512-663: 2500/2500 tasks started.aws-us-east-1-aws-gzip-512-512-493: 2500/2500 tasks started.alibaba-us-east-1-alibaba-gzip-512-512-857: 2500/2500 tasks started.azure-germanywestcentral-azure-gzip-512-512-14: 2500/2500 tasks started.
[2025-12-06T05:50:37Z] [[36minfo[0m] [progress_update] azure-germanywestcentral-azure-gzip-512-512-14: 2500/2500 tasks started.gcp-us-east1-gcp-gzip-512-512-663: 2500/2500 tasks started.aws-us-east-1-aws-gzip-512-512-493: 2500/2500 tasks started.alibaba-us-east-1-alibaba-gzip-512-512-857: 2500/2500 tasks started.
[2025-12-06T05:50:47Z] [[36minfo[0m] [progress_update] aws-us-east-1-aws-gzip-512-512-493: 2500/2500 tasks started.alibaba-us-east-1-alibaba-gzip-512-512-857: 2500/2500 tasks started.azure-germanywestcentral-azure-gzip-512-512-14: 2500/2500 tasks started.gcp-us-east1-gcp-gzip-512-512-663: 2500/2500 tasks started.
[2025-12-06T05:50:57Z] [[36minfo[0m] [progress_update] azure-germanywestcentral-azure-gzip-512-512-14: 2500/2500 tasks started.gcp-us-east1-gcp-gzip-512-512-663: 2500/2500 tasks started.aws-us-east-1-aws-gzip-512-512-493: 2500/2500 tasks started.alibaba-us-east-1-alibaba-gzip-512-512-857: 2500/2500 tasks started.
[2025-12-06T05:50:58Z] [[31merror[0m] [task_execution] Error executing task azure-gzip-512: task azure-gzip-512 failed after 7 retries: <nil>
[2025-12-06T05:50:58Z] [[31merror[0m] [task_execution] Error executing task azure-gzip-512: task azure-gzip-512 failed after 7 retries: <nil>
[2025-12-06T05:50:58Z] [[31merror[0m] [task_execution] Error executing task azure-gzip-512: task azure-gzip-512 failed after 7 retries: <nil>
[2025-12-06T05:50:58Z] [[31merror[0m] [task_execution] Error executing task azure-gzip-512: task azure-gzip-512 failed after 7 retries: <nil>
[2025-12-06T05:51:07Z] [[36minfo[0m] [progress_update] azure-germanywestcentral-azure-gzip-512-512-14: 2500/2500 tasks started.gcp-us-east1-gcp-gzip-512-512-663: 2500/2500 tasks started.aws-us-east-1-aws-gzip-512-512-493: 2500/2500 tasks started.alibaba-us-east-1-alibaba-gzip-512-512-857: 2500/2500 tasks started.
[2025-12-06T05:51:08Z] [[31merror[0m] [task_execution] Error executing task azure-gzip-512: task azure-gzip-512 failed after 7 retries: <nil>
[2025-12-06T05:51:13Z] [[36minfo[0m] [function_finished] Finished benchmarking function azure-gzip-512 and closed archiver
[2025-12-06T05:51:15Z] [[36minfo[0m] [finish_timeline] Benchmark Timeline
[Sat Dec  6 05:51:15 UTC 2025] Finished benchmark 'gzip' successfully
[Sat Dec  6 05:51:15 UTC 2025] Sleeping 600 seconds before next workload...
