[Wed Dec  3 17:00:01 UTC 2025] Starting benchmark 'sha256' with config './configs/sha256.yaml'
Validating functions...
[2025-12-03T17:00:01Z] [[36minfo[0m] [executor_setup] Setting up executor for aws-us-east-1-aws-sha256-512-512-205
[2025-12-03T17:00:01Z] [[36minfo[0m] [executor_setup] Setting up executor for alibaba-us-east-1-alibaba-sha256-512-512-635
[2025-12-03T17:00:01Z] [[36minfo[0m] [executor_setup] Setting up executor for azure-germanywestcentral-azure-sha256-512-512-527
[2025-12-03T17:00:01Z] [[0mwarning[0m] [[32mazure_limitations[0m] Azure can´t handle more than 300 parallel requests. Limiting to 300.
[2025-12-03T17:00:01Z] [[36minfo[0m] [executor_setup] Setting up executor for gcp-us-east1-gcp-sha256-512-512-357
[2025-12-03T17:00:01Z] [[36minfo[0m] [start_timeline] Benchmark Timeline
[2025-12-03T17:00:01Z] [[36minfo[0m] [load_generator_start] (aws: us-east-1) Starting load generator with 500 workers
[2025-12-03T17:00:01Z] [[36minfo[0m] [load_generator_start] (alibaba: us-east-1) Starting load generator with 500 workers
[2025-12-03T17:00:01Z] [[36minfo[0m] [load_generator_start] (azure: germanywestcentral) Starting load generator with 300 workers
[2025-12-03T17:00:01Z] [[36minfo[0m] [load_generator_start] (gcp: us-east1) Starting load generator with 300 workers
[2025-12-03T17:00:11Z] [[36minfo[0m] [progress_update] aws-us-east-1-aws-sha256-512-512-205: 1675/2500 tasks started.alibaba-us-east-1-alibaba-sha256-512-512-635: 1486/2500 tasks started.azure-germanywestcentral-azure-sha256-512-512-527: 619/2500 tasks started.gcp-us-east1-gcp-sha256-512-512-357: 1524/2500 tasks started.
[2025-12-03T17:00:21Z] [[36minfo[0m] [progress_update] aws-us-east-1-aws-sha256-512-512-205: 2500/2500 tasks started.alibaba-us-east-1-alibaba-sha256-512-512-635: 2500/2500 tasks started.azure-germanywestcentral-azure-sha256-512-512-527: 675/2500 tasks started.gcp-us-east1-gcp-sha256-512-512-357: 2500/2500 tasks started.
[2025-12-03T17:00:31Z] [[36minfo[0m] [progress_update] aws-us-east-1-aws-sha256-512-512-205: 2500/2500 tasks started.alibaba-us-east-1-alibaba-sha256-512-512-635: 2500/2500 tasks started.azure-germanywestcentral-azure-sha256-512-512-527: 1389/2500 tasks started.gcp-us-east1-gcp-sha256-512-512-357: 2500/2500 tasks started.
[2025-12-03T17:00:33Z] [[36minfo[0m] [function_finished] Finished benchmarking function aws-sha256-512 and closed archiver
[2025-12-03T17:00:39Z] [[36minfo[0m] [function_finished] Finished benchmarking function gcp-sha256-512 and closed archiver
[2025-12-03T17:00:41Z] [[36minfo[0m] [progress_update] aws-us-east-1-aws-sha256-512-512-205: 2500/2500 tasks started.alibaba-us-east-1-alibaba-sha256-512-512-635: 2500/2500 tasks started.azure-germanywestcentral-azure-sha256-512-512-527: 1777/2500 tasks started.gcp-us-east1-gcp-sha256-512-512-357: 2500/2500 tasks started.
[2025-12-03T17:00:51Z] [[36minfo[0m] [progress_update] gcp-us-east1-gcp-sha256-512-512-357: 2500/2500 tasks started.aws-us-east-1-aws-sha256-512-512-205: 2500/2500 tasks started.alibaba-us-east-1-alibaba-sha256-512-512-635: 2500/2500 tasks started.azure-germanywestcentral-azure-sha256-512-512-527: 1847/2500 tasks started.
[2025-12-03T17:01:01Z] [[36minfo[0m] [progress_update] aws-us-east-1-aws-sha256-512-512-205: 2500/2500 tasks started.alibaba-us-east-1-alibaba-sha256-512-512-635: 2500/2500 tasks started.azure-germanywestcentral-azure-sha256-512-512-527: 2004/2500 tasks started.gcp-us-east1-gcp-sha256-512-512-357: 2500/2500 tasks started.
[2025-12-03T17:01:11Z] [[36minfo[0m] [progress_update] aws-us-east-1-aws-sha256-512-512-205: 2500/2500 tasks started.alibaba-us-east-1-alibaba-sha256-512-512-635: 2500/2500 tasks started.azure-germanywestcentral-azure-sha256-512-512-527: 2207/2500 tasks started.gcp-us-east1-gcp-sha256-512-512-357: 2500/2500 tasks started.
[2025-12-03T17:01:21Z] [[36minfo[0m] [progress_update] aws-us-east-1-aws-sha256-512-512-205: 2500/2500 tasks started.alibaba-us-east-1-alibaba-sha256-512-512-635: 2500/2500 tasks started.azure-germanywestcentral-azure-sha256-512-512-527: 2312/2500 tasks started.gcp-us-east1-gcp-sha256-512-512-357: 2500/2500 tasks started.
[2025-12-03T17:01:31Z] [[36minfo[0m] [progress_update] aws-us-east-1-aws-sha256-512-512-205: 2500/2500 tasks started.alibaba-us-east-1-alibaba-sha256-512-512-635: 2500/2500 tasks started.azure-germanywestcentral-azure-sha256-512-512-527: 2316/2500 tasks started.gcp-us-east1-gcp-sha256-512-512-357: 2500/2500 tasks started.
[2025-12-03T17:01:41Z] [[36minfo[0m] [progress_update] gcp-us-east1-gcp-sha256-512-512-357: 2500/2500 tasks started.aws-us-east-1-aws-sha256-512-512-205: 2500/2500 tasks started.alibaba-us-east-1-alibaba-sha256-512-512-635: 2500/2500 tasks started.azure-germanywestcentral-azure-sha256-512-512-527: 2348/2500 tasks started.
[2025-12-03T17:01:51Z] [[36minfo[0m] [progress_update] aws-us-east-1-aws-sha256-512-512-205: 2500/2500 tasks started.alibaba-us-east-1-alibaba-sha256-512-512-635: 2500/2500 tasks started.azure-germanywestcentral-azure-sha256-512-512-527: 2500/2500 tasks started.gcp-us-east1-gcp-sha256-512-512-357: 2500/2500 tasks started.
[2025-12-03T17:02:01Z] [[36minfo[0m] [progress_update] azure-germanywestcentral-azure-sha256-512-512-527: 2500/2500 tasks started.gcp-us-east1-gcp-sha256-512-512-357: 2500/2500 tasks started.aws-us-east-1-aws-sha256-512-512-205: 2500/2500 tasks started.alibaba-us-east-1-alibaba-sha256-512-512-635: 2500/2500 tasks started.
[2025-12-03T17:02:11Z] [[36minfo[0m] [progress_update] gcp-us-east1-gcp-sha256-512-512-357: 2500/2500 tasks started.aws-us-east-1-aws-sha256-512-512-205: 2500/2500 tasks started.alibaba-us-east-1-alibaba-sha256-512-512-635: 2500/2500 tasks started.azure-germanywestcentral-azure-sha256-512-512-527: 2500/2500 tasks started.
[2025-12-03T17:02:21Z] [[36minfo[0m] [progress_update] aws-us-east-1-aws-sha256-512-512-205: 2500/2500 tasks started.alibaba-us-east-1-alibaba-sha256-512-512-635: 2500/2500 tasks started.azure-germanywestcentral-azure-sha256-512-512-527: 2500/2500 tasks started.gcp-us-east1-gcp-sha256-512-512-357: 2500/2500 tasks started.
[2025-12-03T17:02:25Z] [[36minfo[0m] [function_finished] Finished benchmarking function alibaba-sha256-512 and closed archiver
[2025-12-03T17:02:31Z] [[36minfo[0m] [progress_update] alibaba-us-east-1-alibaba-sha256-512-512-635: 2500/2500 tasks started.azure-germanywestcentral-azure-sha256-512-512-527: 2500/2500 tasks started.gcp-us-east1-gcp-sha256-512-512-357: 2500/2500 tasks started.aws-us-east-1-aws-sha256-512-512-205: 2500/2500 tasks started.
[2025-12-03T17:02:41Z] [[36minfo[0m] [progress_update] azure-germanywestcentral-azure-sha256-512-512-527: 2500/2500 tasks started.gcp-us-east1-gcp-sha256-512-512-357: 2500/2500 tasks started.aws-us-east-1-aws-sha256-512-512-205: 2500/2500 tasks started.alibaba-us-east-1-alibaba-sha256-512-512-635: 2500/2500 tasks started.
[2025-12-03T17:02:51Z] [[36minfo[0m] [progress_update] aws-us-east-1-aws-sha256-512-512-205: 2500/2500 tasks started.alibaba-us-east-1-alibaba-sha256-512-512-635: 2500/2500 tasks started.azure-germanywestcentral-azure-sha256-512-512-527: 2500/2500 tasks started.gcp-us-east1-gcp-sha256-512-512-357: 2500/2500 tasks started.
[2025-12-03T17:03:01Z] [[36minfo[0m] [progress_update] azure-germanywestcentral-azure-sha256-512-512-527: 2500/2500 tasks started.gcp-us-east1-gcp-sha256-512-512-357: 2500/2500 tasks started.aws-us-east-1-aws-sha256-512-512-205: 2500/2500 tasks started.alibaba-us-east-1-alibaba-sha256-512-512-635: 2500/2500 tasks started.
[2025-12-03T17:03:11Z] [[36minfo[0m] [progress_update] aws-us-east-1-aws-sha256-512-512-205: 2500/2500 tasks started.alibaba-us-east-1-alibaba-sha256-512-512-635: 2500/2500 tasks started.azure-germanywestcentral-azure-sha256-512-512-527: 2500/2500 tasks started.gcp-us-east1-gcp-sha256-512-512-357: 2500/2500 tasks started.
[2025-12-03T17:03:21Z] [[36minfo[0m] [progress_update] aws-us-east-1-aws-sha256-512-512-205: 2500/2500 tasks started.alibaba-us-east-1-alibaba-sha256-512-512-635: 2500/2500 tasks started.azure-germanywestcentral-azure-sha256-512-512-527: 2500/2500 tasks started.gcp-us-east1-gcp-sha256-512-512-357: 2500/2500 tasks started.
[2025-12-03T17:03:31Z] [[36minfo[0m] [progress_update] gcp-us-east1-gcp-sha256-512-512-357: 2500/2500 tasks started.aws-us-east-1-aws-sha256-512-512-205: 2500/2500 tasks started.alibaba-us-east-1-alibaba-sha256-512-512-635: 2500/2500 tasks started.azure-germanywestcentral-azure-sha256-512-512-527: 2500/2500 tasks started.
[2025-12-03T17:03:41Z] [[36minfo[0m] [progress_update] aws-us-east-1-aws-sha256-512-512-205: 2500/2500 tasks started.alibaba-us-east-1-alibaba-sha256-512-512-635: 2500/2500 tasks started.azure-germanywestcentral-azure-sha256-512-512-527: 2500/2500 tasks started.gcp-us-east1-gcp-sha256-512-512-357: 2500/2500 tasks started.
[2025-12-03T17:03:51Z] [[36minfo[0m] [progress_update] alibaba-us-east-1-alibaba-sha256-512-512-635: 2500/2500 tasks started.azure-germanywestcentral-azure-sha256-512-512-527: 2500/2500 tasks started.gcp-us-east1-gcp-sha256-512-512-357: 2500/2500 tasks started.aws-us-east-1-aws-sha256-512-512-205: 2500/2500 tasks started.
[2025-12-03T17:04:01Z] [[36minfo[0m] [progress_update] aws-us-east-1-aws-sha256-512-512-205: 2500/2500 tasks started.alibaba-us-east-1-alibaba-sha256-512-512-635: 2500/2500 tasks started.azure-germanywestcentral-azure-sha256-512-512-527: 2500/2500 tasks started.gcp-us-east1-gcp-sha256-512-512-357: 2500/2500 tasks started.
[2025-12-03T17:04:11Z] [[36minfo[0m] [progress_update] aws-us-east-1-aws-sha256-512-512-205: 2500/2500 tasks started.alibaba-us-east-1-alibaba-sha256-512-512-635: 2500/2500 tasks started.azure-germanywestcentral-azure-sha256-512-512-527: 2500/2500 tasks started.gcp-us-east1-gcp-sha256-512-512-357: 2500/2500 tasks started.
[2025-12-03T17:04:21Z] [[31merror[0m] [task_execution] Error executing task azure-sha256-512: task azure-sha256-512 failed after 7 retries: <nil>
[2025-12-03T17:04:21Z] [[31merror[0m] [task_execution] Error executing task azure-sha256-512: task azure-sha256-512 failed after 7 retries: <nil>
[2025-12-03T17:04:21Z] [[31merror[0m] [task_execution] Error executing task azure-sha256-512: task azure-sha256-512 failed after 7 retries: <nil>
[2025-12-03T17:04:21Z] [[31merror[0m] [task_execution] Error executing task azure-sha256-512: task azure-sha256-512 failed after 7 retries: <nil>
[2025-12-03T17:04:21Z] [[36minfo[0m] [progress_update] aws-us-east-1-aws-sha256-512-512-205: 2500/2500 tasks started.alibaba-us-east-1-alibaba-sha256-512-512-635: 2500/2500 tasks started.azure-germanywestcentral-azure-sha256-512-512-527: 2500/2500 tasks started.gcp-us-east1-gcp-sha256-512-512-357: 2500/2500 tasks started.
[2025-12-03T17:04:21Z] [[31merror[0m] [task_execution] Error executing task azure-sha256-512: task azure-sha256-512 failed after 7 retries: <nil>
[2025-12-03T17:04:22Z] [[31merror[0m] [task_execution] Error executing task azure-sha256-512: task azure-sha256-512 failed after 7 retries: <nil>
[2025-12-03T17:04:22Z] [[31merror[0m] [task_execution] Error executing task azure-sha256-512: task azure-sha256-512 failed after 7 retries: <nil>
[2025-12-03T17:04:22Z] [[31merror[0m] [task_execution] Error executing task azure-sha256-512: task azure-sha256-512 failed after 7 retries: <nil>
[2025-12-03T17:04:22Z] [[31merror[0m] [task_execution] Error executing task azure-sha256-512: task azure-sha256-512 failed after 7 retries: <nil>
[2025-12-03T17:04:22Z] [[31merror[0m] [task_execution] Error executing task azure-sha256-512: task azure-sha256-512 failed after 7 retries: <nil>
[2025-12-03T17:04:22Z] [[31merror[0m] [task_execution] Error executing task azure-sha256-512: task azure-sha256-512 failed after 7 retries: <nil>
[2025-12-03T17:04:22Z] [[31merror[0m] [task_execution] Error executing task azure-sha256-512: task azure-sha256-512 failed after 7 retries: <nil>
[2025-12-03T17:04:22Z] [[31merror[0m] [task_execution] Error executing task azure-sha256-512: task azure-sha256-512 failed after 7 retries: <nil>
[2025-12-03T17:04:22Z] [[31merror[0m] [task_execution] Error executing task azure-sha256-512: task azure-sha256-512 failed after 7 retries: <nil>
[2025-12-03T17:04:22Z] [[31merror[0m] [task_execution] Error executing task azure-sha256-512: task azure-sha256-512 failed after 7 retries: <nil>
[2025-12-03T17:04:22Z] [[31merror[0m] [task_execution] Error executing task azure-sha256-512: task azure-sha256-512 failed after 7 retries: <nil>
[2025-12-03T17:04:22Z] [[31merror[0m] [task_execution] Error executing task azure-sha256-512: task azure-sha256-512 failed after 7 retries: <nil>
[2025-12-03T17:04:22Z] [[31merror[0m] [task_execution] Error executing task azure-sha256-512: task azure-sha256-512 failed after 7 retries: <nil>
[2025-12-03T17:04:22Z] [[31merror[0m] [task_execution] Error executing task azure-sha256-512: task azure-sha256-512 failed after 7 retries: <nil>
[2025-12-03T17:04:22Z] [[31merror[0m] [task_execution] Error executing task azure-sha256-512: task azure-sha256-512 failed after 7 retries: <nil>
[2025-12-03T17:04:22Z] [[31merror[0m] [task_execution] Error executing task azure-sha256-512: task azure-sha256-512 failed after 7 retries: <nil>
[2025-12-03T17:04:22Z] [[31merror[0m] [task_execution] Error executing task azure-sha256-512: task azure-sha256-512 failed after 7 retries: <nil>
[2025-12-03T17:04:22Z] [[31merror[0m] [task_execution] Error executing task azure-sha256-512: task azure-sha256-512 failed after 7 retries: <nil>
[2025-12-03T17:04:22Z] [[31merror[0m] [task_execution] Error executing task azure-sha256-512: task azure-sha256-512 failed after 7 retries: <nil>
[2025-12-03T17:04:22Z] [[31merror[0m] [task_execution] Error executing task azure-sha256-512: task azure-sha256-512 failed after 7 retries: <nil>
[2025-12-03T17:04:22Z] [[31merror[0m] [task_execution] Error executing task azure-sha256-512: task azure-sha256-512 failed after 7 retries: <nil>
[2025-12-03T17:04:22Z] [[31merror[0m] [task_execution] Error executing task azure-sha256-512: task azure-sha256-512 failed after 7 retries: <nil>
[2025-12-03T17:04:22Z] [[31merror[0m] [task_execution] Error executing task azure-sha256-512: task azure-sha256-512 failed after 7 retries: <nil>
[2025-12-03T17:04:22Z] [[31merror[0m] [task_execution] Error executing task azure-sha256-512: task azure-sha256-512 failed after 7 retries: <nil>
[2025-12-03T17:04:22Z] [[31merror[0m] [task_execution] Error executing task azure-sha256-512: task azure-sha256-512 failed after 7 retries: <nil>
[2025-12-03T17:04:22Z] [[31merror[0m] [task_execution] Error executing task azure-sha256-512: task azure-sha256-512 failed after 7 retries: <nil>
[2025-12-03T17:04:22Z] [[31merror[0m] [task_execution] Error executing task azure-sha256-512: task azure-sha256-512 failed after 7 retries: <nil>
[2025-12-03T17:04:22Z] [[31merror[0m] [task_execution] Error executing task azure-sha256-512: task azure-sha256-512 failed after 7 retries: <nil>
[2025-12-03T17:04:31Z] [[36minfo[0m] [progress_update] aws-us-east-1-aws-sha256-512-512-205: 2500/2500 tasks started.alibaba-us-east-1-alibaba-sha256-512-512-635: 2500/2500 tasks started.azure-germanywestcentral-azure-sha256-512-512-527: 2500/2500 tasks started.gcp-us-east1-gcp-sha256-512-512-357: 2500/2500 tasks started.
[2025-12-03T17:04:38Z] [[31merror[0m] [task_execution] Error executing task azure-sha256-512: task azure-sha256-512 failed after 7 retries: <nil>
[2025-12-03T17:04:38Z] [[31merror[0m] [task_execution] Error executing task azure-sha256-512: task azure-sha256-512 failed after 7 retries: <nil>
[2025-12-03T17:04:38Z] [[31merror[0m] [task_execution] Error executing task azure-sha256-512: task azure-sha256-512 failed after 7 retries: <nil>
[2025-12-03T17:04:38Z] [[31merror[0m] [task_execution] Error executing task azure-sha256-512: task azure-sha256-512 failed after 7 retries: <nil>
[2025-12-03T17:04:38Z] [[31merror[0m] [task_execution] Error executing task azure-sha256-512: task azure-sha256-512 failed after 7 retries: <nil>
[2025-12-03T17:04:38Z] [[31merror[0m] [task_execution] Error executing task azure-sha256-512: task azure-sha256-512 failed after 7 retries: <nil>
[2025-12-03T17:04:38Z] [[31merror[0m] [task_execution] Error executing task azure-sha256-512: task azure-sha256-512 failed after 7 retries: <nil>
[2025-12-03T17:04:38Z] [[31merror[0m] [task_execution] Error executing task azure-sha256-512: task azure-sha256-512 failed after 7 retries: <nil>
[2025-12-03T17:04:38Z] [[31merror[0m] [task_execution] Error executing task azure-sha256-512: task azure-sha256-512 failed after 7 retries: <nil>
[2025-12-03T17:04:38Z] [[31merror[0m] [task_execution] Error executing task azure-sha256-512: task azure-sha256-512 failed after 7 retries: <nil>
[2025-12-03T17:04:38Z] [[31merror[0m] [task_execution] Error executing task azure-sha256-512: task azure-sha256-512 failed after 7 retries: <nil>
[2025-12-03T17:04:39Z] [[31merror[0m] [task_execution] Error executing task azure-sha256-512: task azure-sha256-512 failed after 7 retries: <nil>
[2025-12-03T17:04:41Z] [[36minfo[0m] [progress_update] aws-us-east-1-aws-sha256-512-512-205: 2500/2500 tasks started.alibaba-us-east-1-alibaba-sha256-512-512-635: 2500/2500 tasks started.azure-germanywestcentral-azure-sha256-512-512-527: 2500/2500 tasks started.gcp-us-east1-gcp-sha256-512-512-357: 2500/2500 tasks started.
[2025-12-03T17:04:43Z] [[31merror[0m] [task_execution] Error executing task azure-sha256-512: task azure-sha256-512 failed after 7 retries: <nil>
[2025-12-03T17:04:43Z] [[31merror[0m] [task_execution] Error executing task azure-sha256-512: task azure-sha256-512 failed after 7 retries: <nil>
[2025-12-03T17:04:43Z] [[31merror[0m] [task_execution] Error executing task azure-sha256-512: task azure-sha256-512 failed after 7 retries: <nil>
[2025-12-03T17:04:43Z] [[31merror[0m] [task_execution] Error executing task azure-sha256-512: task azure-sha256-512 failed after 7 retries: <nil>
[2025-12-03T17:04:45Z] [[31merror[0m] [task_execution] Error executing task azure-sha256-512: task azure-sha256-512 failed after 7 retries: <nil>
[2025-12-03T17:04:45Z] [[31merror[0m] [task_execution] Error executing task azure-sha256-512: task azure-sha256-512 failed after 7 retries: <nil>
[2025-12-03T17:04:45Z] [[31merror[0m] [task_execution] Error executing task azure-sha256-512: task azure-sha256-512 failed after 7 retries: <nil>
[2025-12-03T17:04:46Z] [[31merror[0m] [task_execution] Error executing task azure-sha256-512: task azure-sha256-512 failed after 7 retries: <nil>
[2025-12-03T17:04:46Z] [[31merror[0m] [task_execution] Error executing task azure-sha256-512: task azure-sha256-512 failed after 7 retries: <nil>
[2025-12-03T17:04:46Z] [[31merror[0m] [task_execution] Error executing task azure-sha256-512: task azure-sha256-512 failed after 7 retries: <nil>
[2025-12-03T17:04:47Z] [[31merror[0m] [task_execution] Error executing task azure-sha256-512: task azure-sha256-512 failed after 7 retries: <nil>
[2025-12-03T17:04:48Z] [[31merror[0m] [task_execution] Error executing task azure-sha256-512: task azure-sha256-512 failed after 7 retries: <nil>
[2025-12-03T17:04:49Z] [[31merror[0m] [task_execution] Error executing task azure-sha256-512: task azure-sha256-512 failed after 7 retries: <nil>
[2025-12-03T17:04:51Z] [[36minfo[0m] [progress_update] aws-us-east-1-aws-sha256-512-512-205: 2500/2500 tasks started.alibaba-us-east-1-alibaba-sha256-512-512-635: 2500/2500 tasks started.azure-germanywestcentral-azure-sha256-512-512-527: 2500/2500 tasks started.gcp-us-east1-gcp-sha256-512-512-357: 2500/2500 tasks started.
[2025-12-03T17:04:55Z] [[31merror[0m] [task_execution] Error executing task azure-sha256-512: task azure-sha256-512 failed after 7 retries: <nil>
[2025-12-03T17:04:56Z] [[31merror[0m] [task_execution] Error executing task azure-sha256-512: task azure-sha256-512 failed after 7 retries: <nil>
[2025-12-03T17:05:01Z] [[36minfo[0m] [progress_update] alibaba-us-east-1-alibaba-sha256-512-512-635: 2500/2500 tasks started.azure-germanywestcentral-azure-sha256-512-512-527: 2500/2500 tasks started.gcp-us-east1-gcp-sha256-512-512-357: 2500/2500 tasks started.aws-us-east-1-aws-sha256-512-512-205: 2500/2500 tasks started.
[2025-12-03T17:05:11Z] [[36minfo[0m] [progress_update] aws-us-east-1-aws-sha256-512-512-205: 2500/2500 tasks started.alibaba-us-east-1-alibaba-sha256-512-512-635: 2500/2500 tasks started.azure-germanywestcentral-azure-sha256-512-512-527: 2500/2500 tasks started.gcp-us-east1-gcp-sha256-512-512-357: 2500/2500 tasks started.
[2025-12-03T17:05:19Z] [[31merror[0m] [task_execution] Error executing task azure-sha256-512: task azure-sha256-512 failed after 7 retries: <nil>
[2025-12-03T17:05:21Z] [[36minfo[0m] [progress_update] aws-us-east-1-aws-sha256-512-512-205: 2500/2500 tasks started.alibaba-us-east-1-alibaba-sha256-512-512-635: 2500/2500 tasks started.azure-germanywestcentral-azure-sha256-512-512-527: 2500/2500 tasks started.gcp-us-east1-gcp-sha256-512-512-357: 2500/2500 tasks started.
[2025-12-03T17:05:25Z] [[31merror[0m] [task_execution] Error executing task azure-sha256-512: task azure-sha256-512 failed after 7 retries: <nil>
[2025-12-03T17:05:25Z] [[31merror[0m] [task_execution] Error executing task azure-sha256-512: task azure-sha256-512 failed after 7 retries: <nil>
[2025-12-03T17:05:25Z] [[31merror[0m] [task_execution] Error executing task azure-sha256-512: task azure-sha256-512 failed after 7 retries: <nil>
[2025-12-03T17:05:25Z] [[31merror[0m] [task_execution] Error executing task azure-sha256-512: task azure-sha256-512 failed after 7 retries: <nil>
[2025-12-03T17:05:26Z] [[31merror[0m] [task_execution] Error executing task azure-sha256-512: task azure-sha256-512 failed after 7 retries: <nil>
[2025-12-03T17:05:26Z] [[31merror[0m] [task_execution] Error executing task azure-sha256-512: task azure-sha256-512 failed after 7 retries: <nil>
[2025-12-03T17:05:26Z] [[31merror[0m] [task_execution] Error executing task azure-sha256-512: task azure-sha256-512 failed after 7 retries: <nil>
[2025-12-03T17:05:26Z] [[31merror[0m] [task_execution] Error executing task azure-sha256-512: task azure-sha256-512 failed after 7 retries: <nil>
[2025-12-03T17:05:27Z] [[31merror[0m] [task_execution] Error executing task azure-sha256-512: task azure-sha256-512 failed after 7 retries: <nil>
[2025-12-03T17:05:27Z] [[31merror[0m] [task_execution] Error executing task azure-sha256-512: task azure-sha256-512 failed after 7 retries: <nil>
[2025-12-03T17:05:28Z] [[31merror[0m] [task_execution] Error executing task azure-sha256-512: task azure-sha256-512 failed after 7 retries: <nil>
[2025-12-03T17:05:28Z] [[31merror[0m] [task_execution] Error executing task azure-sha256-512: task azure-sha256-512 failed after 7 retries: <nil>
[2025-12-03T17:05:30Z] [[31merror[0m] [task_execution] Error executing task azure-sha256-512: task azure-sha256-512 failed after 7 retries: <nil>
[2025-12-03T17:05:31Z] [[36minfo[0m] [progress_update] aws-us-east-1-aws-sha256-512-512-205: 2500/2500 tasks started.alibaba-us-east-1-alibaba-sha256-512-512-635: 2500/2500 tasks started.azure-germanywestcentral-azure-sha256-512-512-527: 2500/2500 tasks started.gcp-us-east1-gcp-sha256-512-512-357: 2500/2500 tasks started.
[2025-12-03T17:05:31Z] [[31merror[0m] [task_execution] Error executing task azure-sha256-512: task azure-sha256-512 failed after 7 retries: <nil>
[2025-12-03T17:05:31Z] [[31merror[0m] [task_execution] Error executing task azure-sha256-512: task azure-sha256-512 failed after 7 retries: <nil>
[2025-12-03T17:05:31Z] [[31merror[0m] [task_execution] Error executing task azure-sha256-512: task azure-sha256-512 failed after 7 retries: <nil>
[2025-12-03T17:05:31Z] [[31merror[0m] [task_execution] Error executing task azure-sha256-512: task azure-sha256-512 failed after 7 retries: <nil>
[2025-12-03T17:05:32Z] [[31merror[0m] [task_execution] Error executing task azure-sha256-512: task azure-sha256-512 failed after 7 retries: <nil>
[2025-12-03T17:05:32Z] [[31merror[0m] [task_execution] Error executing task azure-sha256-512: task azure-sha256-512 failed after 7 retries: <nil>
[2025-12-03T17:05:33Z] [[31merror[0m] [task_execution] Error executing task azure-sha256-512: task azure-sha256-512 failed after 7 retries: <nil>
[2025-12-03T17:05:34Z] [[31merror[0m] [task_execution] Error executing task azure-sha256-512: task azure-sha256-512 failed after 7 retries: <nil>
[2025-12-03T17:05:34Z] [[31merror[0m] [task_execution] Error executing task azure-sha256-512: task azure-sha256-512 failed after 7 retries: <nil>
[2025-12-03T17:05:34Z] [[31merror[0m] [task_execution] Error executing task azure-sha256-512: task azure-sha256-512 failed after 7 retries: <nil>
[2025-12-03T17:05:39Z] [[36minfo[0m] [function_finished] Finished benchmarking function azure-sha256-512 and closed archiver
[2025-12-03T17:05:41Z] [[36minfo[0m] [progress_update] aws-us-east-1-aws-sha256-512-512-205: 2500/2500 tasks started.alibaba-us-east-1-alibaba-sha256-512-512-635: 2500/2500 tasks started.azure-germanywestcentral-azure-sha256-512-512-527: 2500/2500 tasks started.gcp-us-east1-gcp-sha256-512-512-357: 2500/2500 tasks started.
[2025-12-03T17:05:41Z] [[36minfo[0m] [finish_timeline] Benchmark Timeline
[Wed Dec  3 17:05:41 UTC 2025] Finished benchmark 'sha256' successfully
[Wed Dec  3 17:05:41 UTC 2025] Sleeping 600 seconds before next workload...
