[Sun Dec  7 17:00:01 UTC 2025] Starting benchmark 'gzip' with config './configs/gzip.yaml'
Validating functions...
[2025-12-07T17:00:01Z] [[36minfo[0m] [executor_setup] Setting up executor for aws-us-east-1-aws-gzip-512-512-606
[2025-12-07T17:00:01Z] [[36minfo[0m] [executor_setup] Setting up executor for alibaba-us-east-1-alibaba-gzip-512-512-886
[2025-12-07T17:00:01Z] [[36minfo[0m] [executor_setup] Setting up executor for azure-germanywestcentral-azure-gzip-512-512-746
[2025-12-07T17:00:01Z] [[0mwarning[0m] [[32mazure_limitations[0m] Azure can´t handle more than 300 parallel requests. Limiting to 300.
[2025-12-07T17:00:01Z] [[36minfo[0m] [executor_setup] Setting up executor for gcp-us-east1-gcp-gzip-512-512-661
[2025-12-07T17:00:01Z] [[36minfo[0m] [start_timeline] Benchmark Timeline
[2025-12-07T17:00:01Z] [[36minfo[0m] [load_generator_start] (gcp: us-east1) Starting load generator with 300 workers
[2025-12-07T17:00:01Z] [[36minfo[0m] [load_generator_start] (aws: us-east-1) Starting load generator with 500 workers
[2025-12-07T17:00:01Z] [[36minfo[0m] [load_generator_start] (alibaba: us-east-1) Starting load generator with 500 workers
[2025-12-07T17:00:01Z] [[36minfo[0m] [load_generator_start] (azure: germanywestcentral) Starting load generator with 300 workers
[2025-12-07T17:00:11Z] [[36minfo[0m] [progress_update] azure-germanywestcentral-azure-gzip-512-512-746: 712/2500 tasks started.gcp-us-east1-gcp-gzip-512-512-661: 1142/2500 tasks started.aws-us-east-1-aws-gzip-512-512-606: 1939/2500 tasks started.alibaba-us-east-1-alibaba-gzip-512-512-886: 1837/2500 tasks started.
[2025-12-07T17:00:21Z] [[36minfo[0m] [progress_update] aws-us-east-1-aws-gzip-512-512-606: 2500/2500 tasks started.alibaba-us-east-1-alibaba-gzip-512-512-886: 2500/2500 tasks started.azure-germanywestcentral-azure-gzip-512-512-746: 753/2500 tasks started.gcp-us-east1-gcp-gzip-512-512-661: 2217/2500 tasks started.
[2025-12-07T17:00:26Z] [[36minfo[0m] [function_finished] Finished benchmarking function aws-gzip-512 and closed archiver
[2025-12-07T17:00:31Z] [[36minfo[0m] [progress_update] alibaba-us-east-1-alibaba-gzip-512-512-886: 2500/2500 tasks started.azure-germanywestcentral-azure-gzip-512-512-746: 1422/2500 tasks started.gcp-us-east1-gcp-gzip-512-512-661: 2500/2500 tasks started.aws-us-east-1-aws-gzip-512-512-606: 2500/2500 tasks started.
[2025-12-07T17:00:41Z] [[36minfo[0m] [function_finished] Finished benchmarking function gcp-gzip-512 and closed archiver
[2025-12-07T17:00:41Z] [[36minfo[0m] [progress_update] azure-germanywestcentral-azure-gzip-512-512-746: 1991/2500 tasks started.gcp-us-east1-gcp-gzip-512-512-661: 2500/2500 tasks started.aws-us-east-1-aws-gzip-512-512-606: 2500/2500 tasks started.alibaba-us-east-1-alibaba-gzip-512-512-886: 2500/2500 tasks started.
[2025-12-07T17:00:51Z] [[36minfo[0m] [progress_update] aws-us-east-1-aws-gzip-512-512-606: 2500/2500 tasks started.alibaba-us-east-1-alibaba-gzip-512-512-886: 2500/2500 tasks started.azure-germanywestcentral-azure-gzip-512-512-746: 2425/2500 tasks started.gcp-us-east1-gcp-gzip-512-512-661: 2500/2500 tasks started.
[2025-12-07T17:01:01Z] [[36minfo[0m] [progress_update] aws-us-east-1-aws-gzip-512-512-606: 2500/2500 tasks started.alibaba-us-east-1-alibaba-gzip-512-512-886: 2500/2500 tasks started.azure-germanywestcentral-azure-gzip-512-512-746: 2441/2500 tasks started.gcp-us-east1-gcp-gzip-512-512-661: 2500/2500 tasks started.
[2025-12-07T17:01:11Z] [[36minfo[0m] [progress_update] aws-us-east-1-aws-gzip-512-512-606: 2500/2500 tasks started.alibaba-us-east-1-alibaba-gzip-512-512-886: 2500/2500 tasks started.azure-germanywestcentral-azure-gzip-512-512-746: 2460/2500 tasks started.gcp-us-east1-gcp-gzip-512-512-661: 2500/2500 tasks started.
[2025-12-07T17:01:21Z] [[36minfo[0m] [progress_update] aws-us-east-1-aws-gzip-512-512-606: 2500/2500 tasks started.alibaba-us-east-1-alibaba-gzip-512-512-886: 2500/2500 tasks started.azure-germanywestcentral-azure-gzip-512-512-746: 2479/2500 tasks started.gcp-us-east1-gcp-gzip-512-512-661: 2500/2500 tasks started.
[2025-12-07T17:01:22Z] [[36minfo[0m] [function_finished] Finished benchmarking function alibaba-gzip-512 and closed archiver
[2025-12-07T17:01:31Z] [[36minfo[0m] [progress_update] aws-us-east-1-aws-gzip-512-512-606: 2500/2500 tasks started.alibaba-us-east-1-alibaba-gzip-512-512-886: 2500/2500 tasks started.azure-germanywestcentral-azure-gzip-512-512-746: 2494/2500 tasks started.gcp-us-east1-gcp-gzip-512-512-661: 2500/2500 tasks started.
[2025-12-07T17:01:41Z] [[36minfo[0m] [progress_update] gcp-us-east1-gcp-gzip-512-512-661: 2500/2500 tasks started.aws-us-east-1-aws-gzip-512-512-606: 2500/2500 tasks started.alibaba-us-east-1-alibaba-gzip-512-512-886: 2500/2500 tasks started.azure-germanywestcentral-azure-gzip-512-512-746: 2500/2500 tasks started.
[2025-12-07T17:01:51Z] [[36minfo[0m] [progress_update] aws-us-east-1-aws-gzip-512-512-606: 2500/2500 tasks started.alibaba-us-east-1-alibaba-gzip-512-512-886: 2500/2500 tasks started.azure-germanywestcentral-azure-gzip-512-512-746: 2500/2500 tasks started.gcp-us-east1-gcp-gzip-512-512-661: 2500/2500 tasks started.
[2025-12-07T17:02:01Z] [[36minfo[0m] [progress_update] aws-us-east-1-aws-gzip-512-512-606: 2500/2500 tasks started.alibaba-us-east-1-alibaba-gzip-512-512-886: 2500/2500 tasks started.azure-germanywestcentral-azure-gzip-512-512-746: 2500/2500 tasks started.gcp-us-east1-gcp-gzip-512-512-661: 2500/2500 tasks started.
[2025-12-07T17:02:11Z] [[36minfo[0m] [progress_update] aws-us-east-1-aws-gzip-512-512-606: 2500/2500 tasks started.alibaba-us-east-1-alibaba-gzip-512-512-886: 2500/2500 tasks started.azure-germanywestcentral-azure-gzip-512-512-746: 2500/2500 tasks started.gcp-us-east1-gcp-gzip-512-512-661: 2500/2500 tasks started.
[2025-12-07T17:02:21Z] [[36minfo[0m] [progress_update] gcp-us-east1-gcp-gzip-512-512-661: 2500/2500 tasks started.aws-us-east-1-aws-gzip-512-512-606: 2500/2500 tasks started.alibaba-us-east-1-alibaba-gzip-512-512-886: 2500/2500 tasks started.azure-germanywestcentral-azure-gzip-512-512-746: 2500/2500 tasks started.
[2025-12-07T17:02:31Z] [[36minfo[0m] [progress_update] aws-us-east-1-aws-gzip-512-512-606: 2500/2500 tasks started.alibaba-us-east-1-alibaba-gzip-512-512-886: 2500/2500 tasks started.azure-germanywestcentral-azure-gzip-512-512-746: 2500/2500 tasks started.gcp-us-east1-gcp-gzip-512-512-661: 2500/2500 tasks started.
[2025-12-07T17:02:41Z] [[36minfo[0m] [progress_update] aws-us-east-1-aws-gzip-512-512-606: 2500/2500 tasks started.alibaba-us-east-1-alibaba-gzip-512-512-886: 2500/2500 tasks started.azure-germanywestcentral-azure-gzip-512-512-746: 2500/2500 tasks started.gcp-us-east1-gcp-gzip-512-512-661: 2500/2500 tasks started.
[2025-12-07T17:02:51Z] [[36minfo[0m] [progress_update] aws-us-east-1-aws-gzip-512-512-606: 2500/2500 tasks started.alibaba-us-east-1-alibaba-gzip-512-512-886: 2500/2500 tasks started.azure-germanywestcentral-azure-gzip-512-512-746: 2500/2500 tasks started.gcp-us-east1-gcp-gzip-512-512-661: 2500/2500 tasks started.
[2025-12-07T17:03:01Z] [[36minfo[0m] [progress_update] aws-us-east-1-aws-gzip-512-512-606: 2500/2500 tasks started.alibaba-us-east-1-alibaba-gzip-512-512-886: 2500/2500 tasks started.azure-germanywestcentral-azure-gzip-512-512-746: 2500/2500 tasks started.gcp-us-east1-gcp-gzip-512-512-661: 2500/2500 tasks started.
[2025-12-07T17:03:11Z] [[36minfo[0m] [progress_update] aws-us-east-1-aws-gzip-512-512-606: 2500/2500 tasks started.alibaba-us-east-1-alibaba-gzip-512-512-886: 2500/2500 tasks started.azure-germanywestcentral-azure-gzip-512-512-746: 2500/2500 tasks started.gcp-us-east1-gcp-gzip-512-512-661: 2500/2500 tasks started.
[2025-12-07T17:03:21Z] [[36minfo[0m] [progress_update] alibaba-us-east-1-alibaba-gzip-512-512-886: 2500/2500 tasks started.azure-germanywestcentral-azure-gzip-512-512-746: 2500/2500 tasks started.gcp-us-east1-gcp-gzip-512-512-661: 2500/2500 tasks started.aws-us-east-1-aws-gzip-512-512-606: 2500/2500 tasks started.
[2025-12-07T17:03:31Z] [[36minfo[0m] [progress_update] alibaba-us-east-1-alibaba-gzip-512-512-886: 2500/2500 tasks started.azure-germanywestcentral-azure-gzip-512-512-746: 2500/2500 tasks started.gcp-us-east1-gcp-gzip-512-512-661: 2500/2500 tasks started.aws-us-east-1-aws-gzip-512-512-606: 2500/2500 tasks started.
[2025-12-07T17:03:41Z] [[36minfo[0m] [progress_update] gcp-us-east1-gcp-gzip-512-512-661: 2500/2500 tasks started.aws-us-east-1-aws-gzip-512-512-606: 2500/2500 tasks started.alibaba-us-east-1-alibaba-gzip-512-512-886: 2500/2500 tasks started.azure-germanywestcentral-azure-gzip-512-512-746: 2500/2500 tasks started.
[2025-12-07T17:03:51Z] [[36minfo[0m] [progress_update] azure-germanywestcentral-azure-gzip-512-512-746: 2500/2500 tasks started.gcp-us-east1-gcp-gzip-512-512-661: 2500/2500 tasks started.aws-us-east-1-aws-gzip-512-512-606: 2500/2500 tasks started.alibaba-us-east-1-alibaba-gzip-512-512-886: 2500/2500 tasks started.
[2025-12-07T17:04:01Z] [[36minfo[0m] [progress_update] aws-us-east-1-aws-gzip-512-512-606: 2500/2500 tasks started.alibaba-us-east-1-alibaba-gzip-512-512-886: 2500/2500 tasks started.azure-germanywestcentral-azure-gzip-512-512-746: 2500/2500 tasks started.gcp-us-east1-gcp-gzip-512-512-661: 2500/2500 tasks started.
[2025-12-07T17:04:11Z] [[36minfo[0m] [progress_update] aws-us-east-1-aws-gzip-512-512-606: 2500/2500 tasks started.alibaba-us-east-1-alibaba-gzip-512-512-886: 2500/2500 tasks started.azure-germanywestcentral-azure-gzip-512-512-746: 2500/2500 tasks started.gcp-us-east1-gcp-gzip-512-512-661: 2500/2500 tasks started.
[2025-12-07T17:04:21Z] [[36minfo[0m] [progress_update] aws-us-east-1-aws-gzip-512-512-606: 2500/2500 tasks started.alibaba-us-east-1-alibaba-gzip-512-512-886: 2500/2500 tasks started.azure-germanywestcentral-azure-gzip-512-512-746: 2500/2500 tasks started.gcp-us-east1-gcp-gzip-512-512-661: 2500/2500 tasks started.
[2025-12-07T17:04:31Z] [[36minfo[0m] [progress_update] aws-us-east-1-aws-gzip-512-512-606: 2500/2500 tasks started.alibaba-us-east-1-alibaba-gzip-512-512-886: 2500/2500 tasks started.azure-germanywestcentral-azure-gzip-512-512-746: 2500/2500 tasks started.gcp-us-east1-gcp-gzip-512-512-661: 2500/2500 tasks started.
[2025-12-07T17:04:41Z] [[36minfo[0m] [progress_update] alibaba-us-east-1-alibaba-gzip-512-512-886: 2500/2500 tasks started.azure-germanywestcentral-azure-gzip-512-512-746: 2500/2500 tasks started.gcp-us-east1-gcp-gzip-512-512-661: 2500/2500 tasks started.aws-us-east-1-aws-gzip-512-512-606: 2500/2500 tasks started.
[2025-12-07T17:04:51Z] [[36minfo[0m] [progress_update] aws-us-east-1-aws-gzip-512-512-606: 2500/2500 tasks started.alibaba-us-east-1-alibaba-gzip-512-512-886: 2500/2500 tasks started.azure-germanywestcentral-azure-gzip-512-512-746: 2500/2500 tasks started.gcp-us-east1-gcp-gzip-512-512-661: 2500/2500 tasks started.
[2025-12-07T17:04:59Z] [[31merror[0m] [task_execution] Error executing task azure-gzip-512: task azure-gzip-512 failed after 7 retries: <nil>
[2025-12-07T17:05:01Z] [[36minfo[0m] [progress_update] aws-us-east-1-aws-gzip-512-512-606: 2500/2500 tasks started.alibaba-us-east-1-alibaba-gzip-512-512-886: 2500/2500 tasks started.azure-germanywestcentral-azure-gzip-512-512-746: 2500/2500 tasks started.gcp-us-east1-gcp-gzip-512-512-661: 2500/2500 tasks started.
[2025-12-07T17:05:04Z] [[36minfo[0m] [function_finished] Finished benchmarking function azure-gzip-512 and closed archiver
[2025-12-07T17:05:06Z] [[36minfo[0m] [finish_timeline] Benchmark Timeline
[Sun Dec  7 17:05:06 UTC 2025] Finished benchmark 'gzip' successfully
[Sun Dec  7 17:05:06 UTC 2025] Sleeping 600 seconds before next workload...
