[Tue Dec  2 12:02:14 UTC 2025] Starting benchmark 'aesctr' with config './configs/aesCtr.yaml'
Validating functions...
[2025-12-02T12:02:14Z] [[36minfo[0m] [executor_setup] Setting up executor for aws-us-east-1-aws-aesCtr-512-512-471
[2025-12-02T12:02:14Z] [[36minfo[0m] [executor_setup] Setting up executor for alibaba-us-east-1-alibaba-aesCtr-512-512-706
[2025-12-02T12:02:14Z] [[36minfo[0m] [executor_setup] Setting up executor for azure-germanywestcentral-azure-aesCtr-512-512-527
[2025-12-02T12:02:14Z] [[0mwarning[0m] [[32mazure_limitations[0m] Azure can´t handle more than 300 parallel requests. Limiting to 300.
[2025-12-02T12:02:14Z] [[36minfo[0m] [executor_setup] Setting up executor for gcp-us-east1-gcp-aesCtr-512-512-330
[2025-12-02T12:02:14Z] [[36minfo[0m] [start_timeline] Benchmark Timeline
[2025-12-02T12:02:14Z] [[36minfo[0m] [load_generator_start] (aws: us-east-1) Starting load generator with 500 workers
[2025-12-02T12:02:14Z] [[36minfo[0m] [load_generator_start] (alibaba: us-east-1) Starting load generator with 500 workers
[2025-12-02T12:02:14Z] [[36minfo[0m] [load_generator_start] (azure: germanywestcentral) Starting load generator with 300 workers
[2025-12-02T12:02:14Z] [[36minfo[0m] [load_generator_start] (gcp: us-east1) Starting load generator with 300 workers
[2025-12-02T12:02:24Z] [[36minfo[0m] [progress_update] azure-germanywestcentral-azure-aesCtr-512-512-527: 648/2500 tasks started.gcp-us-east1-gcp-aesCtr-512-512-330: 599/2500 tasks started.aws-us-east-1-aws-aesCtr-512-512-471: 2124/2500 tasks started.alibaba-us-east-1-alibaba-aesCtr-512-512-706: 2500/2500 tasks started.
[2025-12-02T12:02:34Z] [[36minfo[0m] [progress_update] aws-us-east-1-aws-aesCtr-512-512-471: 2500/2500 tasks started.alibaba-us-east-1-alibaba-aesCtr-512-512-706: 2500/2500 tasks started.azure-germanywestcentral-azure-aesCtr-512-512-527: 652/2500 tasks started.gcp-us-east1-gcp-aesCtr-512-512-330: 1179/2500 tasks started.
[2025-12-02T12:02:38Z] [[36minfo[0m] [function_finished] Finished benchmarking function aws-aesCtr-512 and closed archiver
[2025-12-02T12:02:44Z] [[36minfo[0m] [progress_update] azure-germanywestcentral-azure-aesCtr-512-512-527: 1408/2500 tasks started.gcp-us-east1-gcp-aesCtr-512-512-330: 1742/2500 tasks started.aws-us-east-1-aws-aesCtr-512-512-471: 2500/2500 tasks started.alibaba-us-east-1-alibaba-aesCtr-512-512-706: 2500/2500 tasks started.
[2025-12-02T12:02:54Z] [[36minfo[0m] [progress_update] alibaba-us-east-1-alibaba-aesCtr-512-512-706: 2500/2500 tasks started.azure-germanywestcentral-azure-aesCtr-512-512-527: 1962/2500 tasks started.gcp-us-east1-gcp-aesCtr-512-512-330: 2266/2500 tasks started.aws-us-east-1-aws-aesCtr-512-512-471: 2500/2500 tasks started.
[2025-12-02T12:03:04Z] [[36minfo[0m] [progress_update] aws-us-east-1-aws-aesCtr-512-512-471: 2500/2500 tasks started.alibaba-us-east-1-alibaba-aesCtr-512-512-706: 2500/2500 tasks started.azure-germanywestcentral-azure-aesCtr-512-512-527: 2229/2500 tasks started.gcp-us-east1-gcp-aesCtr-512-512-330: 2500/2500 tasks started.
[2025-12-02T12:03:13Z] [[36minfo[0m] [function_finished] Finished benchmarking function gcp-aesCtr-512 and closed archiver
[2025-12-02T12:03:14Z] [[36minfo[0m] [progress_update] aws-us-east-1-aws-aesCtr-512-512-471: 2500/2500 tasks started.alibaba-us-east-1-alibaba-aesCtr-512-512-706: 2500/2500 tasks started.azure-germanywestcentral-azure-aesCtr-512-512-527: 2232/2500 tasks started.gcp-us-east1-gcp-aesCtr-512-512-330: 2500/2500 tasks started.
[2025-12-02T12:03:24Z] [[36minfo[0m] [progress_update] aws-us-east-1-aws-aesCtr-512-512-471: 2500/2500 tasks started.alibaba-us-east-1-alibaba-aesCtr-512-512-706: 2500/2500 tasks started.azure-germanywestcentral-azure-aesCtr-512-512-527: 2260/2500 tasks started.gcp-us-east1-gcp-aesCtr-512-512-330: 2500/2500 tasks started.
[2025-12-02T12:03:34Z] [[36minfo[0m] [progress_update] aws-us-east-1-aws-aesCtr-512-512-471: 2500/2500 tasks started.alibaba-us-east-1-alibaba-aesCtr-512-512-706: 2500/2500 tasks started.azure-germanywestcentral-azure-aesCtr-512-512-527: 2285/2500 tasks started.gcp-us-east1-gcp-aesCtr-512-512-330: 2500/2500 tasks started.
[2025-12-02T12:03:44Z] [[36minfo[0m] [progress_update] aws-us-east-1-aws-aesCtr-512-512-471: 2500/2500 tasks started.alibaba-us-east-1-alibaba-aesCtr-512-512-706: 2500/2500 tasks started.azure-germanywestcentral-azure-aesCtr-512-512-527: 2305/2500 tasks started.gcp-us-east1-gcp-aesCtr-512-512-330: 2500/2500 tasks started.
[2025-12-02T12:03:54Z] [[36minfo[0m] [progress_update] alibaba-us-east-1-alibaba-aesCtr-512-512-706: 2500/2500 tasks started.azure-germanywestcentral-azure-aesCtr-512-512-527: 2312/2500 tasks started.gcp-us-east1-gcp-aesCtr-512-512-330: 2500/2500 tasks started.aws-us-east-1-aws-aesCtr-512-512-471: 2500/2500 tasks started.
[2025-12-02T12:04:04Z] [[36minfo[0m] [progress_update] alibaba-us-east-1-alibaba-aesCtr-512-512-706: 2500/2500 tasks started.azure-germanywestcentral-azure-aesCtr-512-512-527: 2500/2500 tasks started.gcp-us-east1-gcp-aesCtr-512-512-330: 2500/2500 tasks started.aws-us-east-1-aws-aesCtr-512-512-471: 2500/2500 tasks started.
[2025-12-02T12:04:14Z] [[36minfo[0m] [progress_update] aws-us-east-1-aws-aesCtr-512-512-471: 2500/2500 tasks started.alibaba-us-east-1-alibaba-aesCtr-512-512-706: 2500/2500 tasks started.azure-germanywestcentral-azure-aesCtr-512-512-527: 2500/2500 tasks started.gcp-us-east1-gcp-aesCtr-512-512-330: 2500/2500 tasks started.
[2025-12-02T12:04:24Z] [[36minfo[0m] [progress_update] gcp-us-east1-gcp-aesCtr-512-512-330: 2500/2500 tasks started.aws-us-east-1-aws-aesCtr-512-512-471: 2500/2500 tasks started.alibaba-us-east-1-alibaba-aesCtr-512-512-706: 2500/2500 tasks started.azure-germanywestcentral-azure-aesCtr-512-512-527: 2500/2500 tasks started.
[2025-12-02T12:04:34Z] [[36minfo[0m] [progress_update] azure-germanywestcentral-azure-aesCtr-512-512-527: 2500/2500 tasks started.gcp-us-east1-gcp-aesCtr-512-512-330: 2500/2500 tasks started.aws-us-east-1-aws-aesCtr-512-512-471: 2500/2500 tasks started.alibaba-us-east-1-alibaba-aesCtr-512-512-706: 2500/2500 tasks started.
[2025-12-02T12:04:34Z] [[36minfo[0m] [function_finished] Finished benchmarking function alibaba-aesCtr-512 and closed archiver
[2025-12-02T12:04:44Z] [[36minfo[0m] [progress_update] aws-us-east-1-aws-aesCtr-512-512-471: 2500/2500 tasks started.alibaba-us-east-1-alibaba-aesCtr-512-512-706: 2500/2500 tasks started.azure-germanywestcentral-azure-aesCtr-512-512-527: 2500/2500 tasks started.gcp-us-east1-gcp-aesCtr-512-512-330: 2500/2500 tasks started.
[2025-12-02T12:04:54Z] [[36minfo[0m] [progress_update] gcp-us-east1-gcp-aesCtr-512-512-330: 2500/2500 tasks started.aws-us-east-1-aws-aesCtr-512-512-471: 2500/2500 tasks started.alibaba-us-east-1-alibaba-aesCtr-512-512-706: 2500/2500 tasks started.azure-germanywestcentral-azure-aesCtr-512-512-527: 2500/2500 tasks started.
[2025-12-02T12:05:04Z] [[36minfo[0m] [progress_update] gcp-us-east1-gcp-aesCtr-512-512-330: 2500/2500 tasks started.aws-us-east-1-aws-aesCtr-512-512-471: 2500/2500 tasks started.alibaba-us-east-1-alibaba-aesCtr-512-512-706: 2500/2500 tasks started.azure-germanywestcentral-azure-aesCtr-512-512-527: 2500/2500 tasks started.
[2025-12-02T12:05:14Z] [[36minfo[0m] [progress_update] gcp-us-east1-gcp-aesCtr-512-512-330: 2500/2500 tasks started.aws-us-east-1-aws-aesCtr-512-512-471: 2500/2500 tasks started.alibaba-us-east-1-alibaba-aesCtr-512-512-706: 2500/2500 tasks started.azure-germanywestcentral-azure-aesCtr-512-512-527: 2500/2500 tasks started.
[2025-12-02T12:05:24Z] [[36minfo[0m] [progress_update] azure-germanywestcentral-azure-aesCtr-512-512-527: 2500/2500 tasks started.gcp-us-east1-gcp-aesCtr-512-512-330: 2500/2500 tasks started.aws-us-east-1-aws-aesCtr-512-512-471: 2500/2500 tasks started.alibaba-us-east-1-alibaba-aesCtr-512-512-706: 2500/2500 tasks started.
[2025-12-02T12:05:34Z] [[36minfo[0m] [progress_update] aws-us-east-1-aws-aesCtr-512-512-471: 2500/2500 tasks started.alibaba-us-east-1-alibaba-aesCtr-512-512-706: 2500/2500 tasks started.azure-germanywestcentral-azure-aesCtr-512-512-527: 2500/2500 tasks started.gcp-us-east1-gcp-aesCtr-512-512-330: 2500/2500 tasks started.
[2025-12-02T12:05:44Z] [[36minfo[0m] [progress_update] gcp-us-east1-gcp-aesCtr-512-512-330: 2500/2500 tasks started.aws-us-east-1-aws-aesCtr-512-512-471: 2500/2500 tasks started.alibaba-us-east-1-alibaba-aesCtr-512-512-706: 2500/2500 tasks started.azure-germanywestcentral-azure-aesCtr-512-512-527: 2500/2500 tasks started.
[2025-12-02T12:05:54Z] [[36minfo[0m] [progress_update] alibaba-us-east-1-alibaba-aesCtr-512-512-706: 2500/2500 tasks started.azure-germanywestcentral-azure-aesCtr-512-512-527: 2500/2500 tasks started.gcp-us-east1-gcp-aesCtr-512-512-330: 2500/2500 tasks started.aws-us-east-1-aws-aesCtr-512-512-471: 2500/2500 tasks started.
[2025-12-02T12:06:04Z] [[36minfo[0m] [progress_update] aws-us-east-1-aws-aesCtr-512-512-471: 2500/2500 tasks started.alibaba-us-east-1-alibaba-aesCtr-512-512-706: 2500/2500 tasks started.azure-germanywestcentral-azure-aesCtr-512-512-527: 2500/2500 tasks started.gcp-us-east1-gcp-aesCtr-512-512-330: 2500/2500 tasks started.
[2025-12-02T12:06:14Z] [[36minfo[0m] [progress_update] aws-us-east-1-aws-aesCtr-512-512-471: 2500/2500 tasks started.alibaba-us-east-1-alibaba-aesCtr-512-512-706: 2500/2500 tasks started.azure-germanywestcentral-azure-aesCtr-512-512-527: 2500/2500 tasks started.gcp-us-east1-gcp-aesCtr-512-512-330: 2500/2500 tasks started.
[2025-12-02T12:06:24Z] [[36minfo[0m] [progress_update] aws-us-east-1-aws-aesCtr-512-512-471: 2500/2500 tasks started.alibaba-us-east-1-alibaba-aesCtr-512-512-706: 2500/2500 tasks started.azure-germanywestcentral-azure-aesCtr-512-512-527: 2500/2500 tasks started.gcp-us-east1-gcp-aesCtr-512-512-330: 2500/2500 tasks started.
[2025-12-02T12:06:34Z] [[36minfo[0m] [progress_update] aws-us-east-1-aws-aesCtr-512-512-471: 2500/2500 tasks started.alibaba-us-east-1-alibaba-aesCtr-512-512-706: 2500/2500 tasks started.azure-germanywestcentral-azure-aesCtr-512-512-527: 2500/2500 tasks started.gcp-us-east1-gcp-aesCtr-512-512-330: 2500/2500 tasks started.
[2025-12-02T12:06:44Z] [[36minfo[0m] [progress_update] gcp-us-east1-gcp-aesCtr-512-512-330: 2500/2500 tasks started.aws-us-east-1-aws-aesCtr-512-512-471: 2500/2500 tasks started.alibaba-us-east-1-alibaba-aesCtr-512-512-706: 2500/2500 tasks started.azure-germanywestcentral-azure-aesCtr-512-512-527: 2500/2500 tasks started.
[2025-12-02T12:06:54Z] [[36minfo[0m] [progress_update] aws-us-east-1-aws-aesCtr-512-512-471: 2500/2500 tasks started.alibaba-us-east-1-alibaba-aesCtr-512-512-706: 2500/2500 tasks started.azure-germanywestcentral-azure-aesCtr-512-512-527: 2500/2500 tasks started.gcp-us-east1-gcp-aesCtr-512-512-330: 2500/2500 tasks started.
[2025-12-02T12:07:04Z] [[36minfo[0m] [progress_update] gcp-us-east1-gcp-aesCtr-512-512-330: 2500/2500 tasks started.aws-us-east-1-aws-aesCtr-512-512-471: 2500/2500 tasks started.alibaba-us-east-1-alibaba-aesCtr-512-512-706: 2500/2500 tasks started.azure-germanywestcentral-azure-aesCtr-512-512-527: 2500/2500 tasks started.
[2025-12-02T12:07:13Z] [[31merror[0m] [task_execution] Error executing task azure-aesCtr-512: task azure-aesCtr-512 failed after 7 retries: <nil>
[2025-12-02T12:07:14Z] [[31merror[0m] [task_execution] Error executing task azure-aesCtr-512: task azure-aesCtr-512 failed after 7 retries: <nil>
[2025-12-02T12:07:14Z] [[36minfo[0m] [progress_update] aws-us-east-1-aws-aesCtr-512-512-471: 2500/2500 tasks started.alibaba-us-east-1-alibaba-aesCtr-512-512-706: 2500/2500 tasks started.azure-germanywestcentral-azure-aesCtr-512-512-527: 2500/2500 tasks started.gcp-us-east1-gcp-aesCtr-512-512-330: 2500/2500 tasks started.
[2025-12-02T12:07:23Z] [[31merror[0m] [task_execution] Error executing task azure-aesCtr-512: task azure-aesCtr-512 failed after 7 retries: <nil>
[2025-12-02T12:07:24Z] [[36minfo[0m] [progress_update] azure-germanywestcentral-azure-aesCtr-512-512-527: 2500/2500 tasks started.gcp-us-east1-gcp-aesCtr-512-512-330: 2500/2500 tasks started.aws-us-east-1-aws-aesCtr-512-512-471: 2500/2500 tasks started.alibaba-us-east-1-alibaba-aesCtr-512-512-706: 2500/2500 tasks started.
[2025-12-02T12:07:25Z] [[31merror[0m] [task_execution] Error executing task azure-aesCtr-512: task azure-aesCtr-512 failed after 7 retries: <nil>
[2025-12-02T12:07:30Z] [[36minfo[0m] [function_finished] Finished benchmarking function azure-aesCtr-512 and closed archiver
[2025-12-02T12:07:32Z] [[36minfo[0m] [finish_timeline] Benchmark Timeline
[Tue Dec  2 12:07:32 UTC 2025] Finished benchmark 'aesctr' successfully
