[Mon Dec  1 12:02:08 UTC 2025] Starting benchmark 'sha256' with config './configs/sha256.yaml'
Validating functions...
[2025-12-01T12:02:08Z] [[36minfo[0m] [executor_setup] Setting up executor for aws-us-east-1-aws-sha256-512-512-458
[2025-12-01T12:02:08Z] [[36minfo[0m] [executor_setup] Setting up executor for alibaba-us-east-1-alibaba-sha256-512-512-377
[2025-12-01T12:02:08Z] [[36minfo[0m] [executor_setup] Setting up executor for azure-germanywestcentral-azure-sha256-512-512-498
[2025-12-01T12:02:08Z] [[0mwarning[0m] [[32mazure_limitations[0m] Azure can´t handle more than 300 parallel requests. Limiting to 300.
[2025-12-01T12:02:08Z] [[36minfo[0m] [executor_setup] Setting up executor for gcp-us-east1-gcp-sha256-512-512-42
[2025-12-01T12:02:08Z] [[36minfo[0m] [start_timeline] Benchmark Timeline
[2025-12-01T12:02:08Z] [[36minfo[0m] [load_generator_start] (gcp: us-east1) Starting load generator with 300 workers
[2025-12-01T12:02:08Z] [[36minfo[0m] [load_generator_start] (aws: us-east-1) Starting load generator with 500 workers
[2025-12-01T12:02:08Z] [[36minfo[0m] [load_generator_start] (alibaba: us-east-1) Starting load generator with 500 workers
[2025-12-01T12:02:08Z] [[36minfo[0m] [load_generator_start] (azure: germanywestcentral) Starting load generator with 300 workers
[2025-12-01T12:02:18Z] [[36minfo[0m] [progress_update] aws-us-east-1-aws-sha256-512-512-458: 1713/2500 tasks started.alibaba-us-east-1-alibaba-sha256-512-512-377: 1459/2500 tasks started.azure-germanywestcentral-azure-sha256-512-512-498: 650/2500 tasks started.gcp-us-east1-gcp-sha256-512-512-42: 1624/2500 tasks started.
[2025-12-01T12:02:28Z] [[36minfo[0m] [progress_update] azure-germanywestcentral-azure-sha256-512-512-498: 711/2500 tasks started.gcp-us-east1-gcp-sha256-512-512-42: 2500/2500 tasks started.aws-us-east-1-aws-sha256-512-512-458: 2500/2500 tasks started.alibaba-us-east-1-alibaba-sha256-512-512-377: 2500/2500 tasks started.
[2025-12-01T12:02:35Z] [[36minfo[0m] [function_finished] Finished benchmarking function aws-sha256-512 and closed archiver
[2025-12-01T12:02:38Z] [[36minfo[0m] [progress_update] aws-us-east-1-aws-sha256-512-512-458: 2500/2500 tasks started.alibaba-us-east-1-alibaba-sha256-512-512-377: 2500/2500 tasks started.azure-germanywestcentral-azure-sha256-512-512-498: 1576/2500 tasks started.gcp-us-east1-gcp-sha256-512-512-42: 2500/2500 tasks started.
[2025-12-01T12:02:45Z] [[36minfo[0m] [function_finished] Finished benchmarking function gcp-sha256-512 and closed archiver
[2025-12-01T12:02:48Z] [[36minfo[0m] [progress_update] aws-us-east-1-aws-sha256-512-512-458: 2500/2500 tasks started.alibaba-us-east-1-alibaba-sha256-512-512-377: 2500/2500 tasks started.azure-germanywestcentral-azure-sha256-512-512-498: 2112/2500 tasks started.gcp-us-east1-gcp-sha256-512-512-42: 2500/2500 tasks started.
[2025-12-01T12:02:58Z] [[36minfo[0m] [progress_update] aws-us-east-1-aws-sha256-512-512-458: 2500/2500 tasks started.alibaba-us-east-1-alibaba-sha256-512-512-377: 2500/2500 tasks started.azure-germanywestcentral-azure-sha256-512-512-498: 2213/2500 tasks started.gcp-us-east1-gcp-sha256-512-512-42: 2500/2500 tasks started.
[2025-12-01T12:03:08Z] [[36minfo[0m] [progress_update] azure-germanywestcentral-azure-sha256-512-512-498: 2254/2500 tasks started.gcp-us-east1-gcp-sha256-512-512-42: 2500/2500 tasks started.aws-us-east-1-aws-sha256-512-512-458: 2500/2500 tasks started.alibaba-us-east-1-alibaba-sha256-512-512-377: 2500/2500 tasks started.
[2025-12-01T12:03:18Z] [[36minfo[0m] [progress_update] alibaba-us-east-1-alibaba-sha256-512-512-377: 2500/2500 tasks started.azure-germanywestcentral-azure-sha256-512-512-498: 2339/2500 tasks started.gcp-us-east1-gcp-sha256-512-512-42: 2500/2500 tasks started.aws-us-east-1-aws-sha256-512-512-458: 2500/2500 tasks started.
[2025-12-01T12:03:28Z] [[36minfo[0m] [progress_update] azure-germanywestcentral-azure-sha256-512-512-498: 2356/2500 tasks started.gcp-us-east1-gcp-sha256-512-512-42: 2500/2500 tasks started.aws-us-east-1-aws-sha256-512-512-458: 2500/2500 tasks started.alibaba-us-east-1-alibaba-sha256-512-512-377: 2500/2500 tasks started.
[2025-12-01T12:03:29Z] [[36minfo[0m] [function_finished] Finished benchmarking function alibaba-sha256-512 and closed archiver
[2025-12-01T12:03:38Z] [[36minfo[0m] [progress_update] aws-us-east-1-aws-sha256-512-512-458: 2500/2500 tasks started.alibaba-us-east-1-alibaba-sha256-512-512-377: 2500/2500 tasks started.azure-germanywestcentral-azure-sha256-512-512-498: 2360/2500 tasks started.gcp-us-east1-gcp-sha256-512-512-42: 2500/2500 tasks started.
[2025-12-01T12:03:48Z] [[36minfo[0m] [progress_update] aws-us-east-1-aws-sha256-512-512-458: 2500/2500 tasks started.alibaba-us-east-1-alibaba-sha256-512-512-377: 2500/2500 tasks started.azure-germanywestcentral-azure-sha256-512-512-498: 2403/2500 tasks started.gcp-us-east1-gcp-sha256-512-512-42: 2500/2500 tasks started.
[2025-12-01T12:03:58Z] [[36minfo[0m] [progress_update] azure-germanywestcentral-azure-sha256-512-512-498: 2427/2500 tasks started.gcp-us-east1-gcp-sha256-512-512-42: 2500/2500 tasks started.aws-us-east-1-aws-sha256-512-512-458: 2500/2500 tasks started.alibaba-us-east-1-alibaba-sha256-512-512-377: 2500/2500 tasks started.
[2025-12-01T12:04:08Z] [[36minfo[0m] [progress_update] gcp-us-east1-gcp-sha256-512-512-42: 2500/2500 tasks started.aws-us-east-1-aws-sha256-512-512-458: 2500/2500 tasks started.alibaba-us-east-1-alibaba-sha256-512-512-377: 2500/2500 tasks started.azure-germanywestcentral-azure-sha256-512-512-498: 2453/2500 tasks started.
[2025-12-01T12:04:18Z] [[36minfo[0m] [progress_update] gcp-us-east1-gcp-sha256-512-512-42: 2500/2500 tasks started.aws-us-east-1-aws-sha256-512-512-458: 2500/2500 tasks started.alibaba-us-east-1-alibaba-sha256-512-512-377: 2500/2500 tasks started.azure-germanywestcentral-azure-sha256-512-512-498: 2500/2500 tasks started.
[2025-12-01T12:04:28Z] [[36minfo[0m] [progress_update] aws-us-east-1-aws-sha256-512-512-458: 2500/2500 tasks started.alibaba-us-east-1-alibaba-sha256-512-512-377: 2500/2500 tasks started.azure-germanywestcentral-azure-sha256-512-512-498: 2500/2500 tasks started.gcp-us-east1-gcp-sha256-512-512-42: 2500/2500 tasks started.
[2025-12-01T12:04:38Z] [[36minfo[0m] [progress_update] aws-us-east-1-aws-sha256-512-512-458: 2500/2500 tasks started.alibaba-us-east-1-alibaba-sha256-512-512-377: 2500/2500 tasks started.azure-germanywestcentral-azure-sha256-512-512-498: 2500/2500 tasks started.gcp-us-east1-gcp-sha256-512-512-42: 2500/2500 tasks started.
[2025-12-01T12:04:48Z] [[36minfo[0m] [progress_update] aws-us-east-1-aws-sha256-512-512-458: 2500/2500 tasks started.alibaba-us-east-1-alibaba-sha256-512-512-377: 2500/2500 tasks started.azure-germanywestcentral-azure-sha256-512-512-498: 2500/2500 tasks started.gcp-us-east1-gcp-sha256-512-512-42: 2500/2500 tasks started.
[2025-12-01T12:04:58Z] [[36minfo[0m] [progress_update] alibaba-us-east-1-alibaba-sha256-512-512-377: 2500/2500 tasks started.azure-germanywestcentral-azure-sha256-512-512-498: 2500/2500 tasks started.gcp-us-east1-gcp-sha256-512-512-42: 2500/2500 tasks started.aws-us-east-1-aws-sha256-512-512-458: 2500/2500 tasks started.
[2025-12-01T12:05:08Z] [[36minfo[0m] [progress_update] aws-us-east-1-aws-sha256-512-512-458: 2500/2500 tasks started.alibaba-us-east-1-alibaba-sha256-512-512-377: 2500/2500 tasks started.azure-germanywestcentral-azure-sha256-512-512-498: 2500/2500 tasks started.gcp-us-east1-gcp-sha256-512-512-42: 2500/2500 tasks started.
[2025-12-01T12:05:18Z] [[36minfo[0m] [progress_update] aws-us-east-1-aws-sha256-512-512-458: 2500/2500 tasks started.alibaba-us-east-1-alibaba-sha256-512-512-377: 2500/2500 tasks started.azure-germanywestcentral-azure-sha256-512-512-498: 2500/2500 tasks started.gcp-us-east1-gcp-sha256-512-512-42: 2500/2500 tasks started.
[2025-12-01T12:05:28Z] [[36minfo[0m] [progress_update] aws-us-east-1-aws-sha256-512-512-458: 2500/2500 tasks started.alibaba-us-east-1-alibaba-sha256-512-512-377: 2500/2500 tasks started.azure-germanywestcentral-azure-sha256-512-512-498: 2500/2500 tasks started.gcp-us-east1-gcp-sha256-512-512-42: 2500/2500 tasks started.
[2025-12-01T12:05:38Z] [[36minfo[0m] [progress_update] aws-us-east-1-aws-sha256-512-512-458: 2500/2500 tasks started.alibaba-us-east-1-alibaba-sha256-512-512-377: 2500/2500 tasks started.azure-germanywestcentral-azure-sha256-512-512-498: 2500/2500 tasks started.gcp-us-east1-gcp-sha256-512-512-42: 2500/2500 tasks started.
[2025-12-01T12:05:48Z] [[36minfo[0m] [progress_update] gcp-us-east1-gcp-sha256-512-512-42: 2500/2500 tasks started.aws-us-east-1-aws-sha256-512-512-458: 2500/2500 tasks started.alibaba-us-east-1-alibaba-sha256-512-512-377: 2500/2500 tasks started.azure-germanywestcentral-azure-sha256-512-512-498: 2500/2500 tasks started.
[2025-12-01T12:05:58Z] [[36minfo[0m] [progress_update] aws-us-east-1-aws-sha256-512-512-458: 2500/2500 tasks started.alibaba-us-east-1-alibaba-sha256-512-512-377: 2500/2500 tasks started.azure-germanywestcentral-azure-sha256-512-512-498: 2500/2500 tasks started.gcp-us-east1-gcp-sha256-512-512-42: 2500/2500 tasks started.
[2025-12-01T12:06:08Z] [[36minfo[0m] [progress_update] aws-us-east-1-aws-sha256-512-512-458: 2500/2500 tasks started.alibaba-us-east-1-alibaba-sha256-512-512-377: 2500/2500 tasks started.azure-germanywestcentral-azure-sha256-512-512-498: 2500/2500 tasks started.gcp-us-east1-gcp-sha256-512-512-42: 2500/2500 tasks started.
[2025-12-01T12:06:18Z] [[36minfo[0m] [progress_update] aws-us-east-1-aws-sha256-512-512-458: 2500/2500 tasks started.alibaba-us-east-1-alibaba-sha256-512-512-377: 2500/2500 tasks started.azure-germanywestcentral-azure-sha256-512-512-498: 2500/2500 tasks started.gcp-us-east1-gcp-sha256-512-512-42: 2500/2500 tasks started.
[2025-12-01T12:06:28Z] [[36minfo[0m] [progress_update] azure-germanywestcentral-azure-sha256-512-512-498: 2500/2500 tasks started.gcp-us-east1-gcp-sha256-512-512-42: 2500/2500 tasks started.aws-us-east-1-aws-sha256-512-512-458: 2500/2500 tasks started.alibaba-us-east-1-alibaba-sha256-512-512-377: 2500/2500 tasks started.
[2025-12-01T12:06:30Z] [[31merror[0m] [task_execution] Error executing task azure-sha256-512: task azure-sha256-512 failed after 7 retries: <nil>
[2025-12-01T12:06:38Z] [[36minfo[0m] [progress_update] aws-us-east-1-aws-sha256-512-512-458: 2500/2500 tasks started.alibaba-us-east-1-alibaba-sha256-512-512-377: 2500/2500 tasks started.azure-germanywestcentral-azure-sha256-512-512-498: 2500/2500 tasks started.gcp-us-east1-gcp-sha256-512-512-42: 2500/2500 tasks started.
[2025-12-01T12:06:45Z] [[31merror[0m] [task_execution] Error executing task azure-sha256-512: task azure-sha256-512 failed after 7 retries: <nil>
[2025-12-01T12:06:45Z] [[31merror[0m] [task_execution] Error executing task azure-sha256-512: task azure-sha256-512 failed after 7 retries: <nil>
[2025-12-01T12:06:45Z] [[31merror[0m] [task_execution] Error executing task azure-sha256-512: task azure-sha256-512 failed after 7 retries: <nil>
[2025-12-01T12:06:45Z] [[31merror[0m] [task_execution] Error executing task azure-sha256-512: task azure-sha256-512 failed after 7 retries: <nil>
[2025-12-01T12:06:45Z] [[31merror[0m] [task_execution] Error executing task azure-sha256-512: task azure-sha256-512 failed after 7 retries: <nil>
[2025-12-01T12:06:45Z] [[31merror[0m] [task_execution] Error executing task azure-sha256-512: task azure-sha256-512 failed after 7 retries: <nil>
[2025-12-01T12:06:45Z] [[31merror[0m] [task_execution] Error executing task azure-sha256-512: task azure-sha256-512 failed after 7 retries: <nil>
[2025-12-01T12:06:45Z] [[31merror[0m] [task_execution] Error executing task azure-sha256-512: task azure-sha256-512 failed after 7 retries: <nil>
[2025-12-01T12:06:45Z] [[31merror[0m] [task_execution] Error executing task azure-sha256-512: task azure-sha256-512 failed after 7 retries: <nil>
[2025-12-01T12:06:45Z] [[31merror[0m] [task_execution] Error executing task azure-sha256-512: task azure-sha256-512 failed after 7 retries: <nil>
[2025-12-01T12:06:45Z] [[31merror[0m] [task_execution] Error executing task azure-sha256-512: task azure-sha256-512 failed after 7 retries: <nil>
[2025-12-01T12:06:45Z] [[31merror[0m] [task_execution] Error executing task azure-sha256-512: task azure-sha256-512 failed after 7 retries: <nil>
[2025-12-01T12:06:45Z] [[31merror[0m] [task_execution] Error executing task azure-sha256-512: task azure-sha256-512 failed after 7 retries: <nil>
[2025-12-01T12:06:45Z] [[31merror[0m] [task_execution] Error executing task azure-sha256-512: task azure-sha256-512 failed after 7 retries: <nil>
[2025-12-01T12:06:45Z] [[31merror[0m] [task_execution] Error executing task azure-sha256-512: task azure-sha256-512 failed after 7 retries: <nil>
[2025-12-01T12:06:45Z] [[31merror[0m] [task_execution] Error executing task azure-sha256-512: task azure-sha256-512 failed after 7 retries: <nil>
[2025-12-01T12:06:45Z] [[31merror[0m] [task_execution] Error executing task azure-sha256-512: task azure-sha256-512 failed after 7 retries: <nil>
[2025-12-01T12:06:45Z] [[31merror[0m] [task_execution] Error executing task azure-sha256-512: task azure-sha256-512 failed after 7 retries: <nil>
[2025-12-01T12:06:45Z] [[31merror[0m] [task_execution] Error executing task azure-sha256-512: task azure-sha256-512 failed after 7 retries: <nil>
[2025-12-01T12:06:45Z] [[31merror[0m] [task_execution] Error executing task azure-sha256-512: task azure-sha256-512 failed after 7 retries: <nil>
[2025-12-01T12:06:45Z] [[31merror[0m] [task_execution] Error executing task azure-sha256-512: task azure-sha256-512 failed after 7 retries: <nil>
[2025-12-01T12:06:45Z] [[31merror[0m] [task_execution] Error executing task azure-sha256-512: task azure-sha256-512 failed after 7 retries: <nil>
[2025-12-01T12:06:45Z] [[31merror[0m] [task_execution] Error executing task azure-sha256-512: task azure-sha256-512 failed after 7 retries: <nil>
[2025-12-01T12:06:46Z] [[31merror[0m] [task_execution] Error executing task azure-sha256-512: task azure-sha256-512 failed after 7 retries: <nil>
[2025-12-01T12:06:46Z] [[31merror[0m] [task_execution] Error executing task azure-sha256-512: task azure-sha256-512 failed after 7 retries: <nil>
[2025-12-01T12:06:46Z] [[31merror[0m] [task_execution] Error executing task azure-sha256-512: task azure-sha256-512 failed after 7 retries: <nil>
[2025-12-01T12:06:47Z] [[31merror[0m] [task_execution] Error executing task azure-sha256-512: task azure-sha256-512 failed after 7 retries: <nil>
[2025-12-01T12:06:48Z] [[31merror[0m] [task_execution] Error executing task azure-sha256-512: task azure-sha256-512 failed after 7 retries: <nil>
[2025-12-01T12:06:48Z] [[31merror[0m] [task_execution] Error executing task azure-sha256-512: task azure-sha256-512 failed after 7 retries: <nil>
[2025-12-01T12:06:48Z] [[31merror[0m] [task_execution] Error executing task azure-sha256-512: task azure-sha256-512 failed after 7 retries: <nil>
[2025-12-01T12:06:48Z] [[36minfo[0m] [progress_update] aws-us-east-1-aws-sha256-512-512-458: 2500/2500 tasks started.alibaba-us-east-1-alibaba-sha256-512-512-377: 2500/2500 tasks started.azure-germanywestcentral-azure-sha256-512-512-498: 2500/2500 tasks started.gcp-us-east1-gcp-sha256-512-512-42: 2500/2500 tasks started.
[2025-12-01T12:06:58Z] [[36minfo[0m] [progress_update] aws-us-east-1-aws-sha256-512-512-458: 2500/2500 tasks started.alibaba-us-east-1-alibaba-sha256-512-512-377: 2500/2500 tasks started.azure-germanywestcentral-azure-sha256-512-512-498: 2500/2500 tasks started.gcp-us-east1-gcp-sha256-512-512-42: 2500/2500 tasks started.
[2025-12-01T12:07:01Z] [[31merror[0m] [task_execution] Error executing task azure-sha256-512: task azure-sha256-512 failed after 7 retries: <nil>
[2025-12-01T12:07:01Z] [[31merror[0m] [task_execution] Error executing task azure-sha256-512: task azure-sha256-512 failed after 7 retries: <nil>
[2025-12-01T12:07:02Z] [[31merror[0m] [task_execution] Error executing task azure-sha256-512: task azure-sha256-512 failed after 7 retries: <nil>
[2025-12-01T12:07:02Z] [[31merror[0m] [task_execution] Error executing task azure-sha256-512: task azure-sha256-512 failed after 7 retries: <nil>
[2025-12-01T12:07:02Z] [[31merror[0m] [task_execution] Error executing task azure-sha256-512: task azure-sha256-512 failed after 7 retries: <nil>
[2025-12-01T12:07:02Z] [[31merror[0m] [task_execution] Error executing task azure-sha256-512: task azure-sha256-512 failed after 7 retries: <nil>
[2025-12-01T12:07:02Z] [[31merror[0m] [task_execution] Error executing task azure-sha256-512: task azure-sha256-512 failed after 7 retries: <nil>
[2025-12-01T12:07:02Z] [[31merror[0m] [task_execution] Error executing task azure-sha256-512: task azure-sha256-512 failed after 7 retries: <nil>
[2025-12-01T12:07:02Z] [[31merror[0m] [task_execution] Error executing task azure-sha256-512: task azure-sha256-512 failed after 7 retries: <nil>
[2025-12-01T12:07:02Z] [[31merror[0m] [task_execution] Error executing task azure-sha256-512: task azure-sha256-512 failed after 7 retries: <nil>
[2025-12-01T12:07:02Z] [[31merror[0m] [task_execution] Error executing task azure-sha256-512: task azure-sha256-512 failed after 7 retries: <nil>
[2025-12-01T12:07:02Z] [[31merror[0m] [task_execution] Error executing task azure-sha256-512: task azure-sha256-512 failed after 7 retries: <nil>
[2025-12-01T12:07:02Z] [[31merror[0m] [task_execution] Error executing task azure-sha256-512: task azure-sha256-512 failed after 7 retries: <nil>
[2025-12-01T12:07:02Z] [[31merror[0m] [task_execution] Error executing task azure-sha256-512: task azure-sha256-512 failed after 7 retries: <nil>
[2025-12-01T12:07:02Z] [[31merror[0m] [task_execution] Error executing task azure-sha256-512: task azure-sha256-512 failed after 7 retries: <nil>
[2025-12-01T12:07:02Z] [[31merror[0m] [task_execution] Error executing task azure-sha256-512: task azure-sha256-512 failed after 7 retries: <nil>
[2025-12-01T12:07:02Z] [[31merror[0m] [task_execution] Error executing task azure-sha256-512: task azure-sha256-512 failed after 7 retries: <nil>
[2025-12-01T12:07:02Z] [[31merror[0m] [task_execution] Error executing task azure-sha256-512: task azure-sha256-512 failed after 7 retries: <nil>
[2025-12-01T12:07:02Z] [[31merror[0m] [task_execution] Error executing task azure-sha256-512: task azure-sha256-512 failed after 7 retries: <nil>
[2025-12-01T12:07:02Z] [[31merror[0m] [task_execution] Error executing task azure-sha256-512: task azure-sha256-512 failed after 7 retries: <nil>
[2025-12-01T12:07:02Z] [[31merror[0m] [task_execution] Error executing task azure-sha256-512: task azure-sha256-512 failed after 7 retries: <nil>
[2025-12-01T12:07:02Z] [[31merror[0m] [task_execution] Error executing task azure-sha256-512: task azure-sha256-512 failed after 7 retries: <nil>
[2025-12-01T12:07:02Z] [[31merror[0m] [task_execution] Error executing task azure-sha256-512: task azure-sha256-512 failed after 7 retries: <nil>
[2025-12-01T12:07:02Z] [[31merror[0m] [task_execution] Error executing task azure-sha256-512: task azure-sha256-512 failed after 7 retries: <nil>
[2025-12-01T12:07:02Z] [[31merror[0m] [task_execution] Error executing task azure-sha256-512: task azure-sha256-512 failed after 7 retries: <nil>
[2025-12-01T12:07:03Z] [[31merror[0m] [task_execution] Error executing task azure-sha256-512: task azure-sha256-512 failed after 7 retries: <nil>
[2025-12-01T12:07:03Z] [[31merror[0m] [task_execution] Error executing task azure-sha256-512: task azure-sha256-512 failed after 7 retries: <nil>
[2025-12-01T12:07:03Z] [[31merror[0m] [task_execution] Error executing task azure-sha256-512: task azure-sha256-512 failed after 7 retries: <nil>
[2025-12-01T12:07:03Z] [[31merror[0m] [task_execution] Error executing task azure-sha256-512: task azure-sha256-512 failed after 7 retries: <nil>
[2025-12-01T12:07:03Z] [[31merror[0m] [task_execution] Error executing task azure-sha256-512: task azure-sha256-512 failed after 7 retries: <nil>
[2025-12-01T12:07:03Z] [[31merror[0m] [task_execution] Error executing task azure-sha256-512: task azure-sha256-512 failed after 7 retries: <nil>
[2025-12-01T12:07:03Z] [[31merror[0m] [task_execution] Error executing task azure-sha256-512: task azure-sha256-512 failed after 7 retries: <nil>
[2025-12-01T12:07:03Z] [[31merror[0m] [task_execution] Error executing task azure-sha256-512: task azure-sha256-512 failed after 7 retries: <nil>
[2025-12-01T12:07:03Z] [[31merror[0m] [task_execution] Error executing task azure-sha256-512: task azure-sha256-512 failed after 7 retries: <nil>
[2025-12-01T12:07:03Z] [[31merror[0m] [task_execution] Error executing task azure-sha256-512: task azure-sha256-512 failed after 7 retries: <nil>
[2025-12-01T12:07:03Z] [[31merror[0m] [task_execution] Error executing task azure-sha256-512: task azure-sha256-512 failed after 7 retries: <nil>
[2025-12-01T12:07:03Z] [[31merror[0m] [task_execution] Error executing task azure-sha256-512: task azure-sha256-512 failed after 7 retries: <nil>
[2025-12-01T12:07:03Z] [[31merror[0m] [task_execution] Error executing task azure-sha256-512: task azure-sha256-512 failed after 7 retries: <nil>
[2025-12-01T12:07:03Z] [[31merror[0m] [task_execution] Error executing task azure-sha256-512: task azure-sha256-512 failed after 7 retries: <nil>
[2025-12-01T12:07:03Z] [[31merror[0m] [task_execution] Error executing task azure-sha256-512: task azure-sha256-512 failed after 7 retries: <nil>
[2025-12-01T12:07:03Z] [[31merror[0m] [task_execution] Error executing task azure-sha256-512: task azure-sha256-512 failed after 7 retries: <nil>
[2025-12-01T12:07:03Z] [[31merror[0m] [task_execution] Error executing task azure-sha256-512: task azure-sha256-512 failed after 7 retries: <nil>
[2025-12-01T12:07:03Z] [[31merror[0m] [task_execution] Error executing task azure-sha256-512: task azure-sha256-512 failed after 7 retries: <nil>
[2025-12-01T12:07:03Z] [[31merror[0m] [task_execution] Error executing task azure-sha256-512: task azure-sha256-512 failed after 7 retries: <nil>
[2025-12-01T12:07:03Z] [[31merror[0m] [task_execution] Error executing task azure-sha256-512: task azure-sha256-512 failed after 7 retries: <nil>
[2025-12-01T12:07:04Z] [[31merror[0m] [task_execution] Error executing task azure-sha256-512: task azure-sha256-512 failed after 7 retries: <nil>
[2025-12-01T12:07:04Z] [[31merror[0m] [task_execution] Error executing task azure-sha256-512: task azure-sha256-512 failed after 7 retries: <nil>
[2025-12-01T12:07:04Z] [[31merror[0m] [task_execution] Error executing task azure-sha256-512: task azure-sha256-512 failed after 7 retries: <nil>
[2025-12-01T12:07:04Z] [[31merror[0m] [task_execution] Error executing task azure-sha256-512: task azure-sha256-512 failed after 7 retries: <nil>
[2025-12-01T12:07:04Z] [[31merror[0m] [task_execution] Error executing task azure-sha256-512: task azure-sha256-512 failed after 7 retries: <nil>
[2025-12-01T12:07:04Z] [[31merror[0m] [task_execution] Error executing task azure-sha256-512: task azure-sha256-512 failed after 7 retries: <nil>
[2025-12-01T12:07:04Z] [[31merror[0m] [task_execution] Error executing task azure-sha256-512: task azure-sha256-512 failed after 7 retries: <nil>
[2025-12-01T12:07:04Z] [[31merror[0m] [task_execution] Error executing task azure-sha256-512: task azure-sha256-512 failed after 7 retries: <nil>
[2025-12-01T12:07:04Z] [[31merror[0m] [task_execution] Error executing task azure-sha256-512: task azure-sha256-512 failed after 7 retries: <nil>
[2025-12-01T12:07:04Z] [[31merror[0m] [task_execution] Error executing task azure-sha256-512: task azure-sha256-512 failed after 7 retries: <nil>
[2025-12-01T12:07:04Z] [[31merror[0m] [task_execution] Error executing task azure-sha256-512: task azure-sha256-512 failed after 7 retries: <nil>
[2025-12-01T12:07:04Z] [[31merror[0m] [task_execution] Error executing task azure-sha256-512: task azure-sha256-512 failed after 7 retries: <nil>
[2025-12-01T12:07:04Z] [[31merror[0m] [task_execution] Error executing task azure-sha256-512: task azure-sha256-512 failed after 7 retries: <nil>
[2025-12-01T12:07:04Z] [[31merror[0m] [task_execution] Error executing task azure-sha256-512: task azure-sha256-512 failed after 7 retries: <nil>
[2025-12-01T12:07:04Z] [[31merror[0m] [task_execution] Error executing task azure-sha256-512: task azure-sha256-512 failed after 7 retries: <nil>
[2025-12-01T12:07:04Z] [[31merror[0m] [task_execution] Error executing task azure-sha256-512: task azure-sha256-512 failed after 7 retries: <nil>
[2025-12-01T12:07:04Z] [[31merror[0m] [task_execution] Error executing task azure-sha256-512: task azure-sha256-512 failed after 7 retries: <nil>
[2025-12-01T12:07:04Z] [[31merror[0m] [task_execution] Error executing task azure-sha256-512: task azure-sha256-512 failed after 7 retries: <nil>
[2025-12-01T12:07:04Z] [[31merror[0m] [task_execution] Error executing task azure-sha256-512: task azure-sha256-512 failed after 7 retries: <nil>
[2025-12-01T12:07:04Z] [[31merror[0m] [task_execution] Error executing task azure-sha256-512: task azure-sha256-512 failed after 7 retries: <nil>
[2025-12-01T12:07:04Z] [[31merror[0m] [task_execution] Error executing task azure-sha256-512: task azure-sha256-512 failed after 7 retries: <nil>
[2025-12-01T12:07:04Z] [[31merror[0m] [task_execution] Error executing task azure-sha256-512: task azure-sha256-512 failed after 7 retries: <nil>
[2025-12-01T12:07:04Z] [[31merror[0m] [task_execution] Error executing task azure-sha256-512: task azure-sha256-512 failed after 7 retries: <nil>
[2025-12-01T12:07:04Z] [[31merror[0m] [task_execution] Error executing task azure-sha256-512: task azure-sha256-512 failed after 7 retries: <nil>
[2025-12-01T12:07:04Z] [[31merror[0m] [task_execution] Error executing task azure-sha256-512: task azure-sha256-512 failed after 7 retries: <nil>
[2025-12-01T12:07:04Z] [[31merror[0m] [task_execution] Error executing task azure-sha256-512: task azure-sha256-512 failed after 7 retries: <nil>
[2025-12-01T12:07:04Z] [[31merror[0m] [task_execution] Error executing task azure-sha256-512: task azure-sha256-512 failed after 7 retries: <nil>
[2025-12-01T12:07:04Z] [[31merror[0m] [task_execution] Error executing task azure-sha256-512: task azure-sha256-512 failed after 7 retries: <nil>
[2025-12-01T12:07:04Z] [[31merror[0m] [task_execution] Error executing task azure-sha256-512: task azure-sha256-512 failed after 7 retries: <nil>
[2025-12-01T12:07:05Z] [[31merror[0m] [task_execution] Error executing task azure-sha256-512: task azure-sha256-512 failed after 7 retries: <nil>
[2025-12-01T12:07:05Z] [[31merror[0m] [task_execution] Error executing task azure-sha256-512: task azure-sha256-512 failed after 7 retries: <nil>
[2025-12-01T12:07:05Z] [[31merror[0m] [task_execution] Error executing task azure-sha256-512: task azure-sha256-512 failed after 7 retries: <nil>
[2025-12-01T12:07:05Z] [[31merror[0m] [task_execution] Error executing task azure-sha256-512: task azure-sha256-512 failed after 7 retries: <nil>
[2025-12-01T12:07:05Z] [[31merror[0m] [task_execution] Error executing task azure-sha256-512: task azure-sha256-512 failed after 7 retries: <nil>
[2025-12-01T12:07:05Z] [[31merror[0m] [task_execution] Error executing task azure-sha256-512: task azure-sha256-512 failed after 7 retries: <nil>
[2025-12-01T12:07:05Z] [[31merror[0m] [task_execution] Error executing task azure-sha256-512: task azure-sha256-512 failed after 7 retries: <nil>
[2025-12-01T12:07:05Z] [[31merror[0m] [task_execution] Error executing task azure-sha256-512: task azure-sha256-512 failed after 7 retries: <nil>
[2025-12-01T12:07:05Z] [[31merror[0m] [task_execution] Error executing task azure-sha256-512: task azure-sha256-512 failed after 7 retries: <nil>
[2025-12-01T12:07:05Z] [[31merror[0m] [task_execution] Error executing task azure-sha256-512: task azure-sha256-512 failed after 7 retries: <nil>
[2025-12-01T12:07:05Z] [[31merror[0m] [task_execution] Error executing task azure-sha256-512: task azure-sha256-512 failed after 7 retries: <nil>
[2025-12-01T12:07:05Z] [[31merror[0m] [task_execution] Error executing task azure-sha256-512: task azure-sha256-512 failed after 7 retries: <nil>
[2025-12-01T12:07:05Z] [[31merror[0m] [task_execution] Error executing task azure-sha256-512: task azure-sha256-512 failed after 7 retries: <nil>
[2025-12-01T12:07:05Z] [[31merror[0m] [task_execution] Error executing task azure-sha256-512: task azure-sha256-512 failed after 7 retries: <nil>
[2025-12-01T12:07:05Z] [[31merror[0m] [task_execution] Error executing task azure-sha256-512: task azure-sha256-512 failed after 7 retries: <nil>
[2025-12-01T12:07:05Z] [[31merror[0m] [task_execution] Error executing task azure-sha256-512: task azure-sha256-512 failed after 7 retries: <nil>
[2025-12-01T12:07:06Z] [[31merror[0m] [task_execution] Error executing task azure-sha256-512: task azure-sha256-512 failed after 7 retries: <nil>
[2025-12-01T12:07:06Z] [[31merror[0m] [task_execution] Error executing task azure-sha256-512: task azure-sha256-512 failed after 7 retries: <nil>
[2025-12-01T12:07:07Z] [[31merror[0m] [task_execution] Error executing task azure-sha256-512: task azure-sha256-512 failed after 7 retries: <nil>
[2025-12-01T12:07:08Z] [[36minfo[0m] [progress_update] alibaba-us-east-1-alibaba-sha256-512-512-377: 2500/2500 tasks started.azure-germanywestcentral-azure-sha256-512-512-498: 2500/2500 tasks started.gcp-us-east1-gcp-sha256-512-512-42: 2500/2500 tasks started.aws-us-east-1-aws-sha256-512-512-458: 2500/2500 tasks started.
[2025-12-01T12:07:10Z] [[31merror[0m] [task_execution] Error executing task azure-sha256-512: task azure-sha256-512 failed after 7 retries: <nil>
[2025-12-01T12:07:18Z] [[36minfo[0m] [progress_update] aws-us-east-1-aws-sha256-512-512-458: 2500/2500 tasks started.alibaba-us-east-1-alibaba-sha256-512-512-377: 2500/2500 tasks started.azure-germanywestcentral-azure-sha256-512-512-498: 2500/2500 tasks started.gcp-us-east1-gcp-sha256-512-512-42: 2500/2500 tasks started.
[2025-12-01T12:07:28Z] [[36minfo[0m] [progress_update] aws-us-east-1-aws-sha256-512-512-458: 2500/2500 tasks started.alibaba-us-east-1-alibaba-sha256-512-512-377: 2500/2500 tasks started.azure-germanywestcentral-azure-sha256-512-512-498: 2500/2500 tasks started.gcp-us-east1-gcp-sha256-512-512-42: 2500/2500 tasks started.
[2025-12-01T12:07:33Z] [[31merror[0m] [task_execution] Error executing task azure-sha256-512: task azure-sha256-512 failed after 7 retries: <nil>
[2025-12-01T12:07:34Z] [[31merror[0m] [task_execution] Error executing task azure-sha256-512: task azure-sha256-512 failed after 7 retries: <nil>
[2025-12-01T12:07:34Z] [[31merror[0m] [task_execution] Error executing task azure-sha256-512: task azure-sha256-512 failed after 7 retries: <nil>
[2025-12-01T12:07:35Z] [[31merror[0m] [task_execution] Error executing task azure-sha256-512: task azure-sha256-512 failed after 7 retries: <nil>
[2025-12-01T12:07:35Z] [[31merror[0m] [task_execution] Error executing task azure-sha256-512: task azure-sha256-512 failed after 7 retries: <nil>
[2025-12-01T12:07:35Z] [[31merror[0m] [task_execution] Error executing task azure-sha256-512: task azure-sha256-512 failed after 7 retries: <nil>
[2025-12-01T12:07:35Z] [[31merror[0m] [task_execution] Error executing task azure-sha256-512: task azure-sha256-512 failed after 7 retries: <nil>
[2025-12-01T12:07:38Z] [[36minfo[0m] [progress_update] azure-germanywestcentral-azure-sha256-512-512-498: 2500/2500 tasks started.gcp-us-east1-gcp-sha256-512-512-42: 2500/2500 tasks started.aws-us-east-1-aws-sha256-512-512-458: 2500/2500 tasks started.alibaba-us-east-1-alibaba-sha256-512-512-377: 2500/2500 tasks started.
[2025-12-01T12:07:42Z] [[31merror[0m] [task_execution] Error executing task azure-sha256-512: task azure-sha256-512 failed after 7 retries: <nil>
[2025-12-01T12:07:42Z] [[31merror[0m] [task_execution] Error executing task azure-sha256-512: task azure-sha256-512 failed after 7 retries: <nil>
[2025-12-01T12:07:43Z] [[31merror[0m] [task_execution] Error executing task azure-sha256-512: task azure-sha256-512 failed after 7 retries: <nil>
[2025-12-01T12:07:43Z] [[31merror[0m] [task_execution] Error executing task azure-sha256-512: task azure-sha256-512 failed after 7 retries: <nil>
[2025-12-01T12:07:43Z] [[31merror[0m] [task_execution] Error executing task azure-sha256-512: task azure-sha256-512 failed after 7 retries: <nil>
[2025-12-01T12:07:48Z] [[36minfo[0m] [function_finished] Finished benchmarking function azure-sha256-512 and closed archiver
[2025-12-01T12:07:48Z] [[36minfo[0m] [progress_update] aws-us-east-1-aws-sha256-512-512-458: 2500/2500 tasks started.alibaba-us-east-1-alibaba-sha256-512-512-377: 2500/2500 tasks started.azure-germanywestcentral-azure-sha256-512-512-498: 2500/2500 tasks started.gcp-us-east1-gcp-sha256-512-512-42: 2500/2500 tasks started.
[2025-12-01T12:07:50Z] [[36minfo[0m] [finish_timeline] Benchmark Timeline
[Mon Dec  1 12:07:50 UTC 2025] Finished benchmark 'sha256' successfully
