[Thu Dec  4 05:15:10 UTC 2025] Starting benchmark 'gemm' with config './configs/gemm.yaml'
Validating functions...
[2025-12-04T05:15:10Z] [[36minfo[0m] [executor_setup] Setting up executor for aws-us-east-1-aws-gemm-512-512-615
[2025-12-04T05:15:10Z] [[36minfo[0m] [executor_setup] Setting up executor for alibaba-us-east-1-alibaba-gemm-512-512-181
[2025-12-04T05:15:10Z] [[36minfo[0m] [executor_setup] Setting up executor for gcp-us-east1-gcp-gemm-512-512-979
[2025-12-04T05:15:10Z] [[36minfo[0m] [executor_setup] Setting up executor for azure-germanywestcentral-azure-gemm-512-512-257
[2025-12-04T05:15:10Z] [[0mwarning[0m] [[32mazure_limitations[0m] Azure can´t handle more than 300 parallel requests. Limiting to 300.
[2025-12-04T05:15:10Z] [[36minfo[0m] [start_timeline] Benchmark Timeline
[2025-12-04T05:15:10Z] [[36minfo[0m] [load_generator_start] (alibaba: us-east-1) Starting load generator with 500 workers
[2025-12-04T05:15:10Z] [[36minfo[0m] [load_generator_start] (gcp: us-east1) Starting load generator with 500 workers
[2025-12-04T05:15:10Z] [[36minfo[0m] [load_generator_start] (azure: germanywestcentral) Starting load generator with 300 workers
[2025-12-04T05:15:10Z] [[36minfo[0m] [load_generator_start] (aws: us-east-1) Starting load generator with 500 workers
[2025-12-04T05:15:20Z] [[36minfo[0m] [progress_update] azure-germanywestcentral-azure-gemm-512-512-257: 663/2500 tasks started.aws-us-east-1-aws-gemm-512-512-615: 1345/2500 tasks started.alibaba-us-east-1-alibaba-gemm-512-512-181: 1421/2500 tasks started.gcp-us-east1-gcp-gemm-512-512-979: 1731/2500 tasks started.
[2025-12-04T05:15:30Z] [[36minfo[0m] [progress_update] aws-us-east-1-aws-gemm-512-512-615: 2500/2500 tasks started.alibaba-us-east-1-alibaba-gemm-512-512-181: 2500/2500 tasks started.gcp-us-east1-gcp-gemm-512-512-979: 2500/2500 tasks started.azure-germanywestcentral-azure-gemm-512-512-257: 663/2500 tasks started.
[2025-12-04T05:15:40Z] [[36minfo[0m] [progress_update] aws-us-east-1-aws-gemm-512-512-615: 2500/2500 tasks started.alibaba-us-east-1-alibaba-gemm-512-512-181: 2500/2500 tasks started.gcp-us-east1-gcp-gemm-512-512-979: 2500/2500 tasks started.azure-germanywestcentral-azure-gemm-512-512-257: 1342/2500 tasks started.
[2025-12-04T05:15:50Z] [[36minfo[0m] [progress_update] aws-us-east-1-aws-gemm-512-512-615: 2500/2500 tasks started.alibaba-us-east-1-alibaba-gemm-512-512-181: 2500/2500 tasks started.gcp-us-east1-gcp-gemm-512-512-979: 2500/2500 tasks started.azure-germanywestcentral-azure-gemm-512-512-257: 1838/2500 tasks started.
[2025-12-04T05:15:53Z] [[36minfo[0m] [function_finished] Finished benchmarking function aws-gemm-512 and closed archiver
[2025-12-04T05:15:58Z] [[36minfo[0m] [function_finished] Finished benchmarking function gcp-gemm-512 and closed archiver
[2025-12-04T05:16:00Z] [[36minfo[0m] [progress_update] gcp-us-east1-gcp-gemm-512-512-979: 2500/2500 tasks started.azure-germanywestcentral-azure-gemm-512-512-257: 2354/2500 tasks started.aws-us-east-1-aws-gemm-512-512-615: 2500/2500 tasks started.alibaba-us-east-1-alibaba-gemm-512-512-181: 2500/2500 tasks started.
[2025-12-04T05:16:10Z] [[36minfo[0m] [progress_update] aws-us-east-1-aws-gemm-512-512-615: 2500/2500 tasks started.alibaba-us-east-1-alibaba-gemm-512-512-181: 2500/2500 tasks started.gcp-us-east1-gcp-gemm-512-512-979: 2500/2500 tasks started.azure-germanywestcentral-azure-gemm-512-512-257: 2368/2500 tasks started.
[2025-12-04T05:16:20Z] [[36minfo[0m] [progress_update] aws-us-east-1-aws-gemm-512-512-615: 2500/2500 tasks started.alibaba-us-east-1-alibaba-gemm-512-512-181: 2500/2500 tasks started.gcp-us-east1-gcp-gemm-512-512-979: 2500/2500 tasks started.azure-germanywestcentral-azure-gemm-512-512-257: 2432/2500 tasks started.
[2025-12-04T05:16:30Z] [[36minfo[0m] [progress_update] alibaba-us-east-1-alibaba-gemm-512-512-181: 2500/2500 tasks started.gcp-us-east1-gcp-gemm-512-512-979: 2500/2500 tasks started.azure-germanywestcentral-azure-gemm-512-512-257: 2500/2500 tasks started.aws-us-east-1-aws-gemm-512-512-615: 2500/2500 tasks started.
[2025-12-04T05:16:40Z] [[36minfo[0m] [progress_update] aws-us-east-1-aws-gemm-512-512-615: 2500/2500 tasks started.alibaba-us-east-1-alibaba-gemm-512-512-181: 2500/2500 tasks started.gcp-us-east1-gcp-gemm-512-512-979: 2500/2500 tasks started.azure-germanywestcentral-azure-gemm-512-512-257: 2500/2500 tasks started.
[2025-12-04T05:16:50Z] [[36minfo[0m] [progress_update] azure-germanywestcentral-azure-gemm-512-512-257: 2500/2500 tasks started.aws-us-east-1-aws-gemm-512-512-615: 2500/2500 tasks started.alibaba-us-east-1-alibaba-gemm-512-512-181: 2500/2500 tasks started.gcp-us-east1-gcp-gemm-512-512-979: 2500/2500 tasks started.
[2025-12-04T05:17:00Z] [[36minfo[0m] [progress_update] alibaba-us-east-1-alibaba-gemm-512-512-181: 2500/2500 tasks started.gcp-us-east1-gcp-gemm-512-512-979: 2500/2500 tasks started.azure-germanywestcentral-azure-gemm-512-512-257: 2500/2500 tasks started.aws-us-east-1-aws-gemm-512-512-615: 2500/2500 tasks started.
[2025-12-04T05:17:10Z] [[36minfo[0m] [progress_update] aws-us-east-1-aws-gemm-512-512-615: 2500/2500 tasks started.alibaba-us-east-1-alibaba-gemm-512-512-181: 2500/2500 tasks started.gcp-us-east1-gcp-gemm-512-512-979: 2500/2500 tasks started.azure-germanywestcentral-azure-gemm-512-512-257: 2500/2500 tasks started.
[2025-12-04T05:17:20Z] [[36minfo[0m] [progress_update] aws-us-east-1-aws-gemm-512-512-615: 2500/2500 tasks started.alibaba-us-east-1-alibaba-gemm-512-512-181: 2500/2500 tasks started.gcp-us-east1-gcp-gemm-512-512-979: 2500/2500 tasks started.azure-germanywestcentral-azure-gemm-512-512-257: 2500/2500 tasks started.
[2025-12-04T05:17:30Z] [[36minfo[0m] [progress_update] aws-us-east-1-aws-gemm-512-512-615: 2500/2500 tasks started.alibaba-us-east-1-alibaba-gemm-512-512-181: 2500/2500 tasks started.gcp-us-east1-gcp-gemm-512-512-979: 2500/2500 tasks started.azure-germanywestcentral-azure-gemm-512-512-257: 2500/2500 tasks started.
[2025-12-04T05:17:39Z] [[36minfo[0m] [function_finished] Finished benchmarking function alibaba-gemm-512 and closed archiver
[2025-12-04T05:17:40Z] [[36minfo[0m] [progress_update] alibaba-us-east-1-alibaba-gemm-512-512-181: 2500/2500 tasks started.gcp-us-east1-gcp-gemm-512-512-979: 2500/2500 tasks started.azure-germanywestcentral-azure-gemm-512-512-257: 2500/2500 tasks started.aws-us-east-1-aws-gemm-512-512-615: 2500/2500 tasks started.
[2025-12-04T05:17:50Z] [[36minfo[0m] [progress_update] aws-us-east-1-aws-gemm-512-512-615: 2500/2500 tasks started.alibaba-us-east-1-alibaba-gemm-512-512-181: 2500/2500 tasks started.gcp-us-east1-gcp-gemm-512-512-979: 2500/2500 tasks started.azure-germanywestcentral-azure-gemm-512-512-257: 2500/2500 tasks started.
[2025-12-04T05:18:00Z] [[36minfo[0m] [progress_update] aws-us-east-1-aws-gemm-512-512-615: 2500/2500 tasks started.alibaba-us-east-1-alibaba-gemm-512-512-181: 2500/2500 tasks started.gcp-us-east1-gcp-gemm-512-512-979: 2500/2500 tasks started.azure-germanywestcentral-azure-gemm-512-512-257: 2500/2500 tasks started.
[2025-12-04T05:18:10Z] [[36minfo[0m] [progress_update] aws-us-east-1-aws-gemm-512-512-615: 2500/2500 tasks started.alibaba-us-east-1-alibaba-gemm-512-512-181: 2500/2500 tasks started.gcp-us-east1-gcp-gemm-512-512-979: 2500/2500 tasks started.azure-germanywestcentral-azure-gemm-512-512-257: 2500/2500 tasks started.
[2025-12-04T05:18:20Z] [[36minfo[0m] [progress_update] aws-us-east-1-aws-gemm-512-512-615: 2500/2500 tasks started.alibaba-us-east-1-alibaba-gemm-512-512-181: 2500/2500 tasks started.gcp-us-east1-gcp-gemm-512-512-979: 2500/2500 tasks started.azure-germanywestcentral-azure-gemm-512-512-257: 2500/2500 tasks started.
[2025-12-04T05:18:30Z] [[36minfo[0m] [progress_update] aws-us-east-1-aws-gemm-512-512-615: 2500/2500 tasks started.alibaba-us-east-1-alibaba-gemm-512-512-181: 2500/2500 tasks started.gcp-us-east1-gcp-gemm-512-512-979: 2500/2500 tasks started.azure-germanywestcentral-azure-gemm-512-512-257: 2500/2500 tasks started.
[2025-12-04T05:18:40Z] [[36minfo[0m] [progress_update] aws-us-east-1-aws-gemm-512-512-615: 2500/2500 tasks started.alibaba-us-east-1-alibaba-gemm-512-512-181: 2500/2500 tasks started.gcp-us-east1-gcp-gemm-512-512-979: 2500/2500 tasks started.azure-germanywestcentral-azure-gemm-512-512-257: 2500/2500 tasks started.
[2025-12-04T05:18:50Z] [[36minfo[0m] [progress_update] aws-us-east-1-aws-gemm-512-512-615: 2500/2500 tasks started.alibaba-us-east-1-alibaba-gemm-512-512-181: 2500/2500 tasks started.gcp-us-east1-gcp-gemm-512-512-979: 2500/2500 tasks started.azure-germanywestcentral-azure-gemm-512-512-257: 2500/2500 tasks started.
[2025-12-04T05:19:00Z] [[36minfo[0m] [progress_update] azure-germanywestcentral-azure-gemm-512-512-257: 2500/2500 tasks started.aws-us-east-1-aws-gemm-512-512-615: 2500/2500 tasks started.alibaba-us-east-1-alibaba-gemm-512-512-181: 2500/2500 tasks started.gcp-us-east1-gcp-gemm-512-512-979: 2500/2500 tasks started.
[2025-12-04T05:19:10Z] [[36minfo[0m] [progress_update] aws-us-east-1-aws-gemm-512-512-615: 2500/2500 tasks started.alibaba-us-east-1-alibaba-gemm-512-512-181: 2500/2500 tasks started.gcp-us-east1-gcp-gemm-512-512-979: 2500/2500 tasks started.azure-germanywestcentral-azure-gemm-512-512-257: 2500/2500 tasks started.
[2025-12-04T05:19:20Z] [[36minfo[0m] [progress_update] gcp-us-east1-gcp-gemm-512-512-979: 2500/2500 tasks started.azure-germanywestcentral-azure-gemm-512-512-257: 2500/2500 tasks started.aws-us-east-1-aws-gemm-512-512-615: 2500/2500 tasks started.alibaba-us-east-1-alibaba-gemm-512-512-181: 2500/2500 tasks started.
[2025-12-04T05:19:30Z] [[36minfo[0m] [progress_update] alibaba-us-east-1-alibaba-gemm-512-512-181: 2500/2500 tasks started.gcp-us-east1-gcp-gemm-512-512-979: 2500/2500 tasks started.azure-germanywestcentral-azure-gemm-512-512-257: 2500/2500 tasks started.aws-us-east-1-aws-gemm-512-512-615: 2500/2500 tasks started.
[2025-12-04T05:19:40Z] [[36minfo[0m] [progress_update] aws-us-east-1-aws-gemm-512-512-615: 2500/2500 tasks started.alibaba-us-east-1-alibaba-gemm-512-512-181: 2500/2500 tasks started.gcp-us-east1-gcp-gemm-512-512-979: 2500/2500 tasks started.azure-germanywestcentral-azure-gemm-512-512-257: 2500/2500 tasks started.
[2025-12-04T05:19:50Z] [[36minfo[0m] [progress_update] gcp-us-east1-gcp-gemm-512-512-979: 2500/2500 tasks started.azure-germanywestcentral-azure-gemm-512-512-257: 2500/2500 tasks started.aws-us-east-1-aws-gemm-512-512-615: 2500/2500 tasks started.alibaba-us-east-1-alibaba-gemm-512-512-181: 2500/2500 tasks started.
[2025-12-04T05:20:00Z] [[36minfo[0m] [progress_update] gcp-us-east1-gcp-gemm-512-512-979: 2500/2500 tasks started.azure-germanywestcentral-azure-gemm-512-512-257: 2500/2500 tasks started.aws-us-east-1-aws-gemm-512-512-615: 2500/2500 tasks started.alibaba-us-east-1-alibaba-gemm-512-512-181: 2500/2500 tasks started.
[2025-12-04T05:20:10Z] [[36minfo[0m] [progress_update] aws-us-east-1-aws-gemm-512-512-615: 2500/2500 tasks started.alibaba-us-east-1-alibaba-gemm-512-512-181: 2500/2500 tasks started.gcp-us-east1-gcp-gemm-512-512-979: 2500/2500 tasks started.azure-germanywestcentral-azure-gemm-512-512-257: 2500/2500 tasks started.
[2025-12-04T05:20:12Z] [[31merror[0m] [task_execution] Error executing task azure-gemm-512: task azure-gemm-512 failed after 7 retries: <nil>
[2025-12-04T05:20:17Z] [[36minfo[0m] [function_finished] Finished benchmarking function azure-gemm-512 and closed archiver
[2025-12-04T05:20:19Z] [[36minfo[0m] [finish_timeline] Benchmark Timeline
[Thu Dec  4 05:20:19 UTC 2025] Finished benchmark 'gemm' successfully
[Thu Dec  4 05:20:19 UTC 2025] Sleeping 600 seconds before next workload...
