[Mon Dec  8 06:02:29 UTC 2025] Starting benchmark 'sha256' with config './configs/sha256.yaml'
Validating functions...
[2025-12-08T06:02:29Z] [[36minfo[0m] [executor_setup] Setting up executor for aws-us-east-1-aws-sha256-512-512-75
[2025-12-08T06:02:29Z] [[36minfo[0m] [executor_setup] Setting up executor for alibaba-us-east-1-alibaba-sha256-512-512-714
[2025-12-08T06:02:29Z] [[36minfo[0m] [executor_setup] Setting up executor for azure-germanywestcentral-azure-sha256-512-512-326
[2025-12-08T06:02:29Z] [[0mwarning[0m] [[32mazure_limitations[0m] Azure can´t handle more than 300 parallel requests. Limiting to 300.
[2025-12-08T06:02:29Z] [[36minfo[0m] [executor_setup] Setting up executor for gcp-us-east1-gcp-sha256-512-512-392
[2025-12-08T06:02:29Z] [[36minfo[0m] [start_timeline] Benchmark Timeline
[2025-12-08T06:02:29Z] [[36minfo[0m] [load_generator_start] (gcp: us-east1) Starting load generator with 300 workers
[2025-12-08T06:02:29Z] [[36minfo[0m] [load_generator_start] (aws: us-east-1) Starting load generator with 500 workers
[2025-12-08T06:02:29Z] [[36minfo[0m] [load_generator_start] (alibaba: us-east-1) Starting load generator with 500 workers
[2025-12-08T06:02:29Z] [[36minfo[0m] [load_generator_start] (azure: germanywestcentral) Starting load generator with 300 workers
[2025-12-08T06:02:39Z] [[36minfo[0m] [progress_update] aws-us-east-1-aws-sha256-512-512-75: 1775/2500 tasks started.alibaba-us-east-1-alibaba-sha256-512-512-714: 1576/2500 tasks started.azure-germanywestcentral-azure-sha256-512-512-326: 659/2500 tasks started.gcp-us-east1-gcp-sha256-512-512-392: 1633/2500 tasks started.
[2025-12-08T06:02:49Z] [[36minfo[0m] [progress_update] aws-us-east-1-aws-sha256-512-512-75: 2500/2500 tasks started.alibaba-us-east-1-alibaba-sha256-512-512-714: 2500/2500 tasks started.azure-germanywestcentral-azure-sha256-512-512-326: 847/2500 tasks started.gcp-us-east1-gcp-sha256-512-512-392: 2500/2500 tasks started.
[2025-12-08T06:02:55Z] [[36minfo[0m] [function_finished] Finished benchmarking function aws-sha256-512 and closed archiver
[2025-12-08T06:02:59Z] [[36minfo[0m] [progress_update] azure-germanywestcentral-azure-sha256-512-512-326: 1466/2500 tasks started.gcp-us-east1-gcp-sha256-512-512-392: 2500/2500 tasks started.aws-us-east-1-aws-sha256-512-512-75: 2500/2500 tasks started.alibaba-us-east-1-alibaba-sha256-512-512-714: 2500/2500 tasks started.
[2025-12-08T06:03:07Z] [[36minfo[0m] [function_finished] Finished benchmarking function gcp-sha256-512 and closed archiver
[2025-12-08T06:03:09Z] [[36minfo[0m] [progress_update] aws-us-east-1-aws-sha256-512-512-75: 2500/2500 tasks started.alibaba-us-east-1-alibaba-sha256-512-512-714: 2500/2500 tasks started.azure-germanywestcentral-azure-sha256-512-512-326: 1855/2500 tasks started.gcp-us-east1-gcp-sha256-512-512-392: 2500/2500 tasks started.
[2025-12-08T06:03:19Z] [[36minfo[0m] [progress_update] gcp-us-east1-gcp-sha256-512-512-392: 2500/2500 tasks started.aws-us-east-1-aws-sha256-512-512-75: 2500/2500 tasks started.alibaba-us-east-1-alibaba-sha256-512-512-714: 2500/2500 tasks started.azure-germanywestcentral-azure-sha256-512-512-326: 1887/2500 tasks started.
[2025-12-08T06:03:29Z] [[36minfo[0m] [progress_update] azure-germanywestcentral-azure-sha256-512-512-326: 2095/2500 tasks started.gcp-us-east1-gcp-sha256-512-512-392: 2500/2500 tasks started.aws-us-east-1-aws-sha256-512-512-75: 2500/2500 tasks started.alibaba-us-east-1-alibaba-sha256-512-512-714: 2500/2500 tasks started.
[2025-12-08T06:03:39Z] [[36minfo[0m] [progress_update] aws-us-east-1-aws-sha256-512-512-75: 2500/2500 tasks started.alibaba-us-east-1-alibaba-sha256-512-512-714: 2500/2500 tasks started.azure-germanywestcentral-azure-sha256-512-512-326: 2245/2500 tasks started.gcp-us-east1-gcp-sha256-512-512-392: 2500/2500 tasks started.
[2025-12-08T06:03:49Z] [[36minfo[0m] [progress_update] aws-us-east-1-aws-sha256-512-512-75: 2500/2500 tasks started.alibaba-us-east-1-alibaba-sha256-512-512-714: 2500/2500 tasks started.azure-germanywestcentral-azure-sha256-512-512-326: 2370/2500 tasks started.gcp-us-east1-gcp-sha256-512-512-392: 2500/2500 tasks started.
[2025-12-08T06:03:59Z] [[36minfo[0m] [progress_update] alibaba-us-east-1-alibaba-sha256-512-512-714: 2500/2500 tasks started.azure-germanywestcentral-azure-sha256-512-512-326: 2375/2500 tasks started.gcp-us-east1-gcp-sha256-512-512-392: 2500/2500 tasks started.aws-us-east-1-aws-sha256-512-512-75: 2500/2500 tasks started.
[2025-12-08T06:04:09Z] [[36minfo[0m] [progress_update] alibaba-us-east-1-alibaba-sha256-512-512-714: 2500/2500 tasks started.azure-germanywestcentral-azure-sha256-512-512-326: 2449/2500 tasks started.gcp-us-east1-gcp-sha256-512-512-392: 2500/2500 tasks started.aws-us-east-1-aws-sha256-512-512-75: 2500/2500 tasks started.
[2025-12-08T06:04:19Z] [[36minfo[0m] [progress_update] gcp-us-east1-gcp-sha256-512-512-392: 2500/2500 tasks started.aws-us-east-1-aws-sha256-512-512-75: 2500/2500 tasks started.alibaba-us-east-1-alibaba-sha256-512-512-714: 2500/2500 tasks started.azure-germanywestcentral-azure-sha256-512-512-326: 2500/2500 tasks started.
[2025-12-08T06:04:29Z] [[36minfo[0m] [progress_update] aws-us-east-1-aws-sha256-512-512-75: 2500/2500 tasks started.alibaba-us-east-1-alibaba-sha256-512-512-714: 2500/2500 tasks started.azure-germanywestcentral-azure-sha256-512-512-326: 2500/2500 tasks started.gcp-us-east1-gcp-sha256-512-512-392: 2500/2500 tasks started.
[2025-12-08T06:04:39Z] [[36minfo[0m] [progress_update] aws-us-east-1-aws-sha256-512-512-75: 2500/2500 tasks started.alibaba-us-east-1-alibaba-sha256-512-512-714: 2500/2500 tasks started.azure-germanywestcentral-azure-sha256-512-512-326: 2500/2500 tasks started.gcp-us-east1-gcp-sha256-512-512-392: 2500/2500 tasks started.
[2025-12-08T06:04:49Z] [[36minfo[0m] [progress_update] aws-us-east-1-aws-sha256-512-512-75: 2500/2500 tasks started.alibaba-us-east-1-alibaba-sha256-512-512-714: 2500/2500 tasks started.azure-germanywestcentral-azure-sha256-512-512-326: 2500/2500 tasks started.gcp-us-east1-gcp-sha256-512-512-392: 2500/2500 tasks started.
[2025-12-08T06:04:58Z] [[36minfo[0m] [function_finished] Finished benchmarking function alibaba-sha256-512 and closed archiver
[2025-12-08T06:04:59Z] [[36minfo[0m] [progress_update] gcp-us-east1-gcp-sha256-512-512-392: 2500/2500 tasks started.aws-us-east-1-aws-sha256-512-512-75: 2500/2500 tasks started.alibaba-us-east-1-alibaba-sha256-512-512-714: 2500/2500 tasks started.azure-germanywestcentral-azure-sha256-512-512-326: 2500/2500 tasks started.
[2025-12-08T06:05:09Z] [[36minfo[0m] [progress_update] aws-us-east-1-aws-sha256-512-512-75: 2500/2500 tasks started.alibaba-us-east-1-alibaba-sha256-512-512-714: 2500/2500 tasks started.azure-germanywestcentral-azure-sha256-512-512-326: 2500/2500 tasks started.gcp-us-east1-gcp-sha256-512-512-392: 2500/2500 tasks started.
[2025-12-08T06:05:19Z] [[36minfo[0m] [progress_update] gcp-us-east1-gcp-sha256-512-512-392: 2500/2500 tasks started.aws-us-east-1-aws-sha256-512-512-75: 2500/2500 tasks started.alibaba-us-east-1-alibaba-sha256-512-512-714: 2500/2500 tasks started.azure-germanywestcentral-azure-sha256-512-512-326: 2500/2500 tasks started.
[2025-12-08T06:05:29Z] [[36minfo[0m] [progress_update] aws-us-east-1-aws-sha256-512-512-75: 2500/2500 tasks started.alibaba-us-east-1-alibaba-sha256-512-512-714: 2500/2500 tasks started.azure-germanywestcentral-azure-sha256-512-512-326: 2500/2500 tasks started.gcp-us-east1-gcp-sha256-512-512-392: 2500/2500 tasks started.
[2025-12-08T06:05:39Z] [[36minfo[0m] [progress_update] aws-us-east-1-aws-sha256-512-512-75: 2500/2500 tasks started.alibaba-us-east-1-alibaba-sha256-512-512-714: 2500/2500 tasks started.azure-germanywestcentral-azure-sha256-512-512-326: 2500/2500 tasks started.gcp-us-east1-gcp-sha256-512-512-392: 2500/2500 tasks started.
[2025-12-08T06:05:49Z] [[36minfo[0m] [progress_update] aws-us-east-1-aws-sha256-512-512-75: 2500/2500 tasks started.alibaba-us-east-1-alibaba-sha256-512-512-714: 2500/2500 tasks started.azure-germanywestcentral-azure-sha256-512-512-326: 2500/2500 tasks started.gcp-us-east1-gcp-sha256-512-512-392: 2500/2500 tasks started.
[2025-12-08T06:05:59Z] [[36minfo[0m] [progress_update] aws-us-east-1-aws-sha256-512-512-75: 2500/2500 tasks started.alibaba-us-east-1-alibaba-sha256-512-512-714: 2500/2500 tasks started.azure-germanywestcentral-azure-sha256-512-512-326: 2500/2500 tasks started.gcp-us-east1-gcp-sha256-512-512-392: 2500/2500 tasks started.
[2025-12-08T06:06:09Z] [[36minfo[0m] [progress_update] aws-us-east-1-aws-sha256-512-512-75: 2500/2500 tasks started.alibaba-us-east-1-alibaba-sha256-512-512-714: 2500/2500 tasks started.azure-germanywestcentral-azure-sha256-512-512-326: 2500/2500 tasks started.gcp-us-east1-gcp-sha256-512-512-392: 2500/2500 tasks started.
[2025-12-08T06:06:19Z] [[36minfo[0m] [progress_update] aws-us-east-1-aws-sha256-512-512-75: 2500/2500 tasks started.alibaba-us-east-1-alibaba-sha256-512-512-714: 2500/2500 tasks started.azure-germanywestcentral-azure-sha256-512-512-326: 2500/2500 tasks started.gcp-us-east1-gcp-sha256-512-512-392: 2500/2500 tasks started.
[2025-12-08T06:06:29Z] [[36minfo[0m] [progress_update] aws-us-east-1-aws-sha256-512-512-75: 2500/2500 tasks started.alibaba-us-east-1-alibaba-sha256-512-512-714: 2500/2500 tasks started.azure-germanywestcentral-azure-sha256-512-512-326: 2500/2500 tasks started.gcp-us-east1-gcp-sha256-512-512-392: 2500/2500 tasks started.
[2025-12-08T06:06:39Z] [[36minfo[0m] [progress_update] aws-us-east-1-aws-sha256-512-512-75: 2500/2500 tasks started.alibaba-us-east-1-alibaba-sha256-512-512-714: 2500/2500 tasks started.azure-germanywestcentral-azure-sha256-512-512-326: 2500/2500 tasks started.gcp-us-east1-gcp-sha256-512-512-392: 2500/2500 tasks started.
[2025-12-08T06:06:48Z] [[31merror[0m] [task_execution] Error executing task azure-sha256-512: task azure-sha256-512 failed after 7 retries: <nil>
[2025-12-08T06:06:48Z] [[31merror[0m] [task_execution] Error executing task azure-sha256-512: task azure-sha256-512 failed after 7 retries: <nil>
[2025-12-08T06:06:48Z] [[31merror[0m] [task_execution] Error executing task azure-sha256-512: task azure-sha256-512 failed after 7 retries: <nil>
[2025-12-08T06:06:49Z] [[31merror[0m] [task_execution] Error executing task azure-sha256-512: task azure-sha256-512 failed after 7 retries: <nil>
[2025-12-08T06:06:49Z] [[31merror[0m] [task_execution] Error executing task azure-sha256-512: task azure-sha256-512 failed after 7 retries: <nil>
[2025-12-08T06:06:49Z] [[31merror[0m] [task_execution] Error executing task azure-sha256-512: task azure-sha256-512 failed after 7 retries: <nil>
[2025-12-08T06:06:49Z] [[31merror[0m] [task_execution] Error executing task azure-sha256-512: task azure-sha256-512 failed after 7 retries: <nil>
[2025-12-08T06:06:49Z] [[31merror[0m] [task_execution] Error executing task azure-sha256-512: task azure-sha256-512 failed after 7 retries: <nil>
[2025-12-08T06:06:49Z] [[36minfo[0m] [progress_update] aws-us-east-1-aws-sha256-512-512-75: 2500/2500 tasks started.alibaba-us-east-1-alibaba-sha256-512-512-714: 2500/2500 tasks started.azure-germanywestcentral-azure-sha256-512-512-326: 2500/2500 tasks started.gcp-us-east1-gcp-sha256-512-512-392: 2500/2500 tasks started.
[2025-12-08T06:06:49Z] [[31merror[0m] [task_execution] Error executing task azure-sha256-512: task azure-sha256-512 failed after 7 retries: <nil>
[2025-12-08T06:06:49Z] [[31merror[0m] [task_execution] Error executing task azure-sha256-512: task azure-sha256-512 failed after 7 retries: <nil>
[2025-12-08T06:06:49Z] [[31merror[0m] [task_execution] Error executing task azure-sha256-512: task azure-sha256-512 failed after 7 retries: <nil>
[2025-12-08T06:06:49Z] [[31merror[0m] [task_execution] Error executing task azure-sha256-512: task azure-sha256-512 failed after 7 retries: <nil>
[2025-12-08T06:06:59Z] [[36minfo[0m] [progress_update] gcp-us-east1-gcp-sha256-512-512-392: 2500/2500 tasks started.aws-us-east-1-aws-sha256-512-512-75: 2500/2500 tasks started.alibaba-us-east-1-alibaba-sha256-512-512-714: 2500/2500 tasks started.azure-germanywestcentral-azure-sha256-512-512-326: 2500/2500 tasks started.
[2025-12-08T06:07:04Z] [[31merror[0m] [task_execution] Error executing task azure-sha256-512: task azure-sha256-512 failed after 7 retries: <nil>
[2025-12-08T06:07:05Z] [[31merror[0m] [task_execution] Error executing task azure-sha256-512: task azure-sha256-512 failed after 7 retries: <nil>
[2025-12-08T06:07:05Z] [[31merror[0m] [task_execution] Error executing task azure-sha256-512: task azure-sha256-512 failed after 7 retries: <nil>
[2025-12-08T06:07:05Z] [[31merror[0m] [task_execution] Error executing task azure-sha256-512: task azure-sha256-512 failed after 7 retries: <nil>
[2025-12-08T06:07:05Z] [[31merror[0m] [task_execution] Error executing task azure-sha256-512: task azure-sha256-512 failed after 7 retries: <nil>
[2025-12-08T06:07:05Z] [[31merror[0m] [task_execution] Error executing task azure-sha256-512: task azure-sha256-512 failed after 7 retries: <nil>
[2025-12-08T06:07:05Z] [[31merror[0m] [task_execution] Error executing task azure-sha256-512: task azure-sha256-512 failed after 7 retries: <nil>
[2025-12-08T06:07:05Z] [[31merror[0m] [task_execution] Error executing task azure-sha256-512: task azure-sha256-512 failed after 7 retries: <nil>
[2025-12-08T06:07:05Z] [[31merror[0m] [task_execution] Error executing task azure-sha256-512: task azure-sha256-512 failed after 7 retries: <nil>
[2025-12-08T06:07:09Z] [[36minfo[0m] [progress_update] gcp-us-east1-gcp-sha256-512-512-392: 2500/2500 tasks started.aws-us-east-1-aws-sha256-512-512-75: 2500/2500 tasks started.alibaba-us-east-1-alibaba-sha256-512-512-714: 2500/2500 tasks started.azure-germanywestcentral-azure-sha256-512-512-326: 2500/2500 tasks started.
[2025-12-08T06:07:09Z] [[31merror[0m] [task_execution] Error executing task azure-sha256-512: task azure-sha256-512 failed after 7 retries: <nil>
[2025-12-08T06:07:10Z] [[31merror[0m] [task_execution] Error executing task azure-sha256-512: task azure-sha256-512 failed after 7 retries: <nil>
[2025-12-08T06:07:11Z] [[31merror[0m] [task_execution] Error executing task azure-sha256-512: task azure-sha256-512 failed after 7 retries: <nil>
[2025-12-08T06:07:12Z] [[31merror[0m] [task_execution] Error executing task azure-sha256-512: task azure-sha256-512 failed after 7 retries: <nil>
[2025-12-08T06:07:12Z] [[31merror[0m] [task_execution] Error executing task azure-sha256-512: task azure-sha256-512 failed after 7 retries: <nil>
[2025-12-08T06:07:12Z] [[31merror[0m] [task_execution] Error executing task azure-sha256-512: task azure-sha256-512 failed after 7 retries: <nil>
[2025-12-08T06:07:13Z] [[31merror[0m] [task_execution] Error executing task azure-sha256-512: task azure-sha256-512 failed after 7 retries: <nil>
[2025-12-08T06:07:13Z] [[31merror[0m] [task_execution] Error executing task azure-sha256-512: task azure-sha256-512 failed after 7 retries: <nil>
[2025-12-08T06:07:13Z] [[31merror[0m] [task_execution] Error executing task azure-sha256-512: task azure-sha256-512 failed after 7 retries: <nil>
[2025-12-08T06:07:13Z] [[31merror[0m] [task_execution] Error executing task azure-sha256-512: task azure-sha256-512 failed after 7 retries: <nil>
[2025-12-08T06:07:14Z] [[31merror[0m] [task_execution] Error executing task azure-sha256-512: task azure-sha256-512 failed after 7 retries: <nil>
[2025-12-08T06:07:15Z] [[31merror[0m] [task_execution] Error executing task azure-sha256-512: task azure-sha256-512 failed after 7 retries: <nil>
[2025-12-08T06:07:15Z] [[31merror[0m] [task_execution] Error executing task azure-sha256-512: task azure-sha256-512 failed after 7 retries: <nil>
[2025-12-08T06:07:16Z] [[31merror[0m] [task_execution] Error executing task azure-sha256-512: task azure-sha256-512 failed after 7 retries: <nil>
[2025-12-08T06:07:18Z] [[31merror[0m] [task_execution] Error executing task azure-sha256-512: task azure-sha256-512 failed after 7 retries: <nil>
[2025-12-08T06:07:18Z] [[31merror[0m] [task_execution] Error executing task azure-sha256-512: task azure-sha256-512 failed after 7 retries: <nil>
[2025-12-08T06:07:18Z] [[31merror[0m] [task_execution] Error executing task azure-sha256-512: task azure-sha256-512 failed after 7 retries: <nil>
[2025-12-08T06:07:18Z] [[31merror[0m] [task_execution] Error executing task azure-sha256-512: task azure-sha256-512 failed after 7 retries: <nil>
[2025-12-08T06:07:18Z] [[31merror[0m] [task_execution] Error executing task azure-sha256-512: task azure-sha256-512 failed after 7 retries: <nil>
[2025-12-08T06:07:19Z] [[36minfo[0m] [progress_update] alibaba-us-east-1-alibaba-sha256-512-512-714: 2500/2500 tasks started.azure-germanywestcentral-azure-sha256-512-512-326: 2500/2500 tasks started.gcp-us-east1-gcp-sha256-512-512-392: 2500/2500 tasks started.aws-us-east-1-aws-sha256-512-512-75: 2500/2500 tasks started.
[2025-12-08T06:07:21Z] [[31merror[0m] [task_execution] Error executing task azure-sha256-512: task azure-sha256-512 failed after 7 retries: <nil>
[2025-12-08T06:07:21Z] [[31merror[0m] [task_execution] Error executing task azure-sha256-512: task azure-sha256-512 failed after 7 retries: <nil>
[2025-12-08T06:07:21Z] [[31merror[0m] [task_execution] Error executing task azure-sha256-512: task azure-sha256-512 failed after 7 retries: <nil>
[2025-12-08T06:07:22Z] [[31merror[0m] [task_execution] Error executing task azure-sha256-512: task azure-sha256-512 failed after 7 retries: <nil>
[2025-12-08T06:07:22Z] [[31merror[0m] [task_execution] Error executing task azure-sha256-512: task azure-sha256-512 failed after 7 retries: <nil>
[2025-12-08T06:07:22Z] [[31merror[0m] [task_execution] Error executing task azure-sha256-512: task azure-sha256-512 failed after 7 retries: <nil>
[2025-12-08T06:07:22Z] [[31merror[0m] [task_execution] Error executing task azure-sha256-512: task azure-sha256-512 failed after 7 retries: <nil>
[2025-12-08T06:07:22Z] [[31merror[0m] [task_execution] Error executing task azure-sha256-512: task azure-sha256-512 failed after 7 retries: <nil>
[2025-12-08T06:07:22Z] [[31merror[0m] [task_execution] Error executing task azure-sha256-512: task azure-sha256-512 failed after 7 retries: <nil>
[2025-12-08T06:07:22Z] [[31merror[0m] [task_execution] Error executing task azure-sha256-512: task azure-sha256-512 failed after 7 retries: <nil>
[2025-12-08T06:07:22Z] [[31merror[0m] [task_execution] Error executing task azure-sha256-512: task azure-sha256-512 failed after 7 retries: <nil>
[2025-12-08T06:07:22Z] [[31merror[0m] [task_execution] Error executing task azure-sha256-512: task azure-sha256-512 failed after 7 retries: <nil>
[2025-12-08T06:07:22Z] [[31merror[0m] [task_execution] Error executing task azure-sha256-512: task azure-sha256-512 failed after 7 retries: <nil>
[2025-12-08T06:07:22Z] [[31merror[0m] [task_execution] Error executing task azure-sha256-512: task azure-sha256-512 failed after 7 retries: <nil>
[2025-12-08T06:07:22Z] [[31merror[0m] [task_execution] Error executing task azure-sha256-512: task azure-sha256-512 failed after 7 retries: <nil>
[2025-12-08T06:07:22Z] [[31merror[0m] [task_execution] Error executing task azure-sha256-512: task azure-sha256-512 failed after 7 retries: <nil>
[2025-12-08T06:07:22Z] [[31merror[0m] [task_execution] Error executing task azure-sha256-512: task azure-sha256-512 failed after 7 retries: <nil>
[2025-12-08T06:07:22Z] [[31merror[0m] [task_execution] Error executing task azure-sha256-512: task azure-sha256-512 failed after 7 retries: <nil>
[2025-12-08T06:07:22Z] [[31merror[0m] [task_execution] Error executing task azure-sha256-512: task azure-sha256-512 failed after 7 retries: <nil>
[2025-12-08T06:07:22Z] [[31merror[0m] [task_execution] Error executing task azure-sha256-512: task azure-sha256-512 failed after 7 retries: <nil>
[2025-12-08T06:07:22Z] [[31merror[0m] [task_execution] Error executing task azure-sha256-512: task azure-sha256-512 failed after 7 retries: <nil>
[2025-12-08T06:07:22Z] [[31merror[0m] [task_execution] Error executing task azure-sha256-512: task azure-sha256-512 failed after 7 retries: <nil>
[2025-12-08T06:07:22Z] [[31merror[0m] [task_execution] Error executing task azure-sha256-512: task azure-sha256-512 failed after 7 retries: <nil>
[2025-12-08T06:07:22Z] [[31merror[0m] [task_execution] Error executing task azure-sha256-512: task azure-sha256-512 failed after 7 retries: <nil>
[2025-12-08T06:07:22Z] [[31merror[0m] [task_execution] Error executing task azure-sha256-512: task azure-sha256-512 failed after 7 retries: <nil>
[2025-12-08T06:07:22Z] [[31merror[0m] [task_execution] Error executing task azure-sha256-512: task azure-sha256-512 failed after 7 retries: <nil>
[2025-12-08T06:07:22Z] [[31merror[0m] [task_execution] Error executing task azure-sha256-512: task azure-sha256-512 failed after 7 retries: <nil>
[2025-12-08T06:07:22Z] [[31merror[0m] [task_execution] Error executing task azure-sha256-512: task azure-sha256-512 failed after 7 retries: <nil>
[2025-12-08T06:07:22Z] [[31merror[0m] [task_execution] Error executing task azure-sha256-512: task azure-sha256-512 failed after 7 retries: <nil>
[2025-12-08T06:07:22Z] [[31merror[0m] [task_execution] Error executing task azure-sha256-512: task azure-sha256-512 failed after 7 retries: <nil>
[2025-12-08T06:07:22Z] [[31merror[0m] [task_execution] Error executing task azure-sha256-512: task azure-sha256-512 failed after 7 retries: <nil>
[2025-12-08T06:07:22Z] [[31merror[0m] [task_execution] Error executing task azure-sha256-512: task azure-sha256-512 failed after 7 retries: <nil>
[2025-12-08T06:07:22Z] [[31merror[0m] [task_execution] Error executing task azure-sha256-512: task azure-sha256-512 failed after 7 retries: <nil>
[2025-12-08T06:07:22Z] [[31merror[0m] [task_execution] Error executing task azure-sha256-512: task azure-sha256-512 failed after 7 retries: <nil>
[2025-12-08T06:07:22Z] [[31merror[0m] [task_execution] Error executing task azure-sha256-512: task azure-sha256-512 failed after 7 retries: <nil>
[2025-12-08T06:07:22Z] [[31merror[0m] [task_execution] Error executing task azure-sha256-512: task azure-sha256-512 failed after 7 retries: <nil>
[2025-12-08T06:07:22Z] [[31merror[0m] [task_execution] Error executing task azure-sha256-512: task azure-sha256-512 failed after 7 retries: <nil>
[2025-12-08T06:07:22Z] [[31merror[0m] [task_execution] Error executing task azure-sha256-512: task azure-sha256-512 failed after 7 retries: <nil>
[2025-12-08T06:07:22Z] [[31merror[0m] [task_execution] Error executing task azure-sha256-512: task azure-sha256-512 failed after 7 retries: <nil>
[2025-12-08T06:07:22Z] [[31merror[0m] [task_execution] Error executing task azure-sha256-512: task azure-sha256-512 failed after 7 retries: <nil>
[2025-12-08T06:07:23Z] [[31merror[0m] [task_execution] Error executing task azure-sha256-512: task azure-sha256-512 failed after 7 retries: <nil>
[2025-12-08T06:07:23Z] [[31merror[0m] [task_execution] Error executing task azure-sha256-512: task azure-sha256-512 failed after 7 retries: <nil>
[2025-12-08T06:07:23Z] [[31merror[0m] [task_execution] Error executing task azure-sha256-512: task azure-sha256-512 failed after 7 retries: <nil>
[2025-12-08T06:07:23Z] [[31merror[0m] [task_execution] Error executing task azure-sha256-512: task azure-sha256-512 failed after 7 retries: <nil>
[2025-12-08T06:07:29Z] [[36minfo[0m] [progress_update] aws-us-east-1-aws-sha256-512-512-75: 2500/2500 tasks started.alibaba-us-east-1-alibaba-sha256-512-512-714: 2500/2500 tasks started.azure-germanywestcentral-azure-sha256-512-512-326: 2500/2500 tasks started.gcp-us-east1-gcp-sha256-512-512-392: 2500/2500 tasks started.
[2025-12-08T06:07:39Z] [[36minfo[0m] [progress_update] alibaba-us-east-1-alibaba-sha256-512-512-714: 2500/2500 tasks started.azure-germanywestcentral-azure-sha256-512-512-326: 2500/2500 tasks started.gcp-us-east1-gcp-sha256-512-512-392: 2500/2500 tasks started.aws-us-east-1-aws-sha256-512-512-75: 2500/2500 tasks started.
[2025-12-08T06:07:43Z] [[31merror[0m] [task_execution] Error executing task azure-sha256-512: task azure-sha256-512 failed after 7 retries: <nil>
[2025-12-08T06:07:43Z] [[31merror[0m] [task_execution] Error executing task azure-sha256-512: task azure-sha256-512 failed after 7 retries: <nil>
[2025-12-08T06:07:44Z] [[31merror[0m] [task_execution] Error executing task azure-sha256-512: task azure-sha256-512 failed after 7 retries: <nil>
[2025-12-08T06:07:46Z] [[31merror[0m] [task_execution] Error executing task azure-sha256-512: task azure-sha256-512 failed after 7 retries: <nil>
[2025-12-08T06:07:46Z] [[31merror[0m] [task_execution] Error executing task azure-sha256-512: task azure-sha256-512 failed after 7 retries: <nil>
[2025-12-08T06:07:46Z] [[31merror[0m] [task_execution] Error executing task azure-sha256-512: task azure-sha256-512 failed after 7 retries: <nil>
[2025-12-08T06:07:46Z] [[31merror[0m] [task_execution] Error executing task azure-sha256-512: task azure-sha256-512 failed after 7 retries: <nil>
[2025-12-08T06:07:46Z] [[31merror[0m] [task_execution] Error executing task azure-sha256-512: task azure-sha256-512 failed after 7 retries: <nil>
[2025-12-08T06:07:47Z] [[31merror[0m] [task_execution] Error executing task azure-sha256-512: task azure-sha256-512 failed after 7 retries: <nil>
[2025-12-08T06:07:48Z] [[31merror[0m] [task_execution] Error executing task azure-sha256-512: task azure-sha256-512 failed after 7 retries: <nil>
[2025-12-08T06:07:48Z] [[31merror[0m] [task_execution] Error executing task azure-sha256-512: task azure-sha256-512 failed after 7 retries: <nil>
[2025-12-08T06:07:48Z] [[31merror[0m] [task_execution] Error executing task azure-sha256-512: task azure-sha256-512 failed after 7 retries: <nil>
[2025-12-08T06:07:48Z] [[31merror[0m] [task_execution] Error executing task azure-sha256-512: task azure-sha256-512 failed after 7 retries: <nil>
[2025-12-08T06:07:48Z] [[31merror[0m] [task_execution] Error executing task azure-sha256-512: task azure-sha256-512 failed after 7 retries: <nil>
[2025-12-08T06:07:49Z] [[31merror[0m] [task_execution] Error executing task azure-sha256-512: task azure-sha256-512 failed after 7 retries: <nil>
[2025-12-08T06:07:49Z] [[31merror[0m] [task_execution] Error executing task azure-sha256-512: task azure-sha256-512 failed after 7 retries: <nil>
[2025-12-08T06:07:49Z] [[36minfo[0m] [progress_update] aws-us-east-1-aws-sha256-512-512-75: 2500/2500 tasks started.alibaba-us-east-1-alibaba-sha256-512-512-714: 2500/2500 tasks started.azure-germanywestcentral-azure-sha256-512-512-326: 2500/2500 tasks started.gcp-us-east1-gcp-sha256-512-512-392: 2500/2500 tasks started.
[2025-12-08T06:07:49Z] [[31merror[0m] [task_execution] Error executing task azure-sha256-512: task azure-sha256-512 failed after 7 retries: <nil>
[2025-12-08T06:07:52Z] [[31merror[0m] [task_execution] Error executing task azure-sha256-512: task azure-sha256-512 failed after 7 retries: <nil>
[2025-12-08T06:07:52Z] [[31merror[0m] [task_execution] Error executing task azure-sha256-512: task azure-sha256-512 failed after 7 retries: <nil>
[2025-12-08T06:07:52Z] [[31merror[0m] [task_execution] Error executing task azure-sha256-512: task azure-sha256-512 failed after 7 retries: <nil>
[2025-12-08T06:07:52Z] [[31merror[0m] [task_execution] Error executing task azure-sha256-512: task azure-sha256-512 failed after 7 retries: <nil>
[2025-12-08T06:07:53Z] [[31merror[0m] [task_execution] Error executing task azure-sha256-512: task azure-sha256-512 failed after 7 retries: <nil>
[2025-12-08T06:07:53Z] [[31merror[0m] [task_execution] Error executing task azure-sha256-512: task azure-sha256-512 failed after 7 retries: <nil>
[2025-12-08T06:07:53Z] [[31merror[0m] [task_execution] Error executing task azure-sha256-512: task azure-sha256-512 failed after 7 retries: <nil>
[2025-12-08T06:07:59Z] [[36minfo[0m] [progress_update] azure-germanywestcentral-azure-sha256-512-512-326: 2500/2500 tasks started.gcp-us-east1-gcp-sha256-512-512-392: 2500/2500 tasks started.aws-us-east-1-aws-sha256-512-512-75: 2500/2500 tasks started.alibaba-us-east-1-alibaba-sha256-512-512-714: 2500/2500 tasks started.
[2025-12-08T06:07:59Z] [[31merror[0m] [task_execution] Error executing task azure-sha256-512: task azure-sha256-512 failed after 7 retries: <nil>
[2025-12-08T06:07:59Z] [[31merror[0m] [task_execution] Error executing task azure-sha256-512: task azure-sha256-512 failed after 7 retries: <nil>
[2025-12-08T06:08:00Z] [[31merror[0m] [task_execution] Error executing task azure-sha256-512: task azure-sha256-512 failed after 7 retries: <nil>
[2025-12-08T06:08:00Z] [[31merror[0m] [task_execution] Error executing task azure-sha256-512: task azure-sha256-512 failed after 7 retries: <nil>
[2025-12-08T06:08:09Z] [[36minfo[0m] [progress_update] aws-us-east-1-aws-sha256-512-512-75: 2500/2500 tasks started.alibaba-us-east-1-alibaba-sha256-512-512-714: 2500/2500 tasks started.azure-germanywestcentral-azure-sha256-512-512-326: 2500/2500 tasks started.gcp-us-east1-gcp-sha256-512-512-392: 2500/2500 tasks started.
[2025-12-08T06:08:19Z] [[36minfo[0m] [progress_update] aws-us-east-1-aws-sha256-512-512-75: 2500/2500 tasks started.alibaba-us-east-1-alibaba-sha256-512-512-714: 2500/2500 tasks started.azure-germanywestcentral-azure-sha256-512-512-326: 2500/2500 tasks started.gcp-us-east1-gcp-sha256-512-512-392: 2500/2500 tasks started.
[2025-12-08T06:08:27Z] [[31merror[0m] [task_execution] Error executing task azure-sha256-512: task azure-sha256-512 failed after 7 retries: <nil>
[2025-12-08T06:08:29Z] [[36minfo[0m] [progress_update] gcp-us-east1-gcp-sha256-512-512-392: 2500/2500 tasks started.aws-us-east-1-aws-sha256-512-512-75: 2500/2500 tasks started.alibaba-us-east-1-alibaba-sha256-512-512-714: 2500/2500 tasks started.azure-germanywestcentral-azure-sha256-512-512-326: 2500/2500 tasks started.
[2025-12-08T06:08:32Z] [[36minfo[0m] [function_finished] Finished benchmarking function azure-sha256-512 and closed archiver
[2025-12-08T06:08:34Z] [[36minfo[0m] [finish_timeline] Benchmark Timeline
[Mon Dec  8 06:08:34 UTC 2025] Finished benchmark 'sha256' successfully
