[Sun Nov 30 17:30:16 UTC 2025] Starting benchmark 'gemm' with config './configs/gemm.yaml'
Validating functions...
[2025-11-30T17:30:16Z] [[36minfo[0m] [executor_setup] Setting up executor for aws-us-east-1-aws-gemm-512-512-959
[2025-11-30T17:30:16Z] [[36minfo[0m] [executor_setup] Setting up executor for alibaba-us-east-1-alibaba-gemm-512-512-846
[2025-11-30T17:30:16Z] [[36minfo[0m] [executor_setup] Setting up executor for gcp-us-east1-gcp-gemm-512-512-287
[2025-11-30T17:30:16Z] [[36minfo[0m] [executor_setup] Setting up executor for azure-germanywestcentral-azure-gemm-512-512-242
[2025-11-30T17:30:16Z] [[0mwarning[0m] [[32mazure_limitations[0m] Azure can´t handle more than 300 parallel requests. Limiting to 300.
[2025-11-30T17:30:16Z] [[36minfo[0m] [start_timeline] Benchmark Timeline
[2025-11-30T17:30:16Z] [[36minfo[0m] [load_generator_start] (azure: germanywestcentral) Starting load generator with 300 workers
[2025-11-30T17:30:16Z] [[36minfo[0m] [load_generator_start] (aws: us-east-1) Starting load generator with 500 workers
[2025-11-30T17:30:16Z] [[36minfo[0m] [load_generator_start] (alibaba: us-east-1) Starting load generator with 500 workers
[2025-11-30T17:30:16Z] [[36minfo[0m] [load_generator_start] (gcp: us-east1) Starting load generator with 500 workers
[2025-11-30T17:30:26Z] [[36minfo[0m] [progress_update] aws-us-east-1-aws-gemm-512-512-959: 1577/2500 tasks started.alibaba-us-east-1-alibaba-gemm-512-512-846: 1250/2500 tasks started.gcp-us-east1-gcp-gemm-512-512-287: 1645/2500 tasks started.azure-germanywestcentral-azure-gemm-512-512-242: 684/2500 tasks started.
[2025-11-30T17:30:36Z] [[36minfo[0m] [progress_update] aws-us-east-1-aws-gemm-512-512-959: 2500/2500 tasks started.alibaba-us-east-1-alibaba-gemm-512-512-846: 2388/2500 tasks started.gcp-us-east1-gcp-gemm-512-512-287: 2500/2500 tasks started.azure-germanywestcentral-azure-gemm-512-512-242: 684/2500 tasks started.
[2025-11-30T17:30:46Z] [[36minfo[0m] [progress_update] aws-us-east-1-aws-gemm-512-512-959: 2500/2500 tasks started.alibaba-us-east-1-alibaba-gemm-512-512-846: 2500/2500 tasks started.gcp-us-east1-gcp-gemm-512-512-287: 2500/2500 tasks started.azure-germanywestcentral-azure-gemm-512-512-242: 1299/2500 tasks started.
[2025-11-30T17:30:48Z] [[36minfo[0m] [function_finished] Finished benchmarking function aws-gemm-512 and closed archiver
[2025-11-30T17:30:56Z] [[36minfo[0m] [progress_update] azure-germanywestcentral-azure-gemm-512-512-242: 1771/2500 tasks started.aws-us-east-1-aws-gemm-512-512-959: 2500/2500 tasks started.alibaba-us-east-1-alibaba-gemm-512-512-846: 2500/2500 tasks started.gcp-us-east1-gcp-gemm-512-512-287: 2500/2500 tasks started.
[2025-11-30T17:30:58Z] [[36minfo[0m] [function_finished] Finished benchmarking function gcp-gemm-512 and closed archiver
[2025-11-30T17:31:06Z] [[36minfo[0m] [progress_update] aws-us-east-1-aws-gemm-512-512-959: 2500/2500 tasks started.alibaba-us-east-1-alibaba-gemm-512-512-846: 2500/2500 tasks started.gcp-us-east1-gcp-gemm-512-512-287: 2500/2500 tasks started.azure-germanywestcentral-azure-gemm-512-512-242: 2410/2500 tasks started.
[2025-11-30T17:31:16Z] [[36minfo[0m] [progress_update] aws-us-east-1-aws-gemm-512-512-959: 2500/2500 tasks started.alibaba-us-east-1-alibaba-gemm-512-512-846: 2500/2500 tasks started.gcp-us-east1-gcp-gemm-512-512-287: 2500/2500 tasks started.azure-germanywestcentral-azure-gemm-512-512-242: 2430/2500 tasks started.
[2025-11-30T17:31:26Z] [[36minfo[0m] [progress_update] aws-us-east-1-aws-gemm-512-512-959: 2500/2500 tasks started.alibaba-us-east-1-alibaba-gemm-512-512-846: 2500/2500 tasks started.gcp-us-east1-gcp-gemm-512-512-287: 2500/2500 tasks started.azure-germanywestcentral-azure-gemm-512-512-242: 2500/2500 tasks started.
[2025-11-30T17:31:36Z] [[36minfo[0m] [progress_update] azure-germanywestcentral-azure-gemm-512-512-242: 2500/2500 tasks started.aws-us-east-1-aws-gemm-512-512-959: 2500/2500 tasks started.alibaba-us-east-1-alibaba-gemm-512-512-846: 2500/2500 tasks started.gcp-us-east1-gcp-gemm-512-512-287: 2500/2500 tasks started.
[2025-11-30T17:31:46Z] [[36minfo[0m] [progress_update] gcp-us-east1-gcp-gemm-512-512-287: 2500/2500 tasks started.azure-germanywestcentral-azure-gemm-512-512-242: 2500/2500 tasks started.aws-us-east-1-aws-gemm-512-512-959: 2500/2500 tasks started.alibaba-us-east-1-alibaba-gemm-512-512-846: 2500/2500 tasks started.
[2025-11-30T17:31:56Z] [[36minfo[0m] [progress_update] aws-us-east-1-aws-gemm-512-512-959: 2500/2500 tasks started.alibaba-us-east-1-alibaba-gemm-512-512-846: 2500/2500 tasks started.gcp-us-east1-gcp-gemm-512-512-287: 2500/2500 tasks started.azure-germanywestcentral-azure-gemm-512-512-242: 2500/2500 tasks started.
[2025-11-30T17:32:06Z] [[36minfo[0m] [progress_update] gcp-us-east1-gcp-gemm-512-512-287: 2500/2500 tasks started.azure-germanywestcentral-azure-gemm-512-512-242: 2500/2500 tasks started.aws-us-east-1-aws-gemm-512-512-959: 2500/2500 tasks started.alibaba-us-east-1-alibaba-gemm-512-512-846: 2500/2500 tasks started.
[2025-11-30T17:32:16Z] [[36minfo[0m] [progress_update] aws-us-east-1-aws-gemm-512-512-959: 2500/2500 tasks started.alibaba-us-east-1-alibaba-gemm-512-512-846: 2500/2500 tasks started.gcp-us-east1-gcp-gemm-512-512-287: 2500/2500 tasks started.azure-germanywestcentral-azure-gemm-512-512-242: 2500/2500 tasks started.
[2025-11-30T17:32:26Z] [[36minfo[0m] [progress_update] aws-us-east-1-aws-gemm-512-512-959: 2500/2500 tasks started.alibaba-us-east-1-alibaba-gemm-512-512-846: 2500/2500 tasks started.gcp-us-east1-gcp-gemm-512-512-287: 2500/2500 tasks started.azure-germanywestcentral-azure-gemm-512-512-242: 2500/2500 tasks started.
[2025-11-30T17:32:36Z] [[36minfo[0m] [progress_update] aws-us-east-1-aws-gemm-512-512-959: 2500/2500 tasks started.alibaba-us-east-1-alibaba-gemm-512-512-846: 2500/2500 tasks started.gcp-us-east1-gcp-gemm-512-512-287: 2500/2500 tasks started.azure-germanywestcentral-azure-gemm-512-512-242: 2500/2500 tasks started.
[2025-11-30T17:32:41Z] [[36minfo[0m] [function_finished] Finished benchmarking function alibaba-gemm-512 and closed archiver
[2025-11-30T17:32:46Z] [[36minfo[0m] [progress_update] aws-us-east-1-aws-gemm-512-512-959: 2500/2500 tasks started.alibaba-us-east-1-alibaba-gemm-512-512-846: 2500/2500 tasks started.gcp-us-east1-gcp-gemm-512-512-287: 2500/2500 tasks started.azure-germanywestcentral-azure-gemm-512-512-242: 2500/2500 tasks started.
[2025-11-30T17:32:56Z] [[36minfo[0m] [progress_update] aws-us-east-1-aws-gemm-512-512-959: 2500/2500 tasks started.alibaba-us-east-1-alibaba-gemm-512-512-846: 2500/2500 tasks started.gcp-us-east1-gcp-gemm-512-512-287: 2500/2500 tasks started.azure-germanywestcentral-azure-gemm-512-512-242: 2500/2500 tasks started.
[2025-11-30T17:33:06Z] [[36minfo[0m] [progress_update] aws-us-east-1-aws-gemm-512-512-959: 2500/2500 tasks started.alibaba-us-east-1-alibaba-gemm-512-512-846: 2500/2500 tasks started.gcp-us-east1-gcp-gemm-512-512-287: 2500/2500 tasks started.azure-germanywestcentral-azure-gemm-512-512-242: 2500/2500 tasks started.
[2025-11-30T17:33:16Z] [[36minfo[0m] [progress_update] aws-us-east-1-aws-gemm-512-512-959: 2500/2500 tasks started.alibaba-us-east-1-alibaba-gemm-512-512-846: 2500/2500 tasks started.gcp-us-east1-gcp-gemm-512-512-287: 2500/2500 tasks started.azure-germanywestcentral-azure-gemm-512-512-242: 2500/2500 tasks started.
[2025-11-30T17:33:26Z] [[36minfo[0m] [progress_update] aws-us-east-1-aws-gemm-512-512-959: 2500/2500 tasks started.alibaba-us-east-1-alibaba-gemm-512-512-846: 2500/2500 tasks started.gcp-us-east1-gcp-gemm-512-512-287: 2500/2500 tasks started.azure-germanywestcentral-azure-gemm-512-512-242: 2500/2500 tasks started.
[2025-11-30T17:33:36Z] [[36minfo[0m] [progress_update] aws-us-east-1-aws-gemm-512-512-959: 2500/2500 tasks started.alibaba-us-east-1-alibaba-gemm-512-512-846: 2500/2500 tasks started.gcp-us-east1-gcp-gemm-512-512-287: 2500/2500 tasks started.azure-germanywestcentral-azure-gemm-512-512-242: 2500/2500 tasks started.
[2025-11-30T17:33:46Z] [[36minfo[0m] [progress_update] alibaba-us-east-1-alibaba-gemm-512-512-846: 2500/2500 tasks started.gcp-us-east1-gcp-gemm-512-512-287: 2500/2500 tasks started.azure-germanywestcentral-azure-gemm-512-512-242: 2500/2500 tasks started.aws-us-east-1-aws-gemm-512-512-959: 2500/2500 tasks started.
[2025-11-30T17:33:56Z] [[36minfo[0m] [progress_update] aws-us-east-1-aws-gemm-512-512-959: 2500/2500 tasks started.alibaba-us-east-1-alibaba-gemm-512-512-846: 2500/2500 tasks started.gcp-us-east1-gcp-gemm-512-512-287: 2500/2500 tasks started.azure-germanywestcentral-azure-gemm-512-512-242: 2500/2500 tasks started.
[2025-11-30T17:34:06Z] [[36minfo[0m] [progress_update] gcp-us-east1-gcp-gemm-512-512-287: 2500/2500 tasks started.azure-germanywestcentral-azure-gemm-512-512-242: 2500/2500 tasks started.aws-us-east-1-aws-gemm-512-512-959: 2500/2500 tasks started.alibaba-us-east-1-alibaba-gemm-512-512-846: 2500/2500 tasks started.
[2025-11-30T17:34:16Z] [[36minfo[0m] [progress_update] aws-us-east-1-aws-gemm-512-512-959: 2500/2500 tasks started.alibaba-us-east-1-alibaba-gemm-512-512-846: 2500/2500 tasks started.gcp-us-east1-gcp-gemm-512-512-287: 2500/2500 tasks started.azure-germanywestcentral-azure-gemm-512-512-242: 2500/2500 tasks started.
[2025-11-30T17:34:26Z] [[36minfo[0m] [progress_update] aws-us-east-1-aws-gemm-512-512-959: 2500/2500 tasks started.alibaba-us-east-1-alibaba-gemm-512-512-846: 2500/2500 tasks started.gcp-us-east1-gcp-gemm-512-512-287: 2500/2500 tasks started.azure-germanywestcentral-azure-gemm-512-512-242: 2500/2500 tasks started.
[2025-11-30T17:34:36Z] [[36minfo[0m] [progress_update] aws-us-east-1-aws-gemm-512-512-959: 2500/2500 tasks started.alibaba-us-east-1-alibaba-gemm-512-512-846: 2500/2500 tasks started.gcp-us-east1-gcp-gemm-512-512-287: 2500/2500 tasks started.azure-germanywestcentral-azure-gemm-512-512-242: 2500/2500 tasks started.
[2025-11-30T17:34:46Z] [[36minfo[0m] [progress_update] aws-us-east-1-aws-gemm-512-512-959: 2500/2500 tasks started.alibaba-us-east-1-alibaba-gemm-512-512-846: 2500/2500 tasks started.gcp-us-east1-gcp-gemm-512-512-287: 2500/2500 tasks started.azure-germanywestcentral-azure-gemm-512-512-242: 2500/2500 tasks started.
[2025-11-30T17:34:55Z] [[31merror[0m] [task_execution] Error executing task azure-gemm-512: task azure-gemm-512 failed after 7 retries: <nil>
[2025-11-30T17:34:56Z] [[36minfo[0m] [progress_update] aws-us-east-1-aws-gemm-512-512-959: 2500/2500 tasks started.alibaba-us-east-1-alibaba-gemm-512-512-846: 2500/2500 tasks started.gcp-us-east1-gcp-gemm-512-512-287: 2500/2500 tasks started.azure-germanywestcentral-azure-gemm-512-512-242: 2500/2500 tasks started.
[2025-11-30T17:34:57Z] [[31merror[0m] [task_execution] Error executing task azure-gemm-512: task azure-gemm-512 failed after 7 retries: <nil>
[2025-11-30T17:35:06Z] [[36minfo[0m] [progress_update] alibaba-us-east-1-alibaba-gemm-512-512-846: 2500/2500 tasks started.gcp-us-east1-gcp-gemm-512-512-287: 2500/2500 tasks started.azure-germanywestcentral-azure-gemm-512-512-242: 2500/2500 tasks started.aws-us-east-1-aws-gemm-512-512-959: 2500/2500 tasks started.
[2025-11-30T17:35:15Z] [[31merror[0m] [task_execution] Error executing task azure-gemm-512: task azure-gemm-512 failed after 7 retries: <nil>
[2025-11-30T17:35:16Z] [[31merror[0m] [task_execution] Error executing task azure-gemm-512: task azure-gemm-512 failed after 7 retries: <nil>
[2025-11-30T17:35:16Z] [[31merror[0m] [task_execution] Error executing task azure-gemm-512: task azure-gemm-512 failed after 7 retries: <nil>
[2025-11-30T17:35:16Z] [[36minfo[0m] [progress_update] aws-us-east-1-aws-gemm-512-512-959: 2500/2500 tasks started.alibaba-us-east-1-alibaba-gemm-512-512-846: 2500/2500 tasks started.gcp-us-east1-gcp-gemm-512-512-287: 2500/2500 tasks started.azure-germanywestcentral-azure-gemm-512-512-242: 2500/2500 tasks started.
[2025-11-30T17:35:16Z] [[31merror[0m] [task_execution] Error executing task azure-gemm-512: task azure-gemm-512 failed after 7 retries: <nil>
[2025-11-30T17:35:17Z] [[31merror[0m] [task_execution] Error executing task azure-gemm-512: task azure-gemm-512 failed after 7 retries: <nil>
[2025-11-30T17:35:17Z] [[31merror[0m] [task_execution] Error executing task azure-gemm-512: task azure-gemm-512 failed after 7 retries: <nil>
[2025-11-30T17:35:17Z] [[31merror[0m] [task_execution] Error executing task azure-gemm-512: task azure-gemm-512 failed after 7 retries: <nil>
[2025-11-30T17:35:17Z] [[31merror[0m] [task_execution] Error executing task azure-gemm-512: task azure-gemm-512 failed after 7 retries: <nil>
[2025-11-30T17:35:17Z] [[31merror[0m] [task_execution] Error executing task azure-gemm-512: task azure-gemm-512 failed after 7 retries: <nil>
[2025-11-30T17:35:17Z] [[31merror[0m] [task_execution] Error executing task azure-gemm-512: task azure-gemm-512 failed after 7 retries: <nil>
[2025-11-30T17:35:17Z] [[31merror[0m] [task_execution] Error executing task azure-gemm-512: task azure-gemm-512 failed after 7 retries: <nil>
[2025-11-30T17:35:18Z] [[31merror[0m] [task_execution] Error executing task azure-gemm-512: task azure-gemm-512 failed after 7 retries: <nil>
[2025-11-30T17:35:18Z] [[31merror[0m] [task_execution] Error executing task azure-gemm-512: task azure-gemm-512 failed after 7 retries: <nil>
[2025-11-30T17:35:18Z] [[31merror[0m] [task_execution] Error executing task azure-gemm-512: task azure-gemm-512 failed after 7 retries: <nil>
[2025-11-30T17:35:18Z] [[31merror[0m] [task_execution] Error executing task azure-gemm-512: task azure-gemm-512 failed after 7 retries: <nil>
[2025-11-30T17:35:23Z] [[36minfo[0m] [function_finished] Finished benchmarking function azure-gemm-512 and closed archiver
[2025-11-30T17:35:25Z] [[36minfo[0m] [finish_timeline] Benchmark Timeline
[Sun Nov 30 17:35:25 UTC 2025] Finished benchmark 'gemm' successfully
[Sun Nov 30 17:35:25 UTC 2025] Sleeping 600 seconds before next workload...
