[Sun Nov 30 00:01:29 UTC 2025] Starting benchmark 'json' with config './configs/json.yaml'
Validating functions...
[2025-11-30T00:01:29Z] [[36minfo[0m] [executor_setup] Setting up executor for aws-us-east-1-aws-json-512-512-148
[2025-11-30T00:01:29Z] [[36minfo[0m] [executor_setup] Setting up executor for alibaba-us-east-1-alibaba-json-512-512-888
[2025-11-30T00:01:29Z] [[36minfo[0m] [executor_setup] Setting up executor for azure-germanywestcentral-azure-json-512-512-471
[2025-11-30T00:01:29Z] [[0mwarning[0m] [[32mazure_limitations[0m] Azure can´t handle more than 300 parallel requests. Limiting to 300.
[2025-11-30T00:01:29Z] [[36minfo[0m] [executor_setup] Setting up executor for gcp-us-east1-gcp-json-512-512-157
[2025-11-30T00:01:29Z] [[36minfo[0m] [start_timeline] Benchmark Timeline
[2025-11-30T00:01:29Z] [[36minfo[0m] [load_generator_start] (aws: us-east-1) Starting load generator with 500 workers
[2025-11-30T00:01:29Z] [[36minfo[0m] [load_generator_start] (alibaba: us-east-1) Starting load generator with 500 workers
[2025-11-30T00:01:29Z] [[36minfo[0m] [load_generator_start] (azure: germanywestcentral) Starting load generator with 300 workers
[2025-11-30T00:01:29Z] [[36minfo[0m] [load_generator_start] (gcp: us-east1) Starting load generator with 300 workers
[2025-11-30T00:01:39Z] [[36minfo[0m] [progress_update] gcp-us-east1-gcp-json-512-512-157: 927/2500 tasks started.aws-us-east-1-aws-json-512-512-148: 1700/2500 tasks started.alibaba-us-east-1-alibaba-json-512-512-888: 1439/2500 tasks started.azure-germanywestcentral-azure-json-512-512-471: 724/2500 tasks started.
[2025-11-30T00:01:49Z] [[36minfo[0m] [progress_update] aws-us-east-1-aws-json-512-512-148: 2500/2500 tasks started.alibaba-us-east-1-alibaba-json-512-512-888: 2500/2500 tasks started.azure-germanywestcentral-azure-json-512-512-471: 739/2500 tasks started.gcp-us-east1-gcp-json-512-512-157: 1943/2500 tasks started.
[2025-11-30T00:01:59Z] [[36minfo[0m] [function_finished] Finished benchmarking function aws-json-512 and closed archiver
[2025-11-30T00:01:59Z] [[36minfo[0m] [progress_update] aws-us-east-1-aws-json-512-512-148: 2500/2500 tasks started.alibaba-us-east-1-alibaba-json-512-512-888: 2500/2500 tasks started.azure-germanywestcentral-azure-json-512-512-471: 1398/2500 tasks started.gcp-us-east1-gcp-json-512-512-157: 2500/2500 tasks started.
[2025-11-30T00:02:08Z] [[36minfo[0m] [function_finished] Finished benchmarking function gcp-json-512 and closed archiver
[2025-11-30T00:02:09Z] [[36minfo[0m] [progress_update] aws-us-east-1-aws-json-512-512-148: 2500/2500 tasks started.alibaba-us-east-1-alibaba-json-512-512-888: 2500/2500 tasks started.azure-germanywestcentral-azure-json-512-512-471: 1992/2500 tasks started.gcp-us-east1-gcp-json-512-512-157: 2500/2500 tasks started.
[2025-11-30T00:02:19Z] [[36minfo[0m] [progress_update] alibaba-us-east-1-alibaba-json-512-512-888: 2500/2500 tasks started.azure-germanywestcentral-azure-json-512-512-471: 2500/2500 tasks started.gcp-us-east1-gcp-json-512-512-157: 2500/2500 tasks started.aws-us-east-1-aws-json-512-512-148: 2500/2500 tasks started.
[2025-11-30T00:02:29Z] [[36minfo[0m] [progress_update] aws-us-east-1-aws-json-512-512-148: 2500/2500 tasks started.alibaba-us-east-1-alibaba-json-512-512-888: 2500/2500 tasks started.azure-germanywestcentral-azure-json-512-512-471: 2500/2500 tasks started.gcp-us-east1-gcp-json-512-512-157: 2500/2500 tasks started.
[2025-11-30T00:02:39Z] [[36minfo[0m] [progress_update] aws-us-east-1-aws-json-512-512-148: 2500/2500 tasks started.alibaba-us-east-1-alibaba-json-512-512-888: 2500/2500 tasks started.azure-germanywestcentral-azure-json-512-512-471: 2500/2500 tasks started.gcp-us-east1-gcp-json-512-512-157: 2500/2500 tasks started.
[2025-11-30T00:02:49Z] [[36minfo[0m] [progress_update] aws-us-east-1-aws-json-512-512-148: 2500/2500 tasks started.alibaba-us-east-1-alibaba-json-512-512-888: 2500/2500 tasks started.azure-germanywestcentral-azure-json-512-512-471: 2500/2500 tasks started.gcp-us-east1-gcp-json-512-512-157: 2500/2500 tasks started.
[2025-11-30T00:02:59Z] [[36minfo[0m] [progress_update] aws-us-east-1-aws-json-512-512-148: 2500/2500 tasks started.alibaba-us-east-1-alibaba-json-512-512-888: 2500/2500 tasks started.azure-germanywestcentral-azure-json-512-512-471: 2500/2500 tasks started.gcp-us-east1-gcp-json-512-512-157: 2500/2500 tasks started.
[2025-11-30T00:03:09Z] [[36minfo[0m] [progress_update] aws-us-east-1-aws-json-512-512-148: 2500/2500 tasks started.alibaba-us-east-1-alibaba-json-512-512-888: 2500/2500 tasks started.azure-germanywestcentral-azure-json-512-512-471: 2500/2500 tasks started.gcp-us-east1-gcp-json-512-512-157: 2500/2500 tasks started.
[2025-11-30T00:03:19Z] [[36minfo[0m] [progress_update] aws-us-east-1-aws-json-512-512-148: 2500/2500 tasks started.alibaba-us-east-1-alibaba-json-512-512-888: 2500/2500 tasks started.azure-germanywestcentral-azure-json-512-512-471: 2500/2500 tasks started.gcp-us-east1-gcp-json-512-512-157: 2500/2500 tasks started.
[2025-11-30T00:03:29Z] [[36minfo[0m] [progress_update] azure-germanywestcentral-azure-json-512-512-471: 2500/2500 tasks started.gcp-us-east1-gcp-json-512-512-157: 2500/2500 tasks started.aws-us-east-1-aws-json-512-512-148: 2500/2500 tasks started.alibaba-us-east-1-alibaba-json-512-512-888: 2500/2500 tasks started.
[2025-11-30T00:03:39Z] [[36minfo[0m] [progress_update] aws-us-east-1-aws-json-512-512-148: 2500/2500 tasks started.alibaba-us-east-1-alibaba-json-512-512-888: 2500/2500 tasks started.azure-germanywestcentral-azure-json-512-512-471: 2500/2500 tasks started.gcp-us-east1-gcp-json-512-512-157: 2500/2500 tasks started.
[2025-11-30T00:03:49Z] [[36minfo[0m] [progress_update] aws-us-east-1-aws-json-512-512-148: 2500/2500 tasks started.alibaba-us-east-1-alibaba-json-512-512-888: 2500/2500 tasks started.azure-germanywestcentral-azure-json-512-512-471: 2500/2500 tasks started.gcp-us-east1-gcp-json-512-512-157: 2500/2500 tasks started.
[2025-11-30T00:03:59Z] [[36minfo[0m] [progress_update] aws-us-east-1-aws-json-512-512-148: 2500/2500 tasks started.alibaba-us-east-1-alibaba-json-512-512-888: 2500/2500 tasks started.azure-germanywestcentral-azure-json-512-512-471: 2500/2500 tasks started.gcp-us-east1-gcp-json-512-512-157: 2500/2500 tasks started.
[2025-11-30T00:04:09Z] [[36minfo[0m] [progress_update] aws-us-east-1-aws-json-512-512-148: 2500/2500 tasks started.alibaba-us-east-1-alibaba-json-512-512-888: 2500/2500 tasks started.azure-germanywestcentral-azure-json-512-512-471: 2500/2500 tasks started.gcp-us-east1-gcp-json-512-512-157: 2500/2500 tasks started.
[2025-11-30T00:04:19Z] [[36minfo[0m] [progress_update] aws-us-east-1-aws-json-512-512-148: 2500/2500 tasks started.alibaba-us-east-1-alibaba-json-512-512-888: 2500/2500 tasks started.azure-germanywestcentral-azure-json-512-512-471: 2500/2500 tasks started.gcp-us-east1-gcp-json-512-512-157: 2500/2500 tasks started.
[2025-11-30T00:04:29Z] [[36minfo[0m] [progress_update] aws-us-east-1-aws-json-512-512-148: 2500/2500 tasks started.alibaba-us-east-1-alibaba-json-512-512-888: 2500/2500 tasks started.azure-germanywestcentral-azure-json-512-512-471: 2500/2500 tasks started.gcp-us-east1-gcp-json-512-512-157: 2500/2500 tasks started.
[2025-11-30T00:04:39Z] [[36minfo[0m] [progress_update] aws-us-east-1-aws-json-512-512-148: 2500/2500 tasks started.alibaba-us-east-1-alibaba-json-512-512-888: 2500/2500 tasks started.azure-germanywestcentral-azure-json-512-512-471: 2500/2500 tasks started.gcp-us-east1-gcp-json-512-512-157: 2500/2500 tasks started.
[2025-11-30T00:04:49Z] [[36minfo[0m] [progress_update] alibaba-us-east-1-alibaba-json-512-512-888: 2500/2500 tasks started.azure-germanywestcentral-azure-json-512-512-471: 2500/2500 tasks started.gcp-us-east1-gcp-json-512-512-157: 2500/2500 tasks started.aws-us-east-1-aws-json-512-512-148: 2500/2500 tasks started.
[2025-11-30T00:04:59Z] [[36minfo[0m] [progress_update] aws-us-east-1-aws-json-512-512-148: 2500/2500 tasks started.alibaba-us-east-1-alibaba-json-512-512-888: 2500/2500 tasks started.azure-germanywestcentral-azure-json-512-512-471: 2500/2500 tasks started.gcp-us-east1-gcp-json-512-512-157: 2500/2500 tasks started.
[2025-11-30T00:05:09Z] [[36minfo[0m] [progress_update] azure-germanywestcentral-azure-json-512-512-471: 2500/2500 tasks started.gcp-us-east1-gcp-json-512-512-157: 2500/2500 tasks started.aws-us-east-1-aws-json-512-512-148: 2500/2500 tasks started.alibaba-us-east-1-alibaba-json-512-512-888: 2500/2500 tasks started.
[2025-11-30T00:05:19Z] [[36minfo[0m] [progress_update] azure-germanywestcentral-azure-json-512-512-471: 2500/2500 tasks started.gcp-us-east1-gcp-json-512-512-157: 2500/2500 tasks started.aws-us-east-1-aws-json-512-512-148: 2500/2500 tasks started.alibaba-us-east-1-alibaba-json-512-512-888: 2500/2500 tasks started.
[2025-11-30T00:05:29Z] [[36minfo[0m] [progress_update] alibaba-us-east-1-alibaba-json-512-512-888: 2500/2500 tasks started.azure-germanywestcentral-azure-json-512-512-471: 2500/2500 tasks started.gcp-us-east1-gcp-json-512-512-157: 2500/2500 tasks started.aws-us-east-1-aws-json-512-512-148: 2500/2500 tasks started.
[2025-11-30T00:05:39Z] [[36minfo[0m] [progress_update] aws-us-east-1-aws-json-512-512-148: 2500/2500 tasks started.alibaba-us-east-1-alibaba-json-512-512-888: 2500/2500 tasks started.azure-germanywestcentral-azure-json-512-512-471: 2500/2500 tasks started.gcp-us-east1-gcp-json-512-512-157: 2500/2500 tasks started.
[2025-11-30T00:05:49Z] [[36minfo[0m] [progress_update] alibaba-us-east-1-alibaba-json-512-512-888: 2500/2500 tasks started.azure-germanywestcentral-azure-json-512-512-471: 2500/2500 tasks started.gcp-us-east1-gcp-json-512-512-157: 2500/2500 tasks started.aws-us-east-1-aws-json-512-512-148: 2500/2500 tasks started.
[2025-11-30T00:05:55Z] [[31merror[0m] [task_execution] Error executing task alibaba-json-512: task alibaba-json-512 failed after 7 retries: <nil>
[2025-11-30T00:05:59Z] [[36minfo[0m] [progress_update] aws-us-east-1-aws-json-512-512-148: 2500/2500 tasks started.alibaba-us-east-1-alibaba-json-512-512-888: 2500/2500 tasks started.azure-germanywestcentral-azure-json-512-512-471: 2500/2500 tasks started.gcp-us-east1-gcp-json-512-512-157: 2500/2500 tasks started.
[2025-11-30T00:06:00Z] [[36minfo[0m] [function_finished] Finished benchmarking function alibaba-json-512 and closed archiver
[2025-11-30T00:06:09Z] [[36minfo[0m] [progress_update] azure-germanywestcentral-azure-json-512-512-471: 2500/2500 tasks started.gcp-us-east1-gcp-json-512-512-157: 2500/2500 tasks started.aws-us-east-1-aws-json-512-512-148: 2500/2500 tasks started.alibaba-us-east-1-alibaba-json-512-512-888: 2500/2500 tasks started.
[2025-11-30T00:06:19Z] [[36minfo[0m] [progress_update] azure-germanywestcentral-azure-json-512-512-471: 2500/2500 tasks started.gcp-us-east1-gcp-json-512-512-157: 2500/2500 tasks started.aws-us-east-1-aws-json-512-512-148: 2500/2500 tasks started.alibaba-us-east-1-alibaba-json-512-512-888: 2500/2500 tasks started.
[2025-11-30T00:06:27Z] [[31merror[0m] [task_execution] Error executing task azure-json-512: task azure-json-512 failed after 7 retries: <nil>
[2025-11-30T00:06:28Z] [[31merror[0m] [task_execution] Error executing task azure-json-512: task azure-json-512 failed after 7 retries: <nil>
[2025-11-30T00:06:28Z] [[31merror[0m] [task_execution] Error executing task azure-json-512: task azure-json-512 failed after 7 retries: <nil>
[2025-11-30T00:06:28Z] [[31merror[0m] [task_execution] Error executing task azure-json-512: task azure-json-512 failed after 7 retries: <nil>
[2025-11-30T00:06:28Z] [[31merror[0m] [task_execution] Error executing task azure-json-512: task azure-json-512 failed after 7 retries: <nil>
[2025-11-30T00:06:28Z] [[31merror[0m] [task_execution] Error executing task azure-json-512: task azure-json-512 failed after 7 retries: <nil>
[2025-11-30T00:06:28Z] [[31merror[0m] [task_execution] Error executing task azure-json-512: task azure-json-512 failed after 7 retries: <nil>
[2025-11-30T00:06:28Z] [[31merror[0m] [task_execution] Error executing task azure-json-512: task azure-json-512 failed after 7 retries: <nil>
[2025-11-30T00:06:29Z] [[31merror[0m] [task_execution] Error executing task azure-json-512: task azure-json-512 failed after 7 retries: <nil>
[2025-11-30T00:06:29Z] [[31merror[0m] [task_execution] Error executing task azure-json-512: task azure-json-512 failed after 7 retries: <nil>
[2025-11-30T00:06:29Z] [[36minfo[0m] [progress_update] gcp-us-east1-gcp-json-512-512-157: 2500/2500 tasks started.aws-us-east-1-aws-json-512-512-148: 2500/2500 tasks started.alibaba-us-east-1-alibaba-json-512-512-888: 2500/2500 tasks started.azure-germanywestcentral-azure-json-512-512-471: 2500/2500 tasks started.
[2025-11-30T00:06:29Z] [[31merror[0m] [task_execution] Error executing task azure-json-512: task azure-json-512 failed after 7 retries: <nil>
[2025-11-30T00:06:29Z] [[31merror[0m] [task_execution] Error executing task azure-json-512: task azure-json-512 failed after 7 retries: <nil>
[2025-11-30T00:06:29Z] [[31merror[0m] [task_execution] Error executing task azure-json-512: task azure-json-512 failed after 7 retries: <nil>
[2025-11-30T00:06:30Z] [[31merror[0m] [task_execution] Error executing task azure-json-512: task azure-json-512 failed after 7 retries: <nil>
[2025-11-30T00:06:30Z] [[31merror[0m] [task_execution] Error executing task azure-json-512: task azure-json-512 failed after 7 retries: <nil>
[2025-11-30T00:06:30Z] [[31merror[0m] [task_execution] Error executing task azure-json-512: task azure-json-512 failed after 7 retries: <nil>
[2025-11-30T00:06:30Z] [[31merror[0m] [task_execution] Error executing task azure-json-512: task azure-json-512 failed after 7 retries: <nil>
[2025-11-30T00:06:30Z] [[31merror[0m] [task_execution] Error executing task azure-json-512: task azure-json-512 failed after 7 retries: <nil>
[2025-11-30T00:06:30Z] [[31merror[0m] [task_execution] Error executing task azure-json-512: task azure-json-512 failed after 7 retries: <nil>
[2025-11-30T00:06:30Z] [[31merror[0m] [task_execution] Error executing task azure-json-512: task azure-json-512 failed after 7 retries: <nil>
[2025-11-30T00:06:30Z] [[31merror[0m] [task_execution] Error executing task azure-json-512: task azure-json-512 failed after 7 retries: <nil>
[2025-11-30T00:06:30Z] [[31merror[0m] [task_execution] Error executing task azure-json-512: task azure-json-512 failed after 7 retries: <nil>
[2025-11-30T00:06:30Z] [[31merror[0m] [task_execution] Error executing task azure-json-512: task azure-json-512 failed after 7 retries: <nil>
[2025-11-30T00:06:30Z] [[31merror[0m] [task_execution] Error executing task azure-json-512: task azure-json-512 failed after 7 retries: <nil>
[2025-11-30T00:06:30Z] [[31merror[0m] [task_execution] Error executing task azure-json-512: task azure-json-512 failed after 7 retries: <nil>
[2025-11-30T00:06:30Z] [[31merror[0m] [task_execution] Error executing task azure-json-512: task azure-json-512 failed after 7 retries: <nil>
[2025-11-30T00:06:30Z] [[31merror[0m] [task_execution] Error executing task azure-json-512: task azure-json-512 failed after 7 retries: <nil>
[2025-11-30T00:06:30Z] [[31merror[0m] [task_execution] Error executing task azure-json-512: task azure-json-512 failed after 7 retries: <nil>
[2025-11-30T00:06:30Z] [[31merror[0m] [task_execution] Error executing task azure-json-512: task azure-json-512 failed after 7 retries: <nil>
[2025-11-30T00:06:30Z] [[31merror[0m] [task_execution] Error executing task azure-json-512: task azure-json-512 failed after 7 retries: <nil>
[2025-11-30T00:06:30Z] [[31merror[0m] [task_execution] Error executing task azure-json-512: task azure-json-512 failed after 7 retries: <nil>
[2025-11-30T00:06:30Z] [[31merror[0m] [task_execution] Error executing task azure-json-512: task azure-json-512 failed after 7 retries: <nil>
[2025-11-30T00:06:30Z] [[31merror[0m] [task_execution] Error executing task azure-json-512: task azure-json-512 failed after 7 retries: <nil>
[2025-11-30T00:06:30Z] [[31merror[0m] [task_execution] Error executing task azure-json-512: task azure-json-512 failed after 7 retries: <nil>
[2025-11-30T00:06:31Z] [[31merror[0m] [task_execution] Error executing task azure-json-512: task azure-json-512 failed after 7 retries: <nil>
[2025-11-30T00:06:31Z] [[31merror[0m] [task_execution] Error executing task azure-json-512: task azure-json-512 failed after 7 retries: <nil>
[2025-11-30T00:06:31Z] [[31merror[0m] [task_execution] Error executing task azure-json-512: task azure-json-512 failed after 7 retries: <nil>
[2025-11-30T00:06:31Z] [[31merror[0m] [task_execution] Error executing task azure-json-512: task azure-json-512 failed after 7 retries: <nil>
[2025-11-30T00:06:31Z] [[31merror[0m] [task_execution] Error executing task azure-json-512: task azure-json-512 failed after 7 retries: <nil>
[2025-11-30T00:06:31Z] [[31merror[0m] [task_execution] Error executing task azure-json-512: task azure-json-512 failed after 7 retries: <nil>
[2025-11-30T00:06:31Z] [[31merror[0m] [task_execution] Error executing task azure-json-512: task azure-json-512 failed after 7 retries: <nil>
[2025-11-30T00:06:31Z] [[31merror[0m] [task_execution] Error executing task azure-json-512: task azure-json-512 failed after 7 retries: <nil>
[2025-11-30T00:06:31Z] [[31merror[0m] [task_execution] Error executing task azure-json-512: task azure-json-512 failed after 7 retries: <nil>
[2025-11-30T00:06:31Z] [[31merror[0m] [task_execution] Error executing task azure-json-512: task azure-json-512 failed after 7 retries: <nil>
[2025-11-30T00:06:31Z] [[31merror[0m] [task_execution] Error executing task azure-json-512: task azure-json-512 failed after 7 retries: <nil>
[2025-11-30T00:06:32Z] [[31merror[0m] [task_execution] Error executing task azure-json-512: task azure-json-512 failed after 7 retries: <nil>
[2025-11-30T00:06:32Z] [[31merror[0m] [task_execution] Error executing task azure-json-512: task azure-json-512 failed after 7 retries: <nil>
[2025-11-30T00:06:32Z] [[31merror[0m] [task_execution] Error executing task azure-json-512: task azure-json-512 failed after 7 retries: <nil>
[2025-11-30T00:06:32Z] [[31merror[0m] [task_execution] Error executing task azure-json-512: task azure-json-512 failed after 7 retries: <nil>
[2025-11-30T00:06:32Z] [[31merror[0m] [task_execution] Error executing task azure-json-512: task azure-json-512 failed after 7 retries: <nil>
[2025-11-30T00:06:32Z] [[31merror[0m] [task_execution] Error executing task azure-json-512: task azure-json-512 failed after 7 retries: <nil>
[2025-11-30T00:06:32Z] [[31merror[0m] [task_execution] Error executing task azure-json-512: task azure-json-512 failed after 7 retries: <nil>
[2025-11-30T00:06:32Z] [[31merror[0m] [task_execution] Error executing task azure-json-512: task azure-json-512 failed after 7 retries: <nil>
[2025-11-30T00:06:32Z] [[31merror[0m] [task_execution] Error executing task azure-json-512: task azure-json-512 failed after 7 retries: <nil>
[2025-11-30T00:06:32Z] [[31merror[0m] [task_execution] Error executing task azure-json-512: task azure-json-512 failed after 7 retries: <nil>
[2025-11-30T00:06:39Z] [[36minfo[0m] [progress_update] aws-us-east-1-aws-json-512-512-148: 2500/2500 tasks started.alibaba-us-east-1-alibaba-json-512-512-888: 2500/2500 tasks started.azure-germanywestcentral-azure-json-512-512-471: 2500/2500 tasks started.gcp-us-east1-gcp-json-512-512-157: 2500/2500 tasks started.
[2025-11-30T00:06:49Z] [[36minfo[0m] [progress_update] aws-us-east-1-aws-json-512-512-148: 2500/2500 tasks started.alibaba-us-east-1-alibaba-json-512-512-888: 2500/2500 tasks started.azure-germanywestcentral-azure-json-512-512-471: 2500/2500 tasks started.gcp-us-east1-gcp-json-512-512-157: 2500/2500 tasks started.
[2025-11-30T00:06:59Z] [[36minfo[0m] [progress_update] aws-us-east-1-aws-json-512-512-148: 2500/2500 tasks started.alibaba-us-east-1-alibaba-json-512-512-888: 2500/2500 tasks started.azure-germanywestcentral-azure-json-512-512-471: 2500/2500 tasks started.gcp-us-east1-gcp-json-512-512-157: 2500/2500 tasks started.
[2025-11-30T00:07:00Z] [[31merror[0m] [task_execution] Error executing task azure-json-512: task azure-json-512 failed after 7 retries: <nil>
[2025-11-30T00:07:00Z] [[31merror[0m] [task_execution] Error executing task azure-json-512: task azure-json-512 failed after 7 retries: <nil>
[2025-11-30T00:07:01Z] [[31merror[0m] [task_execution] Error executing task azure-json-512: task azure-json-512 failed after 7 retries: <nil>
[2025-11-30T00:07:06Z] [[36minfo[0m] [function_finished] Finished benchmarking function azure-json-512 and closed archiver
[2025-11-30T00:07:08Z] [[36minfo[0m] [finish_timeline] Benchmark Timeline
[Sun Nov 30 00:07:08 UTC 2025] Finished benchmark 'json' successfully
