[Fri Dec  5 17:00:01 UTC 2025] Starting benchmark 'aesctr' with config './configs/aesCtr.yaml'
Validating functions...
[2025-12-05T17:00:01Z] [[36minfo[0m] [executor_setup] Setting up executor for aws-us-east-1-aws-aesCtr-512-512-851
[2025-12-05T17:00:01Z] [[36minfo[0m] [executor_setup] Setting up executor for alibaba-us-east-1-alibaba-aesCtr-512-512-550
[2025-12-05T17:00:01Z] [[36minfo[0m] [executor_setup] Setting up executor for azure-germanywestcentral-azure-aesCtr-512-512-166
[2025-12-05T17:00:01Z] [[0mwarning[0m] [[32mazure_limitations[0m] Azure can´t handle more than 300 parallel requests. Limiting to 300.
[2025-12-05T17:00:01Z] [[36minfo[0m] [executor_setup] Setting up executor for gcp-us-east1-gcp-aesCtr-512-512-583
[2025-12-05T17:00:01Z] [[36minfo[0m] [start_timeline] Benchmark Timeline
[2025-12-05T17:00:01Z] [[36minfo[0m] [load_generator_start] (gcp: us-east1) Starting load generator with 300 workers
[2025-12-05T17:00:01Z] [[36minfo[0m] [load_generator_start] (aws: us-east-1) Starting load generator with 500 workers
[2025-12-05T17:00:01Z] [[36minfo[0m] [load_generator_start] (alibaba: us-east-1) Starting load generator with 500 workers
[2025-12-05T17:00:01Z] [[36minfo[0m] [load_generator_start] (azure: germanywestcentral) Starting load generator with 300 workers
[2025-12-05T17:00:11Z] [[36minfo[0m] [progress_update] aws-us-east-1-aws-aesCtr-512-512-851: 2027/2500 tasks started.alibaba-us-east-1-alibaba-aesCtr-512-512-550: 2161/2500 tasks started.azure-germanywestcentral-azure-aesCtr-512-512-166: 634/2500 tasks started.gcp-us-east1-gcp-aesCtr-512-512-583: 584/2500 tasks started.
[2025-12-05T17:00:21Z] [[36minfo[0m] [progress_update] aws-us-east-1-aws-aesCtr-512-512-851: 2500/2500 tasks started.alibaba-us-east-1-alibaba-aesCtr-512-512-550: 2500/2500 tasks started.azure-germanywestcentral-azure-aesCtr-512-512-166: 634/2500 tasks started.gcp-us-east1-gcp-aesCtr-512-512-583: 1157/2500 tasks started.
[2025-12-05T17:00:29Z] [[36minfo[0m] [function_finished] Finished benchmarking function aws-aesCtr-512 and closed archiver
[2025-12-05T17:00:31Z] [[36minfo[0m] [progress_update] aws-us-east-1-aws-aesCtr-512-512-851: 2500/2500 tasks started.alibaba-us-east-1-alibaba-aesCtr-512-512-550: 2500/2500 tasks started.azure-germanywestcentral-azure-aesCtr-512-512-166: 1362/2500 tasks started.gcp-us-east1-gcp-aesCtr-512-512-583: 1702/2500 tasks started.
[2025-12-05T17:00:41Z] [[36minfo[0m] [progress_update] aws-us-east-1-aws-aesCtr-512-512-851: 2500/2500 tasks started.alibaba-us-east-1-alibaba-aesCtr-512-512-550: 2500/2500 tasks started.azure-germanywestcentral-azure-aesCtr-512-512-166: 1863/2500 tasks started.gcp-us-east1-gcp-aesCtr-512-512-583: 2246/2500 tasks started.
[2025-12-05T17:00:51Z] [[36minfo[0m] [progress_update] aws-us-east-1-aws-aesCtr-512-512-851: 2500/2500 tasks started.alibaba-us-east-1-alibaba-aesCtr-512-512-550: 2500/2500 tasks started.azure-germanywestcentral-azure-aesCtr-512-512-166: 2068/2500 tasks started.gcp-us-east1-gcp-aesCtr-512-512-583: 2500/2500 tasks started.
[2025-12-05T17:01:01Z] [[36minfo[0m] [progress_update] aws-us-east-1-aws-aesCtr-512-512-851: 2500/2500 tasks started.alibaba-us-east-1-alibaba-aesCtr-512-512-550: 2500/2500 tasks started.azure-germanywestcentral-azure-aesCtr-512-512-166: 2068/2500 tasks started.gcp-us-east1-gcp-aesCtr-512-512-583: 2500/2500 tasks started.
[2025-12-05T17:01:01Z] [[36minfo[0m] [function_finished] Finished benchmarking function gcp-aesCtr-512 and closed archiver
[2025-12-05T17:01:11Z] [[36minfo[0m] [progress_update] aws-us-east-1-aws-aesCtr-512-512-851: 2500/2500 tasks started.alibaba-us-east-1-alibaba-aesCtr-512-512-550: 2500/2500 tasks started.azure-germanywestcentral-azure-aesCtr-512-512-166: 2155/2500 tasks started.gcp-us-east1-gcp-aesCtr-512-512-583: 2500/2500 tasks started.
[2025-12-05T17:01:21Z] [[36minfo[0m] [function_finished] Finished benchmarking function alibaba-aesCtr-512 and closed archiver
[2025-12-05T17:01:21Z] [[36minfo[0m] [progress_update] aws-us-east-1-aws-aesCtr-512-512-851: 2500/2500 tasks started.alibaba-us-east-1-alibaba-aesCtr-512-512-550: 2500/2500 tasks started.azure-germanywestcentral-azure-aesCtr-512-512-166: 2213/2500 tasks started.gcp-us-east1-gcp-aesCtr-512-512-583: 2500/2500 tasks started.
[2025-12-05T17:01:31Z] [[36minfo[0m] [progress_update] alibaba-us-east-1-alibaba-aesCtr-512-512-550: 2500/2500 tasks started.azure-germanywestcentral-azure-aesCtr-512-512-166: 2259/2500 tasks started.gcp-us-east1-gcp-aesCtr-512-512-583: 2500/2500 tasks started.aws-us-east-1-aws-aesCtr-512-512-851: 2500/2500 tasks started.
[2025-12-05T17:01:41Z] [[36minfo[0m] [progress_update] aws-us-east-1-aws-aesCtr-512-512-851: 2500/2500 tasks started.alibaba-us-east-1-alibaba-aesCtr-512-512-550: 2500/2500 tasks started.azure-germanywestcentral-azure-aesCtr-512-512-166: 2261/2500 tasks started.gcp-us-east1-gcp-aesCtr-512-512-583: 2500/2500 tasks started.
[2025-12-05T17:01:51Z] [[36minfo[0m] [progress_update] aws-us-east-1-aws-aesCtr-512-512-851: 2500/2500 tasks started.alibaba-us-east-1-alibaba-aesCtr-512-512-550: 2500/2500 tasks started.azure-germanywestcentral-azure-aesCtr-512-512-166: 2500/2500 tasks started.gcp-us-east1-gcp-aesCtr-512-512-583: 2500/2500 tasks started.
[2025-12-05T17:02:01Z] [[36minfo[0m] [progress_update] aws-us-east-1-aws-aesCtr-512-512-851: 2500/2500 tasks started.alibaba-us-east-1-alibaba-aesCtr-512-512-550: 2500/2500 tasks started.azure-germanywestcentral-azure-aesCtr-512-512-166: 2500/2500 tasks started.gcp-us-east1-gcp-aesCtr-512-512-583: 2500/2500 tasks started.
[2025-12-05T17:02:11Z] [[36minfo[0m] [progress_update] aws-us-east-1-aws-aesCtr-512-512-851: 2500/2500 tasks started.alibaba-us-east-1-alibaba-aesCtr-512-512-550: 2500/2500 tasks started.azure-germanywestcentral-azure-aesCtr-512-512-166: 2500/2500 tasks started.gcp-us-east1-gcp-aesCtr-512-512-583: 2500/2500 tasks started.
[2025-12-05T17:02:21Z] [[36minfo[0m] [progress_update] aws-us-east-1-aws-aesCtr-512-512-851: 2500/2500 tasks started.alibaba-us-east-1-alibaba-aesCtr-512-512-550: 2500/2500 tasks started.azure-germanywestcentral-azure-aesCtr-512-512-166: 2500/2500 tasks started.gcp-us-east1-gcp-aesCtr-512-512-583: 2500/2500 tasks started.
[2025-12-05T17:02:31Z] [[36minfo[0m] [progress_update] aws-us-east-1-aws-aesCtr-512-512-851: 2500/2500 tasks started.alibaba-us-east-1-alibaba-aesCtr-512-512-550: 2500/2500 tasks started.azure-germanywestcentral-azure-aesCtr-512-512-166: 2500/2500 tasks started.gcp-us-east1-gcp-aesCtr-512-512-583: 2500/2500 tasks started.
[2025-12-05T17:02:41Z] [[36minfo[0m] [progress_update] alibaba-us-east-1-alibaba-aesCtr-512-512-550: 2500/2500 tasks started.azure-germanywestcentral-azure-aesCtr-512-512-166: 2500/2500 tasks started.gcp-us-east1-gcp-aesCtr-512-512-583: 2500/2500 tasks started.aws-us-east-1-aws-aesCtr-512-512-851: 2500/2500 tasks started.
[2025-12-05T17:02:51Z] [[36minfo[0m] [progress_update] aws-us-east-1-aws-aesCtr-512-512-851: 2500/2500 tasks started.alibaba-us-east-1-alibaba-aesCtr-512-512-550: 2500/2500 tasks started.azure-germanywestcentral-azure-aesCtr-512-512-166: 2500/2500 tasks started.gcp-us-east1-gcp-aesCtr-512-512-583: 2500/2500 tasks started.
[2025-12-05T17:03:01Z] [[36minfo[0m] [progress_update] aws-us-east-1-aws-aesCtr-512-512-851: 2500/2500 tasks started.alibaba-us-east-1-alibaba-aesCtr-512-512-550: 2500/2500 tasks started.azure-germanywestcentral-azure-aesCtr-512-512-166: 2500/2500 tasks started.gcp-us-east1-gcp-aesCtr-512-512-583: 2500/2500 tasks started.
[2025-12-05T17:03:11Z] [[36minfo[0m] [progress_update] aws-us-east-1-aws-aesCtr-512-512-851: 2500/2500 tasks started.alibaba-us-east-1-alibaba-aesCtr-512-512-550: 2500/2500 tasks started.azure-germanywestcentral-azure-aesCtr-512-512-166: 2500/2500 tasks started.gcp-us-east1-gcp-aesCtr-512-512-583: 2500/2500 tasks started.
[2025-12-05T17:03:21Z] [[36minfo[0m] [progress_update] aws-us-east-1-aws-aesCtr-512-512-851: 2500/2500 tasks started.alibaba-us-east-1-alibaba-aesCtr-512-512-550: 2500/2500 tasks started.azure-germanywestcentral-azure-aesCtr-512-512-166: 2500/2500 tasks started.gcp-us-east1-gcp-aesCtr-512-512-583: 2500/2500 tasks started.
[2025-12-05T17:03:31Z] [[36minfo[0m] [progress_update] aws-us-east-1-aws-aesCtr-512-512-851: 2500/2500 tasks started.alibaba-us-east-1-alibaba-aesCtr-512-512-550: 2500/2500 tasks started.azure-germanywestcentral-azure-aesCtr-512-512-166: 2500/2500 tasks started.gcp-us-east1-gcp-aesCtr-512-512-583: 2500/2500 tasks started.
[2025-12-05T17:03:41Z] [[36minfo[0m] [progress_update] aws-us-east-1-aws-aesCtr-512-512-851: 2500/2500 tasks started.alibaba-us-east-1-alibaba-aesCtr-512-512-550: 2500/2500 tasks started.azure-germanywestcentral-azure-aesCtr-512-512-166: 2500/2500 tasks started.gcp-us-east1-gcp-aesCtr-512-512-583: 2500/2500 tasks started.
[2025-12-05T17:03:51Z] [[36minfo[0m] [progress_update] aws-us-east-1-aws-aesCtr-512-512-851: 2500/2500 tasks started.alibaba-us-east-1-alibaba-aesCtr-512-512-550: 2500/2500 tasks started.azure-germanywestcentral-azure-aesCtr-512-512-166: 2500/2500 tasks started.gcp-us-east1-gcp-aesCtr-512-512-583: 2500/2500 tasks started.
[2025-12-05T17:04:01Z] [[36minfo[0m] [progress_update] aws-us-east-1-aws-aesCtr-512-512-851: 2500/2500 tasks started.alibaba-us-east-1-alibaba-aesCtr-512-512-550: 2500/2500 tasks started.azure-germanywestcentral-azure-aesCtr-512-512-166: 2500/2500 tasks started.gcp-us-east1-gcp-aesCtr-512-512-583: 2500/2500 tasks started.
[2025-12-05T17:04:11Z] [[36minfo[0m] [progress_update] aws-us-east-1-aws-aesCtr-512-512-851: 2500/2500 tasks started.alibaba-us-east-1-alibaba-aesCtr-512-512-550: 2500/2500 tasks started.azure-germanywestcentral-azure-aesCtr-512-512-166: 2500/2500 tasks started.gcp-us-east1-gcp-aesCtr-512-512-583: 2500/2500 tasks started.
[2025-12-05T17:04:21Z] [[36minfo[0m] [progress_update] alibaba-us-east-1-alibaba-aesCtr-512-512-550: 2500/2500 tasks started.azure-germanywestcentral-azure-aesCtr-512-512-166: 2500/2500 tasks started.gcp-us-east1-gcp-aesCtr-512-512-583: 2500/2500 tasks started.aws-us-east-1-aws-aesCtr-512-512-851: 2500/2500 tasks started.
[2025-12-05T17:04:24Z] [[31merror[0m] [task_execution] Error executing task azure-aesCtr-512: task azure-aesCtr-512 failed after 7 retries: <nil>
[2025-12-05T17:04:24Z] [[31merror[0m] [task_execution] Error executing task azure-aesCtr-512: task azure-aesCtr-512 failed after 7 retries: <nil>
[2025-12-05T17:04:24Z] [[31merror[0m] [task_execution] Error executing task azure-aesCtr-512: task azure-aesCtr-512 failed after 7 retries: <nil>
[2025-12-05T17:04:24Z] [[31merror[0m] [task_execution] Error executing task azure-aesCtr-512: task azure-aesCtr-512 failed after 7 retries: <nil>
[2025-12-05T17:04:24Z] [[31merror[0m] [task_execution] Error executing task azure-aesCtr-512: task azure-aesCtr-512 failed after 7 retries: <nil>
[2025-12-05T17:04:24Z] [[31merror[0m] [task_execution] Error executing task azure-aesCtr-512: task azure-aesCtr-512 failed after 7 retries: <nil>
[2025-12-05T17:04:24Z] [[31merror[0m] [task_execution] Error executing task azure-aesCtr-512: task azure-aesCtr-512 failed after 7 retries: <nil>
[2025-12-05T17:04:31Z] [[36minfo[0m] [progress_update] aws-us-east-1-aws-aesCtr-512-512-851: 2500/2500 tasks started.alibaba-us-east-1-alibaba-aesCtr-512-512-550: 2500/2500 tasks started.azure-germanywestcentral-azure-aesCtr-512-512-166: 2500/2500 tasks started.gcp-us-east1-gcp-aesCtr-512-512-583: 2500/2500 tasks started.
[2025-12-05T17:04:41Z] [[36minfo[0m] [progress_update] aws-us-east-1-aws-aesCtr-512-512-851: 2500/2500 tasks started.alibaba-us-east-1-alibaba-aesCtr-512-512-550: 2500/2500 tasks started.azure-germanywestcentral-azure-aesCtr-512-512-166: 2500/2500 tasks started.gcp-us-east1-gcp-aesCtr-512-512-583: 2500/2500 tasks started.
[2025-12-05T17:04:51Z] [[36minfo[0m] [progress_update] aws-us-east-1-aws-aesCtr-512-512-851: 2500/2500 tasks started.alibaba-us-east-1-alibaba-aesCtr-512-512-550: 2500/2500 tasks started.azure-germanywestcentral-azure-aesCtr-512-512-166: 2500/2500 tasks started.gcp-us-east1-gcp-aesCtr-512-512-583: 2500/2500 tasks started.
[2025-12-05T17:04:57Z] [[31merror[0m] [task_execution] Error executing task azure-aesCtr-512: task azure-aesCtr-512 failed after 7 retries: <nil>
[2025-12-05T17:04:57Z] [[31merror[0m] [task_execution] Error executing task azure-aesCtr-512: task azure-aesCtr-512 failed after 7 retries: <nil>
[2025-12-05T17:04:57Z] [[31merror[0m] [task_execution] Error executing task azure-aesCtr-512: task azure-aesCtr-512 failed after 7 retries: <nil>
[2025-12-05T17:04:57Z] [[31merror[0m] [task_execution] Error executing task azure-aesCtr-512: task azure-aesCtr-512 failed after 7 retries: <nil>
[2025-12-05T17:04:57Z] [[31merror[0m] [task_execution] Error executing task azure-aesCtr-512: task azure-aesCtr-512 failed after 7 retries: <nil>
[2025-12-05T17:04:57Z] [[31merror[0m] [task_execution] Error executing task azure-aesCtr-512: task azure-aesCtr-512 failed after 7 retries: <nil>
[2025-12-05T17:04:57Z] [[31merror[0m] [task_execution] Error executing task azure-aesCtr-512: task azure-aesCtr-512 failed after 7 retries: <nil>
[2025-12-05T17:04:57Z] [[31merror[0m] [task_execution] Error executing task azure-aesCtr-512: task azure-aesCtr-512 failed after 7 retries: <nil>
[2025-12-05T17:04:57Z] [[31merror[0m] [task_execution] Error executing task azure-aesCtr-512: task azure-aesCtr-512 failed after 7 retries: <nil>
[2025-12-05T17:04:57Z] [[31merror[0m] [task_execution] Error executing task azure-aesCtr-512: task azure-aesCtr-512 failed after 7 retries: <nil>
[2025-12-05T17:04:57Z] [[31merror[0m] [task_execution] Error executing task azure-aesCtr-512: task azure-aesCtr-512 failed after 7 retries: <nil>
[2025-12-05T17:04:58Z] [[31merror[0m] [task_execution] Error executing task azure-aesCtr-512: task azure-aesCtr-512 failed after 7 retries: <nil>
[2025-12-05T17:04:58Z] [[31merror[0m] [task_execution] Error executing task azure-aesCtr-512: task azure-aesCtr-512 failed after 7 retries: <nil>
[2025-12-05T17:04:58Z] [[31merror[0m] [task_execution] Error executing task azure-aesCtr-512: task azure-aesCtr-512 failed after 7 retries: <nil>
[2025-12-05T17:04:58Z] [[31merror[0m] [task_execution] Error executing task azure-aesCtr-512: task azure-aesCtr-512 failed after 7 retries: <nil>
[2025-12-05T17:04:59Z] [[31merror[0m] [task_execution] Error executing task azure-aesCtr-512: task azure-aesCtr-512 failed after 7 retries: <nil>
[2025-12-05T17:04:59Z] [[31merror[0m] [task_execution] Error executing task azure-aesCtr-512: task azure-aesCtr-512 failed after 7 retries: <nil>
[2025-12-05T17:04:59Z] [[31merror[0m] [task_execution] Error executing task azure-aesCtr-512: task azure-aesCtr-512 failed after 7 retries: <nil>
[2025-12-05T17:04:59Z] [[31merror[0m] [task_execution] Error executing task azure-aesCtr-512: task azure-aesCtr-512 failed after 7 retries: <nil>
[2025-12-05T17:04:59Z] [[31merror[0m] [task_execution] Error executing task azure-aesCtr-512: task azure-aesCtr-512 failed after 7 retries: <nil>
[2025-12-05T17:04:59Z] [[31merror[0m] [task_execution] Error executing task azure-aesCtr-512: task azure-aesCtr-512 failed after 7 retries: <nil>
[2025-12-05T17:04:59Z] [[31merror[0m] [task_execution] Error executing task azure-aesCtr-512: task azure-aesCtr-512 failed after 7 retries: <nil>
[2025-12-05T17:05:01Z] [[36minfo[0m] [progress_update] aws-us-east-1-aws-aesCtr-512-512-851: 2500/2500 tasks started.alibaba-us-east-1-alibaba-aesCtr-512-512-550: 2500/2500 tasks started.azure-germanywestcentral-azure-aesCtr-512-512-166: 2500/2500 tasks started.gcp-us-east1-gcp-aesCtr-512-512-583: 2500/2500 tasks started.
[2025-12-05T17:05:04Z] [[36minfo[0m] [function_finished] Finished benchmarking function azure-aesCtr-512 and closed archiver
[2025-12-05T17:05:06Z] [[36minfo[0m] [finish_timeline] Benchmark Timeline
[Fri Dec  5 17:05:06 UTC 2025] Finished benchmark 'aesctr' successfully
[Fri Dec  5 17:05:06 UTC 2025] Sleeping 600 seconds before next workload...
