[Tue Dec  2 23:46:21 UTC 2025] Starting benchmark 'sha256' with config './configs/sha256.yaml'
Validating functions...
[2025-12-02T23:46:21Z] [[36minfo[0m] [executor_setup] Setting up executor for aws-us-east-1-aws-sha256-512-512-439
[2025-12-02T23:46:21Z] [[36minfo[0m] [executor_setup] Setting up executor for alibaba-us-east-1-alibaba-sha256-512-512-744
[2025-12-02T23:46:21Z] [[36minfo[0m] [executor_setup] Setting up executor for azure-germanywestcentral-azure-sha256-512-512-453
[2025-12-02T23:46:21Z] [[0mwarning[0m] [[32mazure_limitations[0m] Azure can´t handle more than 300 parallel requests. Limiting to 300.
[2025-12-02T23:46:21Z] [[36minfo[0m] [executor_setup] Setting up executor for gcp-us-east1-gcp-sha256-512-512-278
[2025-12-02T23:46:21Z] [[36minfo[0m] [start_timeline] Benchmark Timeline
[2025-12-02T23:46:21Z] [[36minfo[0m] [load_generator_start] (alibaba: us-east-1) Starting load generator with 500 workers
[2025-12-02T23:46:21Z] [[36minfo[0m] [load_generator_start] (azure: germanywestcentral) Starting load generator with 300 workers
[2025-12-02T23:46:21Z] [[36minfo[0m] [load_generator_start] (gcp: us-east1) Starting load generator with 300 workers
[2025-12-02T23:46:21Z] [[36minfo[0m] [load_generator_start] (aws: us-east-1) Starting load generator with 500 workers
[2025-12-02T23:46:31Z] [[36minfo[0m] [progress_update] alibaba-us-east-1-alibaba-sha256-512-512-744: 1502/2500 tasks started.azure-germanywestcentral-azure-sha256-512-512-453: 648/2500 tasks started.gcp-us-east1-gcp-sha256-512-512-278: 1671/2500 tasks started.aws-us-east-1-aws-sha256-512-512-439: 1698/2500 tasks started.
[2025-12-02T23:46:41Z] [[36minfo[0m] [progress_update] aws-us-east-1-aws-sha256-512-512-439: 2500/2500 tasks started.alibaba-us-east-1-alibaba-sha256-512-512-744: 2500/2500 tasks started.azure-germanywestcentral-azure-sha256-512-512-453: 686/2500 tasks started.gcp-us-east1-gcp-sha256-512-512-278: 2500/2500 tasks started.
[2025-12-02T23:46:51Z] [[36minfo[0m] [progress_update] aws-us-east-1-aws-sha256-512-512-439: 2500/2500 tasks started.alibaba-us-east-1-alibaba-sha256-512-512-744: 2500/2500 tasks started.azure-germanywestcentral-azure-sha256-512-512-453: 1541/2500 tasks started.gcp-us-east1-gcp-sha256-512-512-278: 2500/2500 tasks started.
[2025-12-02T23:46:56Z] [[36minfo[0m] [function_finished] Finished benchmarking function gcp-sha256-512 and closed archiver
[2025-12-02T23:47:01Z] [[36minfo[0m] [progress_update] aws-us-east-1-aws-sha256-512-512-439: 2500/2500 tasks started.alibaba-us-east-1-alibaba-sha256-512-512-744: 2500/2500 tasks started.azure-germanywestcentral-azure-sha256-512-512-453: 2112/2500 tasks started.gcp-us-east1-gcp-sha256-512-512-278: 2500/2500 tasks started.
[2025-12-02T23:47:02Z] [[36minfo[0m] [function_finished] Finished benchmarking function aws-sha256-512 and closed archiver
[2025-12-02T23:47:11Z] [[36minfo[0m] [progress_update] gcp-us-east1-gcp-sha256-512-512-278: 2500/2500 tasks started.aws-us-east-1-aws-sha256-512-512-439: 2500/2500 tasks started.alibaba-us-east-1-alibaba-sha256-512-512-744: 2500/2500 tasks started.azure-germanywestcentral-azure-sha256-512-512-453: 2254/2500 tasks started.
[2025-12-02T23:47:21Z] [[36minfo[0m] [progress_update] aws-us-east-1-aws-sha256-512-512-439: 2500/2500 tasks started.alibaba-us-east-1-alibaba-sha256-512-512-744: 2500/2500 tasks started.azure-germanywestcentral-azure-sha256-512-512-453: 2326/2500 tasks started.gcp-us-east1-gcp-sha256-512-512-278: 2500/2500 tasks started.
[2025-12-02T23:47:31Z] [[36minfo[0m] [progress_update] aws-us-east-1-aws-sha256-512-512-439: 2500/2500 tasks started.alibaba-us-east-1-alibaba-sha256-512-512-744: 2500/2500 tasks started.azure-germanywestcentral-azure-sha256-512-512-453: 2425/2500 tasks started.gcp-us-east1-gcp-sha256-512-512-278: 2500/2500 tasks started.
[2025-12-02T23:47:41Z] [[36minfo[0m] [progress_update] aws-us-east-1-aws-sha256-512-512-439: 2500/2500 tasks started.alibaba-us-east-1-alibaba-sha256-512-512-744: 2500/2500 tasks started.azure-germanywestcentral-azure-sha256-512-512-453: 2485/2500 tasks started.gcp-us-east1-gcp-sha256-512-512-278: 2500/2500 tasks started.
[2025-12-02T23:47:51Z] [[36minfo[0m] [progress_update] aws-us-east-1-aws-sha256-512-512-439: 2500/2500 tasks started.alibaba-us-east-1-alibaba-sha256-512-512-744: 2500/2500 tasks started.azure-germanywestcentral-azure-sha256-512-512-453: 2500/2500 tasks started.gcp-us-east1-gcp-sha256-512-512-278: 2500/2500 tasks started.
[2025-12-02T23:48:01Z] [[36minfo[0m] [progress_update] aws-us-east-1-aws-sha256-512-512-439: 2500/2500 tasks started.alibaba-us-east-1-alibaba-sha256-512-512-744: 2500/2500 tasks started.azure-germanywestcentral-azure-sha256-512-512-453: 2500/2500 tasks started.gcp-us-east1-gcp-sha256-512-512-278: 2500/2500 tasks started.
[2025-12-02T23:48:11Z] [[36minfo[0m] [progress_update] aws-us-east-1-aws-sha256-512-512-439: 2500/2500 tasks started.alibaba-us-east-1-alibaba-sha256-512-512-744: 2500/2500 tasks started.azure-germanywestcentral-azure-sha256-512-512-453: 2500/2500 tasks started.gcp-us-east1-gcp-sha256-512-512-278: 2500/2500 tasks started.
[2025-12-02T23:48:21Z] [[36minfo[0m] [progress_update] azure-germanywestcentral-azure-sha256-512-512-453: 2500/2500 tasks started.gcp-us-east1-gcp-sha256-512-512-278: 2500/2500 tasks started.aws-us-east-1-aws-sha256-512-512-439: 2500/2500 tasks started.alibaba-us-east-1-alibaba-sha256-512-512-744: 2500/2500 tasks started.
[2025-12-02T23:48:31Z] [[36minfo[0m] [progress_update] azure-germanywestcentral-azure-sha256-512-512-453: 2500/2500 tasks started.gcp-us-east1-gcp-sha256-512-512-278: 2500/2500 tasks started.aws-us-east-1-aws-sha256-512-512-439: 2500/2500 tasks started.alibaba-us-east-1-alibaba-sha256-512-512-744: 2500/2500 tasks started.
[2025-12-02T23:48:41Z] [[36minfo[0m] [progress_update] gcp-us-east1-gcp-sha256-512-512-278: 2500/2500 tasks started.aws-us-east-1-aws-sha256-512-512-439: 2500/2500 tasks started.alibaba-us-east-1-alibaba-sha256-512-512-744: 2500/2500 tasks started.azure-germanywestcentral-azure-sha256-512-512-453: 2500/2500 tasks started.
[2025-12-02T23:48:44Z] [[36minfo[0m] [function_finished] Finished benchmarking function alibaba-sha256-512 and closed archiver
[2025-12-02T23:48:51Z] [[36minfo[0m] [progress_update] gcp-us-east1-gcp-sha256-512-512-278: 2500/2500 tasks started.aws-us-east-1-aws-sha256-512-512-439: 2500/2500 tasks started.alibaba-us-east-1-alibaba-sha256-512-512-744: 2500/2500 tasks started.azure-germanywestcentral-azure-sha256-512-512-453: 2500/2500 tasks started.
[2025-12-02T23:49:01Z] [[36minfo[0m] [progress_update] aws-us-east-1-aws-sha256-512-512-439: 2500/2500 tasks started.alibaba-us-east-1-alibaba-sha256-512-512-744: 2500/2500 tasks started.azure-germanywestcentral-azure-sha256-512-512-453: 2500/2500 tasks started.gcp-us-east1-gcp-sha256-512-512-278: 2500/2500 tasks started.
[2025-12-02T23:49:11Z] [[36minfo[0m] [progress_update] aws-us-east-1-aws-sha256-512-512-439: 2500/2500 tasks started.alibaba-us-east-1-alibaba-sha256-512-512-744: 2500/2500 tasks started.azure-germanywestcentral-azure-sha256-512-512-453: 2500/2500 tasks started.gcp-us-east1-gcp-sha256-512-512-278: 2500/2500 tasks started.
[2025-12-02T23:49:21Z] [[36minfo[0m] [progress_update] gcp-us-east1-gcp-sha256-512-512-278: 2500/2500 tasks started.aws-us-east-1-aws-sha256-512-512-439: 2500/2500 tasks started.alibaba-us-east-1-alibaba-sha256-512-512-744: 2500/2500 tasks started.azure-germanywestcentral-azure-sha256-512-512-453: 2500/2500 tasks started.
[2025-12-02T23:49:31Z] [[36minfo[0m] [progress_update] aws-us-east-1-aws-sha256-512-512-439: 2500/2500 tasks started.alibaba-us-east-1-alibaba-sha256-512-512-744: 2500/2500 tasks started.azure-germanywestcentral-azure-sha256-512-512-453: 2500/2500 tasks started.gcp-us-east1-gcp-sha256-512-512-278: 2500/2500 tasks started.
[2025-12-02T23:49:41Z] [[36minfo[0m] [progress_update] aws-us-east-1-aws-sha256-512-512-439: 2500/2500 tasks started.alibaba-us-east-1-alibaba-sha256-512-512-744: 2500/2500 tasks started.azure-germanywestcentral-azure-sha256-512-512-453: 2500/2500 tasks started.gcp-us-east1-gcp-sha256-512-512-278: 2500/2500 tasks started.
[2025-12-02T23:49:51Z] [[36minfo[0m] [progress_update] aws-us-east-1-aws-sha256-512-512-439: 2500/2500 tasks started.alibaba-us-east-1-alibaba-sha256-512-512-744: 2500/2500 tasks started.azure-germanywestcentral-azure-sha256-512-512-453: 2500/2500 tasks started.gcp-us-east1-gcp-sha256-512-512-278: 2500/2500 tasks started.
[2025-12-02T23:50:01Z] [[36minfo[0m] [progress_update] aws-us-east-1-aws-sha256-512-512-439: 2500/2500 tasks started.alibaba-us-east-1-alibaba-sha256-512-512-744: 2500/2500 tasks started.azure-germanywestcentral-azure-sha256-512-512-453: 2500/2500 tasks started.gcp-us-east1-gcp-sha256-512-512-278: 2500/2500 tasks started.
[2025-12-02T23:50:11Z] [[36minfo[0m] [progress_update] aws-us-east-1-aws-sha256-512-512-439: 2500/2500 tasks started.alibaba-us-east-1-alibaba-sha256-512-512-744: 2500/2500 tasks started.azure-germanywestcentral-azure-sha256-512-512-453: 2500/2500 tasks started.gcp-us-east1-gcp-sha256-512-512-278: 2500/2500 tasks started.
[2025-12-02T23:50:21Z] [[36minfo[0m] [progress_update] aws-us-east-1-aws-sha256-512-512-439: 2500/2500 tasks started.alibaba-us-east-1-alibaba-sha256-512-512-744: 2500/2500 tasks started.azure-germanywestcentral-azure-sha256-512-512-453: 2500/2500 tasks started.gcp-us-east1-gcp-sha256-512-512-278: 2500/2500 tasks started.
[2025-12-02T23:50:31Z] [[36minfo[0m] [progress_update] alibaba-us-east-1-alibaba-sha256-512-512-744: 2500/2500 tasks started.azure-germanywestcentral-azure-sha256-512-512-453: 2500/2500 tasks started.gcp-us-east1-gcp-sha256-512-512-278: 2500/2500 tasks started.aws-us-east-1-aws-sha256-512-512-439: 2500/2500 tasks started.
[2025-12-02T23:50:41Z] [[36minfo[0m] [progress_update] azure-germanywestcentral-azure-sha256-512-512-453: 2500/2500 tasks started.gcp-us-east1-gcp-sha256-512-512-278: 2500/2500 tasks started.aws-us-east-1-aws-sha256-512-512-439: 2500/2500 tasks started.alibaba-us-east-1-alibaba-sha256-512-512-744: 2500/2500 tasks started.
[2025-12-02T23:50:42Z] [[31merror[0m] [task_execution] Error executing task azure-sha256-512: task azure-sha256-512 failed after 7 retries: <nil>
[2025-12-02T23:50:42Z] [[31merror[0m] [task_execution] Error executing task azure-sha256-512: task azure-sha256-512 failed after 7 retries: <nil>
[2025-12-02T23:50:42Z] [[31merror[0m] [task_execution] Error executing task azure-sha256-512: task azure-sha256-512 failed after 7 retries: <nil>
[2025-12-02T23:50:51Z] [[36minfo[0m] [progress_update] aws-us-east-1-aws-sha256-512-512-439: 2500/2500 tasks started.alibaba-us-east-1-alibaba-sha256-512-512-744: 2500/2500 tasks started.azure-germanywestcentral-azure-sha256-512-512-453: 2500/2500 tasks started.gcp-us-east1-gcp-sha256-512-512-278: 2500/2500 tasks started.
[2025-12-02T23:50:59Z] [[31merror[0m] [task_execution] Error executing task azure-sha256-512: task azure-sha256-512 failed after 7 retries: <nil>
[2025-12-02T23:51:01Z] [[36minfo[0m] [progress_update] aws-us-east-1-aws-sha256-512-512-439: 2500/2500 tasks started.alibaba-us-east-1-alibaba-sha256-512-512-744: 2500/2500 tasks started.azure-germanywestcentral-azure-sha256-512-512-453: 2500/2500 tasks started.gcp-us-east1-gcp-sha256-512-512-278: 2500/2500 tasks started.
[2025-12-02T23:51:02Z] [[31merror[0m] [task_execution] Error executing task azure-sha256-512: task azure-sha256-512 failed after 7 retries: <nil>
[2025-12-02T23:51:11Z] [[36minfo[0m] [progress_update] gcp-us-east1-gcp-sha256-512-512-278: 2500/2500 tasks started.aws-us-east-1-aws-sha256-512-512-439: 2500/2500 tasks started.alibaba-us-east-1-alibaba-sha256-512-512-744: 2500/2500 tasks started.azure-germanywestcentral-azure-sha256-512-512-453: 2500/2500 tasks started.
[2025-12-02T23:51:11Z] [[31merror[0m] [task_execution] Error executing task azure-sha256-512: task azure-sha256-512 failed after 7 retries: <nil>
[2025-12-02T23:51:13Z] [[31merror[0m] [task_execution] Error executing task azure-sha256-512: task azure-sha256-512 failed after 7 retries: <nil>
[2025-12-02T23:51:13Z] [[31merror[0m] [task_execution] Error executing task azure-sha256-512: task azure-sha256-512 failed after 7 retries: <nil>
[2025-12-02T23:51:13Z] [[31merror[0m] [task_execution] Error executing task azure-sha256-512: task azure-sha256-512 failed after 7 retries: <nil>
[2025-12-02T23:51:13Z] [[31merror[0m] [task_execution] Error executing task azure-sha256-512: task azure-sha256-512 failed after 7 retries: <nil>
[2025-12-02T23:51:13Z] [[31merror[0m] [task_execution] Error executing task azure-sha256-512: task azure-sha256-512 failed after 7 retries: <nil>
[2025-12-02T23:51:13Z] [[31merror[0m] [task_execution] Error executing task azure-sha256-512: task azure-sha256-512 failed after 7 retries: <nil>
[2025-12-02T23:51:13Z] [[31merror[0m] [task_execution] Error executing task azure-sha256-512: task azure-sha256-512 failed after 7 retries: <nil>
[2025-12-02T23:51:13Z] [[31merror[0m] [task_execution] Error executing task azure-sha256-512: task azure-sha256-512 failed after 7 retries: <nil>
[2025-12-02T23:51:14Z] [[31merror[0m] [task_execution] Error executing task azure-sha256-512: task azure-sha256-512 failed after 7 retries: <nil>
[2025-12-02T23:51:14Z] [[31merror[0m] [task_execution] Error executing task azure-sha256-512: task azure-sha256-512 failed after 7 retries: <nil>
[2025-12-02T23:51:14Z] [[31merror[0m] [task_execution] Error executing task azure-sha256-512: task azure-sha256-512 failed after 7 retries: <nil>
[2025-12-02T23:51:14Z] [[31merror[0m] [task_execution] Error executing task azure-sha256-512: task azure-sha256-512 failed after 7 retries: <nil>
[2025-12-02T23:51:14Z] [[31merror[0m] [task_execution] Error executing task azure-sha256-512: task azure-sha256-512 failed after 7 retries: <nil>
[2025-12-02T23:51:14Z] [[31merror[0m] [task_execution] Error executing task azure-sha256-512: task azure-sha256-512 failed after 7 retries: <nil>
[2025-12-02T23:51:14Z] [[31merror[0m] [task_execution] Error executing task azure-sha256-512: task azure-sha256-512 failed after 7 retries: <nil>
[2025-12-02T23:51:14Z] [[31merror[0m] [task_execution] Error executing task azure-sha256-512: task azure-sha256-512 failed after 7 retries: <nil>
[2025-12-02T23:51:14Z] [[31merror[0m] [task_execution] Error executing task azure-sha256-512: task azure-sha256-512 failed after 7 retries: <nil>
[2025-12-02T23:51:14Z] [[31merror[0m] [task_execution] Error executing task azure-sha256-512: task azure-sha256-512 failed after 7 retries: <nil>
[2025-12-02T23:51:14Z] [[31merror[0m] [task_execution] Error executing task azure-sha256-512: task azure-sha256-512 failed after 7 retries: <nil>
[2025-12-02T23:51:14Z] [[31merror[0m] [task_execution] Error executing task azure-sha256-512: task azure-sha256-512 failed after 7 retries: <nil>
[2025-12-02T23:51:14Z] [[31merror[0m] [task_execution] Error executing task azure-sha256-512: task azure-sha256-512 failed after 7 retries: <nil>
[2025-12-02T23:51:14Z] [[31merror[0m] [task_execution] Error executing task azure-sha256-512: task azure-sha256-512 failed after 7 retries: <nil>
[2025-12-02T23:51:15Z] [[31merror[0m] [task_execution] Error executing task azure-sha256-512: task azure-sha256-512 failed after 7 retries: <nil>
[2025-12-02T23:51:15Z] [[31merror[0m] [task_execution] Error executing task azure-sha256-512: task azure-sha256-512 failed after 7 retries: <nil>
[2025-12-02T23:51:15Z] [[31merror[0m] [task_execution] Error executing task azure-sha256-512: task azure-sha256-512 failed after 7 retries: <nil>
[2025-12-02T23:51:15Z] [[31merror[0m] [task_execution] Error executing task azure-sha256-512: task azure-sha256-512 failed after 7 retries: <nil>
[2025-12-02T23:51:15Z] [[31merror[0m] [task_execution] Error executing task azure-sha256-512: task azure-sha256-512 failed after 7 retries: <nil>
[2025-12-02T23:51:15Z] [[31merror[0m] [task_execution] Error executing task azure-sha256-512: task azure-sha256-512 failed after 7 retries: <nil>
[2025-12-02T23:51:15Z] [[31merror[0m] [task_execution] Error executing task azure-sha256-512: task azure-sha256-512 failed after 7 retries: <nil>
[2025-12-02T23:51:15Z] [[31merror[0m] [task_execution] Error executing task azure-sha256-512: task azure-sha256-512 failed after 7 retries: <nil>
[2025-12-02T23:51:15Z] [[31merror[0m] [task_execution] Error executing task azure-sha256-512: task azure-sha256-512 failed after 7 retries: <nil>
[2025-12-02T23:51:15Z] [[31merror[0m] [task_execution] Error executing task azure-sha256-512: task azure-sha256-512 failed after 7 retries: <nil>
[2025-12-02T23:51:21Z] [[36minfo[0m] [progress_update] gcp-us-east1-gcp-sha256-512-512-278: 2500/2500 tasks started.aws-us-east-1-aws-sha256-512-512-439: 2500/2500 tasks started.alibaba-us-east-1-alibaba-sha256-512-512-744: 2500/2500 tasks started.azure-germanywestcentral-azure-sha256-512-512-453: 2500/2500 tasks started.
[2025-12-02T23:51:31Z] [[36minfo[0m] [progress_update] aws-us-east-1-aws-sha256-512-512-439: 2500/2500 tasks started.alibaba-us-east-1-alibaba-sha256-512-512-744: 2500/2500 tasks started.azure-germanywestcentral-azure-sha256-512-512-453: 2500/2500 tasks started.gcp-us-east1-gcp-sha256-512-512-278: 2500/2500 tasks started.
[2025-12-02T23:51:36Z] [[31merror[0m] [task_execution] Error executing task azure-sha256-512: task azure-sha256-512 failed after 7 retries: <nil>
[2025-12-02T23:51:36Z] [[31merror[0m] [task_execution] Error executing task azure-sha256-512: task azure-sha256-512 failed after 7 retries: <nil>
[2025-12-02T23:51:37Z] [[31merror[0m] [task_execution] Error executing task azure-sha256-512: task azure-sha256-512 failed after 7 retries: <nil>
[2025-12-02T23:51:37Z] [[31merror[0m] [task_execution] Error executing task azure-sha256-512: task azure-sha256-512 failed after 7 retries: <nil>
[2025-12-02T23:51:39Z] [[31merror[0m] [task_execution] Error executing task azure-sha256-512: task azure-sha256-512 failed after 7 retries: <nil>
[2025-12-02T23:51:41Z] [[36minfo[0m] [progress_update] aws-us-east-1-aws-sha256-512-512-439: 2500/2500 tasks started.alibaba-us-east-1-alibaba-sha256-512-512-744: 2500/2500 tasks started.azure-germanywestcentral-azure-sha256-512-512-453: 2500/2500 tasks started.gcp-us-east1-gcp-sha256-512-512-278: 2500/2500 tasks started.
[2025-12-02T23:51:46Z] [[31merror[0m] [task_execution] Error executing task azure-sha256-512: task azure-sha256-512 failed after 7 retries: <nil>
[2025-12-02T23:51:46Z] [[31merror[0m] [task_execution] Error executing task azure-sha256-512: task azure-sha256-512 failed after 7 retries: <nil>
[2025-12-02T23:51:46Z] [[31merror[0m] [task_execution] Error executing task azure-sha256-512: task azure-sha256-512 failed after 7 retries: <nil>
[2025-12-02T23:51:46Z] [[31merror[0m] [task_execution] Error executing task azure-sha256-512: task azure-sha256-512 failed after 7 retries: <nil>
[2025-12-02T23:51:46Z] [[31merror[0m] [task_execution] Error executing task azure-sha256-512: task azure-sha256-512 failed after 7 retries: <nil>
[2025-12-02T23:51:51Z] [[36minfo[0m] [progress_update] azure-germanywestcentral-azure-sha256-512-512-453: 2500/2500 tasks started.gcp-us-east1-gcp-sha256-512-512-278: 2500/2500 tasks started.aws-us-east-1-aws-sha256-512-512-439: 2500/2500 tasks started.alibaba-us-east-1-alibaba-sha256-512-512-744: 2500/2500 tasks started.
[2025-12-02T23:51:51Z] [[36minfo[0m] [function_finished] Finished benchmarking function azure-sha256-512 and closed archiver
[2025-12-02T23:51:53Z] [[36minfo[0m] [finish_timeline] Benchmark Timeline
[Tue Dec  2 23:51:53 UTC 2025] Finished benchmark 'sha256' successfully
[Tue Dec  2 23:51:53 UTC 2025] Sleeping 600 seconds before next workload...
