[Tue Dec  2 11:00:01 UTC 2025] Starting benchmark 'gzip' with config './configs/gzip.yaml'
Validating functions...
[2025-12-02T11:00:01Z] [[36minfo[0m] [executor_setup] Setting up executor for aws-us-east-1-aws-gzip-512-512-885
[2025-12-02T11:00:01Z] [[36minfo[0m] [executor_setup] Setting up executor for alibaba-us-east-1-alibaba-gzip-512-512-410
[2025-12-02T11:00:01Z] [[36minfo[0m] [executor_setup] Setting up executor for azure-germanywestcentral-azure-gzip-512-512-332
[2025-12-02T11:00:01Z] [[0mwarning[0m] [[32mazure_limitations[0m] Azure can´t handle more than 300 parallel requests. Limiting to 300.
[2025-12-02T11:00:01Z] [[36minfo[0m] [executor_setup] Setting up executor for gcp-us-east1-gcp-gzip-512-512-559
[2025-12-02T11:00:01Z] [[36minfo[0m] [start_timeline] Benchmark Timeline
[2025-12-02T11:00:01Z] [[36minfo[0m] [load_generator_start] (aws: us-east-1) Starting load generator with 500 workers
[2025-12-02T11:00:01Z] [[36minfo[0m] [load_generator_start] (alibaba: us-east-1) Starting load generator with 500 workers
[2025-12-02T11:00:01Z] [[36minfo[0m] [load_generator_start] (azure: germanywestcentral) Starting load generator with 300 workers
[2025-12-02T11:00:01Z] [[36minfo[0m] [load_generator_start] (gcp: us-east1) Starting load generator with 300 workers
[2025-12-02T11:00:11Z] [[36minfo[0m] [progress_update] gcp-us-east1-gcp-gzip-512-512-559: 535/2500 tasks started.aws-us-east-1-aws-gzip-512-512-885: 1836/2500 tasks started.alibaba-us-east-1-alibaba-gzip-512-512-410: 1860/2500 tasks started.azure-germanywestcentral-azure-gzip-512-512-332: 684/2500 tasks started.
[2025-12-02T11:00:21Z] [[36minfo[0m] [progress_update] gcp-us-east1-gcp-gzip-512-512-559: 1640/2500 tasks started.aws-us-east-1-aws-gzip-512-512-885: 2500/2500 tasks started.alibaba-us-east-1-alibaba-gzip-512-512-410: 2500/2500 tasks started.azure-germanywestcentral-azure-gzip-512-512-332: 689/2500 tasks started.
[2025-12-02T11:00:26Z] [[36minfo[0m] [function_finished] Finished benchmarking function aws-gzip-512 and closed archiver
[2025-12-02T11:00:31Z] [[36minfo[0m] [progress_update] gcp-us-east1-gcp-gzip-512-512-559: 2500/2500 tasks started.aws-us-east-1-aws-gzip-512-512-885: 2500/2500 tasks started.alibaba-us-east-1-alibaba-gzip-512-512-410: 2500/2500 tasks started.azure-germanywestcentral-azure-gzip-512-512-332: 1340/2500 tasks started.
[2025-12-02T11:00:41Z] [[36minfo[0m] [progress_update] aws-us-east-1-aws-gzip-512-512-885: 2500/2500 tasks started.alibaba-us-east-1-alibaba-gzip-512-512-410: 2500/2500 tasks started.azure-germanywestcentral-azure-gzip-512-512-332: 1876/2500 tasks started.gcp-us-east1-gcp-gzip-512-512-559: 2500/2500 tasks started.
[2025-12-02T11:00:47Z] [[36minfo[0m] [function_finished] Finished benchmarking function gcp-gzip-512 and closed archiver
[2025-12-02T11:00:51Z] [[36minfo[0m] [progress_update] aws-us-east-1-aws-gzip-512-512-885: 2500/2500 tasks started.alibaba-us-east-1-alibaba-gzip-512-512-410: 2500/2500 tasks started.azure-germanywestcentral-azure-gzip-512-512-332: 2418/2500 tasks started.gcp-us-east1-gcp-gzip-512-512-559: 2500/2500 tasks started.
[2025-12-02T11:01:01Z] [[36minfo[0m] [progress_update] aws-us-east-1-aws-gzip-512-512-885: 2500/2500 tasks started.alibaba-us-east-1-alibaba-gzip-512-512-410: 2500/2500 tasks started.azure-germanywestcentral-azure-gzip-512-512-332: 2432/2500 tasks started.gcp-us-east1-gcp-gzip-512-512-559: 2500/2500 tasks started.
[2025-12-02T11:01:11Z] [[36minfo[0m] [progress_update] azure-germanywestcentral-azure-gzip-512-512-332: 2438/2500 tasks started.gcp-us-east1-gcp-gzip-512-512-559: 2500/2500 tasks started.aws-us-east-1-aws-gzip-512-512-885: 2500/2500 tasks started.alibaba-us-east-1-alibaba-gzip-512-512-410: 2500/2500 tasks started.
[2025-12-02T11:01:21Z] [[36minfo[0m] [progress_update] azure-germanywestcentral-azure-gzip-512-512-332: 2467/2500 tasks started.gcp-us-east1-gcp-gzip-512-512-559: 2500/2500 tasks started.aws-us-east-1-aws-gzip-512-512-885: 2500/2500 tasks started.alibaba-us-east-1-alibaba-gzip-512-512-410: 2500/2500 tasks started.
[2025-12-02T11:01:31Z] [[36minfo[0m] [progress_update] aws-us-east-1-aws-gzip-512-512-885: 2500/2500 tasks started.alibaba-us-east-1-alibaba-gzip-512-512-410: 2500/2500 tasks started.azure-germanywestcentral-azure-gzip-512-512-332: 2483/2500 tasks started.gcp-us-east1-gcp-gzip-512-512-559: 2500/2500 tasks started.
[2025-12-02T11:01:41Z] [[36minfo[0m] [progress_update] azure-germanywestcentral-azure-gzip-512-512-332: 2500/2500 tasks started.gcp-us-east1-gcp-gzip-512-512-559: 2500/2500 tasks started.aws-us-east-1-aws-gzip-512-512-885: 2500/2500 tasks started.alibaba-us-east-1-alibaba-gzip-512-512-410: 2500/2500 tasks started.
[2025-12-02T11:01:51Z] [[36minfo[0m] [progress_update] aws-us-east-1-aws-gzip-512-512-885: 2500/2500 tasks started.alibaba-us-east-1-alibaba-gzip-512-512-410: 2500/2500 tasks started.azure-germanywestcentral-azure-gzip-512-512-332: 2500/2500 tasks started.gcp-us-east1-gcp-gzip-512-512-559: 2500/2500 tasks started.
[2025-12-02T11:02:01Z] [[36minfo[0m] [progress_update] aws-us-east-1-aws-gzip-512-512-885: 2500/2500 tasks started.alibaba-us-east-1-alibaba-gzip-512-512-410: 2500/2500 tasks started.azure-germanywestcentral-azure-gzip-512-512-332: 2500/2500 tasks started.gcp-us-east1-gcp-gzip-512-512-559: 2500/2500 tasks started.
[2025-12-02T11:02:11Z] [[36minfo[0m] [progress_update] aws-us-east-1-aws-gzip-512-512-885: 2500/2500 tasks started.alibaba-us-east-1-alibaba-gzip-512-512-410: 2500/2500 tasks started.azure-germanywestcentral-azure-gzip-512-512-332: 2500/2500 tasks started.gcp-us-east1-gcp-gzip-512-512-559: 2500/2500 tasks started.
[2025-12-02T11:02:21Z] [[36minfo[0m] [progress_update] alibaba-us-east-1-alibaba-gzip-512-512-410: 2500/2500 tasks started.azure-germanywestcentral-azure-gzip-512-512-332: 2500/2500 tasks started.gcp-us-east1-gcp-gzip-512-512-559: 2500/2500 tasks started.aws-us-east-1-aws-gzip-512-512-885: 2500/2500 tasks started.
[2025-12-02T11:02:22Z] [[36minfo[0m] [function_finished] Finished benchmarking function alibaba-gzip-512 and closed archiver
[2025-12-02T11:02:31Z] [[36minfo[0m] [progress_update] azure-germanywestcentral-azure-gzip-512-512-332: 2500/2500 tasks started.gcp-us-east1-gcp-gzip-512-512-559: 2500/2500 tasks started.aws-us-east-1-aws-gzip-512-512-885: 2500/2500 tasks started.alibaba-us-east-1-alibaba-gzip-512-512-410: 2500/2500 tasks started.
[2025-12-02T11:02:41Z] [[36minfo[0m] [progress_update] azure-germanywestcentral-azure-gzip-512-512-332: 2500/2500 tasks started.gcp-us-east1-gcp-gzip-512-512-559: 2500/2500 tasks started.aws-us-east-1-aws-gzip-512-512-885: 2500/2500 tasks started.alibaba-us-east-1-alibaba-gzip-512-512-410: 2500/2500 tasks started.
[2025-12-02T11:02:51Z] [[36minfo[0m] [progress_update] aws-us-east-1-aws-gzip-512-512-885: 2500/2500 tasks started.alibaba-us-east-1-alibaba-gzip-512-512-410: 2500/2500 tasks started.azure-germanywestcentral-azure-gzip-512-512-332: 2500/2500 tasks started.gcp-us-east1-gcp-gzip-512-512-559: 2500/2500 tasks started.
[2025-12-02T11:03:01Z] [[36minfo[0m] [progress_update] aws-us-east-1-aws-gzip-512-512-885: 2500/2500 tasks started.alibaba-us-east-1-alibaba-gzip-512-512-410: 2500/2500 tasks started.azure-germanywestcentral-azure-gzip-512-512-332: 2500/2500 tasks started.gcp-us-east1-gcp-gzip-512-512-559: 2500/2500 tasks started.
[2025-12-02T11:03:11Z] [[36minfo[0m] [progress_update] alibaba-us-east-1-alibaba-gzip-512-512-410: 2500/2500 tasks started.azure-germanywestcentral-azure-gzip-512-512-332: 2500/2500 tasks started.gcp-us-east1-gcp-gzip-512-512-559: 2500/2500 tasks started.aws-us-east-1-aws-gzip-512-512-885: 2500/2500 tasks started.
[2025-12-02T11:03:21Z] [[36minfo[0m] [progress_update] aws-us-east-1-aws-gzip-512-512-885: 2500/2500 tasks started.alibaba-us-east-1-alibaba-gzip-512-512-410: 2500/2500 tasks started.azure-germanywestcentral-azure-gzip-512-512-332: 2500/2500 tasks started.gcp-us-east1-gcp-gzip-512-512-559: 2500/2500 tasks started.
[2025-12-02T11:03:31Z] [[36minfo[0m] [progress_update] aws-us-east-1-aws-gzip-512-512-885: 2500/2500 tasks started.alibaba-us-east-1-alibaba-gzip-512-512-410: 2500/2500 tasks started.azure-germanywestcentral-azure-gzip-512-512-332: 2500/2500 tasks started.gcp-us-east1-gcp-gzip-512-512-559: 2500/2500 tasks started.
[2025-12-02T11:03:41Z] [[36minfo[0m] [progress_update] azure-germanywestcentral-azure-gzip-512-512-332: 2500/2500 tasks started.gcp-us-east1-gcp-gzip-512-512-559: 2500/2500 tasks started.aws-us-east-1-aws-gzip-512-512-885: 2500/2500 tasks started.alibaba-us-east-1-alibaba-gzip-512-512-410: 2500/2500 tasks started.
[2025-12-02T11:03:51Z] [[36minfo[0m] [progress_update] aws-us-east-1-aws-gzip-512-512-885: 2500/2500 tasks started.alibaba-us-east-1-alibaba-gzip-512-512-410: 2500/2500 tasks started.azure-germanywestcentral-azure-gzip-512-512-332: 2500/2500 tasks started.gcp-us-east1-gcp-gzip-512-512-559: 2500/2500 tasks started.
[2025-12-02T11:04:01Z] [[36minfo[0m] [progress_update] aws-us-east-1-aws-gzip-512-512-885: 2500/2500 tasks started.alibaba-us-east-1-alibaba-gzip-512-512-410: 2500/2500 tasks started.azure-germanywestcentral-azure-gzip-512-512-332: 2500/2500 tasks started.gcp-us-east1-gcp-gzip-512-512-559: 2500/2500 tasks started.
[2025-12-02T11:04:11Z] [[36minfo[0m] [progress_update] azure-germanywestcentral-azure-gzip-512-512-332: 2500/2500 tasks started.gcp-us-east1-gcp-gzip-512-512-559: 2500/2500 tasks started.aws-us-east-1-aws-gzip-512-512-885: 2500/2500 tasks started.alibaba-us-east-1-alibaba-gzip-512-512-410: 2500/2500 tasks started.
[2025-12-02T11:04:21Z] [[36minfo[0m] [progress_update] gcp-us-east1-gcp-gzip-512-512-559: 2500/2500 tasks started.aws-us-east-1-aws-gzip-512-512-885: 2500/2500 tasks started.alibaba-us-east-1-alibaba-gzip-512-512-410: 2500/2500 tasks started.azure-germanywestcentral-azure-gzip-512-512-332: 2500/2500 tasks started.
[2025-12-02T11:04:31Z] [[36minfo[0m] [progress_update] aws-us-east-1-aws-gzip-512-512-885: 2500/2500 tasks started.alibaba-us-east-1-alibaba-gzip-512-512-410: 2500/2500 tasks started.azure-germanywestcentral-azure-gzip-512-512-332: 2500/2500 tasks started.gcp-us-east1-gcp-gzip-512-512-559: 2500/2500 tasks started.
[2025-12-02T11:04:41Z] [[36minfo[0m] [progress_update] alibaba-us-east-1-alibaba-gzip-512-512-410: 2500/2500 tasks started.azure-germanywestcentral-azure-gzip-512-512-332: 2500/2500 tasks started.gcp-us-east1-gcp-gzip-512-512-559: 2500/2500 tasks started.aws-us-east-1-aws-gzip-512-512-885: 2500/2500 tasks started.
[2025-12-02T11:04:51Z] [[36minfo[0m] [progress_update] aws-us-east-1-aws-gzip-512-512-885: 2500/2500 tasks started.alibaba-us-east-1-alibaba-gzip-512-512-410: 2500/2500 tasks started.azure-germanywestcentral-azure-gzip-512-512-332: 2500/2500 tasks started.gcp-us-east1-gcp-gzip-512-512-559: 2500/2500 tasks started.
[2025-12-02T11:04:58Z] [[31merror[0m] [task_execution] Error executing task azure-gzip-512: task azure-gzip-512 failed after 7 retries: <nil>
[2025-12-02T11:04:58Z] [[31merror[0m] [task_execution] Error executing task azure-gzip-512: task azure-gzip-512 failed after 7 retries: <nil>
[2025-12-02T11:04:58Z] [[31merror[0m] [task_execution] Error executing task azure-gzip-512: task azure-gzip-512 failed after 7 retries: <nil>
[2025-12-02T11:04:59Z] [[31merror[0m] [task_execution] Error executing task azure-gzip-512: task azure-gzip-512 failed after 7 retries: <nil>
[2025-12-02T11:04:59Z] [[31merror[0m] [task_execution] Error executing task azure-gzip-512: task azure-gzip-512 failed after 7 retries: <nil>
[2025-12-02T11:04:59Z] [[31merror[0m] [task_execution] Error executing task azure-gzip-512: task azure-gzip-512 failed after 7 retries: <nil>
[2025-12-02T11:04:59Z] [[31merror[0m] [task_execution] Error executing task azure-gzip-512: task azure-gzip-512 failed after 7 retries: <nil>
[2025-12-02T11:04:59Z] [[31merror[0m] [task_execution] Error executing task azure-gzip-512: task azure-gzip-512 failed after 7 retries: <nil>
[2025-12-02T11:04:59Z] [[31merror[0m] [task_execution] Error executing task azure-gzip-512: task azure-gzip-512 failed after 7 retries: <nil>
[2025-12-02T11:04:59Z] [[31merror[0m] [task_execution] Error executing task azure-gzip-512: task azure-gzip-512 failed after 7 retries: <nil>
[2025-12-02T11:04:59Z] [[31merror[0m] [task_execution] Error executing task azure-gzip-512: task azure-gzip-512 failed after 7 retries: <nil>
[2025-12-02T11:04:59Z] [[31merror[0m] [task_execution] Error executing task azure-gzip-512: task azure-gzip-512 failed after 7 retries: <nil>
[2025-12-02T11:04:59Z] [[31merror[0m] [task_execution] Error executing task azure-gzip-512: task azure-gzip-512 failed after 7 retries: <nil>
[2025-12-02T11:04:59Z] [[31merror[0m] [task_execution] Error executing task azure-gzip-512: task azure-gzip-512 failed after 7 retries: <nil>
[2025-12-02T11:04:59Z] [[31merror[0m] [task_execution] Error executing task azure-gzip-512: task azure-gzip-512 failed after 7 retries: <nil>
[2025-12-02T11:04:59Z] [[31merror[0m] [task_execution] Error executing task azure-gzip-512: task azure-gzip-512 failed after 7 retries: <nil>
[2025-12-02T11:04:59Z] [[31merror[0m] [task_execution] Error executing task azure-gzip-512: task azure-gzip-512 failed after 7 retries: <nil>
[2025-12-02T11:05:00Z] [[31merror[0m] [task_execution] Error executing task azure-gzip-512: task azure-gzip-512 failed after 7 retries: <nil>
[2025-12-02T11:05:00Z] [[31merror[0m] [task_execution] Error executing task azure-gzip-512: task azure-gzip-512 failed after 7 retries: <nil>
[2025-12-02T11:05:01Z] [[31merror[0m] [task_execution] Error executing task azure-gzip-512: task azure-gzip-512 failed after 7 retries: <nil>
[2025-12-02T11:05:01Z] [[31merror[0m] [task_execution] Error executing task azure-gzip-512: task azure-gzip-512 failed after 7 retries: <nil>
[2025-12-02T11:05:01Z] [[31merror[0m] [task_execution] Error executing task azure-gzip-512: task azure-gzip-512 failed after 7 retries: <nil>
[2025-12-02T11:05:01Z] [[31merror[0m] [task_execution] Error executing task azure-gzip-512: task azure-gzip-512 failed after 7 retries: <nil>
[2025-12-02T11:05:01Z] [[31merror[0m] [task_execution] Error executing task azure-gzip-512: task azure-gzip-512 failed after 7 retries: <nil>
[2025-12-02T11:05:01Z] [[31merror[0m] [task_execution] Error executing task azure-gzip-512: task azure-gzip-512 failed after 7 retries: <nil>
[2025-12-02T11:05:01Z] [[31merror[0m] [task_execution] Error executing task azure-gzip-512: task azure-gzip-512 failed after 7 retries: <nil>
[2025-12-02T11:05:01Z] [[31merror[0m] [task_execution] Error executing task azure-gzip-512: task azure-gzip-512 failed after 7 retries: <nil>
[2025-12-02T11:05:01Z] [[31merror[0m] [task_execution] Error executing task azure-gzip-512: task azure-gzip-512 failed after 7 retries: <nil>
[2025-12-02T11:05:01Z] [[31merror[0m] [task_execution] Error executing task azure-gzip-512: task azure-gzip-512 failed after 7 retries: <nil>
[2025-12-02T11:05:01Z] [[31merror[0m] [task_execution] Error executing task azure-gzip-512: task azure-gzip-512 failed after 7 retries: <nil>
[2025-12-02T11:05:01Z] [[31merror[0m] [task_execution] Error executing task azure-gzip-512: task azure-gzip-512 failed after 7 retries: <nil>
[2025-12-02T11:05:01Z] [[31merror[0m] [task_execution] Error executing task azure-gzip-512: task azure-gzip-512 failed after 7 retries: <nil>
[2025-12-02T11:05:01Z] [[31merror[0m] [task_execution] Error executing task azure-gzip-512: task azure-gzip-512 failed after 7 retries: <nil>
[2025-12-02T11:05:01Z] [[36minfo[0m] [progress_update] aws-us-east-1-aws-gzip-512-512-885: 2500/2500 tasks started.alibaba-us-east-1-alibaba-gzip-512-512-410: 2500/2500 tasks started.azure-germanywestcentral-azure-gzip-512-512-332: 2500/2500 tasks started.gcp-us-east1-gcp-gzip-512-512-559: 2500/2500 tasks started.
[2025-12-02T11:05:02Z] [[31merror[0m] [task_execution] Error executing task azure-gzip-512: task azure-gzip-512 failed after 7 retries: <nil>
[2025-12-02T11:05:02Z] [[31merror[0m] [task_execution] Error executing task azure-gzip-512: task azure-gzip-512 failed after 7 retries: <nil>
[2025-12-02T11:05:02Z] [[31merror[0m] [task_execution] Error executing task azure-gzip-512: task azure-gzip-512 failed after 7 retries: <nil>
[2025-12-02T11:05:02Z] [[31merror[0m] [task_execution] Error executing task azure-gzip-512: task azure-gzip-512 failed after 7 retries: <nil>
[2025-12-02T11:05:02Z] [[31merror[0m] [task_execution] Error executing task azure-gzip-512: task azure-gzip-512 failed after 7 retries: <nil>
[2025-12-02T11:05:02Z] [[31merror[0m] [task_execution] Error executing task azure-gzip-512: task azure-gzip-512 failed after 7 retries: <nil>
[2025-12-02T11:05:02Z] [[31merror[0m] [task_execution] Error executing task azure-gzip-512: task azure-gzip-512 failed after 7 retries: <nil>
[2025-12-02T11:05:03Z] [[31merror[0m] [task_execution] Error executing task azure-gzip-512: task azure-gzip-512 failed after 7 retries: <nil>
[2025-12-02T11:05:03Z] [[31merror[0m] [task_execution] Error executing task azure-gzip-512: task azure-gzip-512 failed after 7 retries: <nil>
[2025-12-02T11:05:03Z] [[31merror[0m] [task_execution] Error executing task azure-gzip-512: task azure-gzip-512 failed after 7 retries: <nil>
[2025-12-02T11:05:03Z] [[31merror[0m] [task_execution] Error executing task azure-gzip-512: task azure-gzip-512 failed after 7 retries: <nil>
[2025-12-02T11:05:03Z] [[31merror[0m] [task_execution] Error executing task azure-gzip-512: task azure-gzip-512 failed after 7 retries: <nil>
[2025-12-02T11:05:03Z] [[31merror[0m] [task_execution] Error executing task azure-gzip-512: task azure-gzip-512 failed after 7 retries: <nil>
[2025-12-02T11:05:03Z] [[31merror[0m] [task_execution] Error executing task azure-gzip-512: task azure-gzip-512 failed after 7 retries: <nil>
[2025-12-02T11:05:11Z] [[36minfo[0m] [progress_update] alibaba-us-east-1-alibaba-gzip-512-512-410: 2500/2500 tasks started.azure-germanywestcentral-azure-gzip-512-512-332: 2500/2500 tasks started.gcp-us-east1-gcp-gzip-512-512-559: 2500/2500 tasks started.aws-us-east-1-aws-gzip-512-512-885: 2500/2500 tasks started.
[2025-12-02T11:05:21Z] [[36minfo[0m] [progress_update] aws-us-east-1-aws-gzip-512-512-885: 2500/2500 tasks started.alibaba-us-east-1-alibaba-gzip-512-512-410: 2500/2500 tasks started.azure-germanywestcentral-azure-gzip-512-512-332: 2500/2500 tasks started.gcp-us-east1-gcp-gzip-512-512-559: 2500/2500 tasks started.
[2025-12-02T11:05:31Z] [[31merror[0m] [task_execution] Error executing task azure-gzip-512: task azure-gzip-512 failed after 7 retries: <nil>
[2025-12-02T11:05:31Z] [[36minfo[0m] [progress_update] gcp-us-east1-gcp-gzip-512-512-559: 2500/2500 tasks started.aws-us-east-1-aws-gzip-512-512-885: 2500/2500 tasks started.alibaba-us-east-1-alibaba-gzip-512-512-410: 2500/2500 tasks started.azure-germanywestcentral-azure-gzip-512-512-332: 2500/2500 tasks started.
[2025-12-02T11:05:31Z] [[31merror[0m] [task_execution] Error executing task azure-gzip-512: task azure-gzip-512 failed after 7 retries: <nil>
[2025-12-02T11:05:31Z] [[31merror[0m] [task_execution] Error executing task azure-gzip-512: task azure-gzip-512 failed after 7 retries: <nil>
[2025-12-02T11:05:32Z] [[31merror[0m] [task_execution] Error executing task azure-gzip-512: task azure-gzip-512 failed after 7 retries: <nil>
[2025-12-02T11:05:32Z] [[31merror[0m] [task_execution] Error executing task azure-gzip-512: task azure-gzip-512 failed after 7 retries: <nil>
[2025-12-02T11:05:34Z] [[31merror[0m] [task_execution] Error executing task azure-gzip-512: task azure-gzip-512 failed after 7 retries: <nil>
[2025-12-02T11:05:39Z] [[36minfo[0m] [function_finished] Finished benchmarking function azure-gzip-512 and closed archiver
[2025-12-02T11:05:41Z] [[36minfo[0m] [finish_timeline] Benchmark Timeline
[Tue Dec  2 11:05:41 UTC 2025] Finished benchmark 'gzip' successfully
[Tue Dec  2 11:05:41 UTC 2025] Sleeping 600 seconds before next workload...
