[Sun Nov 30 11:00:01 UTC 2025] Starting benchmark 'aesctr' with config './configs/aesCtr.yaml'
Validating functions...
[2025-11-30T11:00:01Z] [[36minfo[0m] [executor_setup] Setting up executor for aws-us-east-1-aws-aesCtr-512-512-540
[2025-11-30T11:00:01Z] [[36minfo[0m] [executor_setup] Setting up executor for alibaba-us-east-1-alibaba-aesCtr-512-512-843
[2025-11-30T11:00:01Z] [[36minfo[0m] [executor_setup] Setting up executor for azure-germanywestcentral-azure-aesCtr-512-512-22
[2025-11-30T11:00:01Z] [[0mwarning[0m] [[32mazure_limitations[0m] Azure can´t handle more than 300 parallel requests. Limiting to 300.
[2025-11-30T11:00:01Z] [[36minfo[0m] [executor_setup] Setting up executor for gcp-us-east1-gcp-aesCtr-512-512-338
[2025-11-30T11:00:01Z] [[36minfo[0m] [start_timeline] Benchmark Timeline
[2025-11-30T11:00:01Z] [[36minfo[0m] [load_generator_start] (alibaba: us-east-1) Starting load generator with 500 workers
[2025-11-30T11:00:01Z] [[36minfo[0m] [load_generator_start] (azure: germanywestcentral) Starting load generator with 300 workers
[2025-11-30T11:00:01Z] [[36minfo[0m] [load_generator_start] (gcp: us-east1) Starting load generator with 300 workers
[2025-11-30T11:00:01Z] [[36minfo[0m] [load_generator_start] (aws: us-east-1) Starting load generator with 500 workers
[2025-11-30T11:00:11Z] [[36minfo[0m] [progress_update] aws-us-east-1-aws-aesCtr-512-512-540: 2003/2500 tasks started.alibaba-us-east-1-alibaba-aesCtr-512-512-843: 2358/2500 tasks started.azure-germanywestcentral-azure-aesCtr-512-512-22: 612/2500 tasks started.gcp-us-east1-gcp-aesCtr-512-512-338: 649/2500 tasks started.
[2025-11-30T11:00:21Z] [[36minfo[0m] [progress_update] aws-us-east-1-aws-aesCtr-512-512-540: 2500/2500 tasks started.alibaba-us-east-1-alibaba-aesCtr-512-512-843: 2500/2500 tasks started.azure-germanywestcentral-azure-aesCtr-512-512-22: 614/2500 tasks started.gcp-us-east1-gcp-aesCtr-512-512-338: 1220/2500 tasks started.
[2025-11-30T11:00:27Z] [[36minfo[0m] [function_finished] Finished benchmarking function aws-aesCtr-512 and closed archiver
[2025-11-30T11:00:31Z] [[36minfo[0m] [progress_update] aws-us-east-1-aws-aesCtr-512-512-540: 2500/2500 tasks started.alibaba-us-east-1-alibaba-aesCtr-512-512-843: 2500/2500 tasks started.azure-germanywestcentral-azure-aesCtr-512-512-22: 1365/2500 tasks started.gcp-us-east1-gcp-aesCtr-512-512-338: 1775/2500 tasks started.
[2025-11-30T11:00:41Z] [[36minfo[0m] [progress_update] alibaba-us-east-1-alibaba-aesCtr-512-512-843: 2500/2500 tasks started.azure-germanywestcentral-azure-aesCtr-512-512-22: 1906/2500 tasks started.gcp-us-east1-gcp-aesCtr-512-512-338: 2303/2500 tasks started.aws-us-east-1-aws-aesCtr-512-512-540: 2500/2500 tasks started.
[2025-11-30T11:00:50Z] [[36minfo[0m] [function_finished] Finished benchmarking function alibaba-aesCtr-512 and closed archiver
[2025-11-30T11:00:51Z] [[36minfo[0m] [progress_update] aws-us-east-1-aws-aesCtr-512-512-540: 2500/2500 tasks started.alibaba-us-east-1-alibaba-aesCtr-512-512-843: 2500/2500 tasks started.azure-germanywestcentral-azure-aesCtr-512-512-22: 2200/2500 tasks started.gcp-us-east1-gcp-aesCtr-512-512-338: 2500/2500 tasks started.
[2025-11-30T11:01:00Z] [[36minfo[0m] [function_finished] Finished benchmarking function gcp-aesCtr-512 and closed archiver
[2025-11-30T11:01:01Z] [[36minfo[0m] [progress_update] alibaba-us-east-1-alibaba-aesCtr-512-512-843: 2500/2500 tasks started.azure-germanywestcentral-azure-aesCtr-512-512-22: 2206/2500 tasks started.gcp-us-east1-gcp-aesCtr-512-512-338: 2500/2500 tasks started.aws-us-east-1-aws-aesCtr-512-512-540: 2500/2500 tasks started.
[2025-11-30T11:01:11Z] [[36minfo[0m] [progress_update] aws-us-east-1-aws-aesCtr-512-512-540: 2500/2500 tasks started.alibaba-us-east-1-alibaba-aesCtr-512-512-843: 2500/2500 tasks started.azure-germanywestcentral-azure-aesCtr-512-512-22: 2213/2500 tasks started.gcp-us-east1-gcp-aesCtr-512-512-338: 2500/2500 tasks started.
[2025-11-30T11:01:21Z] [[36minfo[0m] [progress_update] alibaba-us-east-1-alibaba-aesCtr-512-512-843: 2500/2500 tasks started.azure-germanywestcentral-azure-aesCtr-512-512-22: 2222/2500 tasks started.gcp-us-east1-gcp-aesCtr-512-512-338: 2500/2500 tasks started.aws-us-east-1-aws-aesCtr-512-512-540: 2500/2500 tasks started.
[2025-11-30T11:01:31Z] [[36minfo[0m] [progress_update] alibaba-us-east-1-alibaba-aesCtr-512-512-843: 2500/2500 tasks started.azure-germanywestcentral-azure-aesCtr-512-512-22: 2226/2500 tasks started.gcp-us-east1-gcp-aesCtr-512-512-338: 2500/2500 tasks started.aws-us-east-1-aws-aesCtr-512-512-540: 2500/2500 tasks started.
[2025-11-30T11:01:41Z] [[36minfo[0m] [progress_update] aws-us-east-1-aws-aesCtr-512-512-540: 2500/2500 tasks started.alibaba-us-east-1-alibaba-aesCtr-512-512-843: 2500/2500 tasks started.azure-germanywestcentral-azure-aesCtr-512-512-22: 2312/2500 tasks started.gcp-us-east1-gcp-aesCtr-512-512-338: 2500/2500 tasks started.
[2025-11-30T11:01:51Z] [[36minfo[0m] [progress_update] aws-us-east-1-aws-aesCtr-512-512-540: 2500/2500 tasks started.alibaba-us-east-1-alibaba-aesCtr-512-512-843: 2500/2500 tasks started.azure-germanywestcentral-azure-aesCtr-512-512-22: 2358/2500 tasks started.gcp-us-east1-gcp-aesCtr-512-512-338: 2500/2500 tasks started.
[2025-11-30T11:02:01Z] [[36minfo[0m] [progress_update] aws-us-east-1-aws-aesCtr-512-512-540: 2500/2500 tasks started.alibaba-us-east-1-alibaba-aesCtr-512-512-843: 2500/2500 tasks started.azure-germanywestcentral-azure-aesCtr-512-512-22: 2461/2500 tasks started.gcp-us-east1-gcp-aesCtr-512-512-338: 2500/2500 tasks started.
[2025-11-30T11:02:11Z] [[36minfo[0m] [progress_update] alibaba-us-east-1-alibaba-aesCtr-512-512-843: 2500/2500 tasks started.azure-germanywestcentral-azure-aesCtr-512-512-22: 2500/2500 tasks started.gcp-us-east1-gcp-aesCtr-512-512-338: 2500/2500 tasks started.aws-us-east-1-aws-aesCtr-512-512-540: 2500/2500 tasks started.
[2025-11-30T11:02:21Z] [[36minfo[0m] [progress_update] azure-germanywestcentral-azure-aesCtr-512-512-22: 2500/2500 tasks started.gcp-us-east1-gcp-aesCtr-512-512-338: 2500/2500 tasks started.aws-us-east-1-aws-aesCtr-512-512-540: 2500/2500 tasks started.alibaba-us-east-1-alibaba-aesCtr-512-512-843: 2500/2500 tasks started.
[2025-11-30T11:02:31Z] [[36minfo[0m] [progress_update] aws-us-east-1-aws-aesCtr-512-512-540: 2500/2500 tasks started.alibaba-us-east-1-alibaba-aesCtr-512-512-843: 2500/2500 tasks started.azure-germanywestcentral-azure-aesCtr-512-512-22: 2500/2500 tasks started.gcp-us-east1-gcp-aesCtr-512-512-338: 2500/2500 tasks started.
[2025-11-30T11:02:41Z] [[36minfo[0m] [progress_update] aws-us-east-1-aws-aesCtr-512-512-540: 2500/2500 tasks started.alibaba-us-east-1-alibaba-aesCtr-512-512-843: 2500/2500 tasks started.azure-germanywestcentral-azure-aesCtr-512-512-22: 2500/2500 tasks started.gcp-us-east1-gcp-aesCtr-512-512-338: 2500/2500 tasks started.
[2025-11-30T11:02:51Z] [[36minfo[0m] [progress_update] aws-us-east-1-aws-aesCtr-512-512-540: 2500/2500 tasks started.alibaba-us-east-1-alibaba-aesCtr-512-512-843: 2500/2500 tasks started.azure-germanywestcentral-azure-aesCtr-512-512-22: 2500/2500 tasks started.gcp-us-east1-gcp-aesCtr-512-512-338: 2500/2500 tasks started.
[2025-11-30T11:03:01Z] [[36minfo[0m] [progress_update] alibaba-us-east-1-alibaba-aesCtr-512-512-843: 2500/2500 tasks started.azure-germanywestcentral-azure-aesCtr-512-512-22: 2500/2500 tasks started.gcp-us-east1-gcp-aesCtr-512-512-338: 2500/2500 tasks started.aws-us-east-1-aws-aesCtr-512-512-540: 2500/2500 tasks started.
[2025-11-30T11:03:11Z] [[36minfo[0m] [progress_update] azure-germanywestcentral-azure-aesCtr-512-512-22: 2500/2500 tasks started.gcp-us-east1-gcp-aesCtr-512-512-338: 2500/2500 tasks started.aws-us-east-1-aws-aesCtr-512-512-540: 2500/2500 tasks started.alibaba-us-east-1-alibaba-aesCtr-512-512-843: 2500/2500 tasks started.
[2025-11-30T11:03:21Z] [[36minfo[0m] [progress_update] aws-us-east-1-aws-aesCtr-512-512-540: 2500/2500 tasks started.alibaba-us-east-1-alibaba-aesCtr-512-512-843: 2500/2500 tasks started.azure-germanywestcentral-azure-aesCtr-512-512-22: 2500/2500 tasks started.gcp-us-east1-gcp-aesCtr-512-512-338: 2500/2500 tasks started.
[2025-11-30T11:03:31Z] [[36minfo[0m] [progress_update] aws-us-east-1-aws-aesCtr-512-512-540: 2500/2500 tasks started.alibaba-us-east-1-alibaba-aesCtr-512-512-843: 2500/2500 tasks started.azure-germanywestcentral-azure-aesCtr-512-512-22: 2500/2500 tasks started.gcp-us-east1-gcp-aesCtr-512-512-338: 2500/2500 tasks started.
[2025-11-30T11:03:41Z] [[36minfo[0m] [progress_update] aws-us-east-1-aws-aesCtr-512-512-540: 2500/2500 tasks started.alibaba-us-east-1-alibaba-aesCtr-512-512-843: 2500/2500 tasks started.azure-germanywestcentral-azure-aesCtr-512-512-22: 2500/2500 tasks started.gcp-us-east1-gcp-aesCtr-512-512-338: 2500/2500 tasks started.
[2025-11-30T11:03:51Z] [[36minfo[0m] [progress_update] aws-us-east-1-aws-aesCtr-512-512-540: 2500/2500 tasks started.alibaba-us-east-1-alibaba-aesCtr-512-512-843: 2500/2500 tasks started.azure-germanywestcentral-azure-aesCtr-512-512-22: 2500/2500 tasks started.gcp-us-east1-gcp-aesCtr-512-512-338: 2500/2500 tasks started.
[2025-11-30T11:04:01Z] [[36minfo[0m] [progress_update] aws-us-east-1-aws-aesCtr-512-512-540: 2500/2500 tasks started.alibaba-us-east-1-alibaba-aesCtr-512-512-843: 2500/2500 tasks started.azure-germanywestcentral-azure-aesCtr-512-512-22: 2500/2500 tasks started.gcp-us-east1-gcp-aesCtr-512-512-338: 2500/2500 tasks started.
[2025-11-30T11:04:11Z] [[36minfo[0m] [progress_update] aws-us-east-1-aws-aesCtr-512-512-540: 2500/2500 tasks started.alibaba-us-east-1-alibaba-aesCtr-512-512-843: 2500/2500 tasks started.azure-germanywestcentral-azure-aesCtr-512-512-22: 2500/2500 tasks started.gcp-us-east1-gcp-aesCtr-512-512-338: 2500/2500 tasks started.
[2025-11-30T11:04:21Z] [[36minfo[0m] [progress_update] aws-us-east-1-aws-aesCtr-512-512-540: 2500/2500 tasks started.alibaba-us-east-1-alibaba-aesCtr-512-512-843: 2500/2500 tasks started.azure-germanywestcentral-azure-aesCtr-512-512-22: 2500/2500 tasks started.gcp-us-east1-gcp-aesCtr-512-512-338: 2500/2500 tasks started.
[2025-11-30T11:04:24Z] [[31merror[0m] [task_execution] Error executing task azure-aesCtr-512: task azure-aesCtr-512 failed after 7 retries: <nil>
[2025-11-30T11:04:24Z] [[31merror[0m] [task_execution] Error executing task azure-aesCtr-512: task azure-aesCtr-512 failed after 7 retries: <nil>
[2025-11-30T11:04:24Z] [[31merror[0m] [task_execution] Error executing task azure-aesCtr-512: task azure-aesCtr-512 failed after 7 retries: <nil>
[2025-11-30T11:04:24Z] [[31merror[0m] [task_execution] Error executing task azure-aesCtr-512: task azure-aesCtr-512 failed after 7 retries: <nil>
[2025-11-30T11:04:24Z] [[31merror[0m] [task_execution] Error executing task azure-aesCtr-512: task azure-aesCtr-512 failed after 7 retries: <nil>
[2025-11-30T11:04:24Z] [[31merror[0m] [task_execution] Error executing task azure-aesCtr-512: task azure-aesCtr-512 failed after 7 retries: <nil>
[2025-11-30T11:04:24Z] [[31merror[0m] [task_execution] Error executing task azure-aesCtr-512: task azure-aesCtr-512 failed after 7 retries: <nil>
[2025-11-30T11:04:24Z] [[31merror[0m] [task_execution] Error executing task azure-aesCtr-512: task azure-aesCtr-512 failed after 7 retries: <nil>
[2025-11-30T11:04:24Z] [[31merror[0m] [task_execution] Error executing task azure-aesCtr-512: task azure-aesCtr-512 failed after 7 retries: <nil>
[2025-11-30T11:04:24Z] [[31merror[0m] [task_execution] Error executing task azure-aesCtr-512: task azure-aesCtr-512 failed after 7 retries: <nil>
[2025-11-30T11:04:24Z] [[31merror[0m] [task_execution] Error executing task azure-aesCtr-512: task azure-aesCtr-512 failed after 7 retries: <nil>
[2025-11-30T11:04:24Z] [[31merror[0m] [task_execution] Error executing task azure-aesCtr-512: task azure-aesCtr-512 failed after 7 retries: <nil>
[2025-11-30T11:04:24Z] [[31merror[0m] [task_execution] Error executing task azure-aesCtr-512: task azure-aesCtr-512 failed after 7 retries: <nil>
[2025-11-30T11:04:24Z] [[31merror[0m] [task_execution] Error executing task azure-aesCtr-512: task azure-aesCtr-512 failed after 7 retries: <nil>
[2025-11-30T11:04:24Z] [[31merror[0m] [task_execution] Error executing task azure-aesCtr-512: task azure-aesCtr-512 failed after 7 retries: <nil>
[2025-11-30T11:04:24Z] [[31merror[0m] [task_execution] Error executing task azure-aesCtr-512: task azure-aesCtr-512 failed after 7 retries: <nil>
[2025-11-30T11:04:24Z] [[31merror[0m] [task_execution] Error executing task azure-aesCtr-512: task azure-aesCtr-512 failed after 7 retries: <nil>
[2025-11-30T11:04:24Z] [[31merror[0m] [task_execution] Error executing task azure-aesCtr-512: task azure-aesCtr-512 failed after 7 retries: <nil>
[2025-11-30T11:04:24Z] [[31merror[0m] [task_execution] Error executing task azure-aesCtr-512: task azure-aesCtr-512 failed after 7 retries: <nil>
[2025-11-30T11:04:24Z] [[31merror[0m] [task_execution] Error executing task azure-aesCtr-512: task azure-aesCtr-512 failed after 7 retries: <nil>
[2025-11-30T11:04:24Z] [[31merror[0m] [task_execution] Error executing task azure-aesCtr-512: task azure-aesCtr-512 failed after 7 retries: <nil>
[2025-11-30T11:04:24Z] [[31merror[0m] [task_execution] Error executing task azure-aesCtr-512: task azure-aesCtr-512 failed after 7 retries: <nil>
[2025-11-30T11:04:24Z] [[31merror[0m] [task_execution] Error executing task azure-aesCtr-512: task azure-aesCtr-512 failed after 7 retries: <nil>
[2025-11-30T11:04:24Z] [[31merror[0m] [task_execution] Error executing task azure-aesCtr-512: task azure-aesCtr-512 failed after 7 retries: <nil>
[2025-11-30T11:04:24Z] [[31merror[0m] [task_execution] Error executing task azure-aesCtr-512: task azure-aesCtr-512 failed after 7 retries: <nil>
[2025-11-30T11:04:24Z] [[31merror[0m] [task_execution] Error executing task azure-aesCtr-512: task azure-aesCtr-512 failed after 7 retries: <nil>
[2025-11-30T11:04:24Z] [[31merror[0m] [task_execution] Error executing task azure-aesCtr-512: task azure-aesCtr-512 failed after 7 retries: <nil>
[2025-11-30T11:04:24Z] [[31merror[0m] [task_execution] Error executing task azure-aesCtr-512: task azure-aesCtr-512 failed after 7 retries: <nil>
[2025-11-30T11:04:24Z] [[31merror[0m] [task_execution] Error executing task azure-aesCtr-512: task azure-aesCtr-512 failed after 7 retries: <nil>
[2025-11-30T11:04:24Z] [[31merror[0m] [task_execution] Error executing task azure-aesCtr-512: task azure-aesCtr-512 failed after 7 retries: <nil>
[2025-11-30T11:04:24Z] [[31merror[0m] [task_execution] Error executing task azure-aesCtr-512: task azure-aesCtr-512 failed after 7 retries: <nil>
[2025-11-30T11:04:24Z] [[31merror[0m] [task_execution] Error executing task azure-aesCtr-512: task azure-aesCtr-512 failed after 7 retries: <nil>
[2025-11-30T11:04:24Z] [[31merror[0m] [task_execution] Error executing task azure-aesCtr-512: task azure-aesCtr-512 failed after 7 retries: <nil>
[2025-11-30T11:04:31Z] [[36minfo[0m] [progress_update] aws-us-east-1-aws-aesCtr-512-512-540: 2500/2500 tasks started.alibaba-us-east-1-alibaba-aesCtr-512-512-843: 2500/2500 tasks started.azure-germanywestcentral-azure-aesCtr-512-512-22: 2500/2500 tasks started.gcp-us-east1-gcp-aesCtr-512-512-338: 2500/2500 tasks started.
[2025-11-30T11:04:38Z] [[31merror[0m] [task_execution] Error executing task azure-aesCtr-512: task azure-aesCtr-512 failed after 7 retries: <nil>
[2025-11-30T11:04:39Z] [[31merror[0m] [task_execution] Error executing task azure-aesCtr-512: task azure-aesCtr-512 failed after 7 retries: <nil>
[2025-11-30T11:04:39Z] [[31merror[0m] [task_execution] Error executing task azure-aesCtr-512: task azure-aesCtr-512 failed after 7 retries: <nil>
[2025-11-30T11:04:39Z] [[31merror[0m] [task_execution] Error executing task azure-aesCtr-512: task azure-aesCtr-512 failed after 7 retries: <nil>
[2025-11-30T11:04:40Z] [[31merror[0m] [task_execution] Error executing task azure-aesCtr-512: task azure-aesCtr-512 failed after 7 retries: <nil>
[2025-11-30T11:04:40Z] [[31merror[0m] [task_execution] Error executing task azure-aesCtr-512: task azure-aesCtr-512 failed after 7 retries: <nil>
[2025-11-30T11:04:40Z] [[31merror[0m] [task_execution] Error executing task azure-aesCtr-512: task azure-aesCtr-512 failed after 7 retries: <nil>
[2025-11-30T11:04:40Z] [[31merror[0m] [task_execution] Error executing task azure-aesCtr-512: task azure-aesCtr-512 failed after 7 retries: <nil>
[2025-11-30T11:04:40Z] [[31merror[0m] [task_execution] Error executing task azure-aesCtr-512: task azure-aesCtr-512 failed after 7 retries: <nil>
[2025-11-30T11:04:40Z] [[31merror[0m] [task_execution] Error executing task azure-aesCtr-512: task azure-aesCtr-512 failed after 7 retries: <nil>
[2025-11-30T11:04:40Z] [[31merror[0m] [task_execution] Error executing task azure-aesCtr-512: task azure-aesCtr-512 failed after 7 retries: <nil>
[2025-11-30T11:04:40Z] [[31merror[0m] [task_execution] Error executing task azure-aesCtr-512: task azure-aesCtr-512 failed after 7 retries: <nil>
[2025-11-30T11:04:40Z] [[31merror[0m] [task_execution] Error executing task azure-aesCtr-512: task azure-aesCtr-512 failed after 7 retries: <nil>
[2025-11-30T11:04:40Z] [[31merror[0m] [task_execution] Error executing task azure-aesCtr-512: task azure-aesCtr-512 failed after 7 retries: <nil>
[2025-11-30T11:04:41Z] [[36minfo[0m] [progress_update] aws-us-east-1-aws-aesCtr-512-512-540: 2500/2500 tasks started.alibaba-us-east-1-alibaba-aesCtr-512-512-843: 2500/2500 tasks started.azure-germanywestcentral-azure-aesCtr-512-512-22: 2500/2500 tasks started.gcp-us-east1-gcp-aesCtr-512-512-338: 2500/2500 tasks started.
[2025-11-30T11:04:42Z] [[31merror[0m] [task_execution] Error executing task azure-aesCtr-512: task azure-aesCtr-512 failed after 7 retries: <nil>
[2025-11-30T11:04:42Z] [[31merror[0m] [task_execution] Error executing task azure-aesCtr-512: task azure-aesCtr-512 failed after 7 retries: <nil>
[2025-11-30T11:04:42Z] [[31merror[0m] [task_execution] Error executing task azure-aesCtr-512: task azure-aesCtr-512 failed after 7 retries: <nil>
[2025-11-30T11:04:42Z] [[31merror[0m] [task_execution] Error executing task azure-aesCtr-512: task azure-aesCtr-512 failed after 7 retries: <nil>
[2025-11-30T11:04:51Z] [[36minfo[0m] [progress_update] aws-us-east-1-aws-aesCtr-512-512-540: 2500/2500 tasks started.alibaba-us-east-1-alibaba-aesCtr-512-512-843: 2500/2500 tasks started.azure-germanywestcentral-azure-aesCtr-512-512-22: 2500/2500 tasks started.gcp-us-east1-gcp-aesCtr-512-512-338: 2500/2500 tasks started.
[2025-11-30T11:04:55Z] [[31merror[0m] [task_execution] Error executing task azure-aesCtr-512: task azure-aesCtr-512 failed after 7 retries: <nil>
[2025-11-30T11:04:56Z] [[31merror[0m] [task_execution] Error executing task azure-aesCtr-512: task azure-aesCtr-512 failed after 7 retries: <nil>
[2025-11-30T11:04:56Z] [[31merror[0m] [task_execution] Error executing task azure-aesCtr-512: task azure-aesCtr-512 failed after 7 retries: <nil>
[2025-11-30T11:04:56Z] [[31merror[0m] [task_execution] Error executing task azure-aesCtr-512: task azure-aesCtr-512 failed after 7 retries: <nil>
[2025-11-30T11:04:56Z] [[31merror[0m] [task_execution] Error executing task azure-aesCtr-512: task azure-aesCtr-512 failed after 7 retries: <nil>
[2025-11-30T11:04:56Z] [[31merror[0m] [task_execution] Error executing task azure-aesCtr-512: task azure-aesCtr-512 failed after 7 retries: <nil>
[2025-11-30T11:04:56Z] [[31merror[0m] [task_execution] Error executing task azure-aesCtr-512: task azure-aesCtr-512 failed after 7 retries: <nil>
[2025-11-30T11:04:56Z] [[31merror[0m] [task_execution] Error executing task azure-aesCtr-512: task azure-aesCtr-512 failed after 7 retries: <nil>
[2025-11-30T11:04:56Z] [[31merror[0m] [task_execution] Error executing task azure-aesCtr-512: task azure-aesCtr-512 failed after 7 retries: <nil>
[2025-11-30T11:04:56Z] [[31merror[0m] [task_execution] Error executing task azure-aesCtr-512: task azure-aesCtr-512 failed after 7 retries: <nil>
[2025-11-30T11:04:56Z] [[31merror[0m] [task_execution] Error executing task azure-aesCtr-512: task azure-aesCtr-512 failed after 7 retries: <nil>
[2025-11-30T11:04:56Z] [[31merror[0m] [task_execution] Error executing task azure-aesCtr-512: task azure-aesCtr-512 failed after 7 retries: <nil>
[2025-11-30T11:04:57Z] [[31merror[0m] [task_execution] Error executing task azure-aesCtr-512: task azure-aesCtr-512 failed after 7 retries: <nil>
[2025-11-30T11:04:57Z] [[31merror[0m] [task_execution] Error executing task azure-aesCtr-512: task azure-aesCtr-512 failed after 7 retries: <nil>
[2025-11-30T11:04:57Z] [[31merror[0m] [task_execution] Error executing task azure-aesCtr-512: task azure-aesCtr-512 failed after 7 retries: <nil>
[2025-11-30T11:04:57Z] [[31merror[0m] [task_execution] Error executing task azure-aesCtr-512: task azure-aesCtr-512 failed after 7 retries: <nil>
[2025-11-30T11:04:57Z] [[31merror[0m] [task_execution] Error executing task azure-aesCtr-512: task azure-aesCtr-512 failed after 7 retries: <nil>
[2025-11-30T11:04:57Z] [[31merror[0m] [task_execution] Error executing task azure-aesCtr-512: task azure-aesCtr-512 failed after 7 retries: <nil>
[2025-11-30T11:04:57Z] [[31merror[0m] [task_execution] Error executing task azure-aesCtr-512: task azure-aesCtr-512 failed after 7 retries: <nil>
[2025-11-30T11:04:57Z] [[31merror[0m] [task_execution] Error executing task azure-aesCtr-512: task azure-aesCtr-512 failed after 7 retries: <nil>
[2025-11-30T11:04:57Z] [[31merror[0m] [task_execution] Error executing task azure-aesCtr-512: task azure-aesCtr-512 failed after 7 retries: <nil>
[2025-11-30T11:04:57Z] [[31merror[0m] [task_execution] Error executing task azure-aesCtr-512: task azure-aesCtr-512 failed after 7 retries: <nil>
[2025-11-30T11:04:57Z] [[31merror[0m] [task_execution] Error executing task azure-aesCtr-512: task azure-aesCtr-512 failed after 7 retries: <nil>
[2025-11-30T11:04:57Z] [[31merror[0m] [task_execution] Error executing task azure-aesCtr-512: task azure-aesCtr-512 failed after 7 retries: <nil>
[2025-11-30T11:04:57Z] [[31merror[0m] [task_execution] Error executing task azure-aesCtr-512: task azure-aesCtr-512 failed after 7 retries: <nil>
[2025-11-30T11:04:57Z] [[31merror[0m] [task_execution] Error executing task azure-aesCtr-512: task azure-aesCtr-512 failed after 7 retries: <nil>
[2025-11-30T11:04:57Z] [[31merror[0m] [task_execution] Error executing task azure-aesCtr-512: task azure-aesCtr-512 failed after 7 retries: <nil>
[2025-11-30T11:04:57Z] [[31merror[0m] [task_execution] Error executing task azure-aesCtr-512: task azure-aesCtr-512 failed after 7 retries: <nil>
[2025-11-30T11:04:57Z] [[31merror[0m] [task_execution] Error executing task azure-aesCtr-512: task azure-aesCtr-512 failed after 7 retries: <nil>
[2025-11-30T11:04:57Z] [[31merror[0m] [task_execution] Error executing task azure-aesCtr-512: task azure-aesCtr-512 failed after 7 retries: <nil>
[2025-11-30T11:04:57Z] [[31merror[0m] [task_execution] Error executing task azure-aesCtr-512: task azure-aesCtr-512 failed after 7 retries: <nil>
[2025-11-30T11:04:57Z] [[31merror[0m] [task_execution] Error executing task azure-aesCtr-512: task azure-aesCtr-512 failed after 7 retries: <nil>
[2025-11-30T11:04:57Z] [[31merror[0m] [task_execution] Error executing task azure-aesCtr-512: task azure-aesCtr-512 failed after 7 retries: <nil>
[2025-11-30T11:04:57Z] [[31merror[0m] [task_execution] Error executing task azure-aesCtr-512: task azure-aesCtr-512 failed after 7 retries: <nil>
[2025-11-30T11:04:57Z] [[31merror[0m] [task_execution] Error executing task azure-aesCtr-512: task azure-aesCtr-512 failed after 7 retries: <nil>
[2025-11-30T11:04:57Z] [[31merror[0m] [task_execution] Error executing task azure-aesCtr-512: task azure-aesCtr-512 failed after 7 retries: <nil>
[2025-11-30T11:04:57Z] [[31merror[0m] [task_execution] Error executing task azure-aesCtr-512: task azure-aesCtr-512 failed after 7 retries: <nil>
[2025-11-30T11:04:57Z] [[31merror[0m] [task_execution] Error executing task azure-aesCtr-512: task azure-aesCtr-512 failed after 7 retries: <nil>
[2025-11-30T11:04:57Z] [[31merror[0m] [task_execution] Error executing task azure-aesCtr-512: task azure-aesCtr-512 failed after 7 retries: <nil>
[2025-11-30T11:04:57Z] [[31merror[0m] [task_execution] Error executing task azure-aesCtr-512: task azure-aesCtr-512 failed after 7 retries: <nil>
[2025-11-30T11:04:58Z] [[31merror[0m] [task_execution] Error executing task azure-aesCtr-512: task azure-aesCtr-512 failed after 7 retries: <nil>
[2025-11-30T11:04:58Z] [[31merror[0m] [task_execution] Error executing task azure-aesCtr-512: task azure-aesCtr-512 failed after 7 retries: <nil>
[2025-11-30T11:04:58Z] [[31merror[0m] [task_execution] Error executing task azure-aesCtr-512: task azure-aesCtr-512 failed after 7 retries: <nil>
[2025-11-30T11:04:58Z] [[31merror[0m] [task_execution] Error executing task azure-aesCtr-512: task azure-aesCtr-512 failed after 7 retries: <nil>
[2025-11-30T11:04:58Z] [[31merror[0m] [task_execution] Error executing task azure-aesCtr-512: task azure-aesCtr-512 failed after 7 retries: <nil>
[2025-11-30T11:04:58Z] [[31merror[0m] [task_execution] Error executing task azure-aesCtr-512: task azure-aesCtr-512 failed after 7 retries: <nil>
[2025-11-30T11:04:58Z] [[31merror[0m] [task_execution] Error executing task azure-aesCtr-512: task azure-aesCtr-512 failed after 7 retries: <nil>
[2025-11-30T11:04:58Z] [[31merror[0m] [task_execution] Error executing task azure-aesCtr-512: task azure-aesCtr-512 failed after 7 retries: <nil>
[2025-11-30T11:04:58Z] [[31merror[0m] [task_execution] Error executing task azure-aesCtr-512: task azure-aesCtr-512 failed after 7 retries: <nil>
[2025-11-30T11:04:58Z] [[31merror[0m] [task_execution] Error executing task azure-aesCtr-512: task azure-aesCtr-512 failed after 7 retries: <nil>
[2025-11-30T11:04:58Z] [[31merror[0m] [task_execution] Error executing task azure-aesCtr-512: task azure-aesCtr-512 failed after 7 retries: <nil>
[2025-11-30T11:04:58Z] [[31merror[0m] [task_execution] Error executing task azure-aesCtr-512: task azure-aesCtr-512 failed after 7 retries: <nil>
[2025-11-30T11:04:58Z] [[31merror[0m] [task_execution] Error executing task azure-aesCtr-512: task azure-aesCtr-512 failed after 7 retries: <nil>
[2025-11-30T11:04:58Z] [[31merror[0m] [task_execution] Error executing task azure-aesCtr-512: task azure-aesCtr-512 failed after 7 retries: <nil>
[2025-11-30T11:04:58Z] [[31merror[0m] [task_execution] Error executing task azure-aesCtr-512: task azure-aesCtr-512 failed after 7 retries: <nil>
[2025-11-30T11:04:58Z] [[31merror[0m] [task_execution] Error executing task azure-aesCtr-512: task azure-aesCtr-512 failed after 7 retries: <nil>
[2025-11-30T11:04:58Z] [[31merror[0m] [task_execution] Error executing task azure-aesCtr-512: task azure-aesCtr-512 failed after 7 retries: <nil>
[2025-11-30T11:04:58Z] [[31merror[0m] [task_execution] Error executing task azure-aesCtr-512: task azure-aesCtr-512 failed after 7 retries: <nil>
[2025-11-30T11:04:58Z] [[31merror[0m] [task_execution] Error executing task azure-aesCtr-512: task azure-aesCtr-512 failed after 7 retries: <nil>
[2025-11-30T11:04:58Z] [[31merror[0m] [task_execution] Error executing task azure-aesCtr-512: task azure-aesCtr-512 failed after 7 retries: <nil>
[2025-11-30T11:04:58Z] [[31merror[0m] [task_execution] Error executing task azure-aesCtr-512: task azure-aesCtr-512 failed after 7 retries: <nil>
[2025-11-30T11:04:58Z] [[31merror[0m] [task_execution] Error executing task azure-aesCtr-512: task azure-aesCtr-512 failed after 7 retries: <nil>
[2025-11-30T11:04:58Z] [[31merror[0m] [task_execution] Error executing task azure-aesCtr-512: task azure-aesCtr-512 failed after 7 retries: <nil>
[2025-11-30T11:04:59Z] [[31merror[0m] [task_execution] Error executing task azure-aesCtr-512: task azure-aesCtr-512 failed after 7 retries: <nil>
[2025-11-30T11:04:59Z] [[31merror[0m] [task_execution] Error executing task azure-aesCtr-512: task azure-aesCtr-512 failed after 7 retries: <nil>
[2025-11-30T11:04:59Z] [[31merror[0m] [task_execution] Error executing task azure-aesCtr-512: task azure-aesCtr-512 failed after 7 retries: <nil>
[2025-11-30T11:04:59Z] [[31merror[0m] [task_execution] Error executing task azure-aesCtr-512: task azure-aesCtr-512 failed after 7 retries: <nil>
[2025-11-30T11:04:59Z] [[31merror[0m] [task_execution] Error executing task azure-aesCtr-512: task azure-aesCtr-512 failed after 7 retries: <nil>
[2025-11-30T11:04:59Z] [[31merror[0m] [task_execution] Error executing task azure-aesCtr-512: task azure-aesCtr-512 failed after 7 retries: <nil>
[2025-11-30T11:04:59Z] [[31merror[0m] [task_execution] Error executing task azure-aesCtr-512: task azure-aesCtr-512 failed after 7 retries: <nil>
[2025-11-30T11:04:59Z] [[31merror[0m] [task_execution] Error executing task azure-aesCtr-512: task azure-aesCtr-512 failed after 7 retries: <nil>
[2025-11-30T11:04:59Z] [[31merror[0m] [task_execution] Error executing task azure-aesCtr-512: task azure-aesCtr-512 failed after 7 retries: <nil>
[2025-11-30T11:04:59Z] [[31merror[0m] [task_execution] Error executing task azure-aesCtr-512: task azure-aesCtr-512 failed after 7 retries: <nil>
[2025-11-30T11:04:59Z] [[31merror[0m] [task_execution] Error executing task azure-aesCtr-512: task azure-aesCtr-512 failed after 7 retries: <nil>
[2025-11-30T11:04:59Z] [[31merror[0m] [task_execution] Error executing task azure-aesCtr-512: task azure-aesCtr-512 failed after 7 retries: <nil>
[2025-11-30T11:04:59Z] [[31merror[0m] [task_execution] Error executing task azure-aesCtr-512: task azure-aesCtr-512 failed after 7 retries: <nil>
[2025-11-30T11:04:59Z] [[31merror[0m] [task_execution] Error executing task azure-aesCtr-512: task azure-aesCtr-512 failed after 7 retries: <nil>
[2025-11-30T11:04:59Z] [[31merror[0m] [task_execution] Error executing task azure-aesCtr-512: task azure-aesCtr-512 failed after 7 retries: <nil>
[2025-11-30T11:04:59Z] [[31merror[0m] [task_execution] Error executing task azure-aesCtr-512: task azure-aesCtr-512 failed after 7 retries: <nil>
[2025-11-30T11:04:59Z] [[31merror[0m] [task_execution] Error executing task azure-aesCtr-512: task azure-aesCtr-512 failed after 7 retries: <nil>
[2025-11-30T11:04:59Z] [[31merror[0m] [task_execution] Error executing task azure-aesCtr-512: task azure-aesCtr-512 failed after 7 retries: <nil>
[2025-11-30T11:04:59Z] [[31merror[0m] [task_execution] Error executing task azure-aesCtr-512: task azure-aesCtr-512 failed after 7 retries: <nil>
[2025-11-30T11:04:59Z] [[31merror[0m] [task_execution] Error executing task azure-aesCtr-512: task azure-aesCtr-512 failed after 7 retries: <nil>
[2025-11-30T11:04:59Z] [[31merror[0m] [task_execution] Error executing task azure-aesCtr-512: task azure-aesCtr-512 failed after 7 retries: <nil>
[2025-11-30T11:04:59Z] [[31merror[0m] [task_execution] Error executing task azure-aesCtr-512: task azure-aesCtr-512 failed after 7 retries: <nil>
[2025-11-30T11:04:59Z] [[31merror[0m] [task_execution] Error executing task azure-aesCtr-512: task azure-aesCtr-512 failed after 7 retries: <nil>
[2025-11-30T11:04:59Z] [[31merror[0m] [task_execution] Error executing task azure-aesCtr-512: task azure-aesCtr-512 failed after 7 retries: <nil>
[2025-11-30T11:04:59Z] [[31merror[0m] [task_execution] Error executing task azure-aesCtr-512: task azure-aesCtr-512 failed after 7 retries: <nil>
[2025-11-30T11:04:59Z] [[31merror[0m] [task_execution] Error executing task azure-aesCtr-512: task azure-aesCtr-512 failed after 7 retries: <nil>
[2025-11-30T11:04:59Z] [[31merror[0m] [task_execution] Error executing task azure-aesCtr-512: task azure-aesCtr-512 failed after 7 retries: <nil>
[2025-11-30T11:04:59Z] [[31merror[0m] [task_execution] Error executing task azure-aesCtr-512: task azure-aesCtr-512 failed after 7 retries: <nil>
[2025-11-30T11:05:00Z] [[31merror[0m] [task_execution] Error executing task azure-aesCtr-512: task azure-aesCtr-512 failed after 7 retries: <nil>
[2025-11-30T11:05:01Z] [[31merror[0m] [task_execution] Error executing task azure-aesCtr-512: task azure-aesCtr-512 failed after 7 retries: <nil>
[2025-11-30T11:05:01Z] [[31merror[0m] [task_execution] Error executing task azure-aesCtr-512: task azure-aesCtr-512 failed after 7 retries: <nil>
[2025-11-30T11:05:01Z] [[31merror[0m] [task_execution] Error executing task azure-aesCtr-512: task azure-aesCtr-512 failed after 7 retries: <nil>
[2025-11-30T11:05:01Z] [[31merror[0m] [task_execution] Error executing task azure-aesCtr-512: task azure-aesCtr-512 failed after 7 retries: <nil>
[2025-11-30T11:05:01Z] [[31merror[0m] [task_execution] Error executing task azure-aesCtr-512: task azure-aesCtr-512 failed after 7 retries: <nil>
[2025-11-30T11:05:01Z] [[36minfo[0m] [progress_update] aws-us-east-1-aws-aesCtr-512-512-540: 2500/2500 tasks started.alibaba-us-east-1-alibaba-aesCtr-512-512-843: 2500/2500 tasks started.azure-germanywestcentral-azure-aesCtr-512-512-22: 2500/2500 tasks started.gcp-us-east1-gcp-aesCtr-512-512-338: 2500/2500 tasks started.
[2025-11-30T11:05:01Z] [[31merror[0m] [task_execution] Error executing task azure-aesCtr-512: task azure-aesCtr-512 failed after 7 retries: <nil>
[2025-11-30T11:05:03Z] [[31merror[0m] [task_execution] Error executing task azure-aesCtr-512: task azure-aesCtr-512 failed after 7 retries: <nil>
[2025-11-30T11:05:03Z] [[31merror[0m] [task_execution] Error executing task azure-aesCtr-512: task azure-aesCtr-512 failed after 7 retries: <nil>
[2025-11-30T11:05:08Z] [[36minfo[0m] [function_finished] Finished benchmarking function azure-aesCtr-512 and closed archiver
[2025-11-30T11:05:10Z] [[36minfo[0m] [finish_timeline] Benchmark Timeline
[Sun Nov 30 11:05:10 UTC 2025] Finished benchmark 'aesctr' successfully
[Sun Nov 30 11:05:10 UTC 2025] Sleeping 600 seconds before next workload...
