[Mon Dec  1 05:00:01 UTC 2025] Starting benchmark 'gemm' with config './configs/gemm.yaml'
Validating functions...
[2025-12-01T05:00:01Z] [[36minfo[0m] [executor_setup] Setting up executor for aws-us-east-1-aws-gemm-512-512-271
[2025-12-01T05:00:01Z] [[36minfo[0m] [executor_setup] Setting up executor for alibaba-us-east-1-alibaba-gemm-512-512-430
[2025-12-01T05:00:01Z] [[36minfo[0m] [executor_setup] Setting up executor for gcp-us-east1-gcp-gemm-512-512-420
[2025-12-01T05:00:01Z] [[36minfo[0m] [executor_setup] Setting up executor for azure-germanywestcentral-azure-gemm-512-512-605
[2025-12-01T05:00:01Z] [[0mwarning[0m] [[32mazure_limitations[0m] Azure can´t handle more than 300 parallel requests. Limiting to 300.
[2025-12-01T05:00:01Z] [[36minfo[0m] [start_timeline] Benchmark Timeline
[2025-12-01T05:00:01Z] [[36minfo[0m] [load_generator_start] (azure: germanywestcentral) Starting load generator with 300 workers
[2025-12-01T05:00:01Z] [[36minfo[0m] [load_generator_start] (aws: us-east-1) Starting load generator with 500 workers
[2025-12-01T05:00:01Z] [[36minfo[0m] [load_generator_start] (alibaba: us-east-1) Starting load generator with 500 workers
[2025-12-01T05:00:01Z] [[36minfo[0m] [load_generator_start] (gcp: us-east1) Starting load generator with 500 workers
[2025-12-01T05:00:11Z] [[36minfo[0m] [progress_update] aws-us-east-1-aws-gemm-512-512-271: 1435/2500 tasks started.alibaba-us-east-1-alibaba-gemm-512-512-430: 1119/2500 tasks started.gcp-us-east1-gcp-gemm-512-512-420: 1392/2500 tasks started.azure-germanywestcentral-azure-gemm-512-512-605: 674/2500 tasks started.
[2025-12-01T05:00:21Z] [[36minfo[0m] [progress_update] aws-us-east-1-aws-gemm-512-512-271: 2500/2500 tasks started.alibaba-us-east-1-alibaba-gemm-512-512-430: 1980/2500 tasks started.gcp-us-east1-gcp-gemm-512-512-420: 2500/2500 tasks started.azure-germanywestcentral-azure-gemm-512-512-605: 687/2500 tasks started.
[2025-12-01T05:00:30Z] [[36minfo[0m] [function_finished] Finished benchmarking function aws-gemm-512 and closed archiver
[2025-12-01T05:00:31Z] [[36minfo[0m] [progress_update] aws-us-east-1-aws-gemm-512-512-271: 2500/2500 tasks started.alibaba-us-east-1-alibaba-gemm-512-512-430: 2500/2500 tasks started.gcp-us-east1-gcp-gemm-512-512-420: 2500/2500 tasks started.azure-germanywestcentral-azure-gemm-512-512-605: 1221/2500 tasks started.
[2025-12-01T05:00:40Z] [[36minfo[0m] [function_finished] Finished benchmarking function gcp-gemm-512 and closed archiver
[2025-12-01T05:00:41Z] [[36minfo[0m] [progress_update] gcp-us-east1-gcp-gemm-512-512-420: 2500/2500 tasks started.azure-germanywestcentral-azure-gemm-512-512-605: 1628/2500 tasks started.aws-us-east-1-aws-gemm-512-512-271: 2500/2500 tasks started.alibaba-us-east-1-alibaba-gemm-512-512-430: 2500/2500 tasks started.
[2025-12-01T05:00:51Z] [[36minfo[0m] [progress_update] aws-us-east-1-aws-gemm-512-512-271: 2500/2500 tasks started.alibaba-us-east-1-alibaba-gemm-512-512-430: 2500/2500 tasks started.gcp-us-east1-gcp-gemm-512-512-420: 2500/2500 tasks started.azure-germanywestcentral-azure-gemm-512-512-605: 2289/2500 tasks started.
[2025-12-01T05:01:01Z] [[36minfo[0m] [progress_update] azure-germanywestcentral-azure-gemm-512-512-605: 2325/2500 tasks started.aws-us-east-1-aws-gemm-512-512-271: 2500/2500 tasks started.alibaba-us-east-1-alibaba-gemm-512-512-430: 2500/2500 tasks started.gcp-us-east1-gcp-gemm-512-512-420: 2500/2500 tasks started.
[2025-12-01T05:01:11Z] [[36minfo[0m] [progress_update] aws-us-east-1-aws-gemm-512-512-271: 2500/2500 tasks started.alibaba-us-east-1-alibaba-gemm-512-512-430: 2500/2500 tasks started.gcp-us-east1-gcp-gemm-512-512-420: 2500/2500 tasks started.azure-germanywestcentral-azure-gemm-512-512-605: 2394/2500 tasks started.
[2025-12-01T05:01:21Z] [[36minfo[0m] [progress_update] aws-us-east-1-aws-gemm-512-512-271: 2500/2500 tasks started.alibaba-us-east-1-alibaba-gemm-512-512-430: 2500/2500 tasks started.gcp-us-east1-gcp-gemm-512-512-420: 2500/2500 tasks started.azure-germanywestcentral-azure-gemm-512-512-605: 2500/2500 tasks started.
[2025-12-01T05:01:31Z] [[36minfo[0m] [progress_update] aws-us-east-1-aws-gemm-512-512-271: 2500/2500 tasks started.alibaba-us-east-1-alibaba-gemm-512-512-430: 2500/2500 tasks started.gcp-us-east1-gcp-gemm-512-512-420: 2500/2500 tasks started.azure-germanywestcentral-azure-gemm-512-512-605: 2500/2500 tasks started.
[2025-12-01T05:01:41Z] [[36minfo[0m] [progress_update] aws-us-east-1-aws-gemm-512-512-271: 2500/2500 tasks started.alibaba-us-east-1-alibaba-gemm-512-512-430: 2500/2500 tasks started.gcp-us-east1-gcp-gemm-512-512-420: 2500/2500 tasks started.azure-germanywestcentral-azure-gemm-512-512-605: 2500/2500 tasks started.
[2025-12-01T05:01:51Z] [[36minfo[0m] [progress_update] aws-us-east-1-aws-gemm-512-512-271: 2500/2500 tasks started.alibaba-us-east-1-alibaba-gemm-512-512-430: 2500/2500 tasks started.gcp-us-east1-gcp-gemm-512-512-420: 2500/2500 tasks started.azure-germanywestcentral-azure-gemm-512-512-605: 2500/2500 tasks started.
[2025-12-01T05:02:01Z] [[36minfo[0m] [progress_update] azure-germanywestcentral-azure-gemm-512-512-605: 2500/2500 tasks started.aws-us-east-1-aws-gemm-512-512-271: 2500/2500 tasks started.alibaba-us-east-1-alibaba-gemm-512-512-430: 2500/2500 tasks started.gcp-us-east1-gcp-gemm-512-512-420: 2500/2500 tasks started.
[2025-12-01T05:02:11Z] [[36minfo[0m] [progress_update] aws-us-east-1-aws-gemm-512-512-271: 2500/2500 tasks started.alibaba-us-east-1-alibaba-gemm-512-512-430: 2500/2500 tasks started.gcp-us-east1-gcp-gemm-512-512-420: 2500/2500 tasks started.azure-germanywestcentral-azure-gemm-512-512-605: 2500/2500 tasks started.
[2025-12-01T05:02:21Z] [[36minfo[0m] [progress_update] aws-us-east-1-aws-gemm-512-512-271: 2500/2500 tasks started.alibaba-us-east-1-alibaba-gemm-512-512-430: 2500/2500 tasks started.gcp-us-east1-gcp-gemm-512-512-420: 2500/2500 tasks started.azure-germanywestcentral-azure-gemm-512-512-605: 2500/2500 tasks started.
[2025-12-01T05:02:25Z] [[36minfo[0m] [function_finished] Finished benchmarking function alibaba-gemm-512 and closed archiver
[2025-12-01T05:02:31Z] [[36minfo[0m] [progress_update] aws-us-east-1-aws-gemm-512-512-271: 2500/2500 tasks started.alibaba-us-east-1-alibaba-gemm-512-512-430: 2500/2500 tasks started.gcp-us-east1-gcp-gemm-512-512-420: 2500/2500 tasks started.azure-germanywestcentral-azure-gemm-512-512-605: 2500/2500 tasks started.
[2025-12-01T05:02:41Z] [[36minfo[0m] [progress_update] aws-us-east-1-aws-gemm-512-512-271: 2500/2500 tasks started.alibaba-us-east-1-alibaba-gemm-512-512-430: 2500/2500 tasks started.gcp-us-east1-gcp-gemm-512-512-420: 2500/2500 tasks started.azure-germanywestcentral-azure-gemm-512-512-605: 2500/2500 tasks started.
[2025-12-01T05:02:51Z] [[36minfo[0m] [progress_update] aws-us-east-1-aws-gemm-512-512-271: 2500/2500 tasks started.alibaba-us-east-1-alibaba-gemm-512-512-430: 2500/2500 tasks started.gcp-us-east1-gcp-gemm-512-512-420: 2500/2500 tasks started.azure-germanywestcentral-azure-gemm-512-512-605: 2500/2500 tasks started.
[2025-12-01T05:03:01Z] [[36minfo[0m] [progress_update] aws-us-east-1-aws-gemm-512-512-271: 2500/2500 tasks started.alibaba-us-east-1-alibaba-gemm-512-512-430: 2500/2500 tasks started.gcp-us-east1-gcp-gemm-512-512-420: 2500/2500 tasks started.azure-germanywestcentral-azure-gemm-512-512-605: 2500/2500 tasks started.
[2025-12-01T05:03:11Z] [[36minfo[0m] [progress_update] aws-us-east-1-aws-gemm-512-512-271: 2500/2500 tasks started.alibaba-us-east-1-alibaba-gemm-512-512-430: 2500/2500 tasks started.gcp-us-east1-gcp-gemm-512-512-420: 2500/2500 tasks started.azure-germanywestcentral-azure-gemm-512-512-605: 2500/2500 tasks started.
[2025-12-01T05:03:21Z] [[36minfo[0m] [progress_update] aws-us-east-1-aws-gemm-512-512-271: 2500/2500 tasks started.alibaba-us-east-1-alibaba-gemm-512-512-430: 2500/2500 tasks started.gcp-us-east1-gcp-gemm-512-512-420: 2500/2500 tasks started.azure-germanywestcentral-azure-gemm-512-512-605: 2500/2500 tasks started.
[2025-12-01T05:03:31Z] [[36minfo[0m] [progress_update] gcp-us-east1-gcp-gemm-512-512-420: 2500/2500 tasks started.azure-germanywestcentral-azure-gemm-512-512-605: 2500/2500 tasks started.aws-us-east-1-aws-gemm-512-512-271: 2500/2500 tasks started.alibaba-us-east-1-alibaba-gemm-512-512-430: 2500/2500 tasks started.
[2025-12-01T05:03:41Z] [[36minfo[0m] [progress_update] gcp-us-east1-gcp-gemm-512-512-420: 2500/2500 tasks started.azure-germanywestcentral-azure-gemm-512-512-605: 2500/2500 tasks started.aws-us-east-1-aws-gemm-512-512-271: 2500/2500 tasks started.alibaba-us-east-1-alibaba-gemm-512-512-430: 2500/2500 tasks started.
[2025-12-01T05:03:51Z] [[36minfo[0m] [progress_update] aws-us-east-1-aws-gemm-512-512-271: 2500/2500 tasks started.alibaba-us-east-1-alibaba-gemm-512-512-430: 2500/2500 tasks started.gcp-us-east1-gcp-gemm-512-512-420: 2500/2500 tasks started.azure-germanywestcentral-azure-gemm-512-512-605: 2500/2500 tasks started.
[2025-12-01T05:04:01Z] [[36minfo[0m] [progress_update] aws-us-east-1-aws-gemm-512-512-271: 2500/2500 tasks started.alibaba-us-east-1-alibaba-gemm-512-512-430: 2500/2500 tasks started.gcp-us-east1-gcp-gemm-512-512-420: 2500/2500 tasks started.azure-germanywestcentral-azure-gemm-512-512-605: 2500/2500 tasks started.
[2025-12-01T05:04:11Z] [[36minfo[0m] [progress_update] azure-germanywestcentral-azure-gemm-512-512-605: 2500/2500 tasks started.aws-us-east-1-aws-gemm-512-512-271: 2500/2500 tasks started.alibaba-us-east-1-alibaba-gemm-512-512-430: 2500/2500 tasks started.gcp-us-east1-gcp-gemm-512-512-420: 2500/2500 tasks started.
[2025-12-01T05:04:21Z] [[36minfo[0m] [progress_update] aws-us-east-1-aws-gemm-512-512-271: 2500/2500 tasks started.alibaba-us-east-1-alibaba-gemm-512-512-430: 2500/2500 tasks started.gcp-us-east1-gcp-gemm-512-512-420: 2500/2500 tasks started.azure-germanywestcentral-azure-gemm-512-512-605: 2500/2500 tasks started.
[2025-12-01T05:04:27Z] [[31merror[0m] [task_execution] Error executing task azure-gemm-512: task azure-gemm-512 failed after 7 retries: <nil>
[2025-12-01T05:04:31Z] [[36minfo[0m] [progress_update] aws-us-east-1-aws-gemm-512-512-271: 2500/2500 tasks started.alibaba-us-east-1-alibaba-gemm-512-512-430: 2500/2500 tasks started.gcp-us-east1-gcp-gemm-512-512-420: 2500/2500 tasks started.azure-germanywestcentral-azure-gemm-512-512-605: 2500/2500 tasks started.
[2025-12-01T05:04:41Z] [[36minfo[0m] [progress_update] aws-us-east-1-aws-gemm-512-512-271: 2500/2500 tasks started.alibaba-us-east-1-alibaba-gemm-512-512-430: 2500/2500 tasks started.gcp-us-east1-gcp-gemm-512-512-420: 2500/2500 tasks started.azure-germanywestcentral-azure-gemm-512-512-605: 2500/2500 tasks started.
[2025-12-01T05:04:45Z] [[31merror[0m] [task_execution] Error executing task azure-gemm-512: task azure-gemm-512 failed after 7 retries: <nil>
[2025-12-01T05:04:47Z] [[31merror[0m] [task_execution] Error executing task azure-gemm-512: task azure-gemm-512 failed after 7 retries: <nil>
[2025-12-01T05:04:51Z] [[36minfo[0m] [progress_update] aws-us-east-1-aws-gemm-512-512-271: 2500/2500 tasks started.alibaba-us-east-1-alibaba-gemm-512-512-430: 2500/2500 tasks started.gcp-us-east1-gcp-gemm-512-512-420: 2500/2500 tasks started.azure-germanywestcentral-azure-gemm-512-512-605: 2500/2500 tasks started.
[2025-12-01T05:04:59Z] [[31merror[0m] [task_execution] Error executing task azure-gemm-512: task azure-gemm-512 failed after 7 retries: <nil>
[2025-12-01T05:04:59Z] [[31merror[0m] [task_execution] Error executing task azure-gemm-512: task azure-gemm-512 failed after 7 retries: <nil>
[2025-12-01T05:04:59Z] [[31merror[0m] [task_execution] Error executing task azure-gemm-512: task azure-gemm-512 failed after 7 retries: <nil>
[2025-12-01T05:04:59Z] [[31merror[0m] [task_execution] Error executing task azure-gemm-512: task azure-gemm-512 failed after 7 retries: <nil>
[2025-12-01T05:04:59Z] [[31merror[0m] [task_execution] Error executing task azure-gemm-512: task azure-gemm-512 failed after 7 retries: <nil>
[2025-12-01T05:04:59Z] [[31merror[0m] [task_execution] Error executing task azure-gemm-512: task azure-gemm-512 failed after 7 retries: <nil>
[2025-12-01T05:04:59Z] [[31merror[0m] [task_execution] Error executing task azure-gemm-512: task azure-gemm-512 failed after 7 retries: <nil>
[2025-12-01T05:04:59Z] [[31merror[0m] [task_execution] Error executing task azure-gemm-512: task azure-gemm-512 failed after 7 retries: <nil>
[2025-12-01T05:04:59Z] [[31merror[0m] [task_execution] Error executing task azure-gemm-512: task azure-gemm-512 failed after 7 retries: <nil>
[2025-12-01T05:04:59Z] [[31merror[0m] [task_execution] Error executing task azure-gemm-512: task azure-gemm-512 failed after 7 retries: <nil>
[2025-12-01T05:04:59Z] [[31merror[0m] [task_execution] Error executing task azure-gemm-512: task azure-gemm-512 failed after 7 retries: <nil>
[2025-12-01T05:04:59Z] [[31merror[0m] [task_execution] Error executing task azure-gemm-512: task azure-gemm-512 failed after 7 retries: <nil>
[2025-12-01T05:05:00Z] [[31merror[0m] [task_execution] Error executing task azure-gemm-512: task azure-gemm-512 failed after 7 retries: <nil>
[2025-12-01T05:05:00Z] [[31merror[0m] [task_execution] Error executing task azure-gemm-512: task azure-gemm-512 failed after 7 retries: <nil>
[2025-12-01T05:05:00Z] [[31merror[0m] [task_execution] Error executing task azure-gemm-512: task azure-gemm-512 failed after 7 retries: <nil>
[2025-12-01T05:05:00Z] [[31merror[0m] [task_execution] Error executing task azure-gemm-512: task azure-gemm-512 failed after 7 retries: <nil>
[2025-12-01T05:05:00Z] [[31merror[0m] [task_execution] Error executing task azure-gemm-512: task azure-gemm-512 failed after 7 retries: <nil>
[2025-12-01T05:05:00Z] [[31merror[0m] [task_execution] Error executing task azure-gemm-512: task azure-gemm-512 failed after 7 retries: <nil>
[2025-12-01T05:05:00Z] [[31merror[0m] [task_execution] Error executing task azure-gemm-512: task azure-gemm-512 failed after 7 retries: <nil>
[2025-12-01T05:05:00Z] [[31merror[0m] [task_execution] Error executing task azure-gemm-512: task azure-gemm-512 failed after 7 retries: <nil>
[2025-12-01T05:05:00Z] [[31merror[0m] [task_execution] Error executing task azure-gemm-512: task azure-gemm-512 failed after 7 retries: <nil>
[2025-12-01T05:05:00Z] [[31merror[0m] [task_execution] Error executing task azure-gemm-512: task azure-gemm-512 failed after 7 retries: <nil>
[2025-12-01T05:05:00Z] [[31merror[0m] [task_execution] Error executing task azure-gemm-512: task azure-gemm-512 failed after 7 retries: <nil>
[2025-12-01T05:05:00Z] [[31merror[0m] [task_execution] Error executing task azure-gemm-512: task azure-gemm-512 failed after 7 retries: <nil>
[2025-12-01T05:05:01Z] [[31merror[0m] [task_execution] Error executing task azure-gemm-512: task azure-gemm-512 failed after 7 retries: <nil>
[2025-12-01T05:05:01Z] [[31merror[0m] [task_execution] Error executing task azure-gemm-512: task azure-gemm-512 failed after 7 retries: <nil>
[2025-12-01T05:05:01Z] [[31merror[0m] [task_execution] Error executing task azure-gemm-512: task azure-gemm-512 failed after 7 retries: <nil>
[2025-12-01T05:05:01Z] [[31merror[0m] [task_execution] Error executing task azure-gemm-512: task azure-gemm-512 failed after 7 retries: <nil>
[2025-12-01T05:05:01Z] [[31merror[0m] [task_execution] Error executing task azure-gemm-512: task azure-gemm-512 failed after 7 retries: <nil>
[2025-12-01T05:05:01Z] [[31merror[0m] [task_execution] Error executing task azure-gemm-512: task azure-gemm-512 failed after 7 retries: <nil>
[2025-12-01T05:05:01Z] [[31merror[0m] [task_execution] Error executing task azure-gemm-512: task azure-gemm-512 failed after 7 retries: <nil>
[2025-12-01T05:05:01Z] [[31merror[0m] [task_execution] Error executing task azure-gemm-512: task azure-gemm-512 failed after 7 retries: <nil>
[2025-12-01T05:05:01Z] [[36minfo[0m] [progress_update] aws-us-east-1-aws-gemm-512-512-271: 2500/2500 tasks started.alibaba-us-east-1-alibaba-gemm-512-512-430: 2500/2500 tasks started.gcp-us-east1-gcp-gemm-512-512-420: 2500/2500 tasks started.azure-germanywestcentral-azure-gemm-512-512-605: 2500/2500 tasks started.
[2025-12-01T05:05:01Z] [[31merror[0m] [task_execution] Error executing task azure-gemm-512: task azure-gemm-512 failed after 7 retries: <nil>
[2025-12-01T05:05:02Z] [[31merror[0m] [task_execution] Error executing task azure-gemm-512: task azure-gemm-512 failed after 7 retries: <nil>
[2025-12-01T05:05:02Z] [[31merror[0m] [task_execution] Error executing task azure-gemm-512: task azure-gemm-512 failed after 7 retries: <nil>
[2025-12-01T05:05:02Z] [[31merror[0m] [task_execution] Error executing task azure-gemm-512: task azure-gemm-512 failed after 7 retries: <nil>
[2025-12-01T05:05:02Z] [[31merror[0m] [task_execution] Error executing task azure-gemm-512: task azure-gemm-512 failed after 7 retries: <nil>
[2025-12-01T05:05:02Z] [[31merror[0m] [task_execution] Error executing task azure-gemm-512: task azure-gemm-512 failed after 7 retries: <nil>
[2025-12-01T05:05:02Z] [[31merror[0m] [task_execution] Error executing task azure-gemm-512: task azure-gemm-512 failed after 7 retries: <nil>
[2025-12-01T05:05:02Z] [[31merror[0m] [task_execution] Error executing task azure-gemm-512: task azure-gemm-512 failed after 7 retries: <nil>
[2025-12-01T05:05:02Z] [[31merror[0m] [task_execution] Error executing task azure-gemm-512: task azure-gemm-512 failed after 7 retries: <nil>
[2025-12-01T05:05:02Z] [[31merror[0m] [task_execution] Error executing task azure-gemm-512: task azure-gemm-512 failed after 7 retries: <nil>
[2025-12-01T05:05:02Z] [[31merror[0m] [task_execution] Error executing task azure-gemm-512: task azure-gemm-512 failed after 7 retries: <nil>
[2025-12-01T05:05:02Z] [[31merror[0m] [task_execution] Error executing task azure-gemm-512: task azure-gemm-512 failed after 7 retries: <nil>
[2025-12-01T05:05:03Z] [[31merror[0m] [task_execution] Error executing task azure-gemm-512: task azure-gemm-512 failed after 7 retries: <nil>
[2025-12-01T05:05:03Z] [[31merror[0m] [task_execution] Error executing task azure-gemm-512: task azure-gemm-512 failed after 7 retries: <nil>
[2025-12-01T05:05:03Z] [[31merror[0m] [task_execution] Error executing task azure-gemm-512: task azure-gemm-512 failed after 7 retries: <nil>
[2025-12-01T05:05:03Z] [[31merror[0m] [task_execution] Error executing task azure-gemm-512: task azure-gemm-512 failed after 7 retries: <nil>
[2025-12-01T05:05:03Z] [[31merror[0m] [task_execution] Error executing task azure-gemm-512: task azure-gemm-512 failed after 7 retries: <nil>
[2025-12-01T05:05:03Z] [[31merror[0m] [task_execution] Error executing task azure-gemm-512: task azure-gemm-512 failed after 7 retries: <nil>
[2025-12-01T05:05:03Z] [[31merror[0m] [task_execution] Error executing task azure-gemm-512: task azure-gemm-512 failed after 7 retries: <nil>
[2025-12-01T05:05:03Z] [[31merror[0m] [task_execution] Error executing task azure-gemm-512: task azure-gemm-512 failed after 7 retries: <nil>
[2025-12-01T05:05:03Z] [[31merror[0m] [task_execution] Error executing task azure-gemm-512: task azure-gemm-512 failed after 7 retries: <nil>
[2025-12-01T05:05:03Z] [[31merror[0m] [task_execution] Error executing task azure-gemm-512: task azure-gemm-512 failed after 7 retries: <nil>
[2025-12-01T05:05:03Z] [[31merror[0m] [task_execution] Error executing task azure-gemm-512: task azure-gemm-512 failed after 7 retries: <nil>
[2025-12-01T05:05:03Z] [[31merror[0m] [task_execution] Error executing task azure-gemm-512: task azure-gemm-512 failed after 7 retries: <nil>
[2025-12-01T05:05:03Z] [[31merror[0m] [task_execution] Error executing task azure-gemm-512: task azure-gemm-512 failed after 7 retries: <nil>
[2025-12-01T05:05:03Z] [[31merror[0m] [task_execution] Error executing task azure-gemm-512: task azure-gemm-512 failed after 7 retries: <nil>
[2025-12-01T05:05:03Z] [[31merror[0m] [task_execution] Error executing task azure-gemm-512: task azure-gemm-512 failed after 7 retries: <nil>
[2025-12-01T05:05:03Z] [[31merror[0m] [task_execution] Error executing task azure-gemm-512: task azure-gemm-512 failed after 7 retries: <nil>
[2025-12-01T05:05:03Z] [[31merror[0m] [task_execution] Error executing task azure-gemm-512: task azure-gemm-512 failed after 7 retries: <nil>
[2025-12-01T05:05:04Z] [[31merror[0m] [task_execution] Error executing task azure-gemm-512: task azure-gemm-512 failed after 7 retries: <nil>
[2025-12-01T05:05:04Z] [[31merror[0m] [task_execution] Error executing task azure-gemm-512: task azure-gemm-512 failed after 7 retries: <nil>
[2025-12-01T05:05:04Z] [[31merror[0m] [task_execution] Error executing task azure-gemm-512: task azure-gemm-512 failed after 7 retries: <nil>
[2025-12-01T05:05:04Z] [[31merror[0m] [task_execution] Error executing task azure-gemm-512: task azure-gemm-512 failed after 7 retries: <nil>
[2025-12-01T05:05:04Z] [[31merror[0m] [task_execution] Error executing task azure-gemm-512: task azure-gemm-512 failed after 7 retries: <nil>
[2025-12-01T05:05:04Z] [[31merror[0m] [task_execution] Error executing task azure-gemm-512: task azure-gemm-512 failed after 7 retries: <nil>
[2025-12-01T05:05:05Z] [[31merror[0m] [task_execution] Error executing task azure-gemm-512: task azure-gemm-512 failed after 7 retries: <nil>
[2025-12-01T05:05:05Z] [[31merror[0m] [task_execution] Error executing task azure-gemm-512: task azure-gemm-512 failed after 7 retries: <nil>
[2025-12-01T05:05:05Z] [[31merror[0m] [task_execution] Error executing task azure-gemm-512: task azure-gemm-512 failed after 7 retries: <nil>
[2025-12-01T05:05:05Z] [[31merror[0m] [task_execution] Error executing task azure-gemm-512: task azure-gemm-512 failed after 7 retries: <nil>
[2025-12-01T05:05:06Z] [[31merror[0m] [task_execution] Error executing task azure-gemm-512: task azure-gemm-512 failed after 7 retries: <nil>
[2025-12-01T05:05:06Z] [[31merror[0m] [task_execution] Error executing task azure-gemm-512: task azure-gemm-512 failed after 7 retries: <nil>
[2025-12-01T05:05:06Z] [[31merror[0m] [task_execution] Error executing task azure-gemm-512: task azure-gemm-512 failed after 7 retries: <nil>
[2025-12-01T05:05:06Z] [[31merror[0m] [task_execution] Error executing task azure-gemm-512: task azure-gemm-512 failed after 7 retries: <nil>
[2025-12-01T05:05:06Z] [[31merror[0m] [task_execution] Error executing task azure-gemm-512: task azure-gemm-512 failed after 7 retries: <nil>
[2025-12-01T05:05:06Z] [[31merror[0m] [task_execution] Error executing task azure-gemm-512: task azure-gemm-512 failed after 7 retries: <nil>
[2025-12-01T05:05:06Z] [[31merror[0m] [task_execution] Error executing task azure-gemm-512: task azure-gemm-512 failed after 7 retries: <nil>
[2025-12-01T05:05:11Z] [[36minfo[0m] [progress_update] aws-us-east-1-aws-gemm-512-512-271: 2500/2500 tasks started.alibaba-us-east-1-alibaba-gemm-512-512-430: 2500/2500 tasks started.gcp-us-east1-gcp-gemm-512-512-420: 2500/2500 tasks started.azure-germanywestcentral-azure-gemm-512-512-605: 2500/2500 tasks started.
[2025-12-01T05:05:11Z] [[36minfo[0m] [function_finished] Finished benchmarking function azure-gemm-512 and closed archiver
[2025-12-01T05:05:13Z] [[36minfo[0m] [finish_timeline] Benchmark Timeline
[Mon Dec  1 05:05:13 UTC 2025] Finished benchmark 'gemm' successfully
[Mon Dec  1 05:05:13 UTC 2025] Sleeping 600 seconds before next workload...
