[Mon Dec  1 23:15:35 UTC 2025] Starting benchmark 'gzip' with config './configs/gzip.yaml'
Validating functions...
[2025-12-01T23:15:35Z] [[36minfo[0m] [executor_setup] Setting up executor for aws-us-east-1-aws-gzip-512-512-90
[2025-12-01T23:15:35Z] [[36minfo[0m] [executor_setup] Setting up executor for alibaba-us-east-1-alibaba-gzip-512-512-109
[2025-12-01T23:15:35Z] [[36minfo[0m] [executor_setup] Setting up executor for azure-germanywestcentral-azure-gzip-512-512-64
[2025-12-01T23:15:35Z] [[0mwarning[0m] [[32mazure_limitations[0m] Azure can´t handle more than 300 parallel requests. Limiting to 300.
[2025-12-01T23:15:35Z] [[36minfo[0m] [executor_setup] Setting up executor for gcp-us-east1-gcp-gzip-512-512-469
[2025-12-01T23:15:35Z] [[36minfo[0m] [start_timeline] Benchmark Timeline
[2025-12-01T23:15:35Z] [[36minfo[0m] [load_generator_start] (gcp: us-east1) Starting load generator with 300 workers
[2025-12-01T23:15:35Z] [[36minfo[0m] [load_generator_start] (aws: us-east-1) Starting load generator with 500 workers
[2025-12-01T23:15:35Z] [[36minfo[0m] [load_generator_start] (azure: germanywestcentral) Starting load generator with 300 workers
[2025-12-01T23:15:35Z] [[36minfo[0m] [load_generator_start] (alibaba: us-east-1) Starting load generator with 500 workers
[2025-12-01T23:15:45Z] [[36minfo[0m] [progress_update] aws-us-east-1-aws-gzip-512-512-90: 1962/2500 tasks started.alibaba-us-east-1-alibaba-gzip-512-512-109: 1803/2500 tasks started.azure-germanywestcentral-azure-gzip-512-512-64: 623/2500 tasks started.gcp-us-east1-gcp-gzip-512-512-469: 1188/2500 tasks started.
[2025-12-01T23:15:55Z] [[36minfo[0m] [progress_update] alibaba-us-east-1-alibaba-gzip-512-512-109: 2500/2500 tasks started.azure-germanywestcentral-azure-gzip-512-512-64: 623/2500 tasks started.gcp-us-east1-gcp-gzip-512-512-469: 2298/2500 tasks started.aws-us-east-1-aws-gzip-512-512-90: 2500/2500 tasks started.
[2025-12-01T23:16:00Z] [[36minfo[0m] [function_finished] Finished benchmarking function aws-gzip-512 and closed archiver
[2025-12-01T23:16:05Z] [[36minfo[0m] [progress_update] alibaba-us-east-1-alibaba-gzip-512-512-109: 2500/2500 tasks started.azure-germanywestcentral-azure-gzip-512-512-64: 1305/2500 tasks started.gcp-us-east1-gcp-gzip-512-512-469: 2500/2500 tasks started.aws-us-east-1-aws-gzip-512-512-90: 2500/2500 tasks started.
[2025-12-01T23:16:15Z] [[36minfo[0m] [progress_update] gcp-us-east1-gcp-gzip-512-512-469: 2500/2500 tasks started.aws-us-east-1-aws-gzip-512-512-90: 2500/2500 tasks started.alibaba-us-east-1-alibaba-gzip-512-512-109: 2500/2500 tasks started.azure-germanywestcentral-azure-gzip-512-512-64: 1836/2500 tasks started.
[2025-12-01T23:16:20Z] [[36minfo[0m] [function_finished] Finished benchmarking function alibaba-gzip-512 and closed archiver
[2025-12-01T23:16:24Z] [[36minfo[0m] [function_finished] Finished benchmarking function gcp-gzip-512 and closed archiver
[2025-12-01T23:16:25Z] [[36minfo[0m] [progress_update] azure-germanywestcentral-azure-gzip-512-512-64: 2286/2500 tasks started.gcp-us-east1-gcp-gzip-512-512-469: 2500/2500 tasks started.aws-us-east-1-aws-gzip-512-512-90: 2500/2500 tasks started.alibaba-us-east-1-alibaba-gzip-512-512-109: 2500/2500 tasks started.
[2025-12-01T23:16:35Z] [[36minfo[0m] [progress_update] alibaba-us-east-1-alibaba-gzip-512-512-109: 2500/2500 tasks started.azure-germanywestcentral-azure-gzip-512-512-64: 2294/2500 tasks started.gcp-us-east1-gcp-gzip-512-512-469: 2500/2500 tasks started.aws-us-east-1-aws-gzip-512-512-90: 2500/2500 tasks started.
[2025-12-01T23:16:45Z] [[36minfo[0m] [progress_update] gcp-us-east1-gcp-gzip-512-512-469: 2500/2500 tasks started.aws-us-east-1-aws-gzip-512-512-90: 2500/2500 tasks started.alibaba-us-east-1-alibaba-gzip-512-512-109: 2500/2500 tasks started.azure-germanywestcentral-azure-gzip-512-512-64: 2340/2500 tasks started.
[2025-12-01T23:16:55Z] [[36minfo[0m] [progress_update] aws-us-east-1-aws-gzip-512-512-90: 2500/2500 tasks started.alibaba-us-east-1-alibaba-gzip-512-512-109: 2500/2500 tasks started.azure-germanywestcentral-azure-gzip-512-512-64: 2431/2500 tasks started.gcp-us-east1-gcp-gzip-512-512-469: 2500/2500 tasks started.
[2025-12-01T23:17:05Z] [[36minfo[0m] [progress_update] gcp-us-east1-gcp-gzip-512-512-469: 2500/2500 tasks started.aws-us-east-1-aws-gzip-512-512-90: 2500/2500 tasks started.alibaba-us-east-1-alibaba-gzip-512-512-109: 2500/2500 tasks started.azure-germanywestcentral-azure-gzip-512-512-64: 2492/2500 tasks started.
[2025-12-01T23:17:15Z] [[36minfo[0m] [progress_update] azure-germanywestcentral-azure-gzip-512-512-64: 2500/2500 tasks started.gcp-us-east1-gcp-gzip-512-512-469: 2500/2500 tasks started.aws-us-east-1-aws-gzip-512-512-90: 2500/2500 tasks started.alibaba-us-east-1-alibaba-gzip-512-512-109: 2500/2500 tasks started.
[2025-12-01T23:17:25Z] [[36minfo[0m] [progress_update] aws-us-east-1-aws-gzip-512-512-90: 2500/2500 tasks started.alibaba-us-east-1-alibaba-gzip-512-512-109: 2500/2500 tasks started.azure-germanywestcentral-azure-gzip-512-512-64: 2500/2500 tasks started.gcp-us-east1-gcp-gzip-512-512-469: 2500/2500 tasks started.
[2025-12-01T23:17:35Z] [[36minfo[0m] [progress_update] azure-germanywestcentral-azure-gzip-512-512-64: 2500/2500 tasks started.gcp-us-east1-gcp-gzip-512-512-469: 2500/2500 tasks started.aws-us-east-1-aws-gzip-512-512-90: 2500/2500 tasks started.alibaba-us-east-1-alibaba-gzip-512-512-109: 2500/2500 tasks started.
[2025-12-01T23:17:45Z] [[36minfo[0m] [progress_update] alibaba-us-east-1-alibaba-gzip-512-512-109: 2500/2500 tasks started.azure-germanywestcentral-azure-gzip-512-512-64: 2500/2500 tasks started.gcp-us-east1-gcp-gzip-512-512-469: 2500/2500 tasks started.aws-us-east-1-aws-gzip-512-512-90: 2500/2500 tasks started.
[2025-12-01T23:17:55Z] [[36minfo[0m] [progress_update] aws-us-east-1-aws-gzip-512-512-90: 2500/2500 tasks started.alibaba-us-east-1-alibaba-gzip-512-512-109: 2500/2500 tasks started.azure-germanywestcentral-azure-gzip-512-512-64: 2500/2500 tasks started.gcp-us-east1-gcp-gzip-512-512-469: 2500/2500 tasks started.
[2025-12-01T23:18:05Z] [[36minfo[0m] [progress_update] aws-us-east-1-aws-gzip-512-512-90: 2500/2500 tasks started.alibaba-us-east-1-alibaba-gzip-512-512-109: 2500/2500 tasks started.azure-germanywestcentral-azure-gzip-512-512-64: 2500/2500 tasks started.gcp-us-east1-gcp-gzip-512-512-469: 2500/2500 tasks started.
[2025-12-01T23:18:15Z] [[36minfo[0m] [progress_update] gcp-us-east1-gcp-gzip-512-512-469: 2500/2500 tasks started.aws-us-east-1-aws-gzip-512-512-90: 2500/2500 tasks started.alibaba-us-east-1-alibaba-gzip-512-512-109: 2500/2500 tasks started.azure-germanywestcentral-azure-gzip-512-512-64: 2500/2500 tasks started.
[2025-12-01T23:18:25Z] [[36minfo[0m] [progress_update] aws-us-east-1-aws-gzip-512-512-90: 2500/2500 tasks started.alibaba-us-east-1-alibaba-gzip-512-512-109: 2500/2500 tasks started.azure-germanywestcentral-azure-gzip-512-512-64: 2500/2500 tasks started.gcp-us-east1-gcp-gzip-512-512-469: 2500/2500 tasks started.
[2025-12-01T23:18:35Z] [[36minfo[0m] [progress_update] aws-us-east-1-aws-gzip-512-512-90: 2500/2500 tasks started.alibaba-us-east-1-alibaba-gzip-512-512-109: 2500/2500 tasks started.azure-germanywestcentral-azure-gzip-512-512-64: 2500/2500 tasks started.gcp-us-east1-gcp-gzip-512-512-469: 2500/2500 tasks started.
[2025-12-01T23:18:45Z] [[36minfo[0m] [progress_update] aws-us-east-1-aws-gzip-512-512-90: 2500/2500 tasks started.alibaba-us-east-1-alibaba-gzip-512-512-109: 2500/2500 tasks started.azure-germanywestcentral-azure-gzip-512-512-64: 2500/2500 tasks started.gcp-us-east1-gcp-gzip-512-512-469: 2500/2500 tasks started.
[2025-12-01T23:18:55Z] [[36minfo[0m] [progress_update] aws-us-east-1-aws-gzip-512-512-90: 2500/2500 tasks started.alibaba-us-east-1-alibaba-gzip-512-512-109: 2500/2500 tasks started.azure-germanywestcentral-azure-gzip-512-512-64: 2500/2500 tasks started.gcp-us-east1-gcp-gzip-512-512-469: 2500/2500 tasks started.
[2025-12-01T23:19:05Z] [[36minfo[0m] [progress_update] aws-us-east-1-aws-gzip-512-512-90: 2500/2500 tasks started.alibaba-us-east-1-alibaba-gzip-512-512-109: 2500/2500 tasks started.azure-germanywestcentral-azure-gzip-512-512-64: 2500/2500 tasks started.gcp-us-east1-gcp-gzip-512-512-469: 2500/2500 tasks started.
[2025-12-01T23:19:15Z] [[36minfo[0m] [progress_update] aws-us-east-1-aws-gzip-512-512-90: 2500/2500 tasks started.alibaba-us-east-1-alibaba-gzip-512-512-109: 2500/2500 tasks started.azure-germanywestcentral-azure-gzip-512-512-64: 2500/2500 tasks started.gcp-us-east1-gcp-gzip-512-512-469: 2500/2500 tasks started.
[2025-12-01T23:19:25Z] [[36minfo[0m] [progress_update] aws-us-east-1-aws-gzip-512-512-90: 2500/2500 tasks started.alibaba-us-east-1-alibaba-gzip-512-512-109: 2500/2500 tasks started.azure-germanywestcentral-azure-gzip-512-512-64: 2500/2500 tasks started.gcp-us-east1-gcp-gzip-512-512-469: 2500/2500 tasks started.
[2025-12-01T23:19:35Z] [[36minfo[0m] [progress_update] gcp-us-east1-gcp-gzip-512-512-469: 2500/2500 tasks started.aws-us-east-1-aws-gzip-512-512-90: 2500/2500 tasks started.alibaba-us-east-1-alibaba-gzip-512-512-109: 2500/2500 tasks started.azure-germanywestcentral-azure-gzip-512-512-64: 2500/2500 tasks started.
[2025-12-01T23:19:45Z] [[36minfo[0m] [progress_update] gcp-us-east1-gcp-gzip-512-512-469: 2500/2500 tasks started.aws-us-east-1-aws-gzip-512-512-90: 2500/2500 tasks started.alibaba-us-east-1-alibaba-gzip-512-512-109: 2500/2500 tasks started.azure-germanywestcentral-azure-gzip-512-512-64: 2500/2500 tasks started.
[2025-12-01T23:19:55Z] [[36minfo[0m] [progress_update] aws-us-east-1-aws-gzip-512-512-90: 2500/2500 tasks started.alibaba-us-east-1-alibaba-gzip-512-512-109: 2500/2500 tasks started.azure-germanywestcentral-azure-gzip-512-512-64: 2500/2500 tasks started.gcp-us-east1-gcp-gzip-512-512-469: 2500/2500 tasks started.
[2025-12-01T23:20:05Z] [[36minfo[0m] [progress_update] alibaba-us-east-1-alibaba-gzip-512-512-109: 2500/2500 tasks started.azure-germanywestcentral-azure-gzip-512-512-64: 2500/2500 tasks started.gcp-us-east1-gcp-gzip-512-512-469: 2500/2500 tasks started.aws-us-east-1-aws-gzip-512-512-90: 2500/2500 tasks started.
[2025-12-01T23:20:15Z] [[36minfo[0m] [progress_update] gcp-us-east1-gcp-gzip-512-512-469: 2500/2500 tasks started.aws-us-east-1-aws-gzip-512-512-90: 2500/2500 tasks started.alibaba-us-east-1-alibaba-gzip-512-512-109: 2500/2500 tasks started.azure-germanywestcentral-azure-gzip-512-512-64: 2500/2500 tasks started.
[2025-12-01T23:20:25Z] [[36minfo[0m] [progress_update] aws-us-east-1-aws-gzip-512-512-90: 2500/2500 tasks started.alibaba-us-east-1-alibaba-gzip-512-512-109: 2500/2500 tasks started.azure-germanywestcentral-azure-gzip-512-512-64: 2500/2500 tasks started.gcp-us-east1-gcp-gzip-512-512-469: 2500/2500 tasks started.
[2025-12-01T23:20:33Z] [[31merror[0m] [task_execution] Error executing task azure-gzip-512: task azure-gzip-512 failed after 7 retries: <nil>
[2025-12-01T23:20:34Z] [[31merror[0m] [task_execution] Error executing task azure-gzip-512: task azure-gzip-512 failed after 7 retries: <nil>
[2025-12-01T23:20:35Z] [[31merror[0m] [task_execution] Error executing task azure-gzip-512: task azure-gzip-512 failed after 7 retries: <nil>
[2025-12-01T23:20:35Z] [[31merror[0m] [task_execution] Error executing task azure-gzip-512: task azure-gzip-512 failed after 7 retries: <nil>
[2025-12-01T23:20:35Z] [[31merror[0m] [task_execution] Error executing task azure-gzip-512: task azure-gzip-512 failed after 7 retries: <nil>
[2025-12-01T23:20:35Z] [[31merror[0m] [task_execution] Error executing task azure-gzip-512: task azure-gzip-512 failed after 7 retries: <nil>
[2025-12-01T23:20:35Z] [[31merror[0m] [task_execution] Error executing task azure-gzip-512: task azure-gzip-512 failed after 7 retries: <nil>
[2025-12-01T23:20:35Z] [[31merror[0m] [task_execution] Error executing task azure-gzip-512: task azure-gzip-512 failed after 7 retries: <nil>
[2025-12-01T23:20:35Z] [[31merror[0m] [task_execution] Error executing task azure-gzip-512: task azure-gzip-512 failed after 7 retries: <nil>
[2025-12-01T23:20:35Z] [[31merror[0m] [task_execution] Error executing task azure-gzip-512: task azure-gzip-512 failed after 7 retries: <nil>
[2025-12-01T23:20:35Z] [[31merror[0m] [task_execution] Error executing task azure-gzip-512: task azure-gzip-512 failed after 7 retries: <nil>
[2025-12-01T23:20:35Z] [[31merror[0m] [task_execution] Error executing task azure-gzip-512: task azure-gzip-512 failed after 7 retries: <nil>
[2025-12-01T23:20:35Z] [[31merror[0m] [task_execution] Error executing task azure-gzip-512: task azure-gzip-512 failed after 7 retries: <nil>
[2025-12-01T23:20:35Z] [[31merror[0m] [task_execution] Error executing task azure-gzip-512: task azure-gzip-512 failed after 7 retries: <nil>
[2025-12-01T23:20:35Z] [[31merror[0m] [task_execution] Error executing task azure-gzip-512: task azure-gzip-512 failed after 7 retries: <nil>
[2025-12-01T23:20:35Z] [[31merror[0m] [task_execution] Error executing task azure-gzip-512: task azure-gzip-512 failed after 7 retries: <nil>
[2025-12-01T23:20:35Z] [[31merror[0m] [task_execution] Error executing task azure-gzip-512: task azure-gzip-512 failed after 7 retries: <nil>
[2025-12-01T23:20:35Z] [[31merror[0m] [task_execution] Error executing task azure-gzip-512: task azure-gzip-512 failed after 7 retries: <nil>
[2025-12-01T23:20:35Z] [[31merror[0m] [task_execution] Error executing task azure-gzip-512: task azure-gzip-512 failed after 7 retries: <nil>
[2025-12-01T23:20:35Z] [[31merror[0m] [task_execution] Error executing task azure-gzip-512: task azure-gzip-512 failed after 7 retries: <nil>
[2025-12-01T23:20:35Z] [[31merror[0m] [task_execution] Error executing task azure-gzip-512: task azure-gzip-512 failed after 7 retries: <nil>
[2025-12-01T23:20:35Z] [[31merror[0m] [task_execution] Error executing task azure-gzip-512: task azure-gzip-512 failed after 7 retries: <nil>
[2025-12-01T23:20:35Z] [[31merror[0m] [task_execution] Error executing task azure-gzip-512: task azure-gzip-512 failed after 7 retries: <nil>
[2025-12-01T23:20:35Z] [[31merror[0m] [task_execution] Error executing task azure-gzip-512: task azure-gzip-512 failed after 7 retries: <nil>
[2025-12-01T23:20:35Z] [[31merror[0m] [task_execution] Error executing task azure-gzip-512: task azure-gzip-512 failed after 7 retries: <nil>
[2025-12-01T23:20:35Z] [[31merror[0m] [task_execution] Error executing task azure-gzip-512: task azure-gzip-512 failed after 7 retries: <nil>
[2025-12-01T23:20:35Z] [[31merror[0m] [task_execution] Error executing task azure-gzip-512: task azure-gzip-512 failed after 7 retries: <nil>
[2025-12-01T23:20:35Z] [[36minfo[0m] [progress_update] azure-germanywestcentral-azure-gzip-512-512-64: 2500/2500 tasks started.gcp-us-east1-gcp-gzip-512-512-469: 2500/2500 tasks started.aws-us-east-1-aws-gzip-512-512-90: 2500/2500 tasks started.alibaba-us-east-1-alibaba-gzip-512-512-109: 2500/2500 tasks started.
[2025-12-01T23:20:36Z] [[31merror[0m] [task_execution] Error executing task azure-gzip-512: task azure-gzip-512 failed after 7 retries: <nil>
[2025-12-01T23:20:36Z] [[31merror[0m] [task_execution] Error executing task azure-gzip-512: task azure-gzip-512 failed after 7 retries: <nil>
[2025-12-01T23:20:36Z] [[31merror[0m] [task_execution] Error executing task azure-gzip-512: task azure-gzip-512 failed after 7 retries: <nil>
[2025-12-01T23:20:36Z] [[31merror[0m] [task_execution] Error executing task azure-gzip-512: task azure-gzip-512 failed after 7 retries: <nil>
[2025-12-01T23:20:36Z] [[31merror[0m] [task_execution] Error executing task azure-gzip-512: task azure-gzip-512 failed after 7 retries: <nil>
[2025-12-01T23:20:36Z] [[31merror[0m] [task_execution] Error executing task azure-gzip-512: task azure-gzip-512 failed after 7 retries: <nil>
[2025-12-01T23:20:36Z] [[31merror[0m] [task_execution] Error executing task azure-gzip-512: task azure-gzip-512 failed after 7 retries: <nil>
[2025-12-01T23:20:36Z] [[31merror[0m] [task_execution] Error executing task azure-gzip-512: task azure-gzip-512 failed after 7 retries: <nil>
[2025-12-01T23:20:41Z] [[36minfo[0m] [function_finished] Finished benchmarking function azure-gzip-512 and closed archiver
[2025-12-01T23:20:43Z] [[36minfo[0m] [finish_timeline] Benchmark Timeline
[Mon Dec  1 23:20:43 UTC 2025] Finished benchmark 'gzip' successfully
[Mon Dec  1 23:20:43 UTC 2025] Sleeping 600 seconds before next workload...
