[Sat Dec  6 17:31:07 UTC 2025] Starting benchmark 'sha256' with config './configs/sha256.yaml'
Validating functions...
[2025-12-06T17:31:07Z] [[36minfo[0m] [executor_setup] Setting up executor for aws-us-east-1-aws-sha256-512-512-883
[2025-12-06T17:31:07Z] [[36minfo[0m] [executor_setup] Setting up executor for alibaba-us-east-1-alibaba-sha256-512-512-285
[2025-12-06T17:31:07Z] [[36minfo[0m] [executor_setup] Setting up executor for azure-germanywestcentral-azure-sha256-512-512-219
[2025-12-06T17:31:07Z] [[0mwarning[0m] [[32mazure_limitations[0m] Azure can´t handle more than 300 parallel requests. Limiting to 300.
[2025-12-06T17:31:07Z] [[36minfo[0m] [executor_setup] Setting up executor for gcp-us-east1-gcp-sha256-512-512-600
[2025-12-06T17:31:07Z] [[36minfo[0m] [start_timeline] Benchmark Timeline
[2025-12-06T17:31:07Z] [[36minfo[0m] [load_generator_start] (gcp: us-east1) Starting load generator with 300 workers
[2025-12-06T17:31:07Z] [[36minfo[0m] [load_generator_start] (aws: us-east-1) Starting load generator with 500 workers
[2025-12-06T17:31:07Z] [[36minfo[0m] [load_generator_start] (alibaba: us-east-1) Starting load generator with 500 workers
[2025-12-06T17:31:07Z] [[36minfo[0m] [load_generator_start] (azure: germanywestcentral) Starting load generator with 300 workers
[2025-12-06T17:31:17Z] [[36minfo[0m] [progress_update] aws-us-east-1-aws-sha256-512-512-883: 1708/2500 tasks started.alibaba-us-east-1-alibaba-sha256-512-512-285: 1542/2500 tasks started.azure-germanywestcentral-azure-sha256-512-512-219: 604/2500 tasks started.gcp-us-east1-gcp-sha256-512-512-600: 1491/2500 tasks started.
[2025-12-06T17:31:27Z] [[36minfo[0m] [progress_update] gcp-us-east1-gcp-sha256-512-512-600: 2500/2500 tasks started.aws-us-east-1-aws-sha256-512-512-883: 2500/2500 tasks started.alibaba-us-east-1-alibaba-sha256-512-512-285: 2500/2500 tasks started.azure-germanywestcentral-azure-sha256-512-512-219: 798/2500 tasks started.
[2025-12-06T17:31:33Z] [[36minfo[0m] [function_finished] Finished benchmarking function aws-sha256-512 and closed archiver
[2025-12-06T17:31:37Z] [[36minfo[0m] [progress_update] alibaba-us-east-1-alibaba-sha256-512-512-285: 2500/2500 tasks started.azure-germanywestcentral-azure-sha256-512-512-219: 1519/2500 tasks started.gcp-us-east1-gcp-sha256-512-512-600: 2500/2500 tasks started.aws-us-east-1-aws-sha256-512-512-883: 2500/2500 tasks started.
[2025-12-06T17:31:41Z] [[36minfo[0m] [function_finished] Finished benchmarking function gcp-sha256-512 and closed archiver
[2025-12-06T17:31:47Z] [[36minfo[0m] [progress_update] aws-us-east-1-aws-sha256-512-512-883: 2500/2500 tasks started.alibaba-us-east-1-alibaba-sha256-512-512-285: 2500/2500 tasks started.azure-germanywestcentral-azure-sha256-512-512-219: 1952/2500 tasks started.gcp-us-east1-gcp-sha256-512-512-600: 2500/2500 tasks started.
[2025-12-06T17:31:57Z] [[36minfo[0m] [progress_update] azure-germanywestcentral-azure-sha256-512-512-219: 1998/2500 tasks started.gcp-us-east1-gcp-sha256-512-512-600: 2500/2500 tasks started.aws-us-east-1-aws-sha256-512-512-883: 2500/2500 tasks started.alibaba-us-east-1-alibaba-sha256-512-512-285: 2500/2500 tasks started.
[2025-12-06T17:32:07Z] [[36minfo[0m] [progress_update] gcp-us-east1-gcp-sha256-512-512-600: 2500/2500 tasks started.aws-us-east-1-aws-sha256-512-512-883: 2500/2500 tasks started.alibaba-us-east-1-alibaba-sha256-512-512-285: 2500/2500 tasks started.azure-germanywestcentral-azure-sha256-512-512-219: 2003/2500 tasks started.
[2025-12-06T17:32:17Z] [[36minfo[0m] [progress_update] aws-us-east-1-aws-sha256-512-512-883: 2500/2500 tasks started.alibaba-us-east-1-alibaba-sha256-512-512-285: 2500/2500 tasks started.azure-germanywestcentral-azure-sha256-512-512-219: 2048/2500 tasks started.gcp-us-east1-gcp-sha256-512-512-600: 2500/2500 tasks started.
[2025-12-06T17:32:27Z] [[36minfo[0m] [progress_update] aws-us-east-1-aws-sha256-512-512-883: 2500/2500 tasks started.alibaba-us-east-1-alibaba-sha256-512-512-285: 2500/2500 tasks started.azure-germanywestcentral-azure-sha256-512-512-219: 2069/2500 tasks started.gcp-us-east1-gcp-sha256-512-512-600: 2500/2500 tasks started.
[2025-12-06T17:32:37Z] [[36minfo[0m] [progress_update] alibaba-us-east-1-alibaba-sha256-512-512-285: 2500/2500 tasks started.azure-germanywestcentral-azure-sha256-512-512-219: 2158/2500 tasks started.gcp-us-east1-gcp-sha256-512-512-600: 2500/2500 tasks started.aws-us-east-1-aws-sha256-512-512-883: 2500/2500 tasks started.
[2025-12-06T17:32:47Z] [[36minfo[0m] [progress_update] gcp-us-east1-gcp-sha256-512-512-600: 2500/2500 tasks started.aws-us-east-1-aws-sha256-512-512-883: 2500/2500 tasks started.alibaba-us-east-1-alibaba-sha256-512-512-285: 2500/2500 tasks started.azure-germanywestcentral-azure-sha256-512-512-219: 2231/2500 tasks started.
[2025-12-06T17:32:57Z] [[36minfo[0m] [progress_update] gcp-us-east1-gcp-sha256-512-512-600: 2500/2500 tasks started.aws-us-east-1-aws-sha256-512-512-883: 2500/2500 tasks started.alibaba-us-east-1-alibaba-sha256-512-512-285: 2500/2500 tasks started.azure-germanywestcentral-azure-sha256-512-512-219: 2500/2500 tasks started.
[2025-12-06T17:33:07Z] [[36minfo[0m] [progress_update] aws-us-east-1-aws-sha256-512-512-883: 2500/2500 tasks started.alibaba-us-east-1-alibaba-sha256-512-512-285: 2500/2500 tasks started.azure-germanywestcentral-azure-sha256-512-512-219: 2500/2500 tasks started.gcp-us-east1-gcp-sha256-512-512-600: 2500/2500 tasks started.
[2025-12-06T17:33:17Z] [[36minfo[0m] [progress_update] aws-us-east-1-aws-sha256-512-512-883: 2500/2500 tasks started.alibaba-us-east-1-alibaba-sha256-512-512-285: 2500/2500 tasks started.azure-germanywestcentral-azure-sha256-512-512-219: 2500/2500 tasks started.gcp-us-east1-gcp-sha256-512-512-600: 2500/2500 tasks started.
[2025-12-06T17:33:27Z] [[36minfo[0m] [progress_update] alibaba-us-east-1-alibaba-sha256-512-512-285: 2500/2500 tasks started.azure-germanywestcentral-azure-sha256-512-512-219: 2500/2500 tasks started.gcp-us-east1-gcp-sha256-512-512-600: 2500/2500 tasks started.aws-us-east-1-aws-sha256-512-512-883: 2500/2500 tasks started.
[2025-12-06T17:33:37Z] [[36minfo[0m] [progress_update] aws-us-east-1-aws-sha256-512-512-883: 2500/2500 tasks started.alibaba-us-east-1-alibaba-sha256-512-512-285: 2500/2500 tasks started.azure-germanywestcentral-azure-sha256-512-512-219: 2500/2500 tasks started.gcp-us-east1-gcp-sha256-512-512-600: 2500/2500 tasks started.
[2025-12-06T17:33:47Z] [[36minfo[0m] [progress_update] aws-us-east-1-aws-sha256-512-512-883: 2500/2500 tasks started.alibaba-us-east-1-alibaba-sha256-512-512-285: 2500/2500 tasks started.azure-germanywestcentral-azure-sha256-512-512-219: 2500/2500 tasks started.gcp-us-east1-gcp-sha256-512-512-600: 2500/2500 tasks started.
[2025-12-06T17:33:57Z] [[36minfo[0m] [progress_update] aws-us-east-1-aws-sha256-512-512-883: 2500/2500 tasks started.alibaba-us-east-1-alibaba-sha256-512-512-285: 2500/2500 tasks started.azure-germanywestcentral-azure-sha256-512-512-219: 2500/2500 tasks started.gcp-us-east1-gcp-sha256-512-512-600: 2500/2500 tasks started.
[2025-12-06T17:34:07Z] [[36minfo[0m] [progress_update] aws-us-east-1-aws-sha256-512-512-883: 2500/2500 tasks started.alibaba-us-east-1-alibaba-sha256-512-512-285: 2500/2500 tasks started.azure-germanywestcentral-azure-sha256-512-512-219: 2500/2500 tasks started.gcp-us-east1-gcp-sha256-512-512-600: 2500/2500 tasks started.
[2025-12-06T17:34:17Z] [[36minfo[0m] [progress_update] aws-us-east-1-aws-sha256-512-512-883: 2500/2500 tasks started.alibaba-us-east-1-alibaba-sha256-512-512-285: 2500/2500 tasks started.azure-germanywestcentral-azure-sha256-512-512-219: 2500/2500 tasks started.gcp-us-east1-gcp-sha256-512-512-600: 2500/2500 tasks started.
[2025-12-06T17:34:27Z] [[36minfo[0m] [progress_update] aws-us-east-1-aws-sha256-512-512-883: 2500/2500 tasks started.alibaba-us-east-1-alibaba-sha256-512-512-285: 2500/2500 tasks started.azure-germanywestcentral-azure-sha256-512-512-219: 2500/2500 tasks started.gcp-us-east1-gcp-sha256-512-512-600: 2500/2500 tasks started.
[2025-12-06T17:34:37Z] [[36minfo[0m] [progress_update] aws-us-east-1-aws-sha256-512-512-883: 2500/2500 tasks started.alibaba-us-east-1-alibaba-sha256-512-512-285: 2500/2500 tasks started.azure-germanywestcentral-azure-sha256-512-512-219: 2500/2500 tasks started.gcp-us-east1-gcp-sha256-512-512-600: 2500/2500 tasks started.
[2025-12-06T17:34:47Z] [[36minfo[0m] [progress_update] azure-germanywestcentral-azure-sha256-512-512-219: 2500/2500 tasks started.gcp-us-east1-gcp-sha256-512-512-600: 2500/2500 tasks started.aws-us-east-1-aws-sha256-512-512-883: 2500/2500 tasks started.alibaba-us-east-1-alibaba-sha256-512-512-285: 2500/2500 tasks started.
[2025-12-06T17:34:57Z] [[36minfo[0m] [progress_update] aws-us-east-1-aws-sha256-512-512-883: 2500/2500 tasks started.alibaba-us-east-1-alibaba-sha256-512-512-285: 2500/2500 tasks started.azure-germanywestcentral-azure-sha256-512-512-219: 2500/2500 tasks started.gcp-us-east1-gcp-sha256-512-512-600: 2500/2500 tasks started.
[2025-12-06T17:35:07Z] [[36minfo[0m] [progress_update] aws-us-east-1-aws-sha256-512-512-883: 2500/2500 tasks started.alibaba-us-east-1-alibaba-sha256-512-512-285: 2500/2500 tasks started.azure-germanywestcentral-azure-sha256-512-512-219: 2500/2500 tasks started.gcp-us-east1-gcp-sha256-512-512-600: 2500/2500 tasks started.
[2025-12-06T17:35:17Z] [[36minfo[0m] [progress_update] aws-us-east-1-aws-sha256-512-512-883: 2500/2500 tasks started.alibaba-us-east-1-alibaba-sha256-512-512-285: 2500/2500 tasks started.azure-germanywestcentral-azure-sha256-512-512-219: 2500/2500 tasks started.gcp-us-east1-gcp-sha256-512-512-600: 2500/2500 tasks started.
[2025-12-06T17:35:26Z] [[31merror[0m] [task_execution] Error executing task azure-sha256-512: task azure-sha256-512 failed after 7 retries: <nil>
[2025-12-06T17:35:27Z] [[31merror[0m] [task_execution] Error executing task azure-sha256-512: task azure-sha256-512 failed after 7 retries: <nil>
[2025-12-06T17:35:27Z] [[36minfo[0m] [progress_update] gcp-us-east1-gcp-sha256-512-512-600: 2500/2500 tasks started.aws-us-east-1-aws-sha256-512-512-883: 2500/2500 tasks started.alibaba-us-east-1-alibaba-sha256-512-512-285: 2500/2500 tasks started.azure-germanywestcentral-azure-sha256-512-512-219: 2500/2500 tasks started.
[2025-12-06T17:35:27Z] [[31merror[0m] [task_execution] Error executing task azure-sha256-512: task azure-sha256-512 failed after 7 retries: <nil>
[2025-12-06T17:35:27Z] [[31merror[0m] [task_execution] Error executing task azure-sha256-512: task azure-sha256-512 failed after 7 retries: <nil>
[2025-12-06T17:35:29Z] [[31merror[0m] [task_execution] Error executing task azure-sha256-512: task azure-sha256-512 failed after 7 retries: <nil>
[2025-12-06T17:35:29Z] [[31merror[0m] [task_execution] Error executing task azure-sha256-512: task azure-sha256-512 failed after 7 retries: <nil>
[2025-12-06T17:35:29Z] [[31merror[0m] [task_execution] Error executing task azure-sha256-512: task azure-sha256-512 failed after 7 retries: <nil>
[2025-12-06T17:35:29Z] [[31merror[0m] [task_execution] Error executing task azure-sha256-512: task azure-sha256-512 failed after 7 retries: <nil>
[2025-12-06T17:35:29Z] [[31merror[0m] [task_execution] Error executing task azure-sha256-512: task azure-sha256-512 failed after 7 retries: <nil>
[2025-12-06T17:35:29Z] [[31merror[0m] [task_execution] Error executing task azure-sha256-512: task azure-sha256-512 failed after 7 retries: <nil>
[2025-12-06T17:35:29Z] [[31merror[0m] [task_execution] Error executing task azure-sha256-512: task azure-sha256-512 failed after 7 retries: <nil>
[2025-12-06T17:35:29Z] [[31merror[0m] [task_execution] Error executing task azure-sha256-512: task azure-sha256-512 failed after 7 retries: <nil>
[2025-12-06T17:35:29Z] [[31merror[0m] [task_execution] Error executing task azure-sha256-512: task azure-sha256-512 failed after 7 retries: <nil>
[2025-12-06T17:35:29Z] [[31merror[0m] [task_execution] Error executing task azure-sha256-512: task azure-sha256-512 failed after 7 retries: <nil>
[2025-12-06T17:35:29Z] [[31merror[0m] [task_execution] Error executing task azure-sha256-512: task azure-sha256-512 failed after 7 retries: <nil>
[2025-12-06T17:35:29Z] [[31merror[0m] [task_execution] Error executing task azure-sha256-512: task azure-sha256-512 failed after 7 retries: <nil>
[2025-12-06T17:35:29Z] [[31merror[0m] [task_execution] Error executing task azure-sha256-512: task azure-sha256-512 failed after 7 retries: <nil>
[2025-12-06T17:35:29Z] [[31merror[0m] [task_execution] Error executing task azure-sha256-512: task azure-sha256-512 failed after 7 retries: <nil>
[2025-12-06T17:35:30Z] [[31merror[0m] [task_execution] Error executing task alibaba-sha256-512: task alibaba-sha256-512 failed after 7 retries: <nil>
[2025-12-06T17:35:35Z] [[36minfo[0m] [function_finished] Finished benchmarking function alibaba-sha256-512 and closed archiver
[2025-12-06T17:35:37Z] [[36minfo[0m] [progress_update] aws-us-east-1-aws-sha256-512-512-883: 2500/2500 tasks started.alibaba-us-east-1-alibaba-sha256-512-512-285: 2500/2500 tasks started.azure-germanywestcentral-azure-sha256-512-512-219: 2500/2500 tasks started.gcp-us-east1-gcp-sha256-512-512-600: 2500/2500 tasks started.
[2025-12-06T17:35:42Z] [[31merror[0m] [task_execution] Error executing task azure-sha256-512: task azure-sha256-512 failed after 7 retries: <nil>
[2025-12-06T17:35:42Z] [[31merror[0m] [task_execution] Error executing task azure-sha256-512: task azure-sha256-512 failed after 7 retries: <nil>
[2025-12-06T17:35:42Z] [[31merror[0m] [task_execution] Error executing task azure-sha256-512: task azure-sha256-512 failed after 7 retries: <nil>
[2025-12-06T17:35:42Z] [[31merror[0m] [task_execution] Error executing task azure-sha256-512: task azure-sha256-512 failed after 7 retries: <nil>
[2025-12-06T17:35:42Z] [[31merror[0m] [task_execution] Error executing task azure-sha256-512: task azure-sha256-512 failed after 7 retries: <nil>
[2025-12-06T17:35:42Z] [[31merror[0m] [task_execution] Error executing task azure-sha256-512: task azure-sha256-512 failed after 7 retries: <nil>
[2025-12-06T17:35:42Z] [[31merror[0m] [task_execution] Error executing task azure-sha256-512: task azure-sha256-512 failed after 7 retries: <nil>
[2025-12-06T17:35:42Z] [[31merror[0m] [task_execution] Error executing task azure-sha256-512: task azure-sha256-512 failed after 7 retries: <nil>
[2025-12-06T17:35:42Z] [[31merror[0m] [task_execution] Error executing task azure-sha256-512: task azure-sha256-512 failed after 7 retries: <nil>
[2025-12-06T17:35:42Z] [[31merror[0m] [task_execution] Error executing task azure-sha256-512: task azure-sha256-512 failed after 7 retries: <nil>
[2025-12-06T17:35:42Z] [[31merror[0m] [task_execution] Error executing task azure-sha256-512: task azure-sha256-512 failed after 7 retries: <nil>
[2025-12-06T17:35:42Z] [[31merror[0m] [task_execution] Error executing task azure-sha256-512: task azure-sha256-512 failed after 7 retries: <nil>
[2025-12-06T17:35:42Z] [[31merror[0m] [task_execution] Error executing task azure-sha256-512: task azure-sha256-512 failed after 7 retries: <nil>
[2025-12-06T17:35:42Z] [[31merror[0m] [task_execution] Error executing task azure-sha256-512: task azure-sha256-512 failed after 7 retries: <nil>
[2025-12-06T17:35:42Z] [[31merror[0m] [task_execution] Error executing task azure-sha256-512: task azure-sha256-512 failed after 7 retries: <nil>
[2025-12-06T17:35:42Z] [[31merror[0m] [task_execution] Error executing task azure-sha256-512: task azure-sha256-512 failed after 7 retries: <nil>
[2025-12-06T17:35:42Z] [[31merror[0m] [task_execution] Error executing task azure-sha256-512: task azure-sha256-512 failed after 7 retries: <nil>
[2025-12-06T17:35:42Z] [[31merror[0m] [task_execution] Error executing task azure-sha256-512: task azure-sha256-512 failed after 7 retries: <nil>
[2025-12-06T17:35:43Z] [[31merror[0m] [task_execution] Error executing task azure-sha256-512: task azure-sha256-512 failed after 7 retries: <nil>
[2025-12-06T17:35:43Z] [[31merror[0m] [task_execution] Error executing task azure-sha256-512: task azure-sha256-512 failed after 7 retries: <nil>
[2025-12-06T17:35:43Z] [[31merror[0m] [task_execution] Error executing task azure-sha256-512: task azure-sha256-512 failed after 7 retries: <nil>
[2025-12-06T17:35:43Z] [[31merror[0m] [task_execution] Error executing task azure-sha256-512: task azure-sha256-512 failed after 7 retries: <nil>
[2025-12-06T17:35:43Z] [[31merror[0m] [task_execution] Error executing task azure-sha256-512: task azure-sha256-512 failed after 7 retries: <nil>
[2025-12-06T17:35:43Z] [[31merror[0m] [task_execution] Error executing task azure-sha256-512: task azure-sha256-512 failed after 7 retries: <nil>
[2025-12-06T17:35:43Z] [[31merror[0m] [task_execution] Error executing task azure-sha256-512: task azure-sha256-512 failed after 7 retries: <nil>
[2025-12-06T17:35:43Z] [[31merror[0m] [task_execution] Error executing task azure-sha256-512: task azure-sha256-512 failed after 7 retries: <nil>
[2025-12-06T17:35:43Z] [[31merror[0m] [task_execution] Error executing task azure-sha256-512: task azure-sha256-512 failed after 7 retries: <nil>
[2025-12-06T17:35:43Z] [[31merror[0m] [task_execution] Error executing task azure-sha256-512: task azure-sha256-512 failed after 7 retries: <nil>
[2025-12-06T17:35:43Z] [[31merror[0m] [task_execution] Error executing task azure-sha256-512: task azure-sha256-512 failed after 7 retries: <nil>
[2025-12-06T17:35:43Z] [[31merror[0m] [task_execution] Error executing task azure-sha256-512: task azure-sha256-512 failed after 7 retries: <nil>
[2025-12-06T17:35:43Z] [[31merror[0m] [task_execution] Error executing task azure-sha256-512: task azure-sha256-512 failed after 7 retries: <nil>
[2025-12-06T17:35:43Z] [[31merror[0m] [task_execution] Error executing task azure-sha256-512: task azure-sha256-512 failed after 7 retries: <nil>
[2025-12-06T17:35:43Z] [[31merror[0m] [task_execution] Error executing task azure-sha256-512: task azure-sha256-512 failed after 7 retries: <nil>
[2025-12-06T17:35:43Z] [[31merror[0m] [task_execution] Error executing task azure-sha256-512: task azure-sha256-512 failed after 7 retries: <nil>
[2025-12-06T17:35:43Z] [[31merror[0m] [task_execution] Error executing task azure-sha256-512: task azure-sha256-512 failed after 7 retries: <nil>
[2025-12-06T17:35:43Z] [[31merror[0m] [task_execution] Error executing task azure-sha256-512: task azure-sha256-512 failed after 7 retries: <nil>
[2025-12-06T17:35:43Z] [[31merror[0m] [task_execution] Error executing task azure-sha256-512: task azure-sha256-512 failed after 7 retries: <nil>
[2025-12-06T17:35:43Z] [[31merror[0m] [task_execution] Error executing task azure-sha256-512: task azure-sha256-512 failed after 7 retries: <nil>
[2025-12-06T17:35:43Z] [[31merror[0m] [task_execution] Error executing task azure-sha256-512: task azure-sha256-512 failed after 7 retries: <nil>
[2025-12-06T17:35:43Z] [[31merror[0m] [task_execution] Error executing task azure-sha256-512: task azure-sha256-512 failed after 7 retries: <nil>
[2025-12-06T17:35:43Z] [[31merror[0m] [task_execution] Error executing task azure-sha256-512: task azure-sha256-512 failed after 7 retries: <nil>
[2025-12-06T17:35:43Z] [[31merror[0m] [task_execution] Error executing task azure-sha256-512: task azure-sha256-512 failed after 7 retries: <nil>
[2025-12-06T17:35:43Z] [[31merror[0m] [task_execution] Error executing task azure-sha256-512: task azure-sha256-512 failed after 7 retries: <nil>
[2025-12-06T17:35:43Z] [[31merror[0m] [task_execution] Error executing task azure-sha256-512: task azure-sha256-512 failed after 7 retries: <nil>
[2025-12-06T17:35:43Z] [[31merror[0m] [task_execution] Error executing task azure-sha256-512: task azure-sha256-512 failed after 7 retries: <nil>
[2025-12-06T17:35:43Z] [[31merror[0m] [task_execution] Error executing task azure-sha256-512: task azure-sha256-512 failed after 7 retries: <nil>
[2025-12-06T17:35:44Z] [[31merror[0m] [task_execution] Error executing task azure-sha256-512: task azure-sha256-512 failed after 7 retries: <nil>
[2025-12-06T17:35:44Z] [[31merror[0m] [task_execution] Error executing task azure-sha256-512: task azure-sha256-512 failed after 7 retries: <nil>
[2025-12-06T17:35:44Z] [[31merror[0m] [task_execution] Error executing task azure-sha256-512: task azure-sha256-512 failed after 7 retries: <nil>
[2025-12-06T17:35:44Z] [[31merror[0m] [task_execution] Error executing task azure-sha256-512: task azure-sha256-512 failed after 7 retries: <nil>
[2025-12-06T17:35:44Z] [[31merror[0m] [task_execution] Error executing task azure-sha256-512: task azure-sha256-512 failed after 7 retries: <nil>
[2025-12-06T17:35:47Z] [[36minfo[0m] [progress_update] aws-us-east-1-aws-sha256-512-512-883: 2500/2500 tasks started.alibaba-us-east-1-alibaba-sha256-512-512-285: 2500/2500 tasks started.azure-germanywestcentral-azure-sha256-512-512-219: 2500/2500 tasks started.gcp-us-east1-gcp-sha256-512-512-600: 2500/2500 tasks started.
[2025-12-06T17:35:57Z] [[36minfo[0m] [progress_update] aws-us-east-1-aws-sha256-512-512-883: 2500/2500 tasks started.alibaba-us-east-1-alibaba-sha256-512-512-285: 2500/2500 tasks started.azure-germanywestcentral-azure-sha256-512-512-219: 2500/2500 tasks started.gcp-us-east1-gcp-sha256-512-512-600: 2500/2500 tasks started.
[2025-12-06T17:36:00Z] [[31merror[0m] [task_execution] Error executing task azure-sha256-512: task azure-sha256-512 failed after 7 retries: <nil>
[2025-12-06T17:36:00Z] [[31merror[0m] [task_execution] Error executing task azure-sha256-512: task azure-sha256-512 failed after 7 retries: <nil>
[2025-12-06T17:36:01Z] [[31merror[0m] [task_execution] Error executing task azure-sha256-512: task azure-sha256-512 failed after 7 retries: <nil>
[2025-12-06T17:36:01Z] [[31merror[0m] [task_execution] Error executing task azure-sha256-512: task azure-sha256-512 failed after 7 retries: <nil>
[2025-12-06T17:36:01Z] [[31merror[0m] [task_execution] Error executing task azure-sha256-512: task azure-sha256-512 failed after 7 retries: <nil>
[2025-12-06T17:36:02Z] [[31merror[0m] [task_execution] Error executing task azure-sha256-512: task azure-sha256-512 failed after 7 retries: <nil>
[2025-12-06T17:36:02Z] [[31merror[0m] [task_execution] Error executing task azure-sha256-512: task azure-sha256-512 failed after 7 retries: <nil>
[2025-12-06T17:36:02Z] [[31merror[0m] [task_execution] Error executing task azure-sha256-512: task azure-sha256-512 failed after 7 retries: <nil>
[2025-12-06T17:36:02Z] [[31merror[0m] [task_execution] Error executing task azure-sha256-512: task azure-sha256-512 failed after 7 retries: <nil>
[2025-12-06T17:36:02Z] [[31merror[0m] [task_execution] Error executing task azure-sha256-512: task azure-sha256-512 failed after 7 retries: <nil>
[2025-12-06T17:36:02Z] [[31merror[0m] [task_execution] Error executing task azure-sha256-512: task azure-sha256-512 failed after 7 retries: <nil>
[2025-12-06T17:36:02Z] [[31merror[0m] [task_execution] Error executing task azure-sha256-512: task azure-sha256-512 failed after 7 retries: <nil>
[2025-12-06T17:36:03Z] [[31merror[0m] [task_execution] Error executing task azure-sha256-512: task azure-sha256-512 failed after 7 retries: <nil>
[2025-12-06T17:36:03Z] [[31merror[0m] [task_execution] Error executing task azure-sha256-512: task azure-sha256-512 failed after 7 retries: <nil>
[2025-12-06T17:36:03Z] [[31merror[0m] [task_execution] Error executing task azure-sha256-512: task azure-sha256-512 failed after 7 retries: <nil>
[2025-12-06T17:36:07Z] [[36minfo[0m] [progress_update] aws-us-east-1-aws-sha256-512-512-883: 2500/2500 tasks started.alibaba-us-east-1-alibaba-sha256-512-512-285: 2500/2500 tasks started.azure-germanywestcentral-azure-sha256-512-512-219: 2500/2500 tasks started.gcp-us-east1-gcp-sha256-512-512-600: 2500/2500 tasks started.
[2025-12-06T17:36:08Z] [[36minfo[0m] [function_finished] Finished benchmarking function azure-sha256-512 and closed archiver
[2025-12-06T17:36:10Z] [[36minfo[0m] [finish_timeline] Benchmark Timeline
[Sat Dec  6 17:36:10 UTC 2025] Finished benchmark 'sha256' successfully
[Sat Dec  6 17:36:10 UTC 2025] Sleeping 600 seconds before next workload...
