[Thu Dec  4 17:31:38 UTC 2025] Starting benchmark 'aesctr' with config './configs/aesCtr.yaml'
Validating functions...
[2025-12-04T17:31:38Z] [[36minfo[0m] [executor_setup] Setting up executor for aws-us-east-1-aws-aesCtr-512-512-720
[2025-12-04T17:31:38Z] [[36minfo[0m] [executor_setup] Setting up executor for alibaba-us-east-1-alibaba-aesCtr-512-512-91
[2025-12-04T17:31:38Z] [[36minfo[0m] [executor_setup] Setting up executor for azure-germanywestcentral-azure-aesCtr-512-512-358
[2025-12-04T17:31:38Z] [[0mwarning[0m] [[32mazure_limitations[0m] Azure can´t handle more than 300 parallel requests. Limiting to 300.
[2025-12-04T17:31:38Z] [[36minfo[0m] [executor_setup] Setting up executor for gcp-us-east1-gcp-aesCtr-512-512-734
[2025-12-04T17:31:38Z] [[36minfo[0m] [start_timeline] Benchmark Timeline
[2025-12-04T17:31:38Z] [[36minfo[0m] [load_generator_start] (aws: us-east-1) Starting load generator with 500 workers
[2025-12-04T17:31:38Z] [[36minfo[0m] [load_generator_start] (alibaba: us-east-1) Starting load generator with 500 workers
[2025-12-04T17:31:38Z] [[36minfo[0m] [load_generator_start] (gcp: us-east1) Starting load generator with 300 workers
[2025-12-04T17:31:38Z] [[36minfo[0m] [load_generator_start] (azure: germanywestcentral) Starting load generator with 300 workers
[2025-12-04T17:31:48Z] [[36minfo[0m] [progress_update] alibaba-us-east-1-alibaba-aesCtr-512-512-91: 2401/2500 tasks started.azure-germanywestcentral-azure-aesCtr-512-512-358: 620/2500 tasks started.gcp-us-east1-gcp-aesCtr-512-512-734: 492/2500 tasks started.aws-us-east-1-aws-aesCtr-512-512-720: 2109/2500 tasks started.
[2025-12-04T17:31:58Z] [[36minfo[0m] [progress_update] aws-us-east-1-aws-aesCtr-512-512-720: 2500/2500 tasks started.alibaba-us-east-1-alibaba-aesCtr-512-512-91: 2500/2500 tasks started.azure-germanywestcentral-azure-aesCtr-512-512-358: 664/2500 tasks started.gcp-us-east1-gcp-aesCtr-512-512-734: 1065/2500 tasks started.
[2025-12-04T17:32:04Z] [[36minfo[0m] [function_finished] Finished benchmarking function aws-aesCtr-512 and closed archiver
[2025-12-04T17:32:08Z] [[36minfo[0m] [progress_update] azure-germanywestcentral-azure-aesCtr-512-512-358: 1472/2500 tasks started.gcp-us-east1-gcp-aesCtr-512-512-734: 1609/2500 tasks started.aws-us-east-1-aws-aesCtr-512-512-720: 2500/2500 tasks started.alibaba-us-east-1-alibaba-aesCtr-512-512-91: 2500/2500 tasks started.
[2025-12-04T17:32:18Z] [[36minfo[0m] [progress_update] aws-us-east-1-aws-aesCtr-512-512-720: 2500/2500 tasks started.alibaba-us-east-1-alibaba-aesCtr-512-512-91: 2500/2500 tasks started.azure-germanywestcentral-azure-aesCtr-512-512-358: 1869/2500 tasks started.gcp-us-east1-gcp-aesCtr-512-512-734: 2158/2500 tasks started.
[2025-12-04T17:32:28Z] [[36minfo[0m] [progress_update] aws-us-east-1-aws-aesCtr-512-512-720: 2500/2500 tasks started.alibaba-us-east-1-alibaba-aesCtr-512-512-91: 2500/2500 tasks started.azure-germanywestcentral-azure-aesCtr-512-512-358: 1975/2500 tasks started.gcp-us-east1-gcp-aesCtr-512-512-734: 2500/2500 tasks started.
[2025-12-04T17:32:38Z] [[36minfo[0m] [progress_update] alibaba-us-east-1-alibaba-aesCtr-512-512-91: 2500/2500 tasks started.azure-germanywestcentral-azure-aesCtr-512-512-358: 1987/2500 tasks started.gcp-us-east1-gcp-aesCtr-512-512-734: 2500/2500 tasks started.aws-us-east-1-aws-aesCtr-512-512-720: 2500/2500 tasks started.
[2025-12-04T17:32:42Z] [[36minfo[0m] [function_finished] Finished benchmarking function gcp-aesCtr-512 and closed archiver
[2025-12-04T17:32:48Z] [[36minfo[0m] [progress_update] gcp-us-east1-gcp-aesCtr-512-512-734: 2500/2500 tasks started.aws-us-east-1-aws-aesCtr-512-512-720: 2500/2500 tasks started.alibaba-us-east-1-alibaba-aesCtr-512-512-91: 2500/2500 tasks started.azure-germanywestcentral-azure-aesCtr-512-512-358: 2060/2500 tasks started.
[2025-12-04T17:32:58Z] [[36minfo[0m] [progress_update] azure-germanywestcentral-azure-aesCtr-512-512-358: 2092/2500 tasks started.gcp-us-east1-gcp-aesCtr-512-512-734: 2500/2500 tasks started.aws-us-east-1-aws-aesCtr-512-512-720: 2500/2500 tasks started.alibaba-us-east-1-alibaba-aesCtr-512-512-91: 2500/2500 tasks started.
[2025-12-04T17:33:00Z] [[36minfo[0m] [function_finished] Finished benchmarking function alibaba-aesCtr-512 and closed archiver
[2025-12-04T17:33:08Z] [[36minfo[0m] [progress_update] alibaba-us-east-1-alibaba-aesCtr-512-512-91: 2500/2500 tasks started.azure-germanywestcentral-azure-aesCtr-512-512-358: 2112/2500 tasks started.gcp-us-east1-gcp-aesCtr-512-512-734: 2500/2500 tasks started.aws-us-east-1-aws-aesCtr-512-512-720: 2500/2500 tasks started.
[2025-12-04T17:33:18Z] [[36minfo[0m] [progress_update] alibaba-us-east-1-alibaba-aesCtr-512-512-91: 2500/2500 tasks started.azure-germanywestcentral-azure-aesCtr-512-512-358: 2113/2500 tasks started.gcp-us-east1-gcp-aesCtr-512-512-734: 2500/2500 tasks started.aws-us-east-1-aws-aesCtr-512-512-720: 2500/2500 tasks started.
[2025-12-04T17:33:28Z] [[36minfo[0m] [progress_update] gcp-us-east1-gcp-aesCtr-512-512-734: 2500/2500 tasks started.aws-us-east-1-aws-aesCtr-512-512-720: 2500/2500 tasks started.alibaba-us-east-1-alibaba-aesCtr-512-512-91: 2500/2500 tasks started.azure-germanywestcentral-azure-aesCtr-512-512-358: 2495/2500 tasks started.
[2025-12-04T17:33:38Z] [[36minfo[0m] [progress_update] aws-us-east-1-aws-aesCtr-512-512-720: 2500/2500 tasks started.alibaba-us-east-1-alibaba-aesCtr-512-512-91: 2500/2500 tasks started.azure-germanywestcentral-azure-aesCtr-512-512-358: 2500/2500 tasks started.gcp-us-east1-gcp-aesCtr-512-512-734: 2500/2500 tasks started.
[2025-12-04T17:33:48Z] [[36minfo[0m] [progress_update] aws-us-east-1-aws-aesCtr-512-512-720: 2500/2500 tasks started.alibaba-us-east-1-alibaba-aesCtr-512-512-91: 2500/2500 tasks started.azure-germanywestcentral-azure-aesCtr-512-512-358: 2500/2500 tasks started.gcp-us-east1-gcp-aesCtr-512-512-734: 2500/2500 tasks started.
[2025-12-04T17:33:58Z] [[36minfo[0m] [progress_update] aws-us-east-1-aws-aesCtr-512-512-720: 2500/2500 tasks started.alibaba-us-east-1-alibaba-aesCtr-512-512-91: 2500/2500 tasks started.azure-germanywestcentral-azure-aesCtr-512-512-358: 2500/2500 tasks started.gcp-us-east1-gcp-aesCtr-512-512-734: 2500/2500 tasks started.
[2025-12-04T17:34:08Z] [[36minfo[0m] [progress_update] aws-us-east-1-aws-aesCtr-512-512-720: 2500/2500 tasks started.alibaba-us-east-1-alibaba-aesCtr-512-512-91: 2500/2500 tasks started.azure-germanywestcentral-azure-aesCtr-512-512-358: 2500/2500 tasks started.gcp-us-east1-gcp-aesCtr-512-512-734: 2500/2500 tasks started.
[2025-12-04T17:34:18Z] [[36minfo[0m] [progress_update] aws-us-east-1-aws-aesCtr-512-512-720: 2500/2500 tasks started.alibaba-us-east-1-alibaba-aesCtr-512-512-91: 2500/2500 tasks started.azure-germanywestcentral-azure-aesCtr-512-512-358: 2500/2500 tasks started.gcp-us-east1-gcp-aesCtr-512-512-734: 2500/2500 tasks started.
[2025-12-04T17:34:28Z] [[36minfo[0m] [progress_update] alibaba-us-east-1-alibaba-aesCtr-512-512-91: 2500/2500 tasks started.azure-germanywestcentral-azure-aesCtr-512-512-358: 2500/2500 tasks started.gcp-us-east1-gcp-aesCtr-512-512-734: 2500/2500 tasks started.aws-us-east-1-aws-aesCtr-512-512-720: 2500/2500 tasks started.
[2025-12-04T17:34:38Z] [[36minfo[0m] [progress_update] gcp-us-east1-gcp-aesCtr-512-512-734: 2500/2500 tasks started.aws-us-east-1-aws-aesCtr-512-512-720: 2500/2500 tasks started.alibaba-us-east-1-alibaba-aesCtr-512-512-91: 2500/2500 tasks started.azure-germanywestcentral-azure-aesCtr-512-512-358: 2500/2500 tasks started.
[2025-12-04T17:34:48Z] [[36minfo[0m] [progress_update] alibaba-us-east-1-alibaba-aesCtr-512-512-91: 2500/2500 tasks started.azure-germanywestcentral-azure-aesCtr-512-512-358: 2500/2500 tasks started.gcp-us-east1-gcp-aesCtr-512-512-734: 2500/2500 tasks started.aws-us-east-1-aws-aesCtr-512-512-720: 2500/2500 tasks started.
[2025-12-04T17:34:58Z] [[36minfo[0m] [progress_update] aws-us-east-1-aws-aesCtr-512-512-720: 2500/2500 tasks started.alibaba-us-east-1-alibaba-aesCtr-512-512-91: 2500/2500 tasks started.azure-germanywestcentral-azure-aesCtr-512-512-358: 2500/2500 tasks started.gcp-us-east1-gcp-aesCtr-512-512-734: 2500/2500 tasks started.
[2025-12-04T17:35:08Z] [[36minfo[0m] [progress_update] aws-us-east-1-aws-aesCtr-512-512-720: 2500/2500 tasks started.alibaba-us-east-1-alibaba-aesCtr-512-512-91: 2500/2500 tasks started.azure-germanywestcentral-azure-aesCtr-512-512-358: 2500/2500 tasks started.gcp-us-east1-gcp-aesCtr-512-512-734: 2500/2500 tasks started.
[2025-12-04T17:35:18Z] [[36minfo[0m] [progress_update] aws-us-east-1-aws-aesCtr-512-512-720: 2500/2500 tasks started.alibaba-us-east-1-alibaba-aesCtr-512-512-91: 2500/2500 tasks started.azure-germanywestcentral-azure-aesCtr-512-512-358: 2500/2500 tasks started.gcp-us-east1-gcp-aesCtr-512-512-734: 2500/2500 tasks started.
[2025-12-04T17:35:28Z] [[36minfo[0m] [progress_update] aws-us-east-1-aws-aesCtr-512-512-720: 2500/2500 tasks started.alibaba-us-east-1-alibaba-aesCtr-512-512-91: 2500/2500 tasks started.azure-germanywestcentral-azure-aesCtr-512-512-358: 2500/2500 tasks started.gcp-us-east1-gcp-aesCtr-512-512-734: 2500/2500 tasks started.
[2025-12-04T17:35:38Z] [[36minfo[0m] [progress_update] gcp-us-east1-gcp-aesCtr-512-512-734: 2500/2500 tasks started.aws-us-east-1-aws-aesCtr-512-512-720: 2500/2500 tasks started.alibaba-us-east-1-alibaba-aesCtr-512-512-91: 2500/2500 tasks started.azure-germanywestcentral-azure-aesCtr-512-512-358: 2500/2500 tasks started.
[2025-12-04T17:35:48Z] [[36minfo[0m] [progress_update] aws-us-east-1-aws-aesCtr-512-512-720: 2500/2500 tasks started.alibaba-us-east-1-alibaba-aesCtr-512-512-91: 2500/2500 tasks started.azure-germanywestcentral-azure-aesCtr-512-512-358: 2500/2500 tasks started.gcp-us-east1-gcp-aesCtr-512-512-734: 2500/2500 tasks started.
[2025-12-04T17:35:58Z] [[36minfo[0m] [progress_update] aws-us-east-1-aws-aesCtr-512-512-720: 2500/2500 tasks started.alibaba-us-east-1-alibaba-aesCtr-512-512-91: 2500/2500 tasks started.azure-germanywestcentral-azure-aesCtr-512-512-358: 2500/2500 tasks started.gcp-us-east1-gcp-aesCtr-512-512-734: 2500/2500 tasks started.
[2025-12-04T17:36:01Z] [[31merror[0m] [task_execution] Error executing task azure-aesCtr-512: task azure-aesCtr-512 failed after 7 retries: <nil>
[2025-12-04T17:36:08Z] [[36minfo[0m] [progress_update] alibaba-us-east-1-alibaba-aesCtr-512-512-91: 2500/2500 tasks started.azure-germanywestcentral-azure-aesCtr-512-512-358: 2500/2500 tasks started.gcp-us-east1-gcp-aesCtr-512-512-734: 2500/2500 tasks started.aws-us-east-1-aws-aesCtr-512-512-720: 2500/2500 tasks started.
[2025-12-04T17:36:14Z] [[31merror[0m] [task_execution] Error executing task azure-aesCtr-512: task azure-aesCtr-512 failed after 7 retries: <nil>
[2025-12-04T17:36:14Z] [[31merror[0m] [task_execution] Error executing task azure-aesCtr-512: task azure-aesCtr-512 failed after 7 retries: <nil>
[2025-12-04T17:36:14Z] [[31merror[0m] [task_execution] Error executing task azure-aesCtr-512: task azure-aesCtr-512 failed after 7 retries: <nil>
[2025-12-04T17:36:14Z] [[31merror[0m] [task_execution] Error executing task azure-aesCtr-512: task azure-aesCtr-512 failed after 7 retries: <nil>
[2025-12-04T17:36:14Z] [[31merror[0m] [task_execution] Error executing task azure-aesCtr-512: task azure-aesCtr-512 failed after 7 retries: <nil>
[2025-12-04T17:36:14Z] [[31merror[0m] [task_execution] Error executing task azure-aesCtr-512: task azure-aesCtr-512 failed after 7 retries: <nil>
[2025-12-04T17:36:14Z] [[31merror[0m] [task_execution] Error executing task azure-aesCtr-512: task azure-aesCtr-512 failed after 7 retries: <nil>
[2025-12-04T17:36:14Z] [[31merror[0m] [task_execution] Error executing task azure-aesCtr-512: task azure-aesCtr-512 failed after 7 retries: <nil>
[2025-12-04T17:36:14Z] [[31merror[0m] [task_execution] Error executing task azure-aesCtr-512: task azure-aesCtr-512 failed after 7 retries: <nil>
[2025-12-04T17:36:14Z] [[31merror[0m] [task_execution] Error executing task azure-aesCtr-512: task azure-aesCtr-512 failed after 7 retries: <nil>
[2025-12-04T17:36:14Z] [[31merror[0m] [task_execution] Error executing task azure-aesCtr-512: task azure-aesCtr-512 failed after 7 retries: <nil>
[2025-12-04T17:36:14Z] [[31merror[0m] [task_execution] Error executing task azure-aesCtr-512: task azure-aesCtr-512 failed after 7 retries: <nil>
[2025-12-04T17:36:14Z] [[31merror[0m] [task_execution] Error executing task azure-aesCtr-512: task azure-aesCtr-512 failed after 7 retries: <nil>
[2025-12-04T17:36:14Z] [[31merror[0m] [task_execution] Error executing task azure-aesCtr-512: task azure-aesCtr-512 failed after 7 retries: <nil>
[2025-12-04T17:36:14Z] [[31merror[0m] [task_execution] Error executing task azure-aesCtr-512: task azure-aesCtr-512 failed after 7 retries: <nil>
[2025-12-04T17:36:14Z] [[31merror[0m] [task_execution] Error executing task azure-aesCtr-512: task azure-aesCtr-512 failed after 7 retries: <nil>
[2025-12-04T17:36:14Z] [[31merror[0m] [task_execution] Error executing task azure-aesCtr-512: task azure-aesCtr-512 failed after 7 retries: <nil>
[2025-12-04T17:36:14Z] [[31merror[0m] [task_execution] Error executing task azure-aesCtr-512: task azure-aesCtr-512 failed after 7 retries: <nil>
[2025-12-04T17:36:14Z] [[31merror[0m] [task_execution] Error executing task azure-aesCtr-512: task azure-aesCtr-512 failed after 7 retries: <nil>
[2025-12-04T17:36:14Z] [[31merror[0m] [task_execution] Error executing task azure-aesCtr-512: task azure-aesCtr-512 failed after 7 retries: <nil>
[2025-12-04T17:36:14Z] [[31merror[0m] [task_execution] Error executing task azure-aesCtr-512: task azure-aesCtr-512 failed after 7 retries: <nil>
[2025-12-04T17:36:14Z] [[31merror[0m] [task_execution] Error executing task azure-aesCtr-512: task azure-aesCtr-512 failed after 7 retries: <nil>
[2025-12-04T17:36:14Z] [[31merror[0m] [task_execution] Error executing task azure-aesCtr-512: task azure-aesCtr-512 failed after 7 retries: <nil>
[2025-12-04T17:36:15Z] [[31merror[0m] [task_execution] Error executing task azure-aesCtr-512: task azure-aesCtr-512 failed after 7 retries: <nil>
[2025-12-04T17:36:15Z] [[31merror[0m] [task_execution] Error executing task azure-aesCtr-512: task azure-aesCtr-512 failed after 7 retries: <nil>
[2025-12-04T17:36:15Z] [[31merror[0m] [task_execution] Error executing task azure-aesCtr-512: task azure-aesCtr-512 failed after 7 retries: <nil>
[2025-12-04T17:36:15Z] [[31merror[0m] [task_execution] Error executing task azure-aesCtr-512: task azure-aesCtr-512 failed after 7 retries: <nil>
[2025-12-04T17:36:17Z] [[31merror[0m] [task_execution] Error executing task azure-aesCtr-512: task azure-aesCtr-512 failed after 7 retries: <nil>
[2025-12-04T17:36:18Z] [[36minfo[0m] [progress_update] aws-us-east-1-aws-aesCtr-512-512-720: 2500/2500 tasks started.alibaba-us-east-1-alibaba-aesCtr-512-512-91: 2500/2500 tasks started.azure-germanywestcentral-azure-aesCtr-512-512-358: 2500/2500 tasks started.gcp-us-east1-gcp-aesCtr-512-512-734: 2500/2500 tasks started.
[2025-12-04T17:36:26Z] [[31merror[0m] [task_execution] Error executing task azure-aesCtr-512: task azure-aesCtr-512 failed after 7 retries: <nil>
[2025-12-04T17:36:28Z] [[36minfo[0m] [progress_update] aws-us-east-1-aws-aesCtr-512-512-720: 2500/2500 tasks started.alibaba-us-east-1-alibaba-aesCtr-512-512-91: 2500/2500 tasks started.azure-germanywestcentral-azure-aesCtr-512-512-358: 2500/2500 tasks started.gcp-us-east1-gcp-aesCtr-512-512-734: 2500/2500 tasks started.
[2025-12-04T17:36:38Z] [[36minfo[0m] [progress_update] aws-us-east-1-aws-aesCtr-512-512-720: 2500/2500 tasks started.alibaba-us-east-1-alibaba-aesCtr-512-512-91: 2500/2500 tasks started.azure-germanywestcentral-azure-aesCtr-512-512-358: 2500/2500 tasks started.gcp-us-east1-gcp-aesCtr-512-512-734: 2500/2500 tasks started.
[2025-12-04T17:36:40Z] [[31merror[0m] [task_execution] Error executing task azure-aesCtr-512: task azure-aesCtr-512 failed after 7 retries: <nil>
[2025-12-04T17:36:40Z] [[31merror[0m] [task_execution] Error executing task azure-aesCtr-512: task azure-aesCtr-512 failed after 7 retries: <nil>
[2025-12-04T17:36:45Z] [[36minfo[0m] [function_finished] Finished benchmarking function azure-aesCtr-512 and closed archiver
[2025-12-04T17:36:47Z] [[36minfo[0m] [finish_timeline] Benchmark Timeline
[Thu Dec  4 17:36:47 UTC 2025] Finished benchmark 'aesctr' successfully
[Thu Dec  4 17:36:47 UTC 2025] Sleeping 600 seconds before next workload...
