[Sun Nov 30 11:46:08 UTC 2025] Starting benchmark 'gemm' with config './configs/gemm.yaml'
Validating functions...
[2025-11-30T11:46:08Z] [[36minfo[0m] [executor_setup] Setting up executor for aws-us-east-1-aws-gemm-512-512-156
[2025-11-30T11:46:08Z] [[36minfo[0m] [executor_setup] Setting up executor for alibaba-us-east-1-alibaba-gemm-512-512-787
[2025-11-30T11:46:08Z] [[36minfo[0m] [executor_setup] Setting up executor for gcp-us-east1-gcp-gemm-512-512-228
[2025-11-30T11:46:08Z] [[36minfo[0m] [executor_setup] Setting up executor for azure-germanywestcentral-azure-gemm-512-512-181
[2025-11-30T11:46:08Z] [[0mwarning[0m] [[32mazure_limitations[0m] Azure can´t handle more than 300 parallel requests. Limiting to 300.
[2025-11-30T11:46:08Z] [[36minfo[0m] [start_timeline] Benchmark Timeline
[2025-11-30T11:46:08Z] [[36minfo[0m] [load_generator_start] (azure: germanywestcentral) Starting load generator with 300 workers
[2025-11-30T11:46:08Z] [[36minfo[0m] [load_generator_start] (aws: us-east-1) Starting load generator with 500 workers
[2025-11-30T11:46:08Z] [[36minfo[0m] [load_generator_start] (alibaba: us-east-1) Starting load generator with 500 workers
[2025-11-30T11:46:08Z] [[36minfo[0m] [load_generator_start] (gcp: us-east1) Starting load generator with 500 workers
[2025-11-30T11:46:18Z] [[36minfo[0m] [progress_update] gcp-us-east1-gcp-gemm-512-512-228: 1877/2500 tasks started.azure-germanywestcentral-azure-gemm-512-512-181: 700/2500 tasks started.aws-us-east-1-aws-gemm-512-512-156: 1725/2500 tasks started.alibaba-us-east-1-alibaba-gemm-512-512-787: 1211/2500 tasks started.
[2025-11-30T11:46:28Z] [[36minfo[0m] [progress_update] gcp-us-east1-gcp-gemm-512-512-228: 2500/2500 tasks started.azure-germanywestcentral-azure-gemm-512-512-181: 706/2500 tasks started.aws-us-east-1-aws-gemm-512-512-156: 2500/2500 tasks started.alibaba-us-east-1-alibaba-gemm-512-512-787: 2222/2500 tasks started.
[2025-11-30T11:46:37Z] [[36minfo[0m] [function_finished] Finished benchmarking function aws-gemm-512 and closed archiver
[2025-11-30T11:46:38Z] [[36minfo[0m] [progress_update] gcp-us-east1-gcp-gemm-512-512-228: 2500/2500 tasks started.azure-germanywestcentral-azure-gemm-512-512-181: 1368/2500 tasks started.aws-us-east-1-aws-gemm-512-512-156: 2500/2500 tasks started.alibaba-us-east-1-alibaba-gemm-512-512-787: 2500/2500 tasks started.
[2025-11-30T11:46:44Z] [[36minfo[0m] [function_finished] Finished benchmarking function gcp-gemm-512 and closed archiver
[2025-11-30T11:46:48Z] [[36minfo[0m] [progress_update] alibaba-us-east-1-alibaba-gemm-512-512-787: 2500/2500 tasks started.gcp-us-east1-gcp-gemm-512-512-228: 2500/2500 tasks started.azure-germanywestcentral-azure-gemm-512-512-181: 1954/2500 tasks started.aws-us-east-1-aws-gemm-512-512-156: 2500/2500 tasks started.
[2025-11-30T11:46:58Z] [[36minfo[0m] [progress_update] alibaba-us-east-1-alibaba-gemm-512-512-787: 2500/2500 tasks started.gcp-us-east1-gcp-gemm-512-512-228: 2500/2500 tasks started.azure-germanywestcentral-azure-gemm-512-512-181: 2453/2500 tasks started.aws-us-east-1-aws-gemm-512-512-156: 2500/2500 tasks started.
[2025-11-30T11:47:08Z] [[36minfo[0m] [progress_update] aws-us-east-1-aws-gemm-512-512-156: 2500/2500 tasks started.alibaba-us-east-1-alibaba-gemm-512-512-787: 2500/2500 tasks started.gcp-us-east1-gcp-gemm-512-512-228: 2500/2500 tasks started.azure-germanywestcentral-azure-gemm-512-512-181: 2474/2500 tasks started.
[2025-11-30T11:47:18Z] [[36minfo[0m] [progress_update] aws-us-east-1-aws-gemm-512-512-156: 2500/2500 tasks started.alibaba-us-east-1-alibaba-gemm-512-512-787: 2500/2500 tasks started.gcp-us-east1-gcp-gemm-512-512-228: 2500/2500 tasks started.azure-germanywestcentral-azure-gemm-512-512-181: 2500/2500 tasks started.
[2025-11-30T11:47:28Z] [[36minfo[0m] [progress_update] gcp-us-east1-gcp-gemm-512-512-228: 2500/2500 tasks started.azure-germanywestcentral-azure-gemm-512-512-181: 2500/2500 tasks started.aws-us-east-1-aws-gemm-512-512-156: 2500/2500 tasks started.alibaba-us-east-1-alibaba-gemm-512-512-787: 2500/2500 tasks started.
[2025-11-30T11:47:38Z] [[36minfo[0m] [progress_update] aws-us-east-1-aws-gemm-512-512-156: 2500/2500 tasks started.alibaba-us-east-1-alibaba-gemm-512-512-787: 2500/2500 tasks started.gcp-us-east1-gcp-gemm-512-512-228: 2500/2500 tasks started.azure-germanywestcentral-azure-gemm-512-512-181: 2500/2500 tasks started.
[2025-11-30T11:47:39Z] [[36minfo[0m] [function_finished] Finished benchmarking function alibaba-gemm-512 and closed archiver
[2025-11-30T11:47:48Z] [[36minfo[0m] [progress_update] gcp-us-east1-gcp-gemm-512-512-228: 2500/2500 tasks started.azure-germanywestcentral-azure-gemm-512-512-181: 2500/2500 tasks started.aws-us-east-1-aws-gemm-512-512-156: 2500/2500 tasks started.alibaba-us-east-1-alibaba-gemm-512-512-787: 2500/2500 tasks started.
[2025-11-30T11:47:58Z] [[36minfo[0m] [progress_update] aws-us-east-1-aws-gemm-512-512-156: 2500/2500 tasks started.alibaba-us-east-1-alibaba-gemm-512-512-787: 2500/2500 tasks started.gcp-us-east1-gcp-gemm-512-512-228: 2500/2500 tasks started.azure-germanywestcentral-azure-gemm-512-512-181: 2500/2500 tasks started.
[2025-11-30T11:48:08Z] [[36minfo[0m] [progress_update] aws-us-east-1-aws-gemm-512-512-156: 2500/2500 tasks started.alibaba-us-east-1-alibaba-gemm-512-512-787: 2500/2500 tasks started.gcp-us-east1-gcp-gemm-512-512-228: 2500/2500 tasks started.azure-germanywestcentral-azure-gemm-512-512-181: 2500/2500 tasks started.
[2025-11-30T11:48:18Z] [[36minfo[0m] [progress_update] gcp-us-east1-gcp-gemm-512-512-228: 2500/2500 tasks started.azure-germanywestcentral-azure-gemm-512-512-181: 2500/2500 tasks started.aws-us-east-1-aws-gemm-512-512-156: 2500/2500 tasks started.alibaba-us-east-1-alibaba-gemm-512-512-787: 2500/2500 tasks started.
[2025-11-30T11:48:28Z] [[36minfo[0m] [progress_update] aws-us-east-1-aws-gemm-512-512-156: 2500/2500 tasks started.alibaba-us-east-1-alibaba-gemm-512-512-787: 2500/2500 tasks started.gcp-us-east1-gcp-gemm-512-512-228: 2500/2500 tasks started.azure-germanywestcentral-azure-gemm-512-512-181: 2500/2500 tasks started.
[2025-11-30T11:48:38Z] [[36minfo[0m] [progress_update] aws-us-east-1-aws-gemm-512-512-156: 2500/2500 tasks started.alibaba-us-east-1-alibaba-gemm-512-512-787: 2500/2500 tasks started.gcp-us-east1-gcp-gemm-512-512-228: 2500/2500 tasks started.azure-germanywestcentral-azure-gemm-512-512-181: 2500/2500 tasks started.
[2025-11-30T11:48:48Z] [[36minfo[0m] [progress_update] gcp-us-east1-gcp-gemm-512-512-228: 2500/2500 tasks started.azure-germanywestcentral-azure-gemm-512-512-181: 2500/2500 tasks started.aws-us-east-1-aws-gemm-512-512-156: 2500/2500 tasks started.alibaba-us-east-1-alibaba-gemm-512-512-787: 2500/2500 tasks started.
[2025-11-30T11:48:58Z] [[36minfo[0m] [progress_update] aws-us-east-1-aws-gemm-512-512-156: 2500/2500 tasks started.alibaba-us-east-1-alibaba-gemm-512-512-787: 2500/2500 tasks started.gcp-us-east1-gcp-gemm-512-512-228: 2500/2500 tasks started.azure-germanywestcentral-azure-gemm-512-512-181: 2500/2500 tasks started.
[2025-11-30T11:49:08Z] [[36minfo[0m] [progress_update] azure-germanywestcentral-azure-gemm-512-512-181: 2500/2500 tasks started.aws-us-east-1-aws-gemm-512-512-156: 2500/2500 tasks started.alibaba-us-east-1-alibaba-gemm-512-512-787: 2500/2500 tasks started.gcp-us-east1-gcp-gemm-512-512-228: 2500/2500 tasks started.
[2025-11-30T11:49:18Z] [[36minfo[0m] [progress_update] aws-us-east-1-aws-gemm-512-512-156: 2500/2500 tasks started.alibaba-us-east-1-alibaba-gemm-512-512-787: 2500/2500 tasks started.gcp-us-east1-gcp-gemm-512-512-228: 2500/2500 tasks started.azure-germanywestcentral-azure-gemm-512-512-181: 2500/2500 tasks started.
[2025-11-30T11:49:28Z] [[36minfo[0m] [progress_update] alibaba-us-east-1-alibaba-gemm-512-512-787: 2500/2500 tasks started.gcp-us-east1-gcp-gemm-512-512-228: 2500/2500 tasks started.azure-germanywestcentral-azure-gemm-512-512-181: 2500/2500 tasks started.aws-us-east-1-aws-gemm-512-512-156: 2500/2500 tasks started.
[2025-11-30T11:49:38Z] [[36minfo[0m] [progress_update] aws-us-east-1-aws-gemm-512-512-156: 2500/2500 tasks started.alibaba-us-east-1-alibaba-gemm-512-512-787: 2500/2500 tasks started.gcp-us-east1-gcp-gemm-512-512-228: 2500/2500 tasks started.azure-germanywestcentral-azure-gemm-512-512-181: 2500/2500 tasks started.
[2025-11-30T11:49:39Z] [[36minfo[0m] [function_finished] Finished benchmarking function azure-gemm-512 and closed archiver
[2025-11-30T11:49:41Z] [[36minfo[0m] [finish_timeline] Benchmark Timeline
[Sun Nov 30 11:49:41 UTC 2025] Finished benchmark 'gemm' successfully
[Sun Nov 30 11:49:41 UTC 2025] Sleeping 600 seconds before next workload...
