[Mon Dec  1 06:02:01 UTC 2025] Starting benchmark 'aesctr' with config './configs/aesCtr.yaml'
Validating functions...
[2025-12-01T06:02:01Z] [[36minfo[0m] [executor_setup] Setting up executor for aws-us-east-1-aws-aesCtr-512-512-574
[2025-12-01T06:02:01Z] [[36minfo[0m] [executor_setup] Setting up executor for alibaba-us-east-1-alibaba-aesCtr-512-512-450
[2025-12-01T06:02:01Z] [[36minfo[0m] [executor_setup] Setting up executor for azure-germanywestcentral-azure-aesCtr-512-512-13
[2025-12-01T06:02:01Z] [[0mwarning[0m] [[32mazure_limitations[0m] Azure can´t handle more than 300 parallel requests. Limiting to 300.
[2025-12-01T06:02:01Z] [[36minfo[0m] [executor_setup] Setting up executor for gcp-us-east1-gcp-aesCtr-512-512-654
[2025-12-01T06:02:01Z] [[36minfo[0m] [start_timeline] Benchmark Timeline
[2025-12-01T06:02:01Z] [[36minfo[0m] [load_generator_start] (aws: us-east-1) Starting load generator with 500 workers
[2025-12-01T06:02:01Z] [[36minfo[0m] [load_generator_start] (alibaba: us-east-1) Starting load generator with 500 workers
[2025-12-01T06:02:01Z] [[36minfo[0m] [load_generator_start] (azure: germanywestcentral) Starting load generator with 300 workers
[2025-12-01T06:02:01Z] [[36minfo[0m] [load_generator_start] (gcp: us-east1) Starting load generator with 300 workers
[2025-12-01T06:02:11Z] [[36minfo[0m] [progress_update] aws-us-east-1-aws-aesCtr-512-512-574: 2111/2500 tasks started.alibaba-us-east-1-alibaba-aesCtr-512-512-450: 2491/2500 tasks started.azure-germanywestcentral-azure-aesCtr-512-512-13: 668/2500 tasks started.gcp-us-east1-gcp-aesCtr-512-512-654: 596/2500 tasks started.
[2025-12-01T06:02:21Z] [[36minfo[0m] [progress_update] aws-us-east-1-aws-aesCtr-512-512-574: 2500/2500 tasks started.alibaba-us-east-1-alibaba-aesCtr-512-512-450: 2500/2500 tasks started.azure-germanywestcentral-azure-aesCtr-512-512-13: 673/2500 tasks started.gcp-us-east1-gcp-aesCtr-512-512-654: 1133/2500 tasks started.
[2025-12-01T06:02:25Z] [[36minfo[0m] [function_finished] Finished benchmarking function aws-aesCtr-512 and closed archiver
[2025-12-01T06:02:31Z] [[36minfo[0m] [progress_update] aws-us-east-1-aws-aesCtr-512-512-574: 2500/2500 tasks started.alibaba-us-east-1-alibaba-aesCtr-512-512-450: 2500/2500 tasks started.azure-germanywestcentral-azure-aesCtr-512-512-13: 1415/2500 tasks started.gcp-us-east1-gcp-aesCtr-512-512-654: 1706/2500 tasks started.
[2025-12-01T06:02:41Z] [[36minfo[0m] [progress_update] azure-germanywestcentral-azure-aesCtr-512-512-13: 2002/2500 tasks started.gcp-us-east1-gcp-aesCtr-512-512-654: 2253/2500 tasks started.aws-us-east-1-aws-aesCtr-512-512-574: 2500/2500 tasks started.alibaba-us-east-1-alibaba-aesCtr-512-512-450: 2500/2500 tasks started.
[2025-12-01T06:02:51Z] [[36minfo[0m] [progress_update] aws-us-east-1-aws-aesCtr-512-512-574: 2500/2500 tasks started.alibaba-us-east-1-alibaba-aesCtr-512-512-450: 2500/2500 tasks started.azure-germanywestcentral-azure-aesCtr-512-512-13: 2294/2500 tasks started.gcp-us-east1-gcp-aesCtr-512-512-654: 2500/2500 tasks started.
[2025-12-01T06:03:01Z] [[36minfo[0m] [progress_update] aws-us-east-1-aws-aesCtr-512-512-574: 2500/2500 tasks started.alibaba-us-east-1-alibaba-aesCtr-512-512-450: 2500/2500 tasks started.azure-germanywestcentral-azure-aesCtr-512-512-13: 2339/2500 tasks started.gcp-us-east1-gcp-aesCtr-512-512-654: 2500/2500 tasks started.
[2025-12-01T06:03:06Z] [[36minfo[0m] [function_finished] Finished benchmarking function gcp-aesCtr-512 and closed archiver
[2025-12-01T06:03:11Z] [[36minfo[0m] [progress_update] aws-us-east-1-aws-aesCtr-512-512-574: 2500/2500 tasks started.alibaba-us-east-1-alibaba-aesCtr-512-512-450: 2500/2500 tasks started.azure-germanywestcentral-azure-aesCtr-512-512-13: 2500/2500 tasks started.gcp-us-east1-gcp-aesCtr-512-512-654: 2500/2500 tasks started.
[2025-12-01T06:03:20Z] [[36minfo[0m] [function_finished] Finished benchmarking function alibaba-aesCtr-512 and closed archiver
[2025-12-01T06:03:21Z] [[36minfo[0m] [progress_update] aws-us-east-1-aws-aesCtr-512-512-574: 2500/2500 tasks started.alibaba-us-east-1-alibaba-aesCtr-512-512-450: 2500/2500 tasks started.azure-germanywestcentral-azure-aesCtr-512-512-13: 2500/2500 tasks started.gcp-us-east1-gcp-aesCtr-512-512-654: 2500/2500 tasks started.
[2025-12-01T06:03:31Z] [[36minfo[0m] [progress_update] gcp-us-east1-gcp-aesCtr-512-512-654: 2500/2500 tasks started.aws-us-east-1-aws-aesCtr-512-512-574: 2500/2500 tasks started.alibaba-us-east-1-alibaba-aesCtr-512-512-450: 2500/2500 tasks started.azure-germanywestcentral-azure-aesCtr-512-512-13: 2500/2500 tasks started.
[2025-12-01T06:03:41Z] [[36minfo[0m] [progress_update] gcp-us-east1-gcp-aesCtr-512-512-654: 2500/2500 tasks started.aws-us-east-1-aws-aesCtr-512-512-574: 2500/2500 tasks started.alibaba-us-east-1-alibaba-aesCtr-512-512-450: 2500/2500 tasks started.azure-germanywestcentral-azure-aesCtr-512-512-13: 2500/2500 tasks started.
[2025-12-01T06:03:51Z] [[36minfo[0m] [progress_update] alibaba-us-east-1-alibaba-aesCtr-512-512-450: 2500/2500 tasks started.azure-germanywestcentral-azure-aesCtr-512-512-13: 2500/2500 tasks started.gcp-us-east1-gcp-aesCtr-512-512-654: 2500/2500 tasks started.aws-us-east-1-aws-aesCtr-512-512-574: 2500/2500 tasks started.
[2025-12-01T06:04:01Z] [[36minfo[0m] [progress_update] alibaba-us-east-1-alibaba-aesCtr-512-512-450: 2500/2500 tasks started.azure-germanywestcentral-azure-aesCtr-512-512-13: 2500/2500 tasks started.gcp-us-east1-gcp-aesCtr-512-512-654: 2500/2500 tasks started.aws-us-east-1-aws-aesCtr-512-512-574: 2500/2500 tasks started.
[2025-12-01T06:04:11Z] [[36minfo[0m] [progress_update] alibaba-us-east-1-alibaba-aesCtr-512-512-450: 2500/2500 tasks started.azure-germanywestcentral-azure-aesCtr-512-512-13: 2500/2500 tasks started.gcp-us-east1-gcp-aesCtr-512-512-654: 2500/2500 tasks started.aws-us-east-1-aws-aesCtr-512-512-574: 2500/2500 tasks started.
[2025-12-01T06:04:21Z] [[36minfo[0m] [progress_update] azure-germanywestcentral-azure-aesCtr-512-512-13: 2500/2500 tasks started.gcp-us-east1-gcp-aesCtr-512-512-654: 2500/2500 tasks started.aws-us-east-1-aws-aesCtr-512-512-574: 2500/2500 tasks started.alibaba-us-east-1-alibaba-aesCtr-512-512-450: 2500/2500 tasks started.
[2025-12-01T06:04:31Z] [[36minfo[0m] [progress_update] aws-us-east-1-aws-aesCtr-512-512-574: 2500/2500 tasks started.alibaba-us-east-1-alibaba-aesCtr-512-512-450: 2500/2500 tasks started.azure-germanywestcentral-azure-aesCtr-512-512-13: 2500/2500 tasks started.gcp-us-east1-gcp-aesCtr-512-512-654: 2500/2500 tasks started.
[2025-12-01T06:04:41Z] [[36minfo[0m] [progress_update] aws-us-east-1-aws-aesCtr-512-512-574: 2500/2500 tasks started.alibaba-us-east-1-alibaba-aesCtr-512-512-450: 2500/2500 tasks started.azure-germanywestcentral-azure-aesCtr-512-512-13: 2500/2500 tasks started.gcp-us-east1-gcp-aesCtr-512-512-654: 2500/2500 tasks started.
[2025-12-01T06:04:51Z] [[36minfo[0m] [progress_update] aws-us-east-1-aws-aesCtr-512-512-574: 2500/2500 tasks started.alibaba-us-east-1-alibaba-aesCtr-512-512-450: 2500/2500 tasks started.azure-germanywestcentral-azure-aesCtr-512-512-13: 2500/2500 tasks started.gcp-us-east1-gcp-aesCtr-512-512-654: 2500/2500 tasks started.
[2025-12-01T06:05:01Z] [[36minfo[0m] [progress_update] alibaba-us-east-1-alibaba-aesCtr-512-512-450: 2500/2500 tasks started.azure-germanywestcentral-azure-aesCtr-512-512-13: 2500/2500 tasks started.gcp-us-east1-gcp-aesCtr-512-512-654: 2500/2500 tasks started.aws-us-east-1-aws-aesCtr-512-512-574: 2500/2500 tasks started.
[2025-12-01T06:05:11Z] [[36minfo[0m] [progress_update] azure-germanywestcentral-azure-aesCtr-512-512-13: 2500/2500 tasks started.gcp-us-east1-gcp-aesCtr-512-512-654: 2500/2500 tasks started.aws-us-east-1-aws-aesCtr-512-512-574: 2500/2500 tasks started.alibaba-us-east-1-alibaba-aesCtr-512-512-450: 2500/2500 tasks started.
[2025-12-01T06:05:21Z] [[36minfo[0m] [progress_update] aws-us-east-1-aws-aesCtr-512-512-574: 2500/2500 tasks started.alibaba-us-east-1-alibaba-aesCtr-512-512-450: 2500/2500 tasks started.azure-germanywestcentral-azure-aesCtr-512-512-13: 2500/2500 tasks started.gcp-us-east1-gcp-aesCtr-512-512-654: 2500/2500 tasks started.
[2025-12-01T06:05:31Z] [[36minfo[0m] [progress_update] gcp-us-east1-gcp-aesCtr-512-512-654: 2500/2500 tasks started.aws-us-east-1-aws-aesCtr-512-512-574: 2500/2500 tasks started.alibaba-us-east-1-alibaba-aesCtr-512-512-450: 2500/2500 tasks started.azure-germanywestcentral-azure-aesCtr-512-512-13: 2500/2500 tasks started.
[2025-12-01T06:05:41Z] [[36minfo[0m] [progress_update] aws-us-east-1-aws-aesCtr-512-512-574: 2500/2500 tasks started.alibaba-us-east-1-alibaba-aesCtr-512-512-450: 2500/2500 tasks started.azure-germanywestcentral-azure-aesCtr-512-512-13: 2500/2500 tasks started.gcp-us-east1-gcp-aesCtr-512-512-654: 2500/2500 tasks started.
[2025-12-01T06:05:51Z] [[36minfo[0m] [progress_update] azure-germanywestcentral-azure-aesCtr-512-512-13: 2500/2500 tasks started.gcp-us-east1-gcp-aesCtr-512-512-654: 2500/2500 tasks started.aws-us-east-1-aws-aesCtr-512-512-574: 2500/2500 tasks started.alibaba-us-east-1-alibaba-aesCtr-512-512-450: 2500/2500 tasks started.
[2025-12-01T06:06:01Z] [[36minfo[0m] [progress_update] azure-germanywestcentral-azure-aesCtr-512-512-13: 2500/2500 tasks started.gcp-us-east1-gcp-aesCtr-512-512-654: 2500/2500 tasks started.aws-us-east-1-aws-aesCtr-512-512-574: 2500/2500 tasks started.alibaba-us-east-1-alibaba-aesCtr-512-512-450: 2500/2500 tasks started.
[2025-12-01T06:06:11Z] [[36minfo[0m] [progress_update] aws-us-east-1-aws-aesCtr-512-512-574: 2500/2500 tasks started.alibaba-us-east-1-alibaba-aesCtr-512-512-450: 2500/2500 tasks started.azure-germanywestcentral-azure-aesCtr-512-512-13: 2500/2500 tasks started.gcp-us-east1-gcp-aesCtr-512-512-654: 2500/2500 tasks started.
[2025-12-01T06:06:21Z] [[36minfo[0m] [progress_update] alibaba-us-east-1-alibaba-aesCtr-512-512-450: 2500/2500 tasks started.azure-germanywestcentral-azure-aesCtr-512-512-13: 2500/2500 tasks started.gcp-us-east1-gcp-aesCtr-512-512-654: 2500/2500 tasks started.aws-us-east-1-aws-aesCtr-512-512-574: 2500/2500 tasks started.
[2025-12-01T06:06:31Z] [[36minfo[0m] [progress_update] gcp-us-east1-gcp-aesCtr-512-512-654: 2500/2500 tasks started.aws-us-east-1-aws-aesCtr-512-512-574: 2500/2500 tasks started.alibaba-us-east-1-alibaba-aesCtr-512-512-450: 2500/2500 tasks started.azure-germanywestcentral-azure-aesCtr-512-512-13: 2500/2500 tasks started.
[2025-12-01T06:06:41Z] [[36minfo[0m] [progress_update] alibaba-us-east-1-alibaba-aesCtr-512-512-450: 2500/2500 tasks started.azure-germanywestcentral-azure-aesCtr-512-512-13: 2500/2500 tasks started.gcp-us-east1-gcp-aesCtr-512-512-654: 2500/2500 tasks started.aws-us-east-1-aws-aesCtr-512-512-574: 2500/2500 tasks started.
[2025-12-01T06:06:51Z] [[36minfo[0m] [progress_update] aws-us-east-1-aws-aesCtr-512-512-574: 2500/2500 tasks started.alibaba-us-east-1-alibaba-aesCtr-512-512-450: 2500/2500 tasks started.azure-germanywestcentral-azure-aesCtr-512-512-13: 2500/2500 tasks started.gcp-us-east1-gcp-aesCtr-512-512-654: 2500/2500 tasks started.
[2025-12-01T06:06:56Z] [[31merror[0m] [task_execution] Error executing task azure-aesCtr-512: task azure-aesCtr-512 failed after 7 retries: <nil>
[2025-12-01T06:06:57Z] [[31merror[0m] [task_execution] Error executing task azure-aesCtr-512: task azure-aesCtr-512 failed after 7 retries: <nil>
[2025-12-01T06:06:57Z] [[31merror[0m] [task_execution] Error executing task azure-aesCtr-512: task azure-aesCtr-512 failed after 7 retries: <nil>
[2025-12-01T06:06:57Z] [[31merror[0m] [task_execution] Error executing task azure-aesCtr-512: task azure-aesCtr-512 failed after 7 retries: <nil>
[2025-12-01T06:06:57Z] [[31merror[0m] [task_execution] Error executing task azure-aesCtr-512: task azure-aesCtr-512 failed after 7 retries: <nil>
[2025-12-01T06:06:57Z] [[31merror[0m] [task_execution] Error executing task azure-aesCtr-512: task azure-aesCtr-512 failed after 7 retries: <nil>
[2025-12-01T06:06:58Z] [[31merror[0m] [task_execution] Error executing task azure-aesCtr-512: task azure-aesCtr-512 failed after 7 retries: <nil>
[2025-12-01T06:06:58Z] [[31merror[0m] [task_execution] Error executing task azure-aesCtr-512: task azure-aesCtr-512 failed after 7 retries: <nil>
[2025-12-01T06:06:58Z] [[31merror[0m] [task_execution] Error executing task azure-aesCtr-512: task azure-aesCtr-512 failed after 7 retries: <nil>
[2025-12-01T06:06:58Z] [[31merror[0m] [task_execution] Error executing task azure-aesCtr-512: task azure-aesCtr-512 failed after 7 retries: <nil>
[2025-12-01T06:06:58Z] [[31merror[0m] [task_execution] Error executing task azure-aesCtr-512: task azure-aesCtr-512 failed after 7 retries: <nil>
[2025-12-01T06:06:58Z] [[31merror[0m] [task_execution] Error executing task azure-aesCtr-512: task azure-aesCtr-512 failed after 7 retries: <nil>
[2025-12-01T06:06:58Z] [[31merror[0m] [task_execution] Error executing task azure-aesCtr-512: task azure-aesCtr-512 failed after 7 retries: <nil>
[2025-12-01T06:06:58Z] [[31merror[0m] [task_execution] Error executing task azure-aesCtr-512: task azure-aesCtr-512 failed after 7 retries: <nil>
[2025-12-01T06:06:58Z] [[31merror[0m] [task_execution] Error executing task azure-aesCtr-512: task azure-aesCtr-512 failed after 7 retries: <nil>
[2025-12-01T06:06:58Z] [[31merror[0m] [task_execution] Error executing task azure-aesCtr-512: task azure-aesCtr-512 failed after 7 retries: <nil>
[2025-12-01T06:06:59Z] [[31merror[0m] [task_execution] Error executing task azure-aesCtr-512: task azure-aesCtr-512 failed after 7 retries: <nil>
[2025-12-01T06:06:59Z] [[31merror[0m] [task_execution] Error executing task azure-aesCtr-512: task azure-aesCtr-512 failed after 7 retries: <nil>
[2025-12-01T06:06:59Z] [[31merror[0m] [task_execution] Error executing task azure-aesCtr-512: task azure-aesCtr-512 failed after 7 retries: <nil>
[2025-12-01T06:06:59Z] [[31merror[0m] [task_execution] Error executing task azure-aesCtr-512: task azure-aesCtr-512 failed after 7 retries: <nil>
[2025-12-01T06:06:59Z] [[31merror[0m] [task_execution] Error executing task azure-aesCtr-512: task azure-aesCtr-512 failed after 7 retries: <nil>
[2025-12-01T06:07:01Z] [[36minfo[0m] [progress_update] aws-us-east-1-aws-aesCtr-512-512-574: 2500/2500 tasks started.alibaba-us-east-1-alibaba-aesCtr-512-512-450: 2500/2500 tasks started.azure-germanywestcentral-azure-aesCtr-512-512-13: 2500/2500 tasks started.gcp-us-east1-gcp-aesCtr-512-512-654: 2500/2500 tasks started.
[2025-12-01T06:07:11Z] [[36minfo[0m] [progress_update] aws-us-east-1-aws-aesCtr-512-512-574: 2500/2500 tasks started.alibaba-us-east-1-alibaba-aesCtr-512-512-450: 2500/2500 tasks started.azure-germanywestcentral-azure-aesCtr-512-512-13: 2500/2500 tasks started.gcp-us-east1-gcp-aesCtr-512-512-654: 2500/2500 tasks started.
[2025-12-01T06:07:21Z] [[36minfo[0m] [progress_update] aws-us-east-1-aws-aesCtr-512-512-574: 2500/2500 tasks started.alibaba-us-east-1-alibaba-aesCtr-512-512-450: 2500/2500 tasks started.azure-germanywestcentral-azure-aesCtr-512-512-13: 2500/2500 tasks started.gcp-us-east1-gcp-aesCtr-512-512-654: 2500/2500 tasks started.
[2025-12-01T06:07:26Z] [[31merror[0m] [task_execution] Error executing task azure-aesCtr-512: task azure-aesCtr-512 failed after 7 retries: <nil>
[2025-12-01T06:07:27Z] [[31merror[0m] [task_execution] Error executing task azure-aesCtr-512: task azure-aesCtr-512 failed after 7 retries: <nil>
[2025-12-01T06:07:27Z] [[31merror[0m] [task_execution] Error executing task azure-aesCtr-512: task azure-aesCtr-512 failed after 7 retries: <nil>
[2025-12-01T06:07:28Z] [[31merror[0m] [task_execution] Error executing task azure-aesCtr-512: task azure-aesCtr-512 failed after 7 retries: <nil>
[2025-12-01T06:07:28Z] [[31merror[0m] [task_execution] Error executing task azure-aesCtr-512: task azure-aesCtr-512 failed after 7 retries: <nil>
[2025-12-01T06:07:28Z] [[31merror[0m] [task_execution] Error executing task azure-aesCtr-512: task azure-aesCtr-512 failed after 7 retries: <nil>
[2025-12-01T06:07:28Z] [[31merror[0m] [task_execution] Error executing task azure-aesCtr-512: task azure-aesCtr-512 failed after 7 retries: <nil>
[2025-12-01T06:07:28Z] [[31merror[0m] [task_execution] Error executing task azure-aesCtr-512: task azure-aesCtr-512 failed after 7 retries: <nil>
[2025-12-01T06:07:28Z] [[31merror[0m] [task_execution] Error executing task azure-aesCtr-512: task azure-aesCtr-512 failed after 7 retries: <nil>
[2025-12-01T06:07:31Z] [[36minfo[0m] [progress_update] aws-us-east-1-aws-aesCtr-512-512-574: 2500/2500 tasks started.alibaba-us-east-1-alibaba-aesCtr-512-512-450: 2500/2500 tasks started.azure-germanywestcentral-azure-aesCtr-512-512-13: 2500/2500 tasks started.gcp-us-east1-gcp-aesCtr-512-512-654: 2500/2500 tasks started.
[2025-12-01T06:07:33Z] [[36minfo[0m] [function_finished] Finished benchmarking function azure-aesCtr-512 and closed archiver
[2025-12-01T06:07:35Z] [[36minfo[0m] [finish_timeline] Benchmark Timeline
[Mon Dec  1 06:07:35 UTC 2025] Finished benchmark 'aesctr' successfully
