[Wed Dec  3 12:01:18 UTC 2025] Starting benchmark 'gzip' with config './configs/gzip.yaml'
Validating functions...
[2025-12-03T12:01:18Z] [[36minfo[0m] [executor_setup] Setting up executor for aws-us-east-1-aws-gzip-512-512-464
[2025-12-03T12:01:18Z] [[36minfo[0m] [executor_setup] Setting up executor for alibaba-us-east-1-alibaba-gzip-512-512-900
[2025-12-03T12:01:18Z] [[36minfo[0m] [executor_setup] Setting up executor for azure-germanywestcentral-azure-gzip-512-512-284
[2025-12-03T12:01:18Z] [[0mwarning[0m] [[32mazure_limitations[0m] Azure can´t handle more than 300 parallel requests. Limiting to 300.
[2025-12-03T12:01:18Z] [[36minfo[0m] [executor_setup] Setting up executor for gcp-us-east1-gcp-gzip-512-512-318
[2025-12-03T12:01:18Z] [[36minfo[0m] [start_timeline] Benchmark Timeline
[2025-12-03T12:01:18Z] [[36minfo[0m] [load_generator_start] (gcp: us-east1) Starting load generator with 300 workers
[2025-12-03T12:01:18Z] [[36minfo[0m] [load_generator_start] (aws: us-east-1) Starting load generator with 500 workers
[2025-12-03T12:01:18Z] [[36minfo[0m] [load_generator_start] (alibaba: us-east-1) Starting load generator with 500 workers
[2025-12-03T12:01:18Z] [[36minfo[0m] [load_generator_start] (azure: germanywestcentral) Starting load generator with 300 workers
[2025-12-03T12:01:28Z] [[36minfo[0m] [progress_update] aws-us-east-1-aws-gzip-512-512-464: 1766/2500 tasks started.alibaba-us-east-1-alibaba-gzip-512-512-900: 1808/2500 tasks started.azure-germanywestcentral-azure-gzip-512-512-284: 731/2500 tasks started.gcp-us-east1-gcp-gzip-512-512-318: 1184/2500 tasks started.
[2025-12-03T12:01:38Z] [[36minfo[0m] [progress_update] aws-us-east-1-aws-gzip-512-512-464: 2500/2500 tasks started.alibaba-us-east-1-alibaba-gzip-512-512-900: 2500/2500 tasks started.azure-germanywestcentral-azure-gzip-512-512-284: 742/2500 tasks started.gcp-us-east1-gcp-gzip-512-512-318: 2237/2500 tasks started.
[2025-12-03T12:01:42Z] [[36minfo[0m] [function_finished] Finished benchmarking function aws-gzip-512 and closed archiver
[2025-12-03T12:01:48Z] [[36minfo[0m] [progress_update] aws-us-east-1-aws-gzip-512-512-464: 2500/2500 tasks started.alibaba-us-east-1-alibaba-gzip-512-512-900: 2500/2500 tasks started.azure-germanywestcentral-azure-gzip-512-512-284: 1392/2500 tasks started.gcp-us-east1-gcp-gzip-512-512-318: 2500/2500 tasks started.
[2025-12-03T12:01:58Z] [[36minfo[0m] [progress_update] aws-us-east-1-aws-gzip-512-512-464: 2500/2500 tasks started.alibaba-us-east-1-alibaba-gzip-512-512-900: 2500/2500 tasks started.azure-germanywestcentral-azure-gzip-512-512-284: 1999/2500 tasks started.gcp-us-east1-gcp-gzip-512-512-318: 2500/2500 tasks started.
[2025-12-03T12:02:07Z] [[36minfo[0m] [function_finished] Finished benchmarking function gcp-gzip-512 and closed archiver
[2025-12-03T12:02:08Z] [[36minfo[0m] [progress_update] azure-germanywestcentral-azure-gzip-512-512-284: 2500/2500 tasks started.gcp-us-east1-gcp-gzip-512-512-318: 2500/2500 tasks started.aws-us-east-1-aws-gzip-512-512-464: 2500/2500 tasks started.alibaba-us-east-1-alibaba-gzip-512-512-900: 2500/2500 tasks started.
[2025-12-03T12:02:18Z] [[36minfo[0m] [progress_update] aws-us-east-1-aws-gzip-512-512-464: 2500/2500 tasks started.alibaba-us-east-1-alibaba-gzip-512-512-900: 2500/2500 tasks started.azure-germanywestcentral-azure-gzip-512-512-284: 2500/2500 tasks started.gcp-us-east1-gcp-gzip-512-512-318: 2500/2500 tasks started.
[2025-12-03T12:02:28Z] [[36minfo[0m] [progress_update] aws-us-east-1-aws-gzip-512-512-464: 2500/2500 tasks started.alibaba-us-east-1-alibaba-gzip-512-512-900: 2500/2500 tasks started.azure-germanywestcentral-azure-gzip-512-512-284: 2500/2500 tasks started.gcp-us-east1-gcp-gzip-512-512-318: 2500/2500 tasks started.
[2025-12-03T12:02:38Z] [[36minfo[0m] [progress_update] gcp-us-east1-gcp-gzip-512-512-318: 2500/2500 tasks started.aws-us-east-1-aws-gzip-512-512-464: 2500/2500 tasks started.alibaba-us-east-1-alibaba-gzip-512-512-900: 2500/2500 tasks started.azure-germanywestcentral-azure-gzip-512-512-284: 2500/2500 tasks started.
[2025-12-03T12:02:40Z] [[36minfo[0m] [function_finished] Finished benchmarking function alibaba-gzip-512 and closed archiver
[2025-12-03T12:02:48Z] [[36minfo[0m] [progress_update] aws-us-east-1-aws-gzip-512-512-464: 2500/2500 tasks started.alibaba-us-east-1-alibaba-gzip-512-512-900: 2500/2500 tasks started.azure-germanywestcentral-azure-gzip-512-512-284: 2500/2500 tasks started.gcp-us-east1-gcp-gzip-512-512-318: 2500/2500 tasks started.
[2025-12-03T12:02:58Z] [[36minfo[0m] [progress_update] aws-us-east-1-aws-gzip-512-512-464: 2500/2500 tasks started.alibaba-us-east-1-alibaba-gzip-512-512-900: 2500/2500 tasks started.azure-germanywestcentral-azure-gzip-512-512-284: 2500/2500 tasks started.gcp-us-east1-gcp-gzip-512-512-318: 2500/2500 tasks started.
[2025-12-03T12:03:08Z] [[36minfo[0m] [progress_update] aws-us-east-1-aws-gzip-512-512-464: 2500/2500 tasks started.alibaba-us-east-1-alibaba-gzip-512-512-900: 2500/2500 tasks started.azure-germanywestcentral-azure-gzip-512-512-284: 2500/2500 tasks started.gcp-us-east1-gcp-gzip-512-512-318: 2500/2500 tasks started.
[2025-12-03T12:03:18Z] [[36minfo[0m] [progress_update] aws-us-east-1-aws-gzip-512-512-464: 2500/2500 tasks started.alibaba-us-east-1-alibaba-gzip-512-512-900: 2500/2500 tasks started.azure-germanywestcentral-azure-gzip-512-512-284: 2500/2500 tasks started.gcp-us-east1-gcp-gzip-512-512-318: 2500/2500 tasks started.
[2025-12-03T12:03:28Z] [[36minfo[0m] [progress_update] aws-us-east-1-aws-gzip-512-512-464: 2500/2500 tasks started.alibaba-us-east-1-alibaba-gzip-512-512-900: 2500/2500 tasks started.azure-germanywestcentral-azure-gzip-512-512-284: 2500/2500 tasks started.gcp-us-east1-gcp-gzip-512-512-318: 2500/2500 tasks started.
[2025-12-03T12:03:38Z] [[36minfo[0m] [progress_update] aws-us-east-1-aws-gzip-512-512-464: 2500/2500 tasks started.alibaba-us-east-1-alibaba-gzip-512-512-900: 2500/2500 tasks started.azure-germanywestcentral-azure-gzip-512-512-284: 2500/2500 tasks started.gcp-us-east1-gcp-gzip-512-512-318: 2500/2500 tasks started.
[2025-12-03T12:03:48Z] [[36minfo[0m] [progress_update] aws-us-east-1-aws-gzip-512-512-464: 2500/2500 tasks started.alibaba-us-east-1-alibaba-gzip-512-512-900: 2500/2500 tasks started.azure-germanywestcentral-azure-gzip-512-512-284: 2500/2500 tasks started.gcp-us-east1-gcp-gzip-512-512-318: 2500/2500 tasks started.
[2025-12-03T12:03:58Z] [[36minfo[0m] [progress_update] aws-us-east-1-aws-gzip-512-512-464: 2500/2500 tasks started.alibaba-us-east-1-alibaba-gzip-512-512-900: 2500/2500 tasks started.azure-germanywestcentral-azure-gzip-512-512-284: 2500/2500 tasks started.gcp-us-east1-gcp-gzip-512-512-318: 2500/2500 tasks started.
[2025-12-03T12:04:08Z] [[36minfo[0m] [progress_update] aws-us-east-1-aws-gzip-512-512-464: 2500/2500 tasks started.alibaba-us-east-1-alibaba-gzip-512-512-900: 2500/2500 tasks started.azure-germanywestcentral-azure-gzip-512-512-284: 2500/2500 tasks started.gcp-us-east1-gcp-gzip-512-512-318: 2500/2500 tasks started.
[2025-12-03T12:04:18Z] [[36minfo[0m] [progress_update] aws-us-east-1-aws-gzip-512-512-464: 2500/2500 tasks started.alibaba-us-east-1-alibaba-gzip-512-512-900: 2500/2500 tasks started.azure-germanywestcentral-azure-gzip-512-512-284: 2500/2500 tasks started.gcp-us-east1-gcp-gzip-512-512-318: 2500/2500 tasks started.
[2025-12-03T12:04:28Z] [[36minfo[0m] [progress_update] alibaba-us-east-1-alibaba-gzip-512-512-900: 2500/2500 tasks started.azure-germanywestcentral-azure-gzip-512-512-284: 2500/2500 tasks started.gcp-us-east1-gcp-gzip-512-512-318: 2500/2500 tasks started.aws-us-east-1-aws-gzip-512-512-464: 2500/2500 tasks started.
[2025-12-03T12:04:38Z] [[36minfo[0m] [progress_update] aws-us-east-1-aws-gzip-512-512-464: 2500/2500 tasks started.alibaba-us-east-1-alibaba-gzip-512-512-900: 2500/2500 tasks started.azure-germanywestcentral-azure-gzip-512-512-284: 2500/2500 tasks started.gcp-us-east1-gcp-gzip-512-512-318: 2500/2500 tasks started.
[2025-12-03T12:04:48Z] [[36minfo[0m] [progress_update] aws-us-east-1-aws-gzip-512-512-464: 2500/2500 tasks started.alibaba-us-east-1-alibaba-gzip-512-512-900: 2500/2500 tasks started.azure-germanywestcentral-azure-gzip-512-512-284: 2500/2500 tasks started.gcp-us-east1-gcp-gzip-512-512-318: 2500/2500 tasks started.
[2025-12-03T12:04:58Z] [[36minfo[0m] [progress_update] aws-us-east-1-aws-gzip-512-512-464: 2500/2500 tasks started.alibaba-us-east-1-alibaba-gzip-512-512-900: 2500/2500 tasks started.azure-germanywestcentral-azure-gzip-512-512-284: 2500/2500 tasks started.gcp-us-east1-gcp-gzip-512-512-318: 2500/2500 tasks started.
[2025-12-03T12:05:08Z] [[36minfo[0m] [progress_update] aws-us-east-1-aws-gzip-512-512-464: 2500/2500 tasks started.alibaba-us-east-1-alibaba-gzip-512-512-900: 2500/2500 tasks started.azure-germanywestcentral-azure-gzip-512-512-284: 2500/2500 tasks started.gcp-us-east1-gcp-gzip-512-512-318: 2500/2500 tasks started.
[2025-12-03T12:05:18Z] [[36minfo[0m] [progress_update] aws-us-east-1-aws-gzip-512-512-464: 2500/2500 tasks started.alibaba-us-east-1-alibaba-gzip-512-512-900: 2500/2500 tasks started.azure-germanywestcentral-azure-gzip-512-512-284: 2500/2500 tasks started.gcp-us-east1-gcp-gzip-512-512-318: 2500/2500 tasks started.
[2025-12-03T12:05:28Z] [[36minfo[0m] [progress_update] alibaba-us-east-1-alibaba-gzip-512-512-900: 2500/2500 tasks started.azure-germanywestcentral-azure-gzip-512-512-284: 2500/2500 tasks started.gcp-us-east1-gcp-gzip-512-512-318: 2500/2500 tasks started.aws-us-east-1-aws-gzip-512-512-464: 2500/2500 tasks started.
[2025-12-03T12:05:38Z] [[36minfo[0m] [progress_update] alibaba-us-east-1-alibaba-gzip-512-512-900: 2500/2500 tasks started.azure-germanywestcentral-azure-gzip-512-512-284: 2500/2500 tasks started.gcp-us-east1-gcp-gzip-512-512-318: 2500/2500 tasks started.aws-us-east-1-aws-gzip-512-512-464: 2500/2500 tasks started.
[2025-12-03T12:05:48Z] [[36minfo[0m] [progress_update] aws-us-east-1-aws-gzip-512-512-464: 2500/2500 tasks started.alibaba-us-east-1-alibaba-gzip-512-512-900: 2500/2500 tasks started.azure-germanywestcentral-azure-gzip-512-512-284: 2500/2500 tasks started.gcp-us-east1-gcp-gzip-512-512-318: 2500/2500 tasks started.
[2025-12-03T12:05:55Z] [[31merror[0m] [task_execution] Error executing task azure-gzip-512: task azure-gzip-512 failed after 7 retries: <nil>
[2025-12-03T12:05:55Z] [[31merror[0m] [task_execution] Error executing task azure-gzip-512: task azure-gzip-512 failed after 7 retries: <nil>
[2025-12-03T12:05:55Z] [[31merror[0m] [task_execution] Error executing task azure-gzip-512: task azure-gzip-512 failed after 7 retries: <nil>
[2025-12-03T12:05:55Z] [[31merror[0m] [task_execution] Error executing task azure-gzip-512: task azure-gzip-512 failed after 7 retries: <nil>
[2025-12-03T12:05:55Z] [[31merror[0m] [task_execution] Error executing task azure-gzip-512: task azure-gzip-512 failed after 7 retries: <nil>
[2025-12-03T12:05:56Z] [[31merror[0m] [task_execution] Error executing task azure-gzip-512: task azure-gzip-512 failed after 7 retries: <nil>
[2025-12-03T12:05:58Z] [[36minfo[0m] [progress_update] aws-us-east-1-aws-gzip-512-512-464: 2500/2500 tasks started.alibaba-us-east-1-alibaba-gzip-512-512-900: 2500/2500 tasks started.azure-germanywestcentral-azure-gzip-512-512-284: 2500/2500 tasks started.gcp-us-east1-gcp-gzip-512-512-318: 2500/2500 tasks started.
[2025-12-03T12:06:01Z] [[36minfo[0m] [function_finished] Finished benchmarking function azure-gzip-512 and closed archiver
[2025-12-03T12:06:03Z] [[36minfo[0m] [finish_timeline] Benchmark Timeline
[Wed Dec  3 12:06:03 UTC 2025] Finished benchmark 'gzip' successfully
