[Mon Dec  1 05:15:13 UTC 2025] Starting benchmark 'json' with config './configs/json.yaml'
Validating functions...
[2025-12-01T05:15:13Z] [[36minfo[0m] [executor_setup] Setting up executor for aws-us-east-1-aws-json-512-512-862
[2025-12-01T05:15:13Z] [[36minfo[0m] [executor_setup] Setting up executor for alibaba-us-east-1-alibaba-json-512-512-161
[2025-12-01T05:15:13Z] [[36minfo[0m] [executor_setup] Setting up executor for azure-germanywestcentral-azure-json-512-512-253
[2025-12-01T05:15:13Z] [[0mwarning[0m] [[32mazure_limitations[0m] Azure can´t handle more than 300 parallel requests. Limiting to 300.
[2025-12-01T05:15:13Z] [[36minfo[0m] [executor_setup] Setting up executor for gcp-us-east1-gcp-json-512-512-311
[2025-12-01T05:15:13Z] [[36minfo[0m] [start_timeline] Benchmark Timeline
[2025-12-01T05:15:13Z] [[36minfo[0m] [load_generator_start] (gcp: us-east1) Starting load generator with 300 workers
[2025-12-01T05:15:13Z] [[36minfo[0m] [load_generator_start] (aws: us-east-1) Starting load generator with 500 workers
[2025-12-01T05:15:13Z] [[36minfo[0m] [load_generator_start] (alibaba: us-east-1) Starting load generator with 500 workers
[2025-12-01T05:15:13Z] [[36minfo[0m] [load_generator_start] (azure: germanywestcentral) Starting load generator with 300 workers
[2025-12-01T05:15:23Z] [[36minfo[0m] [progress_update] azure-germanywestcentral-azure-json-512-512-253: 658/2500 tasks started.gcp-us-east1-gcp-json-512-512-311: 1035/2500 tasks started.aws-us-east-1-aws-json-512-512-862: 1711/2500 tasks started.alibaba-us-east-1-alibaba-json-512-512-161: 1532/2500 tasks started.
[2025-12-01T05:15:33Z] [[36minfo[0m] [progress_update] gcp-us-east1-gcp-json-512-512-311: 2039/2500 tasks started.aws-us-east-1-aws-json-512-512-862: 2500/2500 tasks started.alibaba-us-east-1-alibaba-json-512-512-161: 2500/2500 tasks started.azure-germanywestcentral-azure-json-512-512-253: 675/2500 tasks started.
[2025-12-01T05:15:43Z] [[36minfo[0m] [function_finished] Finished benchmarking function aws-json-512 and closed archiver
[2025-12-01T05:15:43Z] [[36minfo[0m] [progress_update] alibaba-us-east-1-alibaba-json-512-512-161: 2500/2500 tasks started.azure-germanywestcentral-azure-json-512-512-253: 1298/2500 tasks started.gcp-us-east1-gcp-json-512-512-311: 2500/2500 tasks started.aws-us-east-1-aws-json-512-512-862: 2500/2500 tasks started.
[2025-12-01T05:15:50Z] [[36minfo[0m] [function_finished] Finished benchmarking function gcp-json-512 and closed archiver
[2025-12-01T05:15:53Z] [[36minfo[0m] [progress_update] aws-us-east-1-aws-json-512-512-862: 2500/2500 tasks started.alibaba-us-east-1-alibaba-json-512-512-161: 2500/2500 tasks started.azure-germanywestcentral-azure-json-512-512-253: 1762/2500 tasks started.gcp-us-east1-gcp-json-512-512-311: 2500/2500 tasks started.
[2025-12-01T05:16:03Z] [[36minfo[0m] [progress_update] gcp-us-east1-gcp-json-512-512-311: 2500/2500 tasks started.aws-us-east-1-aws-json-512-512-862: 2500/2500 tasks started.alibaba-us-east-1-alibaba-json-512-512-161: 2500/2500 tasks started.azure-germanywestcentral-azure-json-512-512-253: 2248/2500 tasks started.
[2025-12-01T05:16:13Z] [[36minfo[0m] [progress_update] aws-us-east-1-aws-json-512-512-862: 2500/2500 tasks started.alibaba-us-east-1-alibaba-json-512-512-161: 2500/2500 tasks started.azure-germanywestcentral-azure-json-512-512-253: 2260/2500 tasks started.gcp-us-east1-gcp-json-512-512-311: 2500/2500 tasks started.
[2025-12-01T05:16:23Z] [[36minfo[0m] [progress_update] azure-germanywestcentral-azure-json-512-512-253: 2266/2500 tasks started.gcp-us-east1-gcp-json-512-512-311: 2500/2500 tasks started.aws-us-east-1-aws-json-512-512-862: 2500/2500 tasks started.alibaba-us-east-1-alibaba-json-512-512-161: 2500/2500 tasks started.
[2025-12-01T05:16:33Z] [[36minfo[0m] [progress_update] aws-us-east-1-aws-json-512-512-862: 2500/2500 tasks started.alibaba-us-east-1-alibaba-json-512-512-161: 2500/2500 tasks started.azure-germanywestcentral-azure-json-512-512-253: 2277/2500 tasks started.gcp-us-east1-gcp-json-512-512-311: 2500/2500 tasks started.
[2025-12-01T05:16:43Z] [[36minfo[0m] [progress_update] gcp-us-east1-gcp-json-512-512-311: 2500/2500 tasks started.aws-us-east-1-aws-json-512-512-862: 2500/2500 tasks started.alibaba-us-east-1-alibaba-json-512-512-161: 2500/2500 tasks started.azure-germanywestcentral-azure-json-512-512-253: 2285/2500 tasks started.
[2025-12-01T05:16:53Z] [[36minfo[0m] [progress_update] azure-germanywestcentral-azure-json-512-512-253: 2307/2500 tasks started.gcp-us-east1-gcp-json-512-512-311: 2500/2500 tasks started.aws-us-east-1-aws-json-512-512-862: 2500/2500 tasks started.alibaba-us-east-1-alibaba-json-512-512-161: 2500/2500 tasks started.
[2025-12-01T05:17:03Z] [[36minfo[0m] [progress_update] azure-germanywestcentral-azure-json-512-512-253: 2434/2500 tasks started.gcp-us-east1-gcp-json-512-512-311: 2500/2500 tasks started.aws-us-east-1-aws-json-512-512-862: 2500/2500 tasks started.alibaba-us-east-1-alibaba-json-512-512-161: 2500/2500 tasks started.
[2025-12-01T05:17:13Z] [[36minfo[0m] [progress_update] alibaba-us-east-1-alibaba-json-512-512-161: 2500/2500 tasks started.azure-germanywestcentral-azure-json-512-512-253: 2500/2500 tasks started.gcp-us-east1-gcp-json-512-512-311: 2500/2500 tasks started.aws-us-east-1-aws-json-512-512-862: 2500/2500 tasks started.
[2025-12-01T05:17:23Z] [[36minfo[0m] [progress_update] azure-germanywestcentral-azure-json-512-512-253: 2500/2500 tasks started.gcp-us-east1-gcp-json-512-512-311: 2500/2500 tasks started.aws-us-east-1-aws-json-512-512-862: 2500/2500 tasks started.alibaba-us-east-1-alibaba-json-512-512-161: 2500/2500 tasks started.
[2025-12-01T05:17:33Z] [[36minfo[0m] [progress_update] azure-germanywestcentral-azure-json-512-512-253: 2500/2500 tasks started.gcp-us-east1-gcp-json-512-512-311: 2500/2500 tasks started.aws-us-east-1-aws-json-512-512-862: 2500/2500 tasks started.alibaba-us-east-1-alibaba-json-512-512-161: 2500/2500 tasks started.
[2025-12-01T05:17:43Z] [[36minfo[0m] [progress_update] alibaba-us-east-1-alibaba-json-512-512-161: 2500/2500 tasks started.azure-germanywestcentral-azure-json-512-512-253: 2500/2500 tasks started.gcp-us-east1-gcp-json-512-512-311: 2500/2500 tasks started.aws-us-east-1-aws-json-512-512-862: 2500/2500 tasks started.
[2025-12-01T05:17:53Z] [[36minfo[0m] [progress_update] aws-us-east-1-aws-json-512-512-862: 2500/2500 tasks started.alibaba-us-east-1-alibaba-json-512-512-161: 2500/2500 tasks started.azure-germanywestcentral-azure-json-512-512-253: 2500/2500 tasks started.gcp-us-east1-gcp-json-512-512-311: 2500/2500 tasks started.
[2025-12-01T05:18:03Z] [[36minfo[0m] [progress_update] aws-us-east-1-aws-json-512-512-862: 2500/2500 tasks started.alibaba-us-east-1-alibaba-json-512-512-161: 2500/2500 tasks started.azure-germanywestcentral-azure-json-512-512-253: 2500/2500 tasks started.gcp-us-east1-gcp-json-512-512-311: 2500/2500 tasks started.
[2025-12-01T05:18:13Z] [[36minfo[0m] [progress_update] aws-us-east-1-aws-json-512-512-862: 2500/2500 tasks started.alibaba-us-east-1-alibaba-json-512-512-161: 2500/2500 tasks started.azure-germanywestcentral-azure-json-512-512-253: 2500/2500 tasks started.gcp-us-east1-gcp-json-512-512-311: 2500/2500 tasks started.
[2025-12-01T05:18:23Z] [[36minfo[0m] [progress_update] alibaba-us-east-1-alibaba-json-512-512-161: 2500/2500 tasks started.azure-germanywestcentral-azure-json-512-512-253: 2500/2500 tasks started.gcp-us-east1-gcp-json-512-512-311: 2500/2500 tasks started.aws-us-east-1-aws-json-512-512-862: 2500/2500 tasks started.
[2025-12-01T05:18:33Z] [[36minfo[0m] [progress_update] aws-us-east-1-aws-json-512-512-862: 2500/2500 tasks started.alibaba-us-east-1-alibaba-json-512-512-161: 2500/2500 tasks started.azure-germanywestcentral-azure-json-512-512-253: 2500/2500 tasks started.gcp-us-east1-gcp-json-512-512-311: 2500/2500 tasks started.
[2025-12-01T05:18:43Z] [[36minfo[0m] [progress_update] aws-us-east-1-aws-json-512-512-862: 2500/2500 tasks started.alibaba-us-east-1-alibaba-json-512-512-161: 2500/2500 tasks started.azure-germanywestcentral-azure-json-512-512-253: 2500/2500 tasks started.gcp-us-east1-gcp-json-512-512-311: 2500/2500 tasks started.
[2025-12-01T05:18:53Z] [[36minfo[0m] [progress_update] aws-us-east-1-aws-json-512-512-862: 2500/2500 tasks started.alibaba-us-east-1-alibaba-json-512-512-161: 2500/2500 tasks started.azure-germanywestcentral-azure-json-512-512-253: 2500/2500 tasks started.gcp-us-east1-gcp-json-512-512-311: 2500/2500 tasks started.
[2025-12-01T05:19:03Z] [[36minfo[0m] [progress_update] aws-us-east-1-aws-json-512-512-862: 2500/2500 tasks started.alibaba-us-east-1-alibaba-json-512-512-161: 2500/2500 tasks started.azure-germanywestcentral-azure-json-512-512-253: 2500/2500 tasks started.gcp-us-east1-gcp-json-512-512-311: 2500/2500 tasks started.
[2025-12-01T05:19:13Z] [[36minfo[0m] [progress_update] azure-germanywestcentral-azure-json-512-512-253: 2500/2500 tasks started.gcp-us-east1-gcp-json-512-512-311: 2500/2500 tasks started.aws-us-east-1-aws-json-512-512-862: 2500/2500 tasks started.alibaba-us-east-1-alibaba-json-512-512-161: 2500/2500 tasks started.
[2025-12-01T05:19:23Z] [[36minfo[0m] [progress_update] azure-germanywestcentral-azure-json-512-512-253: 2500/2500 tasks started.gcp-us-east1-gcp-json-512-512-311: 2500/2500 tasks started.aws-us-east-1-aws-json-512-512-862: 2500/2500 tasks started.alibaba-us-east-1-alibaba-json-512-512-161: 2500/2500 tasks started.
[2025-12-01T05:19:33Z] [[36minfo[0m] [progress_update] azure-germanywestcentral-azure-json-512-512-253: 2500/2500 tasks started.gcp-us-east1-gcp-json-512-512-311: 2500/2500 tasks started.aws-us-east-1-aws-json-512-512-862: 2500/2500 tasks started.alibaba-us-east-1-alibaba-json-512-512-161: 2500/2500 tasks started.
[2025-12-01T05:19:36Z] [[31merror[0m] [task_execution] Error executing task alibaba-json-512: task alibaba-json-512 failed after 7 retries: <nil>
[2025-12-01T05:19:41Z] [[36minfo[0m] [function_finished] Finished benchmarking function alibaba-json-512 and closed archiver
[2025-12-01T05:19:43Z] [[36minfo[0m] [progress_update] aws-us-east-1-aws-json-512-512-862: 2500/2500 tasks started.alibaba-us-east-1-alibaba-json-512-512-161: 2500/2500 tasks started.azure-germanywestcentral-azure-json-512-512-253: 2500/2500 tasks started.gcp-us-east1-gcp-json-512-512-311: 2500/2500 tasks started.
[2025-12-01T05:19:53Z] [[36minfo[0m] [progress_update] aws-us-east-1-aws-json-512-512-862: 2500/2500 tasks started.alibaba-us-east-1-alibaba-json-512-512-161: 2500/2500 tasks started.azure-germanywestcentral-azure-json-512-512-253: 2500/2500 tasks started.gcp-us-east1-gcp-json-512-512-311: 2500/2500 tasks started.
[2025-12-01T05:20:03Z] [[36minfo[0m] [progress_update] azure-germanywestcentral-azure-json-512-512-253: 2500/2500 tasks started.gcp-us-east1-gcp-json-512-512-311: 2500/2500 tasks started.aws-us-east-1-aws-json-512-512-862: 2500/2500 tasks started.alibaba-us-east-1-alibaba-json-512-512-161: 2500/2500 tasks started.
[2025-12-01T05:20:12Z] [[31merror[0m] [task_execution] Error executing task azure-json-512: task azure-json-512 failed after 7 retries: <nil>
[2025-12-01T05:20:12Z] [[31merror[0m] [task_execution] Error executing task azure-json-512: task azure-json-512 failed after 7 retries: <nil>
[2025-12-01T05:20:12Z] [[31merror[0m] [task_execution] Error executing task azure-json-512: task azure-json-512 failed after 7 retries: <nil>
[2025-12-01T05:20:12Z] [[31merror[0m] [task_execution] Error executing task azure-json-512: task azure-json-512 failed after 7 retries: <nil>
[2025-12-01T05:20:12Z] [[31merror[0m] [task_execution] Error executing task azure-json-512: task azure-json-512 failed after 7 retries: <nil>
[2025-12-01T05:20:12Z] [[31merror[0m] [task_execution] Error executing task azure-json-512: task azure-json-512 failed after 7 retries: <nil>
[2025-12-01T05:20:12Z] [[31merror[0m] [task_execution] Error executing task azure-json-512: task azure-json-512 failed after 7 retries: <nil>
[2025-12-01T05:20:12Z] [[31merror[0m] [task_execution] Error executing task azure-json-512: task azure-json-512 failed after 7 retries: <nil>
[2025-12-01T05:20:12Z] [[31merror[0m] [task_execution] Error executing task azure-json-512: task azure-json-512 failed after 7 retries: <nil>
[2025-12-01T05:20:12Z] [[31merror[0m] [task_execution] Error executing task azure-json-512: task azure-json-512 failed after 7 retries: <nil>
[2025-12-01T05:20:13Z] [[31merror[0m] [task_execution] Error executing task azure-json-512: task azure-json-512 failed after 7 retries: <nil>
[2025-12-01T05:20:13Z] [[31merror[0m] [task_execution] Error executing task azure-json-512: task azure-json-512 failed after 7 retries: <nil>
[2025-12-01T05:20:13Z] [[31merror[0m] [task_execution] Error executing task azure-json-512: task azure-json-512 failed after 7 retries: <nil>
[2025-12-01T05:20:13Z] [[31merror[0m] [task_execution] Error executing task azure-json-512: task azure-json-512 failed after 7 retries: <nil>
[2025-12-01T05:20:13Z] [[31merror[0m] [task_execution] Error executing task azure-json-512: task azure-json-512 failed after 7 retries: <nil>
[2025-12-01T05:20:13Z] [[31merror[0m] [task_execution] Error executing task azure-json-512: task azure-json-512 failed after 7 retries: <nil>
[2025-12-01T05:20:13Z] [[31merror[0m] [task_execution] Error executing task azure-json-512: task azure-json-512 failed after 7 retries: <nil>
[2025-12-01T05:20:13Z] [[31merror[0m] [task_execution] Error executing task azure-json-512: task azure-json-512 failed after 7 retries: <nil>
[2025-12-01T05:20:13Z] [[31merror[0m] [task_execution] Error executing task azure-json-512: task azure-json-512 failed after 7 retries: <nil>
[2025-12-01T05:20:13Z] [[31merror[0m] [task_execution] Error executing task azure-json-512: task azure-json-512 failed after 7 retries: <nil>
[2025-12-01T05:20:13Z] [[31merror[0m] [task_execution] Error executing task azure-json-512: task azure-json-512 failed after 7 retries: <nil>
[2025-12-01T05:20:13Z] [[31merror[0m] [task_execution] Error executing task azure-json-512: task azure-json-512 failed after 7 retries: <nil>
[2025-12-01T05:20:13Z] [[31merror[0m] [task_execution] Error executing task azure-json-512: task azure-json-512 failed after 7 retries: <nil>
[2025-12-01T05:20:13Z] [[31merror[0m] [task_execution] Error executing task azure-json-512: task azure-json-512 failed after 7 retries: <nil>
[2025-12-01T05:20:13Z] [[31merror[0m] [task_execution] Error executing task azure-json-512: task azure-json-512 failed after 7 retries: <nil>
[2025-12-01T05:20:13Z] [[31merror[0m] [task_execution] Error executing task azure-json-512: task azure-json-512 failed after 7 retries: <nil>
[2025-12-01T05:20:13Z] [[31merror[0m] [task_execution] Error executing task azure-json-512: task azure-json-512 failed after 7 retries: <nil>
[2025-12-01T05:20:13Z] [[31merror[0m] [task_execution] Error executing task azure-json-512: task azure-json-512 failed after 7 retries: <nil>
[2025-12-01T05:20:13Z] [[31merror[0m] [task_execution] Error executing task azure-json-512: task azure-json-512 failed after 7 retries: <nil>
[2025-12-01T05:20:13Z] [[31merror[0m] [task_execution] Error executing task azure-json-512: task azure-json-512 failed after 7 retries: <nil>
[2025-12-01T05:20:13Z] [[31merror[0m] [task_execution] Error executing task azure-json-512: task azure-json-512 failed after 7 retries: <nil>
[2025-12-01T05:20:13Z] [[36minfo[0m] [progress_update] aws-us-east-1-aws-json-512-512-862: 2500/2500 tasks started.alibaba-us-east-1-alibaba-json-512-512-161: 2500/2500 tasks started.azure-germanywestcentral-azure-json-512-512-253: 2500/2500 tasks started.gcp-us-east1-gcp-json-512-512-311: 2500/2500 tasks started.
[2025-12-01T05:20:13Z] [[31merror[0m] [task_execution] Error executing task azure-json-512: task azure-json-512 failed after 7 retries: <nil>
[2025-12-01T05:20:14Z] [[31merror[0m] [task_execution] Error executing task azure-json-512: task azure-json-512 failed after 7 retries: <nil>
[2025-12-01T05:20:14Z] [[31merror[0m] [task_execution] Error executing task azure-json-512: task azure-json-512 failed after 7 retries: <nil>
[2025-12-01T05:20:14Z] [[31merror[0m] [task_execution] Error executing task azure-json-512: task azure-json-512 failed after 7 retries: <nil>
[2025-12-01T05:20:14Z] [[31merror[0m] [task_execution] Error executing task azure-json-512: task azure-json-512 failed after 7 retries: <nil>
[2025-12-01T05:20:14Z] [[31merror[0m] [task_execution] Error executing task azure-json-512: task azure-json-512 failed after 7 retries: <nil>
[2025-12-01T05:20:14Z] [[31merror[0m] [task_execution] Error executing task azure-json-512: task azure-json-512 failed after 7 retries: <nil>
[2025-12-01T05:20:14Z] [[31merror[0m] [task_execution] Error executing task azure-json-512: task azure-json-512 failed after 7 retries: <nil>
[2025-12-01T05:20:14Z] [[31merror[0m] [task_execution] Error executing task azure-json-512: task azure-json-512 failed after 7 retries: <nil>
[2025-12-01T05:20:15Z] [[31merror[0m] [task_execution] Error executing task azure-json-512: task azure-json-512 failed after 7 retries: <nil>
[2025-12-01T05:20:15Z] [[31merror[0m] [task_execution] Error executing task azure-json-512: task azure-json-512 failed after 7 retries: <nil>
[2025-12-01T05:20:15Z] [[31merror[0m] [task_execution] Error executing task azure-json-512: task azure-json-512 failed after 7 retries: <nil>
[2025-12-01T05:20:15Z] [[31merror[0m] [task_execution] Error executing task azure-json-512: task azure-json-512 failed after 7 retries: <nil>
[2025-12-01T05:20:15Z] [[31merror[0m] [task_execution] Error executing task azure-json-512: task azure-json-512 failed after 7 retries: <nil>
[2025-12-01T05:20:15Z] [[31merror[0m] [task_execution] Error executing task azure-json-512: task azure-json-512 failed after 7 retries: <nil>
[2025-12-01T05:20:15Z] [[31merror[0m] [task_execution] Error executing task azure-json-512: task azure-json-512 failed after 7 retries: <nil>
[2025-12-01T05:20:15Z] [[31merror[0m] [task_execution] Error executing task azure-json-512: task azure-json-512 failed after 7 retries: <nil>
[2025-12-01T05:20:15Z] [[31merror[0m] [task_execution] Error executing task azure-json-512: task azure-json-512 failed after 7 retries: <nil>
[2025-12-01T05:20:15Z] [[31merror[0m] [task_execution] Error executing task azure-json-512: task azure-json-512 failed after 7 retries: <nil>
[2025-12-01T05:20:15Z] [[31merror[0m] [task_execution] Error executing task azure-json-512: task azure-json-512 failed after 7 retries: <nil>
[2025-12-01T05:20:15Z] [[31merror[0m] [task_execution] Error executing task azure-json-512: task azure-json-512 failed after 7 retries: <nil>
[2025-12-01T05:20:15Z] [[31merror[0m] [task_execution] Error executing task azure-json-512: task azure-json-512 failed after 7 retries: <nil>
[2025-12-01T05:20:15Z] [[31merror[0m] [task_execution] Error executing task azure-json-512: task azure-json-512 failed after 7 retries: <nil>
[2025-12-01T05:20:15Z] [[31merror[0m] [task_execution] Error executing task azure-json-512: task azure-json-512 failed after 7 retries: <nil>
[2025-12-01T05:20:16Z] [[31merror[0m] [task_execution] Error executing task azure-json-512: task azure-json-512 failed after 7 retries: <nil>
[2025-12-01T05:20:16Z] [[31merror[0m] [task_execution] Error executing task azure-json-512: task azure-json-512 failed after 7 retries: <nil>
[2025-12-01T05:20:16Z] [[31merror[0m] [task_execution] Error executing task azure-json-512: task azure-json-512 failed after 7 retries: <nil>
[2025-12-01T05:20:16Z] [[31merror[0m] [task_execution] Error executing task azure-json-512: task azure-json-512 failed after 7 retries: <nil>
[2025-12-01T05:20:17Z] [[31merror[0m] [task_execution] Error executing task azure-json-512: task azure-json-512 failed after 7 retries: <nil>
[2025-12-01T05:20:17Z] [[31merror[0m] [task_execution] Error executing task azure-json-512: task azure-json-512 failed after 7 retries: <nil>
[2025-12-01T05:20:17Z] [[31merror[0m] [task_execution] Error executing task azure-json-512: task azure-json-512 failed after 7 retries: <nil>
[2025-12-01T05:20:17Z] [[31merror[0m] [task_execution] Error executing task azure-json-512: task azure-json-512 failed after 7 retries: <nil>
[2025-12-01T05:20:17Z] [[31merror[0m] [task_execution] Error executing task azure-json-512: task azure-json-512 failed after 7 retries: <nil>
[2025-12-01T05:20:17Z] [[31merror[0m] [task_execution] Error executing task azure-json-512: task azure-json-512 failed after 7 retries: <nil>
[2025-12-01T05:20:17Z] [[31merror[0m] [task_execution] Error executing task azure-json-512: task azure-json-512 failed after 7 retries: <nil>
[2025-12-01T05:20:18Z] [[31merror[0m] [task_execution] Error executing task azure-json-512: task azure-json-512 failed after 7 retries: <nil>
[2025-12-01T05:20:19Z] [[31merror[0m] [task_execution] Error executing task azure-json-512: task azure-json-512 failed after 7 retries: <nil>
[2025-12-01T05:20:19Z] [[31merror[0m] [task_execution] Error executing task azure-json-512: task azure-json-512 failed after 7 retries: <nil>
[2025-12-01T05:20:19Z] [[31merror[0m] [task_execution] Error executing task azure-json-512: task azure-json-512 failed after 7 retries: <nil>
[2025-12-01T05:20:20Z] [[31merror[0m] [task_execution] Error executing task azure-json-512: task azure-json-512 failed after 7 retries: <nil>
[2025-12-01T05:20:23Z] [[36minfo[0m] [progress_update] alibaba-us-east-1-alibaba-json-512-512-161: 2500/2500 tasks started.azure-germanywestcentral-azure-json-512-512-253: 2500/2500 tasks started.gcp-us-east1-gcp-json-512-512-311: 2500/2500 tasks started.aws-us-east-1-aws-json-512-512-862: 2500/2500 tasks started.
[2025-12-01T05:20:33Z] [[36minfo[0m] [progress_update] alibaba-us-east-1-alibaba-json-512-512-161: 2500/2500 tasks started.azure-germanywestcentral-azure-json-512-512-253: 2500/2500 tasks started.gcp-us-east1-gcp-json-512-512-311: 2500/2500 tasks started.aws-us-east-1-aws-json-512-512-862: 2500/2500 tasks started.
[2025-12-01T05:20:43Z] [[36minfo[0m] [progress_update] alibaba-us-east-1-alibaba-json-512-512-161: 2500/2500 tasks started.azure-germanywestcentral-azure-json-512-512-253: 2500/2500 tasks started.gcp-us-east1-gcp-json-512-512-311: 2500/2500 tasks started.aws-us-east-1-aws-json-512-512-862: 2500/2500 tasks started.
[2025-12-01T05:20:43Z] [[31merror[0m] [task_execution] Error executing task azure-json-512: task azure-json-512 failed after 7 retries: <nil>
[2025-12-01T05:20:48Z] [[36minfo[0m] [function_finished] Finished benchmarking function azure-json-512 and closed archiver
[2025-12-01T05:20:50Z] [[36minfo[0m] [finish_timeline] Benchmark Timeline
[Mon Dec  1 05:20:50 UTC 2025] Finished benchmark 'json' successfully
[Mon Dec  1 05:20:50 UTC 2025] Sleeping 600 seconds before next workload...
