[Sat Nov 29 23:30:12 UTC 2025] Starting benchmark 'gemm' with config './configs/gemm.yaml'
Validating functions...
[2025-11-29T23:30:12Z] [[36minfo[0m] [executor_setup] Setting up executor for aws-us-east-1-aws-gemm-512-512-34
[2025-11-29T23:30:12Z] [[36minfo[0m] [executor_setup] Setting up executor for alibaba-us-east-1-alibaba-gemm-512-512-114
[2025-11-29T23:30:12Z] [[36minfo[0m] [executor_setup] Setting up executor for gcp-us-east1-gcp-gemm-512-512-145
[2025-11-29T23:30:12Z] [[36minfo[0m] [executor_setup] Setting up executor for azure-germanywestcentral-azure-gemm-512-512-855
[2025-11-29T23:30:12Z] [[0mwarning[0m] [[32mazure_limitations[0m] Azure can´t handle more than 300 parallel requests. Limiting to 300.
[2025-11-29T23:30:12Z] [[36minfo[0m] [start_timeline] Benchmark Timeline
[2025-11-29T23:30:12Z] [[36minfo[0m] [load_generator_start] (azure: germanywestcentral) Starting load generator with 300 workers
[2025-11-29T23:30:12Z] [[36minfo[0m] [load_generator_start] (aws: us-east-1) Starting load generator with 500 workers
[2025-11-29T23:30:12Z] [[36minfo[0m] [load_generator_start] (alibaba: us-east-1) Starting load generator with 500 workers
[2025-11-29T23:30:12Z] [[36minfo[0m] [load_generator_start] (gcp: us-east1) Starting load generator with 500 workers
[2025-11-29T23:30:22Z] [[36minfo[0m] [progress_update] aws-us-east-1-aws-gemm-512-512-34: 1678/2500 tasks started.alibaba-us-east-1-alibaba-gemm-512-512-114: 1276/2500 tasks started.gcp-us-east1-gcp-gemm-512-512-145: 1570/2500 tasks started.azure-germanywestcentral-azure-gemm-512-512-855: 665/2500 tasks started.
[2025-11-29T23:30:32Z] [[36minfo[0m] [progress_update] aws-us-east-1-aws-gemm-512-512-34: 2500/2500 tasks started.alibaba-us-east-1-alibaba-gemm-512-512-114: 2299/2500 tasks started.gcp-us-east1-gcp-gemm-512-512-145: 2500/2500 tasks started.azure-germanywestcentral-azure-gemm-512-512-855: 665/2500 tasks started.
[2025-11-29T23:30:42Z] [[36minfo[0m] [progress_update] gcp-us-east1-gcp-gemm-512-512-145: 2500/2500 tasks started.azure-germanywestcentral-azure-gemm-512-512-855: 1290/2500 tasks started.aws-us-east-1-aws-gemm-512-512-34: 2500/2500 tasks started.alibaba-us-east-1-alibaba-gemm-512-512-114: 2500/2500 tasks started.
[2025-11-29T23:30:42Z] [[36minfo[0m] [function_finished] Finished benchmarking function aws-gemm-512 and closed archiver
[2025-11-29T23:30:50Z] [[36minfo[0m] [function_finished] Finished benchmarking function gcp-gemm-512 and closed archiver
[2025-11-29T23:30:52Z] [[36minfo[0m] [progress_update] aws-us-east-1-aws-gemm-512-512-34: 2500/2500 tasks started.alibaba-us-east-1-alibaba-gemm-512-512-114: 2500/2500 tasks started.gcp-us-east1-gcp-gemm-512-512-145: 2500/2500 tasks started.azure-germanywestcentral-azure-gemm-512-512-855: 1820/2500 tasks started.
[2025-11-29T23:31:02Z] [[36minfo[0m] [progress_update] aws-us-east-1-aws-gemm-512-512-34: 2500/2500 tasks started.alibaba-us-east-1-alibaba-gemm-512-512-114: 2500/2500 tasks started.gcp-us-east1-gcp-gemm-512-512-145: 2500/2500 tasks started.azure-germanywestcentral-azure-gemm-512-512-855: 2363/2500 tasks started.
[2025-11-29T23:31:12Z] [[36minfo[0m] [progress_update] aws-us-east-1-aws-gemm-512-512-34: 2500/2500 tasks started.alibaba-us-east-1-alibaba-gemm-512-512-114: 2500/2500 tasks started.gcp-us-east1-gcp-gemm-512-512-145: 2500/2500 tasks started.azure-germanywestcentral-azure-gemm-512-512-855: 2393/2500 tasks started.
[2025-11-29T23:31:22Z] [[36minfo[0m] [progress_update] aws-us-east-1-aws-gemm-512-512-34: 2500/2500 tasks started.alibaba-us-east-1-alibaba-gemm-512-512-114: 2500/2500 tasks started.gcp-us-east1-gcp-gemm-512-512-145: 2500/2500 tasks started.azure-germanywestcentral-azure-gemm-512-512-855: 2413/2500 tasks started.
[2025-11-29T23:31:32Z] [[36minfo[0m] [progress_update] aws-us-east-1-aws-gemm-512-512-34: 2500/2500 tasks started.alibaba-us-east-1-alibaba-gemm-512-512-114: 2500/2500 tasks started.gcp-us-east1-gcp-gemm-512-512-145: 2500/2500 tasks started.azure-germanywestcentral-azure-gemm-512-512-855: 2490/2500 tasks started.
[2025-11-29T23:31:42Z] [[36minfo[0m] [progress_update] azure-germanywestcentral-azure-gemm-512-512-855: 2500/2500 tasks started.aws-us-east-1-aws-gemm-512-512-34: 2500/2500 tasks started.alibaba-us-east-1-alibaba-gemm-512-512-114: 2500/2500 tasks started.gcp-us-east1-gcp-gemm-512-512-145: 2500/2500 tasks started.
[2025-11-29T23:31:52Z] [[36minfo[0m] [progress_update] aws-us-east-1-aws-gemm-512-512-34: 2500/2500 tasks started.alibaba-us-east-1-alibaba-gemm-512-512-114: 2500/2500 tasks started.gcp-us-east1-gcp-gemm-512-512-145: 2500/2500 tasks started.azure-germanywestcentral-azure-gemm-512-512-855: 2500/2500 tasks started.
[2025-11-29T23:32:02Z] [[36minfo[0m] [progress_update] aws-us-east-1-aws-gemm-512-512-34: 2500/2500 tasks started.alibaba-us-east-1-alibaba-gemm-512-512-114: 2500/2500 tasks started.gcp-us-east1-gcp-gemm-512-512-145: 2500/2500 tasks started.azure-germanywestcentral-azure-gemm-512-512-855: 2500/2500 tasks started.
[2025-11-29T23:32:12Z] [[36minfo[0m] [progress_update] aws-us-east-1-aws-gemm-512-512-34: 2500/2500 tasks started.alibaba-us-east-1-alibaba-gemm-512-512-114: 2500/2500 tasks started.gcp-us-east1-gcp-gemm-512-512-145: 2500/2500 tasks started.azure-germanywestcentral-azure-gemm-512-512-855: 2500/2500 tasks started.
[2025-11-29T23:32:22Z] [[36minfo[0m] [progress_update] aws-us-east-1-aws-gemm-512-512-34: 2500/2500 tasks started.alibaba-us-east-1-alibaba-gemm-512-512-114: 2500/2500 tasks started.gcp-us-east1-gcp-gemm-512-512-145: 2500/2500 tasks started.azure-germanywestcentral-azure-gemm-512-512-855: 2500/2500 tasks started.
[2025-11-29T23:32:32Z] [[36minfo[0m] [progress_update] aws-us-east-1-aws-gemm-512-512-34: 2500/2500 tasks started.alibaba-us-east-1-alibaba-gemm-512-512-114: 2500/2500 tasks started.gcp-us-east1-gcp-gemm-512-512-145: 2500/2500 tasks started.azure-germanywestcentral-azure-gemm-512-512-855: 2500/2500 tasks started.
[2025-11-29T23:32:42Z] [[36minfo[0m] [progress_update] gcp-us-east1-gcp-gemm-512-512-145: 2500/2500 tasks started.azure-germanywestcentral-azure-gemm-512-512-855: 2500/2500 tasks started.aws-us-east-1-aws-gemm-512-512-34: 2500/2500 tasks started.alibaba-us-east-1-alibaba-gemm-512-512-114: 2500/2500 tasks started.
[2025-11-29T23:32:52Z] [[36minfo[0m] [progress_update] aws-us-east-1-aws-gemm-512-512-34: 2500/2500 tasks started.alibaba-us-east-1-alibaba-gemm-512-512-114: 2500/2500 tasks started.gcp-us-east1-gcp-gemm-512-512-145: 2500/2500 tasks started.azure-germanywestcentral-azure-gemm-512-512-855: 2500/2500 tasks started.
[2025-11-29T23:33:02Z] [[36minfo[0m] [progress_update] alibaba-us-east-1-alibaba-gemm-512-512-114: 2500/2500 tasks started.gcp-us-east1-gcp-gemm-512-512-145: 2500/2500 tasks started.azure-germanywestcentral-azure-gemm-512-512-855: 2500/2500 tasks started.aws-us-east-1-aws-gemm-512-512-34: 2500/2500 tasks started.
[2025-11-29T23:33:12Z] [[36minfo[0m] [progress_update] aws-us-east-1-aws-gemm-512-512-34: 2500/2500 tasks started.alibaba-us-east-1-alibaba-gemm-512-512-114: 2500/2500 tasks started.gcp-us-east1-gcp-gemm-512-512-145: 2500/2500 tasks started.azure-germanywestcentral-azure-gemm-512-512-855: 2500/2500 tasks started.
[2025-11-29T23:33:22Z] [[36minfo[0m] [progress_update] aws-us-east-1-aws-gemm-512-512-34: 2500/2500 tasks started.alibaba-us-east-1-alibaba-gemm-512-512-114: 2500/2500 tasks started.gcp-us-east1-gcp-gemm-512-512-145: 2500/2500 tasks started.azure-germanywestcentral-azure-gemm-512-512-855: 2500/2500 tasks started.
[2025-11-29T23:33:32Z] [[36minfo[0m] [progress_update] gcp-us-east1-gcp-gemm-512-512-145: 2500/2500 tasks started.azure-germanywestcentral-azure-gemm-512-512-855: 2500/2500 tasks started.aws-us-east-1-aws-gemm-512-512-34: 2500/2500 tasks started.alibaba-us-east-1-alibaba-gemm-512-512-114: 2500/2500 tasks started.
[2025-11-29T23:33:42Z] [[36minfo[0m] [progress_update] aws-us-east-1-aws-gemm-512-512-34: 2500/2500 tasks started.alibaba-us-east-1-alibaba-gemm-512-512-114: 2500/2500 tasks started.gcp-us-east1-gcp-gemm-512-512-145: 2500/2500 tasks started.azure-germanywestcentral-azure-gemm-512-512-855: 2500/2500 tasks started.
[2025-11-29T23:33:52Z] [[36minfo[0m] [progress_update] aws-us-east-1-aws-gemm-512-512-34: 2500/2500 tasks started.alibaba-us-east-1-alibaba-gemm-512-512-114: 2500/2500 tasks started.gcp-us-east1-gcp-gemm-512-512-145: 2500/2500 tasks started.azure-germanywestcentral-azure-gemm-512-512-855: 2500/2500 tasks started.
[2025-11-29T23:34:02Z] [[36minfo[0m] [progress_update] aws-us-east-1-aws-gemm-512-512-34: 2500/2500 tasks started.alibaba-us-east-1-alibaba-gemm-512-512-114: 2500/2500 tasks started.gcp-us-east1-gcp-gemm-512-512-145: 2500/2500 tasks started.azure-germanywestcentral-azure-gemm-512-512-855: 2500/2500 tasks started.
[2025-11-29T23:34:12Z] [[36minfo[0m] [progress_update] aws-us-east-1-aws-gemm-512-512-34: 2500/2500 tasks started.alibaba-us-east-1-alibaba-gemm-512-512-114: 2500/2500 tasks started.gcp-us-east1-gcp-gemm-512-512-145: 2500/2500 tasks started.azure-germanywestcentral-azure-gemm-512-512-855: 2500/2500 tasks started.
[2025-11-29T23:34:22Z] [[36minfo[0m] [progress_update] aws-us-east-1-aws-gemm-512-512-34: 2500/2500 tasks started.alibaba-us-east-1-alibaba-gemm-512-512-114: 2500/2500 tasks started.gcp-us-east1-gcp-gemm-512-512-145: 2500/2500 tasks started.azure-germanywestcentral-azure-gemm-512-512-855: 2500/2500 tasks started.
[2025-11-29T23:34:32Z] [[36minfo[0m] [progress_update] aws-us-east-1-aws-gemm-512-512-34: 2500/2500 tasks started.alibaba-us-east-1-alibaba-gemm-512-512-114: 2500/2500 tasks started.gcp-us-east1-gcp-gemm-512-512-145: 2500/2500 tasks started.azure-germanywestcentral-azure-gemm-512-512-855: 2500/2500 tasks started.
[2025-11-29T23:34:35Z] [[31merror[0m] [task_execution] Error executing task alibaba-gemm-512: task alibaba-gemm-512 failed after 7 retries: <nil>
[2025-11-29T23:34:35Z] [[31merror[0m] [task_execution] Error executing task alibaba-gemm-512: task alibaba-gemm-512 failed after 7 retries: <nil>
[2025-11-29T23:34:40Z] [[36minfo[0m] [function_finished] Finished benchmarking function alibaba-gemm-512 and closed archiver
[2025-11-29T23:34:42Z] [[36minfo[0m] [progress_update] azure-germanywestcentral-azure-gemm-512-512-855: 2500/2500 tasks started.aws-us-east-1-aws-gemm-512-512-34: 2500/2500 tasks started.alibaba-us-east-1-alibaba-gemm-512-512-114: 2500/2500 tasks started.gcp-us-east1-gcp-gemm-512-512-145: 2500/2500 tasks started.
[2025-11-29T23:34:51Z] [[31merror[0m] [task_execution] Error executing task azure-gemm-512: task azure-gemm-512 failed after 7 retries: <nil>
[2025-11-29T23:34:52Z] [[31merror[0m] [task_execution] Error executing task azure-gemm-512: task azure-gemm-512 failed after 7 retries: <nil>
[2025-11-29T23:34:52Z] [[31merror[0m] [task_execution] Error executing task azure-gemm-512: task azure-gemm-512 failed after 7 retries: <nil>
[2025-11-29T23:34:52Z] [[31merror[0m] [task_execution] Error executing task azure-gemm-512: task azure-gemm-512 failed after 7 retries: <nil>
[2025-11-29T23:34:52Z] [[31merror[0m] [task_execution] Error executing task azure-gemm-512: task azure-gemm-512 failed after 7 retries: <nil>
[2025-11-29T23:34:52Z] [[36minfo[0m] [progress_update] alibaba-us-east-1-alibaba-gemm-512-512-114: 2500/2500 tasks started.gcp-us-east1-gcp-gemm-512-512-145: 2500/2500 tasks started.azure-germanywestcentral-azure-gemm-512-512-855: 2500/2500 tasks started.aws-us-east-1-aws-gemm-512-512-34: 2500/2500 tasks started.
[2025-11-29T23:34:52Z] [[31merror[0m] [task_execution] Error executing task azure-gemm-512: task azure-gemm-512 failed after 7 retries: <nil>
[2025-11-29T23:34:52Z] [[31merror[0m] [task_execution] Error executing task azure-gemm-512: task azure-gemm-512 failed after 7 retries: <nil>
[2025-11-29T23:34:53Z] [[31merror[0m] [task_execution] Error executing task azure-gemm-512: task azure-gemm-512 failed after 7 retries: <nil>
[2025-11-29T23:34:53Z] [[31merror[0m] [task_execution] Error executing task azure-gemm-512: task azure-gemm-512 failed after 7 retries: <nil>
[2025-11-29T23:35:02Z] [[36minfo[0m] [progress_update] alibaba-us-east-1-alibaba-gemm-512-512-114: 2500/2500 tasks started.gcp-us-east1-gcp-gemm-512-512-145: 2500/2500 tasks started.azure-germanywestcentral-azure-gemm-512-512-855: 2500/2500 tasks started.aws-us-east-1-aws-gemm-512-512-34: 2500/2500 tasks started.
[2025-11-29T23:35:09Z] [[31merror[0m] [task_execution] Error executing task azure-gemm-512: task azure-gemm-512 failed after 7 retries: <nil>
[2025-11-29T23:35:09Z] [[31merror[0m] [task_execution] Error executing task azure-gemm-512: task azure-gemm-512 failed after 7 retries: <nil>
[2025-11-29T23:35:09Z] [[31merror[0m] [task_execution] Error executing task azure-gemm-512: task azure-gemm-512 failed after 7 retries: <nil>
[2025-11-29T23:35:09Z] [[31merror[0m] [task_execution] Error executing task azure-gemm-512: task azure-gemm-512 failed after 7 retries: <nil>
[2025-11-29T23:35:09Z] [[31merror[0m] [task_execution] Error executing task azure-gemm-512: task azure-gemm-512 failed after 7 retries: <nil>
[2025-11-29T23:35:09Z] [[31merror[0m] [task_execution] Error executing task azure-gemm-512: task azure-gemm-512 failed after 7 retries: <nil>
[2025-11-29T23:35:09Z] [[31merror[0m] [task_execution] Error executing task azure-gemm-512: task azure-gemm-512 failed after 7 retries: <nil>
[2025-11-29T23:35:09Z] [[31merror[0m] [task_execution] Error executing task azure-gemm-512: task azure-gemm-512 failed after 7 retries: <nil>
[2025-11-29T23:35:09Z] [[31merror[0m] [task_execution] Error executing task azure-gemm-512: task azure-gemm-512 failed after 7 retries: <nil>
[2025-11-29T23:35:09Z] [[31merror[0m] [task_execution] Error executing task azure-gemm-512: task azure-gemm-512 failed after 7 retries: <nil>
[2025-11-29T23:35:10Z] [[31merror[0m] [task_execution] Error executing task azure-gemm-512: task azure-gemm-512 failed after 7 retries: <nil>
[2025-11-29T23:35:10Z] [[31merror[0m] [task_execution] Error executing task azure-gemm-512: task azure-gemm-512 failed after 7 retries: <nil>
[2025-11-29T23:35:10Z] [[31merror[0m] [task_execution] Error executing task azure-gemm-512: task azure-gemm-512 failed after 7 retries: <nil>
[2025-11-29T23:35:10Z] [[31merror[0m] [task_execution] Error executing task azure-gemm-512: task azure-gemm-512 failed after 7 retries: <nil>
[2025-11-29T23:35:10Z] [[31merror[0m] [task_execution] Error executing task azure-gemm-512: task azure-gemm-512 failed after 7 retries: <nil>
[2025-11-29T23:35:10Z] [[31merror[0m] [task_execution] Error executing task azure-gemm-512: task azure-gemm-512 failed after 7 retries: <nil>
[2025-11-29T23:35:10Z] [[31merror[0m] [task_execution] Error executing task azure-gemm-512: task azure-gemm-512 failed after 7 retries: <nil>
[2025-11-29T23:35:10Z] [[31merror[0m] [task_execution] Error executing task azure-gemm-512: task azure-gemm-512 failed after 7 retries: <nil>
[2025-11-29T23:35:10Z] [[31merror[0m] [task_execution] Error executing task azure-gemm-512: task azure-gemm-512 failed after 7 retries: <nil>
[2025-11-29T23:35:11Z] [[31merror[0m] [task_execution] Error executing task azure-gemm-512: task azure-gemm-512 failed after 7 retries: <nil>
[2025-11-29T23:35:11Z] [[31merror[0m] [task_execution] Error executing task azure-gemm-512: task azure-gemm-512 failed after 7 retries: <nil>
[2025-11-29T23:35:11Z] [[31merror[0m] [task_execution] Error executing task azure-gemm-512: task azure-gemm-512 failed after 7 retries: <nil>
[2025-11-29T23:35:11Z] [[31merror[0m] [task_execution] Error executing task azure-gemm-512: task azure-gemm-512 failed after 7 retries: <nil>
[2025-11-29T23:35:11Z] [[31merror[0m] [task_execution] Error executing task azure-gemm-512: task azure-gemm-512 failed after 7 retries: <nil>
[2025-11-29T23:35:11Z] [[31merror[0m] [task_execution] Error executing task azure-gemm-512: task azure-gemm-512 failed after 7 retries: <nil>
[2025-11-29T23:35:11Z] [[31merror[0m] [task_execution] Error executing task azure-gemm-512: task azure-gemm-512 failed after 7 retries: <nil>
[2025-11-29T23:35:11Z] [[31merror[0m] [task_execution] Error executing task azure-gemm-512: task azure-gemm-512 failed after 7 retries: <nil>
[2025-11-29T23:35:11Z] [[31merror[0m] [task_execution] Error executing task azure-gemm-512: task azure-gemm-512 failed after 7 retries: <nil>
[2025-11-29T23:35:11Z] [[31merror[0m] [task_execution] Error executing task azure-gemm-512: task azure-gemm-512 failed after 7 retries: <nil>
[2025-11-29T23:35:11Z] [[31merror[0m] [task_execution] Error executing task azure-gemm-512: task azure-gemm-512 failed after 7 retries: <nil>
[2025-11-29T23:35:11Z] [[31merror[0m] [task_execution] Error executing task azure-gemm-512: task azure-gemm-512 failed after 7 retries: <nil>
[2025-11-29T23:35:11Z] [[31merror[0m] [task_execution] Error executing task azure-gemm-512: task azure-gemm-512 failed after 7 retries: <nil>
[2025-11-29T23:35:11Z] [[31merror[0m] [task_execution] Error executing task azure-gemm-512: task azure-gemm-512 failed after 7 retries: <nil>
[2025-11-29T23:35:11Z] [[31merror[0m] [task_execution] Error executing task azure-gemm-512: task azure-gemm-512 failed after 7 retries: <nil>
[2025-11-29T23:35:12Z] [[31merror[0m] [task_execution] Error executing task azure-gemm-512: task azure-gemm-512 failed after 7 retries: <nil>
[2025-11-29T23:35:12Z] [[31merror[0m] [task_execution] Error executing task azure-gemm-512: task azure-gemm-512 failed after 7 retries: <nil>
[2025-11-29T23:35:12Z] [[31merror[0m] [task_execution] Error executing task azure-gemm-512: task azure-gemm-512 failed after 7 retries: <nil>
[2025-11-29T23:35:12Z] [[31merror[0m] [task_execution] Error executing task azure-gemm-512: task azure-gemm-512 failed after 7 retries: <nil>
[2025-11-29T23:35:12Z] [[31merror[0m] [task_execution] Error executing task azure-gemm-512: task azure-gemm-512 failed after 7 retries: <nil>
[2025-11-29T23:35:12Z] [[31merror[0m] [task_execution] Error executing task azure-gemm-512: task azure-gemm-512 failed after 7 retries: <nil>
[2025-11-29T23:35:12Z] [[31merror[0m] [task_execution] Error executing task azure-gemm-512: task azure-gemm-512 failed after 7 retries: <nil>
[2025-11-29T23:35:12Z] [[31merror[0m] [task_execution] Error executing task azure-gemm-512: task azure-gemm-512 failed after 7 retries: <nil>
[2025-11-29T23:35:12Z] [[31merror[0m] [task_execution] Error executing task azure-gemm-512: task azure-gemm-512 failed after 7 retries: <nil>
[2025-11-29T23:35:12Z] [[31merror[0m] [task_execution] Error executing task azure-gemm-512: task azure-gemm-512 failed after 7 retries: <nil>
[2025-11-29T23:35:12Z] [[31merror[0m] [task_execution] Error executing task azure-gemm-512: task azure-gemm-512 failed after 7 retries: <nil>
[2025-11-29T23:35:12Z] [[31merror[0m] [task_execution] Error executing task azure-gemm-512: task azure-gemm-512 failed after 7 retries: <nil>
[2025-11-29T23:35:12Z] [[31merror[0m] [task_execution] Error executing task azure-gemm-512: task azure-gemm-512 failed after 7 retries: <nil>
[2025-11-29T23:35:12Z] [[36minfo[0m] [progress_update] aws-us-east-1-aws-gemm-512-512-34: 2500/2500 tasks started.alibaba-us-east-1-alibaba-gemm-512-512-114: 2500/2500 tasks started.gcp-us-east1-gcp-gemm-512-512-145: 2500/2500 tasks started.azure-germanywestcentral-azure-gemm-512-512-855: 2500/2500 tasks started.
[2025-11-29T23:35:12Z] [[31merror[0m] [task_execution] Error executing task azure-gemm-512: task azure-gemm-512 failed after 7 retries: <nil>
[2025-11-29T23:35:12Z] [[31merror[0m] [task_execution] Error executing task azure-gemm-512: task azure-gemm-512 failed after 7 retries: <nil>
[2025-11-29T23:35:12Z] [[31merror[0m] [task_execution] Error executing task azure-gemm-512: task azure-gemm-512 failed after 7 retries: <nil>
[2025-11-29T23:35:12Z] [[31merror[0m] [task_execution] Error executing task azure-gemm-512: task azure-gemm-512 failed after 7 retries: <nil>
[2025-11-29T23:35:12Z] [[31merror[0m] [task_execution] Error executing task azure-gemm-512: task azure-gemm-512 failed after 7 retries: <nil>
[2025-11-29T23:35:12Z] [[31merror[0m] [task_execution] Error executing task azure-gemm-512: task azure-gemm-512 failed after 7 retries: <nil>
[2025-11-29T23:35:12Z] [[31merror[0m] [task_execution] Error executing task azure-gemm-512: task azure-gemm-512 failed after 7 retries: <nil>
[2025-11-29T23:35:12Z] [[31merror[0m] [task_execution] Error executing task azure-gemm-512: task azure-gemm-512 failed after 7 retries: <nil>
[2025-11-29T23:35:13Z] [[31merror[0m] [task_execution] Error executing task azure-gemm-512: task azure-gemm-512 failed after 7 retries: <nil>
[2025-11-29T23:35:13Z] [[31merror[0m] [task_execution] Error executing task azure-gemm-512: task azure-gemm-512 failed after 7 retries: <nil>
[2025-11-29T23:35:13Z] [[31merror[0m] [task_execution] Error executing task azure-gemm-512: task azure-gemm-512 failed after 7 retries: <nil>
[2025-11-29T23:35:13Z] [[31merror[0m] [task_execution] Error executing task azure-gemm-512: task azure-gemm-512 failed after 7 retries: <nil>
[2025-11-29T23:35:13Z] [[31merror[0m] [task_execution] Error executing task azure-gemm-512: task azure-gemm-512 failed after 7 retries: <nil>
[2025-11-29T23:35:13Z] [[31merror[0m] [task_execution] Error executing task azure-gemm-512: task azure-gemm-512 failed after 7 retries: <nil>
[2025-11-29T23:35:13Z] [[31merror[0m] [task_execution] Error executing task azure-gemm-512: task azure-gemm-512 failed after 7 retries: <nil>
[2025-11-29T23:35:13Z] [[31merror[0m] [task_execution] Error executing task azure-gemm-512: task azure-gemm-512 failed after 7 retries: <nil>
[2025-11-29T23:35:13Z] [[31merror[0m] [task_execution] Error executing task azure-gemm-512: task azure-gemm-512 failed after 7 retries: <nil>
[2025-11-29T23:35:13Z] [[31merror[0m] [task_execution] Error executing task azure-gemm-512: task azure-gemm-512 failed after 7 retries: <nil>
[2025-11-29T23:35:13Z] [[31merror[0m] [task_execution] Error executing task azure-gemm-512: task azure-gemm-512 failed after 7 retries: <nil>
[2025-11-29T23:35:13Z] [[31merror[0m] [task_execution] Error executing task azure-gemm-512: task azure-gemm-512 failed after 7 retries: <nil>
[2025-11-29T23:35:13Z] [[31merror[0m] [task_execution] Error executing task azure-gemm-512: task azure-gemm-512 failed after 7 retries: <nil>
[2025-11-29T23:35:13Z] [[31merror[0m] [task_execution] Error executing task azure-gemm-512: task azure-gemm-512 failed after 7 retries: <nil>
[2025-11-29T23:35:13Z] [[31merror[0m] [task_execution] Error executing task azure-gemm-512: task azure-gemm-512 failed after 7 retries: <nil>
[2025-11-29T23:35:13Z] [[31merror[0m] [task_execution] Error executing task azure-gemm-512: task azure-gemm-512 failed after 7 retries: <nil>
[2025-11-29T23:35:13Z] [[31merror[0m] [task_execution] Error executing task azure-gemm-512: task azure-gemm-512 failed after 7 retries: <nil>
[2025-11-29T23:35:13Z] [[31merror[0m] [task_execution] Error executing task azure-gemm-512: task azure-gemm-512 failed after 7 retries: <nil>
[2025-11-29T23:35:13Z] [[31merror[0m] [task_execution] Error executing task azure-gemm-512: task azure-gemm-512 failed after 7 retries: <nil>
[2025-11-29T23:35:13Z] [[31merror[0m] [task_execution] Error executing task azure-gemm-512: task azure-gemm-512 failed after 7 retries: <nil>
[2025-11-29T23:35:14Z] [[31merror[0m] [task_execution] Error executing task azure-gemm-512: task azure-gemm-512 failed after 7 retries: <nil>
[2025-11-29T23:35:14Z] [[31merror[0m] [task_execution] Error executing task azure-gemm-512: task azure-gemm-512 failed after 7 retries: <nil>
[2025-11-29T23:35:14Z] [[31merror[0m] [task_execution] Error executing task azure-gemm-512: task azure-gemm-512 failed after 7 retries: <nil>
[2025-11-29T23:35:14Z] [[31merror[0m] [task_execution] Error executing task azure-gemm-512: task azure-gemm-512 failed after 7 retries: <nil>
[2025-11-29T23:35:14Z] [[31merror[0m] [task_execution] Error executing task azure-gemm-512: task azure-gemm-512 failed after 7 retries: <nil>
[2025-11-29T23:35:14Z] [[31merror[0m] [task_execution] Error executing task azure-gemm-512: task azure-gemm-512 failed after 7 retries: <nil>
[2025-11-29T23:35:14Z] [[31merror[0m] [task_execution] Error executing task azure-gemm-512: task azure-gemm-512 failed after 7 retries: <nil>
[2025-11-29T23:35:14Z] [[31merror[0m] [task_execution] Error executing task azure-gemm-512: task azure-gemm-512 failed after 7 retries: <nil>
[2025-11-29T23:35:14Z] [[31merror[0m] [task_execution] Error executing task azure-gemm-512: task azure-gemm-512 failed after 7 retries: <nil>
[2025-11-29T23:35:14Z] [[31merror[0m] [task_execution] Error executing task azure-gemm-512: task azure-gemm-512 failed after 7 retries: <nil>
[2025-11-29T23:35:14Z] [[31merror[0m] [task_execution] Error executing task azure-gemm-512: task azure-gemm-512 failed after 7 retries: <nil>
[2025-11-29T23:35:14Z] [[31merror[0m] [task_execution] Error executing task azure-gemm-512: task azure-gemm-512 failed after 7 retries: <nil>
[2025-11-29T23:35:14Z] [[31merror[0m] [task_execution] Error executing task azure-gemm-512: task azure-gemm-512 failed after 7 retries: <nil>
[2025-11-29T23:35:14Z] [[31merror[0m] [task_execution] Error executing task azure-gemm-512: task azure-gemm-512 failed after 7 retries: <nil>
[2025-11-29T23:35:14Z] [[31merror[0m] [task_execution] Error executing task azure-gemm-512: task azure-gemm-512 failed after 7 retries: <nil>
[2025-11-29T23:35:14Z] [[31merror[0m] [task_execution] Error executing task azure-gemm-512: task azure-gemm-512 failed after 7 retries: <nil>
[2025-11-29T23:35:14Z] [[31merror[0m] [task_execution] Error executing task azure-gemm-512: task azure-gemm-512 failed after 7 retries: <nil>
[2025-11-29T23:35:14Z] [[31merror[0m] [task_execution] Error executing task azure-gemm-512: task azure-gemm-512 failed after 7 retries: <nil>
[2025-11-29T23:35:14Z] [[31merror[0m] [task_execution] Error executing task azure-gemm-512: task azure-gemm-512 failed after 7 retries: <nil>
[2025-11-29T23:35:14Z] [[31merror[0m] [task_execution] Error executing task azure-gemm-512: task azure-gemm-512 failed after 7 retries: <nil>
[2025-11-29T23:35:14Z] [[31merror[0m] [task_execution] Error executing task azure-gemm-512: task azure-gemm-512 failed after 7 retries: <nil>
[2025-11-29T23:35:15Z] [[31merror[0m] [task_execution] Error executing task azure-gemm-512: task azure-gemm-512 failed after 7 retries: <nil>
[2025-11-29T23:35:15Z] [[31merror[0m] [task_execution] Error executing task azure-gemm-512: task azure-gemm-512 failed after 7 retries: <nil>
[2025-11-29T23:35:15Z] [[31merror[0m] [task_execution] Error executing task azure-gemm-512: task azure-gemm-512 failed after 7 retries: <nil>
[2025-11-29T23:35:15Z] [[31merror[0m] [task_execution] Error executing task azure-gemm-512: task azure-gemm-512 failed after 7 retries: <nil>
[2025-11-29T23:35:15Z] [[31merror[0m] [task_execution] Error executing task azure-gemm-512: task azure-gemm-512 failed after 7 retries: <nil>
[2025-11-29T23:35:15Z] [[31merror[0m] [task_execution] Error executing task azure-gemm-512: task azure-gemm-512 failed after 7 retries: <nil>
[2025-11-29T23:35:15Z] [[31merror[0m] [task_execution] Error executing task azure-gemm-512: task azure-gemm-512 failed after 7 retries: <nil>
[2025-11-29T23:35:15Z] [[31merror[0m] [task_execution] Error executing task azure-gemm-512: task azure-gemm-512 failed after 7 retries: <nil>
[2025-11-29T23:35:15Z] [[31merror[0m] [task_execution] Error executing task azure-gemm-512: task azure-gemm-512 failed after 7 retries: <nil>
[2025-11-29T23:35:15Z] [[31merror[0m] [task_execution] Error executing task azure-gemm-512: task azure-gemm-512 failed after 7 retries: <nil>
[2025-11-29T23:35:15Z] [[31merror[0m] [task_execution] Error executing task azure-gemm-512: task azure-gemm-512 failed after 7 retries: <nil>
[2025-11-29T23:35:15Z] [[31merror[0m] [task_execution] Error executing task azure-gemm-512: task azure-gemm-512 failed after 7 retries: <nil>
[2025-11-29T23:35:15Z] [[31merror[0m] [task_execution] Error executing task azure-gemm-512: task azure-gemm-512 failed after 7 retries: <nil>
[2025-11-29T23:35:15Z] [[31merror[0m] [task_execution] Error executing task azure-gemm-512: task azure-gemm-512 failed after 7 retries: <nil>
[2025-11-29T23:35:15Z] [[31merror[0m] [task_execution] Error executing task azure-gemm-512: task azure-gemm-512 failed after 7 retries: <nil>
[2025-11-29T23:35:16Z] [[31merror[0m] [task_execution] Error executing task azure-gemm-512: task azure-gemm-512 failed after 7 retries: <nil>
[2025-11-29T23:35:17Z] [[31merror[0m] [task_execution] Error executing task azure-gemm-512: task azure-gemm-512 failed after 7 retries: <nil>
[2025-11-29T23:35:17Z] [[31merror[0m] [task_execution] Error executing task azure-gemm-512: task azure-gemm-512 failed after 7 retries: <nil>
[2025-11-29T23:35:17Z] [[31merror[0m] [task_execution] Error executing task azure-gemm-512: task azure-gemm-512 failed after 7 retries: <nil>
[2025-11-29T23:35:17Z] [[31merror[0m] [task_execution] Error executing task azure-gemm-512: task azure-gemm-512 failed after 7 retries: <nil>
[2025-11-29T23:35:17Z] [[31merror[0m] [task_execution] Error executing task azure-gemm-512: task azure-gemm-512 failed after 7 retries: <nil>
[2025-11-29T23:35:18Z] [[31merror[0m] [task_execution] Error executing task azure-gemm-512: task azure-gemm-512 failed after 7 retries: <nil>
[2025-11-29T23:35:18Z] [[31merror[0m] [task_execution] Error executing task azure-gemm-512: task azure-gemm-512 failed after 7 retries: <nil>
[2025-11-29T23:35:22Z] [[36minfo[0m] [progress_update] gcp-us-east1-gcp-gemm-512-512-145: 2500/2500 tasks started.azure-germanywestcentral-azure-gemm-512-512-855: 2500/2500 tasks started.aws-us-east-1-aws-gemm-512-512-34: 2500/2500 tasks started.alibaba-us-east-1-alibaba-gemm-512-512-114: 2500/2500 tasks started.
[2025-11-29T23:35:32Z] [[36minfo[0m] [progress_update] aws-us-east-1-aws-gemm-512-512-34: 2500/2500 tasks started.alibaba-us-east-1-alibaba-gemm-512-512-114: 2500/2500 tasks started.gcp-us-east1-gcp-gemm-512-512-145: 2500/2500 tasks started.azure-germanywestcentral-azure-gemm-512-512-855: 2500/2500 tasks started.
[2025-11-29T23:35:41Z] [[31merror[0m] [task_execution] Error executing task azure-gemm-512: task azure-gemm-512 failed after 7 retries: <nil>
[2025-11-29T23:35:41Z] [[31merror[0m] [task_execution] Error executing task azure-gemm-512: task azure-gemm-512 failed after 7 retries: <nil>
[2025-11-29T23:35:41Z] [[31merror[0m] [task_execution] Error executing task azure-gemm-512: task azure-gemm-512 failed after 7 retries: <nil>
[2025-11-29T23:35:41Z] [[31merror[0m] [task_execution] Error executing task azure-gemm-512: task azure-gemm-512 failed after 7 retries: <nil>
[2025-11-29T23:35:42Z] [[31merror[0m] [task_execution] Error executing task azure-gemm-512: task azure-gemm-512 failed after 7 retries: <nil>
[2025-11-29T23:35:42Z] [[31merror[0m] [task_execution] Error executing task azure-gemm-512: task azure-gemm-512 failed after 7 retries: <nil>
[2025-11-29T23:35:42Z] [[36minfo[0m] [progress_update] aws-us-east-1-aws-gemm-512-512-34: 2500/2500 tasks started.alibaba-us-east-1-alibaba-gemm-512-512-114: 2500/2500 tasks started.gcp-us-east1-gcp-gemm-512-512-145: 2500/2500 tasks started.azure-germanywestcentral-azure-gemm-512-512-855: 2500/2500 tasks started.
[2025-11-29T23:35:45Z] [[31merror[0m] [task_execution] Error executing task azure-gemm-512: task azure-gemm-512 failed after 7 retries: <nil>
[2025-11-29T23:35:48Z] [[31merror[0m] [task_execution] Error executing task azure-gemm-512: task azure-gemm-512 failed after 7 retries: <nil>
[2025-11-29T23:35:52Z] [[36minfo[0m] [progress_update] aws-us-east-1-aws-gemm-512-512-34: 2500/2500 tasks started.alibaba-us-east-1-alibaba-gemm-512-512-114: 2500/2500 tasks started.gcp-us-east1-gcp-gemm-512-512-145: 2500/2500 tasks started.azure-germanywestcentral-azure-gemm-512-512-855: 2500/2500 tasks started.
[2025-11-29T23:35:53Z] [[36minfo[0m] [function_finished] Finished benchmarking function azure-gemm-512 and closed archiver
[2025-11-29T23:35:55Z] [[36minfo[0m] [finish_timeline] Benchmark Timeline
[Sat Nov 29 23:35:55 UTC 2025] Finished benchmark 'gemm' successfully
[Sat Nov 29 23:35:55 UTC 2025] Sleeping 600 seconds before next workload...
