[Tue Dec  2 17:00:01 UTC 2025] Starting benchmark 'gemm' with config './configs/gemm.yaml'
Validating functions...
[2025-12-02T17:00:01Z] [[36minfo[0m] [executor_setup] Setting up executor for aws-us-east-1-aws-gemm-512-512-274
[2025-12-02T17:00:01Z] [[36minfo[0m] [executor_setup] Setting up executor for alibaba-us-east-1-alibaba-gemm-512-512-616
[2025-12-02T17:00:01Z] [[36minfo[0m] [executor_setup] Setting up executor for gcp-us-east1-gcp-gemm-512-512-475
[2025-12-02T17:00:01Z] [[36minfo[0m] [executor_setup] Setting up executor for azure-germanywestcentral-azure-gemm-512-512-267
[2025-12-02T17:00:01Z] [[0mwarning[0m] [[32mazure_limitations[0m] Azure can´t handle more than 300 parallel requests. Limiting to 300.
[2025-12-02T17:00:01Z] [[36minfo[0m] [start_timeline] Benchmark Timeline
[2025-12-02T17:00:01Z] [[36minfo[0m] [load_generator_start] (azure: germanywestcentral) Starting load generator with 300 workers
[2025-12-02T17:00:01Z] [[36minfo[0m] [load_generator_start] (aws: us-east-1) Starting load generator with 500 workers
[2025-12-02T17:00:01Z] [[36minfo[0m] [load_generator_start] (alibaba: us-east-1) Starting load generator with 500 workers
[2025-12-02T17:00:01Z] [[36minfo[0m] [load_generator_start] (gcp: us-east1) Starting load generator with 500 workers
[2025-12-02T17:00:11Z] [[36minfo[0m] [progress_update] aws-us-east-1-aws-gemm-512-512-274: 1509/2500 tasks started.alibaba-us-east-1-alibaba-gemm-512-512-616: 1247/2500 tasks started.gcp-us-east1-gcp-gemm-512-512-475: 1321/2500 tasks started.azure-germanywestcentral-azure-gemm-512-512-267: 601/2500 tasks started.
[2025-12-02T17:00:21Z] [[36minfo[0m] [progress_update] aws-us-east-1-aws-gemm-512-512-274: 2500/2500 tasks started.alibaba-us-east-1-alibaba-gemm-512-512-616: 2332/2500 tasks started.gcp-us-east1-gcp-gemm-512-512-475: 2500/2500 tasks started.azure-germanywestcentral-azure-gemm-512-512-267: 625/2500 tasks started.
[2025-12-02T17:00:31Z] [[36minfo[0m] [progress_update] aws-us-east-1-aws-gemm-512-512-274: 2500/2500 tasks started.alibaba-us-east-1-alibaba-gemm-512-512-616: 2500/2500 tasks started.gcp-us-east1-gcp-gemm-512-512-475: 2500/2500 tasks started.azure-germanywestcentral-azure-gemm-512-512-267: 1041/2500 tasks started.
[2025-12-02T17:00:41Z] [[36minfo[0m] [progress_update] alibaba-us-east-1-alibaba-gemm-512-512-616: 2500/2500 tasks started.gcp-us-east1-gcp-gemm-512-512-475: 2500/2500 tasks started.azure-germanywestcentral-azure-gemm-512-512-267: 1456/2500 tasks started.aws-us-east-1-aws-gemm-512-512-274: 2500/2500 tasks started.
[2025-12-02T17:00:42Z] [[36minfo[0m] [function_finished] Finished benchmarking function gcp-gemm-512 and closed archiver
[2025-12-02T17:00:42Z] [[36minfo[0m] [function_finished] Finished benchmarking function aws-gemm-512 and closed archiver
[2025-12-02T17:00:51Z] [[36minfo[0m] [progress_update] aws-us-east-1-aws-gemm-512-512-274: 2500/2500 tasks started.alibaba-us-east-1-alibaba-gemm-512-512-616: 2500/2500 tasks started.gcp-us-east1-gcp-gemm-512-512-475: 2500/2500 tasks started.azure-germanywestcentral-azure-gemm-512-512-267: 1898/2500 tasks started.
[2025-12-02T17:01:01Z] [[36minfo[0m] [progress_update] aws-us-east-1-aws-gemm-512-512-274: 2500/2500 tasks started.alibaba-us-east-1-alibaba-gemm-512-512-616: 2500/2500 tasks started.gcp-us-east1-gcp-gemm-512-512-475: 2500/2500 tasks started.azure-germanywestcentral-azure-gemm-512-512-267: 1977/2500 tasks started.
[2025-12-02T17:01:11Z] [[36minfo[0m] [progress_update] aws-us-east-1-aws-gemm-512-512-274: 2500/2500 tasks started.alibaba-us-east-1-alibaba-gemm-512-512-616: 2500/2500 tasks started.gcp-us-east1-gcp-gemm-512-512-475: 2500/2500 tasks started.azure-germanywestcentral-azure-gemm-512-512-267: 2020/2500 tasks started.
[2025-12-02T17:01:21Z] [[36minfo[0m] [progress_update] alibaba-us-east-1-alibaba-gemm-512-512-616: 2500/2500 tasks started.gcp-us-east1-gcp-gemm-512-512-475: 2500/2500 tasks started.azure-germanywestcentral-azure-gemm-512-512-267: 2027/2500 tasks started.aws-us-east-1-aws-gemm-512-512-274: 2500/2500 tasks started.
[2025-12-02T17:01:31Z] [[36minfo[0m] [progress_update] azure-germanywestcentral-azure-gemm-512-512-267: 2042/2500 tasks started.aws-us-east-1-aws-gemm-512-512-274: 2500/2500 tasks started.alibaba-us-east-1-alibaba-gemm-512-512-616: 2500/2500 tasks started.gcp-us-east1-gcp-gemm-512-512-475: 2500/2500 tasks started.
[2025-12-02T17:01:41Z] [[36minfo[0m] [progress_update] gcp-us-east1-gcp-gemm-512-512-475: 2500/2500 tasks started.azure-germanywestcentral-azure-gemm-512-512-267: 2048/2500 tasks started.aws-us-east-1-aws-gemm-512-512-274: 2500/2500 tasks started.alibaba-us-east-1-alibaba-gemm-512-512-616: 2500/2500 tasks started.
[2025-12-02T17:01:51Z] [[36minfo[0m] [progress_update] aws-us-east-1-aws-gemm-512-512-274: 2500/2500 tasks started.alibaba-us-east-1-alibaba-gemm-512-512-616: 2500/2500 tasks started.gcp-us-east1-gcp-gemm-512-512-475: 2500/2500 tasks started.azure-germanywestcentral-azure-gemm-512-512-267: 2057/2500 tasks started.
[2025-12-02T17:02:01Z] [[36minfo[0m] [progress_update] alibaba-us-east-1-alibaba-gemm-512-512-616: 2500/2500 tasks started.gcp-us-east1-gcp-gemm-512-512-475: 2500/2500 tasks started.azure-germanywestcentral-azure-gemm-512-512-267: 2129/2500 tasks started.aws-us-east-1-aws-gemm-512-512-274: 2500/2500 tasks started.
[2025-12-02T17:02:11Z] [[36minfo[0m] [progress_update] aws-us-east-1-aws-gemm-512-512-274: 2500/2500 tasks started.alibaba-us-east-1-alibaba-gemm-512-512-616: 2500/2500 tasks started.gcp-us-east1-gcp-gemm-512-512-475: 2500/2500 tasks started.azure-germanywestcentral-azure-gemm-512-512-267: 2323/2500 tasks started.
[2025-12-02T17:02:21Z] [[36minfo[0m] [progress_update] aws-us-east-1-aws-gemm-512-512-274: 2500/2500 tasks started.alibaba-us-east-1-alibaba-gemm-512-512-616: 2500/2500 tasks started.gcp-us-east1-gcp-gemm-512-512-475: 2500/2500 tasks started.azure-germanywestcentral-azure-gemm-512-512-267: 2500/2500 tasks started.
[2025-12-02T17:02:31Z] [[36minfo[0m] [progress_update] aws-us-east-1-aws-gemm-512-512-274: 2500/2500 tasks started.alibaba-us-east-1-alibaba-gemm-512-512-616: 2500/2500 tasks started.gcp-us-east1-gcp-gemm-512-512-475: 2500/2500 tasks started.azure-germanywestcentral-azure-gemm-512-512-267: 2500/2500 tasks started.
[2025-12-02T17:02:33Z] [[36minfo[0m] [function_finished] Finished benchmarking function alibaba-gemm-512 and closed archiver
[2025-12-02T17:02:41Z] [[36minfo[0m] [progress_update] aws-us-east-1-aws-gemm-512-512-274: 2500/2500 tasks started.alibaba-us-east-1-alibaba-gemm-512-512-616: 2500/2500 tasks started.gcp-us-east1-gcp-gemm-512-512-475: 2500/2500 tasks started.azure-germanywestcentral-azure-gemm-512-512-267: 2500/2500 tasks started.
[2025-12-02T17:02:51Z] [[36minfo[0m] [progress_update] alibaba-us-east-1-alibaba-gemm-512-512-616: 2500/2500 tasks started.gcp-us-east1-gcp-gemm-512-512-475: 2500/2500 tasks started.azure-germanywestcentral-azure-gemm-512-512-267: 2500/2500 tasks started.aws-us-east-1-aws-gemm-512-512-274: 2500/2500 tasks started.
[2025-12-02T17:03:01Z] [[36minfo[0m] [progress_update] aws-us-east-1-aws-gemm-512-512-274: 2500/2500 tasks started.alibaba-us-east-1-alibaba-gemm-512-512-616: 2500/2500 tasks started.gcp-us-east1-gcp-gemm-512-512-475: 2500/2500 tasks started.azure-germanywestcentral-azure-gemm-512-512-267: 2500/2500 tasks started.
[2025-12-02T17:03:11Z] [[36minfo[0m] [progress_update] aws-us-east-1-aws-gemm-512-512-274: 2500/2500 tasks started.alibaba-us-east-1-alibaba-gemm-512-512-616: 2500/2500 tasks started.gcp-us-east1-gcp-gemm-512-512-475: 2500/2500 tasks started.azure-germanywestcentral-azure-gemm-512-512-267: 2500/2500 tasks started.
[2025-12-02T17:03:21Z] [[36minfo[0m] [progress_update] gcp-us-east1-gcp-gemm-512-512-475: 2500/2500 tasks started.azure-germanywestcentral-azure-gemm-512-512-267: 2500/2500 tasks started.aws-us-east-1-aws-gemm-512-512-274: 2500/2500 tasks started.alibaba-us-east-1-alibaba-gemm-512-512-616: 2500/2500 tasks started.
[2025-12-02T17:03:31Z] [[36minfo[0m] [progress_update] aws-us-east-1-aws-gemm-512-512-274: 2500/2500 tasks started.alibaba-us-east-1-alibaba-gemm-512-512-616: 2500/2500 tasks started.gcp-us-east1-gcp-gemm-512-512-475: 2500/2500 tasks started.azure-germanywestcentral-azure-gemm-512-512-267: 2500/2500 tasks started.
[2025-12-02T17:03:41Z] [[36minfo[0m] [progress_update] alibaba-us-east-1-alibaba-gemm-512-512-616: 2500/2500 tasks started.gcp-us-east1-gcp-gemm-512-512-475: 2500/2500 tasks started.azure-germanywestcentral-azure-gemm-512-512-267: 2500/2500 tasks started.aws-us-east-1-aws-gemm-512-512-274: 2500/2500 tasks started.
[2025-12-02T17:03:51Z] [[36minfo[0m] [progress_update] alibaba-us-east-1-alibaba-gemm-512-512-616: 2500/2500 tasks started.gcp-us-east1-gcp-gemm-512-512-475: 2500/2500 tasks started.azure-germanywestcentral-azure-gemm-512-512-267: 2500/2500 tasks started.aws-us-east-1-aws-gemm-512-512-274: 2500/2500 tasks started.
[2025-12-02T17:04:01Z] [[36minfo[0m] [progress_update] aws-us-east-1-aws-gemm-512-512-274: 2500/2500 tasks started.alibaba-us-east-1-alibaba-gemm-512-512-616: 2500/2500 tasks started.gcp-us-east1-gcp-gemm-512-512-475: 2500/2500 tasks started.azure-germanywestcentral-azure-gemm-512-512-267: 2500/2500 tasks started.
[2025-12-02T17:04:11Z] [[36minfo[0m] [progress_update] aws-us-east-1-aws-gemm-512-512-274: 2500/2500 tasks started.alibaba-us-east-1-alibaba-gemm-512-512-616: 2500/2500 tasks started.gcp-us-east1-gcp-gemm-512-512-475: 2500/2500 tasks started.azure-germanywestcentral-azure-gemm-512-512-267: 2500/2500 tasks started.
[2025-12-02T17:04:21Z] [[36minfo[0m] [progress_update] gcp-us-east1-gcp-gemm-512-512-475: 2500/2500 tasks started.azure-germanywestcentral-azure-gemm-512-512-267: 2500/2500 tasks started.aws-us-east-1-aws-gemm-512-512-274: 2500/2500 tasks started.alibaba-us-east-1-alibaba-gemm-512-512-616: 2500/2500 tasks started.
[2025-12-02T17:04:26Z] [[31merror[0m] [task_execution] Error executing task azure-gemm-512: task azure-gemm-512 failed after 7 retries: <nil>
[2025-12-02T17:04:26Z] [[31merror[0m] [task_execution] Error executing task azure-gemm-512: task azure-gemm-512 failed after 7 retries: <nil>
[2025-12-02T17:04:26Z] [[31merror[0m] [task_execution] Error executing task azure-gemm-512: task azure-gemm-512 failed after 7 retries: <nil>
[2025-12-02T17:04:26Z] [[31merror[0m] [task_execution] Error executing task azure-gemm-512: task azure-gemm-512 failed after 7 retries: <nil>
[2025-12-02T17:04:26Z] [[31merror[0m] [task_execution] Error executing task azure-gemm-512: task azure-gemm-512 failed after 7 retries: <nil>
[2025-12-02T17:04:26Z] [[31merror[0m] [task_execution] Error executing task azure-gemm-512: task azure-gemm-512 failed after 7 retries: <nil>
[2025-12-02T17:04:26Z] [[31merror[0m] [task_execution] Error executing task azure-gemm-512: task azure-gemm-512 failed after 7 retries: <nil>
[2025-12-02T17:04:26Z] [[31merror[0m] [task_execution] Error executing task azure-gemm-512: task azure-gemm-512 failed after 7 retries: <nil>
[2025-12-02T17:04:26Z] [[31merror[0m] [task_execution] Error executing task azure-gemm-512: task azure-gemm-512 failed after 7 retries: <nil>
[2025-12-02T17:04:26Z] [[31merror[0m] [task_execution] Error executing task azure-gemm-512: task azure-gemm-512 failed after 7 retries: <nil>
[2025-12-02T17:04:26Z] [[31merror[0m] [task_execution] Error executing task azure-gemm-512: task azure-gemm-512 failed after 7 retries: <nil>
[2025-12-02T17:04:26Z] [[31merror[0m] [task_execution] Error executing task azure-gemm-512: task azure-gemm-512 failed after 7 retries: <nil>
[2025-12-02T17:04:26Z] [[31merror[0m] [task_execution] Error executing task azure-gemm-512: task azure-gemm-512 failed after 7 retries: <nil>
[2025-12-02T17:04:26Z] [[31merror[0m] [task_execution] Error executing task azure-gemm-512: task azure-gemm-512 failed after 7 retries: <nil>
[2025-12-02T17:04:26Z] [[31merror[0m] [task_execution] Error executing task azure-gemm-512: task azure-gemm-512 failed after 7 retries: <nil>
[2025-12-02T17:04:26Z] [[31merror[0m] [task_execution] Error executing task azure-gemm-512: task azure-gemm-512 failed after 7 retries: <nil>
[2025-12-02T17:04:26Z] [[31merror[0m] [task_execution] Error executing task azure-gemm-512: task azure-gemm-512 failed after 7 retries: <nil>
[2025-12-02T17:04:26Z] [[31merror[0m] [task_execution] Error executing task azure-gemm-512: task azure-gemm-512 failed after 7 retries: <nil>
[2025-12-02T17:04:26Z] [[31merror[0m] [task_execution] Error executing task azure-gemm-512: task azure-gemm-512 failed after 7 retries: <nil>
[2025-12-02T17:04:26Z] [[31merror[0m] [task_execution] Error executing task azure-gemm-512: task azure-gemm-512 failed after 7 retries: <nil>
[2025-12-02T17:04:26Z] [[31merror[0m] [task_execution] Error executing task azure-gemm-512: task azure-gemm-512 failed after 7 retries: <nil>
[2025-12-02T17:04:26Z] [[31merror[0m] [task_execution] Error executing task azure-gemm-512: task azure-gemm-512 failed after 7 retries: <nil>
[2025-12-02T17:04:26Z] [[31merror[0m] [task_execution] Error executing task azure-gemm-512: task azure-gemm-512 failed after 7 retries: <nil>
[2025-12-02T17:04:26Z] [[31merror[0m] [task_execution] Error executing task azure-gemm-512: task azure-gemm-512 failed after 7 retries: <nil>
[2025-12-02T17:04:26Z] [[31merror[0m] [task_execution] Error executing task azure-gemm-512: task azure-gemm-512 failed after 7 retries: <nil>
[2025-12-02T17:04:26Z] [[31merror[0m] [task_execution] Error executing task azure-gemm-512: task azure-gemm-512 failed after 7 retries: <nil>
[2025-12-02T17:04:26Z] [[31merror[0m] [task_execution] Error executing task azure-gemm-512: task azure-gemm-512 failed after 7 retries: <nil>
[2025-12-02T17:04:26Z] [[31merror[0m] [task_execution] Error executing task azure-gemm-512: task azure-gemm-512 failed after 7 retries: <nil>
[2025-12-02T17:04:26Z] [[31merror[0m] [task_execution] Error executing task azure-gemm-512: task azure-gemm-512 failed after 7 retries: <nil>
[2025-12-02T17:04:26Z] [[31merror[0m] [task_execution] Error executing task azure-gemm-512: task azure-gemm-512 failed after 7 retries: <nil>
[2025-12-02T17:04:26Z] [[31merror[0m] [task_execution] Error executing task azure-gemm-512: task azure-gemm-512 failed after 7 retries: <nil>
[2025-12-02T17:04:26Z] [[31merror[0m] [task_execution] Error executing task azure-gemm-512: task azure-gemm-512 failed after 7 retries: <nil>
[2025-12-02T17:04:26Z] [[31merror[0m] [task_execution] Error executing task azure-gemm-512: task azure-gemm-512 failed after 7 retries: <nil>
[2025-12-02T17:04:26Z] [[31merror[0m] [task_execution] Error executing task azure-gemm-512: task azure-gemm-512 failed after 7 retries: <nil>
[2025-12-02T17:04:26Z] [[31merror[0m] [task_execution] Error executing task azure-gemm-512: task azure-gemm-512 failed after 7 retries: <nil>
[2025-12-02T17:04:26Z] [[31merror[0m] [task_execution] Error executing task azure-gemm-512: task azure-gemm-512 failed after 7 retries: <nil>
[2025-12-02T17:04:26Z] [[31merror[0m] [task_execution] Error executing task azure-gemm-512: task azure-gemm-512 failed after 7 retries: <nil>
[2025-12-02T17:04:26Z] [[31merror[0m] [task_execution] Error executing task azure-gemm-512: task azure-gemm-512 failed after 7 retries: <nil>
[2025-12-02T17:04:26Z] [[31merror[0m] [task_execution] Error executing task azure-gemm-512: task azure-gemm-512 failed after 7 retries: <nil>
[2025-12-02T17:04:26Z] [[31merror[0m] [task_execution] Error executing task azure-gemm-512: task azure-gemm-512 failed after 7 retries: <nil>
[2025-12-02T17:04:26Z] [[31merror[0m] [task_execution] Error executing task azure-gemm-512: task azure-gemm-512 failed after 7 retries: <nil>
[2025-12-02T17:04:26Z] [[31merror[0m] [task_execution] Error executing task azure-gemm-512: task azure-gemm-512 failed after 7 retries: <nil>
[2025-12-02T17:04:26Z] [[31merror[0m] [task_execution] Error executing task azure-gemm-512: task azure-gemm-512 failed after 7 retries: <nil>
[2025-12-02T17:04:26Z] [[31merror[0m] [task_execution] Error executing task azure-gemm-512: task azure-gemm-512 failed after 7 retries: <nil>
[2025-12-02T17:04:26Z] [[31merror[0m] [task_execution] Error executing task azure-gemm-512: task azure-gemm-512 failed after 7 retries: <nil>
[2025-12-02T17:04:26Z] [[31merror[0m] [task_execution] Error executing task azure-gemm-512: task azure-gemm-512 failed after 7 retries: <nil>
[2025-12-02T17:04:26Z] [[31merror[0m] [task_execution] Error executing task azure-gemm-512: task azure-gemm-512 failed after 7 retries: <nil>
[2025-12-02T17:04:26Z] [[31merror[0m] [task_execution] Error executing task azure-gemm-512: task azure-gemm-512 failed after 7 retries: <nil>
[2025-12-02T17:04:26Z] [[31merror[0m] [task_execution] Error executing task azure-gemm-512: task azure-gemm-512 failed after 7 retries: <nil>
[2025-12-02T17:04:26Z] [[31merror[0m] [task_execution] Error executing task azure-gemm-512: task azure-gemm-512 failed after 7 retries: <nil>
[2025-12-02T17:04:26Z] [[31merror[0m] [task_execution] Error executing task azure-gemm-512: task azure-gemm-512 failed after 7 retries: <nil>
[2025-12-02T17:04:26Z] [[31merror[0m] [task_execution] Error executing task azure-gemm-512: task azure-gemm-512 failed after 7 retries: <nil>
[2025-12-02T17:04:26Z] [[31merror[0m] [task_execution] Error executing task azure-gemm-512: task azure-gemm-512 failed after 7 retries: <nil>
[2025-12-02T17:04:26Z] [[31merror[0m] [task_execution] Error executing task azure-gemm-512: task azure-gemm-512 failed after 7 retries: <nil>
[2025-12-02T17:04:31Z] [[36minfo[0m] [progress_update] aws-us-east-1-aws-gemm-512-512-274: 2500/2500 tasks started.alibaba-us-east-1-alibaba-gemm-512-512-616: 2500/2500 tasks started.gcp-us-east1-gcp-gemm-512-512-475: 2500/2500 tasks started.azure-germanywestcentral-azure-gemm-512-512-267: 2500/2500 tasks started.
[2025-12-02T17:04:41Z] [[31merror[0m] [task_execution] Error executing task azure-gemm-512: task azure-gemm-512 failed after 7 retries: <nil>
[2025-12-02T17:04:41Z] [[36minfo[0m] [progress_update] aws-us-east-1-aws-gemm-512-512-274: 2500/2500 tasks started.alibaba-us-east-1-alibaba-gemm-512-512-616: 2500/2500 tasks started.gcp-us-east1-gcp-gemm-512-512-475: 2500/2500 tasks started.azure-germanywestcentral-azure-gemm-512-512-267: 2500/2500 tasks started.
[2025-12-02T17:04:42Z] [[31merror[0m] [task_execution] Error executing task azure-gemm-512: task azure-gemm-512 failed after 7 retries: <nil>
[2025-12-02T17:04:42Z] [[31merror[0m] [task_execution] Error executing task azure-gemm-512: task azure-gemm-512 failed after 7 retries: <nil>
[2025-12-02T17:04:42Z] [[31merror[0m] [task_execution] Error executing task azure-gemm-512: task azure-gemm-512 failed after 7 retries: <nil>
[2025-12-02T17:04:42Z] [[31merror[0m] [task_execution] Error executing task azure-gemm-512: task azure-gemm-512 failed after 7 retries: <nil>
[2025-12-02T17:04:42Z] [[31merror[0m] [task_execution] Error executing task azure-gemm-512: task azure-gemm-512 failed after 7 retries: <nil>
[2025-12-02T17:04:42Z] [[31merror[0m] [task_execution] Error executing task azure-gemm-512: task azure-gemm-512 failed after 7 retries: <nil>
[2025-12-02T17:04:42Z] [[31merror[0m] [task_execution] Error executing task azure-gemm-512: task azure-gemm-512 failed after 7 retries: <nil>
[2025-12-02T17:04:42Z] [[31merror[0m] [task_execution] Error executing task azure-gemm-512: task azure-gemm-512 failed after 7 retries: <nil>
[2025-12-02T17:04:42Z] [[31merror[0m] [task_execution] Error executing task azure-gemm-512: task azure-gemm-512 failed after 7 retries: <nil>
[2025-12-02T17:04:42Z] [[31merror[0m] [task_execution] Error executing task azure-gemm-512: task azure-gemm-512 failed after 7 retries: <nil>
[2025-12-02T17:04:42Z] [[31merror[0m] [task_execution] Error executing task azure-gemm-512: task azure-gemm-512 failed after 7 retries: <nil>
[2025-12-02T17:04:51Z] [[36minfo[0m] [progress_update] aws-us-east-1-aws-gemm-512-512-274: 2500/2500 tasks started.alibaba-us-east-1-alibaba-gemm-512-512-616: 2500/2500 tasks started.gcp-us-east1-gcp-gemm-512-512-475: 2500/2500 tasks started.azure-germanywestcentral-azure-gemm-512-512-267: 2500/2500 tasks started.
[2025-12-02T17:04:57Z] [[31merror[0m] [task_execution] Error executing task azure-gemm-512: task azure-gemm-512 failed after 7 retries: <nil>
[2025-12-02T17:04:57Z] [[31merror[0m] [task_execution] Error executing task azure-gemm-512: task azure-gemm-512 failed after 7 retries: <nil>
[2025-12-02T17:04:57Z] [[31merror[0m] [task_execution] Error executing task azure-gemm-512: task azure-gemm-512 failed after 7 retries: <nil>
[2025-12-02T17:04:57Z] [[31merror[0m] [task_execution] Error executing task azure-gemm-512: task azure-gemm-512 failed after 7 retries: <nil>
[2025-12-02T17:04:57Z] [[31merror[0m] [task_execution] Error executing task azure-gemm-512: task azure-gemm-512 failed after 7 retries: <nil>
[2025-12-02T17:04:57Z] [[31merror[0m] [task_execution] Error executing task azure-gemm-512: task azure-gemm-512 failed after 7 retries: <nil>
[2025-12-02T17:04:57Z] [[31merror[0m] [task_execution] Error executing task azure-gemm-512: task azure-gemm-512 failed after 7 retries: <nil>
[2025-12-02T17:04:57Z] [[31merror[0m] [task_execution] Error executing task azure-gemm-512: task azure-gemm-512 failed after 7 retries: <nil>
[2025-12-02T17:04:58Z] [[31merror[0m] [task_execution] Error executing task azure-gemm-512: task azure-gemm-512 failed after 7 retries: <nil>
[2025-12-02T17:04:58Z] [[31merror[0m] [task_execution] Error executing task azure-gemm-512: task azure-gemm-512 failed after 7 retries: <nil>
[2025-12-02T17:04:58Z] [[31merror[0m] [task_execution] Error executing task azure-gemm-512: task azure-gemm-512 failed after 7 retries: <nil>
[2025-12-02T17:04:58Z] [[31merror[0m] [task_execution] Error executing task azure-gemm-512: task azure-gemm-512 failed after 7 retries: <nil>
[2025-12-02T17:04:58Z] [[31merror[0m] [task_execution] Error executing task azure-gemm-512: task azure-gemm-512 failed after 7 retries: <nil>
[2025-12-02T17:04:58Z] [[31merror[0m] [task_execution] Error executing task azure-gemm-512: task azure-gemm-512 failed after 7 retries: <nil>
[2025-12-02T17:04:58Z] [[31merror[0m] [task_execution] Error executing task azure-gemm-512: task azure-gemm-512 failed after 7 retries: <nil>
[2025-12-02T17:04:58Z] [[31merror[0m] [task_execution] Error executing task azure-gemm-512: task azure-gemm-512 failed after 7 retries: <nil>
[2025-12-02T17:05:01Z] [[36minfo[0m] [progress_update] aws-us-east-1-aws-gemm-512-512-274: 2500/2500 tasks started.alibaba-us-east-1-alibaba-gemm-512-512-616: 2500/2500 tasks started.gcp-us-east1-gcp-gemm-512-512-475: 2500/2500 tasks started.azure-germanywestcentral-azure-gemm-512-512-267: 2500/2500 tasks started.
[2025-12-02T17:05:02Z] [[31merror[0m] [task_execution] Error executing task azure-gemm-512: task azure-gemm-512 failed after 7 retries: <nil>
[2025-12-02T17:05:02Z] [[31merror[0m] [task_execution] Error executing task azure-gemm-512: task azure-gemm-512 failed after 7 retries: <nil>
[2025-12-02T17:05:02Z] [[31merror[0m] [task_execution] Error executing task azure-gemm-512: task azure-gemm-512 failed after 7 retries: <nil>
[2025-12-02T17:05:02Z] [[31merror[0m] [task_execution] Error executing task azure-gemm-512: task azure-gemm-512 failed after 7 retries: <nil>
[2025-12-02T17:05:03Z] [[31merror[0m] [task_execution] Error executing task azure-gemm-512: task azure-gemm-512 failed after 7 retries: <nil>
[2025-12-02T17:05:03Z] [[31merror[0m] [task_execution] Error executing task azure-gemm-512: task azure-gemm-512 failed after 7 retries: <nil>
[2025-12-02T17:05:03Z] [[31merror[0m] [task_execution] Error executing task azure-gemm-512: task azure-gemm-512 failed after 7 retries: <nil>
[2025-12-02T17:05:03Z] [[31merror[0m] [task_execution] Error executing task azure-gemm-512: task azure-gemm-512 failed after 7 retries: <nil>
[2025-12-02T17:05:03Z] [[31merror[0m] [task_execution] Error executing task azure-gemm-512: task azure-gemm-512 failed after 7 retries: <nil>
[2025-12-02T17:05:03Z] [[31merror[0m] [task_execution] Error executing task azure-gemm-512: task azure-gemm-512 failed after 7 retries: <nil>
[2025-12-02T17:05:03Z] [[31merror[0m] [task_execution] Error executing task azure-gemm-512: task azure-gemm-512 failed after 7 retries: <nil>
[2025-12-02T17:05:03Z] [[31merror[0m] [task_execution] Error executing task azure-gemm-512: task azure-gemm-512 failed after 7 retries: <nil>
[2025-12-02T17:05:03Z] [[31merror[0m] [task_execution] Error executing task azure-gemm-512: task azure-gemm-512 failed after 7 retries: <nil>
[2025-12-02T17:05:03Z] [[31merror[0m] [task_execution] Error executing task azure-gemm-512: task azure-gemm-512 failed after 7 retries: <nil>
[2025-12-02T17:05:04Z] [[31merror[0m] [task_execution] Error executing task azure-gemm-512: task azure-gemm-512 failed after 7 retries: <nil>
[2025-12-02T17:05:04Z] [[31merror[0m] [task_execution] Error executing task azure-gemm-512: task azure-gemm-512 failed after 7 retries: <nil>
[2025-12-02T17:05:04Z] [[31merror[0m] [task_execution] Error executing task azure-gemm-512: task azure-gemm-512 failed after 7 retries: <nil>
[2025-12-02T17:05:04Z] [[31merror[0m] [task_execution] Error executing task azure-gemm-512: task azure-gemm-512 failed after 7 retries: <nil>
[2025-12-02T17:05:05Z] [[31merror[0m] [task_execution] Error executing task azure-gemm-512: task azure-gemm-512 failed after 7 retries: <nil>
[2025-12-02T17:05:05Z] [[31merror[0m] [task_execution] Error executing task azure-gemm-512: task azure-gemm-512 failed after 7 retries: <nil>
[2025-12-02T17:05:05Z] [[31merror[0m] [task_execution] Error executing task azure-gemm-512: task azure-gemm-512 failed after 7 retries: <nil>
[2025-12-02T17:05:05Z] [[31merror[0m] [task_execution] Error executing task azure-gemm-512: task azure-gemm-512 failed after 7 retries: <nil>
[2025-12-02T17:05:05Z] [[31merror[0m] [task_execution] Error executing task azure-gemm-512: task azure-gemm-512 failed after 7 retries: <nil>
[2025-12-02T17:05:05Z] [[31merror[0m] [task_execution] Error executing task azure-gemm-512: task azure-gemm-512 failed after 7 retries: <nil>
[2025-12-02T17:05:05Z] [[31merror[0m] [task_execution] Error executing task azure-gemm-512: task azure-gemm-512 failed after 7 retries: <nil>
[2025-12-02T17:05:07Z] [[31merror[0m] [task_execution] Error executing task azure-gemm-512: task azure-gemm-512 failed after 7 retries: <nil>
[2025-12-02T17:05:07Z] [[31merror[0m] [task_execution] Error executing task azure-gemm-512: task azure-gemm-512 failed after 7 retries: <nil>
[2025-12-02T17:05:07Z] [[31merror[0m] [task_execution] Error executing task azure-gemm-512: task azure-gemm-512 failed after 7 retries: <nil>
[2025-12-02T17:05:08Z] [[31merror[0m] [task_execution] Error executing task azure-gemm-512: task azure-gemm-512 failed after 7 retries: <nil>
[2025-12-02T17:05:08Z] [[31merror[0m] [task_execution] Error executing task azure-gemm-512: task azure-gemm-512 failed after 7 retries: <nil>
[2025-12-02T17:05:11Z] [[36minfo[0m] [progress_update] aws-us-east-1-aws-gemm-512-512-274: 2500/2500 tasks started.alibaba-us-east-1-alibaba-gemm-512-512-616: 2500/2500 tasks started.gcp-us-east1-gcp-gemm-512-512-475: 2500/2500 tasks started.azure-germanywestcentral-azure-gemm-512-512-267: 2500/2500 tasks started.
[2025-12-02T17:05:21Z] [[36minfo[0m] [progress_update] alibaba-us-east-1-alibaba-gemm-512-512-616: 2500/2500 tasks started.gcp-us-east1-gcp-gemm-512-512-475: 2500/2500 tasks started.azure-germanywestcentral-azure-gemm-512-512-267: 2500/2500 tasks started.aws-us-east-1-aws-gemm-512-512-274: 2500/2500 tasks started.
[2025-12-02T17:05:31Z] [[36minfo[0m] [progress_update] aws-us-east-1-aws-gemm-512-512-274: 2500/2500 tasks started.alibaba-us-east-1-alibaba-gemm-512-512-616: 2500/2500 tasks started.gcp-us-east1-gcp-gemm-512-512-475: 2500/2500 tasks started.azure-germanywestcentral-azure-gemm-512-512-267: 2500/2500 tasks started.
[2025-12-02T17:05:36Z] [[31merror[0m] [task_execution] Error executing task azure-gemm-512: task azure-gemm-512 failed after 7 retries: <nil>
[2025-12-02T17:05:41Z] [[36minfo[0m] [function_finished] Finished benchmarking function azure-gemm-512 and closed archiver
[2025-12-02T17:05:41Z] [[36minfo[0m] [progress_update] aws-us-east-1-aws-gemm-512-512-274: 2500/2500 tasks started.alibaba-us-east-1-alibaba-gemm-512-512-616: 2500/2500 tasks started.gcp-us-east1-gcp-gemm-512-512-475: 2500/2500 tasks started.azure-germanywestcentral-azure-gemm-512-512-267: 2500/2500 tasks started.
[2025-12-02T17:05:43Z] [[36minfo[0m] [finish_timeline] Benchmark Timeline
[Tue Dec  2 17:05:43 UTC 2025] Finished benchmark 'gemm' successfully
[Tue Dec  2 17:05:43 UTC 2025] Sleeping 600 seconds before next workload...
