[Tue Dec  2 06:01:24 UTC 2025] Starting benchmark 'sha256' with config './configs/sha256.yaml'
Validating functions...
[2025-12-02T06:01:24Z] [[36minfo[0m] [executor_setup] Setting up executor for aws-us-east-1-aws-sha256-512-512-162
[2025-12-02T06:01:24Z] [[36minfo[0m] [executor_setup] Setting up executor for alibaba-us-east-1-alibaba-sha256-512-512-614
[2025-12-02T06:01:24Z] [[36minfo[0m] [executor_setup] Setting up executor for azure-germanywestcentral-azure-sha256-512-512-9
[2025-12-02T06:01:24Z] [[0mwarning[0m] [[32mazure_limitations[0m] Azure can´t handle more than 300 parallel requests. Limiting to 300.
[2025-12-02T06:01:24Z] [[36minfo[0m] [executor_setup] Setting up executor for gcp-us-east1-gcp-sha256-512-512-93
[2025-12-02T06:01:24Z] [[36minfo[0m] [start_timeline] Benchmark Timeline
[2025-12-02T06:01:24Z] [[36minfo[0m] [load_generator_start] (gcp: us-east1) Starting load generator with 300 workers
[2025-12-02T06:01:24Z] [[36minfo[0m] [load_generator_start] (aws: us-east-1) Starting load generator with 500 workers
[2025-12-02T06:01:24Z] [[36minfo[0m] [load_generator_start] (alibaba: us-east-1) Starting load generator with 500 workers
[2025-12-02T06:01:24Z] [[36minfo[0m] [load_generator_start] (azure: germanywestcentral) Starting load generator with 300 workers
[2025-12-02T06:01:34Z] [[36minfo[0m] [progress_update] alibaba-us-east-1-alibaba-sha256-512-512-614: 1570/2500 tasks started.azure-germanywestcentral-azure-sha256-512-512-9: 660/2500 tasks started.gcp-us-east1-gcp-sha256-512-512-93: 1513/2500 tasks started.aws-us-east-1-aws-sha256-512-512-162: 1685/2500 tasks started.
[2025-12-02T06:01:44Z] [[36minfo[0m] [progress_update] aws-us-east-1-aws-sha256-512-512-162: 2500/2500 tasks started.alibaba-us-east-1-alibaba-sha256-512-512-614: 2500/2500 tasks started.azure-germanywestcentral-azure-sha256-512-512-9: 686/2500 tasks started.gcp-us-east1-gcp-sha256-512-512-93: 2500/2500 tasks started.
[2025-12-02T06:01:54Z] [[36minfo[0m] [progress_update] aws-us-east-1-aws-sha256-512-512-162: 2500/2500 tasks started.alibaba-us-east-1-alibaba-sha256-512-512-614: 2500/2500 tasks started.azure-germanywestcentral-azure-sha256-512-512-9: 1543/2500 tasks started.gcp-us-east1-gcp-sha256-512-512-93: 2500/2500 tasks started.
[2025-12-02T06:01:56Z] [[36minfo[0m] [function_finished] Finished benchmarking function aws-sha256-512 and closed archiver
[2025-12-02T06:02:02Z] [[36minfo[0m] [function_finished] Finished benchmarking function gcp-sha256-512 and closed archiver
[2025-12-02T06:02:04Z] [[36minfo[0m] [progress_update] aws-us-east-1-aws-sha256-512-512-162: 2500/2500 tasks started.alibaba-us-east-1-alibaba-sha256-512-512-614: 2500/2500 tasks started.azure-germanywestcentral-azure-sha256-512-512-9: 2123/2500 tasks started.gcp-us-east1-gcp-sha256-512-512-93: 2500/2500 tasks started.
[2025-12-02T06:02:14Z] [[36minfo[0m] [progress_update] aws-us-east-1-aws-sha256-512-512-162: 2500/2500 tasks started.alibaba-us-east-1-alibaba-sha256-512-512-614: 2500/2500 tasks started.azure-germanywestcentral-azure-sha256-512-512-9: 2320/2500 tasks started.gcp-us-east1-gcp-sha256-512-512-93: 2500/2500 tasks started.
[2025-12-02T06:02:24Z] [[36minfo[0m] [progress_update] gcp-us-east1-gcp-sha256-512-512-93: 2500/2500 tasks started.aws-us-east-1-aws-sha256-512-512-162: 2500/2500 tasks started.alibaba-us-east-1-alibaba-sha256-512-512-614: 2500/2500 tasks started.azure-germanywestcentral-azure-sha256-512-512-9: 2500/2500 tasks started.
[2025-12-02T06:02:34Z] [[36minfo[0m] [progress_update] aws-us-east-1-aws-sha256-512-512-162: 2500/2500 tasks started.alibaba-us-east-1-alibaba-sha256-512-512-614: 2500/2500 tasks started.azure-germanywestcentral-azure-sha256-512-512-9: 2500/2500 tasks started.gcp-us-east1-gcp-sha256-512-512-93: 2500/2500 tasks started.
[2025-12-02T06:02:44Z] [[36minfo[0m] [progress_update] aws-us-east-1-aws-sha256-512-512-162: 2500/2500 tasks started.alibaba-us-east-1-alibaba-sha256-512-512-614: 2500/2500 tasks started.azure-germanywestcentral-azure-sha256-512-512-9: 2500/2500 tasks started.gcp-us-east1-gcp-sha256-512-512-93: 2500/2500 tasks started.
[2025-12-02T06:02:52Z] [[36minfo[0m] [function_finished] Finished benchmarking function alibaba-sha256-512 and closed archiver
[2025-12-02T06:02:54Z] [[36minfo[0m] [progress_update] aws-us-east-1-aws-sha256-512-512-162: 2500/2500 tasks started.alibaba-us-east-1-alibaba-sha256-512-512-614: 2500/2500 tasks started.azure-germanywestcentral-azure-sha256-512-512-9: 2500/2500 tasks started.gcp-us-east1-gcp-sha256-512-512-93: 2500/2500 tasks started.
[2025-12-02T06:03:04Z] [[36minfo[0m] [progress_update] azure-germanywestcentral-azure-sha256-512-512-9: 2500/2500 tasks started.gcp-us-east1-gcp-sha256-512-512-93: 2500/2500 tasks started.aws-us-east-1-aws-sha256-512-512-162: 2500/2500 tasks started.alibaba-us-east-1-alibaba-sha256-512-512-614: 2500/2500 tasks started.
[2025-12-02T06:03:14Z] [[36minfo[0m] [progress_update] azure-germanywestcentral-azure-sha256-512-512-9: 2500/2500 tasks started.gcp-us-east1-gcp-sha256-512-512-93: 2500/2500 tasks started.aws-us-east-1-aws-sha256-512-512-162: 2500/2500 tasks started.alibaba-us-east-1-alibaba-sha256-512-512-614: 2500/2500 tasks started.
[2025-12-02T06:03:24Z] [[36minfo[0m] [progress_update] aws-us-east-1-aws-sha256-512-512-162: 2500/2500 tasks started.alibaba-us-east-1-alibaba-sha256-512-512-614: 2500/2500 tasks started.azure-germanywestcentral-azure-sha256-512-512-9: 2500/2500 tasks started.gcp-us-east1-gcp-sha256-512-512-93: 2500/2500 tasks started.
[2025-12-02T06:03:34Z] [[36minfo[0m] [progress_update] aws-us-east-1-aws-sha256-512-512-162: 2500/2500 tasks started.alibaba-us-east-1-alibaba-sha256-512-512-614: 2500/2500 tasks started.azure-germanywestcentral-azure-sha256-512-512-9: 2500/2500 tasks started.gcp-us-east1-gcp-sha256-512-512-93: 2500/2500 tasks started.
[2025-12-02T06:03:44Z] [[36minfo[0m] [progress_update] alibaba-us-east-1-alibaba-sha256-512-512-614: 2500/2500 tasks started.azure-germanywestcentral-azure-sha256-512-512-9: 2500/2500 tasks started.gcp-us-east1-gcp-sha256-512-512-93: 2500/2500 tasks started.aws-us-east-1-aws-sha256-512-512-162: 2500/2500 tasks started.
[2025-12-02T06:03:54Z] [[36minfo[0m] [progress_update] aws-us-east-1-aws-sha256-512-512-162: 2500/2500 tasks started.alibaba-us-east-1-alibaba-sha256-512-512-614: 2500/2500 tasks started.azure-germanywestcentral-azure-sha256-512-512-9: 2500/2500 tasks started.gcp-us-east1-gcp-sha256-512-512-93: 2500/2500 tasks started.
[2025-12-02T06:04:04Z] [[36minfo[0m] [progress_update] aws-us-east-1-aws-sha256-512-512-162: 2500/2500 tasks started.alibaba-us-east-1-alibaba-sha256-512-512-614: 2500/2500 tasks started.azure-germanywestcentral-azure-sha256-512-512-9: 2500/2500 tasks started.gcp-us-east1-gcp-sha256-512-512-93: 2500/2500 tasks started.
[2025-12-02T06:04:14Z] [[36minfo[0m] [progress_update] aws-us-east-1-aws-sha256-512-512-162: 2500/2500 tasks started.alibaba-us-east-1-alibaba-sha256-512-512-614: 2500/2500 tasks started.azure-germanywestcentral-azure-sha256-512-512-9: 2500/2500 tasks started.gcp-us-east1-gcp-sha256-512-512-93: 2500/2500 tasks started.
[2025-12-02T06:04:24Z] [[36minfo[0m] [progress_update] gcp-us-east1-gcp-sha256-512-512-93: 2500/2500 tasks started.aws-us-east-1-aws-sha256-512-512-162: 2500/2500 tasks started.alibaba-us-east-1-alibaba-sha256-512-512-614: 2500/2500 tasks started.azure-germanywestcentral-azure-sha256-512-512-9: 2500/2500 tasks started.
[2025-12-02T06:04:34Z] [[36minfo[0m] [progress_update] aws-us-east-1-aws-sha256-512-512-162: 2500/2500 tasks started.alibaba-us-east-1-alibaba-sha256-512-512-614: 2500/2500 tasks started.azure-germanywestcentral-azure-sha256-512-512-9: 2500/2500 tasks started.gcp-us-east1-gcp-sha256-512-512-93: 2500/2500 tasks started.
[2025-12-02T06:04:44Z] [[36minfo[0m] [progress_update] gcp-us-east1-gcp-sha256-512-512-93: 2500/2500 tasks started.aws-us-east-1-aws-sha256-512-512-162: 2500/2500 tasks started.alibaba-us-east-1-alibaba-sha256-512-512-614: 2500/2500 tasks started.azure-germanywestcentral-azure-sha256-512-512-9: 2500/2500 tasks started.
[2025-12-02T06:04:54Z] [[36minfo[0m] [progress_update] aws-us-east-1-aws-sha256-512-512-162: 2500/2500 tasks started.alibaba-us-east-1-alibaba-sha256-512-512-614: 2500/2500 tasks started.azure-germanywestcentral-azure-sha256-512-512-9: 2500/2500 tasks started.gcp-us-east1-gcp-sha256-512-512-93: 2500/2500 tasks started.
[2025-12-02T06:05:04Z] [[36minfo[0m] [progress_update] aws-us-east-1-aws-sha256-512-512-162: 2500/2500 tasks started.alibaba-us-east-1-alibaba-sha256-512-512-614: 2500/2500 tasks started.azure-germanywestcentral-azure-sha256-512-512-9: 2500/2500 tasks started.gcp-us-east1-gcp-sha256-512-512-93: 2500/2500 tasks started.
[2025-12-02T06:05:14Z] [[36minfo[0m] [progress_update] aws-us-east-1-aws-sha256-512-512-162: 2500/2500 tasks started.alibaba-us-east-1-alibaba-sha256-512-512-614: 2500/2500 tasks started.azure-germanywestcentral-azure-sha256-512-512-9: 2500/2500 tasks started.gcp-us-east1-gcp-sha256-512-512-93: 2500/2500 tasks started.
[2025-12-02T06:05:24Z] [[36minfo[0m] [progress_update] aws-us-east-1-aws-sha256-512-512-162: 2500/2500 tasks started.alibaba-us-east-1-alibaba-sha256-512-512-614: 2500/2500 tasks started.azure-germanywestcentral-azure-sha256-512-512-9: 2500/2500 tasks started.gcp-us-east1-gcp-sha256-512-512-93: 2500/2500 tasks started.
[2025-12-02T06:05:34Z] [[36minfo[0m] [progress_update] azure-germanywestcentral-azure-sha256-512-512-9: 2500/2500 tasks started.gcp-us-east1-gcp-sha256-512-512-93: 2500/2500 tasks started.aws-us-east-1-aws-sha256-512-512-162: 2500/2500 tasks started.alibaba-us-east-1-alibaba-sha256-512-512-614: 2500/2500 tasks started.
[2025-12-02T06:05:44Z] [[36minfo[0m] [progress_update] aws-us-east-1-aws-sha256-512-512-162: 2500/2500 tasks started.alibaba-us-east-1-alibaba-sha256-512-512-614: 2500/2500 tasks started.azure-germanywestcentral-azure-sha256-512-512-9: 2500/2500 tasks started.gcp-us-east1-gcp-sha256-512-512-93: 2500/2500 tasks started.
[2025-12-02T06:05:47Z] [[31merror[0m] [task_execution] Error executing task azure-sha256-512: task azure-sha256-512 failed after 7 retries: <nil>
[2025-12-02T06:05:52Z] [[36minfo[0m] [function_finished] Finished benchmarking function azure-sha256-512 and closed archiver
[2025-12-02T06:05:54Z] [[36minfo[0m] [progress_update] aws-us-east-1-aws-sha256-512-512-162: 2500/2500 tasks started.alibaba-us-east-1-alibaba-sha256-512-512-614: 2500/2500 tasks started.azure-germanywestcentral-azure-sha256-512-512-9: 2500/2500 tasks started.gcp-us-east1-gcp-sha256-512-512-93: 2500/2500 tasks started.
[2025-12-02T06:05:54Z] [[36minfo[0m] [finish_timeline] Benchmark Timeline
[Tue Dec  2 06:05:54 UTC 2025] Finished benchmark 'sha256' successfully
