[Thu Dec  4 05:00:02 UTC 2025] Starting benchmark 'aesctr' with config './configs/aesCtr.yaml'
Validating functions...
[2025-12-04T05:00:02Z] [[36minfo[0m] [executor_setup] Setting up executor for aws-us-east-1-aws-aesCtr-512-512-737
[2025-12-04T05:00:02Z] [[36minfo[0m] [executor_setup] Setting up executor for alibaba-us-east-1-alibaba-aesCtr-512-512-285
[2025-12-04T05:00:02Z] [[36minfo[0m] [executor_setup] Setting up executor for azure-germanywestcentral-azure-aesCtr-512-512-148
[2025-12-04T05:00:02Z] [[0mwarning[0m] [[32mazure_limitations[0m] Azure can´t handle more than 300 parallel requests. Limiting to 300.
[2025-12-04T05:00:02Z] [[36minfo[0m] [executor_setup] Setting up executor for gcp-us-east1-gcp-aesCtr-512-512-242
[2025-12-04T05:00:02Z] [[36minfo[0m] [start_timeline] Benchmark Timeline
[2025-12-04T05:00:02Z] [[36minfo[0m] [load_generator_start] (azure: germanywestcentral) Starting load generator with 300 workers
[2025-12-04T05:00:02Z] [[36minfo[0m] [load_generator_start] (gcp: us-east1) Starting load generator with 300 workers
[2025-12-04T05:00:02Z] [[36minfo[0m] [load_generator_start] (aws: us-east-1) Starting load generator with 500 workers
[2025-12-04T05:00:02Z] [[36minfo[0m] [load_generator_start] (alibaba: us-east-1) Starting load generator with 500 workers
[2025-12-04T05:00:12Z] [[36minfo[0m] [progress_update] aws-us-east-1-aws-aesCtr-512-512-737: 2103/2500 tasks started.alibaba-us-east-1-alibaba-aesCtr-512-512-285: 2500/2500 tasks started.azure-germanywestcentral-azure-aesCtr-512-512-148: 598/2500 tasks started.gcp-us-east1-gcp-aesCtr-512-512-242: 524/2500 tasks started.
[2025-12-04T05:00:22Z] [[36minfo[0m] [progress_update] aws-us-east-1-aws-aesCtr-512-512-737: 2500/2500 tasks started.alibaba-us-east-1-alibaba-aesCtr-512-512-285: 2500/2500 tasks started.azure-germanywestcentral-azure-aesCtr-512-512-148: 599/2500 tasks started.gcp-us-east1-gcp-aesCtr-512-512-242: 1122/2500 tasks started.
[2025-12-04T05:00:29Z] [[36minfo[0m] [function_finished] Finished benchmarking function aws-aesCtr-512 and closed archiver
[2025-12-04T05:00:32Z] [[36minfo[0m] [progress_update] aws-us-east-1-aws-aesCtr-512-512-737: 2500/2500 tasks started.alibaba-us-east-1-alibaba-aesCtr-512-512-285: 2500/2500 tasks started.azure-germanywestcentral-azure-aesCtr-512-512-148: 1306/2500 tasks started.gcp-us-east1-gcp-aesCtr-512-512-242: 1675/2500 tasks started.
[2025-12-04T05:00:42Z] [[36minfo[0m] [progress_update] aws-us-east-1-aws-aesCtr-512-512-737: 2500/2500 tasks started.alibaba-us-east-1-alibaba-aesCtr-512-512-285: 2500/2500 tasks started.azure-germanywestcentral-azure-aesCtr-512-512-148: 1831/2500 tasks started.gcp-us-east1-gcp-aesCtr-512-512-242: 2232/2500 tasks started.
[2025-12-04T05:00:52Z] [[36minfo[0m] [progress_update] aws-us-east-1-aws-aesCtr-512-512-737: 2500/2500 tasks started.alibaba-us-east-1-alibaba-aesCtr-512-512-285: 2500/2500 tasks started.azure-germanywestcentral-azure-aesCtr-512-512-148: 2036/2500 tasks started.gcp-us-east1-gcp-aesCtr-512-512-242: 2500/2500 tasks started.
[2025-12-04T05:01:02Z] [[36minfo[0m] [progress_update] aws-us-east-1-aws-aesCtr-512-512-737: 2500/2500 tasks started.alibaba-us-east-1-alibaba-aesCtr-512-512-285: 2500/2500 tasks started.azure-germanywestcentral-azure-aesCtr-512-512-148: 2041/2500 tasks started.gcp-us-east1-gcp-aesCtr-512-512-242: 2500/2500 tasks started.
[2025-12-04T05:01:12Z] [[36minfo[0m] [progress_update] aws-us-east-1-aws-aesCtr-512-512-737: 2500/2500 tasks started.alibaba-us-east-1-alibaba-aesCtr-512-512-285: 2500/2500 tasks started.azure-germanywestcentral-azure-aesCtr-512-512-148: 2173/2500 tasks started.gcp-us-east1-gcp-aesCtr-512-512-242: 2500/2500 tasks started.
[2025-12-04T05:01:12Z] [[36minfo[0m] [function_finished] Finished benchmarking function gcp-aesCtr-512 and closed archiver
[2025-12-04T05:01:16Z] [[36minfo[0m] [function_finished] Finished benchmarking function alibaba-aesCtr-512 and closed archiver
[2025-12-04T05:01:22Z] [[36minfo[0m] [progress_update] azure-germanywestcentral-azure-aesCtr-512-512-148: 2217/2500 tasks started.gcp-us-east1-gcp-aesCtr-512-512-242: 2500/2500 tasks started.aws-us-east-1-aws-aesCtr-512-512-737: 2500/2500 tasks started.alibaba-us-east-1-alibaba-aesCtr-512-512-285: 2500/2500 tasks started.
[2025-12-04T05:01:32Z] [[36minfo[0m] [progress_update] aws-us-east-1-aws-aesCtr-512-512-737: 2500/2500 tasks started.alibaba-us-east-1-alibaba-aesCtr-512-512-285: 2500/2500 tasks started.azure-germanywestcentral-azure-aesCtr-512-512-148: 2245/2500 tasks started.gcp-us-east1-gcp-aesCtr-512-512-242: 2500/2500 tasks started.
[2025-12-04T05:01:42Z] [[36minfo[0m] [progress_update] aws-us-east-1-aws-aesCtr-512-512-737: 2500/2500 tasks started.alibaba-us-east-1-alibaba-aesCtr-512-512-285: 2500/2500 tasks started.azure-germanywestcentral-azure-aesCtr-512-512-148: 2245/2500 tasks started.gcp-us-east1-gcp-aesCtr-512-512-242: 2500/2500 tasks started.
[2025-12-04T05:01:52Z] [[36minfo[0m] [progress_update] aws-us-east-1-aws-aesCtr-512-512-737: 2500/2500 tasks started.alibaba-us-east-1-alibaba-aesCtr-512-512-285: 2500/2500 tasks started.azure-germanywestcentral-azure-aesCtr-512-512-148: 2500/2500 tasks started.gcp-us-east1-gcp-aesCtr-512-512-242: 2500/2500 tasks started.
[2025-12-04T05:02:02Z] [[36minfo[0m] [progress_update] aws-us-east-1-aws-aesCtr-512-512-737: 2500/2500 tasks started.alibaba-us-east-1-alibaba-aesCtr-512-512-285: 2500/2500 tasks started.azure-germanywestcentral-azure-aesCtr-512-512-148: 2500/2500 tasks started.gcp-us-east1-gcp-aesCtr-512-512-242: 2500/2500 tasks started.
[2025-12-04T05:02:12Z] [[36minfo[0m] [progress_update] aws-us-east-1-aws-aesCtr-512-512-737: 2500/2500 tasks started.alibaba-us-east-1-alibaba-aesCtr-512-512-285: 2500/2500 tasks started.azure-germanywestcentral-azure-aesCtr-512-512-148: 2500/2500 tasks started.gcp-us-east1-gcp-aesCtr-512-512-242: 2500/2500 tasks started.
[2025-12-04T05:02:22Z] [[36minfo[0m] [progress_update] aws-us-east-1-aws-aesCtr-512-512-737: 2500/2500 tasks started.alibaba-us-east-1-alibaba-aesCtr-512-512-285: 2500/2500 tasks started.azure-germanywestcentral-azure-aesCtr-512-512-148: 2500/2500 tasks started.gcp-us-east1-gcp-aesCtr-512-512-242: 2500/2500 tasks started.
[2025-12-04T05:02:32Z] [[36minfo[0m] [progress_update] aws-us-east-1-aws-aesCtr-512-512-737: 2500/2500 tasks started.alibaba-us-east-1-alibaba-aesCtr-512-512-285: 2500/2500 tasks started.azure-germanywestcentral-azure-aesCtr-512-512-148: 2500/2500 tasks started.gcp-us-east1-gcp-aesCtr-512-512-242: 2500/2500 tasks started.
[2025-12-04T05:02:42Z] [[36minfo[0m] [progress_update] aws-us-east-1-aws-aesCtr-512-512-737: 2500/2500 tasks started.alibaba-us-east-1-alibaba-aesCtr-512-512-285: 2500/2500 tasks started.azure-germanywestcentral-azure-aesCtr-512-512-148: 2500/2500 tasks started.gcp-us-east1-gcp-aesCtr-512-512-242: 2500/2500 tasks started.
[2025-12-04T05:02:52Z] [[36minfo[0m] [progress_update] alibaba-us-east-1-alibaba-aesCtr-512-512-285: 2500/2500 tasks started.azure-germanywestcentral-azure-aesCtr-512-512-148: 2500/2500 tasks started.gcp-us-east1-gcp-aesCtr-512-512-242: 2500/2500 tasks started.aws-us-east-1-aws-aesCtr-512-512-737: 2500/2500 tasks started.
[2025-12-04T05:03:02Z] [[36minfo[0m] [progress_update] alibaba-us-east-1-alibaba-aesCtr-512-512-285: 2500/2500 tasks started.azure-germanywestcentral-azure-aesCtr-512-512-148: 2500/2500 tasks started.gcp-us-east1-gcp-aesCtr-512-512-242: 2500/2500 tasks started.aws-us-east-1-aws-aesCtr-512-512-737: 2500/2500 tasks started.
[2025-12-04T05:03:12Z] [[36minfo[0m] [progress_update] aws-us-east-1-aws-aesCtr-512-512-737: 2500/2500 tasks started.alibaba-us-east-1-alibaba-aesCtr-512-512-285: 2500/2500 tasks started.azure-germanywestcentral-azure-aesCtr-512-512-148: 2500/2500 tasks started.gcp-us-east1-gcp-aesCtr-512-512-242: 2500/2500 tasks started.
[2025-12-04T05:03:22Z] [[36minfo[0m] [progress_update] aws-us-east-1-aws-aesCtr-512-512-737: 2500/2500 tasks started.alibaba-us-east-1-alibaba-aesCtr-512-512-285: 2500/2500 tasks started.azure-germanywestcentral-azure-aesCtr-512-512-148: 2500/2500 tasks started.gcp-us-east1-gcp-aesCtr-512-512-242: 2500/2500 tasks started.
[2025-12-04T05:03:32Z] [[36minfo[0m] [progress_update] alibaba-us-east-1-alibaba-aesCtr-512-512-285: 2500/2500 tasks started.azure-germanywestcentral-azure-aesCtr-512-512-148: 2500/2500 tasks started.gcp-us-east1-gcp-aesCtr-512-512-242: 2500/2500 tasks started.aws-us-east-1-aws-aesCtr-512-512-737: 2500/2500 tasks started.
[2025-12-04T05:03:42Z] [[36minfo[0m] [progress_update] aws-us-east-1-aws-aesCtr-512-512-737: 2500/2500 tasks started.alibaba-us-east-1-alibaba-aesCtr-512-512-285: 2500/2500 tasks started.azure-germanywestcentral-azure-aesCtr-512-512-148: 2500/2500 tasks started.gcp-us-east1-gcp-aesCtr-512-512-242: 2500/2500 tasks started.
[2025-12-04T05:03:52Z] [[36minfo[0m] [progress_update] azure-germanywestcentral-azure-aesCtr-512-512-148: 2500/2500 tasks started.gcp-us-east1-gcp-aesCtr-512-512-242: 2500/2500 tasks started.aws-us-east-1-aws-aesCtr-512-512-737: 2500/2500 tasks started.alibaba-us-east-1-alibaba-aesCtr-512-512-285: 2500/2500 tasks started.
[2025-12-04T05:04:02Z] [[36minfo[0m] [progress_update] aws-us-east-1-aws-aesCtr-512-512-737: 2500/2500 tasks started.alibaba-us-east-1-alibaba-aesCtr-512-512-285: 2500/2500 tasks started.azure-germanywestcentral-azure-aesCtr-512-512-148: 2500/2500 tasks started.gcp-us-east1-gcp-aesCtr-512-512-242: 2500/2500 tasks started.
[2025-12-04T05:04:12Z] [[36minfo[0m] [progress_update] gcp-us-east1-gcp-aesCtr-512-512-242: 2500/2500 tasks started.aws-us-east-1-aws-aesCtr-512-512-737: 2500/2500 tasks started.alibaba-us-east-1-alibaba-aesCtr-512-512-285: 2500/2500 tasks started.azure-germanywestcentral-azure-aesCtr-512-512-148: 2500/2500 tasks started.
[2025-12-04T05:04:22Z] [[36minfo[0m] [progress_update] alibaba-us-east-1-alibaba-aesCtr-512-512-285: 2500/2500 tasks started.azure-germanywestcentral-azure-aesCtr-512-512-148: 2500/2500 tasks started.gcp-us-east1-gcp-aesCtr-512-512-242: 2500/2500 tasks started.aws-us-east-1-aws-aesCtr-512-512-737: 2500/2500 tasks started.
[2025-12-04T05:04:24Z] [[31merror[0m] [task_execution] Error executing task azure-aesCtr-512: task azure-aesCtr-512 failed after 7 retries: <nil>
[2025-12-04T05:04:24Z] [[31merror[0m] [task_execution] Error executing task azure-aesCtr-512: task azure-aesCtr-512 failed after 7 retries: <nil>
[2025-12-04T05:04:24Z] [[31merror[0m] [task_execution] Error executing task azure-aesCtr-512: task azure-aesCtr-512 failed after 7 retries: <nil>
[2025-12-04T05:04:25Z] [[31merror[0m] [task_execution] Error executing task azure-aesCtr-512: task azure-aesCtr-512 failed after 7 retries: <nil>
[2025-12-04T05:04:25Z] [[31merror[0m] [task_execution] Error executing task azure-aesCtr-512: task azure-aesCtr-512 failed after 7 retries: <nil>
[2025-12-04T05:04:25Z] [[31merror[0m] [task_execution] Error executing task azure-aesCtr-512: task azure-aesCtr-512 failed after 7 retries: <nil>
[2025-12-04T05:04:25Z] [[31merror[0m] [task_execution] Error executing task azure-aesCtr-512: task azure-aesCtr-512 failed after 7 retries: <nil>
[2025-12-04T05:04:25Z] [[31merror[0m] [task_execution] Error executing task azure-aesCtr-512: task azure-aesCtr-512 failed after 7 retries: <nil>
[2025-12-04T05:04:25Z] [[31merror[0m] [task_execution] Error executing task azure-aesCtr-512: task azure-aesCtr-512 failed after 7 retries: <nil>
[2025-12-04T05:04:25Z] [[31merror[0m] [task_execution] Error executing task azure-aesCtr-512: task azure-aesCtr-512 failed after 7 retries: <nil>
[2025-12-04T05:04:25Z] [[31merror[0m] [task_execution] Error executing task azure-aesCtr-512: task azure-aesCtr-512 failed after 7 retries: <nil>
[2025-12-04T05:04:25Z] [[31merror[0m] [task_execution] Error executing task azure-aesCtr-512: task azure-aesCtr-512 failed after 7 retries: <nil>
[2025-12-04T05:04:25Z] [[31merror[0m] [task_execution] Error executing task azure-aesCtr-512: task azure-aesCtr-512 failed after 7 retries: <nil>
[2025-12-04T05:04:25Z] [[31merror[0m] [task_execution] Error executing task azure-aesCtr-512: task azure-aesCtr-512 failed after 7 retries: <nil>
[2025-12-04T05:04:25Z] [[31merror[0m] [task_execution] Error executing task azure-aesCtr-512: task azure-aesCtr-512 failed after 7 retries: <nil>
[2025-12-04T05:04:25Z] [[31merror[0m] [task_execution] Error executing task azure-aesCtr-512: task azure-aesCtr-512 failed after 7 retries: <nil>
[2025-12-04T05:04:25Z] [[31merror[0m] [task_execution] Error executing task azure-aesCtr-512: task azure-aesCtr-512 failed after 7 retries: <nil>
[2025-12-04T05:04:25Z] [[31merror[0m] [task_execution] Error executing task azure-aesCtr-512: task azure-aesCtr-512 failed after 7 retries: <nil>
[2025-12-04T05:04:25Z] [[31merror[0m] [task_execution] Error executing task azure-aesCtr-512: task azure-aesCtr-512 failed after 7 retries: <nil>
[2025-12-04T05:04:25Z] [[31merror[0m] [task_execution] Error executing task azure-aesCtr-512: task azure-aesCtr-512 failed after 7 retries: <nil>
[2025-12-04T05:04:25Z] [[31merror[0m] [task_execution] Error executing task azure-aesCtr-512: task azure-aesCtr-512 failed after 7 retries: <nil>
[2025-12-04T05:04:25Z] [[31merror[0m] [task_execution] Error executing task azure-aesCtr-512: task azure-aesCtr-512 failed after 7 retries: <nil>
[2025-12-04T05:04:25Z] [[31merror[0m] [task_execution] Error executing task azure-aesCtr-512: task azure-aesCtr-512 failed after 7 retries: <nil>
[2025-12-04T05:04:25Z] [[31merror[0m] [task_execution] Error executing task azure-aesCtr-512: task azure-aesCtr-512 failed after 7 retries: <nil>
[2025-12-04T05:04:32Z] [[36minfo[0m] [progress_update] aws-us-east-1-aws-aesCtr-512-512-737: 2500/2500 tasks started.alibaba-us-east-1-alibaba-aesCtr-512-512-285: 2500/2500 tasks started.azure-germanywestcentral-azure-aesCtr-512-512-148: 2500/2500 tasks started.gcp-us-east1-gcp-aesCtr-512-512-242: 2500/2500 tasks started.
[2025-12-04T05:04:42Z] [[36minfo[0m] [progress_update] alibaba-us-east-1-alibaba-aesCtr-512-512-285: 2500/2500 tasks started.azure-germanywestcentral-azure-aesCtr-512-512-148: 2500/2500 tasks started.gcp-us-east1-gcp-aesCtr-512-512-242: 2500/2500 tasks started.aws-us-east-1-aws-aesCtr-512-512-737: 2500/2500 tasks started.
[2025-12-04T05:04:52Z] [[36minfo[0m] [progress_update] aws-us-east-1-aws-aesCtr-512-512-737: 2500/2500 tasks started.alibaba-us-east-1-alibaba-aesCtr-512-512-285: 2500/2500 tasks started.azure-germanywestcentral-azure-aesCtr-512-512-148: 2500/2500 tasks started.gcp-us-east1-gcp-aesCtr-512-512-242: 2500/2500 tasks started.
[2025-12-04T05:04:57Z] [[31merror[0m] [task_execution] Error executing task azure-aesCtr-512: task azure-aesCtr-512 failed after 7 retries: <nil>
[2025-12-04T05:04:57Z] [[31merror[0m] [task_execution] Error executing task azure-aesCtr-512: task azure-aesCtr-512 failed after 7 retries: <nil>
[2025-12-04T05:04:59Z] [[31merror[0m] [task_execution] Error executing task azure-aesCtr-512: task azure-aesCtr-512 failed after 7 retries: <nil>
[2025-12-04T05:04:59Z] [[31merror[0m] [task_execution] Error executing task azure-aesCtr-512: task azure-aesCtr-512 failed after 7 retries: <nil>
[2025-12-04T05:04:59Z] [[31merror[0m] [task_execution] Error executing task azure-aesCtr-512: task azure-aesCtr-512 failed after 7 retries: <nil>
[2025-12-04T05:04:59Z] [[31merror[0m] [task_execution] Error executing task azure-aesCtr-512: task azure-aesCtr-512 failed after 7 retries: <nil>
[2025-12-04T05:04:59Z] [[31merror[0m] [task_execution] Error executing task azure-aesCtr-512: task azure-aesCtr-512 failed after 7 retries: <nil>
[2025-12-04T05:04:59Z] [[31merror[0m] [task_execution] Error executing task azure-aesCtr-512: task azure-aesCtr-512 failed after 7 retries: <nil>
[2025-12-04T05:05:02Z] [[36minfo[0m] [progress_update] alibaba-us-east-1-alibaba-aesCtr-512-512-285: 2500/2500 tasks started.azure-germanywestcentral-azure-aesCtr-512-512-148: 2500/2500 tasks started.gcp-us-east1-gcp-aesCtr-512-512-242: 2500/2500 tasks started.aws-us-east-1-aws-aesCtr-512-512-737: 2500/2500 tasks started.
[2025-12-04T05:05:03Z] [[31merror[0m] [task_execution] Error executing task azure-aesCtr-512: task azure-aesCtr-512 failed after 7 retries: <nil>
[2025-12-04T05:05:08Z] [[36minfo[0m] [function_finished] Finished benchmarking function azure-aesCtr-512 and closed archiver
[2025-12-04T05:05:10Z] [[36minfo[0m] [finish_timeline] Benchmark Timeline
[Thu Dec  4 05:05:10 UTC 2025] Finished benchmark 'aesctr' successfully
[Thu Dec  4 05:05:10 UTC 2025] Sleeping 600 seconds before next workload...
