[Wed Dec  3 11:00:01 UTC 2025] Starting benchmark 'gemm' with config './configs/gemm.yaml'
Validating functions...
[2025-12-03T11:00:01Z] [[36minfo[0m] [executor_setup] Setting up executor for aws-us-east-1-aws-gemm-512-512-350
[2025-12-03T11:00:01Z] [[36minfo[0m] [executor_setup] Setting up executor for alibaba-us-east-1-alibaba-gemm-512-512-209
[2025-12-03T11:00:02Z] [[36minfo[0m] [executor_setup] Setting up executor for gcp-us-east1-gcp-gemm-512-512-567
[2025-12-03T11:00:02Z] [[36minfo[0m] [executor_setup] Setting up executor for azure-germanywestcentral-azure-gemm-512-512-852
[2025-12-03T11:00:02Z] [[0mwarning[0m] [[32mazure_limitations[0m] Azure can´t handle more than 300 parallel requests. Limiting to 300.
[2025-12-03T11:00:02Z] [[36minfo[0m] [start_timeline] Benchmark Timeline
[2025-12-03T11:00:02Z] [[36minfo[0m] [load_generator_start] (azure: germanywestcentral) Starting load generator with 300 workers
[2025-12-03T11:00:02Z] [[36minfo[0m] [load_generator_start] (aws: us-east-1) Starting load generator with 500 workers
[2025-12-03T11:00:02Z] [[36minfo[0m] [load_generator_start] (alibaba: us-east-1) Starting load generator with 500 workers
[2025-12-03T11:00:02Z] [[36minfo[0m] [load_generator_start] (gcp: us-east1) Starting load generator with 500 workers
[2025-12-03T11:00:12Z] [[36minfo[0m] [progress_update] gcp-us-east1-gcp-gemm-512-512-567: 1874/2500 tasks started.azure-germanywestcentral-azure-gemm-512-512-852: 690/2500 tasks started.aws-us-east-1-aws-gemm-512-512-350: 1623/2500 tasks started.alibaba-us-east-1-alibaba-gemm-512-512-209: 1313/2500 tasks started.
[2025-12-03T11:00:22Z] [[36minfo[0m] [progress_update] aws-us-east-1-aws-gemm-512-512-350: 2500/2500 tasks started.alibaba-us-east-1-alibaba-gemm-512-512-209: 2500/2500 tasks started.gcp-us-east1-gcp-gemm-512-512-567: 2500/2500 tasks started.azure-germanywestcentral-azure-gemm-512-512-852: 705/2500 tasks started.
[2025-12-03T11:00:27Z] [[36minfo[0m] [function_finished] Finished benchmarking function aws-gemm-512 and closed archiver
[2025-12-03T11:00:32Z] [[36minfo[0m] [progress_update] aws-us-east-1-aws-gemm-512-512-350: 2500/2500 tasks started.alibaba-us-east-1-alibaba-gemm-512-512-209: 2500/2500 tasks started.gcp-us-east1-gcp-gemm-512-512-567: 2500/2500 tasks started.azure-germanywestcentral-azure-gemm-512-512-852: 1251/2500 tasks started.
[2025-12-03T11:00:42Z] [[36minfo[0m] [progress_update] aws-us-east-1-aws-gemm-512-512-350: 2500/2500 tasks started.alibaba-us-east-1-alibaba-gemm-512-512-209: 2500/2500 tasks started.gcp-us-east1-gcp-gemm-512-512-567: 2500/2500 tasks started.azure-germanywestcentral-azure-gemm-512-512-852: 1715/2500 tasks started.
[2025-12-03T11:00:52Z] [[36minfo[0m] [progress_update] aws-us-east-1-aws-gemm-512-512-350: 2500/2500 tasks started.alibaba-us-east-1-alibaba-gemm-512-512-209: 2500/2500 tasks started.gcp-us-east1-gcp-gemm-512-512-567: 2500/2500 tasks started.azure-germanywestcentral-azure-gemm-512-512-852: 2213/2500 tasks started.
[2025-12-03T11:00:52Z] [[36minfo[0m] [function_finished] Finished benchmarking function gcp-gemm-512 and closed archiver
[2025-12-03T11:01:02Z] [[36minfo[0m] [progress_update] azure-germanywestcentral-azure-gemm-512-512-852: 2236/2500 tasks started.aws-us-east-1-aws-gemm-512-512-350: 2500/2500 tasks started.alibaba-us-east-1-alibaba-gemm-512-512-209: 2500/2500 tasks started.gcp-us-east1-gcp-gemm-512-512-567: 2500/2500 tasks started.
[2025-12-03T11:01:12Z] [[36minfo[0m] [progress_update] aws-us-east-1-aws-gemm-512-512-350: 2500/2500 tasks started.alibaba-us-east-1-alibaba-gemm-512-512-209: 2500/2500 tasks started.gcp-us-east1-gcp-gemm-512-512-567: 2500/2500 tasks started.azure-germanywestcentral-azure-gemm-512-512-852: 2241/2500 tasks started.
[2025-12-03T11:01:22Z] [[36minfo[0m] [progress_update] aws-us-east-1-aws-gemm-512-512-350: 2500/2500 tasks started.alibaba-us-east-1-alibaba-gemm-512-512-209: 2500/2500 tasks started.gcp-us-east1-gcp-gemm-512-512-567: 2500/2500 tasks started.azure-germanywestcentral-azure-gemm-512-512-852: 2251/2500 tasks started.
[2025-12-03T11:01:32Z] [[36minfo[0m] [progress_update] alibaba-us-east-1-alibaba-gemm-512-512-209: 2500/2500 tasks started.gcp-us-east1-gcp-gemm-512-512-567: 2500/2500 tasks started.azure-germanywestcentral-azure-gemm-512-512-852: 2260/2500 tasks started.aws-us-east-1-aws-gemm-512-512-350: 2500/2500 tasks started.
[2025-12-03T11:01:42Z] [[36minfo[0m] [progress_update] aws-us-east-1-aws-gemm-512-512-350: 2500/2500 tasks started.alibaba-us-east-1-alibaba-gemm-512-512-209: 2500/2500 tasks started.gcp-us-east1-gcp-gemm-512-512-567: 2500/2500 tasks started.azure-germanywestcentral-azure-gemm-512-512-852: 2261/2500 tasks started.
[2025-12-03T11:01:52Z] [[36minfo[0m] [progress_update] aws-us-east-1-aws-gemm-512-512-350: 2500/2500 tasks started.alibaba-us-east-1-alibaba-gemm-512-512-209: 2500/2500 tasks started.gcp-us-east1-gcp-gemm-512-512-567: 2500/2500 tasks started.azure-germanywestcentral-azure-gemm-512-512-852: 2455/2500 tasks started.
[2025-12-03T11:02:02Z] [[36minfo[0m] [progress_update] aws-us-east-1-aws-gemm-512-512-350: 2500/2500 tasks started.alibaba-us-east-1-alibaba-gemm-512-512-209: 2500/2500 tasks started.gcp-us-east1-gcp-gemm-512-512-567: 2500/2500 tasks started.azure-germanywestcentral-azure-gemm-512-512-852: 2500/2500 tasks started.
[2025-12-03T11:02:12Z] [[36minfo[0m] [progress_update] aws-us-east-1-aws-gemm-512-512-350: 2500/2500 tasks started.alibaba-us-east-1-alibaba-gemm-512-512-209: 2500/2500 tasks started.gcp-us-east1-gcp-gemm-512-512-567: 2500/2500 tasks started.azure-germanywestcentral-azure-gemm-512-512-852: 2500/2500 tasks started.
[2025-12-03T11:02:22Z] [[36minfo[0m] [progress_update] aws-us-east-1-aws-gemm-512-512-350: 2500/2500 tasks started.alibaba-us-east-1-alibaba-gemm-512-512-209: 2500/2500 tasks started.gcp-us-east1-gcp-gemm-512-512-567: 2500/2500 tasks started.azure-germanywestcentral-azure-gemm-512-512-852: 2500/2500 tasks started.
[2025-12-03T11:02:25Z] [[36minfo[0m] [function_finished] Finished benchmarking function alibaba-gemm-512 and closed archiver
[2025-12-03T11:02:32Z] [[36minfo[0m] [progress_update] aws-us-east-1-aws-gemm-512-512-350: 2500/2500 tasks started.alibaba-us-east-1-alibaba-gemm-512-512-209: 2500/2500 tasks started.gcp-us-east1-gcp-gemm-512-512-567: 2500/2500 tasks started.azure-germanywestcentral-azure-gemm-512-512-852: 2500/2500 tasks started.
[2025-12-03T11:02:42Z] [[36minfo[0m] [progress_update] azure-germanywestcentral-azure-gemm-512-512-852: 2500/2500 tasks started.aws-us-east-1-aws-gemm-512-512-350: 2500/2500 tasks started.alibaba-us-east-1-alibaba-gemm-512-512-209: 2500/2500 tasks started.gcp-us-east1-gcp-gemm-512-512-567: 2500/2500 tasks started.
[2025-12-03T11:02:52Z] [[36minfo[0m] [progress_update] gcp-us-east1-gcp-gemm-512-512-567: 2500/2500 tasks started.azure-germanywestcentral-azure-gemm-512-512-852: 2500/2500 tasks started.aws-us-east-1-aws-gemm-512-512-350: 2500/2500 tasks started.alibaba-us-east-1-alibaba-gemm-512-512-209: 2500/2500 tasks started.
[2025-12-03T11:03:02Z] [[36minfo[0m] [progress_update] gcp-us-east1-gcp-gemm-512-512-567: 2500/2500 tasks started.azure-germanywestcentral-azure-gemm-512-512-852: 2500/2500 tasks started.aws-us-east-1-aws-gemm-512-512-350: 2500/2500 tasks started.alibaba-us-east-1-alibaba-gemm-512-512-209: 2500/2500 tasks started.
[2025-12-03T11:03:12Z] [[36minfo[0m] [progress_update] aws-us-east-1-aws-gemm-512-512-350: 2500/2500 tasks started.alibaba-us-east-1-alibaba-gemm-512-512-209: 2500/2500 tasks started.gcp-us-east1-gcp-gemm-512-512-567: 2500/2500 tasks started.azure-germanywestcentral-azure-gemm-512-512-852: 2500/2500 tasks started.
[2025-12-03T11:03:22Z] [[36minfo[0m] [progress_update] aws-us-east-1-aws-gemm-512-512-350: 2500/2500 tasks started.alibaba-us-east-1-alibaba-gemm-512-512-209: 2500/2500 tasks started.gcp-us-east1-gcp-gemm-512-512-567: 2500/2500 tasks started.azure-germanywestcentral-azure-gemm-512-512-852: 2500/2500 tasks started.
[2025-12-03T11:03:32Z] [[36minfo[0m] [progress_update] aws-us-east-1-aws-gemm-512-512-350: 2500/2500 tasks started.alibaba-us-east-1-alibaba-gemm-512-512-209: 2500/2500 tasks started.gcp-us-east1-gcp-gemm-512-512-567: 2500/2500 tasks started.azure-germanywestcentral-azure-gemm-512-512-852: 2500/2500 tasks started.
[2025-12-03T11:03:42Z] [[36minfo[0m] [progress_update] aws-us-east-1-aws-gemm-512-512-350: 2500/2500 tasks started.alibaba-us-east-1-alibaba-gemm-512-512-209: 2500/2500 tasks started.gcp-us-east1-gcp-gemm-512-512-567: 2500/2500 tasks started.azure-germanywestcentral-azure-gemm-512-512-852: 2500/2500 tasks started.
[2025-12-03T11:03:52Z] [[36minfo[0m] [progress_update] azure-germanywestcentral-azure-gemm-512-512-852: 2500/2500 tasks started.aws-us-east-1-aws-gemm-512-512-350: 2500/2500 tasks started.alibaba-us-east-1-alibaba-gemm-512-512-209: 2500/2500 tasks started.gcp-us-east1-gcp-gemm-512-512-567: 2500/2500 tasks started.
[2025-12-03T11:04:02Z] [[36minfo[0m] [progress_update] aws-us-east-1-aws-gemm-512-512-350: 2500/2500 tasks started.alibaba-us-east-1-alibaba-gemm-512-512-209: 2500/2500 tasks started.gcp-us-east1-gcp-gemm-512-512-567: 2500/2500 tasks started.azure-germanywestcentral-azure-gemm-512-512-852: 2500/2500 tasks started.
[2025-12-03T11:04:12Z] [[36minfo[0m] [progress_update] aws-us-east-1-aws-gemm-512-512-350: 2500/2500 tasks started.alibaba-us-east-1-alibaba-gemm-512-512-209: 2500/2500 tasks started.gcp-us-east1-gcp-gemm-512-512-567: 2500/2500 tasks started.azure-germanywestcentral-azure-gemm-512-512-852: 2500/2500 tasks started.
[2025-12-03T11:04:22Z] [[36minfo[0m] [progress_update] aws-us-east-1-aws-gemm-512-512-350: 2500/2500 tasks started.alibaba-us-east-1-alibaba-gemm-512-512-209: 2500/2500 tasks started.gcp-us-east1-gcp-gemm-512-512-567: 2500/2500 tasks started.azure-germanywestcentral-azure-gemm-512-512-852: 2500/2500 tasks started.
[2025-12-03T11:04:26Z] [[31merror[0m] [task_execution] Error executing task azure-gemm-512: task azure-gemm-512 failed after 7 retries: <nil>
[2025-12-03T11:04:27Z] [[31merror[0m] [task_execution] Error executing task azure-gemm-512: task azure-gemm-512 failed after 7 retries: <nil>
[2025-12-03T11:04:32Z] [[36minfo[0m] [progress_update] aws-us-east-1-aws-gemm-512-512-350: 2500/2500 tasks started.alibaba-us-east-1-alibaba-gemm-512-512-209: 2500/2500 tasks started.gcp-us-east1-gcp-gemm-512-512-567: 2500/2500 tasks started.azure-germanywestcentral-azure-gemm-512-512-852: 2500/2500 tasks started.
[2025-12-03T11:04:33Z] [[31merror[0m] [task_execution] Error executing task azure-gemm-512: task azure-gemm-512 failed after 7 retries: <nil>
[2025-12-03T11:04:40Z] [[31merror[0m] [task_execution] Error executing task azure-gemm-512: task azure-gemm-512 failed after 7 retries: <nil>
[2025-12-03T11:04:40Z] [[31merror[0m] [task_execution] Error executing task azure-gemm-512: task azure-gemm-512 failed after 7 retries: <nil>
[2025-12-03T11:04:40Z] [[31merror[0m] [task_execution] Error executing task azure-gemm-512: task azure-gemm-512 failed after 7 retries: <nil>
[2025-12-03T11:04:40Z] [[31merror[0m] [task_execution] Error executing task azure-gemm-512: task azure-gemm-512 failed after 7 retries: <nil>
[2025-12-03T11:04:40Z] [[31merror[0m] [task_execution] Error executing task azure-gemm-512: task azure-gemm-512 failed after 7 retries: <nil>
[2025-12-03T11:04:40Z] [[31merror[0m] [task_execution] Error executing task azure-gemm-512: task azure-gemm-512 failed after 7 retries: <nil>
[2025-12-03T11:04:40Z] [[31merror[0m] [task_execution] Error executing task azure-gemm-512: task azure-gemm-512 failed after 7 retries: <nil>
[2025-12-03T11:04:41Z] [[31merror[0m] [task_execution] Error executing task azure-gemm-512: task azure-gemm-512 failed after 7 retries: <nil>
[2025-12-03T11:04:41Z] [[31merror[0m] [task_execution] Error executing task azure-gemm-512: task azure-gemm-512 failed after 7 retries: <nil>
[2025-12-03T11:04:41Z] [[31merror[0m] [task_execution] Error executing task azure-gemm-512: task azure-gemm-512 failed after 7 retries: <nil>
[2025-12-03T11:04:42Z] [[36minfo[0m] [progress_update] azure-germanywestcentral-azure-gemm-512-512-852: 2500/2500 tasks started.aws-us-east-1-aws-gemm-512-512-350: 2500/2500 tasks started.alibaba-us-east-1-alibaba-gemm-512-512-209: 2500/2500 tasks started.gcp-us-east1-gcp-gemm-512-512-567: 2500/2500 tasks started.
[2025-12-03T11:04:52Z] [[36minfo[0m] [progress_update] aws-us-east-1-aws-gemm-512-512-350: 2500/2500 tasks started.alibaba-us-east-1-alibaba-gemm-512-512-209: 2500/2500 tasks started.gcp-us-east1-gcp-gemm-512-512-567: 2500/2500 tasks started.azure-germanywestcentral-azure-gemm-512-512-852: 2500/2500 tasks started.
[2025-12-03T11:05:02Z] [[36minfo[0m] [progress_update] aws-us-east-1-aws-gemm-512-512-350: 2500/2500 tasks started.alibaba-us-east-1-alibaba-gemm-512-512-209: 2500/2500 tasks started.gcp-us-east1-gcp-gemm-512-512-567: 2500/2500 tasks started.azure-germanywestcentral-azure-gemm-512-512-852: 2500/2500 tasks started.
[2025-12-03T11:05:06Z] [[31merror[0m] [task_execution] Error executing task azure-gemm-512: task azure-gemm-512 failed after 7 retries: <nil>
[2025-12-03T11:05:07Z] [[31merror[0m] [task_execution] Error executing task azure-gemm-512: task azure-gemm-512 failed after 7 retries: <nil>
[2025-12-03T11:05:12Z] [[36minfo[0m] [function_finished] Finished benchmarking function azure-gemm-512 and closed archiver
[2025-12-03T11:05:12Z] [[36minfo[0m] [progress_update] azure-germanywestcentral-azure-gemm-512-512-852: 2500/2500 tasks started.aws-us-east-1-aws-gemm-512-512-350: 2500/2500 tasks started.alibaba-us-east-1-alibaba-gemm-512-512-209: 2500/2500 tasks started.gcp-us-east1-gcp-gemm-512-512-567: 2500/2500 tasks started.
[2025-12-03T11:05:14Z] [[36minfo[0m] [finish_timeline] Benchmark Timeline
[Wed Dec  3 11:05:14 UTC 2025] Finished benchmark 'gemm' successfully
[Wed Dec  3 11:05:14 UTC 2025] Sleeping 600 seconds before next workload...
