[Thu Dec  4 17:46:47 UTC 2025] Starting benchmark 'json' with config './configs/json.yaml'
Validating functions...
[2025-12-04T17:46:47Z] [[36minfo[0m] [executor_setup] Setting up executor for aws-us-east-1-aws-json-512-512-421
[2025-12-04T17:46:47Z] [[36minfo[0m] [executor_setup] Setting up executor for alibaba-us-east-1-alibaba-json-512-512-723
[2025-12-04T17:46:47Z] [[36minfo[0m] [executor_setup] Setting up executor for azure-germanywestcentral-azure-json-512-512-239
[2025-12-04T17:46:47Z] [[0mwarning[0m] [[32mazure_limitations[0m] Azure can´t handle more than 300 parallel requests. Limiting to 300.
[2025-12-04T17:46:48Z] [[36minfo[0m] [executor_setup] Setting up executor for gcp-us-east1-gcp-json-512-512-859
[2025-12-04T17:46:48Z] [[36minfo[0m] [start_timeline] Benchmark Timeline
[2025-12-04T17:46:48Z] [[36minfo[0m] [load_generator_start] (gcp: us-east1) Starting load generator with 300 workers
[2025-12-04T17:46:48Z] [[36minfo[0m] [load_generator_start] (aws: us-east-1) Starting load generator with 500 workers
[2025-12-04T17:46:48Z] [[36minfo[0m] [load_generator_start] (alibaba: us-east-1) Starting load generator with 500 workers
[2025-12-04T17:46:48Z] [[36minfo[0m] [load_generator_start] (azure: germanywestcentral) Starting load generator with 300 workers
[2025-12-04T17:46:58Z] [[36minfo[0m] [progress_update] aws-us-east-1-aws-json-512-512-421: 1706/2500 tasks started.alibaba-us-east-1-alibaba-json-512-512-723: 1616/2500 tasks started.azure-germanywestcentral-azure-json-512-512-239: 522/2500 tasks started.gcp-us-east1-gcp-json-512-512-859: 1003/2500 tasks started.
[2025-12-04T17:47:08Z] [[36minfo[0m] [progress_update] azure-germanywestcentral-azure-json-512-512-239: 527/2500 tasks started.gcp-us-east1-gcp-json-512-512-859: 2008/2500 tasks started.aws-us-east-1-aws-json-512-512-421: 2500/2500 tasks started.alibaba-us-east-1-alibaba-json-512-512-723: 2500/2500 tasks started.
[2025-12-04T17:47:14Z] [[36minfo[0m] [function_finished] Finished benchmarking function aws-json-512 and closed archiver
[2025-12-04T17:47:18Z] [[36minfo[0m] [progress_update] aws-us-east-1-aws-json-512-512-421: 2500/2500 tasks started.alibaba-us-east-1-alibaba-json-512-512-723: 2500/2500 tasks started.azure-germanywestcentral-azure-json-512-512-239: 1239/2500 tasks started.gcp-us-east1-gcp-json-512-512-859: 2500/2500 tasks started.
[2025-12-04T17:47:27Z] [[36minfo[0m] [function_finished] Finished benchmarking function gcp-json-512 and closed archiver
[2025-12-04T17:47:28Z] [[36minfo[0m] [progress_update] aws-us-east-1-aws-json-512-512-421: 2500/2500 tasks started.alibaba-us-east-1-alibaba-json-512-512-723: 2500/2500 tasks started.azure-germanywestcentral-azure-json-512-512-239: 1771/2500 tasks started.gcp-us-east1-gcp-json-512-512-859: 2500/2500 tasks started.
[2025-12-04T17:47:38Z] [[36minfo[0m] [progress_update] azure-germanywestcentral-azure-json-512-512-239: 2272/2500 tasks started.gcp-us-east1-gcp-json-512-512-859: 2500/2500 tasks started.aws-us-east-1-aws-json-512-512-421: 2500/2500 tasks started.alibaba-us-east-1-alibaba-json-512-512-723: 2500/2500 tasks started.
[2025-12-04T17:47:48Z] [[36minfo[0m] [progress_update] alibaba-us-east-1-alibaba-json-512-512-723: 2500/2500 tasks started.azure-germanywestcentral-azure-json-512-512-239: 2278/2500 tasks started.gcp-us-east1-gcp-json-512-512-859: 2500/2500 tasks started.aws-us-east-1-aws-json-512-512-421: 2500/2500 tasks started.
[2025-12-04T17:47:58Z] [[36minfo[0m] [progress_update] aws-us-east-1-aws-json-512-512-421: 2500/2500 tasks started.alibaba-us-east-1-alibaba-json-512-512-723: 2500/2500 tasks started.azure-germanywestcentral-azure-json-512-512-239: 2305/2500 tasks started.gcp-us-east1-gcp-json-512-512-859: 2500/2500 tasks started.
[2025-12-04T17:48:08Z] [[36minfo[0m] [progress_update] aws-us-east-1-aws-json-512-512-421: 2500/2500 tasks started.alibaba-us-east-1-alibaba-json-512-512-723: 2500/2500 tasks started.azure-germanywestcentral-azure-json-512-512-239: 2334/2500 tasks started.gcp-us-east1-gcp-json-512-512-859: 2500/2500 tasks started.
[2025-12-04T17:48:18Z] [[36minfo[0m] [progress_update] aws-us-east-1-aws-json-512-512-421: 2500/2500 tasks started.alibaba-us-east-1-alibaba-json-512-512-723: 2500/2500 tasks started.azure-germanywestcentral-azure-json-512-512-239: 2359/2500 tasks started.gcp-us-east1-gcp-json-512-512-859: 2500/2500 tasks started.
[2025-12-04T17:48:28Z] [[36minfo[0m] [progress_update] azure-germanywestcentral-azure-json-512-512-239: 2394/2500 tasks started.gcp-us-east1-gcp-json-512-512-859: 2500/2500 tasks started.aws-us-east-1-aws-json-512-512-421: 2500/2500 tasks started.alibaba-us-east-1-alibaba-json-512-512-723: 2500/2500 tasks started.
[2025-12-04T17:48:38Z] [[36minfo[0m] [progress_update] gcp-us-east1-gcp-json-512-512-859: 2500/2500 tasks started.aws-us-east-1-aws-json-512-512-421: 2500/2500 tasks started.alibaba-us-east-1-alibaba-json-512-512-723: 2500/2500 tasks started.azure-germanywestcentral-azure-json-512-512-239: 2416/2500 tasks started.
[2025-12-04T17:48:48Z] [[36minfo[0m] [progress_update] gcp-us-east1-gcp-json-512-512-859: 2500/2500 tasks started.aws-us-east-1-aws-json-512-512-421: 2500/2500 tasks started.alibaba-us-east-1-alibaba-json-512-512-723: 2500/2500 tasks started.azure-germanywestcentral-azure-json-512-512-239: 2500/2500 tasks started.
[2025-12-04T17:48:58Z] [[36minfo[0m] [progress_update] alibaba-us-east-1-alibaba-json-512-512-723: 2500/2500 tasks started.azure-germanywestcentral-azure-json-512-512-239: 2500/2500 tasks started.gcp-us-east1-gcp-json-512-512-859: 2500/2500 tasks started.aws-us-east-1-aws-json-512-512-421: 2500/2500 tasks started.
[2025-12-04T17:49:08Z] [[36minfo[0m] [progress_update] aws-us-east-1-aws-json-512-512-421: 2500/2500 tasks started.alibaba-us-east-1-alibaba-json-512-512-723: 2500/2500 tasks started.azure-germanywestcentral-azure-json-512-512-239: 2500/2500 tasks started.gcp-us-east1-gcp-json-512-512-859: 2500/2500 tasks started.
[2025-12-04T17:49:09Z] [[36minfo[0m] [function_finished] Finished benchmarking function alibaba-json-512 and closed archiver
[2025-12-04T17:49:18Z] [[36minfo[0m] [progress_update] aws-us-east-1-aws-json-512-512-421: 2500/2500 tasks started.alibaba-us-east-1-alibaba-json-512-512-723: 2500/2500 tasks started.azure-germanywestcentral-azure-json-512-512-239: 2500/2500 tasks started.gcp-us-east1-gcp-json-512-512-859: 2500/2500 tasks started.
[2025-12-04T17:49:28Z] [[36minfo[0m] [progress_update] aws-us-east-1-aws-json-512-512-421: 2500/2500 tasks started.alibaba-us-east-1-alibaba-json-512-512-723: 2500/2500 tasks started.azure-germanywestcentral-azure-json-512-512-239: 2500/2500 tasks started.gcp-us-east1-gcp-json-512-512-859: 2500/2500 tasks started.
[2025-12-04T17:49:38Z] [[36minfo[0m] [progress_update] aws-us-east-1-aws-json-512-512-421: 2500/2500 tasks started.alibaba-us-east-1-alibaba-json-512-512-723: 2500/2500 tasks started.azure-germanywestcentral-azure-json-512-512-239: 2500/2500 tasks started.gcp-us-east1-gcp-json-512-512-859: 2500/2500 tasks started.
[2025-12-04T17:49:48Z] [[36minfo[0m] [progress_update] azure-germanywestcentral-azure-json-512-512-239: 2500/2500 tasks started.gcp-us-east1-gcp-json-512-512-859: 2500/2500 tasks started.aws-us-east-1-aws-json-512-512-421: 2500/2500 tasks started.alibaba-us-east-1-alibaba-json-512-512-723: 2500/2500 tasks started.
[2025-12-04T17:49:58Z] [[36minfo[0m] [progress_update] gcp-us-east1-gcp-json-512-512-859: 2500/2500 tasks started.aws-us-east-1-aws-json-512-512-421: 2500/2500 tasks started.alibaba-us-east-1-alibaba-json-512-512-723: 2500/2500 tasks started.azure-germanywestcentral-azure-json-512-512-239: 2500/2500 tasks started.
[2025-12-04T17:50:08Z] [[36minfo[0m] [progress_update] gcp-us-east1-gcp-json-512-512-859: 2500/2500 tasks started.aws-us-east-1-aws-json-512-512-421: 2500/2500 tasks started.alibaba-us-east-1-alibaba-json-512-512-723: 2500/2500 tasks started.azure-germanywestcentral-azure-json-512-512-239: 2500/2500 tasks started.
[2025-12-04T17:50:18Z] [[36minfo[0m] [progress_update] alibaba-us-east-1-alibaba-json-512-512-723: 2500/2500 tasks started.azure-germanywestcentral-azure-json-512-512-239: 2500/2500 tasks started.gcp-us-east1-gcp-json-512-512-859: 2500/2500 tasks started.aws-us-east-1-aws-json-512-512-421: 2500/2500 tasks started.
[2025-12-04T17:50:28Z] [[36minfo[0m] [progress_update] aws-us-east-1-aws-json-512-512-421: 2500/2500 tasks started.alibaba-us-east-1-alibaba-json-512-512-723: 2500/2500 tasks started.azure-germanywestcentral-azure-json-512-512-239: 2500/2500 tasks started.gcp-us-east1-gcp-json-512-512-859: 2500/2500 tasks started.
[2025-12-04T17:50:38Z] [[36minfo[0m] [progress_update] aws-us-east-1-aws-json-512-512-421: 2500/2500 tasks started.alibaba-us-east-1-alibaba-json-512-512-723: 2500/2500 tasks started.azure-germanywestcentral-azure-json-512-512-239: 2500/2500 tasks started.gcp-us-east1-gcp-json-512-512-859: 2500/2500 tasks started.
[2025-12-04T17:50:48Z] [[36minfo[0m] [progress_update] alibaba-us-east-1-alibaba-json-512-512-723: 2500/2500 tasks started.azure-germanywestcentral-azure-json-512-512-239: 2500/2500 tasks started.gcp-us-east1-gcp-json-512-512-859: 2500/2500 tasks started.aws-us-east-1-aws-json-512-512-421: 2500/2500 tasks started.
[2025-12-04T17:50:58Z] [[36minfo[0m] [progress_update] aws-us-east-1-aws-json-512-512-421: 2500/2500 tasks started.alibaba-us-east-1-alibaba-json-512-512-723: 2500/2500 tasks started.azure-germanywestcentral-azure-json-512-512-239: 2500/2500 tasks started.gcp-us-east1-gcp-json-512-512-859: 2500/2500 tasks started.
[2025-12-04T17:51:08Z] [[36minfo[0m] [progress_update] aws-us-east-1-aws-json-512-512-421: 2500/2500 tasks started.alibaba-us-east-1-alibaba-json-512-512-723: 2500/2500 tasks started.azure-germanywestcentral-azure-json-512-512-239: 2500/2500 tasks started.gcp-us-east1-gcp-json-512-512-859: 2500/2500 tasks started.
[2025-12-04T17:51:18Z] [[36minfo[0m] [progress_update] aws-us-east-1-aws-json-512-512-421: 2500/2500 tasks started.alibaba-us-east-1-alibaba-json-512-512-723: 2500/2500 tasks started.azure-germanywestcentral-azure-json-512-512-239: 2500/2500 tasks started.gcp-us-east1-gcp-json-512-512-859: 2500/2500 tasks started.
[2025-12-04T17:51:28Z] [[36minfo[0m] [progress_update] aws-us-east-1-aws-json-512-512-421: 2500/2500 tasks started.alibaba-us-east-1-alibaba-json-512-512-723: 2500/2500 tasks started.azure-germanywestcentral-azure-json-512-512-239: 2500/2500 tasks started.gcp-us-east1-gcp-json-512-512-859: 2500/2500 tasks started.
[2025-12-04T17:51:38Z] [[36minfo[0m] [progress_update] aws-us-east-1-aws-json-512-512-421: 2500/2500 tasks started.alibaba-us-east-1-alibaba-json-512-512-723: 2500/2500 tasks started.azure-germanywestcentral-azure-json-512-512-239: 2500/2500 tasks started.gcp-us-east1-gcp-json-512-512-859: 2500/2500 tasks started.
[2025-12-04T17:51:44Z] [[31merror[0m] [task_execution] Error executing task azure-json-512: task azure-json-512 failed after 7 retries: <nil>
[2025-12-04T17:51:45Z] [[31merror[0m] [task_execution] Error executing task azure-json-512: task azure-json-512 failed after 7 retries: <nil>
[2025-12-04T17:51:45Z] [[31merror[0m] [task_execution] Error executing task azure-json-512: task azure-json-512 failed after 7 retries: <nil>
[2025-12-04T17:51:46Z] [[31merror[0m] [task_execution] Error executing task azure-json-512: task azure-json-512 failed after 7 retries: <nil>
[2025-12-04T17:51:46Z] [[31merror[0m] [task_execution] Error executing task azure-json-512: task azure-json-512 failed after 7 retries: <nil>
[2025-12-04T17:51:47Z] [[31merror[0m] [task_execution] Error executing task azure-json-512: task azure-json-512 failed after 7 retries: <nil>
[2025-12-04T17:51:47Z] [[31merror[0m] [task_execution] Error executing task azure-json-512: task azure-json-512 failed after 7 retries: <nil>
[2025-12-04T17:51:47Z] [[31merror[0m] [task_execution] Error executing task azure-json-512: task azure-json-512 failed after 7 retries: <nil>
[2025-12-04T17:51:48Z] [[36minfo[0m] [progress_update] aws-us-east-1-aws-json-512-512-421: 2500/2500 tasks started.alibaba-us-east-1-alibaba-json-512-512-723: 2500/2500 tasks started.azure-germanywestcentral-azure-json-512-512-239: 2500/2500 tasks started.gcp-us-east1-gcp-json-512-512-859: 2500/2500 tasks started.
[2025-12-04T17:51:48Z] [[31merror[0m] [task_execution] Error executing task azure-json-512: task azure-json-512 failed after 7 retries: <nil>
[2025-12-04T17:51:53Z] [[36minfo[0m] [function_finished] Finished benchmarking function azure-json-512 and closed archiver
[2025-12-04T17:51:55Z] [[36minfo[0m] [finish_timeline] Benchmark Timeline
[Thu Dec  4 17:51:55 UTC 2025] Finished benchmark 'json' successfully
[Thu Dec  4 17:51:55 UTC 2025] Sleeping 600 seconds before next workload...
