[Thu Dec  4 23:15:02 UTC 2025] Starting benchmark 'gzip' with config './configs/gzip.yaml'
Validating functions...
[2025-12-04T23:15:02Z] [[36minfo[0m] [executor_setup] Setting up executor for aws-us-east-1-aws-gzip-512-512-517
[2025-12-04T23:15:02Z] [[36minfo[0m] [executor_setup] Setting up executor for alibaba-us-east-1-alibaba-gzip-512-512-414
[2025-12-04T23:15:02Z] [[36minfo[0m] [executor_setup] Setting up executor for azure-germanywestcentral-azure-gzip-512-512-160
[2025-12-04T23:15:02Z] [[0mwarning[0m] [[32mazure_limitations[0m] Azure can´t handle more than 300 parallel requests. Limiting to 300.
[2025-12-04T23:15:02Z] [[36minfo[0m] [executor_setup] Setting up executor for gcp-us-east1-gcp-gzip-512-512-525
[2025-12-04T23:15:02Z] [[36minfo[0m] [start_timeline] Benchmark Timeline
[2025-12-04T23:15:02Z] [[36minfo[0m] [load_generator_start] (gcp: us-east1) Starting load generator with 300 workers
[2025-12-04T23:15:02Z] [[36minfo[0m] [load_generator_start] (aws: us-east-1) Starting load generator with 500 workers
[2025-12-04T23:15:02Z] [[36minfo[0m] [load_generator_start] (alibaba: us-east-1) Starting load generator with 500 workers
[2025-12-04T23:15:02Z] [[36minfo[0m] [load_generator_start] (azure: germanywestcentral) Starting load generator with 300 workers
[2025-12-04T23:15:12Z] [[36minfo[0m] [progress_update] gcp-us-east1-gcp-gzip-512-512-525: 1072/2500 tasks started.aws-us-east-1-aws-gzip-512-512-517: 1901/2500 tasks started.alibaba-us-east-1-alibaba-gzip-512-512-414: 1771/2500 tasks started.azure-germanywestcentral-azure-gzip-512-512-160: 677/2500 tasks started.
[2025-12-04T23:15:22Z] [[36minfo[0m] [progress_update] alibaba-us-east-1-alibaba-gzip-512-512-414: 2500/2500 tasks started.azure-germanywestcentral-azure-gzip-512-512-160: 677/2500 tasks started.gcp-us-east1-gcp-gzip-512-512-525: 2142/2500 tasks started.aws-us-east-1-aws-gzip-512-512-517: 2500/2500 tasks started.
[2025-12-04T23:15:30Z] [[36minfo[0m] [function_finished] Finished benchmarking function aws-gzip-512 and closed archiver
[2025-12-04T23:15:32Z] [[36minfo[0m] [progress_update] aws-us-east-1-aws-gzip-512-512-517: 2500/2500 tasks started.alibaba-us-east-1-alibaba-gzip-512-512-414: 2500/2500 tasks started.azure-germanywestcentral-azure-gzip-512-512-160: 1283/2500 tasks started.gcp-us-east1-gcp-gzip-512-512-525: 2500/2500 tasks started.
[2025-12-04T23:15:39Z] [[36minfo[0m] [function_finished] Finished benchmarking function gcp-gzip-512 and closed archiver
[2025-12-04T23:15:42Z] [[36minfo[0m] [progress_update] alibaba-us-east-1-alibaba-gzip-512-512-414: 2500/2500 tasks started.azure-germanywestcentral-azure-gzip-512-512-160: 1813/2500 tasks started.gcp-us-east1-gcp-gzip-512-512-525: 2500/2500 tasks started.aws-us-east-1-aws-gzip-512-512-517: 2500/2500 tasks started.
[2025-12-04T23:15:52Z] [[36minfo[0m] [progress_update] alibaba-us-east-1-alibaba-gzip-512-512-414: 2500/2500 tasks started.azure-germanywestcentral-azure-gzip-512-512-160: 2350/2500 tasks started.gcp-us-east1-gcp-gzip-512-512-525: 2500/2500 tasks started.aws-us-east-1-aws-gzip-512-512-517: 2500/2500 tasks started.
[2025-12-04T23:16:02Z] [[36minfo[0m] [progress_update] aws-us-east-1-aws-gzip-512-512-517: 2500/2500 tasks started.alibaba-us-east-1-alibaba-gzip-512-512-414: 2500/2500 tasks started.azure-germanywestcentral-azure-gzip-512-512-160: 2358/2500 tasks started.gcp-us-east1-gcp-gzip-512-512-525: 2500/2500 tasks started.
[2025-12-04T23:16:12Z] [[36minfo[0m] [progress_update] gcp-us-east1-gcp-gzip-512-512-525: 2500/2500 tasks started.aws-us-east-1-aws-gzip-512-512-517: 2500/2500 tasks started.alibaba-us-east-1-alibaba-gzip-512-512-414: 2500/2500 tasks started.azure-germanywestcentral-azure-gzip-512-512-160: 2369/2500 tasks started.
[2025-12-04T23:16:22Z] [[36minfo[0m] [progress_update] aws-us-east-1-aws-gzip-512-512-517: 2500/2500 tasks started.alibaba-us-east-1-alibaba-gzip-512-512-414: 2500/2500 tasks started.azure-germanywestcentral-azure-gzip-512-512-160: 2401/2500 tasks started.gcp-us-east1-gcp-gzip-512-512-525: 2500/2500 tasks started.
[2025-12-04T23:16:24Z] [[36minfo[0m] [function_finished] Finished benchmarking function alibaba-gzip-512 and closed archiver
[2025-12-04T23:16:32Z] [[36minfo[0m] [progress_update] alibaba-us-east-1-alibaba-gzip-512-512-414: 2500/2500 tasks started.azure-germanywestcentral-azure-gzip-512-512-160: 2419/2500 tasks started.gcp-us-east1-gcp-gzip-512-512-525: 2500/2500 tasks started.aws-us-east-1-aws-gzip-512-512-517: 2500/2500 tasks started.
[2025-12-04T23:16:42Z] [[36minfo[0m] [progress_update] azure-germanywestcentral-azure-gzip-512-512-160: 2500/2500 tasks started.gcp-us-east1-gcp-gzip-512-512-525: 2500/2500 tasks started.aws-us-east-1-aws-gzip-512-512-517: 2500/2500 tasks started.alibaba-us-east-1-alibaba-gzip-512-512-414: 2500/2500 tasks started.
[2025-12-04T23:16:52Z] [[36minfo[0m] [progress_update] alibaba-us-east-1-alibaba-gzip-512-512-414: 2500/2500 tasks started.azure-germanywestcentral-azure-gzip-512-512-160: 2500/2500 tasks started.gcp-us-east1-gcp-gzip-512-512-525: 2500/2500 tasks started.aws-us-east-1-aws-gzip-512-512-517: 2500/2500 tasks started.
[2025-12-04T23:17:02Z] [[36minfo[0m] [progress_update] aws-us-east-1-aws-gzip-512-512-517: 2500/2500 tasks started.alibaba-us-east-1-alibaba-gzip-512-512-414: 2500/2500 tasks started.azure-germanywestcentral-azure-gzip-512-512-160: 2500/2500 tasks started.gcp-us-east1-gcp-gzip-512-512-525: 2500/2500 tasks started.
[2025-12-04T23:17:12Z] [[36minfo[0m] [progress_update] aws-us-east-1-aws-gzip-512-512-517: 2500/2500 tasks started.alibaba-us-east-1-alibaba-gzip-512-512-414: 2500/2500 tasks started.azure-germanywestcentral-azure-gzip-512-512-160: 2500/2500 tasks started.gcp-us-east1-gcp-gzip-512-512-525: 2500/2500 tasks started.
[2025-12-04T23:17:22Z] [[36minfo[0m] [progress_update] aws-us-east-1-aws-gzip-512-512-517: 2500/2500 tasks started.alibaba-us-east-1-alibaba-gzip-512-512-414: 2500/2500 tasks started.azure-germanywestcentral-azure-gzip-512-512-160: 2500/2500 tasks started.gcp-us-east1-gcp-gzip-512-512-525: 2500/2500 tasks started.
[2025-12-04T23:17:32Z] [[36minfo[0m] [progress_update] aws-us-east-1-aws-gzip-512-512-517: 2500/2500 tasks started.alibaba-us-east-1-alibaba-gzip-512-512-414: 2500/2500 tasks started.azure-germanywestcentral-azure-gzip-512-512-160: 2500/2500 tasks started.gcp-us-east1-gcp-gzip-512-512-525: 2500/2500 tasks started.
[2025-12-04T23:17:42Z] [[36minfo[0m] [progress_update] alibaba-us-east-1-alibaba-gzip-512-512-414: 2500/2500 tasks started.azure-germanywestcentral-azure-gzip-512-512-160: 2500/2500 tasks started.gcp-us-east1-gcp-gzip-512-512-525: 2500/2500 tasks started.aws-us-east-1-aws-gzip-512-512-517: 2500/2500 tasks started.
[2025-12-04T23:17:52Z] [[36minfo[0m] [progress_update] azure-germanywestcentral-azure-gzip-512-512-160: 2500/2500 tasks started.gcp-us-east1-gcp-gzip-512-512-525: 2500/2500 tasks started.aws-us-east-1-aws-gzip-512-512-517: 2500/2500 tasks started.alibaba-us-east-1-alibaba-gzip-512-512-414: 2500/2500 tasks started.
[2025-12-04T23:18:02Z] [[36minfo[0m] [progress_update] aws-us-east-1-aws-gzip-512-512-517: 2500/2500 tasks started.alibaba-us-east-1-alibaba-gzip-512-512-414: 2500/2500 tasks started.azure-germanywestcentral-azure-gzip-512-512-160: 2500/2500 tasks started.gcp-us-east1-gcp-gzip-512-512-525: 2500/2500 tasks started.
[2025-12-04T23:18:12Z] [[36minfo[0m] [progress_update] aws-us-east-1-aws-gzip-512-512-517: 2500/2500 tasks started.alibaba-us-east-1-alibaba-gzip-512-512-414: 2500/2500 tasks started.azure-germanywestcentral-azure-gzip-512-512-160: 2500/2500 tasks started.gcp-us-east1-gcp-gzip-512-512-525: 2500/2500 tasks started.
[2025-12-04T23:18:22Z] [[36minfo[0m] [progress_update] gcp-us-east1-gcp-gzip-512-512-525: 2500/2500 tasks started.aws-us-east-1-aws-gzip-512-512-517: 2500/2500 tasks started.alibaba-us-east-1-alibaba-gzip-512-512-414: 2500/2500 tasks started.azure-germanywestcentral-azure-gzip-512-512-160: 2500/2500 tasks started.
[2025-12-04T23:18:32Z] [[36minfo[0m] [progress_update] aws-us-east-1-aws-gzip-512-512-517: 2500/2500 tasks started.alibaba-us-east-1-alibaba-gzip-512-512-414: 2500/2500 tasks started.azure-germanywestcentral-azure-gzip-512-512-160: 2500/2500 tasks started.gcp-us-east1-gcp-gzip-512-512-525: 2500/2500 tasks started.
[2025-12-04T23:18:42Z] [[36minfo[0m] [progress_update] aws-us-east-1-aws-gzip-512-512-517: 2500/2500 tasks started.alibaba-us-east-1-alibaba-gzip-512-512-414: 2500/2500 tasks started.azure-germanywestcentral-azure-gzip-512-512-160: 2500/2500 tasks started.gcp-us-east1-gcp-gzip-512-512-525: 2500/2500 tasks started.
[2025-12-04T23:18:52Z] [[36minfo[0m] [progress_update] azure-germanywestcentral-azure-gzip-512-512-160: 2500/2500 tasks started.gcp-us-east1-gcp-gzip-512-512-525: 2500/2500 tasks started.aws-us-east-1-aws-gzip-512-512-517: 2500/2500 tasks started.alibaba-us-east-1-alibaba-gzip-512-512-414: 2500/2500 tasks started.
[2025-12-04T23:19:02Z] [[36minfo[0m] [progress_update] aws-us-east-1-aws-gzip-512-512-517: 2500/2500 tasks started.alibaba-us-east-1-alibaba-gzip-512-512-414: 2500/2500 tasks started.azure-germanywestcentral-azure-gzip-512-512-160: 2500/2500 tasks started.gcp-us-east1-gcp-gzip-512-512-525: 2500/2500 tasks started.
[2025-12-04T23:19:12Z] [[36minfo[0m] [progress_update] aws-us-east-1-aws-gzip-512-512-517: 2500/2500 tasks started.alibaba-us-east-1-alibaba-gzip-512-512-414: 2500/2500 tasks started.azure-germanywestcentral-azure-gzip-512-512-160: 2500/2500 tasks started.gcp-us-east1-gcp-gzip-512-512-525: 2500/2500 tasks started.
[2025-12-04T23:19:22Z] [[36minfo[0m] [progress_update] aws-us-east-1-aws-gzip-512-512-517: 2500/2500 tasks started.alibaba-us-east-1-alibaba-gzip-512-512-414: 2500/2500 tasks started.azure-germanywestcentral-azure-gzip-512-512-160: 2500/2500 tasks started.gcp-us-east1-gcp-gzip-512-512-525: 2500/2500 tasks started.
[2025-12-04T23:19:26Z] [[31merror[0m] [task_execution] Error executing task azure-gzip-512: task azure-gzip-512 failed after 7 retries: <nil>
[2025-12-04T23:19:32Z] [[36minfo[0m] [progress_update] aws-us-east-1-aws-gzip-512-512-517: 2500/2500 tasks started.alibaba-us-east-1-alibaba-gzip-512-512-414: 2500/2500 tasks started.azure-germanywestcentral-azure-gzip-512-512-160: 2500/2500 tasks started.gcp-us-east1-gcp-gzip-512-512-525: 2500/2500 tasks started.
[2025-12-04T23:19:42Z] [[36minfo[0m] [progress_update] aws-us-east-1-aws-gzip-512-512-517: 2500/2500 tasks started.alibaba-us-east-1-alibaba-gzip-512-512-414: 2500/2500 tasks started.azure-germanywestcentral-azure-gzip-512-512-160: 2500/2500 tasks started.gcp-us-east1-gcp-gzip-512-512-525: 2500/2500 tasks started.
[2025-12-04T23:19:52Z] [[36minfo[0m] [progress_update] aws-us-east-1-aws-gzip-512-512-517: 2500/2500 tasks started.alibaba-us-east-1-alibaba-gzip-512-512-414: 2500/2500 tasks started.azure-germanywestcentral-azure-gzip-512-512-160: 2500/2500 tasks started.gcp-us-east1-gcp-gzip-512-512-525: 2500/2500 tasks started.
[2025-12-04T23:20:00Z] [[31merror[0m] [task_execution] Error executing task azure-gzip-512: task azure-gzip-512 failed after 7 retries: <nil>
[2025-12-04T23:20:01Z] [[31merror[0m] [task_execution] Error executing task azure-gzip-512: task azure-gzip-512 failed after 7 retries: <nil>
[2025-12-04T23:20:01Z] [[31merror[0m] [task_execution] Error executing task azure-gzip-512: task azure-gzip-512 failed after 7 retries: <nil>
[2025-12-04T23:20:01Z] [[31merror[0m] [task_execution] Error executing task azure-gzip-512: task azure-gzip-512 failed after 7 retries: <nil>
[2025-12-04T23:20:01Z] [[31merror[0m] [task_execution] Error executing task azure-gzip-512: task azure-gzip-512 failed after 7 retries: <nil>
[2025-12-04T23:20:01Z] [[31merror[0m] [task_execution] Error executing task azure-gzip-512: task azure-gzip-512 failed after 7 retries: <nil>
[2025-12-04T23:20:01Z] [[31merror[0m] [task_execution] Error executing task azure-gzip-512: task azure-gzip-512 failed after 7 retries: <nil>
[2025-12-04T23:20:01Z] [[31merror[0m] [task_execution] Error executing task azure-gzip-512: task azure-gzip-512 failed after 7 retries: <nil>
[2025-12-04T23:20:01Z] [[31merror[0m] [task_execution] Error executing task azure-gzip-512: task azure-gzip-512 failed after 7 retries: <nil>
[2025-12-04T23:20:01Z] [[31merror[0m] [task_execution] Error executing task azure-gzip-512: task azure-gzip-512 failed after 7 retries: <nil>
[2025-12-04T23:20:01Z] [[31merror[0m] [task_execution] Error executing task azure-gzip-512: task azure-gzip-512 failed after 7 retries: <nil>
[2025-12-04T23:20:01Z] [[31merror[0m] [task_execution] Error executing task azure-gzip-512: task azure-gzip-512 failed after 7 retries: <nil>
[2025-12-04T23:20:01Z] [[31merror[0m] [task_execution] Error executing task azure-gzip-512: task azure-gzip-512 failed after 7 retries: <nil>
[2025-12-04T23:20:02Z] [[31merror[0m] [task_execution] Error executing task azure-gzip-512: task azure-gzip-512 failed after 7 retries: <nil>
[2025-12-04T23:20:02Z] [[31merror[0m] [task_execution] Error executing task azure-gzip-512: task azure-gzip-512 failed after 7 retries: <nil>
[2025-12-04T23:20:02Z] [[31merror[0m] [task_execution] Error executing task azure-gzip-512: task azure-gzip-512 failed after 7 retries: <nil>
[2025-12-04T23:20:02Z] [[31merror[0m] [task_execution] Error executing task azure-gzip-512: task azure-gzip-512 failed after 7 retries: <nil>
[2025-12-04T23:20:02Z] [[36minfo[0m] [progress_update] aws-us-east-1-aws-gzip-512-512-517: 2500/2500 tasks started.alibaba-us-east-1-alibaba-gzip-512-512-414: 2500/2500 tasks started.azure-germanywestcentral-azure-gzip-512-512-160: 2500/2500 tasks started.gcp-us-east1-gcp-gzip-512-512-525: 2500/2500 tasks started.
[2025-12-04T23:20:02Z] [[31merror[0m] [task_execution] Error executing task azure-gzip-512: task azure-gzip-512 failed after 7 retries: <nil>
[2025-12-04T23:20:02Z] [[31merror[0m] [task_execution] Error executing task azure-gzip-512: task azure-gzip-512 failed after 7 retries: <nil>
[2025-12-04T23:20:03Z] [[31merror[0m] [task_execution] Error executing task azure-gzip-512: task azure-gzip-512 failed after 7 retries: <nil>
[2025-12-04T23:20:03Z] [[31merror[0m] [task_execution] Error executing task azure-gzip-512: task azure-gzip-512 failed after 7 retries: <nil>
[2025-12-04T23:20:03Z] [[31merror[0m] [task_execution] Error executing task azure-gzip-512: task azure-gzip-512 failed after 7 retries: <nil>
[2025-12-04T23:20:05Z] [[31merror[0m] [task_execution] Error executing task azure-gzip-512: task azure-gzip-512 failed after 7 retries: <nil>
[2025-12-04T23:20:05Z] [[31merror[0m] [task_execution] Error executing task azure-gzip-512: task azure-gzip-512 failed after 7 retries: <nil>
[2025-12-04T23:20:05Z] [[31merror[0m] [task_execution] Error executing task azure-gzip-512: task azure-gzip-512 failed after 7 retries: <nil>
[2025-12-04T23:20:05Z] [[31merror[0m] [task_execution] Error executing task azure-gzip-512: task azure-gzip-512 failed after 7 retries: <nil>
[2025-12-04T23:20:05Z] [[31merror[0m] [task_execution] Error executing task azure-gzip-512: task azure-gzip-512 failed after 7 retries: <nil>
[2025-12-04T23:20:05Z] [[31merror[0m] [task_execution] Error executing task azure-gzip-512: task azure-gzip-512 failed after 7 retries: <nil>
[2025-12-04T23:20:05Z] [[31merror[0m] [task_execution] Error executing task azure-gzip-512: task azure-gzip-512 failed after 7 retries: <nil>
[2025-12-04T23:20:06Z] [[31merror[0m] [task_execution] Error executing task azure-gzip-512: task azure-gzip-512 failed after 7 retries: <nil>
[2025-12-04T23:20:07Z] [[31merror[0m] [task_execution] Error executing task azure-gzip-512: task azure-gzip-512 failed after 7 retries: <nil>
[2025-12-04T23:20:12Z] [[36minfo[0m] [function_finished] Finished benchmarking function azure-gzip-512 and closed archiver
[2025-12-04T23:20:12Z] [[36minfo[0m] [progress_update] aws-us-east-1-aws-gzip-512-512-517: 2500/2500 tasks started.alibaba-us-east-1-alibaba-gzip-512-512-414: 2500/2500 tasks started.azure-germanywestcentral-azure-gzip-512-512-160: 2500/2500 tasks started.gcp-us-east1-gcp-gzip-512-512-525: 2500/2500 tasks started.
[2025-12-04T23:20:14Z] [[36minfo[0m] [finish_timeline] Benchmark Timeline
[Thu Dec  4 23:20:14 UTC 2025] Finished benchmark 'gzip' successfully
[Thu Dec  4 23:20:14 UTC 2025] Sleeping 600 seconds before next workload...
