[Tue Dec  2 05:46:07 UTC 2025] Starting benchmark 'gzip' with config './configs/gzip.yaml'
Validating functions...
[2025-12-02T05:46:07Z] [[36minfo[0m] [executor_setup] Setting up executor for aws-us-east-1-aws-gzip-512-512-940
[2025-12-02T05:46:07Z] [[36minfo[0m] [executor_setup] Setting up executor for alibaba-us-east-1-alibaba-gzip-512-512-88
[2025-12-02T05:46:07Z] [[36minfo[0m] [executor_setup] Setting up executor for azure-germanywestcentral-azure-gzip-512-512-709
[2025-12-02T05:46:07Z] [[0mwarning[0m] [[32mazure_limitations[0m] Azure can´t handle more than 300 parallel requests. Limiting to 300.
[2025-12-02T05:46:07Z] [[36minfo[0m] [executor_setup] Setting up executor for gcp-us-east1-gcp-gzip-512-512-654
[2025-12-02T05:46:07Z] [[36minfo[0m] [start_timeline] Benchmark Timeline
[2025-12-02T05:46:07Z] [[36minfo[0m] [load_generator_start] (gcp: us-east1) Starting load generator with 300 workers
[2025-12-02T05:46:07Z] [[36minfo[0m] [load_generator_start] (aws: us-east-1) Starting load generator with 500 workers
[2025-12-02T05:46:07Z] [[36minfo[0m] [load_generator_start] (alibaba: us-east-1) Starting load generator with 500 workers
[2025-12-02T05:46:07Z] [[36minfo[0m] [load_generator_start] (azure: germanywestcentral) Starting load generator with 300 workers
[2025-12-02T05:46:17Z] [[36minfo[0m] [progress_update] aws-us-east-1-aws-gzip-512-512-940: 2093/2500 tasks started.alibaba-us-east-1-alibaba-gzip-512-512-88: 2023/2500 tasks started.azure-germanywestcentral-azure-gzip-512-512-709: 556/2500 tasks started.gcp-us-east1-gcp-gzip-512-512-654: 1105/2500 tasks started.
[2025-12-02T05:46:27Z] [[36minfo[0m] [progress_update] aws-us-east-1-aws-gzip-512-512-940: 2500/2500 tasks started.alibaba-us-east-1-alibaba-gzip-512-512-88: 2500/2500 tasks started.azure-germanywestcentral-azure-gzip-512-512-709: 556/2500 tasks started.gcp-us-east1-gcp-gzip-512-512-654: 2140/2500 tasks started.
[2025-12-02T05:46:33Z] [[36minfo[0m] [function_finished] Finished benchmarking function aws-gzip-512 and closed archiver
[2025-12-02T05:46:37Z] [[36minfo[0m] [progress_update] azure-germanywestcentral-azure-gzip-512-512-709: 1021/2500 tasks started.gcp-us-east1-gcp-gzip-512-512-654: 2500/2500 tasks started.aws-us-east-1-aws-gzip-512-512-940: 2500/2500 tasks started.alibaba-us-east-1-alibaba-gzip-512-512-88: 2500/2500 tasks started.
[2025-12-02T05:46:47Z] [[36minfo[0m] [progress_update] alibaba-us-east-1-alibaba-gzip-512-512-88: 2500/2500 tasks started.azure-germanywestcentral-azure-gzip-512-512-709: 1525/2500 tasks started.gcp-us-east1-gcp-gzip-512-512-654: 2500/2500 tasks started.aws-us-east-1-aws-gzip-512-512-940: 2500/2500 tasks started.
[2025-12-02T05:46:56Z] [[36minfo[0m] [function_finished] Finished benchmarking function gcp-gzip-512 and closed archiver
[2025-12-02T05:46:57Z] [[36minfo[0m] [progress_update] gcp-us-east1-gcp-gzip-512-512-654: 2500/2500 tasks started.aws-us-east-1-aws-gzip-512-512-940: 2500/2500 tasks started.alibaba-us-east-1-alibaba-gzip-512-512-88: 2500/2500 tasks started.azure-germanywestcentral-azure-gzip-512-512-709: 1907/2500 tasks started.
[2025-12-02T05:47:07Z] [[36minfo[0m] [progress_update] gcp-us-east1-gcp-gzip-512-512-654: 2500/2500 tasks started.aws-us-east-1-aws-gzip-512-512-940: 2500/2500 tasks started.alibaba-us-east-1-alibaba-gzip-512-512-88: 2500/2500 tasks started.azure-germanywestcentral-azure-gzip-512-512-709: 1989/2500 tasks started.
[2025-12-02T05:47:17Z] [[36minfo[0m] [progress_update] aws-us-east-1-aws-gzip-512-512-940: 2500/2500 tasks started.alibaba-us-east-1-alibaba-gzip-512-512-88: 2500/2500 tasks started.azure-germanywestcentral-azure-gzip-512-512-709: 2013/2500 tasks started.gcp-us-east1-gcp-gzip-512-512-654: 2500/2500 tasks started.
[2025-12-02T05:47:25Z] [[36minfo[0m] [function_finished] Finished benchmarking function alibaba-gzip-512 and closed archiver
[2025-12-02T05:47:27Z] [[36minfo[0m] [progress_update] alibaba-us-east-1-alibaba-gzip-512-512-88: 2500/2500 tasks started.azure-germanywestcentral-azure-gzip-512-512-709: 2013/2500 tasks started.gcp-us-east1-gcp-gzip-512-512-654: 2500/2500 tasks started.aws-us-east-1-aws-gzip-512-512-940: 2500/2500 tasks started.
[2025-12-02T05:47:37Z] [[36minfo[0m] [progress_update] azure-germanywestcentral-azure-gzip-512-512-709: 2013/2500 tasks started.gcp-us-east1-gcp-gzip-512-512-654: 2500/2500 tasks started.aws-us-east-1-aws-gzip-512-512-940: 2500/2500 tasks started.alibaba-us-east-1-alibaba-gzip-512-512-88: 2500/2500 tasks started.
[2025-12-02T05:47:47Z] [[36minfo[0m] [progress_update] gcp-us-east1-gcp-gzip-512-512-654: 2500/2500 tasks started.aws-us-east-1-aws-gzip-512-512-940: 2500/2500 tasks started.alibaba-us-east-1-alibaba-gzip-512-512-88: 2500/2500 tasks started.azure-germanywestcentral-azure-gzip-512-512-709: 2013/2500 tasks started.
[2025-12-02T05:47:57Z] [[36minfo[0m] [progress_update] aws-us-east-1-aws-gzip-512-512-940: 2500/2500 tasks started.alibaba-us-east-1-alibaba-gzip-512-512-88: 2500/2500 tasks started.azure-germanywestcentral-azure-gzip-512-512-709: 2143/2500 tasks started.gcp-us-east1-gcp-gzip-512-512-654: 2500/2500 tasks started.
[2025-12-02T05:48:07Z] [[36minfo[0m] [progress_update] aws-us-east-1-aws-gzip-512-512-940: 2500/2500 tasks started.alibaba-us-east-1-alibaba-gzip-512-512-88: 2500/2500 tasks started.azure-germanywestcentral-azure-gzip-512-512-709: 2472/2500 tasks started.gcp-us-east1-gcp-gzip-512-512-654: 2500/2500 tasks started.
[2025-12-02T05:48:17Z] [[36minfo[0m] [progress_update] aws-us-east-1-aws-gzip-512-512-940: 2500/2500 tasks started.alibaba-us-east-1-alibaba-gzip-512-512-88: 2500/2500 tasks started.azure-germanywestcentral-azure-gzip-512-512-709: 2500/2500 tasks started.gcp-us-east1-gcp-gzip-512-512-654: 2500/2500 tasks started.
[2025-12-02T05:48:27Z] [[36minfo[0m] [progress_update] aws-us-east-1-aws-gzip-512-512-940: 2500/2500 tasks started.alibaba-us-east-1-alibaba-gzip-512-512-88: 2500/2500 tasks started.azure-germanywestcentral-azure-gzip-512-512-709: 2500/2500 tasks started.gcp-us-east1-gcp-gzip-512-512-654: 2500/2500 tasks started.
[2025-12-02T05:48:37Z] [[36minfo[0m] [progress_update] alibaba-us-east-1-alibaba-gzip-512-512-88: 2500/2500 tasks started.azure-germanywestcentral-azure-gzip-512-512-709: 2500/2500 tasks started.gcp-us-east1-gcp-gzip-512-512-654: 2500/2500 tasks started.aws-us-east-1-aws-gzip-512-512-940: 2500/2500 tasks started.
[2025-12-02T05:48:47Z] [[36minfo[0m] [progress_update] aws-us-east-1-aws-gzip-512-512-940: 2500/2500 tasks started.alibaba-us-east-1-alibaba-gzip-512-512-88: 2500/2500 tasks started.azure-germanywestcentral-azure-gzip-512-512-709: 2500/2500 tasks started.gcp-us-east1-gcp-gzip-512-512-654: 2500/2500 tasks started.
[2025-12-02T05:48:57Z] [[36minfo[0m] [progress_update] aws-us-east-1-aws-gzip-512-512-940: 2500/2500 tasks started.alibaba-us-east-1-alibaba-gzip-512-512-88: 2500/2500 tasks started.azure-germanywestcentral-azure-gzip-512-512-709: 2500/2500 tasks started.gcp-us-east1-gcp-gzip-512-512-654: 2500/2500 tasks started.
[2025-12-02T05:49:07Z] [[36minfo[0m] [progress_update] aws-us-east-1-aws-gzip-512-512-940: 2500/2500 tasks started.alibaba-us-east-1-alibaba-gzip-512-512-88: 2500/2500 tasks started.azure-germanywestcentral-azure-gzip-512-512-709: 2500/2500 tasks started.gcp-us-east1-gcp-gzip-512-512-654: 2500/2500 tasks started.
[2025-12-02T05:49:17Z] [[36minfo[0m] [progress_update] gcp-us-east1-gcp-gzip-512-512-654: 2500/2500 tasks started.aws-us-east-1-aws-gzip-512-512-940: 2500/2500 tasks started.alibaba-us-east-1-alibaba-gzip-512-512-88: 2500/2500 tasks started.azure-germanywestcentral-azure-gzip-512-512-709: 2500/2500 tasks started.
[2025-12-02T05:49:27Z] [[36minfo[0m] [progress_update] azure-germanywestcentral-azure-gzip-512-512-709: 2500/2500 tasks started.gcp-us-east1-gcp-gzip-512-512-654: 2500/2500 tasks started.aws-us-east-1-aws-gzip-512-512-940: 2500/2500 tasks started.alibaba-us-east-1-alibaba-gzip-512-512-88: 2500/2500 tasks started.
[2025-12-02T05:49:37Z] [[36minfo[0m] [progress_update] aws-us-east-1-aws-gzip-512-512-940: 2500/2500 tasks started.alibaba-us-east-1-alibaba-gzip-512-512-88: 2500/2500 tasks started.azure-germanywestcentral-azure-gzip-512-512-709: 2500/2500 tasks started.gcp-us-east1-gcp-gzip-512-512-654: 2500/2500 tasks started.
[2025-12-02T05:49:47Z] [[36minfo[0m] [progress_update] aws-us-east-1-aws-gzip-512-512-940: 2500/2500 tasks started.alibaba-us-east-1-alibaba-gzip-512-512-88: 2500/2500 tasks started.azure-germanywestcentral-azure-gzip-512-512-709: 2500/2500 tasks started.gcp-us-east1-gcp-gzip-512-512-654: 2500/2500 tasks started.
[2025-12-02T05:49:57Z] [[36minfo[0m] [progress_update] aws-us-east-1-aws-gzip-512-512-940: 2500/2500 tasks started.alibaba-us-east-1-alibaba-gzip-512-512-88: 2500/2500 tasks started.azure-germanywestcentral-azure-gzip-512-512-709: 2500/2500 tasks started.gcp-us-east1-gcp-gzip-512-512-654: 2500/2500 tasks started.
[2025-12-02T05:50:07Z] [[36minfo[0m] [progress_update] aws-us-east-1-aws-gzip-512-512-940: 2500/2500 tasks started.alibaba-us-east-1-alibaba-gzip-512-512-88: 2500/2500 tasks started.azure-germanywestcentral-azure-gzip-512-512-709: 2500/2500 tasks started.gcp-us-east1-gcp-gzip-512-512-654: 2500/2500 tasks started.
[2025-12-02T05:50:17Z] [[36minfo[0m] [progress_update] aws-us-east-1-aws-gzip-512-512-940: 2500/2500 tasks started.alibaba-us-east-1-alibaba-gzip-512-512-88: 2500/2500 tasks started.azure-germanywestcentral-azure-gzip-512-512-709: 2500/2500 tasks started.gcp-us-east1-gcp-gzip-512-512-654: 2500/2500 tasks started.
[2025-12-02T05:50:27Z] [[36minfo[0m] [progress_update] aws-us-east-1-aws-gzip-512-512-940: 2500/2500 tasks started.alibaba-us-east-1-alibaba-gzip-512-512-88: 2500/2500 tasks started.azure-germanywestcentral-azure-gzip-512-512-709: 2500/2500 tasks started.gcp-us-east1-gcp-gzip-512-512-654: 2500/2500 tasks started.
[2025-12-02T05:50:30Z] [[31merror[0m] [task_execution] Error executing task azure-gzip-512: task azure-gzip-512 failed after 7 retries: <nil>
[2025-12-02T05:50:30Z] [[31merror[0m] [task_execution] Error executing task azure-gzip-512: task azure-gzip-512 failed after 7 retries: <nil>
[2025-12-02T05:50:30Z] [[31merror[0m] [task_execution] Error executing task azure-gzip-512: task azure-gzip-512 failed after 7 retries: <nil>
[2025-12-02T05:50:31Z] [[31merror[0m] [task_execution] Error executing task azure-gzip-512: task azure-gzip-512 failed after 7 retries: <nil>
[2025-12-02T05:50:31Z] [[31merror[0m] [task_execution] Error executing task azure-gzip-512: task azure-gzip-512 failed after 7 retries: <nil>
[2025-12-02T05:50:37Z] [[36minfo[0m] [progress_update] gcp-us-east1-gcp-gzip-512-512-654: 2500/2500 tasks started.aws-us-east-1-aws-gzip-512-512-940: 2500/2500 tasks started.alibaba-us-east-1-alibaba-gzip-512-512-88: 2500/2500 tasks started.azure-germanywestcentral-azure-gzip-512-512-709: 2500/2500 tasks started.
[2025-12-02T05:50:47Z] [[36minfo[0m] [progress_update] azure-germanywestcentral-azure-gzip-512-512-709: 2500/2500 tasks started.gcp-us-east1-gcp-gzip-512-512-654: 2500/2500 tasks started.aws-us-east-1-aws-gzip-512-512-940: 2500/2500 tasks started.alibaba-us-east-1-alibaba-gzip-512-512-88: 2500/2500 tasks started.
[2025-12-02T05:50:47Z] [[31merror[0m] [task_execution] Error executing task azure-gzip-512: task azure-gzip-512 failed after 7 retries: <nil>
[2025-12-02T05:50:49Z] [[31merror[0m] [task_execution] Error executing task azure-gzip-512: task azure-gzip-512 failed after 7 retries: <nil>
[2025-12-02T05:50:51Z] [[31merror[0m] [task_execution] Error executing task azure-gzip-512: task azure-gzip-512 failed after 7 retries: <nil>
[2025-12-02T05:50:51Z] [[31merror[0m] [task_execution] Error executing task azure-gzip-512: task azure-gzip-512 failed after 7 retries: <nil>
[2025-12-02T05:50:51Z] [[31merror[0m] [task_execution] Error executing task azure-gzip-512: task azure-gzip-512 failed after 7 retries: <nil>
[2025-12-02T05:50:51Z] [[31merror[0m] [task_execution] Error executing task azure-gzip-512: task azure-gzip-512 failed after 7 retries: <nil>
[2025-12-02T05:50:52Z] [[31merror[0m] [task_execution] Error executing task azure-gzip-512: task azure-gzip-512 failed after 7 retries: <nil>
[2025-12-02T05:50:52Z] [[31merror[0m] [task_execution] Error executing task azure-gzip-512: task azure-gzip-512 failed after 7 retries: <nil>
[2025-12-02T05:50:53Z] [[31merror[0m] [task_execution] Error executing task azure-gzip-512: task azure-gzip-512 failed after 7 retries: <nil>
[2025-12-02T05:50:53Z] [[31merror[0m] [task_execution] Error executing task azure-gzip-512: task azure-gzip-512 failed after 7 retries: <nil>
[2025-12-02T05:50:53Z] [[31merror[0m] [task_execution] Error executing task azure-gzip-512: task azure-gzip-512 failed after 7 retries: <nil>
[2025-12-02T05:50:53Z] [[31merror[0m] [task_execution] Error executing task azure-gzip-512: task azure-gzip-512 failed after 7 retries: <nil>
[2025-12-02T05:50:54Z] [[31merror[0m] [task_execution] Error executing task azure-gzip-512: task azure-gzip-512 failed after 7 retries: <nil>
[2025-12-02T05:50:57Z] [[36minfo[0m] [progress_update] azure-germanywestcentral-azure-gzip-512-512-709: 2500/2500 tasks started.gcp-us-east1-gcp-gzip-512-512-654: 2500/2500 tasks started.aws-us-east-1-aws-gzip-512-512-940: 2500/2500 tasks started.alibaba-us-east-1-alibaba-gzip-512-512-88: 2500/2500 tasks started.
[2025-12-02T05:51:03Z] [[31merror[0m] [task_execution] Error executing task azure-gzip-512: task azure-gzip-512 failed after 7 retries: <nil>
[2025-12-02T05:51:03Z] [[31merror[0m] [task_execution] Error executing task azure-gzip-512: task azure-gzip-512 failed after 7 retries: <nil>
[2025-12-02T05:51:03Z] [[31merror[0m] [task_execution] Error executing task azure-gzip-512: task azure-gzip-512 failed after 7 retries: <nil>
[2025-12-02T05:51:03Z] [[31merror[0m] [task_execution] Error executing task azure-gzip-512: task azure-gzip-512 failed after 7 retries: <nil>
[2025-12-02T05:51:03Z] [[31merror[0m] [task_execution] Error executing task azure-gzip-512: task azure-gzip-512 failed after 7 retries: <nil>
[2025-12-02T05:51:03Z] [[31merror[0m] [task_execution] Error executing task azure-gzip-512: task azure-gzip-512 failed after 7 retries: <nil>
[2025-12-02T05:51:03Z] [[31merror[0m] [task_execution] Error executing task azure-gzip-512: task azure-gzip-512 failed after 7 retries: <nil>
[2025-12-02T05:51:03Z] [[31merror[0m] [task_execution] Error executing task azure-gzip-512: task azure-gzip-512 failed after 7 retries: <nil>
[2025-12-02T05:51:03Z] [[31merror[0m] [task_execution] Error executing task azure-gzip-512: task azure-gzip-512 failed after 7 retries: <nil>
[2025-12-02T05:51:03Z] [[31merror[0m] [task_execution] Error executing task azure-gzip-512: task azure-gzip-512 failed after 7 retries: <nil>
[2025-12-02T05:51:03Z] [[31merror[0m] [task_execution] Error executing task azure-gzip-512: task azure-gzip-512 failed after 7 retries: <nil>
[2025-12-02T05:51:03Z] [[31merror[0m] [task_execution] Error executing task azure-gzip-512: task azure-gzip-512 failed after 7 retries: <nil>
[2025-12-02T05:51:03Z] [[31merror[0m] [task_execution] Error executing task azure-gzip-512: task azure-gzip-512 failed after 7 retries: <nil>
[2025-12-02T05:51:03Z] [[31merror[0m] [task_execution] Error executing task azure-gzip-512: task azure-gzip-512 failed after 7 retries: <nil>
[2025-12-02T05:51:03Z] [[31merror[0m] [task_execution] Error executing task azure-gzip-512: task azure-gzip-512 failed after 7 retries: <nil>
[2025-12-02T05:51:03Z] [[31merror[0m] [task_execution] Error executing task azure-gzip-512: task azure-gzip-512 failed after 7 retries: <nil>
[2025-12-02T05:51:03Z] [[31merror[0m] [task_execution] Error executing task azure-gzip-512: task azure-gzip-512 failed after 7 retries: <nil>
[2025-12-02T05:51:03Z] [[31merror[0m] [task_execution] Error executing task azure-gzip-512: task azure-gzip-512 failed after 7 retries: <nil>
[2025-12-02T05:51:03Z] [[31merror[0m] [task_execution] Error executing task azure-gzip-512: task azure-gzip-512 failed after 7 retries: <nil>
[2025-12-02T05:51:06Z] [[31merror[0m] [task_execution] Error executing task azure-gzip-512: task azure-gzip-512 failed after 7 retries: <nil>
[2025-12-02T05:51:07Z] [[36minfo[0m] [progress_update] aws-us-east-1-aws-gzip-512-512-940: 2500/2500 tasks started.alibaba-us-east-1-alibaba-gzip-512-512-88: 2500/2500 tasks started.azure-germanywestcentral-azure-gzip-512-512-709: 2500/2500 tasks started.gcp-us-east1-gcp-gzip-512-512-654: 2500/2500 tasks started.
[2025-12-02T05:51:07Z] [[31merror[0m] [task_execution] Error executing task azure-gzip-512: task azure-gzip-512 failed after 7 retries: <nil>
[2025-12-02T05:51:07Z] [[31merror[0m] [task_execution] Error executing task azure-gzip-512: task azure-gzip-512 failed after 7 retries: <nil>
[2025-12-02T05:51:07Z] [[31merror[0m] [task_execution] Error executing task azure-gzip-512: task azure-gzip-512 failed after 7 retries: <nil>
[2025-12-02T05:51:10Z] [[31merror[0m] [task_execution] Error executing task azure-gzip-512: task azure-gzip-512 failed after 7 retries: <nil>
[2025-12-02T05:51:10Z] [[31merror[0m] [task_execution] Error executing task azure-gzip-512: task azure-gzip-512 failed after 7 retries: <nil>
[2025-12-02T05:51:10Z] [[31merror[0m] [task_execution] Error executing task azure-gzip-512: task azure-gzip-512 failed after 7 retries: <nil>
[2025-12-02T05:51:10Z] [[31merror[0m] [task_execution] Error executing task azure-gzip-512: task azure-gzip-512 failed after 7 retries: <nil>
[2025-12-02T05:51:10Z] [[31merror[0m] [task_execution] Error executing task azure-gzip-512: task azure-gzip-512 failed after 7 retries: <nil>
[2025-12-02T05:51:10Z] [[31merror[0m] [task_execution] Error executing task azure-gzip-512: task azure-gzip-512 failed after 7 retries: <nil>
[2025-12-02T05:51:11Z] [[31merror[0m] [task_execution] Error executing task azure-gzip-512: task azure-gzip-512 failed after 7 retries: <nil>
[2025-12-02T05:51:11Z] [[31merror[0m] [task_execution] Error executing task azure-gzip-512: task azure-gzip-512 failed after 7 retries: <nil>
[2025-12-02T05:51:12Z] [[31merror[0m] [task_execution] Error executing task azure-gzip-512: task azure-gzip-512 failed after 7 retries: <nil>
[2025-12-02T05:51:12Z] [[31merror[0m] [task_execution] Error executing task azure-gzip-512: task azure-gzip-512 failed after 7 retries: <nil>
[2025-12-02T05:51:12Z] [[31merror[0m] [task_execution] Error executing task azure-gzip-512: task azure-gzip-512 failed after 7 retries: <nil>
[2025-12-02T05:51:13Z] [[31merror[0m] [task_execution] Error executing task azure-gzip-512: task azure-gzip-512 failed after 7 retries: <nil>
[2025-12-02T05:51:13Z] [[31merror[0m] [task_execution] Error executing task azure-gzip-512: task azure-gzip-512 failed after 7 retries: <nil>
[2025-12-02T05:51:13Z] [[31merror[0m] [task_execution] Error executing task azure-gzip-512: task azure-gzip-512 failed after 7 retries: <nil>
[2025-12-02T05:51:13Z] [[31merror[0m] [task_execution] Error executing task azure-gzip-512: task azure-gzip-512 failed after 7 retries: <nil>
[2025-12-02T05:51:14Z] [[31merror[0m] [task_execution] Error executing task azure-gzip-512: task azure-gzip-512 failed after 7 retries: <nil>
[2025-12-02T05:51:14Z] [[31merror[0m] [task_execution] Error executing task azure-gzip-512: task azure-gzip-512 failed after 7 retries: <nil>
[2025-12-02T05:51:15Z] [[31merror[0m] [task_execution] Error executing task azure-gzip-512: task azure-gzip-512 failed after 7 retries: <nil>
[2025-12-02T05:51:16Z] [[31merror[0m] [task_execution] Error executing task azure-gzip-512: task azure-gzip-512 failed after 7 retries: <nil>
[2025-12-02T05:51:16Z] [[31merror[0m] [task_execution] Error executing task azure-gzip-512: task azure-gzip-512 failed after 7 retries: <nil>
[2025-12-02T05:51:16Z] [[31merror[0m] [task_execution] Error executing task azure-gzip-512: task azure-gzip-512 failed after 7 retries: <nil>
[2025-12-02T05:51:17Z] [[36minfo[0m] [progress_update] aws-us-east-1-aws-gzip-512-512-940: 2500/2500 tasks started.alibaba-us-east-1-alibaba-gzip-512-512-88: 2500/2500 tasks started.azure-germanywestcentral-azure-gzip-512-512-709: 2500/2500 tasks started.gcp-us-east1-gcp-gzip-512-512-654: 2500/2500 tasks started.
[2025-12-02T05:51:21Z] [[36minfo[0m] [function_finished] Finished benchmarking function azure-gzip-512 and closed archiver
[2025-12-02T05:51:23Z] [[36minfo[0m] [finish_timeline] Benchmark Timeline
[Tue Dec  2 05:51:23 UTC 2025] Finished benchmark 'gzip' successfully
[Tue Dec  2 05:51:23 UTC 2025] Sleeping 600 seconds before next workload...
