[Thu Dec  4 18:01:55 UTC 2025] Starting benchmark 'sha256' with config './configs/sha256.yaml'
Validating functions...
[2025-12-04T18:01:55Z] [[36minfo[0m] [executor_setup] Setting up executor for aws-us-east-1-aws-sha256-512-512-59
[2025-12-04T18:01:55Z] [[36minfo[0m] [executor_setup] Setting up executor for alibaba-us-east-1-alibaba-sha256-512-512-829
[2025-12-04T18:01:55Z] [[36minfo[0m] [executor_setup] Setting up executor for azure-germanywestcentral-azure-sha256-512-512-415
[2025-12-04T18:01:55Z] [[0mwarning[0m] [[32mazure_limitations[0m] Azure can´t handle more than 300 parallel requests. Limiting to 300.
[2025-12-04T18:01:55Z] [[36minfo[0m] [executor_setup] Setting up executor for gcp-us-east1-gcp-sha256-512-512-404
[2025-12-04T18:01:55Z] [[36minfo[0m] [start_timeline] Benchmark Timeline
[2025-12-04T18:01:55Z] [[36minfo[0m] [load_generator_start] (gcp: us-east1) Starting load generator with 300 workers
[2025-12-04T18:01:55Z] [[36minfo[0m] [load_generator_start] (aws: us-east-1) Starting load generator with 500 workers
[2025-12-04T18:01:55Z] [[36minfo[0m] [load_generator_start] (alibaba: us-east-1) Starting load generator with 500 workers
[2025-12-04T18:01:55Z] [[36minfo[0m] [load_generator_start] (azure: germanywestcentral) Starting load generator with 300 workers
[2025-12-04T18:02:05Z] [[36minfo[0m] [progress_update] aws-us-east-1-aws-sha256-512-512-59: 1655/2500 tasks started.alibaba-us-east-1-alibaba-sha256-512-512-829: 1486/2500 tasks started.azure-germanywestcentral-azure-sha256-512-512-415: 635/2500 tasks started.gcp-us-east1-gcp-sha256-512-512-404: 1662/2500 tasks started.
[2025-12-04T18:02:15Z] [[36minfo[0m] [progress_update] aws-us-east-1-aws-sha256-512-512-59: 2500/2500 tasks started.alibaba-us-east-1-alibaba-sha256-512-512-829: 2500/2500 tasks started.azure-germanywestcentral-azure-sha256-512-512-415: 644/2500 tasks started.gcp-us-east1-gcp-sha256-512-512-404: 2500/2500 tasks started.
[2025-12-04T18:02:21Z] [[36minfo[0m] [function_finished] Finished benchmarking function aws-sha256-512 and closed archiver
[2025-12-04T18:02:25Z] [[36minfo[0m] [progress_update] azure-germanywestcentral-azure-sha256-512-512-415: 1537/2500 tasks started.gcp-us-east1-gcp-sha256-512-512-404: 2500/2500 tasks started.aws-us-east-1-aws-sha256-512-512-59: 2500/2500 tasks started.alibaba-us-east-1-alibaba-sha256-512-512-829: 2500/2500 tasks started.
[2025-12-04T18:02:28Z] [[36minfo[0m] [function_finished] Finished benchmarking function gcp-sha256-512 and closed archiver
[2025-12-04T18:02:35Z] [[36minfo[0m] [progress_update] aws-us-east-1-aws-sha256-512-512-59: 2500/2500 tasks started.alibaba-us-east-1-alibaba-sha256-512-512-829: 2500/2500 tasks started.azure-germanywestcentral-azure-sha256-512-512-415: 2128/2500 tasks started.gcp-us-east1-gcp-sha256-512-512-404: 2500/2500 tasks started.
[2025-12-04T18:02:45Z] [[36minfo[0m] [progress_update] aws-us-east-1-aws-sha256-512-512-59: 2500/2500 tasks started.alibaba-us-east-1-alibaba-sha256-512-512-829: 2500/2500 tasks started.azure-germanywestcentral-azure-sha256-512-512-415: 2222/2500 tasks started.gcp-us-east1-gcp-sha256-512-512-404: 2500/2500 tasks started.
[2025-12-04T18:02:55Z] [[36minfo[0m] [progress_update] aws-us-east-1-aws-sha256-512-512-59: 2500/2500 tasks started.alibaba-us-east-1-alibaba-sha256-512-512-829: 2500/2500 tasks started.azure-germanywestcentral-azure-sha256-512-512-415: 2230/2500 tasks started.gcp-us-east1-gcp-sha256-512-512-404: 2500/2500 tasks started.
[2025-12-04T18:03:05Z] [[36minfo[0m] [progress_update] aws-us-east-1-aws-sha256-512-512-59: 2500/2500 tasks started.alibaba-us-east-1-alibaba-sha256-512-512-829: 2500/2500 tasks started.azure-germanywestcentral-azure-sha256-512-512-415: 2267/2500 tasks started.gcp-us-east1-gcp-sha256-512-512-404: 2500/2500 tasks started.
[2025-12-04T18:03:15Z] [[36minfo[0m] [progress_update] aws-us-east-1-aws-sha256-512-512-59: 2500/2500 tasks started.alibaba-us-east-1-alibaba-sha256-512-512-829: 2500/2500 tasks started.azure-germanywestcentral-azure-sha256-512-512-415: 2281/2500 tasks started.gcp-us-east1-gcp-sha256-512-512-404: 2500/2500 tasks started.
[2025-12-04T18:03:25Z] [[36minfo[0m] [progress_update] aws-us-east-1-aws-sha256-512-512-59: 2500/2500 tasks started.alibaba-us-east-1-alibaba-sha256-512-512-829: 2500/2500 tasks started.azure-germanywestcentral-azure-sha256-512-512-415: 2285/2500 tasks started.gcp-us-east1-gcp-sha256-512-512-404: 2500/2500 tasks started.
[2025-12-04T18:03:35Z] [[36minfo[0m] [progress_update] aws-us-east-1-aws-sha256-512-512-59: 2500/2500 tasks started.alibaba-us-east-1-alibaba-sha256-512-512-829: 2500/2500 tasks started.azure-germanywestcentral-azure-sha256-512-512-415: 2310/2500 tasks started.gcp-us-east1-gcp-sha256-512-512-404: 2500/2500 tasks started.
[2025-12-04T18:03:45Z] [[36minfo[0m] [progress_update] aws-us-east-1-aws-sha256-512-512-59: 2500/2500 tasks started.alibaba-us-east-1-alibaba-sha256-512-512-829: 2500/2500 tasks started.azure-germanywestcentral-azure-sha256-512-512-415: 2500/2500 tasks started.gcp-us-east1-gcp-sha256-512-512-404: 2500/2500 tasks started.
[2025-12-04T18:03:55Z] [[36minfo[0m] [progress_update] alibaba-us-east-1-alibaba-sha256-512-512-829: 2500/2500 tasks started.azure-germanywestcentral-azure-sha256-512-512-415: 2500/2500 tasks started.gcp-us-east1-gcp-sha256-512-512-404: 2500/2500 tasks started.aws-us-east-1-aws-sha256-512-512-59: 2500/2500 tasks started.
[2025-12-04T18:04:05Z] [[36minfo[0m] [progress_update] alibaba-us-east-1-alibaba-sha256-512-512-829: 2500/2500 tasks started.azure-germanywestcentral-azure-sha256-512-512-415: 2500/2500 tasks started.gcp-us-east1-gcp-sha256-512-512-404: 2500/2500 tasks started.aws-us-east-1-aws-sha256-512-512-59: 2500/2500 tasks started.
[2025-12-04T18:04:15Z] [[36minfo[0m] [progress_update] aws-us-east-1-aws-sha256-512-512-59: 2500/2500 tasks started.alibaba-us-east-1-alibaba-sha256-512-512-829: 2500/2500 tasks started.azure-germanywestcentral-azure-sha256-512-512-415: 2500/2500 tasks started.gcp-us-east1-gcp-sha256-512-512-404: 2500/2500 tasks started.
[2025-12-04T18:04:18Z] [[36minfo[0m] [function_finished] Finished benchmarking function alibaba-sha256-512 and closed archiver
[2025-12-04T18:04:25Z] [[36minfo[0m] [progress_update] aws-us-east-1-aws-sha256-512-512-59: 2500/2500 tasks started.alibaba-us-east-1-alibaba-sha256-512-512-829: 2500/2500 tasks started.azure-germanywestcentral-azure-sha256-512-512-415: 2500/2500 tasks started.gcp-us-east1-gcp-sha256-512-512-404: 2500/2500 tasks started.
[2025-12-04T18:04:35Z] [[36minfo[0m] [progress_update] alibaba-us-east-1-alibaba-sha256-512-512-829: 2500/2500 tasks started.azure-germanywestcentral-azure-sha256-512-512-415: 2500/2500 tasks started.gcp-us-east1-gcp-sha256-512-512-404: 2500/2500 tasks started.aws-us-east-1-aws-sha256-512-512-59: 2500/2500 tasks started.
[2025-12-04T18:04:45Z] [[36minfo[0m] [progress_update] aws-us-east-1-aws-sha256-512-512-59: 2500/2500 tasks started.alibaba-us-east-1-alibaba-sha256-512-512-829: 2500/2500 tasks started.azure-germanywestcentral-azure-sha256-512-512-415: 2500/2500 tasks started.gcp-us-east1-gcp-sha256-512-512-404: 2500/2500 tasks started.
[2025-12-04T18:04:55Z] [[36minfo[0m] [progress_update] aws-us-east-1-aws-sha256-512-512-59: 2500/2500 tasks started.alibaba-us-east-1-alibaba-sha256-512-512-829: 2500/2500 tasks started.azure-germanywestcentral-azure-sha256-512-512-415: 2500/2500 tasks started.gcp-us-east1-gcp-sha256-512-512-404: 2500/2500 tasks started.
[2025-12-04T18:05:05Z] [[36minfo[0m] [progress_update] aws-us-east-1-aws-sha256-512-512-59: 2500/2500 tasks started.alibaba-us-east-1-alibaba-sha256-512-512-829: 2500/2500 tasks started.azure-germanywestcentral-azure-sha256-512-512-415: 2500/2500 tasks started.gcp-us-east1-gcp-sha256-512-512-404: 2500/2500 tasks started.
[2025-12-04T18:05:15Z] [[36minfo[0m] [progress_update] aws-us-east-1-aws-sha256-512-512-59: 2500/2500 tasks started.alibaba-us-east-1-alibaba-sha256-512-512-829: 2500/2500 tasks started.azure-germanywestcentral-azure-sha256-512-512-415: 2500/2500 tasks started.gcp-us-east1-gcp-sha256-512-512-404: 2500/2500 tasks started.
[2025-12-04T18:05:25Z] [[36minfo[0m] [progress_update] aws-us-east-1-aws-sha256-512-512-59: 2500/2500 tasks started.alibaba-us-east-1-alibaba-sha256-512-512-829: 2500/2500 tasks started.azure-germanywestcentral-azure-sha256-512-512-415: 2500/2500 tasks started.gcp-us-east1-gcp-sha256-512-512-404: 2500/2500 tasks started.
[2025-12-04T18:05:35Z] [[36minfo[0m] [progress_update] gcp-us-east1-gcp-sha256-512-512-404: 2500/2500 tasks started.aws-us-east-1-aws-sha256-512-512-59: 2500/2500 tasks started.alibaba-us-east-1-alibaba-sha256-512-512-829: 2500/2500 tasks started.azure-germanywestcentral-azure-sha256-512-512-415: 2500/2500 tasks started.
[2025-12-04T18:05:45Z] [[36minfo[0m] [progress_update] aws-us-east-1-aws-sha256-512-512-59: 2500/2500 tasks started.alibaba-us-east-1-alibaba-sha256-512-512-829: 2500/2500 tasks started.azure-germanywestcentral-azure-sha256-512-512-415: 2500/2500 tasks started.gcp-us-east1-gcp-sha256-512-512-404: 2500/2500 tasks started.
[2025-12-04T18:05:55Z] [[36minfo[0m] [progress_update] gcp-us-east1-gcp-sha256-512-512-404: 2500/2500 tasks started.aws-us-east-1-aws-sha256-512-512-59: 2500/2500 tasks started.alibaba-us-east-1-alibaba-sha256-512-512-829: 2500/2500 tasks started.azure-germanywestcentral-azure-sha256-512-512-415: 2500/2500 tasks started.
[2025-12-04T18:06:05Z] [[36minfo[0m] [progress_update] aws-us-east-1-aws-sha256-512-512-59: 2500/2500 tasks started.alibaba-us-east-1-alibaba-sha256-512-512-829: 2500/2500 tasks started.azure-germanywestcentral-azure-sha256-512-512-415: 2500/2500 tasks started.gcp-us-east1-gcp-sha256-512-512-404: 2500/2500 tasks started.
[2025-12-04T18:06:15Z] [[36minfo[0m] [progress_update] gcp-us-east1-gcp-sha256-512-512-404: 2500/2500 tasks started.aws-us-east-1-aws-sha256-512-512-59: 2500/2500 tasks started.alibaba-us-east-1-alibaba-sha256-512-512-829: 2500/2500 tasks started.azure-germanywestcentral-azure-sha256-512-512-415: 2500/2500 tasks started.
[2025-12-04T18:06:16Z] [[31merror[0m] [task_execution] Error executing task azure-sha256-512: task azure-sha256-512 failed after 7 retries: <nil>
[2025-12-04T18:06:16Z] [[31merror[0m] [task_execution] Error executing task azure-sha256-512: task azure-sha256-512 failed after 7 retries: <nil>
[2025-12-04T18:06:20Z] [[31merror[0m] [task_execution] Error executing task azure-sha256-512: task azure-sha256-512 failed after 7 retries: <nil>
[2025-12-04T18:06:25Z] [[36minfo[0m] [progress_update] gcp-us-east1-gcp-sha256-512-512-404: 2500/2500 tasks started.aws-us-east-1-aws-sha256-512-512-59: 2500/2500 tasks started.alibaba-us-east-1-alibaba-sha256-512-512-829: 2500/2500 tasks started.azure-germanywestcentral-azure-sha256-512-512-415: 2500/2500 tasks started.
[2025-12-04T18:06:33Z] [[31merror[0m] [task_execution] Error executing task azure-sha256-512: task azure-sha256-512 failed after 7 retries: <nil>
[2025-12-04T18:06:35Z] [[36minfo[0m] [progress_update] aws-us-east-1-aws-sha256-512-512-59: 2500/2500 tasks started.alibaba-us-east-1-alibaba-sha256-512-512-829: 2500/2500 tasks started.azure-germanywestcentral-azure-sha256-512-512-415: 2500/2500 tasks started.gcp-us-east1-gcp-sha256-512-512-404: 2500/2500 tasks started.
[2025-12-04T18:06:45Z] [[36minfo[0m] [progress_update] gcp-us-east1-gcp-sha256-512-512-404: 2500/2500 tasks started.aws-us-east-1-aws-sha256-512-512-59: 2500/2500 tasks started.alibaba-us-east-1-alibaba-sha256-512-512-829: 2500/2500 tasks started.azure-germanywestcentral-azure-sha256-512-512-415: 2500/2500 tasks started.
[2025-12-04T18:06:50Z] [[31merror[0m] [task_execution] Error executing task azure-sha256-512: task azure-sha256-512 failed after 7 retries: <nil>
[2025-12-04T18:06:50Z] [[31merror[0m] [task_execution] Error executing task azure-sha256-512: task azure-sha256-512 failed after 7 retries: <nil>
[2025-12-04T18:06:50Z] [[31merror[0m] [task_execution] Error executing task azure-sha256-512: task azure-sha256-512 failed after 7 retries: <nil>
[2025-12-04T18:06:50Z] [[31merror[0m] [task_execution] Error executing task azure-sha256-512: task azure-sha256-512 failed after 7 retries: <nil>
[2025-12-04T18:06:50Z] [[31merror[0m] [task_execution] Error executing task azure-sha256-512: task azure-sha256-512 failed after 7 retries: <nil>
[2025-12-04T18:06:50Z] [[31merror[0m] [task_execution] Error executing task azure-sha256-512: task azure-sha256-512 failed after 7 retries: <nil>
[2025-12-04T18:06:50Z] [[31merror[0m] [task_execution] Error executing task azure-sha256-512: task azure-sha256-512 failed after 7 retries: <nil>
[2025-12-04T18:06:50Z] [[31merror[0m] [task_execution] Error executing task azure-sha256-512: task azure-sha256-512 failed after 7 retries: <nil>
[2025-12-04T18:06:50Z] [[31merror[0m] [task_execution] Error executing task azure-sha256-512: task azure-sha256-512 failed after 7 retries: <nil>
[2025-12-04T18:06:50Z] [[31merror[0m] [task_execution] Error executing task azure-sha256-512: task azure-sha256-512 failed after 7 retries: <nil>
[2025-12-04T18:06:50Z] [[31merror[0m] [task_execution] Error executing task azure-sha256-512: task azure-sha256-512 failed after 7 retries: <nil>
[2025-12-04T18:06:51Z] [[31merror[0m] [task_execution] Error executing task azure-sha256-512: task azure-sha256-512 failed after 7 retries: <nil>
[2025-12-04T18:06:51Z] [[31merror[0m] [task_execution] Error executing task azure-sha256-512: task azure-sha256-512 failed after 7 retries: <nil>
[2025-12-04T18:06:51Z] [[31merror[0m] [task_execution] Error executing task azure-sha256-512: task azure-sha256-512 failed after 7 retries: <nil>
[2025-12-04T18:06:52Z] [[31merror[0m] [task_execution] Error executing task azure-sha256-512: task azure-sha256-512 failed after 7 retries: <nil>
[2025-12-04T18:06:52Z] [[31merror[0m] [task_execution] Error executing task azure-sha256-512: task azure-sha256-512 failed after 7 retries: <nil>
[2025-12-04T18:06:55Z] [[36minfo[0m] [progress_update] aws-us-east-1-aws-sha256-512-512-59: 2500/2500 tasks started.alibaba-us-east-1-alibaba-sha256-512-512-829: 2500/2500 tasks started.azure-germanywestcentral-azure-sha256-512-512-415: 2500/2500 tasks started.gcp-us-east1-gcp-sha256-512-512-404: 2500/2500 tasks started.
[2025-12-04T18:07:05Z] [[36minfo[0m] [progress_update] gcp-us-east1-gcp-sha256-512-512-404: 2500/2500 tasks started.aws-us-east-1-aws-sha256-512-512-59: 2500/2500 tasks started.alibaba-us-east-1-alibaba-sha256-512-512-829: 2500/2500 tasks started.azure-germanywestcentral-azure-sha256-512-512-415: 2500/2500 tasks started.
[2025-12-04T18:07:15Z] [[36minfo[0m] [progress_update] gcp-us-east1-gcp-sha256-512-512-404: 2500/2500 tasks started.aws-us-east-1-aws-sha256-512-512-59: 2500/2500 tasks started.alibaba-us-east-1-alibaba-sha256-512-512-829: 2500/2500 tasks started.azure-germanywestcentral-azure-sha256-512-512-415: 2500/2500 tasks started.
[2025-12-04T18:07:20Z] [[31merror[0m] [task_execution] Error executing task azure-sha256-512: task azure-sha256-512 failed after 7 retries: <nil>
[2025-12-04T18:07:21Z] [[31merror[0m] [task_execution] Error executing task azure-sha256-512: task azure-sha256-512 failed after 7 retries: <nil>
[2025-12-04T18:07:22Z] [[31merror[0m] [task_execution] Error executing task azure-sha256-512: task azure-sha256-512 failed after 7 retries: <nil>
[2025-12-04T18:07:25Z] [[36minfo[0m] [progress_update] aws-us-east-1-aws-sha256-512-512-59: 2500/2500 tasks started.alibaba-us-east-1-alibaba-sha256-512-512-829: 2500/2500 tasks started.azure-germanywestcentral-azure-sha256-512-512-415: 2500/2500 tasks started.gcp-us-east1-gcp-sha256-512-512-404: 2500/2500 tasks started.
[2025-12-04T18:07:27Z] [[36minfo[0m] [function_finished] Finished benchmarking function azure-sha256-512 and closed archiver
[2025-12-04T18:07:29Z] [[36minfo[0m] [finish_timeline] Benchmark Timeline
[Thu Dec  4 18:07:29 UTC 2025] Finished benchmark 'sha256' successfully
