[Mon Dec  1 00:01:38 UTC 2025] Starting benchmark 'json' with config './configs/json.yaml'
Validating functions...
[2025-12-01T00:01:38Z] [[36minfo[0m] [executor_setup] Setting up executor for aws-us-east-1-aws-json-512-512-586
[2025-12-01T00:01:38Z] [[36minfo[0m] [executor_setup] Setting up executor for alibaba-us-east-1-alibaba-json-512-512-627
[2025-12-01T00:01:38Z] [[36minfo[0m] [executor_setup] Setting up executor for azure-germanywestcentral-azure-json-512-512-730
[2025-12-01T00:01:38Z] [[0mwarning[0m] [[32mazure_limitations[0m] Azure can´t handle more than 300 parallel requests. Limiting to 300.
[2025-12-01T00:01:38Z] [[36minfo[0m] [executor_setup] Setting up executor for gcp-us-east1-gcp-json-512-512-44
[2025-12-01T00:01:38Z] [[36minfo[0m] [start_timeline] Benchmark Timeline
[2025-12-01T00:01:38Z] [[36minfo[0m] [load_generator_start] (alibaba: us-east-1) Starting load generator with 500 workers
[2025-12-01T00:01:38Z] [[36minfo[0m] [load_generator_start] (azure: germanywestcentral) Starting load generator with 300 workers
[2025-12-01T00:01:38Z] [[36minfo[0m] [load_generator_start] (gcp: us-east1) Starting load generator with 300 workers
[2025-12-01T00:01:38Z] [[36minfo[0m] [load_generator_start] (aws: us-east-1) Starting load generator with 500 workers
[2025-12-01T00:01:48Z] [[36minfo[0m] [progress_update] aws-us-east-1-aws-json-512-512-586: 1706/2500 tasks started.alibaba-us-east-1-alibaba-json-512-512-627: 1621/2500 tasks started.azure-germanywestcentral-azure-json-512-512-730: 674/2500 tasks started.gcp-us-east1-gcp-json-512-512-44: 1115/2500 tasks started.
[2025-12-01T00:01:58Z] [[36minfo[0m] [progress_update] alibaba-us-east-1-alibaba-json-512-512-627: 2500/2500 tasks started.azure-germanywestcentral-azure-json-512-512-730: 683/2500 tasks started.gcp-us-east1-gcp-json-512-512-44: 2095/2500 tasks started.aws-us-east-1-aws-json-512-512-586: 2500/2500 tasks started.
[2025-12-01T00:02:04Z] [[36minfo[0m] [function_finished] Finished benchmarking function aws-json-512 and closed archiver
[2025-12-01T00:02:08Z] [[36minfo[0m] [progress_update] aws-us-east-1-aws-json-512-512-586: 2500/2500 tasks started.alibaba-us-east-1-alibaba-json-512-512-627: 2500/2500 tasks started.azure-germanywestcentral-azure-json-512-512-730: 1325/2500 tasks started.gcp-us-east1-gcp-json-512-512-44: 2500/2500 tasks started.
[2025-12-01T00:02:15Z] [[36minfo[0m] [function_finished] Finished benchmarking function gcp-json-512 and closed archiver
[2025-12-01T00:02:18Z] [[36minfo[0m] [progress_update] aws-us-east-1-aws-json-512-512-586: 2500/2500 tasks started.alibaba-us-east-1-alibaba-json-512-512-627: 2500/2500 tasks started.azure-germanywestcentral-azure-json-512-512-730: 1884/2500 tasks started.gcp-us-east1-gcp-json-512-512-44: 2500/2500 tasks started.
[2025-12-01T00:02:28Z] [[36minfo[0m] [progress_update] gcp-us-east1-gcp-json-512-512-44: 2500/2500 tasks started.aws-us-east-1-aws-json-512-512-586: 2500/2500 tasks started.alibaba-us-east-1-alibaba-json-512-512-627: 2500/2500 tasks started.azure-germanywestcentral-azure-json-512-512-730: 2355/2500 tasks started.
[2025-12-01T00:02:38Z] [[36minfo[0m] [progress_update] aws-us-east-1-aws-json-512-512-586: 2500/2500 tasks started.alibaba-us-east-1-alibaba-json-512-512-627: 2500/2500 tasks started.azure-germanywestcentral-azure-json-512-512-730: 2394/2500 tasks started.gcp-us-east1-gcp-json-512-512-44: 2500/2500 tasks started.
[2025-12-01T00:02:48Z] [[36minfo[0m] [progress_update] aws-us-east-1-aws-json-512-512-586: 2500/2500 tasks started.alibaba-us-east-1-alibaba-json-512-512-627: 2500/2500 tasks started.azure-germanywestcentral-azure-json-512-512-730: 2401/2500 tasks started.gcp-us-east1-gcp-json-512-512-44: 2500/2500 tasks started.
[2025-12-01T00:02:58Z] [[36minfo[0m] [progress_update] aws-us-east-1-aws-json-512-512-586: 2500/2500 tasks started.alibaba-us-east-1-alibaba-json-512-512-627: 2500/2500 tasks started.azure-germanywestcentral-azure-json-512-512-730: 2406/2500 tasks started.gcp-us-east1-gcp-json-512-512-44: 2500/2500 tasks started.
[2025-12-01T00:03:08Z] [[36minfo[0m] [progress_update] aws-us-east-1-aws-json-512-512-586: 2500/2500 tasks started.alibaba-us-east-1-alibaba-json-512-512-627: 2500/2500 tasks started.azure-germanywestcentral-azure-json-512-512-730: 2407/2500 tasks started.gcp-us-east1-gcp-json-512-512-44: 2500/2500 tasks started.
[2025-12-01T00:03:18Z] [[36minfo[0m] [progress_update] aws-us-east-1-aws-json-512-512-586: 2500/2500 tasks started.alibaba-us-east-1-alibaba-json-512-512-627: 2500/2500 tasks started.azure-germanywestcentral-azure-json-512-512-730: 2408/2500 tasks started.gcp-us-east1-gcp-json-512-512-44: 2500/2500 tasks started.
[2025-12-01T00:03:28Z] [[36minfo[0m] [progress_update] aws-us-east-1-aws-json-512-512-586: 2500/2500 tasks started.alibaba-us-east-1-alibaba-json-512-512-627: 2500/2500 tasks started.azure-germanywestcentral-azure-json-512-512-730: 2456/2500 tasks started.gcp-us-east1-gcp-json-512-512-44: 2500/2500 tasks started.
[2025-12-01T00:03:38Z] [[36minfo[0m] [progress_update] aws-us-east-1-aws-json-512-512-586: 2500/2500 tasks started.alibaba-us-east-1-alibaba-json-512-512-627: 2500/2500 tasks started.azure-germanywestcentral-azure-json-512-512-730: 2500/2500 tasks started.gcp-us-east1-gcp-json-512-512-44: 2500/2500 tasks started.
[2025-12-01T00:03:48Z] [[36minfo[0m] [progress_update] aws-us-east-1-aws-json-512-512-586: 2500/2500 tasks started.alibaba-us-east-1-alibaba-json-512-512-627: 2500/2500 tasks started.azure-germanywestcentral-azure-json-512-512-730: 2500/2500 tasks started.gcp-us-east1-gcp-json-512-512-44: 2500/2500 tasks started.
[2025-12-01T00:03:58Z] [[36minfo[0m] [progress_update] aws-us-east-1-aws-json-512-512-586: 2500/2500 tasks started.alibaba-us-east-1-alibaba-json-512-512-627: 2500/2500 tasks started.azure-germanywestcentral-azure-json-512-512-730: 2500/2500 tasks started.gcp-us-east1-gcp-json-512-512-44: 2500/2500 tasks started.
[2025-12-01T00:04:08Z] [[36minfo[0m] [progress_update] aws-us-east-1-aws-json-512-512-586: 2500/2500 tasks started.alibaba-us-east-1-alibaba-json-512-512-627: 2500/2500 tasks started.azure-germanywestcentral-azure-json-512-512-730: 2500/2500 tasks started.gcp-us-east1-gcp-json-512-512-44: 2500/2500 tasks started.
[2025-12-01T00:04:18Z] [[36minfo[0m] [progress_update] aws-us-east-1-aws-json-512-512-586: 2500/2500 tasks started.alibaba-us-east-1-alibaba-json-512-512-627: 2500/2500 tasks started.azure-germanywestcentral-azure-json-512-512-730: 2500/2500 tasks started.gcp-us-east1-gcp-json-512-512-44: 2500/2500 tasks started.
[2025-12-01T00:04:28Z] [[36minfo[0m] [progress_update] aws-us-east-1-aws-json-512-512-586: 2500/2500 tasks started.alibaba-us-east-1-alibaba-json-512-512-627: 2500/2500 tasks started.azure-germanywestcentral-azure-json-512-512-730: 2500/2500 tasks started.gcp-us-east1-gcp-json-512-512-44: 2500/2500 tasks started.
[2025-12-01T00:04:38Z] [[36minfo[0m] [progress_update] aws-us-east-1-aws-json-512-512-586: 2500/2500 tasks started.alibaba-us-east-1-alibaba-json-512-512-627: 2500/2500 tasks started.azure-germanywestcentral-azure-json-512-512-730: 2500/2500 tasks started.gcp-us-east1-gcp-json-512-512-44: 2500/2500 tasks started.
[2025-12-01T00:04:48Z] [[36minfo[0m] [progress_update] azure-germanywestcentral-azure-json-512-512-730: 2500/2500 tasks started.gcp-us-east1-gcp-json-512-512-44: 2500/2500 tasks started.aws-us-east-1-aws-json-512-512-586: 2500/2500 tasks started.alibaba-us-east-1-alibaba-json-512-512-627: 2500/2500 tasks started.
[2025-12-01T00:04:58Z] [[36minfo[0m] [progress_update] aws-us-east-1-aws-json-512-512-586: 2500/2500 tasks started.alibaba-us-east-1-alibaba-json-512-512-627: 2500/2500 tasks started.azure-germanywestcentral-azure-json-512-512-730: 2500/2500 tasks started.gcp-us-east1-gcp-json-512-512-44: 2500/2500 tasks started.
[2025-12-01T00:05:08Z] [[36minfo[0m] [progress_update] aws-us-east-1-aws-json-512-512-586: 2500/2500 tasks started.alibaba-us-east-1-alibaba-json-512-512-627: 2500/2500 tasks started.azure-germanywestcentral-azure-json-512-512-730: 2500/2500 tasks started.gcp-us-east1-gcp-json-512-512-44: 2500/2500 tasks started.
[2025-12-01T00:05:18Z] [[36minfo[0m] [progress_update] aws-us-east-1-aws-json-512-512-586: 2500/2500 tasks started.alibaba-us-east-1-alibaba-json-512-512-627: 2500/2500 tasks started.azure-germanywestcentral-azure-json-512-512-730: 2500/2500 tasks started.gcp-us-east1-gcp-json-512-512-44: 2500/2500 tasks started.
[2025-12-01T00:05:28Z] [[36minfo[0m] [progress_update] alibaba-us-east-1-alibaba-json-512-512-627: 2500/2500 tasks started.azure-germanywestcentral-azure-json-512-512-730: 2500/2500 tasks started.gcp-us-east1-gcp-json-512-512-44: 2500/2500 tasks started.aws-us-east-1-aws-json-512-512-586: 2500/2500 tasks started.
[2025-12-01T00:05:38Z] [[36minfo[0m] [progress_update] aws-us-east-1-aws-json-512-512-586: 2500/2500 tasks started.alibaba-us-east-1-alibaba-json-512-512-627: 2500/2500 tasks started.azure-germanywestcentral-azure-json-512-512-730: 2500/2500 tasks started.gcp-us-east1-gcp-json-512-512-44: 2500/2500 tasks started.
[2025-12-01T00:05:48Z] [[36minfo[0m] [progress_update] aws-us-east-1-aws-json-512-512-586: 2500/2500 tasks started.alibaba-us-east-1-alibaba-json-512-512-627: 2500/2500 tasks started.azure-germanywestcentral-azure-json-512-512-730: 2500/2500 tasks started.gcp-us-east1-gcp-json-512-512-44: 2500/2500 tasks started.
[2025-12-01T00:05:58Z] [[36minfo[0m] [progress_update] aws-us-east-1-aws-json-512-512-586: 2500/2500 tasks started.alibaba-us-east-1-alibaba-json-512-512-627: 2500/2500 tasks started.azure-germanywestcentral-azure-json-512-512-730: 2500/2500 tasks started.gcp-us-east1-gcp-json-512-512-44: 2500/2500 tasks started.
[2025-12-01T00:06:03Z] [[31merror[0m] [task_execution] Error executing task alibaba-json-512: task alibaba-json-512 failed after 7 retries: <nil>
[2025-12-01T00:06:08Z] [[36minfo[0m] [progress_update] azure-germanywestcentral-azure-json-512-512-730: 2500/2500 tasks started.gcp-us-east1-gcp-json-512-512-44: 2500/2500 tasks started.aws-us-east-1-aws-json-512-512-586: 2500/2500 tasks started.alibaba-us-east-1-alibaba-json-512-512-627: 2500/2500 tasks started.
[2025-12-01T00:06:08Z] [[36minfo[0m] [function_finished] Finished benchmarking function alibaba-json-512 and closed archiver
[2025-12-01T00:06:18Z] [[36minfo[0m] [progress_update] gcp-us-east1-gcp-json-512-512-44: 2500/2500 tasks started.aws-us-east-1-aws-json-512-512-586: 2500/2500 tasks started.alibaba-us-east-1-alibaba-json-512-512-627: 2500/2500 tasks started.azure-germanywestcentral-azure-json-512-512-730: 2500/2500 tasks started.
[2025-12-01T00:06:28Z] [[36minfo[0m] [progress_update] aws-us-east-1-aws-json-512-512-586: 2500/2500 tasks started.alibaba-us-east-1-alibaba-json-512-512-627: 2500/2500 tasks started.azure-germanywestcentral-azure-json-512-512-730: 2500/2500 tasks started.gcp-us-east1-gcp-json-512-512-44: 2500/2500 tasks started.
[2025-12-01T00:06:35Z] [[31merror[0m] [task_execution] Error executing task azure-json-512: task azure-json-512 failed after 7 retries: <nil>
[2025-12-01T00:06:38Z] [[31merror[0m] [task_execution] Error executing task azure-json-512: task azure-json-512 failed after 7 retries: <nil>
[2025-12-01T00:06:38Z] [[31merror[0m] [task_execution] Error executing task azure-json-512: task azure-json-512 failed after 7 retries: <nil>
[2025-12-01T00:06:38Z] [[36minfo[0m] [progress_update] aws-us-east-1-aws-json-512-512-586: 2500/2500 tasks started.alibaba-us-east-1-alibaba-json-512-512-627: 2500/2500 tasks started.azure-germanywestcentral-azure-json-512-512-730: 2500/2500 tasks started.gcp-us-east1-gcp-json-512-512-44: 2500/2500 tasks started.
[2025-12-01T00:06:38Z] [[31merror[0m] [task_execution] Error executing task azure-json-512: task azure-json-512 failed after 7 retries: <nil>
[2025-12-01T00:06:38Z] [[31merror[0m] [task_execution] Error executing task azure-json-512: task azure-json-512 failed after 7 retries: <nil>
[2025-12-01T00:06:48Z] [[36minfo[0m] [progress_update] aws-us-east-1-aws-json-512-512-586: 2500/2500 tasks started.alibaba-us-east-1-alibaba-json-512-512-627: 2500/2500 tasks started.azure-germanywestcentral-azure-json-512-512-730: 2500/2500 tasks started.gcp-us-east1-gcp-json-512-512-44: 2500/2500 tasks started.
[2025-12-01T00:06:51Z] [[31merror[0m] [task_execution] Error executing task azure-json-512: task azure-json-512 failed after 7 retries: <nil>
[2025-12-01T00:06:56Z] [[36minfo[0m] [function_finished] Finished benchmarking function azure-json-512 and closed archiver
[2025-12-01T00:06:58Z] [[36minfo[0m] [finish_timeline] Benchmark Timeline
[Mon Dec  1 00:06:58 UTC 2025] Finished benchmark 'json' successfully
