[Mon Dec  1 17:46:13 UTC 2025] Starting benchmark 'aesctr' with config './configs/aesCtr.yaml'
Validating functions...
[2025-12-01T17:46:13Z] [[36minfo[0m] [executor_setup] Setting up executor for aws-us-east-1-aws-aesCtr-512-512-786
[2025-12-01T17:46:13Z] [[36minfo[0m] [executor_setup] Setting up executor for alibaba-us-east-1-alibaba-aesCtr-512-512-807
[2025-12-01T17:46:13Z] [[36minfo[0m] [executor_setup] Setting up executor for azure-germanywestcentral-azure-aesCtr-512-512-244
[2025-12-01T17:46:13Z] [[0mwarning[0m] [[32mazure_limitations[0m] Azure can´t handle more than 300 parallel requests. Limiting to 300.
[2025-12-01T17:46:13Z] [[36minfo[0m] [executor_setup] Setting up executor for gcp-us-east1-gcp-aesCtr-512-512-803
[2025-12-01T17:46:13Z] [[36minfo[0m] [start_timeline] Benchmark Timeline
[2025-12-01T17:46:13Z] [[36minfo[0m] [load_generator_start] (azure: germanywestcentral) Starting load generator with 300 workers
[2025-12-01T17:46:13Z] [[36minfo[0m] [load_generator_start] (gcp: us-east1) Starting load generator with 300 workers
[2025-12-01T17:46:13Z] [[36minfo[0m] [load_generator_start] (aws: us-east-1) Starting load generator with 500 workers
[2025-12-01T17:46:13Z] [[36minfo[0m] [load_generator_start] (alibaba: us-east-1) Starting load generator with 500 workers
[2025-12-01T17:46:23Z] [[36minfo[0m] [progress_update] azure-germanywestcentral-azure-aesCtr-512-512-244: 671/2500 tasks started.gcp-us-east1-gcp-aesCtr-512-512-803: 577/2500 tasks started.aws-us-east-1-aws-aesCtr-512-512-786: 2100/2500 tasks started.alibaba-us-east-1-alibaba-aesCtr-512-512-807: 2500/2500 tasks started.
[2025-12-01T17:46:33Z] [[36minfo[0m] [progress_update] aws-us-east-1-aws-aesCtr-512-512-786: 2500/2500 tasks started.alibaba-us-east-1-alibaba-aesCtr-512-512-807: 2500/2500 tasks started.azure-germanywestcentral-azure-aesCtr-512-512-244: 691/2500 tasks started.gcp-us-east1-gcp-aesCtr-512-512-803: 1162/2500 tasks started.
[2025-12-01T17:46:41Z] [[36minfo[0m] [function_finished] Finished benchmarking function aws-aesCtr-512 and closed archiver
[2025-12-01T17:46:43Z] [[36minfo[0m] [progress_update] aws-us-east-1-aws-aesCtr-512-512-786: 2500/2500 tasks started.alibaba-us-east-1-alibaba-aesCtr-512-512-807: 2500/2500 tasks started.azure-germanywestcentral-azure-aesCtr-512-512-244: 1472/2500 tasks started.gcp-us-east1-gcp-aesCtr-512-512-803: 1702/2500 tasks started.
[2025-12-01T17:46:53Z] [[36minfo[0m] [progress_update] aws-us-east-1-aws-aesCtr-512-512-786: 2500/2500 tasks started.alibaba-us-east-1-alibaba-aesCtr-512-512-807: 2500/2500 tasks started.azure-germanywestcentral-azure-aesCtr-512-512-244: 2085/2500 tasks started.gcp-us-east1-gcp-aesCtr-512-512-803: 2251/2500 tasks started.
[2025-12-01T17:47:03Z] [[36minfo[0m] [progress_update] aws-us-east-1-aws-aesCtr-512-512-786: 2500/2500 tasks started.alibaba-us-east-1-alibaba-aesCtr-512-512-807: 2500/2500 tasks started.azure-germanywestcentral-azure-aesCtr-512-512-244: 2307/2500 tasks started.gcp-us-east1-gcp-aesCtr-512-512-803: 2500/2500 tasks started.
[2025-12-01T17:47:13Z] [[36minfo[0m] [progress_update] gcp-us-east1-gcp-aesCtr-512-512-803: 2500/2500 tasks started.aws-us-east-1-aws-aesCtr-512-512-786: 2500/2500 tasks started.alibaba-us-east-1-alibaba-aesCtr-512-512-807: 2500/2500 tasks started.azure-germanywestcentral-azure-aesCtr-512-512-244: 2313/2500 tasks started.
[2025-12-01T17:47:16Z] [[36minfo[0m] [function_finished] Finished benchmarking function gcp-aesCtr-512 and closed archiver
[2025-12-01T17:47:23Z] [[36minfo[0m] [progress_update] aws-us-east-1-aws-aesCtr-512-512-786: 2500/2500 tasks started.alibaba-us-east-1-alibaba-aesCtr-512-512-807: 2500/2500 tasks started.azure-germanywestcentral-azure-aesCtr-512-512-244: 2343/2500 tasks started.gcp-us-east1-gcp-aesCtr-512-512-803: 2500/2500 tasks started.
[2025-12-01T17:47:28Z] [[36minfo[0m] [function_finished] Finished benchmarking function alibaba-aesCtr-512 and closed archiver
[2025-12-01T17:47:33Z] [[36minfo[0m] [progress_update] aws-us-east-1-aws-aesCtr-512-512-786: 2500/2500 tasks started.alibaba-us-east-1-alibaba-aesCtr-512-512-807: 2500/2500 tasks started.azure-germanywestcentral-azure-aesCtr-512-512-244: 2365/2500 tasks started.gcp-us-east1-gcp-aesCtr-512-512-803: 2500/2500 tasks started.
[2025-12-01T17:47:43Z] [[36minfo[0m] [progress_update] aws-us-east-1-aws-aesCtr-512-512-786: 2500/2500 tasks started.alibaba-us-east-1-alibaba-aesCtr-512-512-807: 2500/2500 tasks started.azure-germanywestcentral-azure-aesCtr-512-512-244: 2369/2500 tasks started.gcp-us-east1-gcp-aesCtr-512-512-803: 2500/2500 tasks started.
[2025-12-01T17:47:53Z] [[36minfo[0m] [progress_update] aws-us-east-1-aws-aesCtr-512-512-786: 2500/2500 tasks started.alibaba-us-east-1-alibaba-aesCtr-512-512-807: 2500/2500 tasks started.azure-germanywestcentral-azure-aesCtr-512-512-244: 2369/2500 tasks started.gcp-us-east1-gcp-aesCtr-512-512-803: 2500/2500 tasks started.
[2025-12-01T17:48:03Z] [[36minfo[0m] [progress_update] aws-us-east-1-aws-aesCtr-512-512-786: 2500/2500 tasks started.alibaba-us-east-1-alibaba-aesCtr-512-512-807: 2500/2500 tasks started.azure-germanywestcentral-azure-aesCtr-512-512-244: 2500/2500 tasks started.gcp-us-east1-gcp-aesCtr-512-512-803: 2500/2500 tasks started.
[2025-12-01T17:48:13Z] [[36minfo[0m] [progress_update] aws-us-east-1-aws-aesCtr-512-512-786: 2500/2500 tasks started.alibaba-us-east-1-alibaba-aesCtr-512-512-807: 2500/2500 tasks started.azure-germanywestcentral-azure-aesCtr-512-512-244: 2500/2500 tasks started.gcp-us-east1-gcp-aesCtr-512-512-803: 2500/2500 tasks started.
[2025-12-01T17:48:23Z] [[36minfo[0m] [progress_update] aws-us-east-1-aws-aesCtr-512-512-786: 2500/2500 tasks started.alibaba-us-east-1-alibaba-aesCtr-512-512-807: 2500/2500 tasks started.azure-germanywestcentral-azure-aesCtr-512-512-244: 2500/2500 tasks started.gcp-us-east1-gcp-aesCtr-512-512-803: 2500/2500 tasks started.
[2025-12-01T17:48:33Z] [[36minfo[0m] [progress_update] aws-us-east-1-aws-aesCtr-512-512-786: 2500/2500 tasks started.alibaba-us-east-1-alibaba-aesCtr-512-512-807: 2500/2500 tasks started.azure-germanywestcentral-azure-aesCtr-512-512-244: 2500/2500 tasks started.gcp-us-east1-gcp-aesCtr-512-512-803: 2500/2500 tasks started.
[2025-12-01T17:48:43Z] [[36minfo[0m] [progress_update] alibaba-us-east-1-alibaba-aesCtr-512-512-807: 2500/2500 tasks started.azure-germanywestcentral-azure-aesCtr-512-512-244: 2500/2500 tasks started.gcp-us-east1-gcp-aesCtr-512-512-803: 2500/2500 tasks started.aws-us-east-1-aws-aesCtr-512-512-786: 2500/2500 tasks started.
[2025-12-01T17:48:53Z] [[36minfo[0m] [progress_update] gcp-us-east1-gcp-aesCtr-512-512-803: 2500/2500 tasks started.aws-us-east-1-aws-aesCtr-512-512-786: 2500/2500 tasks started.alibaba-us-east-1-alibaba-aesCtr-512-512-807: 2500/2500 tasks started.azure-germanywestcentral-azure-aesCtr-512-512-244: 2500/2500 tasks started.
[2025-12-01T17:49:03Z] [[36minfo[0m] [progress_update] gcp-us-east1-gcp-aesCtr-512-512-803: 2500/2500 tasks started.aws-us-east-1-aws-aesCtr-512-512-786: 2500/2500 tasks started.alibaba-us-east-1-alibaba-aesCtr-512-512-807: 2500/2500 tasks started.azure-germanywestcentral-azure-aesCtr-512-512-244: 2500/2500 tasks started.
[2025-12-01T17:49:13Z] [[36minfo[0m] [progress_update] aws-us-east-1-aws-aesCtr-512-512-786: 2500/2500 tasks started.alibaba-us-east-1-alibaba-aesCtr-512-512-807: 2500/2500 tasks started.azure-germanywestcentral-azure-aesCtr-512-512-244: 2500/2500 tasks started.gcp-us-east1-gcp-aesCtr-512-512-803: 2500/2500 tasks started.
[2025-12-01T17:49:23Z] [[36minfo[0m] [progress_update] azure-germanywestcentral-azure-aesCtr-512-512-244: 2500/2500 tasks started.gcp-us-east1-gcp-aesCtr-512-512-803: 2500/2500 tasks started.aws-us-east-1-aws-aesCtr-512-512-786: 2500/2500 tasks started.alibaba-us-east-1-alibaba-aesCtr-512-512-807: 2500/2500 tasks started.
[2025-12-01T17:49:33Z] [[36minfo[0m] [progress_update] aws-us-east-1-aws-aesCtr-512-512-786: 2500/2500 tasks started.alibaba-us-east-1-alibaba-aesCtr-512-512-807: 2500/2500 tasks started.azure-germanywestcentral-azure-aesCtr-512-512-244: 2500/2500 tasks started.gcp-us-east1-gcp-aesCtr-512-512-803: 2500/2500 tasks started.
[2025-12-01T17:49:43Z] [[36minfo[0m] [progress_update] aws-us-east-1-aws-aesCtr-512-512-786: 2500/2500 tasks started.alibaba-us-east-1-alibaba-aesCtr-512-512-807: 2500/2500 tasks started.azure-germanywestcentral-azure-aesCtr-512-512-244: 2500/2500 tasks started.gcp-us-east1-gcp-aesCtr-512-512-803: 2500/2500 tasks started.
[2025-12-01T17:49:53Z] [[36minfo[0m] [progress_update] aws-us-east-1-aws-aesCtr-512-512-786: 2500/2500 tasks started.alibaba-us-east-1-alibaba-aesCtr-512-512-807: 2500/2500 tasks started.azure-germanywestcentral-azure-aesCtr-512-512-244: 2500/2500 tasks started.gcp-us-east1-gcp-aesCtr-512-512-803: 2500/2500 tasks started.
[2025-12-01T17:50:03Z] [[36minfo[0m] [progress_update] gcp-us-east1-gcp-aesCtr-512-512-803: 2500/2500 tasks started.aws-us-east-1-aws-aesCtr-512-512-786: 2500/2500 tasks started.alibaba-us-east-1-alibaba-aesCtr-512-512-807: 2500/2500 tasks started.azure-germanywestcentral-azure-aesCtr-512-512-244: 2500/2500 tasks started.
[2025-12-01T17:50:13Z] [[36minfo[0m] [progress_update] aws-us-east-1-aws-aesCtr-512-512-786: 2500/2500 tasks started.alibaba-us-east-1-alibaba-aesCtr-512-512-807: 2500/2500 tasks started.azure-germanywestcentral-azure-aesCtr-512-512-244: 2500/2500 tasks started.gcp-us-east1-gcp-aesCtr-512-512-803: 2500/2500 tasks started.
[2025-12-01T17:50:23Z] [[36minfo[0m] [progress_update] aws-us-east-1-aws-aesCtr-512-512-786: 2500/2500 tasks started.alibaba-us-east-1-alibaba-aesCtr-512-512-807: 2500/2500 tasks started.azure-germanywestcentral-azure-aesCtr-512-512-244: 2500/2500 tasks started.gcp-us-east1-gcp-aesCtr-512-512-803: 2500/2500 tasks started.
[2025-12-01T17:50:33Z] [[36minfo[0m] [progress_update] alibaba-us-east-1-alibaba-aesCtr-512-512-807: 2500/2500 tasks started.azure-germanywestcentral-azure-aesCtr-512-512-244: 2500/2500 tasks started.gcp-us-east1-gcp-aesCtr-512-512-803: 2500/2500 tasks started.aws-us-east-1-aws-aesCtr-512-512-786: 2500/2500 tasks started.
[2025-12-01T17:50:36Z] [[31merror[0m] [task_execution] Error executing task azure-aesCtr-512: task azure-aesCtr-512 failed after 7 retries: <nil>
[2025-12-01T17:50:36Z] [[31merror[0m] [task_execution] Error executing task azure-aesCtr-512: task azure-aesCtr-512 failed after 7 retries: <nil>
[2025-12-01T17:50:36Z] [[31merror[0m] [task_execution] Error executing task azure-aesCtr-512: task azure-aesCtr-512 failed after 7 retries: <nil>
[2025-12-01T17:50:37Z] [[31merror[0m] [task_execution] Error executing task azure-aesCtr-512: task azure-aesCtr-512 failed after 7 retries: <nil>
[2025-12-01T17:50:43Z] [[36minfo[0m] [progress_update] azure-germanywestcentral-azure-aesCtr-512-512-244: 2500/2500 tasks started.gcp-us-east1-gcp-aesCtr-512-512-803: 2500/2500 tasks started.aws-us-east-1-aws-aesCtr-512-512-786: 2500/2500 tasks started.alibaba-us-east-1-alibaba-aesCtr-512-512-807: 2500/2500 tasks started.
[2025-12-01T17:50:53Z] [[36minfo[0m] [progress_update] aws-us-east-1-aws-aesCtr-512-512-786: 2500/2500 tasks started.alibaba-us-east-1-alibaba-aesCtr-512-512-807: 2500/2500 tasks started.azure-germanywestcentral-azure-aesCtr-512-512-244: 2500/2500 tasks started.gcp-us-east1-gcp-aesCtr-512-512-803: 2500/2500 tasks started.
[2025-12-01T17:51:03Z] [[36minfo[0m] [progress_update] aws-us-east-1-aws-aesCtr-512-512-786: 2500/2500 tasks started.alibaba-us-east-1-alibaba-aesCtr-512-512-807: 2500/2500 tasks started.azure-germanywestcentral-azure-aesCtr-512-512-244: 2500/2500 tasks started.gcp-us-east1-gcp-aesCtr-512-512-803: 2500/2500 tasks started.
[2025-12-01T17:51:13Z] [[31merror[0m] [task_execution] Error executing task azure-aesCtr-512: task azure-aesCtr-512 failed after 7 retries: <nil>
[2025-12-01T17:51:13Z] [[36minfo[0m] [progress_update] azure-germanywestcentral-azure-aesCtr-512-512-244: 2500/2500 tasks started.gcp-us-east1-gcp-aesCtr-512-512-803: 2500/2500 tasks started.aws-us-east-1-aws-aesCtr-512-512-786: 2500/2500 tasks started.alibaba-us-east-1-alibaba-aesCtr-512-512-807: 2500/2500 tasks started.
[2025-12-01T17:51:14Z] [[31merror[0m] [task_execution] Error executing task azure-aesCtr-512: task azure-aesCtr-512 failed after 7 retries: <nil>
[2025-12-01T17:51:14Z] [[31merror[0m] [task_execution] Error executing task azure-aesCtr-512: task azure-aesCtr-512 failed after 7 retries: <nil>
[2025-12-01T17:51:15Z] [[31merror[0m] [task_execution] Error executing task azure-aesCtr-512: task azure-aesCtr-512 failed after 7 retries: <nil>
[2025-12-01T17:51:15Z] [[31merror[0m] [task_execution] Error executing task azure-aesCtr-512: task azure-aesCtr-512 failed after 7 retries: <nil>
[2025-12-01T17:51:16Z] [[31merror[0m] [task_execution] Error executing task azure-aesCtr-512: task azure-aesCtr-512 failed after 7 retries: <nil>
[2025-12-01T17:51:17Z] [[31merror[0m] [task_execution] Error executing task azure-aesCtr-512: task azure-aesCtr-512 failed after 7 retries: <nil>
[2025-12-01T17:51:22Z] [[36minfo[0m] [function_finished] Finished benchmarking function azure-aesCtr-512 and closed archiver
[2025-12-01T17:51:23Z] [[36minfo[0m] [progress_update] aws-us-east-1-aws-aesCtr-512-512-786: 2500/2500 tasks started.alibaba-us-east-1-alibaba-aesCtr-512-512-807: 2500/2500 tasks started.azure-germanywestcentral-azure-aesCtr-512-512-244: 2500/2500 tasks started.gcp-us-east1-gcp-aesCtr-512-512-803: 2500/2500 tasks started.
[2025-12-01T17:51:24Z] [[36minfo[0m] [finish_timeline] Benchmark Timeline
[Mon Dec  1 17:51:24 UTC 2025] Finished benchmark 'aesctr' successfully
[Mon Dec  1 17:51:24 UTC 2025] Sleeping 600 seconds before next workload...
