[Sun Nov 30 17:15:11 UTC 2025] Starting benchmark 'aesctr' with config './configs/aesCtr.yaml'
Validating functions...
[2025-11-30T17:15:11Z] [[36minfo[0m] [executor_setup] Setting up executor for aws-us-east-1-aws-aesCtr-512-512-352
[2025-11-30T17:15:11Z] [[36minfo[0m] [executor_setup] Setting up executor for alibaba-us-east-1-alibaba-aesCtr-512-512-140
[2025-11-30T17:15:11Z] [[36minfo[0m] [executor_setup] Setting up executor for azure-germanywestcentral-azure-aesCtr-512-512-462
[2025-11-30T17:15:11Z] [[0mwarning[0m] [[32mazure_limitations[0m] Azure can´t handle more than 300 parallel requests. Limiting to 300.
[2025-11-30T17:15:11Z] [[36minfo[0m] [executor_setup] Setting up executor for gcp-us-east1-gcp-aesCtr-512-512-273
[2025-11-30T17:15:11Z] [[36minfo[0m] [start_timeline] Benchmark Timeline
[2025-11-30T17:15:11Z] [[36minfo[0m] [load_generator_start] (azure: germanywestcentral) Starting load generator with 300 workers
[2025-11-30T17:15:11Z] [[36minfo[0m] [load_generator_start] (gcp: us-east1) Starting load generator with 300 workers
[2025-11-30T17:15:11Z] [[36minfo[0m] [load_generator_start] (aws: us-east-1) Starting load generator with 500 workers
[2025-11-30T17:15:11Z] [[36minfo[0m] [load_generator_start] (alibaba: us-east-1) Starting load generator with 500 workers
[2025-11-30T17:15:21Z] [[36minfo[0m] [progress_update] alibaba-us-east-1-alibaba-aesCtr-512-512-140: 2372/2500 tasks started.azure-germanywestcentral-azure-aesCtr-512-512-462: 632/2500 tasks started.gcp-us-east1-gcp-aesCtr-512-512-273: 556/2500 tasks started.aws-us-east-1-aws-aesCtr-512-512-352: 2136/2500 tasks started.
[2025-11-30T17:15:31Z] [[36minfo[0m] [progress_update] aws-us-east-1-aws-aesCtr-512-512-352: 2500/2500 tasks started.alibaba-us-east-1-alibaba-aesCtr-512-512-140: 2500/2500 tasks started.azure-germanywestcentral-azure-aesCtr-512-512-462: 639/2500 tasks started.gcp-us-east1-gcp-aesCtr-512-512-273: 1071/2500 tasks started.
[2025-11-30T17:15:37Z] [[36minfo[0m] [function_finished] Finished benchmarking function aws-aesCtr-512 and closed archiver
[2025-11-30T17:15:41Z] [[36minfo[0m] [progress_update] gcp-us-east1-gcp-aesCtr-512-512-273: 1634/2500 tasks started.aws-us-east-1-aws-aesCtr-512-512-352: 2500/2500 tasks started.alibaba-us-east-1-alibaba-aesCtr-512-512-140: 2500/2500 tasks started.azure-germanywestcentral-azure-aesCtr-512-512-462: 1419/2500 tasks started.
[2025-11-30T17:15:51Z] [[36minfo[0m] [progress_update] aws-us-east-1-aws-aesCtr-512-512-352: 2500/2500 tasks started.alibaba-us-east-1-alibaba-aesCtr-512-512-140: 2500/2500 tasks started.azure-germanywestcentral-azure-aesCtr-512-512-462: 1992/2500 tasks started.gcp-us-east1-gcp-aesCtr-512-512-273: 2168/2500 tasks started.
[2025-11-30T17:16:01Z] [[36minfo[0m] [progress_update] gcp-us-east1-gcp-aesCtr-512-512-273: 2500/2500 tasks started.aws-us-east-1-aws-aesCtr-512-512-352: 2500/2500 tasks started.alibaba-us-east-1-alibaba-aesCtr-512-512-140: 2500/2500 tasks started.azure-germanywestcentral-azure-aesCtr-512-512-462: 2294/2500 tasks started.
[2025-11-30T17:16:11Z] [[36minfo[0m] [progress_update] alibaba-us-east-1-alibaba-aesCtr-512-512-140: 2500/2500 tasks started.azure-germanywestcentral-azure-aesCtr-512-512-462: 2373/2500 tasks started.gcp-us-east1-gcp-aesCtr-512-512-273: 2500/2500 tasks started.aws-us-east-1-aws-aesCtr-512-512-352: 2500/2500 tasks started.
[2025-11-30T17:16:14Z] [[36minfo[0m] [function_finished] Finished benchmarking function gcp-aesCtr-512 and closed archiver
[2025-11-30T17:16:21Z] [[36minfo[0m] [progress_update] aws-us-east-1-aws-aesCtr-512-512-352: 2500/2500 tasks started.alibaba-us-east-1-alibaba-aesCtr-512-512-140: 2500/2500 tasks started.azure-germanywestcentral-azure-aesCtr-512-512-462: 2500/2500 tasks started.gcp-us-east1-gcp-aesCtr-512-512-273: 2500/2500 tasks started.
[2025-11-30T17:16:31Z] [[36minfo[0m] [progress_update] alibaba-us-east-1-alibaba-aesCtr-512-512-140: 2500/2500 tasks started.azure-germanywestcentral-azure-aesCtr-512-512-462: 2500/2500 tasks started.gcp-us-east1-gcp-aesCtr-512-512-273: 2500/2500 tasks started.aws-us-east-1-aws-aesCtr-512-512-352: 2500/2500 tasks started.
[2025-11-30T17:16:41Z] [[36minfo[0m] [progress_update] aws-us-east-1-aws-aesCtr-512-512-352: 2500/2500 tasks started.alibaba-us-east-1-alibaba-aesCtr-512-512-140: 2500/2500 tasks started.azure-germanywestcentral-azure-aesCtr-512-512-462: 2500/2500 tasks started.gcp-us-east1-gcp-aesCtr-512-512-273: 2500/2500 tasks started.
[2025-11-30T17:16:51Z] [[36minfo[0m] [progress_update] aws-us-east-1-aws-aesCtr-512-512-352: 2500/2500 tasks started.alibaba-us-east-1-alibaba-aesCtr-512-512-140: 2500/2500 tasks started.azure-germanywestcentral-azure-aesCtr-512-512-462: 2500/2500 tasks started.gcp-us-east1-gcp-aesCtr-512-512-273: 2500/2500 tasks started.
[2025-11-30T17:17:01Z] [[36minfo[0m] [progress_update] aws-us-east-1-aws-aesCtr-512-512-352: 2500/2500 tasks started.alibaba-us-east-1-alibaba-aesCtr-512-512-140: 2500/2500 tasks started.azure-germanywestcentral-azure-aesCtr-512-512-462: 2500/2500 tasks started.gcp-us-east1-gcp-aesCtr-512-512-273: 2500/2500 tasks started.
[2025-11-30T17:17:11Z] [[36minfo[0m] [progress_update] alibaba-us-east-1-alibaba-aesCtr-512-512-140: 2500/2500 tasks started.azure-germanywestcentral-azure-aesCtr-512-512-462: 2500/2500 tasks started.gcp-us-east1-gcp-aesCtr-512-512-273: 2500/2500 tasks started.aws-us-east-1-aws-aesCtr-512-512-352: 2500/2500 tasks started.
[2025-11-30T17:17:21Z] [[36minfo[0m] [progress_update] aws-us-east-1-aws-aesCtr-512-512-352: 2500/2500 tasks started.alibaba-us-east-1-alibaba-aesCtr-512-512-140: 2500/2500 tasks started.azure-germanywestcentral-azure-aesCtr-512-512-462: 2500/2500 tasks started.gcp-us-east1-gcp-aesCtr-512-512-273: 2500/2500 tasks started.
[2025-11-30T17:17:31Z] [[36minfo[0m] [progress_update] aws-us-east-1-aws-aesCtr-512-512-352: 2500/2500 tasks started.alibaba-us-east-1-alibaba-aesCtr-512-512-140: 2500/2500 tasks started.azure-germanywestcentral-azure-aesCtr-512-512-462: 2500/2500 tasks started.gcp-us-east1-gcp-aesCtr-512-512-273: 2500/2500 tasks started.
[2025-11-30T17:17:33Z] [[36minfo[0m] [function_finished] Finished benchmarking function alibaba-aesCtr-512 and closed archiver
[2025-11-30T17:17:41Z] [[36minfo[0m] [progress_update] aws-us-east-1-aws-aesCtr-512-512-352: 2500/2500 tasks started.alibaba-us-east-1-alibaba-aesCtr-512-512-140: 2500/2500 tasks started.azure-germanywestcentral-azure-aesCtr-512-512-462: 2500/2500 tasks started.gcp-us-east1-gcp-aesCtr-512-512-273: 2500/2500 tasks started.
[2025-11-30T17:17:51Z] [[36minfo[0m] [progress_update] aws-us-east-1-aws-aesCtr-512-512-352: 2500/2500 tasks started.alibaba-us-east-1-alibaba-aesCtr-512-512-140: 2500/2500 tasks started.azure-germanywestcentral-azure-aesCtr-512-512-462: 2500/2500 tasks started.gcp-us-east1-gcp-aesCtr-512-512-273: 2500/2500 tasks started.
[2025-11-30T17:18:01Z] [[36minfo[0m] [progress_update] gcp-us-east1-gcp-aesCtr-512-512-273: 2500/2500 tasks started.aws-us-east-1-aws-aesCtr-512-512-352: 2500/2500 tasks started.alibaba-us-east-1-alibaba-aesCtr-512-512-140: 2500/2500 tasks started.azure-germanywestcentral-azure-aesCtr-512-512-462: 2500/2500 tasks started.
[2025-11-30T17:18:11Z] [[36minfo[0m] [progress_update] aws-us-east-1-aws-aesCtr-512-512-352: 2500/2500 tasks started.alibaba-us-east-1-alibaba-aesCtr-512-512-140: 2500/2500 tasks started.azure-germanywestcentral-azure-aesCtr-512-512-462: 2500/2500 tasks started.gcp-us-east1-gcp-aesCtr-512-512-273: 2500/2500 tasks started.
[2025-11-30T17:18:21Z] [[36minfo[0m] [progress_update] aws-us-east-1-aws-aesCtr-512-512-352: 2500/2500 tasks started.alibaba-us-east-1-alibaba-aesCtr-512-512-140: 2500/2500 tasks started.azure-germanywestcentral-azure-aesCtr-512-512-462: 2500/2500 tasks started.gcp-us-east1-gcp-aesCtr-512-512-273: 2500/2500 tasks started.
[2025-11-30T17:18:31Z] [[36minfo[0m] [progress_update] alibaba-us-east-1-alibaba-aesCtr-512-512-140: 2500/2500 tasks started.azure-germanywestcentral-azure-aesCtr-512-512-462: 2500/2500 tasks started.gcp-us-east1-gcp-aesCtr-512-512-273: 2500/2500 tasks started.aws-us-east-1-aws-aesCtr-512-512-352: 2500/2500 tasks started.
[2025-11-30T17:18:41Z] [[36minfo[0m] [progress_update] gcp-us-east1-gcp-aesCtr-512-512-273: 2500/2500 tasks started.aws-us-east-1-aws-aesCtr-512-512-352: 2500/2500 tasks started.alibaba-us-east-1-alibaba-aesCtr-512-512-140: 2500/2500 tasks started.azure-germanywestcentral-azure-aesCtr-512-512-462: 2500/2500 tasks started.
[2025-11-30T17:18:51Z] [[36minfo[0m] [progress_update] aws-us-east-1-aws-aesCtr-512-512-352: 2500/2500 tasks started.alibaba-us-east-1-alibaba-aesCtr-512-512-140: 2500/2500 tasks started.azure-germanywestcentral-azure-aesCtr-512-512-462: 2500/2500 tasks started.gcp-us-east1-gcp-aesCtr-512-512-273: 2500/2500 tasks started.
[2025-11-30T17:19:01Z] [[36minfo[0m] [progress_update] gcp-us-east1-gcp-aesCtr-512-512-273: 2500/2500 tasks started.aws-us-east-1-aws-aesCtr-512-512-352: 2500/2500 tasks started.alibaba-us-east-1-alibaba-aesCtr-512-512-140: 2500/2500 tasks started.azure-germanywestcentral-azure-aesCtr-512-512-462: 2500/2500 tasks started.
[2025-11-30T17:19:11Z] [[36minfo[0m] [progress_update] aws-us-east-1-aws-aesCtr-512-512-352: 2500/2500 tasks started.alibaba-us-east-1-alibaba-aesCtr-512-512-140: 2500/2500 tasks started.azure-germanywestcentral-azure-aesCtr-512-512-462: 2500/2500 tasks started.gcp-us-east1-gcp-aesCtr-512-512-273: 2500/2500 tasks started.
[2025-11-30T17:19:21Z] [[36minfo[0m] [progress_update] aws-us-east-1-aws-aesCtr-512-512-352: 2500/2500 tasks started.alibaba-us-east-1-alibaba-aesCtr-512-512-140: 2500/2500 tasks started.azure-germanywestcentral-azure-aesCtr-512-512-462: 2500/2500 tasks started.gcp-us-east1-gcp-aesCtr-512-512-273: 2500/2500 tasks started.
[2025-11-30T17:19:31Z] [[36minfo[0m] [progress_update] aws-us-east-1-aws-aesCtr-512-512-352: 2500/2500 tasks started.alibaba-us-east-1-alibaba-aesCtr-512-512-140: 2500/2500 tasks started.azure-germanywestcentral-azure-aesCtr-512-512-462: 2500/2500 tasks started.gcp-us-east1-gcp-aesCtr-512-512-273: 2500/2500 tasks started.
[2025-11-30T17:19:41Z] [[36minfo[0m] [progress_update] gcp-us-east1-gcp-aesCtr-512-512-273: 2500/2500 tasks started.aws-us-east-1-aws-aesCtr-512-512-352: 2500/2500 tasks started.alibaba-us-east-1-alibaba-aesCtr-512-512-140: 2500/2500 tasks started.azure-germanywestcentral-azure-aesCtr-512-512-462: 2500/2500 tasks started.
[2025-11-30T17:19:51Z] [[36minfo[0m] [progress_update] aws-us-east-1-aws-aesCtr-512-512-352: 2500/2500 tasks started.alibaba-us-east-1-alibaba-aesCtr-512-512-140: 2500/2500 tasks started.azure-germanywestcentral-azure-aesCtr-512-512-462: 2500/2500 tasks started.gcp-us-east1-gcp-aesCtr-512-512-273: 2500/2500 tasks started.
[2025-11-30T17:20:01Z] [[36minfo[0m] [progress_update] aws-us-east-1-aws-aesCtr-512-512-352: 2500/2500 tasks started.alibaba-us-east-1-alibaba-aesCtr-512-512-140: 2500/2500 tasks started.azure-germanywestcentral-azure-aesCtr-512-512-462: 2500/2500 tasks started.gcp-us-east1-gcp-aesCtr-512-512-273: 2500/2500 tasks started.
[2025-11-30T17:20:09Z] [[31merror[0m] [task_execution] Error executing task azure-aesCtr-512: task azure-aesCtr-512 failed after 7 retries: <nil>
[2025-11-30T17:20:09Z] [[31merror[0m] [task_execution] Error executing task azure-aesCtr-512: task azure-aesCtr-512 failed after 7 retries: <nil>
[2025-11-30T17:20:09Z] [[31merror[0m] [task_execution] Error executing task azure-aesCtr-512: task azure-aesCtr-512 failed after 7 retries: <nil>
[2025-11-30T17:20:11Z] [[36minfo[0m] [progress_update] gcp-us-east1-gcp-aesCtr-512-512-273: 2500/2500 tasks started.aws-us-east-1-aws-aesCtr-512-512-352: 2500/2500 tasks started.alibaba-us-east-1-alibaba-aesCtr-512-512-140: 2500/2500 tasks started.azure-germanywestcentral-azure-aesCtr-512-512-462: 2500/2500 tasks started.
[2025-11-30T17:20:14Z] [[36minfo[0m] [function_finished] Finished benchmarking function azure-aesCtr-512 and closed archiver
[2025-11-30T17:20:16Z] [[36minfo[0m] [finish_timeline] Benchmark Timeline
[Sun Nov 30 17:20:16 UTC 2025] Finished benchmark 'aesctr' successfully
[Sun Nov 30 17:20:16 UTC 2025] Sleeping 600 seconds before next workload...
