[Sat Dec  6 17:00:01 UTC 2025] Starting benchmark 'gzip' with config './configs/gzip.yaml'
Validating functions...
[2025-12-06T17:00:01Z] [[36minfo[0m] [executor_setup] Setting up executor for aws-us-east-1-aws-gzip-512-512-556
[2025-12-06T17:00:01Z] [[36minfo[0m] [executor_setup] Setting up executor for alibaba-us-east-1-alibaba-gzip-512-512-323
[2025-12-06T17:00:01Z] [[36minfo[0m] [executor_setup] Setting up executor for azure-germanywestcentral-azure-gzip-512-512-671
[2025-12-06T17:00:01Z] [[0mwarning[0m] [[32mazure_limitations[0m] Azure can´t handle more than 300 parallel requests. Limiting to 300.
[2025-12-06T17:00:02Z] [[36minfo[0m] [executor_setup] Setting up executor for gcp-us-east1-gcp-gzip-512-512-842
[2025-12-06T17:00:02Z] [[36minfo[0m] [start_timeline] Benchmark Timeline
[2025-12-06T17:00:02Z] [[36minfo[0m] [load_generator_start] (gcp: us-east1) Starting load generator with 300 workers
[2025-12-06T17:00:02Z] [[36minfo[0m] [load_generator_start] (aws: us-east-1) Starting load generator with 500 workers
[2025-12-06T17:00:02Z] [[36minfo[0m] [load_generator_start] (alibaba: us-east-1) Starting load generator with 500 workers
[2025-12-06T17:00:02Z] [[36minfo[0m] [load_generator_start] (azure: germanywestcentral) Starting load generator with 300 workers
[2025-12-06T17:00:12Z] [[36minfo[0m] [progress_update] gcp-us-east1-gcp-gzip-512-512-842: 958/2500 tasks started.aws-us-east-1-aws-gzip-512-512-556: 1934/2500 tasks started.alibaba-us-east-1-alibaba-gzip-512-512-323: 1715/2500 tasks started.azure-germanywestcentral-azure-gzip-512-512-671: 660/2500 tasks started.
[2025-12-06T17:00:22Z] [[36minfo[0m] [progress_update] aws-us-east-1-aws-gzip-512-512-556: 2500/2500 tasks started.alibaba-us-east-1-alibaba-gzip-512-512-323: 2500/2500 tasks started.azure-germanywestcentral-azure-gzip-512-512-671: 660/2500 tasks started.gcp-us-east1-gcp-gzip-512-512-842: 1969/2500 tasks started.
[2025-12-06T17:00:28Z] [[36minfo[0m] [function_finished] Finished benchmarking function aws-gzip-512 and closed archiver
[2025-12-06T17:00:32Z] [[36minfo[0m] [progress_update] alibaba-us-east-1-alibaba-gzip-512-512-323: 2500/2500 tasks started.azure-germanywestcentral-azure-gzip-512-512-671: 1356/2500 tasks started.gcp-us-east1-gcp-gzip-512-512-842: 2500/2500 tasks started.aws-us-east-1-aws-gzip-512-512-556: 2500/2500 tasks started.
[2025-12-06T17:00:42Z] [[36minfo[0m] [progress_update] gcp-us-east1-gcp-gzip-512-512-842: 2500/2500 tasks started.aws-us-east-1-aws-gzip-512-512-556: 2500/2500 tasks started.alibaba-us-east-1-alibaba-gzip-512-512-323: 2500/2500 tasks started.azure-germanywestcentral-azure-gzip-512-512-671: 1886/2500 tasks started.
[2025-12-06T17:00:44Z] [[36minfo[0m] [function_finished] Finished benchmarking function gcp-gzip-512 and closed archiver
[2025-12-06T17:00:52Z] [[36minfo[0m] [progress_update] aws-us-east-1-aws-gzip-512-512-556: 2500/2500 tasks started.alibaba-us-east-1-alibaba-gzip-512-512-323: 2500/2500 tasks started.azure-germanywestcentral-azure-gzip-512-512-671: 2314/2500 tasks started.gcp-us-east1-gcp-gzip-512-512-842: 2500/2500 tasks started.
[2025-12-06T17:00:52Z] [[36minfo[0m] [function_finished] Finished benchmarking function alibaba-gzip-512 and closed archiver
[2025-12-06T17:01:02Z] [[36minfo[0m] [progress_update] aws-us-east-1-aws-gzip-512-512-556: 2500/2500 tasks started.alibaba-us-east-1-alibaba-gzip-512-512-323: 2500/2500 tasks started.azure-germanywestcentral-azure-gzip-512-512-671: 2314/2500 tasks started.gcp-us-east1-gcp-gzip-512-512-842: 2500/2500 tasks started.
[2025-12-06T17:01:12Z] [[36minfo[0m] [progress_update] gcp-us-east1-gcp-gzip-512-512-842: 2500/2500 tasks started.aws-us-east-1-aws-gzip-512-512-556: 2500/2500 tasks started.alibaba-us-east-1-alibaba-gzip-512-512-323: 2500/2500 tasks started.azure-germanywestcentral-azure-gzip-512-512-671: 2500/2500 tasks started.
[2025-12-06T17:01:22Z] [[36minfo[0m] [progress_update] alibaba-us-east-1-alibaba-gzip-512-512-323: 2500/2500 tasks started.azure-germanywestcentral-azure-gzip-512-512-671: 2500/2500 tasks started.gcp-us-east1-gcp-gzip-512-512-842: 2500/2500 tasks started.aws-us-east-1-aws-gzip-512-512-556: 2500/2500 tasks started.
[2025-12-06T17:01:32Z] [[36minfo[0m] [progress_update] aws-us-east-1-aws-gzip-512-512-556: 2500/2500 tasks started.alibaba-us-east-1-alibaba-gzip-512-512-323: 2500/2500 tasks started.azure-germanywestcentral-azure-gzip-512-512-671: 2500/2500 tasks started.gcp-us-east1-gcp-gzip-512-512-842: 2500/2500 tasks started.
[2025-12-06T17:01:42Z] [[36minfo[0m] [progress_update] aws-us-east-1-aws-gzip-512-512-556: 2500/2500 tasks started.alibaba-us-east-1-alibaba-gzip-512-512-323: 2500/2500 tasks started.azure-germanywestcentral-azure-gzip-512-512-671: 2500/2500 tasks started.gcp-us-east1-gcp-gzip-512-512-842: 2500/2500 tasks started.
[2025-12-06T17:01:52Z] [[36minfo[0m] [progress_update] aws-us-east-1-aws-gzip-512-512-556: 2500/2500 tasks started.alibaba-us-east-1-alibaba-gzip-512-512-323: 2500/2500 tasks started.azure-germanywestcentral-azure-gzip-512-512-671: 2500/2500 tasks started.gcp-us-east1-gcp-gzip-512-512-842: 2500/2500 tasks started.
[2025-12-06T17:02:02Z] [[36minfo[0m] [progress_update] azure-germanywestcentral-azure-gzip-512-512-671: 2500/2500 tasks started.gcp-us-east1-gcp-gzip-512-512-842: 2500/2500 tasks started.aws-us-east-1-aws-gzip-512-512-556: 2500/2500 tasks started.alibaba-us-east-1-alibaba-gzip-512-512-323: 2500/2500 tasks started.
[2025-12-06T17:02:12Z] [[36minfo[0m] [progress_update] azure-germanywestcentral-azure-gzip-512-512-671: 2500/2500 tasks started.gcp-us-east1-gcp-gzip-512-512-842: 2500/2500 tasks started.aws-us-east-1-aws-gzip-512-512-556: 2500/2500 tasks started.alibaba-us-east-1-alibaba-gzip-512-512-323: 2500/2500 tasks started.
[2025-12-06T17:02:22Z] [[36minfo[0m] [progress_update] azure-germanywestcentral-azure-gzip-512-512-671: 2500/2500 tasks started.gcp-us-east1-gcp-gzip-512-512-842: 2500/2500 tasks started.aws-us-east-1-aws-gzip-512-512-556: 2500/2500 tasks started.alibaba-us-east-1-alibaba-gzip-512-512-323: 2500/2500 tasks started.
[2025-12-06T17:02:32Z] [[36minfo[0m] [progress_update] aws-us-east-1-aws-gzip-512-512-556: 2500/2500 tasks started.alibaba-us-east-1-alibaba-gzip-512-512-323: 2500/2500 tasks started.azure-germanywestcentral-azure-gzip-512-512-671: 2500/2500 tasks started.gcp-us-east1-gcp-gzip-512-512-842: 2500/2500 tasks started.
[2025-12-06T17:02:42Z] [[36minfo[0m] [progress_update] aws-us-east-1-aws-gzip-512-512-556: 2500/2500 tasks started.alibaba-us-east-1-alibaba-gzip-512-512-323: 2500/2500 tasks started.azure-germanywestcentral-azure-gzip-512-512-671: 2500/2500 tasks started.gcp-us-east1-gcp-gzip-512-512-842: 2500/2500 tasks started.
[2025-12-06T17:02:52Z] [[36minfo[0m] [progress_update] azure-germanywestcentral-azure-gzip-512-512-671: 2500/2500 tasks started.gcp-us-east1-gcp-gzip-512-512-842: 2500/2500 tasks started.aws-us-east-1-aws-gzip-512-512-556: 2500/2500 tasks started.alibaba-us-east-1-alibaba-gzip-512-512-323: 2500/2500 tasks started.
[2025-12-06T17:03:02Z] [[36minfo[0m] [progress_update] alibaba-us-east-1-alibaba-gzip-512-512-323: 2500/2500 tasks started.azure-germanywestcentral-azure-gzip-512-512-671: 2500/2500 tasks started.gcp-us-east1-gcp-gzip-512-512-842: 2500/2500 tasks started.aws-us-east-1-aws-gzip-512-512-556: 2500/2500 tasks started.
[2025-12-06T17:03:12Z] [[36minfo[0m] [progress_update] aws-us-east-1-aws-gzip-512-512-556: 2500/2500 tasks started.alibaba-us-east-1-alibaba-gzip-512-512-323: 2500/2500 tasks started.azure-germanywestcentral-azure-gzip-512-512-671: 2500/2500 tasks started.gcp-us-east1-gcp-gzip-512-512-842: 2500/2500 tasks started.
[2025-12-06T17:03:22Z] [[36minfo[0m] [progress_update] aws-us-east-1-aws-gzip-512-512-556: 2500/2500 tasks started.alibaba-us-east-1-alibaba-gzip-512-512-323: 2500/2500 tasks started.azure-germanywestcentral-azure-gzip-512-512-671: 2500/2500 tasks started.gcp-us-east1-gcp-gzip-512-512-842: 2500/2500 tasks started.
[2025-12-06T17:03:32Z] [[36minfo[0m] [progress_update] aws-us-east-1-aws-gzip-512-512-556: 2500/2500 tasks started.alibaba-us-east-1-alibaba-gzip-512-512-323: 2500/2500 tasks started.azure-germanywestcentral-azure-gzip-512-512-671: 2500/2500 tasks started.gcp-us-east1-gcp-gzip-512-512-842: 2500/2500 tasks started.
[2025-12-06T17:03:42Z] [[36minfo[0m] [progress_update] aws-us-east-1-aws-gzip-512-512-556: 2500/2500 tasks started.alibaba-us-east-1-alibaba-gzip-512-512-323: 2500/2500 tasks started.azure-germanywestcentral-azure-gzip-512-512-671: 2500/2500 tasks started.gcp-us-east1-gcp-gzip-512-512-842: 2500/2500 tasks started.
[2025-12-06T17:03:52Z] [[36minfo[0m] [progress_update] aws-us-east-1-aws-gzip-512-512-556: 2500/2500 tasks started.alibaba-us-east-1-alibaba-gzip-512-512-323: 2500/2500 tasks started.azure-germanywestcentral-azure-gzip-512-512-671: 2500/2500 tasks started.gcp-us-east1-gcp-gzip-512-512-842: 2500/2500 tasks started.
[2025-12-06T17:04:02Z] [[36minfo[0m] [progress_update] azure-germanywestcentral-azure-gzip-512-512-671: 2500/2500 tasks started.gcp-us-east1-gcp-gzip-512-512-842: 2500/2500 tasks started.aws-us-east-1-aws-gzip-512-512-556: 2500/2500 tasks started.alibaba-us-east-1-alibaba-gzip-512-512-323: 2500/2500 tasks started.
[2025-12-06T17:04:12Z] [[36minfo[0m] [progress_update] aws-us-east-1-aws-gzip-512-512-556: 2500/2500 tasks started.alibaba-us-east-1-alibaba-gzip-512-512-323: 2500/2500 tasks started.azure-germanywestcentral-azure-gzip-512-512-671: 2500/2500 tasks started.gcp-us-east1-gcp-gzip-512-512-842: 2500/2500 tasks started.
[2025-12-06T17:04:22Z] [[36minfo[0m] [progress_update] aws-us-east-1-aws-gzip-512-512-556: 2500/2500 tasks started.alibaba-us-east-1-alibaba-gzip-512-512-323: 2500/2500 tasks started.azure-germanywestcentral-azure-gzip-512-512-671: 2500/2500 tasks started.gcp-us-east1-gcp-gzip-512-512-842: 2500/2500 tasks started.
[2025-12-06T17:04:32Z] [[36minfo[0m] [progress_update] aws-us-east-1-aws-gzip-512-512-556: 2500/2500 tasks started.alibaba-us-east-1-alibaba-gzip-512-512-323: 2500/2500 tasks started.azure-germanywestcentral-azure-gzip-512-512-671: 2500/2500 tasks started.gcp-us-east1-gcp-gzip-512-512-842: 2500/2500 tasks started.
[2025-12-06T17:04:42Z] [[36minfo[0m] [progress_update] gcp-us-east1-gcp-gzip-512-512-842: 2500/2500 tasks started.aws-us-east-1-aws-gzip-512-512-556: 2500/2500 tasks started.alibaba-us-east-1-alibaba-gzip-512-512-323: 2500/2500 tasks started.azure-germanywestcentral-azure-gzip-512-512-671: 2500/2500 tasks started.
[2025-12-06T17:04:52Z] [[36minfo[0m] [progress_update] aws-us-east-1-aws-gzip-512-512-556: 2500/2500 tasks started.alibaba-us-east-1-alibaba-gzip-512-512-323: 2500/2500 tasks started.azure-germanywestcentral-azure-gzip-512-512-671: 2500/2500 tasks started.gcp-us-east1-gcp-gzip-512-512-842: 2500/2500 tasks started.
[2025-12-06T17:04:58Z] [[31merror[0m] [task_execution] Error executing task azure-gzip-512: task azure-gzip-512 failed after 7 retries: <nil>
[2025-12-06T17:04:59Z] [[31merror[0m] [task_execution] Error executing task azure-gzip-512: task azure-gzip-512 failed after 7 retries: <nil>
[2025-12-06T17:04:59Z] [[31merror[0m] [task_execution] Error executing task azure-gzip-512: task azure-gzip-512 failed after 7 retries: <nil>
[2025-12-06T17:05:00Z] [[31merror[0m] [task_execution] Error executing task azure-gzip-512: task azure-gzip-512 failed after 7 retries: <nil>
[2025-12-06T17:05:00Z] [[31merror[0m] [task_execution] Error executing task azure-gzip-512: task azure-gzip-512 failed after 7 retries: <nil>
[2025-12-06T17:05:01Z] [[31merror[0m] [task_execution] Error executing task azure-gzip-512: task azure-gzip-512 failed after 7 retries: <nil>
[2025-12-06T17:05:02Z] [[36minfo[0m] [progress_update] aws-us-east-1-aws-gzip-512-512-556: 2500/2500 tasks started.alibaba-us-east-1-alibaba-gzip-512-512-323: 2500/2500 tasks started.azure-germanywestcentral-azure-gzip-512-512-671: 2500/2500 tasks started.gcp-us-east1-gcp-gzip-512-512-842: 2500/2500 tasks started.
[2025-12-06T17:05:12Z] [[36minfo[0m] [progress_update] aws-us-east-1-aws-gzip-512-512-556: 2500/2500 tasks started.alibaba-us-east-1-alibaba-gzip-512-512-323: 2500/2500 tasks started.azure-germanywestcentral-azure-gzip-512-512-671: 2500/2500 tasks started.gcp-us-east1-gcp-gzip-512-512-842: 2500/2500 tasks started.
[2025-12-06T17:05:13Z] [[31merror[0m] [task_execution] Error executing task azure-gzip-512: task azure-gzip-512 failed after 7 retries: <nil>
[2025-12-06T17:05:18Z] [[36minfo[0m] [function_finished] Finished benchmarking function azure-gzip-512 and closed archiver
[2025-12-06T17:05:20Z] [[36minfo[0m] [finish_timeline] Benchmark Timeline
[Sat Dec  6 17:05:20 UTC 2025] Finished benchmark 'gzip' successfully
[Sat Dec  6 17:05:20 UTC 2025] Sleeping 600 seconds before next workload...
