[Sun Nov 30 05:00:02 UTC 2025] Starting benchmark 'gzip' with config './configs/gzip.yaml'
Validating functions...
[2025-11-30T05:00:02Z] [[36minfo[0m] [executor_setup] Setting up executor for aws-us-east-1-aws-gzip-512-512-308
[2025-11-30T05:00:02Z] [[36minfo[0m] [executor_setup] Setting up executor for alibaba-us-east-1-alibaba-gzip-512-512-835
[2025-11-30T05:00:02Z] [[36minfo[0m] [executor_setup] Setting up executor for azure-germanywestcentral-azure-gzip-512-512-620
[2025-11-30T05:00:02Z] [[0mwarning[0m] [[32mazure_limitations[0m] Azure can´t handle more than 300 parallel requests. Limiting to 300.
[2025-11-30T05:00:02Z] [[36minfo[0m] [executor_setup] Setting up executor for gcp-us-east1-gcp-gzip-512-512-403
[2025-11-30T05:00:02Z] [[36minfo[0m] [start_timeline] Benchmark Timeline
[2025-11-30T05:00:02Z] [[36minfo[0m] [load_generator_start] (gcp: us-east1) Starting load generator with 300 workers
[2025-11-30T05:00:02Z] [[36minfo[0m] [load_generator_start] (aws: us-east-1) Starting load generator with 500 workers
[2025-11-30T05:00:02Z] [[36minfo[0m] [load_generator_start] (alibaba: us-east-1) Starting load generator with 500 workers
[2025-11-30T05:00:02Z] [[36minfo[0m] [load_generator_start] (azure: germanywestcentral) Starting load generator with 300 workers
[2025-11-30T05:00:12Z] [[36minfo[0m] [progress_update] azure-germanywestcentral-azure-gzip-512-512-620: 585/2500 tasks started.gcp-us-east1-gcp-gzip-512-512-403: 1216/2500 tasks started.aws-us-east-1-aws-gzip-512-512-308: 1895/2500 tasks started.alibaba-us-east-1-alibaba-gzip-512-512-835: 1755/2500 tasks started.
[2025-11-30T05:00:22Z] [[36minfo[0m] [progress_update] aws-us-east-1-aws-gzip-512-512-308: 2500/2500 tasks started.alibaba-us-east-1-alibaba-gzip-512-512-835: 2500/2500 tasks started.azure-germanywestcentral-azure-gzip-512-512-620: 590/2500 tasks started.gcp-us-east1-gcp-gzip-512-512-403: 2317/2500 tasks started.
[2025-11-30T05:00:28Z] [[36minfo[0m] [function_finished] Finished benchmarking function aws-gzip-512 and closed archiver
[2025-11-30T05:00:32Z] [[36minfo[0m] [progress_update] aws-us-east-1-aws-gzip-512-512-308: 2500/2500 tasks started.alibaba-us-east-1-alibaba-gzip-512-512-835: 2500/2500 tasks started.azure-germanywestcentral-azure-gzip-512-512-620: 1151/2500 tasks started.gcp-us-east1-gcp-gzip-512-512-403: 2500/2500 tasks started.
[2025-11-30T05:00:42Z] [[36minfo[0m] [progress_update] aws-us-east-1-aws-gzip-512-512-308: 2500/2500 tasks started.alibaba-us-east-1-alibaba-gzip-512-512-835: 2500/2500 tasks started.azure-germanywestcentral-azure-gzip-512-512-620: 1554/2500 tasks started.gcp-us-east1-gcp-gzip-512-512-403: 2500/2500 tasks started.
[2025-11-30T05:00:46Z] [[36minfo[0m] [function_finished] Finished benchmarking function gcp-gzip-512 and closed archiver
[2025-11-30T05:00:52Z] [[36minfo[0m] [progress_update] aws-us-east-1-aws-gzip-512-512-308: 2500/2500 tasks started.alibaba-us-east-1-alibaba-gzip-512-512-835: 2500/2500 tasks started.azure-germanywestcentral-azure-gzip-512-512-620: 2363/2500 tasks started.gcp-us-east1-gcp-gzip-512-512-403: 2500/2500 tasks started.
[2025-11-30T05:01:02Z] [[36minfo[0m] [progress_update] azure-germanywestcentral-azure-gzip-512-512-620: 2408/2500 tasks started.gcp-us-east1-gcp-gzip-512-512-403: 2500/2500 tasks started.aws-us-east-1-aws-gzip-512-512-308: 2500/2500 tasks started.alibaba-us-east-1-alibaba-gzip-512-512-835: 2500/2500 tasks started.
[2025-11-30T05:01:12Z] [[36minfo[0m] [progress_update] azure-germanywestcentral-azure-gzip-512-512-620: 2445/2500 tasks started.gcp-us-east1-gcp-gzip-512-512-403: 2500/2500 tasks started.aws-us-east-1-aws-gzip-512-512-308: 2500/2500 tasks started.alibaba-us-east-1-alibaba-gzip-512-512-835: 2500/2500 tasks started.
[2025-11-30T05:01:22Z] [[36minfo[0m] [progress_update] aws-us-east-1-aws-gzip-512-512-308: 2500/2500 tasks started.alibaba-us-east-1-alibaba-gzip-512-512-835: 2500/2500 tasks started.azure-germanywestcentral-azure-gzip-512-512-620: 2500/2500 tasks started.gcp-us-east1-gcp-gzip-512-512-403: 2500/2500 tasks started.
[2025-11-30T05:01:32Z] [[36minfo[0m] [progress_update] aws-us-east-1-aws-gzip-512-512-308: 2500/2500 tasks started.alibaba-us-east-1-alibaba-gzip-512-512-835: 2500/2500 tasks started.azure-germanywestcentral-azure-gzip-512-512-620: 2500/2500 tasks started.gcp-us-east1-gcp-gzip-512-512-403: 2500/2500 tasks started.
[2025-11-30T05:01:42Z] [[36minfo[0m] [progress_update] aws-us-east-1-aws-gzip-512-512-308: 2500/2500 tasks started.alibaba-us-east-1-alibaba-gzip-512-512-835: 2500/2500 tasks started.azure-germanywestcentral-azure-gzip-512-512-620: 2500/2500 tasks started.gcp-us-east1-gcp-gzip-512-512-403: 2500/2500 tasks started.
[2025-11-30T05:01:52Z] [[36minfo[0m] [progress_update] gcp-us-east1-gcp-gzip-512-512-403: 2500/2500 tasks started.aws-us-east-1-aws-gzip-512-512-308: 2500/2500 tasks started.alibaba-us-east-1-alibaba-gzip-512-512-835: 2500/2500 tasks started.azure-germanywestcentral-azure-gzip-512-512-620: 2500/2500 tasks started.
[2025-11-30T05:02:02Z] [[36minfo[0m] [progress_update] aws-us-east-1-aws-gzip-512-512-308: 2500/2500 tasks started.alibaba-us-east-1-alibaba-gzip-512-512-835: 2500/2500 tasks started.azure-germanywestcentral-azure-gzip-512-512-620: 2500/2500 tasks started.gcp-us-east1-gcp-gzip-512-512-403: 2500/2500 tasks started.
[2025-11-30T05:02:12Z] [[36minfo[0m] [progress_update] gcp-us-east1-gcp-gzip-512-512-403: 2500/2500 tasks started.aws-us-east-1-aws-gzip-512-512-308: 2500/2500 tasks started.alibaba-us-east-1-alibaba-gzip-512-512-835: 2500/2500 tasks started.azure-germanywestcentral-azure-gzip-512-512-620: 2500/2500 tasks started.
[2025-11-30T05:02:22Z] [[36minfo[0m] [progress_update] aws-us-east-1-aws-gzip-512-512-308: 2500/2500 tasks started.alibaba-us-east-1-alibaba-gzip-512-512-835: 2500/2500 tasks started.azure-germanywestcentral-azure-gzip-512-512-620: 2500/2500 tasks started.gcp-us-east1-gcp-gzip-512-512-403: 2500/2500 tasks started.
[2025-11-30T05:02:22Z] [[36minfo[0m] [function_finished] Finished benchmarking function alibaba-gzip-512 and closed archiver
[2025-11-30T05:02:32Z] [[36minfo[0m] [progress_update] azure-germanywestcentral-azure-gzip-512-512-620: 2500/2500 tasks started.gcp-us-east1-gcp-gzip-512-512-403: 2500/2500 tasks started.aws-us-east-1-aws-gzip-512-512-308: 2500/2500 tasks started.alibaba-us-east-1-alibaba-gzip-512-512-835: 2500/2500 tasks started.
[2025-11-30T05:02:42Z] [[36minfo[0m] [progress_update] aws-us-east-1-aws-gzip-512-512-308: 2500/2500 tasks started.alibaba-us-east-1-alibaba-gzip-512-512-835: 2500/2500 tasks started.azure-germanywestcentral-azure-gzip-512-512-620: 2500/2500 tasks started.gcp-us-east1-gcp-gzip-512-512-403: 2500/2500 tasks started.
[2025-11-30T05:02:52Z] [[36minfo[0m] [progress_update] aws-us-east-1-aws-gzip-512-512-308: 2500/2500 tasks started.alibaba-us-east-1-alibaba-gzip-512-512-835: 2500/2500 tasks started.azure-germanywestcentral-azure-gzip-512-512-620: 2500/2500 tasks started.gcp-us-east1-gcp-gzip-512-512-403: 2500/2500 tasks started.
[2025-11-30T05:03:02Z] [[36minfo[0m] [progress_update] aws-us-east-1-aws-gzip-512-512-308: 2500/2500 tasks started.alibaba-us-east-1-alibaba-gzip-512-512-835: 2500/2500 tasks started.azure-germanywestcentral-azure-gzip-512-512-620: 2500/2500 tasks started.gcp-us-east1-gcp-gzip-512-512-403: 2500/2500 tasks started.
[2025-11-30T05:03:12Z] [[36minfo[0m] [progress_update] aws-us-east-1-aws-gzip-512-512-308: 2500/2500 tasks started.alibaba-us-east-1-alibaba-gzip-512-512-835: 2500/2500 tasks started.azure-germanywestcentral-azure-gzip-512-512-620: 2500/2500 tasks started.gcp-us-east1-gcp-gzip-512-512-403: 2500/2500 tasks started.
[2025-11-30T05:03:22Z] [[36minfo[0m] [progress_update] alibaba-us-east-1-alibaba-gzip-512-512-835: 2500/2500 tasks started.azure-germanywestcentral-azure-gzip-512-512-620: 2500/2500 tasks started.gcp-us-east1-gcp-gzip-512-512-403: 2500/2500 tasks started.aws-us-east-1-aws-gzip-512-512-308: 2500/2500 tasks started.
[2025-11-30T05:03:32Z] [[36minfo[0m] [progress_update] aws-us-east-1-aws-gzip-512-512-308: 2500/2500 tasks started.alibaba-us-east-1-alibaba-gzip-512-512-835: 2500/2500 tasks started.azure-germanywestcentral-azure-gzip-512-512-620: 2500/2500 tasks started.gcp-us-east1-gcp-gzip-512-512-403: 2500/2500 tasks started.
[2025-11-30T05:03:33Z] [[36minfo[0m] [function_finished] Finished benchmarking function azure-gzip-512 and closed archiver
[2025-11-30T05:03:35Z] [[36minfo[0m] [finish_timeline] Benchmark Timeline
[Sun Nov 30 05:03:35 UTC 2025] Finished benchmark 'gzip' successfully
[Sun Nov 30 05:03:35 UTC 2025] Sleeping 600 seconds before next workload...
