[Wed Dec  3 23:15:44 UTC 2025] Starting benchmark 'json' with config './configs/json.yaml'
Validating functions...
[2025-12-03T23:15:44Z] [[36minfo[0m] [executor_setup] Setting up executor for aws-us-east-1-aws-json-512-512-44
[2025-12-03T23:15:44Z] [[36minfo[0m] [executor_setup] Setting up executor for alibaba-us-east-1-alibaba-json-512-512-534
[2025-12-03T23:15:44Z] [[36minfo[0m] [executor_setup] Setting up executor for azure-germanywestcentral-azure-json-512-512-602
[2025-12-03T23:15:44Z] [[0mwarning[0m] [[32mazure_limitations[0m] Azure can´t handle more than 300 parallel requests. Limiting to 300.
[2025-12-03T23:15:44Z] [[36minfo[0m] [executor_setup] Setting up executor for gcp-us-east1-gcp-json-512-512-260
[2025-12-03T23:15:44Z] [[36minfo[0m] [start_timeline] Benchmark Timeline
[2025-12-03T23:15:44Z] [[36minfo[0m] [load_generator_start] (aws: us-east-1) Starting load generator with 500 workers
[2025-12-03T23:15:44Z] [[36minfo[0m] [load_generator_start] (gcp: us-east1) Starting load generator with 300 workers
[2025-12-03T23:15:44Z] [[36minfo[0m] [load_generator_start] (alibaba: us-east-1) Starting load generator with 500 workers
[2025-12-03T23:15:44Z] [[36minfo[0m] [load_generator_start] (azure: germanywestcentral) Starting load generator with 300 workers
[2025-12-03T23:15:54Z] [[36minfo[0m] [progress_update] gcp-us-east1-gcp-json-512-512-260: 999/2500 tasks started.aws-us-east-1-aws-json-512-512-44: 1689/2500 tasks started.alibaba-us-east-1-alibaba-json-512-512-534: 1632/2500 tasks started.azure-germanywestcentral-azure-json-512-512-602: 641/2500 tasks started.
[2025-12-03T23:16:04Z] [[36minfo[0m] [progress_update] alibaba-us-east-1-alibaba-json-512-512-534: 2500/2500 tasks started.azure-germanywestcentral-azure-json-512-512-602: 641/2500 tasks started.gcp-us-east1-gcp-json-512-512-260: 1984/2500 tasks started.aws-us-east-1-aws-json-512-512-44: 2500/2500 tasks started.
[2025-12-03T23:16:14Z] [[36minfo[0m] [function_finished] Finished benchmarking function aws-json-512 and closed archiver
[2025-12-03T23:16:14Z] [[36minfo[0m] [progress_update] aws-us-east-1-aws-json-512-512-44: 2500/2500 tasks started.alibaba-us-east-1-alibaba-json-512-512-534: 2500/2500 tasks started.azure-germanywestcentral-azure-json-512-512-602: 1322/2500 tasks started.gcp-us-east1-gcp-json-512-512-260: 2500/2500 tasks started.
[2025-12-03T23:16:24Z] [[36minfo[0m] [progress_update] aws-us-east-1-aws-json-512-512-44: 2500/2500 tasks started.alibaba-us-east-1-alibaba-json-512-512-534: 2500/2500 tasks started.azure-germanywestcentral-azure-json-512-512-602: 1739/2500 tasks started.gcp-us-east1-gcp-json-512-512-260: 2500/2500 tasks started.
[2025-12-03T23:16:26Z] [[36minfo[0m] [function_finished] Finished benchmarking function gcp-json-512 and closed archiver
[2025-12-03T23:16:34Z] [[36minfo[0m] [progress_update] alibaba-us-east-1-alibaba-json-512-512-534: 2500/2500 tasks started.azure-germanywestcentral-azure-json-512-512-602: 2161/2500 tasks started.gcp-us-east1-gcp-json-512-512-260: 2500/2500 tasks started.aws-us-east-1-aws-json-512-512-44: 2500/2500 tasks started.
[2025-12-03T23:16:44Z] [[36minfo[0m] [progress_update] alibaba-us-east-1-alibaba-json-512-512-534: 2500/2500 tasks started.azure-germanywestcentral-azure-json-512-512-602: 2181/2500 tasks started.gcp-us-east1-gcp-json-512-512-260: 2500/2500 tasks started.aws-us-east-1-aws-json-512-512-44: 2500/2500 tasks started.
[2025-12-03T23:16:54Z] [[36minfo[0m] [progress_update] aws-us-east-1-aws-json-512-512-44: 2500/2500 tasks started.alibaba-us-east-1-alibaba-json-512-512-534: 2500/2500 tasks started.azure-germanywestcentral-azure-json-512-512-602: 2204/2500 tasks started.gcp-us-east1-gcp-json-512-512-260: 2500/2500 tasks started.
[2025-12-03T23:17:03Z] [[36minfo[0m] [function_finished] Finished benchmarking function alibaba-json-512 and closed archiver
[2025-12-03T23:17:04Z] [[36minfo[0m] [progress_update] aws-us-east-1-aws-json-512-512-44: 2500/2500 tasks started.alibaba-us-east-1-alibaba-json-512-512-534: 2500/2500 tasks started.azure-germanywestcentral-azure-json-512-512-602: 2216/2500 tasks started.gcp-us-east1-gcp-json-512-512-260: 2500/2500 tasks started.
[2025-12-03T23:17:14Z] [[36minfo[0m] [progress_update] aws-us-east-1-aws-json-512-512-44: 2500/2500 tasks started.alibaba-us-east-1-alibaba-json-512-512-534: 2500/2500 tasks started.azure-germanywestcentral-azure-json-512-512-602: 2223/2500 tasks started.gcp-us-east1-gcp-json-512-512-260: 2500/2500 tasks started.
[2025-12-03T23:17:24Z] [[36minfo[0m] [progress_update] aws-us-east-1-aws-json-512-512-44: 2500/2500 tasks started.alibaba-us-east-1-alibaba-json-512-512-534: 2500/2500 tasks started.azure-germanywestcentral-azure-json-512-512-602: 2286/2500 tasks started.gcp-us-east1-gcp-json-512-512-260: 2500/2500 tasks started.
[2025-12-03T23:17:34Z] [[36minfo[0m] [progress_update] gcp-us-east1-gcp-json-512-512-260: 2500/2500 tasks started.aws-us-east-1-aws-json-512-512-44: 2500/2500 tasks started.alibaba-us-east-1-alibaba-json-512-512-534: 2500/2500 tasks started.azure-germanywestcentral-azure-json-512-512-602: 2431/2500 tasks started.
[2025-12-03T23:17:44Z] [[36minfo[0m] [progress_update] gcp-us-east1-gcp-json-512-512-260: 2500/2500 tasks started.aws-us-east-1-aws-json-512-512-44: 2500/2500 tasks started.alibaba-us-east-1-alibaba-json-512-512-534: 2500/2500 tasks started.azure-germanywestcentral-azure-json-512-512-602: 2500/2500 tasks started.
[2025-12-03T23:17:54Z] [[36minfo[0m] [progress_update] aws-us-east-1-aws-json-512-512-44: 2500/2500 tasks started.alibaba-us-east-1-alibaba-json-512-512-534: 2500/2500 tasks started.azure-germanywestcentral-azure-json-512-512-602: 2500/2500 tasks started.gcp-us-east1-gcp-json-512-512-260: 2500/2500 tasks started.
[2025-12-03T23:18:04Z] [[36minfo[0m] [progress_update] aws-us-east-1-aws-json-512-512-44: 2500/2500 tasks started.alibaba-us-east-1-alibaba-json-512-512-534: 2500/2500 tasks started.azure-germanywestcentral-azure-json-512-512-602: 2500/2500 tasks started.gcp-us-east1-gcp-json-512-512-260: 2500/2500 tasks started.
[2025-12-03T23:18:14Z] [[36minfo[0m] [progress_update] azure-germanywestcentral-azure-json-512-512-602: 2500/2500 tasks started.gcp-us-east1-gcp-json-512-512-260: 2500/2500 tasks started.aws-us-east-1-aws-json-512-512-44: 2500/2500 tasks started.alibaba-us-east-1-alibaba-json-512-512-534: 2500/2500 tasks started.
[2025-12-03T23:18:24Z] [[36minfo[0m] [progress_update] aws-us-east-1-aws-json-512-512-44: 2500/2500 tasks started.alibaba-us-east-1-alibaba-json-512-512-534: 2500/2500 tasks started.azure-germanywestcentral-azure-json-512-512-602: 2500/2500 tasks started.gcp-us-east1-gcp-json-512-512-260: 2500/2500 tasks started.
[2025-12-03T23:18:34Z] [[36minfo[0m] [progress_update] azure-germanywestcentral-azure-json-512-512-602: 2500/2500 tasks started.gcp-us-east1-gcp-json-512-512-260: 2500/2500 tasks started.aws-us-east-1-aws-json-512-512-44: 2500/2500 tasks started.alibaba-us-east-1-alibaba-json-512-512-534: 2500/2500 tasks started.
[2025-12-03T23:18:44Z] [[36minfo[0m] [progress_update] gcp-us-east1-gcp-json-512-512-260: 2500/2500 tasks started.aws-us-east-1-aws-json-512-512-44: 2500/2500 tasks started.alibaba-us-east-1-alibaba-json-512-512-534: 2500/2500 tasks started.azure-germanywestcentral-azure-json-512-512-602: 2500/2500 tasks started.
[2025-12-03T23:18:54Z] [[36minfo[0m] [progress_update] aws-us-east-1-aws-json-512-512-44: 2500/2500 tasks started.alibaba-us-east-1-alibaba-json-512-512-534: 2500/2500 tasks started.azure-germanywestcentral-azure-json-512-512-602: 2500/2500 tasks started.gcp-us-east1-gcp-json-512-512-260: 2500/2500 tasks started.
[2025-12-03T23:19:04Z] [[36minfo[0m] [progress_update] alibaba-us-east-1-alibaba-json-512-512-534: 2500/2500 tasks started.azure-germanywestcentral-azure-json-512-512-602: 2500/2500 tasks started.gcp-us-east1-gcp-json-512-512-260: 2500/2500 tasks started.aws-us-east-1-aws-json-512-512-44: 2500/2500 tasks started.
[2025-12-03T23:19:14Z] [[36minfo[0m] [progress_update] gcp-us-east1-gcp-json-512-512-260: 2500/2500 tasks started.aws-us-east-1-aws-json-512-512-44: 2500/2500 tasks started.alibaba-us-east-1-alibaba-json-512-512-534: 2500/2500 tasks started.azure-germanywestcentral-azure-json-512-512-602: 2500/2500 tasks started.
[2025-12-03T23:19:24Z] [[36minfo[0m] [progress_update] alibaba-us-east-1-alibaba-json-512-512-534: 2500/2500 tasks started.azure-germanywestcentral-azure-json-512-512-602: 2500/2500 tasks started.gcp-us-east1-gcp-json-512-512-260: 2500/2500 tasks started.aws-us-east-1-aws-json-512-512-44: 2500/2500 tasks started.
[2025-12-03T23:19:34Z] [[36minfo[0m] [progress_update] azure-germanywestcentral-azure-json-512-512-602: 2500/2500 tasks started.gcp-us-east1-gcp-json-512-512-260: 2500/2500 tasks started.aws-us-east-1-aws-json-512-512-44: 2500/2500 tasks started.alibaba-us-east-1-alibaba-json-512-512-534: 2500/2500 tasks started.
[2025-12-03T23:19:44Z] [[36minfo[0m] [progress_update] aws-us-east-1-aws-json-512-512-44: 2500/2500 tasks started.alibaba-us-east-1-alibaba-json-512-512-534: 2500/2500 tasks started.azure-germanywestcentral-azure-json-512-512-602: 2500/2500 tasks started.gcp-us-east1-gcp-json-512-512-260: 2500/2500 tasks started.
[2025-12-03T23:19:54Z] [[36minfo[0m] [progress_update] aws-us-east-1-aws-json-512-512-44: 2500/2500 tasks started.alibaba-us-east-1-alibaba-json-512-512-534: 2500/2500 tasks started.azure-germanywestcentral-azure-json-512-512-602: 2500/2500 tasks started.gcp-us-east1-gcp-json-512-512-260: 2500/2500 tasks started.
[2025-12-03T23:20:04Z] [[36minfo[0m] [progress_update] aws-us-east-1-aws-json-512-512-44: 2500/2500 tasks started.alibaba-us-east-1-alibaba-json-512-512-534: 2500/2500 tasks started.azure-germanywestcentral-azure-json-512-512-602: 2500/2500 tasks started.gcp-us-east1-gcp-json-512-512-260: 2500/2500 tasks started.
[2025-12-03T23:20:05Z] [[31merror[0m] [task_execution] Error executing task azure-json-512: task azure-json-512 failed after 7 retries: <nil>
[2025-12-03T23:20:05Z] [[31merror[0m] [task_execution] Error executing task azure-json-512: task azure-json-512 failed after 7 retries: <nil>
[2025-12-03T23:20:14Z] [[36minfo[0m] [progress_update] aws-us-east-1-aws-json-512-512-44: 2500/2500 tasks started.alibaba-us-east-1-alibaba-json-512-512-534: 2500/2500 tasks started.azure-germanywestcentral-azure-json-512-512-602: 2500/2500 tasks started.gcp-us-east1-gcp-json-512-512-260: 2500/2500 tasks started.
[2025-12-03T23:20:21Z] [[31merror[0m] [task_execution] Error executing task azure-json-512: task azure-json-512 failed after 7 retries: <nil>
[2025-12-03T23:20:21Z] [[31merror[0m] [task_execution] Error executing task azure-json-512: task azure-json-512 failed after 7 retries: <nil>
[2025-12-03T23:20:21Z] [[31merror[0m] [task_execution] Error executing task azure-json-512: task azure-json-512 failed after 7 retries: <nil>
[2025-12-03T23:20:21Z] [[31merror[0m] [task_execution] Error executing task azure-json-512: task azure-json-512 failed after 7 retries: <nil>
[2025-12-03T23:20:21Z] [[31merror[0m] [task_execution] Error executing task azure-json-512: task azure-json-512 failed after 7 retries: <nil>
[2025-12-03T23:20:21Z] [[31merror[0m] [task_execution] Error executing task azure-json-512: task azure-json-512 failed after 7 retries: <nil>
[2025-12-03T23:20:21Z] [[31merror[0m] [task_execution] Error executing task azure-json-512: task azure-json-512 failed after 7 retries: <nil>
[2025-12-03T23:20:24Z] [[36minfo[0m] [progress_update] aws-us-east-1-aws-json-512-512-44: 2500/2500 tasks started.alibaba-us-east-1-alibaba-json-512-512-534: 2500/2500 tasks started.azure-germanywestcentral-azure-json-512-512-602: 2500/2500 tasks started.gcp-us-east1-gcp-json-512-512-260: 2500/2500 tasks started.
[2025-12-03T23:20:34Z] [[36minfo[0m] [progress_update] aws-us-east-1-aws-json-512-512-44: 2500/2500 tasks started.alibaba-us-east-1-alibaba-json-512-512-534: 2500/2500 tasks started.azure-germanywestcentral-azure-json-512-512-602: 2500/2500 tasks started.gcp-us-east1-gcp-json-512-512-260: 2500/2500 tasks started.
[2025-12-03T23:20:40Z] [[31merror[0m] [task_execution] Error executing task azure-json-512: task azure-json-512 failed after 7 retries: <nil>
[2025-12-03T23:20:41Z] [[31merror[0m] [task_execution] Error executing task azure-json-512: task azure-json-512 failed after 7 retries: <nil>
[2025-12-03T23:20:41Z] [[31merror[0m] [task_execution] Error executing task azure-json-512: task azure-json-512 failed after 7 retries: <nil>
[2025-12-03T23:20:41Z] [[31merror[0m] [task_execution] Error executing task azure-json-512: task azure-json-512 failed after 7 retries: <nil>
[2025-12-03T23:20:41Z] [[31merror[0m] [task_execution] Error executing task azure-json-512: task azure-json-512 failed after 7 retries: <nil>
[2025-12-03T23:20:42Z] [[31merror[0m] [task_execution] Error executing task azure-json-512: task azure-json-512 failed after 7 retries: <nil>
[2025-12-03T23:20:42Z] [[31merror[0m] [task_execution] Error executing task azure-json-512: task azure-json-512 failed after 7 retries: <nil>
[2025-12-03T23:20:42Z] [[31merror[0m] [task_execution] Error executing task azure-json-512: task azure-json-512 failed after 7 retries: <nil>
[2025-12-03T23:20:42Z] [[31merror[0m] [task_execution] Error executing task azure-json-512: task azure-json-512 failed after 7 retries: <nil>
[2025-12-03T23:20:42Z] [[31merror[0m] [task_execution] Error executing task azure-json-512: task azure-json-512 failed after 7 retries: <nil>
[2025-12-03T23:20:42Z] [[31merror[0m] [task_execution] Error executing task azure-json-512: task azure-json-512 failed after 7 retries: <nil>
[2025-12-03T23:20:42Z] [[31merror[0m] [task_execution] Error executing task azure-json-512: task azure-json-512 failed after 7 retries: <nil>
[2025-12-03T23:20:44Z] [[36minfo[0m] [progress_update] gcp-us-east1-gcp-json-512-512-260: 2500/2500 tasks started.aws-us-east-1-aws-json-512-512-44: 2500/2500 tasks started.alibaba-us-east-1-alibaba-json-512-512-534: 2500/2500 tasks started.azure-germanywestcentral-azure-json-512-512-602: 2500/2500 tasks started.
[2025-12-03T23:20:44Z] [[31merror[0m] [task_execution] Error executing task azure-json-512: task azure-json-512 failed after 7 retries: <nil>
[2025-12-03T23:20:44Z] [[31merror[0m] [task_execution] Error executing task azure-json-512: task azure-json-512 failed after 7 retries: <nil>
[2025-12-03T23:20:45Z] [[31merror[0m] [task_execution] Error executing task azure-json-512: task azure-json-512 failed after 7 retries: <nil>
[2025-12-03T23:20:45Z] [[31merror[0m] [task_execution] Error executing task azure-json-512: task azure-json-512 failed after 7 retries: <nil>
[2025-12-03T23:20:45Z] [[31merror[0m] [task_execution] Error executing task azure-json-512: task azure-json-512 failed after 7 retries: <nil>
[2025-12-03T23:20:45Z] [[31merror[0m] [task_execution] Error executing task azure-json-512: task azure-json-512 failed after 7 retries: <nil>
[2025-12-03T23:20:45Z] [[31merror[0m] [task_execution] Error executing task azure-json-512: task azure-json-512 failed after 7 retries: <nil>
[2025-12-03T23:20:45Z] [[31merror[0m] [task_execution] Error executing task azure-json-512: task azure-json-512 failed after 7 retries: <nil>
[2025-12-03T23:20:45Z] [[31merror[0m] [task_execution] Error executing task azure-json-512: task azure-json-512 failed after 7 retries: <nil>
[2025-12-03T23:20:46Z] [[31merror[0m] [task_execution] Error executing task azure-json-512: task azure-json-512 failed after 7 retries: <nil>
[2025-12-03T23:20:46Z] [[31merror[0m] [task_execution] Error executing task azure-json-512: task azure-json-512 failed after 7 retries: <nil>
[2025-12-03T23:20:46Z] [[31merror[0m] [task_execution] Error executing task azure-json-512: task azure-json-512 failed after 7 retries: <nil>
[2025-12-03T23:20:48Z] [[31merror[0m] [task_execution] Error executing task azure-json-512: task azure-json-512 failed after 7 retries: <nil>
[2025-12-03T23:20:53Z] [[36minfo[0m] [function_finished] Finished benchmarking function azure-json-512 and closed archiver
[2025-12-03T23:20:54Z] [[36minfo[0m] [progress_update] alibaba-us-east-1-alibaba-json-512-512-534: 2500/2500 tasks started.azure-germanywestcentral-azure-json-512-512-602: 2500/2500 tasks started.gcp-us-east1-gcp-json-512-512-260: 2500/2500 tasks started.aws-us-east-1-aws-json-512-512-44: 2500/2500 tasks started.
[2025-12-03T23:20:55Z] [[36minfo[0m] [finish_timeline] Benchmark Timeline
[Wed Dec  3 23:20:55 UTC 2025] Finished benchmark 'json' successfully
[Wed Dec  3 23:20:55 UTC 2025] Sleeping 600 seconds before next workload...
