[Sat Dec  6 05:30:22 UTC 2025] Starting benchmark 'aesctr' with config './configs/aesCtr.yaml'
Validating functions...
[2025-12-06T05:30:22Z] [[36minfo[0m] [executor_setup] Setting up executor for aws-us-east-1-aws-aesCtr-512-512-838
[2025-12-06T05:30:22Z] [[36minfo[0m] [executor_setup] Setting up executor for alibaba-us-east-1-alibaba-aesCtr-512-512-578
[2025-12-06T05:30:22Z] [[36minfo[0m] [executor_setup] Setting up executor for azure-germanywestcentral-azure-aesCtr-512-512-557
[2025-12-06T05:30:22Z] [[0mwarning[0m] [[32mazure_limitations[0m] Azure can´t handle more than 300 parallel requests. Limiting to 300.
[2025-12-06T05:30:22Z] [[36minfo[0m] [executor_setup] Setting up executor for gcp-us-east1-gcp-aesCtr-512-512-532
[2025-12-06T05:30:22Z] [[36minfo[0m] [start_timeline] Benchmark Timeline
[2025-12-06T05:30:22Z] [[36minfo[0m] [load_generator_start] (gcp: us-east1) Starting load generator with 300 workers
[2025-12-06T05:30:22Z] [[36minfo[0m] [load_generator_start] (aws: us-east-1) Starting load generator with 500 workers
[2025-12-06T05:30:22Z] [[36minfo[0m] [load_generator_start] (alibaba: us-east-1) Starting load generator with 500 workers
[2025-12-06T05:30:22Z] [[36minfo[0m] [load_generator_start] (azure: germanywestcentral) Starting load generator with 300 workers
[2025-12-06T05:30:32Z] [[36minfo[0m] [progress_update] azure-germanywestcentral-azure-aesCtr-512-512-557: 635/2500 tasks started.gcp-us-east1-gcp-aesCtr-512-512-532: 611/2500 tasks started.aws-us-east-1-aws-aesCtr-512-512-838: 2118/2500 tasks started.alibaba-us-east-1-alibaba-aesCtr-512-512-578: 2500/2500 tasks started.
[2025-12-06T05:30:42Z] [[36minfo[0m] [progress_update] alibaba-us-east-1-alibaba-aesCtr-512-512-578: 2500/2500 tasks started.azure-germanywestcentral-azure-aesCtr-512-512-557: 654/2500 tasks started.gcp-us-east1-gcp-aesCtr-512-512-532: 1140/2500 tasks started.aws-us-east-1-aws-aesCtr-512-512-838: 2500/2500 tasks started.
[2025-12-06T05:30:48Z] [[36minfo[0m] [function_finished] Finished benchmarking function aws-aesCtr-512 and closed archiver
[2025-12-06T05:30:52Z] [[36minfo[0m] [progress_update] aws-us-east-1-aws-aesCtr-512-512-838: 2500/2500 tasks started.alibaba-us-east-1-alibaba-aesCtr-512-512-578: 2500/2500 tasks started.azure-germanywestcentral-azure-aesCtr-512-512-557: 1457/2500 tasks started.gcp-us-east1-gcp-aesCtr-512-512-532: 1709/2500 tasks started.
[2025-12-06T05:31:02Z] [[36minfo[0m] [progress_update] aws-us-east-1-aws-aesCtr-512-512-838: 2500/2500 tasks started.alibaba-us-east-1-alibaba-aesCtr-512-512-578: 2500/2500 tasks started.azure-germanywestcentral-azure-aesCtr-512-512-557: 2038/2500 tasks started.gcp-us-east1-gcp-aesCtr-512-512-532: 2250/2500 tasks started.
[2025-12-06T05:31:12Z] [[36minfo[0m] [progress_update] aws-us-east-1-aws-aesCtr-512-512-838: 2500/2500 tasks started.alibaba-us-east-1-alibaba-aesCtr-512-512-578: 2500/2500 tasks started.azure-germanywestcentral-azure-aesCtr-512-512-557: 2208/2500 tasks started.gcp-us-east1-gcp-aesCtr-512-512-532: 2500/2500 tasks started.
[2025-12-06T05:31:19Z] [[36minfo[0m] [function_finished] Finished benchmarking function gcp-aesCtr-512 and closed archiver
[2025-12-06T05:31:22Z] [[36minfo[0m] [progress_update] alibaba-us-east-1-alibaba-aesCtr-512-512-578: 2500/2500 tasks started.azure-germanywestcentral-azure-aesCtr-512-512-557: 2231/2500 tasks started.gcp-us-east1-gcp-aesCtr-512-512-532: 2500/2500 tasks started.aws-us-east-1-aws-aesCtr-512-512-838: 2500/2500 tasks started.
[2025-12-06T05:31:32Z] [[36minfo[0m] [progress_update] aws-us-east-1-aws-aesCtr-512-512-838: 2500/2500 tasks started.alibaba-us-east-1-alibaba-aesCtr-512-512-578: 2500/2500 tasks started.azure-germanywestcentral-azure-aesCtr-512-512-557: 2367/2500 tasks started.gcp-us-east1-gcp-aesCtr-512-512-532: 2500/2500 tasks started.
[2025-12-06T05:31:40Z] [[36minfo[0m] [function_finished] Finished benchmarking function alibaba-aesCtr-512 and closed archiver
[2025-12-06T05:31:42Z] [[36minfo[0m] [progress_update] aws-us-east-1-aws-aesCtr-512-512-838: 2500/2500 tasks started.alibaba-us-east-1-alibaba-aesCtr-512-512-578: 2500/2500 tasks started.azure-germanywestcentral-azure-aesCtr-512-512-557: 2460/2500 tasks started.gcp-us-east1-gcp-aesCtr-512-512-532: 2500/2500 tasks started.
[2025-12-06T05:31:52Z] [[36minfo[0m] [progress_update] gcp-us-east1-gcp-aesCtr-512-512-532: 2500/2500 tasks started.aws-us-east-1-aws-aesCtr-512-512-838: 2500/2500 tasks started.alibaba-us-east-1-alibaba-aesCtr-512-512-578: 2500/2500 tasks started.azure-germanywestcentral-azure-aesCtr-512-512-557: 2498/2500 tasks started.
[2025-12-06T05:32:02Z] [[36minfo[0m] [progress_update] aws-us-east-1-aws-aesCtr-512-512-838: 2500/2500 tasks started.alibaba-us-east-1-alibaba-aesCtr-512-512-578: 2500/2500 tasks started.azure-germanywestcentral-azure-aesCtr-512-512-557: 2500/2500 tasks started.gcp-us-east1-gcp-aesCtr-512-512-532: 2500/2500 tasks started.
[2025-12-06T05:32:12Z] [[36minfo[0m] [progress_update] aws-us-east-1-aws-aesCtr-512-512-838: 2500/2500 tasks started.alibaba-us-east-1-alibaba-aesCtr-512-512-578: 2500/2500 tasks started.azure-germanywestcentral-azure-aesCtr-512-512-557: 2500/2500 tasks started.gcp-us-east1-gcp-aesCtr-512-512-532: 2500/2500 tasks started.
[2025-12-06T05:32:22Z] [[36minfo[0m] [progress_update] aws-us-east-1-aws-aesCtr-512-512-838: 2500/2500 tasks started.alibaba-us-east-1-alibaba-aesCtr-512-512-578: 2500/2500 tasks started.azure-germanywestcentral-azure-aesCtr-512-512-557: 2500/2500 tasks started.gcp-us-east1-gcp-aesCtr-512-512-532: 2500/2500 tasks started.
[2025-12-06T05:32:32Z] [[36minfo[0m] [progress_update] aws-us-east-1-aws-aesCtr-512-512-838: 2500/2500 tasks started.alibaba-us-east-1-alibaba-aesCtr-512-512-578: 2500/2500 tasks started.azure-germanywestcentral-azure-aesCtr-512-512-557: 2500/2500 tasks started.gcp-us-east1-gcp-aesCtr-512-512-532: 2500/2500 tasks started.
[2025-12-06T05:32:42Z] [[36minfo[0m] [progress_update] aws-us-east-1-aws-aesCtr-512-512-838: 2500/2500 tasks started.alibaba-us-east-1-alibaba-aesCtr-512-512-578: 2500/2500 tasks started.azure-germanywestcentral-azure-aesCtr-512-512-557: 2500/2500 tasks started.gcp-us-east1-gcp-aesCtr-512-512-532: 2500/2500 tasks started.
[2025-12-06T05:32:52Z] [[36minfo[0m] [progress_update] aws-us-east-1-aws-aesCtr-512-512-838: 2500/2500 tasks started.alibaba-us-east-1-alibaba-aesCtr-512-512-578: 2500/2500 tasks started.azure-germanywestcentral-azure-aesCtr-512-512-557: 2500/2500 tasks started.gcp-us-east1-gcp-aesCtr-512-512-532: 2500/2500 tasks started.
[2025-12-06T05:33:02Z] [[36minfo[0m] [progress_update] aws-us-east-1-aws-aesCtr-512-512-838: 2500/2500 tasks started.alibaba-us-east-1-alibaba-aesCtr-512-512-578: 2500/2500 tasks started.azure-germanywestcentral-azure-aesCtr-512-512-557: 2500/2500 tasks started.gcp-us-east1-gcp-aesCtr-512-512-532: 2500/2500 tasks started.
[2025-12-06T05:33:12Z] [[36minfo[0m] [progress_update] aws-us-east-1-aws-aesCtr-512-512-838: 2500/2500 tasks started.alibaba-us-east-1-alibaba-aesCtr-512-512-578: 2500/2500 tasks started.azure-germanywestcentral-azure-aesCtr-512-512-557: 2500/2500 tasks started.gcp-us-east1-gcp-aesCtr-512-512-532: 2500/2500 tasks started.
[2025-12-06T05:33:22Z] [[36minfo[0m] [progress_update] aws-us-east-1-aws-aesCtr-512-512-838: 2500/2500 tasks started.alibaba-us-east-1-alibaba-aesCtr-512-512-578: 2500/2500 tasks started.azure-germanywestcentral-azure-aesCtr-512-512-557: 2500/2500 tasks started.gcp-us-east1-gcp-aesCtr-512-512-532: 2500/2500 tasks started.
[2025-12-06T05:33:32Z] [[36minfo[0m] [progress_update] aws-us-east-1-aws-aesCtr-512-512-838: 2500/2500 tasks started.alibaba-us-east-1-alibaba-aesCtr-512-512-578: 2500/2500 tasks started.azure-germanywestcentral-azure-aesCtr-512-512-557: 2500/2500 tasks started.gcp-us-east1-gcp-aesCtr-512-512-532: 2500/2500 tasks started.
[2025-12-06T05:33:42Z] [[36minfo[0m] [progress_update] gcp-us-east1-gcp-aesCtr-512-512-532: 2500/2500 tasks started.aws-us-east-1-aws-aesCtr-512-512-838: 2500/2500 tasks started.alibaba-us-east-1-alibaba-aesCtr-512-512-578: 2500/2500 tasks started.azure-germanywestcentral-azure-aesCtr-512-512-557: 2500/2500 tasks started.
[2025-12-06T05:33:52Z] [[36minfo[0m] [progress_update] azure-germanywestcentral-azure-aesCtr-512-512-557: 2500/2500 tasks started.gcp-us-east1-gcp-aesCtr-512-512-532: 2500/2500 tasks started.aws-us-east-1-aws-aesCtr-512-512-838: 2500/2500 tasks started.alibaba-us-east-1-alibaba-aesCtr-512-512-578: 2500/2500 tasks started.
[2025-12-06T05:34:02Z] [[36minfo[0m] [progress_update] aws-us-east-1-aws-aesCtr-512-512-838: 2500/2500 tasks started.alibaba-us-east-1-alibaba-aesCtr-512-512-578: 2500/2500 tasks started.azure-germanywestcentral-azure-aesCtr-512-512-557: 2500/2500 tasks started.gcp-us-east1-gcp-aesCtr-512-512-532: 2500/2500 tasks started.
[2025-12-06T05:34:12Z] [[36minfo[0m] [progress_update] aws-us-east-1-aws-aesCtr-512-512-838: 2500/2500 tasks started.alibaba-us-east-1-alibaba-aesCtr-512-512-578: 2500/2500 tasks started.azure-germanywestcentral-azure-aesCtr-512-512-557: 2500/2500 tasks started.gcp-us-east1-gcp-aesCtr-512-512-532: 2500/2500 tasks started.
[2025-12-06T05:34:22Z] [[36minfo[0m] [progress_update] aws-us-east-1-aws-aesCtr-512-512-838: 2500/2500 tasks started.alibaba-us-east-1-alibaba-aesCtr-512-512-578: 2500/2500 tasks started.azure-germanywestcentral-azure-aesCtr-512-512-557: 2500/2500 tasks started.gcp-us-east1-gcp-aesCtr-512-512-532: 2500/2500 tasks started.
[2025-12-06T05:34:32Z] [[36minfo[0m] [progress_update] azure-germanywestcentral-azure-aesCtr-512-512-557: 2500/2500 tasks started.gcp-us-east1-gcp-aesCtr-512-512-532: 2500/2500 tasks started.aws-us-east-1-aws-aesCtr-512-512-838: 2500/2500 tasks started.alibaba-us-east-1-alibaba-aesCtr-512-512-578: 2500/2500 tasks started.
[2025-12-06T05:34:42Z] [[36minfo[0m] [progress_update] aws-us-east-1-aws-aesCtr-512-512-838: 2500/2500 tasks started.alibaba-us-east-1-alibaba-aesCtr-512-512-578: 2500/2500 tasks started.azure-germanywestcentral-azure-aesCtr-512-512-557: 2500/2500 tasks started.gcp-us-east1-gcp-aesCtr-512-512-532: 2500/2500 tasks started.
[2025-12-06T05:34:52Z] [[36minfo[0m] [progress_update] aws-us-east-1-aws-aesCtr-512-512-838: 2500/2500 tasks started.alibaba-us-east-1-alibaba-aesCtr-512-512-578: 2500/2500 tasks started.azure-germanywestcentral-azure-aesCtr-512-512-557: 2500/2500 tasks started.gcp-us-east1-gcp-aesCtr-512-512-532: 2500/2500 tasks started.
[2025-12-06T05:35:02Z] [[36minfo[0m] [progress_update] aws-us-east-1-aws-aesCtr-512-512-838: 2500/2500 tasks started.alibaba-us-east-1-alibaba-aesCtr-512-512-578: 2500/2500 tasks started.azure-germanywestcentral-azure-aesCtr-512-512-557: 2500/2500 tasks started.gcp-us-east1-gcp-aesCtr-512-512-532: 2500/2500 tasks started.
[2025-12-06T05:35:12Z] [[36minfo[0m] [progress_update] alibaba-us-east-1-alibaba-aesCtr-512-512-578: 2500/2500 tasks started.azure-germanywestcentral-azure-aesCtr-512-512-557: 2500/2500 tasks started.gcp-us-east1-gcp-aesCtr-512-512-532: 2500/2500 tasks started.aws-us-east-1-aws-aesCtr-512-512-838: 2500/2500 tasks started.
[2025-12-06T05:35:17Z] [[31merror[0m] [task_execution] Error executing task azure-aesCtr-512: task azure-aesCtr-512 failed after 7 retries: <nil>
[2025-12-06T05:35:17Z] [[31merror[0m] [task_execution] Error executing task azure-aesCtr-512: task azure-aesCtr-512 failed after 7 retries: <nil>
[2025-12-06T05:35:17Z] [[31merror[0m] [task_execution] Error executing task azure-aesCtr-512: task azure-aesCtr-512 failed after 7 retries: <nil>
[2025-12-06T05:35:17Z] [[31merror[0m] [task_execution] Error executing task azure-aesCtr-512: task azure-aesCtr-512 failed after 7 retries: <nil>
[2025-12-06T05:35:17Z] [[31merror[0m] [task_execution] Error executing task azure-aesCtr-512: task azure-aesCtr-512 failed after 7 retries: <nil>
[2025-12-06T05:35:22Z] [[36minfo[0m] [progress_update] azure-germanywestcentral-azure-aesCtr-512-512-557: 2500/2500 tasks started.gcp-us-east1-gcp-aesCtr-512-512-532: 2500/2500 tasks started.aws-us-east-1-aws-aesCtr-512-512-838: 2500/2500 tasks started.alibaba-us-east-1-alibaba-aesCtr-512-512-578: 2500/2500 tasks started.
[2025-12-06T05:35:32Z] [[36minfo[0m] [progress_update] aws-us-east-1-aws-aesCtr-512-512-838: 2500/2500 tasks started.alibaba-us-east-1-alibaba-aesCtr-512-512-578: 2500/2500 tasks started.azure-germanywestcentral-azure-aesCtr-512-512-557: 2500/2500 tasks started.gcp-us-east1-gcp-aesCtr-512-512-532: 2500/2500 tasks started.
[2025-12-06T05:35:42Z] [[36minfo[0m] [progress_update] gcp-us-east1-gcp-aesCtr-512-512-532: 2500/2500 tasks started.aws-us-east-1-aws-aesCtr-512-512-838: 2500/2500 tasks started.alibaba-us-east-1-alibaba-aesCtr-512-512-578: 2500/2500 tasks started.azure-germanywestcentral-azure-aesCtr-512-512-557: 2500/2500 tasks started.
[2025-12-06T05:35:47Z] [[31merror[0m] [task_execution] Error executing task azure-aesCtr-512: task azure-aesCtr-512 failed after 7 retries: <nil>
[2025-12-06T05:35:49Z] [[31merror[0m] [task_execution] Error executing task azure-aesCtr-512: task azure-aesCtr-512 failed after 7 retries: <nil>
[2025-12-06T05:35:49Z] [[31merror[0m] [task_execution] Error executing task azure-aesCtr-512: task azure-aesCtr-512 failed after 7 retries: <nil>
[2025-12-06T05:35:50Z] [[31merror[0m] [task_execution] Error executing task azure-aesCtr-512: task azure-aesCtr-512 failed after 7 retries: <nil>
[2025-12-06T05:35:52Z] [[36minfo[0m] [progress_update] aws-us-east-1-aws-aesCtr-512-512-838: 2500/2500 tasks started.alibaba-us-east-1-alibaba-aesCtr-512-512-578: 2500/2500 tasks started.azure-germanywestcentral-azure-aesCtr-512-512-557: 2500/2500 tasks started.gcp-us-east1-gcp-aesCtr-512-512-532: 2500/2500 tasks started.
[2025-12-06T05:35:55Z] [[36minfo[0m] [function_finished] Finished benchmarking function azure-aesCtr-512 and closed archiver
[2025-12-06T05:35:57Z] [[36minfo[0m] [finish_timeline] Benchmark Timeline
[Sat Dec  6 05:35:57 UTC 2025] Finished benchmark 'aesctr' successfully
[Sat Dec  6 05:35:57 UTC 2025] Sleeping 600 seconds before next workload...
