[Thu Dec  4 12:00:16 UTC 2025] Starting benchmark 'aesctr' with config './configs/aesCtr.yaml'
Validating functions...
[2025-12-04T12:00:16Z] [[36minfo[0m] [executor_setup] Setting up executor for aws-us-east-1-aws-aesCtr-512-512-969
[2025-12-04T12:00:16Z] [[36minfo[0m] [executor_setup] Setting up executor for alibaba-us-east-1-alibaba-aesCtr-512-512-317
[2025-12-04T12:00:16Z] [[36minfo[0m] [executor_setup] Setting up executor for azure-germanywestcentral-azure-aesCtr-512-512-325
[2025-12-04T12:00:16Z] [[0mwarning[0m] [[32mazure_limitations[0m] Azure can´t handle more than 300 parallel requests. Limiting to 300.
[2025-12-04T12:00:16Z] [[36minfo[0m] [executor_setup] Setting up executor for gcp-us-east1-gcp-aesCtr-512-512-691
[2025-12-04T12:00:16Z] [[36minfo[0m] [start_timeline] Benchmark Timeline
[2025-12-04T12:00:16Z] [[36minfo[0m] [load_generator_start] (azure: germanywestcentral) Starting load generator with 300 workers
[2025-12-04T12:00:16Z] [[36minfo[0m] [load_generator_start] (gcp: us-east1) Starting load generator with 300 workers
[2025-12-04T12:00:16Z] [[36minfo[0m] [load_generator_start] (alibaba: us-east-1) Starting load generator with 500 workers
[2025-12-04T12:00:16Z] [[36minfo[0m] [load_generator_start] (aws: us-east-1) Starting load generator with 500 workers
[2025-12-04T12:00:26Z] [[36minfo[0m] [progress_update] aws-us-east-1-aws-aesCtr-512-512-969: 1847/2500 tasks started.alibaba-us-east-1-alibaba-aesCtr-512-512-317: 2431/2500 tasks started.azure-germanywestcentral-azure-aesCtr-512-512-325: 627/2500 tasks started.gcp-us-east1-gcp-aesCtr-512-512-691: 504/2500 tasks started.
[2025-12-04T12:00:36Z] [[36minfo[0m] [progress_update] azure-germanywestcentral-azure-aesCtr-512-512-325: 667/2500 tasks started.gcp-us-east1-gcp-aesCtr-512-512-691: 1046/2500 tasks started.aws-us-east-1-aws-aesCtr-512-512-969: 2500/2500 tasks started.alibaba-us-east-1-alibaba-aesCtr-512-512-317: 2500/2500 tasks started.
[2025-12-04T12:00:42Z] [[36minfo[0m] [function_finished] Finished benchmarking function aws-aesCtr-512 and closed archiver
[2025-12-04T12:00:46Z] [[36minfo[0m] [progress_update] gcp-us-east1-gcp-aesCtr-512-512-691: 1599/2500 tasks started.aws-us-east-1-aws-aesCtr-512-512-969: 2500/2500 tasks started.alibaba-us-east-1-alibaba-aesCtr-512-512-317: 2500/2500 tasks started.azure-germanywestcentral-azure-aesCtr-512-512-325: 1418/2500 tasks started.
[2025-12-04T12:00:56Z] [[36minfo[0m] [progress_update] alibaba-us-east-1-alibaba-aesCtr-512-512-317: 2500/2500 tasks started.azure-germanywestcentral-azure-aesCtr-512-512-325: 1983/2500 tasks started.gcp-us-east1-gcp-aesCtr-512-512-691: 2125/2500 tasks started.aws-us-east-1-aws-aesCtr-512-512-969: 2500/2500 tasks started.
[2025-12-04T12:01:06Z] [[36minfo[0m] [progress_update] aws-us-east-1-aws-aesCtr-512-512-969: 2500/2500 tasks started.alibaba-us-east-1-alibaba-aesCtr-512-512-317: 2500/2500 tasks started.azure-germanywestcentral-azure-aesCtr-512-512-325: 2104/2500 tasks started.gcp-us-east1-gcp-aesCtr-512-512-691: 2500/2500 tasks started.
[2025-12-04T12:01:16Z] [[36minfo[0m] [progress_update] alibaba-us-east-1-alibaba-aesCtr-512-512-317: 2500/2500 tasks started.azure-germanywestcentral-azure-aesCtr-512-512-325: 2104/2500 tasks started.gcp-us-east1-gcp-aesCtr-512-512-691: 2500/2500 tasks started.aws-us-east-1-aws-aesCtr-512-512-969: 2500/2500 tasks started.
[2025-12-04T12:01:23Z] [[36minfo[0m] [function_finished] Finished benchmarking function gcp-aesCtr-512 and closed archiver
[2025-12-04T12:01:26Z] [[36minfo[0m] [progress_update] azure-germanywestcentral-azure-aesCtr-512-512-325: 2158/2500 tasks started.gcp-us-east1-gcp-aesCtr-512-512-691: 2500/2500 tasks started.aws-us-east-1-aws-aesCtr-512-512-969: 2500/2500 tasks started.alibaba-us-east-1-alibaba-aesCtr-512-512-317: 2500/2500 tasks started.
[2025-12-04T12:01:36Z] [[36minfo[0m] [progress_update] aws-us-east-1-aws-aesCtr-512-512-969: 2500/2500 tasks started.alibaba-us-east-1-alibaba-aesCtr-512-512-317: 2500/2500 tasks started.azure-germanywestcentral-azure-aesCtr-512-512-325: 2186/2500 tasks started.gcp-us-east1-gcp-aesCtr-512-512-691: 2500/2500 tasks started.
[2025-12-04T12:01:36Z] [[36minfo[0m] [function_finished] Finished benchmarking function alibaba-aesCtr-512 and closed archiver
[2025-12-04T12:01:46Z] [[36minfo[0m] [progress_update] azure-germanywestcentral-azure-aesCtr-512-512-325: 2209/2500 tasks started.gcp-us-east1-gcp-aesCtr-512-512-691: 2500/2500 tasks started.aws-us-east-1-aws-aesCtr-512-512-969: 2500/2500 tasks started.alibaba-us-east-1-alibaba-aesCtr-512-512-317: 2500/2500 tasks started.
[2025-12-04T12:01:56Z] [[36minfo[0m] [progress_update] gcp-us-east1-gcp-aesCtr-512-512-691: 2500/2500 tasks started.aws-us-east-1-aws-aesCtr-512-512-969: 2500/2500 tasks started.alibaba-us-east-1-alibaba-aesCtr-512-512-317: 2500/2500 tasks started.azure-germanywestcentral-azure-aesCtr-512-512-325: 2211/2500 tasks started.
[2025-12-04T12:02:06Z] [[36minfo[0m] [progress_update] aws-us-east-1-aws-aesCtr-512-512-969: 2500/2500 tasks started.alibaba-us-east-1-alibaba-aesCtr-512-512-317: 2500/2500 tasks started.azure-germanywestcentral-azure-aesCtr-512-512-325: 2500/2500 tasks started.gcp-us-east1-gcp-aesCtr-512-512-691: 2500/2500 tasks started.
[2025-12-04T12:02:16Z] [[36minfo[0m] [progress_update] azure-germanywestcentral-azure-aesCtr-512-512-325: 2500/2500 tasks started.gcp-us-east1-gcp-aesCtr-512-512-691: 2500/2500 tasks started.aws-us-east-1-aws-aesCtr-512-512-969: 2500/2500 tasks started.alibaba-us-east-1-alibaba-aesCtr-512-512-317: 2500/2500 tasks started.
[2025-12-04T12:02:26Z] [[36minfo[0m] [progress_update] aws-us-east-1-aws-aesCtr-512-512-969: 2500/2500 tasks started.alibaba-us-east-1-alibaba-aesCtr-512-512-317: 2500/2500 tasks started.azure-germanywestcentral-azure-aesCtr-512-512-325: 2500/2500 tasks started.gcp-us-east1-gcp-aesCtr-512-512-691: 2500/2500 tasks started.
[2025-12-04T12:02:36Z] [[36minfo[0m] [progress_update] gcp-us-east1-gcp-aesCtr-512-512-691: 2500/2500 tasks started.aws-us-east-1-aws-aesCtr-512-512-969: 2500/2500 tasks started.alibaba-us-east-1-alibaba-aesCtr-512-512-317: 2500/2500 tasks started.azure-germanywestcentral-azure-aesCtr-512-512-325: 2500/2500 tasks started.
[2025-12-04T12:02:46Z] [[36minfo[0m] [progress_update] azure-germanywestcentral-azure-aesCtr-512-512-325: 2500/2500 tasks started.gcp-us-east1-gcp-aesCtr-512-512-691: 2500/2500 tasks started.aws-us-east-1-aws-aesCtr-512-512-969: 2500/2500 tasks started.alibaba-us-east-1-alibaba-aesCtr-512-512-317: 2500/2500 tasks started.
[2025-12-04T12:02:56Z] [[36minfo[0m] [progress_update] azure-germanywestcentral-azure-aesCtr-512-512-325: 2500/2500 tasks started.gcp-us-east1-gcp-aesCtr-512-512-691: 2500/2500 tasks started.aws-us-east-1-aws-aesCtr-512-512-969: 2500/2500 tasks started.alibaba-us-east-1-alibaba-aesCtr-512-512-317: 2500/2500 tasks started.
[2025-12-04T12:03:06Z] [[36minfo[0m] [progress_update] aws-us-east-1-aws-aesCtr-512-512-969: 2500/2500 tasks started.alibaba-us-east-1-alibaba-aesCtr-512-512-317: 2500/2500 tasks started.azure-germanywestcentral-azure-aesCtr-512-512-325: 2500/2500 tasks started.gcp-us-east1-gcp-aesCtr-512-512-691: 2500/2500 tasks started.
[2025-12-04T12:03:16Z] [[36minfo[0m] [progress_update] aws-us-east-1-aws-aesCtr-512-512-969: 2500/2500 tasks started.alibaba-us-east-1-alibaba-aesCtr-512-512-317: 2500/2500 tasks started.azure-germanywestcentral-azure-aesCtr-512-512-325: 2500/2500 tasks started.gcp-us-east1-gcp-aesCtr-512-512-691: 2500/2500 tasks started.
[2025-12-04T12:03:26Z] [[36minfo[0m] [progress_update] aws-us-east-1-aws-aesCtr-512-512-969: 2500/2500 tasks started.alibaba-us-east-1-alibaba-aesCtr-512-512-317: 2500/2500 tasks started.azure-germanywestcentral-azure-aesCtr-512-512-325: 2500/2500 tasks started.gcp-us-east1-gcp-aesCtr-512-512-691: 2500/2500 tasks started.
[2025-12-04T12:03:36Z] [[36minfo[0m] [progress_update] alibaba-us-east-1-alibaba-aesCtr-512-512-317: 2500/2500 tasks started.azure-germanywestcentral-azure-aesCtr-512-512-325: 2500/2500 tasks started.gcp-us-east1-gcp-aesCtr-512-512-691: 2500/2500 tasks started.aws-us-east-1-aws-aesCtr-512-512-969: 2500/2500 tasks started.
[2025-12-04T12:03:46Z] [[36minfo[0m] [progress_update] aws-us-east-1-aws-aesCtr-512-512-969: 2500/2500 tasks started.alibaba-us-east-1-alibaba-aesCtr-512-512-317: 2500/2500 tasks started.azure-germanywestcentral-azure-aesCtr-512-512-325: 2500/2500 tasks started.gcp-us-east1-gcp-aesCtr-512-512-691: 2500/2500 tasks started.
[2025-12-04T12:03:56Z] [[36minfo[0m] [progress_update] aws-us-east-1-aws-aesCtr-512-512-969: 2500/2500 tasks started.alibaba-us-east-1-alibaba-aesCtr-512-512-317: 2500/2500 tasks started.azure-germanywestcentral-azure-aesCtr-512-512-325: 2500/2500 tasks started.gcp-us-east1-gcp-aesCtr-512-512-691: 2500/2500 tasks started.
[2025-12-04T12:04:06Z] [[36minfo[0m] [progress_update] azure-germanywestcentral-azure-aesCtr-512-512-325: 2500/2500 tasks started.gcp-us-east1-gcp-aesCtr-512-512-691: 2500/2500 tasks started.aws-us-east-1-aws-aesCtr-512-512-969: 2500/2500 tasks started.alibaba-us-east-1-alibaba-aesCtr-512-512-317: 2500/2500 tasks started.
[2025-12-04T12:04:16Z] [[36minfo[0m] [progress_update] aws-us-east-1-aws-aesCtr-512-512-969: 2500/2500 tasks started.alibaba-us-east-1-alibaba-aesCtr-512-512-317: 2500/2500 tasks started.azure-germanywestcentral-azure-aesCtr-512-512-325: 2500/2500 tasks started.gcp-us-east1-gcp-aesCtr-512-512-691: 2500/2500 tasks started.
[2025-12-04T12:04:26Z] [[36minfo[0m] [progress_update] aws-us-east-1-aws-aesCtr-512-512-969: 2500/2500 tasks started.alibaba-us-east-1-alibaba-aesCtr-512-512-317: 2500/2500 tasks started.azure-germanywestcentral-azure-aesCtr-512-512-325: 2500/2500 tasks started.gcp-us-east1-gcp-aesCtr-512-512-691: 2500/2500 tasks started.
[2025-12-04T12:04:36Z] [[36minfo[0m] [progress_update] aws-us-east-1-aws-aesCtr-512-512-969: 2500/2500 tasks started.alibaba-us-east-1-alibaba-aesCtr-512-512-317: 2500/2500 tasks started.azure-germanywestcentral-azure-aesCtr-512-512-325: 2500/2500 tasks started.gcp-us-east1-gcp-aesCtr-512-512-691: 2500/2500 tasks started.
[2025-12-04T12:04:37Z] [[31merror[0m] [task_execution] Error executing task azure-aesCtr-512: task azure-aesCtr-512 failed after 7 retries: <nil>
[2025-12-04T12:04:37Z] [[31merror[0m] [task_execution] Error executing task azure-aesCtr-512: task azure-aesCtr-512 failed after 7 retries: <nil>
[2025-12-04T12:04:46Z] [[36minfo[0m] [progress_update] aws-us-east-1-aws-aesCtr-512-512-969: 2500/2500 tasks started.alibaba-us-east-1-alibaba-aesCtr-512-512-317: 2500/2500 tasks started.azure-germanywestcentral-azure-aesCtr-512-512-325: 2500/2500 tasks started.gcp-us-east1-gcp-aesCtr-512-512-691: 2500/2500 tasks started.
[2025-12-04T12:04:52Z] [[31merror[0m] [task_execution] Error executing task azure-aesCtr-512: task azure-aesCtr-512 failed after 7 retries: <nil>
[2025-12-04T12:04:53Z] [[31merror[0m] [task_execution] Error executing task azure-aesCtr-512: task azure-aesCtr-512 failed after 7 retries: <nil>
[2025-12-04T12:04:53Z] [[31merror[0m] [task_execution] Error executing task azure-aesCtr-512: task azure-aesCtr-512 failed after 7 retries: <nil>
[2025-12-04T12:04:53Z] [[31merror[0m] [task_execution] Error executing task azure-aesCtr-512: task azure-aesCtr-512 failed after 7 retries: <nil>
[2025-12-04T12:04:53Z] [[31merror[0m] [task_execution] Error executing task azure-aesCtr-512: task azure-aesCtr-512 failed after 7 retries: <nil>
[2025-12-04T12:04:53Z] [[31merror[0m] [task_execution] Error executing task azure-aesCtr-512: task azure-aesCtr-512 failed after 7 retries: <nil>
[2025-12-04T12:04:53Z] [[31merror[0m] [task_execution] Error executing task azure-aesCtr-512: task azure-aesCtr-512 failed after 7 retries: <nil>
[2025-12-04T12:04:53Z] [[31merror[0m] [task_execution] Error executing task azure-aesCtr-512: task azure-aesCtr-512 failed after 7 retries: <nil>
[2025-12-04T12:04:53Z] [[31merror[0m] [task_execution] Error executing task azure-aesCtr-512: task azure-aesCtr-512 failed after 7 retries: <nil>
[2025-12-04T12:04:53Z] [[31merror[0m] [task_execution] Error executing task azure-aesCtr-512: task azure-aesCtr-512 failed after 7 retries: <nil>
[2025-12-04T12:04:53Z] [[31merror[0m] [task_execution] Error executing task azure-aesCtr-512: task azure-aesCtr-512 failed after 7 retries: <nil>
[2025-12-04T12:04:54Z] [[31merror[0m] [task_execution] Error executing task azure-aesCtr-512: task azure-aesCtr-512 failed after 7 retries: <nil>
[2025-12-04T12:04:54Z] [[31merror[0m] [task_execution] Error executing task azure-aesCtr-512: task azure-aesCtr-512 failed after 7 retries: <nil>
[2025-12-04T12:04:55Z] [[31merror[0m] [task_execution] Error executing task azure-aesCtr-512: task azure-aesCtr-512 failed after 7 retries: <nil>
[2025-12-04T12:04:56Z] [[36minfo[0m] [progress_update] aws-us-east-1-aws-aesCtr-512-512-969: 2500/2500 tasks started.alibaba-us-east-1-alibaba-aesCtr-512-512-317: 2500/2500 tasks started.azure-germanywestcentral-azure-aesCtr-512-512-325: 2500/2500 tasks started.gcp-us-east1-gcp-aesCtr-512-512-691: 2500/2500 tasks started.
[2025-12-04T12:05:06Z] [[36minfo[0m] [progress_update] aws-us-east-1-aws-aesCtr-512-512-969: 2500/2500 tasks started.alibaba-us-east-1-alibaba-aesCtr-512-512-317: 2500/2500 tasks started.azure-germanywestcentral-azure-aesCtr-512-512-325: 2500/2500 tasks started.gcp-us-east1-gcp-aesCtr-512-512-691: 2500/2500 tasks started.
[2025-12-04T12:05:09Z] [[31merror[0m] [task_execution] Error executing task azure-aesCtr-512: task azure-aesCtr-512 failed after 7 retries: <nil>
[2025-12-04T12:05:11Z] [[31merror[0m] [task_execution] Error executing task azure-aesCtr-512: task azure-aesCtr-512 failed after 7 retries: <nil>
[2025-12-04T12:05:11Z] [[31merror[0m] [task_execution] Error executing task azure-aesCtr-512: task azure-aesCtr-512 failed after 7 retries: <nil>
[2025-12-04T12:05:11Z] [[31merror[0m] [task_execution] Error executing task azure-aesCtr-512: task azure-aesCtr-512 failed after 7 retries: <nil>
[2025-12-04T12:05:11Z] [[31merror[0m] [task_execution] Error executing task azure-aesCtr-512: task azure-aesCtr-512 failed after 7 retries: <nil>
[2025-12-04T12:05:11Z] [[31merror[0m] [task_execution] Error executing task azure-aesCtr-512: task azure-aesCtr-512 failed after 7 retries: <nil>
[2025-12-04T12:05:11Z] [[31merror[0m] [task_execution] Error executing task azure-aesCtr-512: task azure-aesCtr-512 failed after 7 retries: <nil>
[2025-12-04T12:05:11Z] [[31merror[0m] [task_execution] Error executing task azure-aesCtr-512: task azure-aesCtr-512 failed after 7 retries: <nil>
[2025-12-04T12:05:11Z] [[31merror[0m] [task_execution] Error executing task azure-aesCtr-512: task azure-aesCtr-512 failed after 7 retries: <nil>
[2025-12-04T12:05:11Z] [[31merror[0m] [task_execution] Error executing task azure-aesCtr-512: task azure-aesCtr-512 failed after 7 retries: <nil>
[2025-12-04T12:05:11Z] [[31merror[0m] [task_execution] Error executing task azure-aesCtr-512: task azure-aesCtr-512 failed after 7 retries: <nil>
[2025-12-04T12:05:11Z] [[31merror[0m] [task_execution] Error executing task azure-aesCtr-512: task azure-aesCtr-512 failed after 7 retries: <nil>
[2025-12-04T12:05:13Z] [[31merror[0m] [task_execution] Error executing task azure-aesCtr-512: task azure-aesCtr-512 failed after 7 retries: <nil>
[2025-12-04T12:05:16Z] [[36minfo[0m] [progress_update] aws-us-east-1-aws-aesCtr-512-512-969: 2500/2500 tasks started.alibaba-us-east-1-alibaba-aesCtr-512-512-317: 2500/2500 tasks started.azure-germanywestcentral-azure-aesCtr-512-512-325: 2500/2500 tasks started.gcp-us-east1-gcp-aesCtr-512-512-691: 2500/2500 tasks started.
[2025-12-04T12:05:26Z] [[36minfo[0m] [progress_update] aws-us-east-1-aws-aesCtr-512-512-969: 2500/2500 tasks started.alibaba-us-east-1-alibaba-aesCtr-512-512-317: 2500/2500 tasks started.azure-germanywestcentral-azure-aesCtr-512-512-325: 2500/2500 tasks started.gcp-us-east1-gcp-aesCtr-512-512-691: 2500/2500 tasks started.
[2025-12-04T12:05:36Z] [[36minfo[0m] [progress_update] aws-us-east-1-aws-aesCtr-512-512-969: 2500/2500 tasks started.alibaba-us-east-1-alibaba-aesCtr-512-512-317: 2500/2500 tasks started.azure-germanywestcentral-azure-aesCtr-512-512-325: 2500/2500 tasks started.gcp-us-east1-gcp-aesCtr-512-512-691: 2500/2500 tasks started.
[2025-12-04T12:05:40Z] [[31merror[0m] [task_execution] Error executing task azure-aesCtr-512: task azure-aesCtr-512 failed after 7 retries: <nil>
[2025-12-04T12:05:40Z] [[31merror[0m] [task_execution] Error executing task azure-aesCtr-512: task azure-aesCtr-512 failed after 7 retries: <nil>
[2025-12-04T12:05:40Z] [[31merror[0m] [task_execution] Error executing task azure-aesCtr-512: task azure-aesCtr-512 failed after 7 retries: <nil>
[2025-12-04T12:05:42Z] [[31merror[0m] [task_execution] Error executing task azure-aesCtr-512: task azure-aesCtr-512 failed after 7 retries: <nil>
[2025-12-04T12:05:42Z] [[31merror[0m] [task_execution] Error executing task azure-aesCtr-512: task azure-aesCtr-512 failed after 7 retries: <nil>
[2025-12-04T12:05:43Z] [[31merror[0m] [task_execution] Error executing task azure-aesCtr-512: task azure-aesCtr-512 failed after 7 retries: <nil>
[2025-12-04T12:05:46Z] [[36minfo[0m] [progress_update] aws-us-east-1-aws-aesCtr-512-512-969: 2500/2500 tasks started.alibaba-us-east-1-alibaba-aesCtr-512-512-317: 2500/2500 tasks started.azure-germanywestcentral-azure-aesCtr-512-512-325: 2500/2500 tasks started.gcp-us-east1-gcp-aesCtr-512-512-691: 2500/2500 tasks started.
[2025-12-04T12:05:48Z] [[36minfo[0m] [function_finished] Finished benchmarking function azure-aesCtr-512 and closed archiver
[2025-12-04T12:05:50Z] [[36minfo[0m] [finish_timeline] Benchmark Timeline
[Thu Dec  4 12:05:50 UTC 2025] Finished benchmark 'aesctr' successfully
