[Mon Dec  1 05:46:24 UTC 2025] Starting benchmark 'sha256' with config './configs/sha256.yaml'
Validating functions...
[2025-12-01T05:46:24Z] [[36minfo[0m] [executor_setup] Setting up executor for aws-us-east-1-aws-sha256-512-512-393
[2025-12-01T05:46:24Z] [[36minfo[0m] [executor_setup] Setting up executor for alibaba-us-east-1-alibaba-sha256-512-512-686
[2025-12-01T05:46:24Z] [[36minfo[0m] [executor_setup] Setting up executor for azure-germanywestcentral-azure-sha256-512-512-967
[2025-12-01T05:46:24Z] [[0mwarning[0m] [[32mazure_limitations[0m] Azure can´t handle more than 300 parallel requests. Limiting to 300.
[2025-12-01T05:46:24Z] [[36minfo[0m] [executor_setup] Setting up executor for gcp-us-east1-gcp-sha256-512-512-449
[2025-12-01T05:46:24Z] [[36minfo[0m] [start_timeline] Benchmark Timeline
[2025-12-01T05:46:24Z] [[36minfo[0m] [load_generator_start] (aws: us-east-1) Starting load generator with 500 workers
[2025-12-01T05:46:24Z] [[36minfo[0m] [load_generator_start] (alibaba: us-east-1) Starting load generator with 500 workers
[2025-12-01T05:46:24Z] [[36minfo[0m] [load_generator_start] (azure: germanywestcentral) Starting load generator with 300 workers
[2025-12-01T05:46:24Z] [[36minfo[0m] [load_generator_start] (gcp: us-east1) Starting load generator with 300 workers
[2025-12-01T05:46:34Z] [[36minfo[0m] [progress_update] gcp-us-east1-gcp-sha256-512-512-449: 1724/2500 tasks started.aws-us-east-1-aws-sha256-512-512-393: 1706/2500 tasks started.alibaba-us-east-1-alibaba-sha256-512-512-686: 1463/2500 tasks started.azure-germanywestcentral-azure-sha256-512-512-967: 566/2500 tasks started.
[2025-12-01T05:46:44Z] [[36minfo[0m] [progress_update] gcp-us-east1-gcp-sha256-512-512-449: 2500/2500 tasks started.aws-us-east-1-aws-sha256-512-512-393: 2500/2500 tasks started.alibaba-us-east-1-alibaba-sha256-512-512-686: 2500/2500 tasks started.azure-germanywestcentral-azure-sha256-512-512-967: 664/2500 tasks started.
[2025-12-01T05:46:54Z] [[36minfo[0m] [progress_update] aws-us-east-1-aws-sha256-512-512-393: 2500/2500 tasks started.alibaba-us-east-1-alibaba-sha256-512-512-686: 2500/2500 tasks started.azure-germanywestcentral-azure-sha256-512-512-967: 1414/2500 tasks started.gcp-us-east1-gcp-sha256-512-512-449: 2500/2500 tasks started.
[2025-12-01T05:46:54Z] [[36minfo[0m] [function_finished] Finished benchmarking function aws-sha256-512 and closed archiver
[2025-12-01T05:47:00Z] [[36minfo[0m] [function_finished] Finished benchmarking function gcp-sha256-512 and closed archiver
[2025-12-01T05:47:04Z] [[36minfo[0m] [progress_update] aws-us-east-1-aws-sha256-512-512-393: 2500/2500 tasks started.alibaba-us-east-1-alibaba-sha256-512-512-686: 2500/2500 tasks started.azure-germanywestcentral-azure-sha256-512-512-967: 1964/2500 tasks started.gcp-us-east1-gcp-sha256-512-512-449: 2500/2500 tasks started.
[2025-12-01T05:47:14Z] [[36minfo[0m] [progress_update] azure-germanywestcentral-azure-sha256-512-512-967: 2028/2500 tasks started.gcp-us-east1-gcp-sha256-512-512-449: 2500/2500 tasks started.aws-us-east-1-aws-sha256-512-512-393: 2500/2500 tasks started.alibaba-us-east-1-alibaba-sha256-512-512-686: 2500/2500 tasks started.
[2025-12-01T05:47:24Z] [[36minfo[0m] [progress_update] aws-us-east-1-aws-sha256-512-512-393: 2500/2500 tasks started.alibaba-us-east-1-alibaba-sha256-512-512-686: 2500/2500 tasks started.azure-germanywestcentral-azure-sha256-512-512-967: 2106/2500 tasks started.gcp-us-east1-gcp-sha256-512-512-449: 2500/2500 tasks started.
[2025-12-01T05:47:34Z] [[36minfo[0m] [progress_update] gcp-us-east1-gcp-sha256-512-512-449: 2500/2500 tasks started.aws-us-east-1-aws-sha256-512-512-393: 2500/2500 tasks started.alibaba-us-east-1-alibaba-sha256-512-512-686: 2500/2500 tasks started.azure-germanywestcentral-azure-sha256-512-512-967: 2224/2500 tasks started.
[2025-12-01T05:47:44Z] [[36minfo[0m] [progress_update] aws-us-east-1-aws-sha256-512-512-393: 2500/2500 tasks started.alibaba-us-east-1-alibaba-sha256-512-512-686: 2500/2500 tasks started.azure-germanywestcentral-azure-sha256-512-512-967: 2298/2500 tasks started.gcp-us-east1-gcp-sha256-512-512-449: 2500/2500 tasks started.
[2025-12-01T05:47:47Z] [[36minfo[0m] [function_finished] Finished benchmarking function alibaba-sha256-512 and closed archiver
[2025-12-01T05:47:54Z] [[36minfo[0m] [progress_update] aws-us-east-1-aws-sha256-512-512-393: 2500/2500 tasks started.alibaba-us-east-1-alibaba-sha256-512-512-686: 2500/2500 tasks started.azure-germanywestcentral-azure-sha256-512-512-967: 2303/2500 tasks started.gcp-us-east1-gcp-sha256-512-512-449: 2500/2500 tasks started.
[2025-12-01T05:48:04Z] [[36minfo[0m] [progress_update] azure-germanywestcentral-azure-sha256-512-512-967: 2308/2500 tasks started.gcp-us-east1-gcp-sha256-512-512-449: 2500/2500 tasks started.aws-us-east-1-aws-sha256-512-512-393: 2500/2500 tasks started.alibaba-us-east-1-alibaba-sha256-512-512-686: 2500/2500 tasks started.
[2025-12-01T05:48:14Z] [[36minfo[0m] [progress_update] aws-us-east-1-aws-sha256-512-512-393: 2500/2500 tasks started.alibaba-us-east-1-alibaba-sha256-512-512-686: 2500/2500 tasks started.azure-germanywestcentral-azure-sha256-512-512-967: 2500/2500 tasks started.gcp-us-east1-gcp-sha256-512-512-449: 2500/2500 tasks started.
[2025-12-01T05:48:24Z] [[36minfo[0m] [progress_update] aws-us-east-1-aws-sha256-512-512-393: 2500/2500 tasks started.alibaba-us-east-1-alibaba-sha256-512-512-686: 2500/2500 tasks started.azure-germanywestcentral-azure-sha256-512-512-967: 2500/2500 tasks started.gcp-us-east1-gcp-sha256-512-512-449: 2500/2500 tasks started.
[2025-12-01T05:48:34Z] [[36minfo[0m] [progress_update] aws-us-east-1-aws-sha256-512-512-393: 2500/2500 tasks started.alibaba-us-east-1-alibaba-sha256-512-512-686: 2500/2500 tasks started.azure-germanywestcentral-azure-sha256-512-512-967: 2500/2500 tasks started.gcp-us-east1-gcp-sha256-512-512-449: 2500/2500 tasks started.
[2025-12-01T05:48:44Z] [[36minfo[0m] [progress_update] aws-us-east-1-aws-sha256-512-512-393: 2500/2500 tasks started.alibaba-us-east-1-alibaba-sha256-512-512-686: 2500/2500 tasks started.azure-germanywestcentral-azure-sha256-512-512-967: 2500/2500 tasks started.gcp-us-east1-gcp-sha256-512-512-449: 2500/2500 tasks started.
[2025-12-01T05:48:54Z] [[36minfo[0m] [progress_update] aws-us-east-1-aws-sha256-512-512-393: 2500/2500 tasks started.alibaba-us-east-1-alibaba-sha256-512-512-686: 2500/2500 tasks started.azure-germanywestcentral-azure-sha256-512-512-967: 2500/2500 tasks started.gcp-us-east1-gcp-sha256-512-512-449: 2500/2500 tasks started.
[2025-12-01T05:49:04Z] [[36minfo[0m] [progress_update] aws-us-east-1-aws-sha256-512-512-393: 2500/2500 tasks started.alibaba-us-east-1-alibaba-sha256-512-512-686: 2500/2500 tasks started.azure-germanywestcentral-azure-sha256-512-512-967: 2500/2500 tasks started.gcp-us-east1-gcp-sha256-512-512-449: 2500/2500 tasks started.
[2025-12-01T05:49:14Z] [[36minfo[0m] [progress_update] aws-us-east-1-aws-sha256-512-512-393: 2500/2500 tasks started.alibaba-us-east-1-alibaba-sha256-512-512-686: 2500/2500 tasks started.azure-germanywestcentral-azure-sha256-512-512-967: 2500/2500 tasks started.gcp-us-east1-gcp-sha256-512-512-449: 2500/2500 tasks started.
[2025-12-01T05:49:24Z] [[36minfo[0m] [progress_update] aws-us-east-1-aws-sha256-512-512-393: 2500/2500 tasks started.alibaba-us-east-1-alibaba-sha256-512-512-686: 2500/2500 tasks started.azure-germanywestcentral-azure-sha256-512-512-967: 2500/2500 tasks started.gcp-us-east1-gcp-sha256-512-512-449: 2500/2500 tasks started.
[2025-12-01T05:49:34Z] [[36minfo[0m] [progress_update] aws-us-east-1-aws-sha256-512-512-393: 2500/2500 tasks started.alibaba-us-east-1-alibaba-sha256-512-512-686: 2500/2500 tasks started.azure-germanywestcentral-azure-sha256-512-512-967: 2500/2500 tasks started.gcp-us-east1-gcp-sha256-512-512-449: 2500/2500 tasks started.
[2025-12-01T05:49:44Z] [[36minfo[0m] [progress_update] azure-germanywestcentral-azure-sha256-512-512-967: 2500/2500 tasks started.gcp-us-east1-gcp-sha256-512-512-449: 2500/2500 tasks started.aws-us-east-1-aws-sha256-512-512-393: 2500/2500 tasks started.alibaba-us-east-1-alibaba-sha256-512-512-686: 2500/2500 tasks started.
[2025-12-01T05:49:54Z] [[36minfo[0m] [progress_update] aws-us-east-1-aws-sha256-512-512-393: 2500/2500 tasks started.alibaba-us-east-1-alibaba-sha256-512-512-686: 2500/2500 tasks started.azure-germanywestcentral-azure-sha256-512-512-967: 2500/2500 tasks started.gcp-us-east1-gcp-sha256-512-512-449: 2500/2500 tasks started.
[2025-12-01T05:50:04Z] [[36minfo[0m] [progress_update] azure-germanywestcentral-azure-sha256-512-512-967: 2500/2500 tasks started.gcp-us-east1-gcp-sha256-512-512-449: 2500/2500 tasks started.aws-us-east-1-aws-sha256-512-512-393: 2500/2500 tasks started.alibaba-us-east-1-alibaba-sha256-512-512-686: 2500/2500 tasks started.
[2025-12-01T05:50:14Z] [[36minfo[0m] [progress_update] aws-us-east-1-aws-sha256-512-512-393: 2500/2500 tasks started.alibaba-us-east-1-alibaba-sha256-512-512-686: 2500/2500 tasks started.azure-germanywestcentral-azure-sha256-512-512-967: 2500/2500 tasks started.gcp-us-east1-gcp-sha256-512-512-449: 2500/2500 tasks started.
[2025-12-01T05:50:24Z] [[36minfo[0m] [progress_update] azure-germanywestcentral-azure-sha256-512-512-967: 2500/2500 tasks started.gcp-us-east1-gcp-sha256-512-512-449: 2500/2500 tasks started.aws-us-east-1-aws-sha256-512-512-393: 2500/2500 tasks started.alibaba-us-east-1-alibaba-sha256-512-512-686: 2500/2500 tasks started.
[2025-12-01T05:50:34Z] [[36minfo[0m] [progress_update] aws-us-east-1-aws-sha256-512-512-393: 2500/2500 tasks started.alibaba-us-east-1-alibaba-sha256-512-512-686: 2500/2500 tasks started.azure-germanywestcentral-azure-sha256-512-512-967: 2500/2500 tasks started.gcp-us-east1-gcp-sha256-512-512-449: 2500/2500 tasks started.
[2025-12-01T05:50:44Z] [[36minfo[0m] [progress_update] aws-us-east-1-aws-sha256-512-512-393: 2500/2500 tasks started.alibaba-us-east-1-alibaba-sha256-512-512-686: 2500/2500 tasks started.azure-germanywestcentral-azure-sha256-512-512-967: 2500/2500 tasks started.gcp-us-east1-gcp-sha256-512-512-449: 2500/2500 tasks started.
[2025-12-01T05:50:44Z] [[31merror[0m] [task_execution] Error executing task azure-sha256-512: task azure-sha256-512 failed after 7 retries: <nil>
[2025-12-01T05:50:45Z] [[31merror[0m] [task_execution] Error executing task azure-sha256-512: task azure-sha256-512 failed after 7 retries: <nil>
[2025-12-01T05:50:45Z] [[31merror[0m] [task_execution] Error executing task azure-sha256-512: task azure-sha256-512 failed after 7 retries: <nil>
[2025-12-01T05:50:45Z] [[31merror[0m] [task_execution] Error executing task azure-sha256-512: task azure-sha256-512 failed after 7 retries: <nil>
[2025-12-01T05:50:45Z] [[31merror[0m] [task_execution] Error executing task azure-sha256-512: task azure-sha256-512 failed after 7 retries: <nil>
[2025-12-01T05:50:45Z] [[31merror[0m] [task_execution] Error executing task azure-sha256-512: task azure-sha256-512 failed after 7 retries: <nil>
[2025-12-01T05:50:45Z] [[31merror[0m] [task_execution] Error executing task azure-sha256-512: task azure-sha256-512 failed after 7 retries: <nil>
[2025-12-01T05:50:45Z] [[31merror[0m] [task_execution] Error executing task azure-sha256-512: task azure-sha256-512 failed after 7 retries: <nil>
[2025-12-01T05:50:45Z] [[31merror[0m] [task_execution] Error executing task azure-sha256-512: task azure-sha256-512 failed after 7 retries: <nil>
[2025-12-01T05:50:45Z] [[31merror[0m] [task_execution] Error executing task azure-sha256-512: task azure-sha256-512 failed after 7 retries: <nil>
[2025-12-01T05:50:45Z] [[31merror[0m] [task_execution] Error executing task azure-sha256-512: task azure-sha256-512 failed after 7 retries: <nil>
[2025-12-01T05:50:45Z] [[31merror[0m] [task_execution] Error executing task azure-sha256-512: task azure-sha256-512 failed after 7 retries: <nil>
[2025-12-01T05:50:45Z] [[31merror[0m] [task_execution] Error executing task azure-sha256-512: task azure-sha256-512 failed after 7 retries: <nil>
[2025-12-01T05:50:45Z] [[31merror[0m] [task_execution] Error executing task azure-sha256-512: task azure-sha256-512 failed after 7 retries: <nil>
[2025-12-01T05:50:45Z] [[31merror[0m] [task_execution] Error executing task azure-sha256-512: task azure-sha256-512 failed after 7 retries: <nil>
[2025-12-01T05:50:45Z] [[31merror[0m] [task_execution] Error executing task azure-sha256-512: task azure-sha256-512 failed after 7 retries: <nil>
[2025-12-01T05:50:45Z] [[31merror[0m] [task_execution] Error executing task azure-sha256-512: task azure-sha256-512 failed after 7 retries: <nil>
[2025-12-01T05:50:45Z] [[31merror[0m] [task_execution] Error executing task azure-sha256-512: task azure-sha256-512 failed after 7 retries: <nil>
[2025-12-01T05:50:45Z] [[31merror[0m] [task_execution] Error executing task azure-sha256-512: task azure-sha256-512 failed after 7 retries: <nil>
[2025-12-01T05:50:54Z] [[36minfo[0m] [progress_update] alibaba-us-east-1-alibaba-sha256-512-512-686: 2500/2500 tasks started.azure-germanywestcentral-azure-sha256-512-512-967: 2500/2500 tasks started.gcp-us-east1-gcp-sha256-512-512-449: 2500/2500 tasks started.aws-us-east-1-aws-sha256-512-512-393: 2500/2500 tasks started.
[2025-12-01T05:51:01Z] [[31merror[0m] [task_execution] Error executing task azure-sha256-512: task azure-sha256-512 failed after 7 retries: <nil>
[2025-12-01T05:51:04Z] [[36minfo[0m] [progress_update] alibaba-us-east-1-alibaba-sha256-512-512-686: 2500/2500 tasks started.azure-germanywestcentral-azure-sha256-512-512-967: 2500/2500 tasks started.gcp-us-east1-gcp-sha256-512-512-449: 2500/2500 tasks started.aws-us-east-1-aws-sha256-512-512-393: 2500/2500 tasks started.
[2025-12-01T05:51:14Z] [[36minfo[0m] [progress_update] aws-us-east-1-aws-sha256-512-512-393: 2500/2500 tasks started.alibaba-us-east-1-alibaba-sha256-512-512-686: 2500/2500 tasks started.azure-germanywestcentral-azure-sha256-512-512-967: 2500/2500 tasks started.gcp-us-east1-gcp-sha256-512-512-449: 2500/2500 tasks started.
[2025-12-01T05:51:22Z] [[31merror[0m] [task_execution] Error executing task azure-sha256-512: task azure-sha256-512 failed after 7 retries: <nil>
[2025-12-01T05:51:23Z] [[31merror[0m] [task_execution] Error executing task azure-sha256-512: task azure-sha256-512 failed after 7 retries: <nil>
[2025-12-01T05:51:23Z] [[31merror[0m] [task_execution] Error executing task azure-sha256-512: task azure-sha256-512 failed after 7 retries: <nil>
[2025-12-01T05:51:24Z] [[36minfo[0m] [progress_update] azure-germanywestcentral-azure-sha256-512-512-967: 2500/2500 tasks started.gcp-us-east1-gcp-sha256-512-512-449: 2500/2500 tasks started.aws-us-east-1-aws-sha256-512-512-393: 2500/2500 tasks started.alibaba-us-east-1-alibaba-sha256-512-512-686: 2500/2500 tasks started.
[2025-12-01T05:51:24Z] [[31merror[0m] [task_execution] Error executing task azure-sha256-512: task azure-sha256-512 failed after 7 retries: <nil>
[2025-12-01T05:51:27Z] [[31merror[0m] [task_execution] Error executing task azure-sha256-512: task azure-sha256-512 failed after 7 retries: <nil>
[2025-12-01T05:51:34Z] [[36minfo[0m] [progress_update] aws-us-east-1-aws-sha256-512-512-393: 2500/2500 tasks started.alibaba-us-east-1-alibaba-sha256-512-512-686: 2500/2500 tasks started.azure-germanywestcentral-azure-sha256-512-512-967: 2500/2500 tasks started.gcp-us-east1-gcp-sha256-512-512-449: 2500/2500 tasks started.
[2025-12-01T05:51:44Z] [[36minfo[0m] [progress_update] aws-us-east-1-aws-sha256-512-512-393: 2500/2500 tasks started.alibaba-us-east-1-alibaba-sha256-512-512-686: 2500/2500 tasks started.azure-germanywestcentral-azure-sha256-512-512-967: 2500/2500 tasks started.gcp-us-east1-gcp-sha256-512-512-449: 2500/2500 tasks started.
[2025-12-01T05:51:44Z] [[31merror[0m] [task_execution] Error executing task azure-sha256-512: task azure-sha256-512 failed after 7 retries: <nil>
[2025-12-01T05:51:45Z] [[31merror[0m] [task_execution] Error executing task azure-sha256-512: task azure-sha256-512 failed after 7 retries: <nil>
[2025-12-01T05:51:45Z] [[31merror[0m] [task_execution] Error executing task azure-sha256-512: task azure-sha256-512 failed after 7 retries: <nil>
[2025-12-01T05:51:45Z] [[31merror[0m] [task_execution] Error executing task azure-sha256-512: task azure-sha256-512 failed after 7 retries: <nil>
[2025-12-01T05:51:46Z] [[31merror[0m] [task_execution] Error executing task azure-sha256-512: task azure-sha256-512 failed after 7 retries: <nil>
[2025-12-01T05:51:54Z] [[36minfo[0m] [progress_update] aws-us-east-1-aws-sha256-512-512-393: 2500/2500 tasks started.alibaba-us-east-1-alibaba-sha256-512-512-686: 2500/2500 tasks started.azure-germanywestcentral-azure-sha256-512-512-967: 2500/2500 tasks started.gcp-us-east1-gcp-sha256-512-512-449: 2500/2500 tasks started.
[2025-12-01T05:51:54Z] [[31merror[0m] [task_execution] Error executing task azure-sha256-512: task azure-sha256-512 failed after 7 retries: <nil>
[2025-12-01T05:51:59Z] [[36minfo[0m] [function_finished] Finished benchmarking function azure-sha256-512 and closed archiver
[2025-12-01T05:52:01Z] [[36minfo[0m] [finish_timeline] Benchmark Timeline
[Mon Dec  1 05:52:01 UTC 2025] Finished benchmark 'sha256' successfully
[Mon Dec  1 05:52:01 UTC 2025] Sleeping 600 seconds before next workload...
