[Thu Dec  4 05:30:19 UTC 2025] Starting benchmark 'json' with config './configs/json.yaml'
Validating functions...
[2025-12-04T05:30:19Z] [[36minfo[0m] [executor_setup] Setting up executor for aws-us-east-1-aws-json-512-512-704
[2025-12-04T05:30:19Z] [[36minfo[0m] [executor_setup] Setting up executor for alibaba-us-east-1-alibaba-json-512-512-591
[2025-12-04T05:30:19Z] [[36minfo[0m] [executor_setup] Setting up executor for azure-germanywestcentral-azure-json-512-512-120
[2025-12-04T05:30:19Z] [[0mwarning[0m] [[32mazure_limitations[0m] Azure can´t handle more than 300 parallel requests. Limiting to 300.
[2025-12-04T05:30:19Z] [[36minfo[0m] [executor_setup] Setting up executor for gcp-us-east1-gcp-json-512-512-269
[2025-12-04T05:30:19Z] [[36minfo[0m] [start_timeline] Benchmark Timeline
[2025-12-04T05:30:19Z] [[36minfo[0m] [load_generator_start] (gcp: us-east1) Starting load generator with 300 workers
[2025-12-04T05:30:19Z] [[36minfo[0m] [load_generator_start] (aws: us-east-1) Starting load generator with 500 workers
[2025-12-04T05:30:19Z] [[36minfo[0m] [load_generator_start] (alibaba: us-east-1) Starting load generator with 500 workers
[2025-12-04T05:30:19Z] [[36minfo[0m] [load_generator_start] (azure: germanywestcentral) Starting load generator with 300 workers
[2025-12-04T05:30:29Z] [[36minfo[0m] [progress_update] aws-us-east-1-aws-json-512-512-704: 1706/2500 tasks started.alibaba-us-east-1-alibaba-json-512-512-591: 1696/2500 tasks started.azure-germanywestcentral-azure-json-512-512-120: 674/2500 tasks started.gcp-us-east1-gcp-json-512-512-269: 936/2500 tasks started.
[2025-12-04T05:30:39Z] [[36minfo[0m] [progress_update] alibaba-us-east-1-alibaba-json-512-512-591: 2500/2500 tasks started.azure-germanywestcentral-azure-json-512-512-120: 674/2500 tasks started.gcp-us-east1-gcp-json-512-512-269: 1970/2500 tasks started.aws-us-east-1-aws-json-512-512-704: 2500/2500 tasks started.
[2025-12-04T05:30:45Z] [[36minfo[0m] [function_finished] Finished benchmarking function aws-json-512 and closed archiver
[2025-12-04T05:30:49Z] [[36minfo[0m] [progress_update] aws-us-east-1-aws-json-512-512-704: 2500/2500 tasks started.alibaba-us-east-1-alibaba-json-512-512-591: 2500/2500 tasks started.azure-germanywestcentral-azure-json-512-512-120: 1362/2500 tasks started.gcp-us-east1-gcp-json-512-512-269: 2500/2500 tasks started.
[2025-12-04T05:30:59Z] [[36minfo[0m] [progress_update] azure-germanywestcentral-azure-json-512-512-120: 1881/2500 tasks started.gcp-us-east1-gcp-json-512-512-269: 2500/2500 tasks started.aws-us-east-1-aws-json-512-512-704: 2500/2500 tasks started.alibaba-us-east-1-alibaba-json-512-512-591: 2500/2500 tasks started.
[2025-12-04T05:31:00Z] [[36minfo[0m] [function_finished] Finished benchmarking function gcp-json-512 and closed archiver
[2025-12-04T05:31:09Z] [[36minfo[0m] [progress_update] aws-us-east-1-aws-json-512-512-704: 2500/2500 tasks started.alibaba-us-east-1-alibaba-json-512-512-591: 2500/2500 tasks started.azure-germanywestcentral-azure-json-512-512-120: 2432/2500 tasks started.gcp-us-east1-gcp-json-512-512-269: 2500/2500 tasks started.
[2025-12-04T05:31:19Z] [[36minfo[0m] [progress_update] gcp-us-east1-gcp-json-512-512-269: 2500/2500 tasks started.aws-us-east-1-aws-json-512-512-704: 2500/2500 tasks started.alibaba-us-east-1-alibaba-json-512-512-591: 2500/2500 tasks started.azure-germanywestcentral-azure-json-512-512-120: 2441/2500 tasks started.
[2025-12-04T05:31:29Z] [[36minfo[0m] [progress_update] aws-us-east-1-aws-json-512-512-704: 2500/2500 tasks started.alibaba-us-east-1-alibaba-json-512-512-591: 2500/2500 tasks started.azure-germanywestcentral-azure-json-512-512-120: 2500/2500 tasks started.gcp-us-east1-gcp-json-512-512-269: 2500/2500 tasks started.
[2025-12-04T05:31:39Z] [[36minfo[0m] [progress_update] aws-us-east-1-aws-json-512-512-704: 2500/2500 tasks started.alibaba-us-east-1-alibaba-json-512-512-591: 2500/2500 tasks started.azure-germanywestcentral-azure-json-512-512-120: 2500/2500 tasks started.gcp-us-east1-gcp-json-512-512-269: 2500/2500 tasks started.
[2025-12-04T05:31:42Z] [[36minfo[0m] [function_finished] Finished benchmarking function alibaba-json-512 and closed archiver
[2025-12-04T05:31:49Z] [[36minfo[0m] [progress_update] aws-us-east-1-aws-json-512-512-704: 2500/2500 tasks started.alibaba-us-east-1-alibaba-json-512-512-591: 2500/2500 tasks started.azure-germanywestcentral-azure-json-512-512-120: 2500/2500 tasks started.gcp-us-east1-gcp-json-512-512-269: 2500/2500 tasks started.
[2025-12-04T05:31:59Z] [[36minfo[0m] [progress_update] aws-us-east-1-aws-json-512-512-704: 2500/2500 tasks started.alibaba-us-east-1-alibaba-json-512-512-591: 2500/2500 tasks started.azure-germanywestcentral-azure-json-512-512-120: 2500/2500 tasks started.gcp-us-east1-gcp-json-512-512-269: 2500/2500 tasks started.
[2025-12-04T05:32:09Z] [[36minfo[0m] [progress_update] aws-us-east-1-aws-json-512-512-704: 2500/2500 tasks started.alibaba-us-east-1-alibaba-json-512-512-591: 2500/2500 tasks started.azure-germanywestcentral-azure-json-512-512-120: 2500/2500 tasks started.gcp-us-east1-gcp-json-512-512-269: 2500/2500 tasks started.
[2025-12-04T05:32:19Z] [[36minfo[0m] [progress_update] azure-germanywestcentral-azure-json-512-512-120: 2500/2500 tasks started.gcp-us-east1-gcp-json-512-512-269: 2500/2500 tasks started.aws-us-east-1-aws-json-512-512-704: 2500/2500 tasks started.alibaba-us-east-1-alibaba-json-512-512-591: 2500/2500 tasks started.
[2025-12-04T05:32:29Z] [[36minfo[0m] [progress_update] aws-us-east-1-aws-json-512-512-704: 2500/2500 tasks started.alibaba-us-east-1-alibaba-json-512-512-591: 2500/2500 tasks started.azure-germanywestcentral-azure-json-512-512-120: 2500/2500 tasks started.gcp-us-east1-gcp-json-512-512-269: 2500/2500 tasks started.
[2025-12-04T05:32:39Z] [[36minfo[0m] [progress_update] aws-us-east-1-aws-json-512-512-704: 2500/2500 tasks started.alibaba-us-east-1-alibaba-json-512-512-591: 2500/2500 tasks started.azure-germanywestcentral-azure-json-512-512-120: 2500/2500 tasks started.gcp-us-east1-gcp-json-512-512-269: 2500/2500 tasks started.
[2025-12-04T05:32:49Z] [[36minfo[0m] [progress_update] alibaba-us-east-1-alibaba-json-512-512-591: 2500/2500 tasks started.azure-germanywestcentral-azure-json-512-512-120: 2500/2500 tasks started.gcp-us-east1-gcp-json-512-512-269: 2500/2500 tasks started.aws-us-east-1-aws-json-512-512-704: 2500/2500 tasks started.
[2025-12-04T05:32:59Z] [[36minfo[0m] [progress_update] gcp-us-east1-gcp-json-512-512-269: 2500/2500 tasks started.aws-us-east-1-aws-json-512-512-704: 2500/2500 tasks started.alibaba-us-east-1-alibaba-json-512-512-591: 2500/2500 tasks started.azure-germanywestcentral-azure-json-512-512-120: 2500/2500 tasks started.
[2025-12-04T05:33:09Z] [[36minfo[0m] [progress_update] aws-us-east-1-aws-json-512-512-704: 2500/2500 tasks started.alibaba-us-east-1-alibaba-json-512-512-591: 2500/2500 tasks started.azure-germanywestcentral-azure-json-512-512-120: 2500/2500 tasks started.gcp-us-east1-gcp-json-512-512-269: 2500/2500 tasks started.
[2025-12-04T05:33:19Z] [[36minfo[0m] [progress_update] aws-us-east-1-aws-json-512-512-704: 2500/2500 tasks started.alibaba-us-east-1-alibaba-json-512-512-591: 2500/2500 tasks started.azure-germanywestcentral-azure-json-512-512-120: 2500/2500 tasks started.gcp-us-east1-gcp-json-512-512-269: 2500/2500 tasks started.
[2025-12-04T05:33:29Z] [[36minfo[0m] [progress_update] azure-germanywestcentral-azure-json-512-512-120: 2500/2500 tasks started.gcp-us-east1-gcp-json-512-512-269: 2500/2500 tasks started.aws-us-east-1-aws-json-512-512-704: 2500/2500 tasks started.alibaba-us-east-1-alibaba-json-512-512-591: 2500/2500 tasks started.
[2025-12-04T05:33:39Z] [[36minfo[0m] [progress_update] aws-us-east-1-aws-json-512-512-704: 2500/2500 tasks started.alibaba-us-east-1-alibaba-json-512-512-591: 2500/2500 tasks started.azure-germanywestcentral-azure-json-512-512-120: 2500/2500 tasks started.gcp-us-east1-gcp-json-512-512-269: 2500/2500 tasks started.
[2025-12-04T05:33:49Z] [[36minfo[0m] [progress_update] aws-us-east-1-aws-json-512-512-704: 2500/2500 tasks started.alibaba-us-east-1-alibaba-json-512-512-591: 2500/2500 tasks started.azure-germanywestcentral-azure-json-512-512-120: 2500/2500 tasks started.gcp-us-east1-gcp-json-512-512-269: 2500/2500 tasks started.
[2025-12-04T05:33:59Z] [[36minfo[0m] [progress_update] aws-us-east-1-aws-json-512-512-704: 2500/2500 tasks started.alibaba-us-east-1-alibaba-json-512-512-591: 2500/2500 tasks started.azure-germanywestcentral-azure-json-512-512-120: 2500/2500 tasks started.gcp-us-east1-gcp-json-512-512-269: 2500/2500 tasks started.
[2025-12-04T05:34:09Z] [[36minfo[0m] [progress_update] aws-us-east-1-aws-json-512-512-704: 2500/2500 tasks started.alibaba-us-east-1-alibaba-json-512-512-591: 2500/2500 tasks started.azure-germanywestcentral-azure-json-512-512-120: 2500/2500 tasks started.gcp-us-east1-gcp-json-512-512-269: 2500/2500 tasks started.
[2025-12-04T05:34:19Z] [[36minfo[0m] [progress_update] aws-us-east-1-aws-json-512-512-704: 2500/2500 tasks started.alibaba-us-east-1-alibaba-json-512-512-591: 2500/2500 tasks started.azure-germanywestcentral-azure-json-512-512-120: 2500/2500 tasks started.gcp-us-east1-gcp-json-512-512-269: 2500/2500 tasks started.
[2025-12-04T05:34:29Z] [[36minfo[0m] [progress_update] gcp-us-east1-gcp-json-512-512-269: 2500/2500 tasks started.aws-us-east-1-aws-json-512-512-704: 2500/2500 tasks started.alibaba-us-east-1-alibaba-json-512-512-591: 2500/2500 tasks started.azure-germanywestcentral-azure-json-512-512-120: 2500/2500 tasks started.
[2025-12-04T05:34:39Z] [[36minfo[0m] [progress_update] aws-us-east-1-aws-json-512-512-704: 2500/2500 tasks started.alibaba-us-east-1-alibaba-json-512-512-591: 2500/2500 tasks started.azure-germanywestcentral-azure-json-512-512-120: 2500/2500 tasks started.gcp-us-east1-gcp-json-512-512-269: 2500/2500 tasks started.
[2025-12-04T05:34:49Z] [[36minfo[0m] [progress_update] aws-us-east-1-aws-json-512-512-704: 2500/2500 tasks started.alibaba-us-east-1-alibaba-json-512-512-591: 2500/2500 tasks started.azure-germanywestcentral-azure-json-512-512-120: 2500/2500 tasks started.gcp-us-east1-gcp-json-512-512-269: 2500/2500 tasks started.
[2025-12-04T05:34:59Z] [[36minfo[0m] [progress_update] aws-us-east-1-aws-json-512-512-704: 2500/2500 tasks started.alibaba-us-east-1-alibaba-json-512-512-591: 2500/2500 tasks started.azure-germanywestcentral-azure-json-512-512-120: 2500/2500 tasks started.gcp-us-east1-gcp-json-512-512-269: 2500/2500 tasks started.
[2025-12-04T05:35:09Z] [[36minfo[0m] [progress_update] aws-us-east-1-aws-json-512-512-704: 2500/2500 tasks started.alibaba-us-east-1-alibaba-json-512-512-591: 2500/2500 tasks started.azure-germanywestcentral-azure-json-512-512-120: 2500/2500 tasks started.gcp-us-east1-gcp-json-512-512-269: 2500/2500 tasks started.
[2025-12-04T05:35:17Z] [[31merror[0m] [task_execution] Error executing task azure-json-512: task azure-json-512 failed after 7 retries: <nil>
[2025-12-04T05:35:19Z] [[36minfo[0m] [progress_update] alibaba-us-east-1-alibaba-json-512-512-591: 2500/2500 tasks started.azure-germanywestcentral-azure-json-512-512-120: 2500/2500 tasks started.gcp-us-east1-gcp-json-512-512-269: 2500/2500 tasks started.aws-us-east-1-aws-json-512-512-704: 2500/2500 tasks started.
[2025-12-04T05:35:19Z] [[31merror[0m] [task_execution] Error executing task azure-json-512: task azure-json-512 failed after 7 retries: <nil>
[2025-12-04T05:35:20Z] [[31merror[0m] [task_execution] Error executing task azure-json-512: task azure-json-512 failed after 7 retries: <nil>
[2025-12-04T05:35:20Z] [[31merror[0m] [task_execution] Error executing task azure-json-512: task azure-json-512 failed after 7 retries: <nil>
[2025-12-04T05:35:20Z] [[31merror[0m] [task_execution] Error executing task azure-json-512: task azure-json-512 failed after 7 retries: <nil>
[2025-12-04T05:35:21Z] [[31merror[0m] [task_execution] Error executing task azure-json-512: task azure-json-512 failed after 7 retries: <nil>
[2025-12-04T05:35:21Z] [[31merror[0m] [task_execution] Error executing task azure-json-512: task azure-json-512 failed after 7 retries: <nil>
[2025-12-04T05:35:21Z] [[31merror[0m] [task_execution] Error executing task azure-json-512: task azure-json-512 failed after 7 retries: <nil>
[2025-12-04T05:35:21Z] [[31merror[0m] [task_execution] Error executing task azure-json-512: task azure-json-512 failed after 7 retries: <nil>
[2025-12-04T05:35:21Z] [[31merror[0m] [task_execution] Error executing task azure-json-512: task azure-json-512 failed after 7 retries: <nil>
[2025-12-04T05:35:21Z] [[31merror[0m] [task_execution] Error executing task azure-json-512: task azure-json-512 failed after 7 retries: <nil>
[2025-12-04T05:35:21Z] [[31merror[0m] [task_execution] Error executing task azure-json-512: task azure-json-512 failed after 7 retries: <nil>
[2025-12-04T05:35:21Z] [[31merror[0m] [task_execution] Error executing task azure-json-512: task azure-json-512 failed after 7 retries: <nil>
[2025-12-04T05:35:21Z] [[31merror[0m] [task_execution] Error executing task azure-json-512: task azure-json-512 failed after 7 retries: <nil>
[2025-12-04T05:35:21Z] [[31merror[0m] [task_execution] Error executing task azure-json-512: task azure-json-512 failed after 7 retries: <nil>
[2025-12-04T05:35:21Z] [[31merror[0m] [task_execution] Error executing task azure-json-512: task azure-json-512 failed after 7 retries: <nil>
[2025-12-04T05:35:21Z] [[31merror[0m] [task_execution] Error executing task azure-json-512: task azure-json-512 failed after 7 retries: <nil>
[2025-12-04T05:35:21Z] [[31merror[0m] [task_execution] Error executing task azure-json-512: task azure-json-512 failed after 7 retries: <nil>
[2025-12-04T05:35:22Z] [[31merror[0m] [task_execution] Error executing task azure-json-512: task azure-json-512 failed after 7 retries: <nil>
[2025-12-04T05:35:22Z] [[31merror[0m] [task_execution] Error executing task azure-json-512: task azure-json-512 failed after 7 retries: <nil>
[2025-12-04T05:35:27Z] [[36minfo[0m] [function_finished] Finished benchmarking function azure-json-512 and closed archiver
[2025-12-04T05:35:29Z] [[36minfo[0m] [finish_timeline] Benchmark Timeline
[Thu Dec  4 05:35:29 UTC 2025] Finished benchmark 'json' successfully
[Thu Dec  4 05:35:29 UTC 2025] Sleeping 600 seconds before next workload...
