[Sun Dec  7 18:01:30 UTC 2025] Starting benchmark 'aesctr' with config './configs/aesCtr.yaml'
Validating functions...
[2025-12-07T18:01:30Z] [[36minfo[0m] [executor_setup] Setting up executor for aws-us-east-1-aws-aesCtr-512-512-296
[2025-12-07T18:01:30Z] [[36minfo[0m] [executor_setup] Setting up executor for alibaba-us-east-1-alibaba-aesCtr-512-512-491
[2025-12-07T18:01:30Z] [[36minfo[0m] [executor_setup] Setting up executor for azure-germanywestcentral-azure-aesCtr-512-512-734
[2025-12-07T18:01:30Z] [[0mwarning[0m] [[32mazure_limitations[0m] Azure can´t handle more than 300 parallel requests. Limiting to 300.
[2025-12-07T18:01:30Z] [[36minfo[0m] [executor_setup] Setting up executor for gcp-us-east1-gcp-aesCtr-512-512-470
[2025-12-07T18:01:30Z] [[36minfo[0m] [start_timeline] Benchmark Timeline
[2025-12-07T18:01:30Z] [[36minfo[0m] [load_generator_start] (aws: us-east-1) Starting load generator with 500 workers
[2025-12-07T18:01:30Z] [[36minfo[0m] [load_generator_start] (alibaba: us-east-1) Starting load generator with 500 workers
[2025-12-07T18:01:30Z] [[36minfo[0m] [load_generator_start] (azure: germanywestcentral) Starting load generator with 300 workers
[2025-12-07T18:01:30Z] [[36minfo[0m] [load_generator_start] (gcp: us-east1) Starting load generator with 300 workers
[2025-12-07T18:01:40Z] [[36minfo[0m] [progress_update] aws-us-east-1-aws-aesCtr-512-512-296: 2209/2500 tasks started.alibaba-us-east-1-alibaba-aesCtr-512-512-491: 2234/2500 tasks started.azure-germanywestcentral-azure-aesCtr-512-512-734: 610/2500 tasks started.gcp-us-east1-gcp-aesCtr-512-512-470: 586/2500 tasks started.
[2025-12-07T18:01:50Z] [[36minfo[0m] [progress_update] aws-us-east-1-aws-aesCtr-512-512-296: 2500/2500 tasks started.alibaba-us-east-1-alibaba-aesCtr-512-512-491: 2500/2500 tasks started.azure-germanywestcentral-azure-aesCtr-512-512-734: 610/2500 tasks started.gcp-us-east1-gcp-aesCtr-512-512-470: 1168/2500 tasks started.
[2025-12-07T18:01:55Z] [[36minfo[0m] [function_finished] Finished benchmarking function aws-aesCtr-512 and closed archiver
[2025-12-07T18:02:00Z] [[36minfo[0m] [progress_update] aws-us-east-1-aws-aesCtr-512-512-296: 2500/2500 tasks started.alibaba-us-east-1-alibaba-aesCtr-512-512-491: 2500/2500 tasks started.azure-germanywestcentral-azure-aesCtr-512-512-734: 1399/2500 tasks started.gcp-us-east1-gcp-aesCtr-512-512-470: 1728/2500 tasks started.
[2025-12-07T18:02:10Z] [[36minfo[0m] [progress_update] aws-us-east-1-aws-aesCtr-512-512-296: 2500/2500 tasks started.alibaba-us-east-1-alibaba-aesCtr-512-512-491: 2500/2500 tasks started.azure-germanywestcentral-azure-aesCtr-512-512-734: 1981/2500 tasks started.gcp-us-east1-gcp-aesCtr-512-512-470: 2270/2500 tasks started.
[2025-12-07T18:02:17Z] [[36minfo[0m] [function_finished] Finished benchmarking function alibaba-aesCtr-512 and closed archiver
[2025-12-07T18:02:20Z] [[36minfo[0m] [progress_update] aws-us-east-1-aws-aesCtr-512-512-296: 2500/2500 tasks started.alibaba-us-east-1-alibaba-aesCtr-512-512-491: 2500/2500 tasks started.azure-germanywestcentral-azure-aesCtr-512-512-734: 2201/2500 tasks started.gcp-us-east1-gcp-aesCtr-512-512-470: 2500/2500 tasks started.
[2025-12-07T18:02:30Z] [[36minfo[0m] [progress_update] alibaba-us-east-1-alibaba-aesCtr-512-512-491: 2500/2500 tasks started.azure-germanywestcentral-azure-aesCtr-512-512-734: 2207/2500 tasks started.gcp-us-east1-gcp-aesCtr-512-512-470: 2500/2500 tasks started.aws-us-east-1-aws-aesCtr-512-512-296: 2500/2500 tasks started.
[2025-12-07T18:02:40Z] [[36minfo[0m] [progress_update] gcp-us-east1-gcp-aesCtr-512-512-470: 2500/2500 tasks started.aws-us-east-1-aws-aesCtr-512-512-296: 2500/2500 tasks started.alibaba-us-east-1-alibaba-aesCtr-512-512-491: 2500/2500 tasks started.azure-germanywestcentral-azure-aesCtr-512-512-734: 2220/2500 tasks started.
[2025-12-07T18:02:44Z] [[36minfo[0m] [function_finished] Finished benchmarking function gcp-aesCtr-512 and closed archiver
[2025-12-07T18:02:50Z] [[36minfo[0m] [progress_update] aws-us-east-1-aws-aesCtr-512-512-296: 2500/2500 tasks started.alibaba-us-east-1-alibaba-aesCtr-512-512-491: 2500/2500 tasks started.azure-germanywestcentral-azure-aesCtr-512-512-734: 2249/2500 tasks started.gcp-us-east1-gcp-aesCtr-512-512-470: 2500/2500 tasks started.
[2025-12-07T18:03:00Z] [[36minfo[0m] [progress_update] alibaba-us-east-1-alibaba-aesCtr-512-512-491: 2500/2500 tasks started.azure-germanywestcentral-azure-aesCtr-512-512-734: 2275/2500 tasks started.gcp-us-east1-gcp-aesCtr-512-512-470: 2500/2500 tasks started.aws-us-east-1-aws-aesCtr-512-512-296: 2500/2500 tasks started.
[2025-12-07T18:03:10Z] [[36minfo[0m] [progress_update] gcp-us-east1-gcp-aesCtr-512-512-470: 2500/2500 tasks started.aws-us-east-1-aws-aesCtr-512-512-296: 2500/2500 tasks started.alibaba-us-east-1-alibaba-aesCtr-512-512-491: 2500/2500 tasks started.azure-germanywestcentral-azure-aesCtr-512-512-734: 2299/2500 tasks started.
[2025-12-07T18:03:20Z] [[36minfo[0m] [progress_update] aws-us-east-1-aws-aesCtr-512-512-296: 2500/2500 tasks started.alibaba-us-east-1-alibaba-aesCtr-512-512-491: 2500/2500 tasks started.azure-germanywestcentral-azure-aesCtr-512-512-734: 2444/2500 tasks started.gcp-us-east1-gcp-aesCtr-512-512-470: 2500/2500 tasks started.
[2025-12-07T18:03:30Z] [[36minfo[0m] [progress_update] gcp-us-east1-gcp-aesCtr-512-512-470: 2500/2500 tasks started.aws-us-east-1-aws-aesCtr-512-512-296: 2500/2500 tasks started.alibaba-us-east-1-alibaba-aesCtr-512-512-491: 2500/2500 tasks started.azure-germanywestcentral-azure-aesCtr-512-512-734: 2500/2500 tasks started.
[2025-12-07T18:03:40Z] [[36minfo[0m] [progress_update] aws-us-east-1-aws-aesCtr-512-512-296: 2500/2500 tasks started.alibaba-us-east-1-alibaba-aesCtr-512-512-491: 2500/2500 tasks started.azure-germanywestcentral-azure-aesCtr-512-512-734: 2500/2500 tasks started.gcp-us-east1-gcp-aesCtr-512-512-470: 2500/2500 tasks started.
[2025-12-07T18:03:50Z] [[36minfo[0m] [progress_update] azure-germanywestcentral-azure-aesCtr-512-512-734: 2500/2500 tasks started.gcp-us-east1-gcp-aesCtr-512-512-470: 2500/2500 tasks started.aws-us-east-1-aws-aesCtr-512-512-296: 2500/2500 tasks started.alibaba-us-east-1-alibaba-aesCtr-512-512-491: 2500/2500 tasks started.
[2025-12-07T18:04:00Z] [[36minfo[0m] [progress_update] azure-germanywestcentral-azure-aesCtr-512-512-734: 2500/2500 tasks started.gcp-us-east1-gcp-aesCtr-512-512-470: 2500/2500 tasks started.aws-us-east-1-aws-aesCtr-512-512-296: 2500/2500 tasks started.alibaba-us-east-1-alibaba-aesCtr-512-512-491: 2500/2500 tasks started.
[2025-12-07T18:04:10Z] [[36minfo[0m] [progress_update] gcp-us-east1-gcp-aesCtr-512-512-470: 2500/2500 tasks started.aws-us-east-1-aws-aesCtr-512-512-296: 2500/2500 tasks started.alibaba-us-east-1-alibaba-aesCtr-512-512-491: 2500/2500 tasks started.azure-germanywestcentral-azure-aesCtr-512-512-734: 2500/2500 tasks started.
[2025-12-07T18:04:20Z] [[36minfo[0m] [progress_update] aws-us-east-1-aws-aesCtr-512-512-296: 2500/2500 tasks started.alibaba-us-east-1-alibaba-aesCtr-512-512-491: 2500/2500 tasks started.azure-germanywestcentral-azure-aesCtr-512-512-734: 2500/2500 tasks started.gcp-us-east1-gcp-aesCtr-512-512-470: 2500/2500 tasks started.
[2025-12-07T18:04:30Z] [[36minfo[0m] [progress_update] aws-us-east-1-aws-aesCtr-512-512-296: 2500/2500 tasks started.alibaba-us-east-1-alibaba-aesCtr-512-512-491: 2500/2500 tasks started.azure-germanywestcentral-azure-aesCtr-512-512-734: 2500/2500 tasks started.gcp-us-east1-gcp-aesCtr-512-512-470: 2500/2500 tasks started.
[2025-12-07T18:04:40Z] [[36minfo[0m] [progress_update] azure-germanywestcentral-azure-aesCtr-512-512-734: 2500/2500 tasks started.gcp-us-east1-gcp-aesCtr-512-512-470: 2500/2500 tasks started.aws-us-east-1-aws-aesCtr-512-512-296: 2500/2500 tasks started.alibaba-us-east-1-alibaba-aesCtr-512-512-491: 2500/2500 tasks started.
[2025-12-07T18:04:50Z] [[36minfo[0m] [progress_update] aws-us-east-1-aws-aesCtr-512-512-296: 2500/2500 tasks started.alibaba-us-east-1-alibaba-aesCtr-512-512-491: 2500/2500 tasks started.azure-germanywestcentral-azure-aesCtr-512-512-734: 2500/2500 tasks started.gcp-us-east1-gcp-aesCtr-512-512-470: 2500/2500 tasks started.
[2025-12-07T18:05:00Z] [[36minfo[0m] [progress_update] alibaba-us-east-1-alibaba-aesCtr-512-512-491: 2500/2500 tasks started.azure-germanywestcentral-azure-aesCtr-512-512-734: 2500/2500 tasks started.gcp-us-east1-gcp-aesCtr-512-512-470: 2500/2500 tasks started.aws-us-east-1-aws-aesCtr-512-512-296: 2500/2500 tasks started.
[2025-12-07T18:05:10Z] [[36minfo[0m] [progress_update] alibaba-us-east-1-alibaba-aesCtr-512-512-491: 2500/2500 tasks started.azure-germanywestcentral-azure-aesCtr-512-512-734: 2500/2500 tasks started.gcp-us-east1-gcp-aesCtr-512-512-470: 2500/2500 tasks started.aws-us-east-1-aws-aesCtr-512-512-296: 2500/2500 tasks started.
[2025-12-07T18:05:20Z] [[36minfo[0m] [progress_update] aws-us-east-1-aws-aesCtr-512-512-296: 2500/2500 tasks started.alibaba-us-east-1-alibaba-aesCtr-512-512-491: 2500/2500 tasks started.azure-germanywestcentral-azure-aesCtr-512-512-734: 2500/2500 tasks started.gcp-us-east1-gcp-aesCtr-512-512-470: 2500/2500 tasks started.
[2025-12-07T18:05:30Z] [[36minfo[0m] [progress_update] aws-us-east-1-aws-aesCtr-512-512-296: 2500/2500 tasks started.alibaba-us-east-1-alibaba-aesCtr-512-512-491: 2500/2500 tasks started.azure-germanywestcentral-azure-aesCtr-512-512-734: 2500/2500 tasks started.gcp-us-east1-gcp-aesCtr-512-512-470: 2500/2500 tasks started.
[2025-12-07T18:05:40Z] [[36minfo[0m] [progress_update] aws-us-east-1-aws-aesCtr-512-512-296: 2500/2500 tasks started.alibaba-us-east-1-alibaba-aesCtr-512-512-491: 2500/2500 tasks started.azure-germanywestcentral-azure-aesCtr-512-512-734: 2500/2500 tasks started.gcp-us-east1-gcp-aesCtr-512-512-470: 2500/2500 tasks started.
[2025-12-07T18:05:50Z] [[36minfo[0m] [progress_update] azure-germanywestcentral-azure-aesCtr-512-512-734: 2500/2500 tasks started.gcp-us-east1-gcp-aesCtr-512-512-470: 2500/2500 tasks started.aws-us-east-1-aws-aesCtr-512-512-296: 2500/2500 tasks started.alibaba-us-east-1-alibaba-aesCtr-512-512-491: 2500/2500 tasks started.
[2025-12-07T18:06:00Z] [[36minfo[0m] [progress_update] azure-germanywestcentral-azure-aesCtr-512-512-734: 2500/2500 tasks started.gcp-us-east1-gcp-aesCtr-512-512-470: 2500/2500 tasks started.aws-us-east-1-aws-aesCtr-512-512-296: 2500/2500 tasks started.alibaba-us-east-1-alibaba-aesCtr-512-512-491: 2500/2500 tasks started.
[2025-12-07T18:06:10Z] [[36minfo[0m] [progress_update] gcp-us-east1-gcp-aesCtr-512-512-470: 2500/2500 tasks started.aws-us-east-1-aws-aesCtr-512-512-296: 2500/2500 tasks started.alibaba-us-east-1-alibaba-aesCtr-512-512-491: 2500/2500 tasks started.azure-germanywestcentral-azure-aesCtr-512-512-734: 2500/2500 tasks started.
[2025-12-07T18:06:20Z] [[36minfo[0m] [progress_update] aws-us-east-1-aws-aesCtr-512-512-296: 2500/2500 tasks started.alibaba-us-east-1-alibaba-aesCtr-512-512-491: 2500/2500 tasks started.azure-germanywestcentral-azure-aesCtr-512-512-734: 2500/2500 tasks started.gcp-us-east1-gcp-aesCtr-512-512-470: 2500/2500 tasks started.
[2025-12-07T18:06:25Z] [[31merror[0m] [task_execution] Error executing task azure-aesCtr-512: task azure-aesCtr-512 failed after 7 retries: <nil>
[2025-12-07T18:06:25Z] [[31merror[0m] [task_execution] Error executing task azure-aesCtr-512: task azure-aesCtr-512 failed after 7 retries: <nil>
[2025-12-07T18:06:25Z] [[31merror[0m] [task_execution] Error executing task azure-aesCtr-512: task azure-aesCtr-512 failed after 7 retries: <nil>
[2025-12-07T18:06:25Z] [[31merror[0m] [task_execution] Error executing task azure-aesCtr-512: task azure-aesCtr-512 failed after 7 retries: <nil>
[2025-12-07T18:06:25Z] [[31merror[0m] [task_execution] Error executing task azure-aesCtr-512: task azure-aesCtr-512 failed after 7 retries: <nil>
[2025-12-07T18:06:25Z] [[31merror[0m] [task_execution] Error executing task azure-aesCtr-512: task azure-aesCtr-512 failed after 7 retries: <nil>
[2025-12-07T18:06:25Z] [[31merror[0m] [task_execution] Error executing task azure-aesCtr-512: task azure-aesCtr-512 failed after 7 retries: <nil>
[2025-12-07T18:06:25Z] [[31merror[0m] [task_execution] Error executing task azure-aesCtr-512: task azure-aesCtr-512 failed after 7 retries: <nil>
[2025-12-07T18:06:25Z] [[31merror[0m] [task_execution] Error executing task azure-aesCtr-512: task azure-aesCtr-512 failed after 7 retries: <nil>
[2025-12-07T18:06:26Z] [[31merror[0m] [task_execution] Error executing task azure-aesCtr-512: task azure-aesCtr-512 failed after 7 retries: <nil>
[2025-12-07T18:06:26Z] [[31merror[0m] [task_execution] Error executing task azure-aesCtr-512: task azure-aesCtr-512 failed after 7 retries: <nil>
[2025-12-07T18:06:26Z] [[31merror[0m] [task_execution] Error executing task azure-aesCtr-512: task azure-aesCtr-512 failed after 7 retries: <nil>
[2025-12-07T18:06:26Z] [[31merror[0m] [task_execution] Error executing task azure-aesCtr-512: task azure-aesCtr-512 failed after 7 retries: <nil>
[2025-12-07T18:06:26Z] [[31merror[0m] [task_execution] Error executing task azure-aesCtr-512: task azure-aesCtr-512 failed after 7 retries: <nil>
[2025-12-07T18:06:26Z] [[31merror[0m] [task_execution] Error executing task azure-aesCtr-512: task azure-aesCtr-512 failed after 7 retries: <nil>
[2025-12-07T18:06:26Z] [[31merror[0m] [task_execution] Error executing task azure-aesCtr-512: task azure-aesCtr-512 failed after 7 retries: <nil>
[2025-12-07T18:06:26Z] [[31merror[0m] [task_execution] Error executing task azure-aesCtr-512: task azure-aesCtr-512 failed after 7 retries: <nil>
[2025-12-07T18:06:26Z] [[31merror[0m] [task_execution] Error executing task azure-aesCtr-512: task azure-aesCtr-512 failed after 7 retries: <nil>
[2025-12-07T18:06:26Z] [[31merror[0m] [task_execution] Error executing task azure-aesCtr-512: task azure-aesCtr-512 failed after 7 retries: <nil>
[2025-12-07T18:06:26Z] [[31merror[0m] [task_execution] Error executing task azure-aesCtr-512: task azure-aesCtr-512 failed after 7 retries: <nil>
[2025-12-07T18:06:26Z] [[31merror[0m] [task_execution] Error executing task azure-aesCtr-512: task azure-aesCtr-512 failed after 7 retries: <nil>
[2025-12-07T18:06:26Z] [[31merror[0m] [task_execution] Error executing task azure-aesCtr-512: task azure-aesCtr-512 failed after 7 retries: <nil>
[2025-12-07T18:06:26Z] [[31merror[0m] [task_execution] Error executing task azure-aesCtr-512: task azure-aesCtr-512 failed after 7 retries: <nil>
[2025-12-07T18:06:26Z] [[31merror[0m] [task_execution] Error executing task azure-aesCtr-512: task azure-aesCtr-512 failed after 7 retries: <nil>
[2025-12-07T18:06:27Z] [[31merror[0m] [task_execution] Error executing task azure-aesCtr-512: task azure-aesCtr-512 failed after 7 retries: <nil>
[2025-12-07T18:06:27Z] [[31merror[0m] [task_execution] Error executing task azure-aesCtr-512: task azure-aesCtr-512 failed after 7 retries: <nil>
[2025-12-07T18:06:30Z] [[36minfo[0m] [progress_update] aws-us-east-1-aws-aesCtr-512-512-296: 2500/2500 tasks started.alibaba-us-east-1-alibaba-aesCtr-512-512-491: 2500/2500 tasks started.azure-germanywestcentral-azure-aesCtr-512-512-734: 2500/2500 tasks started.gcp-us-east1-gcp-aesCtr-512-512-470: 2500/2500 tasks started.
[2025-12-07T18:06:32Z] [[36minfo[0m] [function_finished] Finished benchmarking function azure-aesCtr-512 and closed archiver
[2025-12-07T18:06:34Z] [[36minfo[0m] [finish_timeline] Benchmark Timeline
[Sun Dec  7 18:06:34 UTC 2025] Finished benchmark 'aesctr' successfully
