[Sun Nov 30 05:45:45 UTC 2025] Starting benchmark 'gemm' with config './configs/gemm.yaml'
Validating functions...
[2025-11-30T05:45:45Z] [[36minfo[0m] [executor_setup] Setting up executor for aws-us-east-1-aws-gemm-512-512-919
[2025-11-30T05:45:45Z] [[36minfo[0m] [executor_setup] Setting up executor for alibaba-us-east-1-alibaba-gemm-512-512-698
[2025-11-30T05:45:45Z] [[36minfo[0m] [executor_setup] Setting up executor for gcp-us-east1-gcp-gemm-512-512-377
[2025-11-30T05:45:45Z] [[36minfo[0m] [executor_setup] Setting up executor for azure-germanywestcentral-azure-gemm-512-512-680
[2025-11-30T05:45:45Z] [[0mwarning[0m] [[32mazure_limitations[0m] Azure can´t handle more than 300 parallel requests. Limiting to 300.
[2025-11-30T05:45:45Z] [[36minfo[0m] [start_timeline] Benchmark Timeline
[2025-11-30T05:45:45Z] [[36minfo[0m] [load_generator_start] (aws: us-east-1) Starting load generator with 500 workers
[2025-11-30T05:45:45Z] [[36minfo[0m] [load_generator_start] (azure: germanywestcentral) Starting load generator with 300 workers
[2025-11-30T05:45:45Z] [[36minfo[0m] [load_generator_start] (alibaba: us-east-1) Starting load generator with 500 workers
[2025-11-30T05:45:45Z] [[36minfo[0m] [load_generator_start] (gcp: us-east1) Starting load generator with 500 workers
[2025-11-30T05:45:55Z] [[36minfo[0m] [progress_update] aws-us-east-1-aws-gemm-512-512-919: 1767/2500 tasks started.alibaba-us-east-1-alibaba-gemm-512-512-698: 1265/2500 tasks started.gcp-us-east1-gcp-gemm-512-512-377: 1724/2500 tasks started.azure-germanywestcentral-azure-gemm-512-512-680: 714/2500 tasks started.
[2025-11-30T05:46:05Z] [[36minfo[0m] [progress_update] aws-us-east-1-aws-gemm-512-512-919: 2500/2500 tasks started.alibaba-us-east-1-alibaba-gemm-512-512-698: 2302/2500 tasks started.gcp-us-east1-gcp-gemm-512-512-377: 2500/2500 tasks started.azure-germanywestcentral-azure-gemm-512-512-680: 734/2500 tasks started.
[2025-11-30T05:46:15Z] [[36minfo[0m] [progress_update] aws-us-east-1-aws-gemm-512-512-919: 2500/2500 tasks started.alibaba-us-east-1-alibaba-gemm-512-512-698: 2500/2500 tasks started.gcp-us-east1-gcp-gemm-512-512-377: 2500/2500 tasks started.azure-germanywestcentral-azure-gemm-512-512-680: 1354/2500 tasks started.
[2025-11-30T05:46:15Z] [[36minfo[0m] [function_finished] Finished benchmarking function aws-gemm-512 and closed archiver
[2025-11-30T05:46:22Z] [[36minfo[0m] [function_finished] Finished benchmarking function gcp-gemm-512 and closed archiver
[2025-11-30T05:46:25Z] [[36minfo[0m] [progress_update] aws-us-east-1-aws-gemm-512-512-919: 2500/2500 tasks started.alibaba-us-east-1-alibaba-gemm-512-512-698: 2500/2500 tasks started.gcp-us-east1-gcp-gemm-512-512-377: 2500/2500 tasks started.azure-germanywestcentral-azure-gemm-512-512-680: 1889/2500 tasks started.
[2025-11-30T05:46:35Z] [[36minfo[0m] [progress_update] aws-us-east-1-aws-gemm-512-512-919: 2500/2500 tasks started.alibaba-us-east-1-alibaba-gemm-512-512-698: 2500/2500 tasks started.gcp-us-east1-gcp-gemm-512-512-377: 2500/2500 tasks started.azure-germanywestcentral-azure-gemm-512-512-680: 2499/2500 tasks started.
[2025-11-30T05:46:45Z] [[36minfo[0m] [progress_update] alibaba-us-east-1-alibaba-gemm-512-512-698: 2500/2500 tasks started.gcp-us-east1-gcp-gemm-512-512-377: 2500/2500 tasks started.azure-germanywestcentral-azure-gemm-512-512-680: 2500/2500 tasks started.aws-us-east-1-aws-gemm-512-512-919: 2500/2500 tasks started.
[2025-11-30T05:46:55Z] [[36minfo[0m] [progress_update] aws-us-east-1-aws-gemm-512-512-919: 2500/2500 tasks started.alibaba-us-east-1-alibaba-gemm-512-512-698: 2500/2500 tasks started.gcp-us-east1-gcp-gemm-512-512-377: 2500/2500 tasks started.azure-germanywestcentral-azure-gemm-512-512-680: 2500/2500 tasks started.
[2025-11-30T05:47:05Z] [[36minfo[0m] [progress_update] gcp-us-east1-gcp-gemm-512-512-377: 2500/2500 tasks started.azure-germanywestcentral-azure-gemm-512-512-680: 2500/2500 tasks started.aws-us-east-1-aws-gemm-512-512-919: 2500/2500 tasks started.alibaba-us-east-1-alibaba-gemm-512-512-698: 2500/2500 tasks started.
[2025-11-30T05:47:15Z] [[36minfo[0m] [progress_update] gcp-us-east1-gcp-gemm-512-512-377: 2500/2500 tasks started.azure-germanywestcentral-azure-gemm-512-512-680: 2500/2500 tasks started.aws-us-east-1-aws-gemm-512-512-919: 2500/2500 tasks started.alibaba-us-east-1-alibaba-gemm-512-512-698: 2500/2500 tasks started.
[2025-11-30T05:47:25Z] [[36minfo[0m] [progress_update] aws-us-east-1-aws-gemm-512-512-919: 2500/2500 tasks started.alibaba-us-east-1-alibaba-gemm-512-512-698: 2500/2500 tasks started.gcp-us-east1-gcp-gemm-512-512-377: 2500/2500 tasks started.azure-germanywestcentral-azure-gemm-512-512-680: 2500/2500 tasks started.
[2025-11-30T05:47:35Z] [[36minfo[0m] [progress_update] gcp-us-east1-gcp-gemm-512-512-377: 2500/2500 tasks started.azure-germanywestcentral-azure-gemm-512-512-680: 2500/2500 tasks started.aws-us-east-1-aws-gemm-512-512-919: 2500/2500 tasks started.alibaba-us-east-1-alibaba-gemm-512-512-698: 2500/2500 tasks started.
[2025-11-30T05:47:45Z] [[36minfo[0m] [progress_update] gcp-us-east1-gcp-gemm-512-512-377: 2500/2500 tasks started.azure-germanywestcentral-azure-gemm-512-512-680: 2500/2500 tasks started.aws-us-east-1-aws-gemm-512-512-919: 2500/2500 tasks started.alibaba-us-east-1-alibaba-gemm-512-512-698: 2500/2500 tasks started.
[2025-11-30T05:47:55Z] [[36minfo[0m] [progress_update] gcp-us-east1-gcp-gemm-512-512-377: 2500/2500 tasks started.azure-germanywestcentral-azure-gemm-512-512-680: 2500/2500 tasks started.aws-us-east-1-aws-gemm-512-512-919: 2500/2500 tasks started.alibaba-us-east-1-alibaba-gemm-512-512-698: 2500/2500 tasks started.
[2025-11-30T05:48:05Z] [[36minfo[0m] [progress_update] aws-us-east-1-aws-gemm-512-512-919: 2500/2500 tasks started.alibaba-us-east-1-alibaba-gemm-512-512-698: 2500/2500 tasks started.gcp-us-east1-gcp-gemm-512-512-377: 2500/2500 tasks started.azure-germanywestcentral-azure-gemm-512-512-680: 2500/2500 tasks started.
[2025-11-30T05:48:12Z] [[36minfo[0m] [function_finished] Finished benchmarking function alibaba-gemm-512 and closed archiver
[2025-11-30T05:48:15Z] [[36minfo[0m] [progress_update] aws-us-east-1-aws-gemm-512-512-919: 2500/2500 tasks started.alibaba-us-east-1-alibaba-gemm-512-512-698: 2500/2500 tasks started.gcp-us-east1-gcp-gemm-512-512-377: 2500/2500 tasks started.azure-germanywestcentral-azure-gemm-512-512-680: 2500/2500 tasks started.
[2025-11-30T05:48:25Z] [[36minfo[0m] [progress_update] aws-us-east-1-aws-gemm-512-512-919: 2500/2500 tasks started.alibaba-us-east-1-alibaba-gemm-512-512-698: 2500/2500 tasks started.gcp-us-east1-gcp-gemm-512-512-377: 2500/2500 tasks started.azure-germanywestcentral-azure-gemm-512-512-680: 2500/2500 tasks started.
[2025-11-30T05:48:35Z] [[36minfo[0m] [progress_update] aws-us-east-1-aws-gemm-512-512-919: 2500/2500 tasks started.alibaba-us-east-1-alibaba-gemm-512-512-698: 2500/2500 tasks started.gcp-us-east1-gcp-gemm-512-512-377: 2500/2500 tasks started.azure-germanywestcentral-azure-gemm-512-512-680: 2500/2500 tasks started.
[2025-11-30T05:48:45Z] [[36minfo[0m] [progress_update] gcp-us-east1-gcp-gemm-512-512-377: 2500/2500 tasks started.azure-germanywestcentral-azure-gemm-512-512-680: 2500/2500 tasks started.aws-us-east-1-aws-gemm-512-512-919: 2500/2500 tasks started.alibaba-us-east-1-alibaba-gemm-512-512-698: 2500/2500 tasks started.
[2025-11-30T05:48:55Z] [[36minfo[0m] [progress_update] gcp-us-east1-gcp-gemm-512-512-377: 2500/2500 tasks started.azure-germanywestcentral-azure-gemm-512-512-680: 2500/2500 tasks started.aws-us-east-1-aws-gemm-512-512-919: 2500/2500 tasks started.alibaba-us-east-1-alibaba-gemm-512-512-698: 2500/2500 tasks started.
[2025-11-30T05:49:05Z] [[36minfo[0m] [progress_update] aws-us-east-1-aws-gemm-512-512-919: 2500/2500 tasks started.alibaba-us-east-1-alibaba-gemm-512-512-698: 2500/2500 tasks started.gcp-us-east1-gcp-gemm-512-512-377: 2500/2500 tasks started.azure-germanywestcentral-azure-gemm-512-512-680: 2500/2500 tasks started.
[2025-11-30T05:49:15Z] [[36minfo[0m] [progress_update] aws-us-east-1-aws-gemm-512-512-919: 2500/2500 tasks started.alibaba-us-east-1-alibaba-gemm-512-512-698: 2500/2500 tasks started.gcp-us-east1-gcp-gemm-512-512-377: 2500/2500 tasks started.azure-germanywestcentral-azure-gemm-512-512-680: 2500/2500 tasks started.
[2025-11-30T05:49:25Z] [[36minfo[0m] [progress_update] aws-us-east-1-aws-gemm-512-512-919: 2500/2500 tasks started.alibaba-us-east-1-alibaba-gemm-512-512-698: 2500/2500 tasks started.gcp-us-east1-gcp-gemm-512-512-377: 2500/2500 tasks started.azure-germanywestcentral-azure-gemm-512-512-680: 2500/2500 tasks started.
[2025-11-30T05:49:35Z] [[36minfo[0m] [progress_update] azure-germanywestcentral-azure-gemm-512-512-680: 2500/2500 tasks started.aws-us-east-1-aws-gemm-512-512-919: 2500/2500 tasks started.alibaba-us-east-1-alibaba-gemm-512-512-698: 2500/2500 tasks started.gcp-us-east1-gcp-gemm-512-512-377: 2500/2500 tasks started.
[2025-11-30T05:49:45Z] [[36minfo[0m] [progress_update] aws-us-east-1-aws-gemm-512-512-919: 2500/2500 tasks started.alibaba-us-east-1-alibaba-gemm-512-512-698: 2500/2500 tasks started.gcp-us-east1-gcp-gemm-512-512-377: 2500/2500 tasks started.azure-germanywestcentral-azure-gemm-512-512-680: 2500/2500 tasks started.
[2025-11-30T05:49:55Z] [[36minfo[0m] [progress_update] alibaba-us-east-1-alibaba-gemm-512-512-698: 2500/2500 tasks started.gcp-us-east1-gcp-gemm-512-512-377: 2500/2500 tasks started.azure-germanywestcentral-azure-gemm-512-512-680: 2500/2500 tasks started.aws-us-east-1-aws-gemm-512-512-919: 2500/2500 tasks started.
[2025-11-30T05:50:05Z] [[36minfo[0m] [progress_update] alibaba-us-east-1-alibaba-gemm-512-512-698: 2500/2500 tasks started.gcp-us-east1-gcp-gemm-512-512-377: 2500/2500 tasks started.azure-germanywestcentral-azure-gemm-512-512-680: 2500/2500 tasks started.aws-us-east-1-aws-gemm-512-512-919: 2500/2500 tasks started.
[2025-11-30T05:50:15Z] [[36minfo[0m] [progress_update] gcp-us-east1-gcp-gemm-512-512-377: 2500/2500 tasks started.azure-germanywestcentral-azure-gemm-512-512-680: 2500/2500 tasks started.aws-us-east-1-aws-gemm-512-512-919: 2500/2500 tasks started.alibaba-us-east-1-alibaba-gemm-512-512-698: 2500/2500 tasks started.
[2025-11-30T05:50:24Z] [[31merror[0m] [task_execution] Error executing task azure-gemm-512: task azure-gemm-512 failed after 7 retries: <nil>
[2025-11-30T05:50:24Z] [[31merror[0m] [task_execution] Error executing task azure-gemm-512: task azure-gemm-512 failed after 7 retries: <nil>
[2025-11-30T05:50:24Z] [[31merror[0m] [task_execution] Error executing task azure-gemm-512: task azure-gemm-512 failed after 7 retries: <nil>
[2025-11-30T05:50:24Z] [[31merror[0m] [task_execution] Error executing task azure-gemm-512: task azure-gemm-512 failed after 7 retries: <nil>
[2025-11-30T05:50:24Z] [[31merror[0m] [task_execution] Error executing task azure-gemm-512: task azure-gemm-512 failed after 7 retries: <nil>
[2025-11-30T05:50:24Z] [[31merror[0m] [task_execution] Error executing task azure-gemm-512: task azure-gemm-512 failed after 7 retries: <nil>
[2025-11-30T05:50:24Z] [[31merror[0m] [task_execution] Error executing task azure-gemm-512: task azure-gemm-512 failed after 7 retries: <nil>
[2025-11-30T05:50:24Z] [[31merror[0m] [task_execution] Error executing task azure-gemm-512: task azure-gemm-512 failed after 7 retries: <nil>
[2025-11-30T05:50:24Z] [[31merror[0m] [task_execution] Error executing task azure-gemm-512: task azure-gemm-512 failed after 7 retries: <nil>
[2025-11-30T05:50:24Z] [[31merror[0m] [task_execution] Error executing task azure-gemm-512: task azure-gemm-512 failed after 7 retries: <nil>
[2025-11-30T05:50:25Z] [[36minfo[0m] [progress_update] alibaba-us-east-1-alibaba-gemm-512-512-698: 2500/2500 tasks started.gcp-us-east1-gcp-gemm-512-512-377: 2500/2500 tasks started.azure-germanywestcentral-azure-gemm-512-512-680: 2500/2500 tasks started.aws-us-east-1-aws-gemm-512-512-919: 2500/2500 tasks started.
[2025-11-30T05:50:35Z] [[36minfo[0m] [progress_update] aws-us-east-1-aws-gemm-512-512-919: 2500/2500 tasks started.alibaba-us-east-1-alibaba-gemm-512-512-698: 2500/2500 tasks started.gcp-us-east1-gcp-gemm-512-512-377: 2500/2500 tasks started.azure-germanywestcentral-azure-gemm-512-512-680: 2500/2500 tasks started.
[2025-11-30T05:50:42Z] [[31merror[0m] [task_execution] Error executing task azure-gemm-512: task azure-gemm-512 failed after 7 retries: <nil>
[2025-11-30T05:50:43Z] [[31merror[0m] [task_execution] Error executing task azure-gemm-512: task azure-gemm-512 failed after 7 retries: <nil>
[2025-11-30T05:50:43Z] [[31merror[0m] [task_execution] Error executing task azure-gemm-512: task azure-gemm-512 failed after 7 retries: <nil>
[2025-11-30T05:50:45Z] [[36minfo[0m] [progress_update] azure-germanywestcentral-azure-gemm-512-512-680: 2500/2500 tasks started.aws-us-east-1-aws-gemm-512-512-919: 2500/2500 tasks started.alibaba-us-east-1-alibaba-gemm-512-512-698: 2500/2500 tasks started.gcp-us-east1-gcp-gemm-512-512-377: 2500/2500 tasks started.
[2025-11-30T05:50:48Z] [[36minfo[0m] [function_finished] Finished benchmarking function azure-gemm-512 and closed archiver
[2025-11-30T05:50:50Z] [[36minfo[0m] [finish_timeline] Benchmark Timeline
[Sun Nov 30 05:50:50 UTC 2025] Finished benchmark 'gemm' successfully
[Sun Nov 30 05:50:50 UTC 2025] Sleeping 600 seconds before next workload...
