[Sat Dec  6 11:46:59 UTC 2025] Starting benchmark 'gzip' with config './configs/gzip.yaml'
Validating functions...
[2025-12-06T11:46:59Z] [[36minfo[0m] [executor_setup] Setting up executor for aws-us-east-1-aws-gzip-512-512-176
[2025-12-06T11:46:59Z] [[36minfo[0m] [executor_setup] Setting up executor for alibaba-us-east-1-alibaba-gzip-512-512-147
[2025-12-06T11:46:59Z] [[36minfo[0m] [executor_setup] Setting up executor for azure-germanywestcentral-azure-gzip-512-512-222
[2025-12-06T11:46:59Z] [[0mwarning[0m] [[32mazure_limitations[0m] Azure can´t handle more than 300 parallel requests. Limiting to 300.
[2025-12-06T11:46:59Z] [[36minfo[0m] [executor_setup] Setting up executor for gcp-us-east1-gcp-gzip-512-512-412
[2025-12-06T11:46:59Z] [[36minfo[0m] [start_timeline] Benchmark Timeline
[2025-12-06T11:46:59Z] [[36minfo[0m] [load_generator_start] (gcp: us-east1) Starting load generator with 300 workers
[2025-12-06T11:46:59Z] [[36minfo[0m] [load_generator_start] (aws: us-east-1) Starting load generator with 500 workers
[2025-12-06T11:46:59Z] [[36minfo[0m] [load_generator_start] (alibaba: us-east-1) Starting load generator with 500 workers
[2025-12-06T11:46:59Z] [[36minfo[0m] [load_generator_start] (azure: germanywestcentral) Starting load generator with 300 workers
[2025-12-06T11:47:09Z] [[36minfo[0m] [progress_update] aws-us-east-1-aws-gzip-512-512-176: 1848/2500 tasks started.alibaba-us-east-1-alibaba-gzip-512-512-147: 1912/2500 tasks started.azure-germanywestcentral-azure-gzip-512-512-222: 676/2500 tasks started.gcp-us-east1-gcp-gzip-512-512-412: 1175/2500 tasks started.
[2025-12-06T11:47:19Z] [[36minfo[0m] [progress_update] azure-germanywestcentral-azure-gzip-512-512-222: 690/2500 tasks started.gcp-us-east1-gcp-gzip-512-512-412: 2263/2500 tasks started.aws-us-east-1-aws-gzip-512-512-176: 2500/2500 tasks started.alibaba-us-east-1-alibaba-gzip-512-512-147: 2500/2500 tasks started.
[2025-12-06T11:47:25Z] [[36minfo[0m] [function_finished] Finished benchmarking function aws-gzip-512 and closed archiver
[2025-12-06T11:47:29Z] [[36minfo[0m] [progress_update] azure-germanywestcentral-azure-gzip-512-512-222: 1332/2500 tasks started.gcp-us-east1-gcp-gzip-512-512-412: 2500/2500 tasks started.aws-us-east-1-aws-gzip-512-512-176: 2500/2500 tasks started.alibaba-us-east-1-alibaba-gzip-512-512-147: 2500/2500 tasks started.
[2025-12-06T11:47:38Z] [[36minfo[0m] [function_finished] Finished benchmarking function gcp-gzip-512 and closed archiver
[2025-12-06T11:47:39Z] [[36minfo[0m] [progress_update] aws-us-east-1-aws-gzip-512-512-176: 2500/2500 tasks started.alibaba-us-east-1-alibaba-gzip-512-512-147: 2500/2500 tasks started.azure-germanywestcentral-azure-gzip-512-512-222: 1900/2500 tasks started.gcp-us-east1-gcp-gzip-512-512-412: 2500/2500 tasks started.
[2025-12-06T11:47:49Z] [[36minfo[0m] [progress_update] gcp-us-east1-gcp-gzip-512-512-412: 2500/2500 tasks started.aws-us-east-1-aws-gzip-512-512-176: 2500/2500 tasks started.alibaba-us-east-1-alibaba-gzip-512-512-147: 2500/2500 tasks started.azure-germanywestcentral-azure-gzip-512-512-222: 2343/2500 tasks started.
[2025-12-06T11:47:59Z] [[36minfo[0m] [progress_update] aws-us-east-1-aws-gzip-512-512-176: 2500/2500 tasks started.alibaba-us-east-1-alibaba-gzip-512-512-147: 2500/2500 tasks started.azure-germanywestcentral-azure-gzip-512-512-222: 2387/2500 tasks started.gcp-us-east1-gcp-gzip-512-512-412: 2500/2500 tasks started.
[2025-12-06T11:48:09Z] [[36minfo[0m] [progress_update] aws-us-east-1-aws-gzip-512-512-176: 2500/2500 tasks started.alibaba-us-east-1-alibaba-gzip-512-512-147: 2500/2500 tasks started.azure-germanywestcentral-azure-gzip-512-512-222: 2393/2500 tasks started.gcp-us-east1-gcp-gzip-512-512-412: 2500/2500 tasks started.
[2025-12-06T11:48:19Z] [[36minfo[0m] [progress_update] aws-us-east-1-aws-gzip-512-512-176: 2500/2500 tasks started.alibaba-us-east-1-alibaba-gzip-512-512-147: 2500/2500 tasks started.azure-germanywestcentral-azure-gzip-512-512-222: 2401/2500 tasks started.gcp-us-east1-gcp-gzip-512-512-412: 2500/2500 tasks started.
[2025-12-06T11:48:29Z] [[36minfo[0m] [progress_update] aws-us-east-1-aws-gzip-512-512-176: 2500/2500 tasks started.alibaba-us-east-1-alibaba-gzip-512-512-147: 2500/2500 tasks started.azure-germanywestcentral-azure-gzip-512-512-222: 2407/2500 tasks started.gcp-us-east1-gcp-gzip-512-512-412: 2500/2500 tasks started.
[2025-12-06T11:48:39Z] [[36minfo[0m] [progress_update] alibaba-us-east-1-alibaba-gzip-512-512-147: 2500/2500 tasks started.azure-germanywestcentral-azure-gzip-512-512-222: 2407/2500 tasks started.gcp-us-east1-gcp-gzip-512-512-412: 2500/2500 tasks started.aws-us-east-1-aws-gzip-512-512-176: 2500/2500 tasks started.
[2025-12-06T11:48:43Z] [[36minfo[0m] [function_finished] Finished benchmarking function alibaba-gzip-512 and closed archiver
[2025-12-06T11:48:49Z] [[36minfo[0m] [progress_update] aws-us-east-1-aws-gzip-512-512-176: 2500/2500 tasks started.alibaba-us-east-1-alibaba-gzip-512-512-147: 2500/2500 tasks started.azure-germanywestcentral-azure-gzip-512-512-222: 2500/2500 tasks started.gcp-us-east1-gcp-gzip-512-512-412: 2500/2500 tasks started.
[2025-12-06T11:48:59Z] [[36minfo[0m] [progress_update] aws-us-east-1-aws-gzip-512-512-176: 2500/2500 tasks started.alibaba-us-east-1-alibaba-gzip-512-512-147: 2500/2500 tasks started.azure-germanywestcentral-azure-gzip-512-512-222: 2500/2500 tasks started.gcp-us-east1-gcp-gzip-512-512-412: 2500/2500 tasks started.
[2025-12-06T11:49:09Z] [[36minfo[0m] [progress_update] aws-us-east-1-aws-gzip-512-512-176: 2500/2500 tasks started.alibaba-us-east-1-alibaba-gzip-512-512-147: 2500/2500 tasks started.azure-germanywestcentral-azure-gzip-512-512-222: 2500/2500 tasks started.gcp-us-east1-gcp-gzip-512-512-412: 2500/2500 tasks started.
[2025-12-06T11:49:19Z] [[36minfo[0m] [progress_update] aws-us-east-1-aws-gzip-512-512-176: 2500/2500 tasks started.alibaba-us-east-1-alibaba-gzip-512-512-147: 2500/2500 tasks started.azure-germanywestcentral-azure-gzip-512-512-222: 2500/2500 tasks started.gcp-us-east1-gcp-gzip-512-512-412: 2500/2500 tasks started.
[2025-12-06T11:49:29Z] [[36minfo[0m] [progress_update] aws-us-east-1-aws-gzip-512-512-176: 2500/2500 tasks started.alibaba-us-east-1-alibaba-gzip-512-512-147: 2500/2500 tasks started.azure-germanywestcentral-azure-gzip-512-512-222: 2500/2500 tasks started.gcp-us-east1-gcp-gzip-512-512-412: 2500/2500 tasks started.
[2025-12-06T11:49:39Z] [[36minfo[0m] [progress_update] aws-us-east-1-aws-gzip-512-512-176: 2500/2500 tasks started.alibaba-us-east-1-alibaba-gzip-512-512-147: 2500/2500 tasks started.azure-germanywestcentral-azure-gzip-512-512-222: 2500/2500 tasks started.gcp-us-east1-gcp-gzip-512-512-412: 2500/2500 tasks started.
[2025-12-06T11:49:49Z] [[36minfo[0m] [progress_update] azure-germanywestcentral-azure-gzip-512-512-222: 2500/2500 tasks started.gcp-us-east1-gcp-gzip-512-512-412: 2500/2500 tasks started.aws-us-east-1-aws-gzip-512-512-176: 2500/2500 tasks started.alibaba-us-east-1-alibaba-gzip-512-512-147: 2500/2500 tasks started.
[2025-12-06T11:49:59Z] [[36minfo[0m] [progress_update] alibaba-us-east-1-alibaba-gzip-512-512-147: 2500/2500 tasks started.azure-germanywestcentral-azure-gzip-512-512-222: 2500/2500 tasks started.gcp-us-east1-gcp-gzip-512-512-412: 2500/2500 tasks started.aws-us-east-1-aws-gzip-512-512-176: 2500/2500 tasks started.
[2025-12-06T11:50:09Z] [[36minfo[0m] [progress_update] aws-us-east-1-aws-gzip-512-512-176: 2500/2500 tasks started.alibaba-us-east-1-alibaba-gzip-512-512-147: 2500/2500 tasks started.azure-germanywestcentral-azure-gzip-512-512-222: 2500/2500 tasks started.gcp-us-east1-gcp-gzip-512-512-412: 2500/2500 tasks started.
[2025-12-06T11:50:19Z] [[36minfo[0m] [progress_update] azure-germanywestcentral-azure-gzip-512-512-222: 2500/2500 tasks started.gcp-us-east1-gcp-gzip-512-512-412: 2500/2500 tasks started.aws-us-east-1-aws-gzip-512-512-176: 2500/2500 tasks started.alibaba-us-east-1-alibaba-gzip-512-512-147: 2500/2500 tasks started.
[2025-12-06T11:50:29Z] [[36minfo[0m] [progress_update] aws-us-east-1-aws-gzip-512-512-176: 2500/2500 tasks started.alibaba-us-east-1-alibaba-gzip-512-512-147: 2500/2500 tasks started.azure-germanywestcentral-azure-gzip-512-512-222: 2500/2500 tasks started.gcp-us-east1-gcp-gzip-512-512-412: 2500/2500 tasks started.
[2025-12-06T11:50:39Z] [[36minfo[0m] [progress_update] aws-us-east-1-aws-gzip-512-512-176: 2500/2500 tasks started.alibaba-us-east-1-alibaba-gzip-512-512-147: 2500/2500 tasks started.azure-germanywestcentral-azure-gzip-512-512-222: 2500/2500 tasks started.gcp-us-east1-gcp-gzip-512-512-412: 2500/2500 tasks started.
[2025-12-06T11:50:49Z] [[36minfo[0m] [progress_update] aws-us-east-1-aws-gzip-512-512-176: 2500/2500 tasks started.alibaba-us-east-1-alibaba-gzip-512-512-147: 2500/2500 tasks started.azure-germanywestcentral-azure-gzip-512-512-222: 2500/2500 tasks started.gcp-us-east1-gcp-gzip-512-512-412: 2500/2500 tasks started.
[2025-12-06T11:50:59Z] [[36minfo[0m] [progress_update] aws-us-east-1-aws-gzip-512-512-176: 2500/2500 tasks started.alibaba-us-east-1-alibaba-gzip-512-512-147: 2500/2500 tasks started.azure-germanywestcentral-azure-gzip-512-512-222: 2500/2500 tasks started.gcp-us-east1-gcp-gzip-512-512-412: 2500/2500 tasks started.
[2025-12-06T11:51:09Z] [[36minfo[0m] [progress_update] aws-us-east-1-aws-gzip-512-512-176: 2500/2500 tasks started.alibaba-us-east-1-alibaba-gzip-512-512-147: 2500/2500 tasks started.azure-germanywestcentral-azure-gzip-512-512-222: 2500/2500 tasks started.gcp-us-east1-gcp-gzip-512-512-412: 2500/2500 tasks started.
[2025-12-06T11:51:19Z] [[36minfo[0m] [progress_update] gcp-us-east1-gcp-gzip-512-512-412: 2500/2500 tasks started.aws-us-east-1-aws-gzip-512-512-176: 2500/2500 tasks started.alibaba-us-east-1-alibaba-gzip-512-512-147: 2500/2500 tasks started.azure-germanywestcentral-azure-gzip-512-512-222: 2500/2500 tasks started.
[2025-12-06T11:51:22Z] [[31merror[0m] [task_execution] Error executing task azure-gzip-512: task azure-gzip-512 failed after 7 retries: <nil>
[2025-12-06T11:51:23Z] [[31merror[0m] [task_execution] Error executing task azure-gzip-512: task azure-gzip-512 failed after 7 retries: <nil>
[2025-12-06T11:51:23Z] [[31merror[0m] [task_execution] Error executing task azure-gzip-512: task azure-gzip-512 failed after 7 retries: <nil>
[2025-12-06T11:51:23Z] [[31merror[0m] [task_execution] Error executing task azure-gzip-512: task azure-gzip-512 failed after 7 retries: <nil>
[2025-12-06T11:51:29Z] [[36minfo[0m] [progress_update] gcp-us-east1-gcp-gzip-512-512-412: 2500/2500 tasks started.aws-us-east-1-aws-gzip-512-512-176: 2500/2500 tasks started.alibaba-us-east-1-alibaba-gzip-512-512-147: 2500/2500 tasks started.azure-germanywestcentral-azure-gzip-512-512-222: 2500/2500 tasks started.
[2025-12-06T11:51:37Z] [[31merror[0m] [task_execution] Error executing task azure-gzip-512: task azure-gzip-512 failed after 7 retries: <nil>
[2025-12-06T11:51:39Z] [[36minfo[0m] [progress_update] aws-us-east-1-aws-gzip-512-512-176: 2500/2500 tasks started.alibaba-us-east-1-alibaba-gzip-512-512-147: 2500/2500 tasks started.azure-germanywestcentral-azure-gzip-512-512-222: 2500/2500 tasks started.gcp-us-east1-gcp-gzip-512-512-412: 2500/2500 tasks started.
[2025-12-06T11:51:49Z] [[36minfo[0m] [progress_update] aws-us-east-1-aws-gzip-512-512-176: 2500/2500 tasks started.alibaba-us-east-1-alibaba-gzip-512-512-147: 2500/2500 tasks started.azure-germanywestcentral-azure-gzip-512-512-222: 2500/2500 tasks started.gcp-us-east1-gcp-gzip-512-512-412: 2500/2500 tasks started.
[2025-12-06T11:51:57Z] [[31merror[0m] [task_execution] Error executing task azure-gzip-512: task azure-gzip-512 failed after 7 retries: <nil>
[2025-12-06T11:51:58Z] [[31merror[0m] [task_execution] Error executing task azure-gzip-512: task azure-gzip-512 failed after 7 retries: <nil>
[2025-12-06T11:51:58Z] [[31merror[0m] [task_execution] Error executing task azure-gzip-512: task azure-gzip-512 failed after 7 retries: <nil>
[2025-12-06T11:51:58Z] [[31merror[0m] [task_execution] Error executing task azure-gzip-512: task azure-gzip-512 failed after 7 retries: <nil>
[2025-12-06T11:51:58Z] [[31merror[0m] [task_execution] Error executing task azure-gzip-512: task azure-gzip-512 failed after 7 retries: <nil>
[2025-12-06T11:51:58Z] [[31merror[0m] [task_execution] Error executing task azure-gzip-512: task azure-gzip-512 failed after 7 retries: <nil>
[2025-12-06T11:51:58Z] [[31merror[0m] [task_execution] Error executing task azure-gzip-512: task azure-gzip-512 failed after 7 retries: <nil>
[2025-12-06T11:51:59Z] [[31merror[0m] [task_execution] Error executing task azure-gzip-512: task azure-gzip-512 failed after 7 retries: <nil>
[2025-12-06T11:51:59Z] [[31merror[0m] [task_execution] Error executing task azure-gzip-512: task azure-gzip-512 failed after 7 retries: <nil>
[2025-12-06T11:51:59Z] [[31merror[0m] [task_execution] Error executing task azure-gzip-512: task azure-gzip-512 failed after 7 retries: <nil>
[2025-12-06T11:51:59Z] [[31merror[0m] [task_execution] Error executing task azure-gzip-512: task azure-gzip-512 failed after 7 retries: <nil>
[2025-12-06T11:51:59Z] [[31merror[0m] [task_execution] Error executing task azure-gzip-512: task azure-gzip-512 failed after 7 retries: <nil>
[2025-12-06T11:51:59Z] [[31merror[0m] [task_execution] Error executing task azure-gzip-512: task azure-gzip-512 failed after 7 retries: <nil>
[2025-12-06T11:51:59Z] [[31merror[0m] [task_execution] Error executing task azure-gzip-512: task azure-gzip-512 failed after 7 retries: <nil>
[2025-12-06T11:51:59Z] [[36minfo[0m] [progress_update] alibaba-us-east-1-alibaba-gzip-512-512-147: 2500/2500 tasks started.azure-germanywestcentral-azure-gzip-512-512-222: 2500/2500 tasks started.gcp-us-east1-gcp-gzip-512-512-412: 2500/2500 tasks started.aws-us-east-1-aws-gzip-512-512-176: 2500/2500 tasks started.
[2025-12-06T11:51:59Z] [[31merror[0m] [task_execution] Error executing task azure-gzip-512: task azure-gzip-512 failed after 7 retries: <nil>
[2025-12-06T11:51:59Z] [[31merror[0m] [task_execution] Error executing task azure-gzip-512: task azure-gzip-512 failed after 7 retries: <nil>
[2025-12-06T11:51:59Z] [[31merror[0m] [task_execution] Error executing task azure-gzip-512: task azure-gzip-512 failed after 7 retries: <nil>
[2025-12-06T11:51:59Z] [[31merror[0m] [task_execution] Error executing task azure-gzip-512: task azure-gzip-512 failed after 7 retries: <nil>
[2025-12-06T11:52:00Z] [[31merror[0m] [task_execution] Error executing task azure-gzip-512: task azure-gzip-512 failed after 7 retries: <nil>
[2025-12-06T11:52:00Z] [[31merror[0m] [task_execution] Error executing task azure-gzip-512: task azure-gzip-512 failed after 7 retries: <nil>
[2025-12-06T11:52:00Z] [[31merror[0m] [task_execution] Error executing task azure-gzip-512: task azure-gzip-512 failed after 7 retries: <nil>
[2025-12-06T11:52:00Z] [[31merror[0m] [task_execution] Error executing task azure-gzip-512: task azure-gzip-512 failed after 7 retries: <nil>
[2025-12-06T11:52:00Z] [[31merror[0m] [task_execution] Error executing task azure-gzip-512: task azure-gzip-512 failed after 7 retries: <nil>
[2025-12-06T11:52:00Z] [[31merror[0m] [task_execution] Error executing task azure-gzip-512: task azure-gzip-512 failed after 7 retries: <nil>
[2025-12-06T11:52:00Z] [[31merror[0m] [task_execution] Error executing task azure-gzip-512: task azure-gzip-512 failed after 7 retries: <nil>
[2025-12-06T11:52:00Z] [[31merror[0m] [task_execution] Error executing task azure-gzip-512: task azure-gzip-512 failed after 7 retries: <nil>
[2025-12-06T11:52:00Z] [[31merror[0m] [task_execution] Error executing task azure-gzip-512: task azure-gzip-512 failed after 7 retries: <nil>
[2025-12-06T11:52:00Z] [[31merror[0m] [task_execution] Error executing task azure-gzip-512: task azure-gzip-512 failed after 7 retries: <nil>
[2025-12-06T11:52:00Z] [[31merror[0m] [task_execution] Error executing task azure-gzip-512: task azure-gzip-512 failed after 7 retries: <nil>
[2025-12-06T11:52:01Z] [[31merror[0m] [task_execution] Error executing task azure-gzip-512: task azure-gzip-512 failed after 7 retries: <nil>
[2025-12-06T11:52:07Z] [[31merror[0m] [task_execution] Error executing task azure-gzip-512: task azure-gzip-512 failed after 7 retries: <nil>
[2025-12-06T11:52:09Z] [[36minfo[0m] [progress_update] azure-germanywestcentral-azure-gzip-512-512-222: 2500/2500 tasks started.gcp-us-east1-gcp-gzip-512-512-412: 2500/2500 tasks started.aws-us-east-1-aws-gzip-512-512-176: 2500/2500 tasks started.alibaba-us-east-1-alibaba-gzip-512-512-147: 2500/2500 tasks started.
[2025-12-06T11:52:10Z] [[31merror[0m] [task_execution] Error executing task azure-gzip-512: task azure-gzip-512 failed after 7 retries: <nil>
[2025-12-06T11:52:12Z] [[31merror[0m] [task_execution] Error executing task azure-gzip-512: task azure-gzip-512 failed after 7 retries: <nil>
[2025-12-06T11:52:13Z] [[31merror[0m] [task_execution] Error executing task azure-gzip-512: task azure-gzip-512 failed after 7 retries: <nil>
[2025-12-06T11:52:19Z] [[36minfo[0m] [progress_update] aws-us-east-1-aws-gzip-512-512-176: 2500/2500 tasks started.alibaba-us-east-1-alibaba-gzip-512-512-147: 2500/2500 tasks started.azure-germanywestcentral-azure-gzip-512-512-222: 2500/2500 tasks started.gcp-us-east1-gcp-gzip-512-512-412: 2500/2500 tasks started.
[2025-12-06T11:52:29Z] [[36minfo[0m] [progress_update] azure-germanywestcentral-azure-gzip-512-512-222: 2500/2500 tasks started.gcp-us-east1-gcp-gzip-512-512-412: 2500/2500 tasks started.aws-us-east-1-aws-gzip-512-512-176: 2500/2500 tasks started.alibaba-us-east-1-alibaba-gzip-512-512-147: 2500/2500 tasks started.
[2025-12-06T11:52:30Z] [[31merror[0m] [task_execution] Error executing task azure-gzip-512: task azure-gzip-512 failed after 7 retries: <nil>
[2025-12-06T11:52:30Z] [[31merror[0m] [task_execution] Error executing task azure-gzip-512: task azure-gzip-512 failed after 7 retries: <nil>
[2025-12-06T11:52:30Z] [[31merror[0m] [task_execution] Error executing task azure-gzip-512: task azure-gzip-512 failed after 7 retries: <nil>
[2025-12-06T11:52:31Z] [[31merror[0m] [task_execution] Error executing task azure-gzip-512: task azure-gzip-512 failed after 7 retries: <nil>
[2025-12-06T11:52:39Z] [[36minfo[0m] [progress_update] aws-us-east-1-aws-gzip-512-512-176: 2500/2500 tasks started.alibaba-us-east-1-alibaba-gzip-512-512-147: 2500/2500 tasks started.azure-germanywestcentral-azure-gzip-512-512-222: 2500/2500 tasks started.gcp-us-east1-gcp-gzip-512-512-412: 2500/2500 tasks started.
[2025-12-06T11:52:49Z] [[36minfo[0m] [progress_update] aws-us-east-1-aws-gzip-512-512-176: 2500/2500 tasks started.alibaba-us-east-1-alibaba-gzip-512-512-147: 2500/2500 tasks started.azure-germanywestcentral-azure-gzip-512-512-222: 2500/2500 tasks started.gcp-us-east1-gcp-gzip-512-512-412: 2500/2500 tasks started.
[2025-12-06T11:52:59Z] [[36minfo[0m] [progress_update] gcp-us-east1-gcp-gzip-512-512-412: 2500/2500 tasks started.aws-us-east-1-aws-gzip-512-512-176: 2500/2500 tasks started.alibaba-us-east-1-alibaba-gzip-512-512-147: 2500/2500 tasks started.azure-germanywestcentral-azure-gzip-512-512-222: 2500/2500 tasks started.
[2025-12-06T11:53:01Z] [[31merror[0m] [task_execution] Error executing task azure-gzip-512: task azure-gzip-512 failed after 7 retries: <nil>
[2025-12-06T11:53:02Z] [[31merror[0m] [task_execution] Error executing task azure-gzip-512: task azure-gzip-512 failed after 7 retries: <nil>
[2025-12-06T11:53:07Z] [[36minfo[0m] [function_finished] Finished benchmarking function azure-gzip-512 and closed archiver
[2025-12-06T11:53:09Z] [[36minfo[0m] [finish_timeline] Benchmark Timeline
[Sat Dec  6 11:53:09 UTC 2025] Finished benchmark 'gzip' successfully
[Sat Dec  6 11:53:09 UTC 2025] Sleeping 600 seconds before next workload...
