[Mon Dec  8 05:47:12 UTC 2025] Starting benchmark 'json' with config './configs/json.yaml'
Validating functions...
[2025-12-08T05:47:12Z] [[36minfo[0m] [executor_setup] Setting up executor for aws-us-east-1-aws-json-512-512-157
[2025-12-08T05:47:12Z] [[36minfo[0m] [executor_setup] Setting up executor for alibaba-us-east-1-alibaba-json-512-512-389
[2025-12-08T05:47:12Z] [[36minfo[0m] [executor_setup] Setting up executor for azure-germanywestcentral-azure-json-512-512-236
[2025-12-08T05:47:12Z] [[0mwarning[0m] [[32mazure_limitations[0m] Azure can´t handle more than 300 parallel requests. Limiting to 300.
[2025-12-08T05:47:12Z] [[36minfo[0m] [executor_setup] Setting up executor for gcp-us-east1-gcp-json-512-512-598
[2025-12-08T05:47:12Z] [[36minfo[0m] [start_timeline] Benchmark Timeline
[2025-12-08T05:47:12Z] [[36minfo[0m] [load_generator_start] (alibaba: us-east-1) Starting load generator with 500 workers
[2025-12-08T05:47:12Z] [[36minfo[0m] [load_generator_start] (azure: germanywestcentral) Starting load generator with 300 workers
[2025-12-08T05:47:12Z] [[36minfo[0m] [load_generator_start] (gcp: us-east1) Starting load generator with 300 workers
[2025-12-08T05:47:12Z] [[36minfo[0m] [load_generator_start] (aws: us-east-1) Starting load generator with 500 workers
[2025-12-08T05:47:22Z] [[36minfo[0m] [progress_update] alibaba-us-east-1-alibaba-json-512-512-389: 1677/2500 tasks started.azure-germanywestcentral-azure-json-512-512-236: 661/2500 tasks started.gcp-us-east1-gcp-json-512-512-598: 1118/2500 tasks started.aws-us-east-1-aws-json-512-512-157: 1736/2500 tasks started.
[2025-12-08T05:47:32Z] [[36minfo[0m] [progress_update] aws-us-east-1-aws-json-512-512-157: 2500/2500 tasks started.alibaba-us-east-1-alibaba-json-512-512-389: 2500/2500 tasks started.azure-germanywestcentral-azure-json-512-512-236: 675/2500 tasks started.gcp-us-east1-gcp-json-512-512-598: 2113/2500 tasks started.
[2025-12-08T05:47:37Z] [[36minfo[0m] [function_finished] Finished benchmarking function aws-json-512 and closed archiver
[2025-12-08T05:47:42Z] [[36minfo[0m] [progress_update] azure-germanywestcentral-azure-json-512-512-236: 1344/2500 tasks started.gcp-us-east1-gcp-json-512-512-598: 2500/2500 tasks started.aws-us-east-1-aws-json-512-512-157: 2500/2500 tasks started.alibaba-us-east-1-alibaba-json-512-512-389: 2500/2500 tasks started.
[2025-12-08T05:47:50Z] [[36minfo[0m] [function_finished] Finished benchmarking function gcp-json-512 and closed archiver
[2025-12-08T05:47:52Z] [[36minfo[0m] [progress_update] aws-us-east-1-aws-json-512-512-157: 2500/2500 tasks started.alibaba-us-east-1-alibaba-json-512-512-389: 2500/2500 tasks started.azure-germanywestcentral-azure-json-512-512-236: 1925/2500 tasks started.gcp-us-east1-gcp-json-512-512-598: 2500/2500 tasks started.
[2025-12-08T05:48:02Z] [[36minfo[0m] [progress_update] gcp-us-east1-gcp-json-512-512-598: 2500/2500 tasks started.aws-us-east-1-aws-json-512-512-157: 2500/2500 tasks started.alibaba-us-east-1-alibaba-json-512-512-389: 2500/2500 tasks started.azure-germanywestcentral-azure-json-512-512-236: 2270/2500 tasks started.
[2025-12-08T05:48:12Z] [[36minfo[0m] [progress_update] azure-germanywestcentral-azure-json-512-512-236: 2290/2500 tasks started.gcp-us-east1-gcp-json-512-512-598: 2500/2500 tasks started.aws-us-east-1-aws-json-512-512-157: 2500/2500 tasks started.alibaba-us-east-1-alibaba-json-512-512-389: 2500/2500 tasks started.
[2025-12-08T05:48:22Z] [[36minfo[0m] [progress_update] aws-us-east-1-aws-json-512-512-157: 2500/2500 tasks started.alibaba-us-east-1-alibaba-json-512-512-389: 2500/2500 tasks started.azure-germanywestcentral-azure-json-512-512-236: 2293/2500 tasks started.gcp-us-east1-gcp-json-512-512-598: 2500/2500 tasks started.
[2025-12-08T05:48:32Z] [[36minfo[0m] [progress_update] gcp-us-east1-gcp-json-512-512-598: 2500/2500 tasks started.aws-us-east-1-aws-json-512-512-157: 2500/2500 tasks started.alibaba-us-east-1-alibaba-json-512-512-389: 2500/2500 tasks started.azure-germanywestcentral-azure-json-512-512-236: 2293/2500 tasks started.
[2025-12-08T05:48:42Z] [[36minfo[0m] [progress_update] alibaba-us-east-1-alibaba-json-512-512-389: 2500/2500 tasks started.azure-germanywestcentral-azure-json-512-512-236: 2293/2500 tasks started.gcp-us-east1-gcp-json-512-512-598: 2500/2500 tasks started.aws-us-east-1-aws-json-512-512-157: 2500/2500 tasks started.
[2025-12-08T05:48:45Z] [[36minfo[0m] [function_finished] Finished benchmarking function alibaba-json-512 and closed archiver
[2025-12-08T05:48:52Z] [[36minfo[0m] [progress_update] aws-us-east-1-aws-json-512-512-157: 2500/2500 tasks started.alibaba-us-east-1-alibaba-json-512-512-389: 2500/2500 tasks started.azure-germanywestcentral-azure-json-512-512-236: 2298/2500 tasks started.gcp-us-east1-gcp-json-512-512-598: 2500/2500 tasks started.
[2025-12-08T05:49:02Z] [[36minfo[0m] [progress_update] gcp-us-east1-gcp-json-512-512-598: 2500/2500 tasks started.aws-us-east-1-aws-json-512-512-157: 2500/2500 tasks started.alibaba-us-east-1-alibaba-json-512-512-389: 2500/2500 tasks started.azure-germanywestcentral-azure-json-512-512-236: 2500/2500 tasks started.
[2025-12-08T05:49:12Z] [[36minfo[0m] [progress_update] aws-us-east-1-aws-json-512-512-157: 2500/2500 tasks started.alibaba-us-east-1-alibaba-json-512-512-389: 2500/2500 tasks started.azure-germanywestcentral-azure-json-512-512-236: 2500/2500 tasks started.gcp-us-east1-gcp-json-512-512-598: 2500/2500 tasks started.
[2025-12-08T05:49:22Z] [[36minfo[0m] [progress_update] azure-germanywestcentral-azure-json-512-512-236: 2500/2500 tasks started.gcp-us-east1-gcp-json-512-512-598: 2500/2500 tasks started.aws-us-east-1-aws-json-512-512-157: 2500/2500 tasks started.alibaba-us-east-1-alibaba-json-512-512-389: 2500/2500 tasks started.
[2025-12-08T05:49:32Z] [[36minfo[0m] [progress_update] azure-germanywestcentral-azure-json-512-512-236: 2500/2500 tasks started.gcp-us-east1-gcp-json-512-512-598: 2500/2500 tasks started.aws-us-east-1-aws-json-512-512-157: 2500/2500 tasks started.alibaba-us-east-1-alibaba-json-512-512-389: 2500/2500 tasks started.
[2025-12-08T05:49:42Z] [[36minfo[0m] [progress_update] alibaba-us-east-1-alibaba-json-512-512-389: 2500/2500 tasks started.azure-germanywestcentral-azure-json-512-512-236: 2500/2500 tasks started.gcp-us-east1-gcp-json-512-512-598: 2500/2500 tasks started.aws-us-east-1-aws-json-512-512-157: 2500/2500 tasks started.
[2025-12-08T05:49:52Z] [[36minfo[0m] [progress_update] aws-us-east-1-aws-json-512-512-157: 2500/2500 tasks started.alibaba-us-east-1-alibaba-json-512-512-389: 2500/2500 tasks started.azure-germanywestcentral-azure-json-512-512-236: 2500/2500 tasks started.gcp-us-east1-gcp-json-512-512-598: 2500/2500 tasks started.
[2025-12-08T05:50:02Z] [[36minfo[0m] [progress_update] aws-us-east-1-aws-json-512-512-157: 2500/2500 tasks started.alibaba-us-east-1-alibaba-json-512-512-389: 2500/2500 tasks started.azure-germanywestcentral-azure-json-512-512-236: 2500/2500 tasks started.gcp-us-east1-gcp-json-512-512-598: 2500/2500 tasks started.
[2025-12-08T05:50:12Z] [[36minfo[0m] [progress_update] azure-germanywestcentral-azure-json-512-512-236: 2500/2500 tasks started.gcp-us-east1-gcp-json-512-512-598: 2500/2500 tasks started.aws-us-east-1-aws-json-512-512-157: 2500/2500 tasks started.alibaba-us-east-1-alibaba-json-512-512-389: 2500/2500 tasks started.
[2025-12-08T05:50:22Z] [[36minfo[0m] [progress_update] azure-germanywestcentral-azure-json-512-512-236: 2500/2500 tasks started.gcp-us-east1-gcp-json-512-512-598: 2500/2500 tasks started.aws-us-east-1-aws-json-512-512-157: 2500/2500 tasks started.alibaba-us-east-1-alibaba-json-512-512-389: 2500/2500 tasks started.
[2025-12-08T05:50:32Z] [[36minfo[0m] [progress_update] azure-germanywestcentral-azure-json-512-512-236: 2500/2500 tasks started.gcp-us-east1-gcp-json-512-512-598: 2500/2500 tasks started.aws-us-east-1-aws-json-512-512-157: 2500/2500 tasks started.alibaba-us-east-1-alibaba-json-512-512-389: 2500/2500 tasks started.
[2025-12-08T05:50:42Z] [[36minfo[0m] [progress_update] aws-us-east-1-aws-json-512-512-157: 2500/2500 tasks started.alibaba-us-east-1-alibaba-json-512-512-389: 2500/2500 tasks started.azure-germanywestcentral-azure-json-512-512-236: 2500/2500 tasks started.gcp-us-east1-gcp-json-512-512-598: 2500/2500 tasks started.
[2025-12-08T05:50:52Z] [[36minfo[0m] [progress_update] aws-us-east-1-aws-json-512-512-157: 2500/2500 tasks started.alibaba-us-east-1-alibaba-json-512-512-389: 2500/2500 tasks started.azure-germanywestcentral-azure-json-512-512-236: 2500/2500 tasks started.gcp-us-east1-gcp-json-512-512-598: 2500/2500 tasks started.
[2025-12-08T05:51:02Z] [[36minfo[0m] [progress_update] alibaba-us-east-1-alibaba-json-512-512-389: 2500/2500 tasks started.azure-germanywestcentral-azure-json-512-512-236: 2500/2500 tasks started.gcp-us-east1-gcp-json-512-512-598: 2500/2500 tasks started.aws-us-east-1-aws-json-512-512-157: 2500/2500 tasks started.
[2025-12-08T05:51:12Z] [[36minfo[0m] [progress_update] aws-us-east-1-aws-json-512-512-157: 2500/2500 tasks started.alibaba-us-east-1-alibaba-json-512-512-389: 2500/2500 tasks started.azure-germanywestcentral-azure-json-512-512-236: 2500/2500 tasks started.gcp-us-east1-gcp-json-512-512-598: 2500/2500 tasks started.
[2025-12-08T05:51:22Z] [[36minfo[0m] [progress_update] azure-germanywestcentral-azure-json-512-512-236: 2500/2500 tasks started.gcp-us-east1-gcp-json-512-512-598: 2500/2500 tasks started.aws-us-east-1-aws-json-512-512-157: 2500/2500 tasks started.alibaba-us-east-1-alibaba-json-512-512-389: 2500/2500 tasks started.
[2025-12-08T05:51:32Z] [[36minfo[0m] [progress_update] aws-us-east-1-aws-json-512-512-157: 2500/2500 tasks started.alibaba-us-east-1-alibaba-json-512-512-389: 2500/2500 tasks started.azure-germanywestcentral-azure-json-512-512-236: 2500/2500 tasks started.gcp-us-east1-gcp-json-512-512-598: 2500/2500 tasks started.
[2025-12-08T05:51:35Z] [[31merror[0m] [task_execution] Error executing task azure-json-512: task azure-json-512 failed after 7 retries: <nil>
[2025-12-08T05:51:42Z] [[36minfo[0m] [progress_update] aws-us-east-1-aws-json-512-512-157: 2500/2500 tasks started.alibaba-us-east-1-alibaba-json-512-512-389: 2500/2500 tasks started.azure-germanywestcentral-azure-json-512-512-236: 2500/2500 tasks started.gcp-us-east1-gcp-json-512-512-598: 2500/2500 tasks started.
[2025-12-08T05:51:52Z] [[36minfo[0m] [progress_update] alibaba-us-east-1-alibaba-json-512-512-389: 2500/2500 tasks started.azure-germanywestcentral-azure-json-512-512-236: 2500/2500 tasks started.gcp-us-east1-gcp-json-512-512-598: 2500/2500 tasks started.aws-us-east-1-aws-json-512-512-157: 2500/2500 tasks started.
[2025-12-08T05:52:02Z] [[36minfo[0m] [progress_update] aws-us-east-1-aws-json-512-512-157: 2500/2500 tasks started.alibaba-us-east-1-alibaba-json-512-512-389: 2500/2500 tasks started.azure-germanywestcentral-azure-json-512-512-236: 2500/2500 tasks started.gcp-us-east1-gcp-json-512-512-598: 2500/2500 tasks started.
[2025-12-08T05:52:12Z] [[36minfo[0m] [progress_update] aws-us-east-1-aws-json-512-512-157: 2500/2500 tasks started.alibaba-us-east-1-alibaba-json-512-512-389: 2500/2500 tasks started.azure-germanywestcentral-azure-json-512-512-236: 2500/2500 tasks started.gcp-us-east1-gcp-json-512-512-598: 2500/2500 tasks started.
[2025-12-08T05:52:16Z] [[31merror[0m] [task_execution] Error executing task azure-json-512: task azure-json-512 failed after 7 retries: <nil>
[2025-12-08T05:52:17Z] [[31merror[0m] [task_execution] Error executing task azure-json-512: task azure-json-512 failed after 7 retries: <nil>
[2025-12-08T05:52:22Z] [[31merror[0m] [task_execution] Error executing task azure-json-512: task azure-json-512 failed after 7 retries: <nil>
[2025-12-08T05:52:22Z] [[36minfo[0m] [progress_update] aws-us-east-1-aws-json-512-512-157: 2500/2500 tasks started.alibaba-us-east-1-alibaba-json-512-512-389: 2500/2500 tasks started.azure-germanywestcentral-azure-json-512-512-236: 2500/2500 tasks started.gcp-us-east1-gcp-json-512-512-598: 2500/2500 tasks started.
[2025-12-08T05:52:27Z] [[36minfo[0m] [function_finished] Finished benchmarking function azure-json-512 and closed archiver
[2025-12-08T05:52:29Z] [[36minfo[0m] [finish_timeline] Benchmark Timeline
[Mon Dec  8 05:52:29 UTC 2025] Finished benchmark 'json' successfully
[Mon Dec  8 05:52:29 UTC 2025] Sleeping 600 seconds before next workload...
