[Mon Dec  1 23:00:01 UTC 2025] Starting benchmark 'sha256' with config './configs/sha256.yaml'
Validating functions...
[2025-12-01T23:00:01Z] [[36minfo[0m] [executor_setup] Setting up executor for aws-us-east-1-aws-sha256-512-512-558
[2025-12-01T23:00:01Z] [[36minfo[0m] [executor_setup] Setting up executor for alibaba-us-east-1-alibaba-sha256-512-512-701
[2025-12-01T23:00:01Z] [[36minfo[0m] [executor_setup] Setting up executor for azure-germanywestcentral-azure-sha256-512-512-744
[2025-12-01T23:00:01Z] [[0mwarning[0m] [[32mazure_limitations[0m] Azure can´t handle more than 300 parallel requests. Limiting to 300.
[2025-12-01T23:00:01Z] [[36minfo[0m] [executor_setup] Setting up executor for gcp-us-east1-gcp-sha256-512-512-601
[2025-12-01T23:00:01Z] [[36minfo[0m] [start_timeline] Benchmark Timeline
[2025-12-01T23:00:01Z] [[36minfo[0m] [load_generator_start] (gcp: us-east1) Starting load generator with 300 workers
[2025-12-01T23:00:01Z] [[36minfo[0m] [load_generator_start] (aws: us-east-1) Starting load generator with 500 workers
[2025-12-01T23:00:01Z] [[36minfo[0m] [load_generator_start] (alibaba: us-east-1) Starting load generator with 500 workers
[2025-12-01T23:00:01Z] [[36minfo[0m] [load_generator_start] (azure: germanywestcentral) Starting load generator with 300 workers
[2025-12-01T23:00:11Z] [[36minfo[0m] [progress_update] aws-us-east-1-aws-sha256-512-512-558: 1670/2500 tasks started.alibaba-us-east-1-alibaba-sha256-512-512-701: 1477/2500 tasks started.azure-germanywestcentral-azure-sha256-512-512-744: 544/2500 tasks started.gcp-us-east1-gcp-sha256-512-512-601: 1644/2500 tasks started.
[2025-12-01T23:00:21Z] [[36minfo[0m] [progress_update] alibaba-us-east-1-alibaba-sha256-512-512-701: 2500/2500 tasks started.azure-germanywestcentral-azure-sha256-512-512-744: 593/2500 tasks started.gcp-us-east1-gcp-sha256-512-512-601: 2500/2500 tasks started.aws-us-east-1-aws-sha256-512-512-558: 2500/2500 tasks started.
[2025-12-01T23:00:31Z] [[36minfo[0m] [progress_update] azure-germanywestcentral-azure-sha256-512-512-744: 1358/2500 tasks started.gcp-us-east1-gcp-sha256-512-512-601: 2500/2500 tasks started.aws-us-east-1-aws-sha256-512-512-558: 2500/2500 tasks started.alibaba-us-east-1-alibaba-sha256-512-512-701: 2500/2500 tasks started.
[2025-12-01T23:00:34Z] [[36minfo[0m] [function_finished] Finished benchmarking function aws-sha256-512 and closed archiver
[2025-12-01T23:00:40Z] [[36minfo[0m] [function_finished] Finished benchmarking function gcp-sha256-512 and closed archiver
[2025-12-01T23:00:41Z] [[36minfo[0m] [progress_update] aws-us-east-1-aws-sha256-512-512-558: 2500/2500 tasks started.alibaba-us-east-1-alibaba-sha256-512-512-701: 2500/2500 tasks started.azure-germanywestcentral-azure-sha256-512-512-744: 1883/2500 tasks started.gcp-us-east1-gcp-sha256-512-512-601: 2500/2500 tasks started.
[2025-12-01T23:00:51Z] [[36minfo[0m] [progress_update] aws-us-east-1-aws-sha256-512-512-558: 2500/2500 tasks started.alibaba-us-east-1-alibaba-sha256-512-512-701: 2500/2500 tasks started.azure-germanywestcentral-azure-sha256-512-512-744: 2004/2500 tasks started.gcp-us-east1-gcp-sha256-512-512-601: 2500/2500 tasks started.
[2025-12-01T23:01:01Z] [[36minfo[0m] [progress_update] aws-us-east-1-aws-sha256-512-512-558: 2500/2500 tasks started.alibaba-us-east-1-alibaba-sha256-512-512-701: 2500/2500 tasks started.azure-germanywestcentral-azure-sha256-512-512-744: 2238/2500 tasks started.gcp-us-east1-gcp-sha256-512-512-601: 2500/2500 tasks started.
[2025-12-01T23:01:11Z] [[36minfo[0m] [progress_update] aws-us-east-1-aws-sha256-512-512-558: 2500/2500 tasks started.alibaba-us-east-1-alibaba-sha256-512-512-701: 2500/2500 tasks started.azure-germanywestcentral-azure-sha256-512-512-744: 2500/2500 tasks started.gcp-us-east1-gcp-sha256-512-512-601: 2500/2500 tasks started.
[2025-12-01T23:01:21Z] [[36minfo[0m] [progress_update] alibaba-us-east-1-alibaba-sha256-512-512-701: 2500/2500 tasks started.azure-germanywestcentral-azure-sha256-512-512-744: 2500/2500 tasks started.gcp-us-east1-gcp-sha256-512-512-601: 2500/2500 tasks started.aws-us-east-1-aws-sha256-512-512-558: 2500/2500 tasks started.
[2025-12-01T23:01:31Z] [[36minfo[0m] [progress_update] azure-germanywestcentral-azure-sha256-512-512-744: 2500/2500 tasks started.gcp-us-east1-gcp-sha256-512-512-601: 2500/2500 tasks started.aws-us-east-1-aws-sha256-512-512-558: 2500/2500 tasks started.alibaba-us-east-1-alibaba-sha256-512-512-701: 2500/2500 tasks started.
[2025-12-01T23:01:41Z] [[36minfo[0m] [progress_update] azure-germanywestcentral-azure-sha256-512-512-744: 2500/2500 tasks started.gcp-us-east1-gcp-sha256-512-512-601: 2500/2500 tasks started.aws-us-east-1-aws-sha256-512-512-558: 2500/2500 tasks started.alibaba-us-east-1-alibaba-sha256-512-512-701: 2500/2500 tasks started.
[2025-12-01T23:01:51Z] [[36minfo[0m] [progress_update] aws-us-east-1-aws-sha256-512-512-558: 2500/2500 tasks started.alibaba-us-east-1-alibaba-sha256-512-512-701: 2500/2500 tasks started.azure-germanywestcentral-azure-sha256-512-512-744: 2500/2500 tasks started.gcp-us-east1-gcp-sha256-512-512-601: 2500/2500 tasks started.
[2025-12-01T23:02:01Z] [[36minfo[0m] [progress_update] aws-us-east-1-aws-sha256-512-512-558: 2500/2500 tasks started.alibaba-us-east-1-alibaba-sha256-512-512-701: 2500/2500 tasks started.azure-germanywestcentral-azure-sha256-512-512-744: 2500/2500 tasks started.gcp-us-east1-gcp-sha256-512-512-601: 2500/2500 tasks started.
[2025-12-01T23:02:11Z] [[36minfo[0m] [progress_update] gcp-us-east1-gcp-sha256-512-512-601: 2500/2500 tasks started.aws-us-east-1-aws-sha256-512-512-558: 2500/2500 tasks started.alibaba-us-east-1-alibaba-sha256-512-512-701: 2500/2500 tasks started.azure-germanywestcentral-azure-sha256-512-512-744: 2500/2500 tasks started.
[2025-12-01T23:02:21Z] [[36minfo[0m] [progress_update] aws-us-east-1-aws-sha256-512-512-558: 2500/2500 tasks started.alibaba-us-east-1-alibaba-sha256-512-512-701: 2500/2500 tasks started.azure-germanywestcentral-azure-sha256-512-512-744: 2500/2500 tasks started.gcp-us-east1-gcp-sha256-512-512-601: 2500/2500 tasks started.
[2025-12-01T23:02:24Z] [[36minfo[0m] [function_finished] Finished benchmarking function alibaba-sha256-512 and closed archiver
[2025-12-01T23:02:31Z] [[36minfo[0m] [progress_update] aws-us-east-1-aws-sha256-512-512-558: 2500/2500 tasks started.alibaba-us-east-1-alibaba-sha256-512-512-701: 2500/2500 tasks started.azure-germanywestcentral-azure-sha256-512-512-744: 2500/2500 tasks started.gcp-us-east1-gcp-sha256-512-512-601: 2500/2500 tasks started.
[2025-12-01T23:02:41Z] [[36minfo[0m] [progress_update] aws-us-east-1-aws-sha256-512-512-558: 2500/2500 tasks started.alibaba-us-east-1-alibaba-sha256-512-512-701: 2500/2500 tasks started.azure-germanywestcentral-azure-sha256-512-512-744: 2500/2500 tasks started.gcp-us-east1-gcp-sha256-512-512-601: 2500/2500 tasks started.
[2025-12-01T23:02:51Z] [[36minfo[0m] [progress_update] gcp-us-east1-gcp-sha256-512-512-601: 2500/2500 tasks started.aws-us-east-1-aws-sha256-512-512-558: 2500/2500 tasks started.alibaba-us-east-1-alibaba-sha256-512-512-701: 2500/2500 tasks started.azure-germanywestcentral-azure-sha256-512-512-744: 2500/2500 tasks started.
[2025-12-01T23:03:01Z] [[36minfo[0m] [progress_update] aws-us-east-1-aws-sha256-512-512-558: 2500/2500 tasks started.alibaba-us-east-1-alibaba-sha256-512-512-701: 2500/2500 tasks started.azure-germanywestcentral-azure-sha256-512-512-744: 2500/2500 tasks started.gcp-us-east1-gcp-sha256-512-512-601: 2500/2500 tasks started.
[2025-12-01T23:03:11Z] [[36minfo[0m] [progress_update] azure-germanywestcentral-azure-sha256-512-512-744: 2500/2500 tasks started.gcp-us-east1-gcp-sha256-512-512-601: 2500/2500 tasks started.aws-us-east-1-aws-sha256-512-512-558: 2500/2500 tasks started.alibaba-us-east-1-alibaba-sha256-512-512-701: 2500/2500 tasks started.
[2025-12-01T23:03:21Z] [[36minfo[0m] [progress_update] aws-us-east-1-aws-sha256-512-512-558: 2500/2500 tasks started.alibaba-us-east-1-alibaba-sha256-512-512-701: 2500/2500 tasks started.azure-germanywestcentral-azure-sha256-512-512-744: 2500/2500 tasks started.gcp-us-east1-gcp-sha256-512-512-601: 2500/2500 tasks started.
[2025-12-01T23:03:31Z] [[36minfo[0m] [progress_update] aws-us-east-1-aws-sha256-512-512-558: 2500/2500 tasks started.alibaba-us-east-1-alibaba-sha256-512-512-701: 2500/2500 tasks started.azure-germanywestcentral-azure-sha256-512-512-744: 2500/2500 tasks started.gcp-us-east1-gcp-sha256-512-512-601: 2500/2500 tasks started.
[2025-12-01T23:03:41Z] [[36minfo[0m] [progress_update] alibaba-us-east-1-alibaba-sha256-512-512-701: 2500/2500 tasks started.azure-germanywestcentral-azure-sha256-512-512-744: 2500/2500 tasks started.gcp-us-east1-gcp-sha256-512-512-601: 2500/2500 tasks started.aws-us-east-1-aws-sha256-512-512-558: 2500/2500 tasks started.
[2025-12-01T23:03:51Z] [[36minfo[0m] [progress_update] aws-us-east-1-aws-sha256-512-512-558: 2500/2500 tasks started.alibaba-us-east-1-alibaba-sha256-512-512-701: 2500/2500 tasks started.azure-germanywestcentral-azure-sha256-512-512-744: 2500/2500 tasks started.gcp-us-east1-gcp-sha256-512-512-601: 2500/2500 tasks started.
[2025-12-01T23:04:01Z] [[36minfo[0m] [progress_update] aws-us-east-1-aws-sha256-512-512-558: 2500/2500 tasks started.alibaba-us-east-1-alibaba-sha256-512-512-701: 2500/2500 tasks started.azure-germanywestcentral-azure-sha256-512-512-744: 2500/2500 tasks started.gcp-us-east1-gcp-sha256-512-512-601: 2500/2500 tasks started.
[2025-12-01T23:04:11Z] [[36minfo[0m] [progress_update] aws-us-east-1-aws-sha256-512-512-558: 2500/2500 tasks started.alibaba-us-east-1-alibaba-sha256-512-512-701: 2500/2500 tasks started.azure-germanywestcentral-azure-sha256-512-512-744: 2500/2500 tasks started.gcp-us-east1-gcp-sha256-512-512-601: 2500/2500 tasks started.
[2025-12-01T23:04:21Z] [[36minfo[0m] [progress_update] aws-us-east-1-aws-sha256-512-512-558: 2500/2500 tasks started.alibaba-us-east-1-alibaba-sha256-512-512-701: 2500/2500 tasks started.azure-germanywestcentral-azure-sha256-512-512-744: 2500/2500 tasks started.gcp-us-east1-gcp-sha256-512-512-601: 2500/2500 tasks started.
[2025-12-01T23:04:23Z] [[31merror[0m] [task_execution] Error executing task azure-sha256-512: task azure-sha256-512 failed after 7 retries: <nil>
[2025-12-01T23:04:23Z] [[31merror[0m] [task_execution] Error executing task azure-sha256-512: task azure-sha256-512 failed after 7 retries: <nil>
[2025-12-01T23:04:25Z] [[31merror[0m] [task_execution] Error executing task azure-sha256-512: task azure-sha256-512 failed after 7 retries: <nil>
[2025-12-01T23:04:25Z] [[31merror[0m] [task_execution] Error executing task azure-sha256-512: task azure-sha256-512 failed after 7 retries: <nil>
[2025-12-01T23:04:25Z] [[31merror[0m] [task_execution] Error executing task azure-sha256-512: task azure-sha256-512 failed after 7 retries: <nil>
[2025-12-01T23:04:25Z] [[31merror[0m] [task_execution] Error executing task azure-sha256-512: task azure-sha256-512 failed after 7 retries: <nil>
[2025-12-01T23:04:25Z] [[31merror[0m] [task_execution] Error executing task azure-sha256-512: task azure-sha256-512 failed after 7 retries: <nil>
[2025-12-01T23:04:25Z] [[31merror[0m] [task_execution] Error executing task azure-sha256-512: task azure-sha256-512 failed after 7 retries: <nil>
[2025-12-01T23:04:25Z] [[31merror[0m] [task_execution] Error executing task azure-sha256-512: task azure-sha256-512 failed after 7 retries: <nil>
[2025-12-01T23:04:25Z] [[31merror[0m] [task_execution] Error executing task azure-sha256-512: task azure-sha256-512 failed after 7 retries: <nil>
[2025-12-01T23:04:25Z] [[31merror[0m] [task_execution] Error executing task azure-sha256-512: task azure-sha256-512 failed after 7 retries: <nil>
[2025-12-01T23:04:25Z] [[31merror[0m] [task_execution] Error executing task azure-sha256-512: task azure-sha256-512 failed after 7 retries: <nil>
[2025-12-01T23:04:25Z] [[31merror[0m] [task_execution] Error executing task azure-sha256-512: task azure-sha256-512 failed after 7 retries: <nil>
[2025-12-01T23:04:25Z] [[31merror[0m] [task_execution] Error executing task azure-sha256-512: task azure-sha256-512 failed after 7 retries: <nil>
[2025-12-01T23:04:25Z] [[31merror[0m] [task_execution] Error executing task azure-sha256-512: task azure-sha256-512 failed after 7 retries: <nil>
[2025-12-01T23:04:25Z] [[31merror[0m] [task_execution] Error executing task azure-sha256-512: task azure-sha256-512 failed after 7 retries: <nil>
[2025-12-01T23:04:25Z] [[31merror[0m] [task_execution] Error executing task azure-sha256-512: task azure-sha256-512 failed after 7 retries: <nil>
[2025-12-01T23:04:25Z] [[31merror[0m] [task_execution] Error executing task azure-sha256-512: task azure-sha256-512 failed after 7 retries: <nil>
[2025-12-01T23:04:31Z] [[36minfo[0m] [progress_update] alibaba-us-east-1-alibaba-sha256-512-512-701: 2500/2500 tasks started.azure-germanywestcentral-azure-sha256-512-512-744: 2500/2500 tasks started.gcp-us-east1-gcp-sha256-512-512-601: 2500/2500 tasks started.aws-us-east-1-aws-sha256-512-512-558: 2500/2500 tasks started.
[2025-12-01T23:04:41Z] [[36minfo[0m] [progress_update] aws-us-east-1-aws-sha256-512-512-558: 2500/2500 tasks started.alibaba-us-east-1-alibaba-sha256-512-512-701: 2500/2500 tasks started.azure-germanywestcentral-azure-sha256-512-512-744: 2500/2500 tasks started.gcp-us-east1-gcp-sha256-512-512-601: 2500/2500 tasks started.
[2025-12-01T23:04:51Z] [[36minfo[0m] [progress_update] aws-us-east-1-aws-sha256-512-512-558: 2500/2500 tasks started.alibaba-us-east-1-alibaba-sha256-512-512-701: 2500/2500 tasks started.azure-germanywestcentral-azure-sha256-512-512-744: 2500/2500 tasks started.gcp-us-east1-gcp-sha256-512-512-601: 2500/2500 tasks started.
[2025-12-01T23:04:53Z] [[31merror[0m] [task_execution] Error executing task azure-sha256-512: task azure-sha256-512 failed after 7 retries: <nil>
[2025-12-01T23:04:54Z] [[31merror[0m] [task_execution] Error executing task azure-sha256-512: task azure-sha256-512 failed after 7 retries: <nil>
[2025-12-01T23:04:55Z] [[31merror[0m] [task_execution] Error executing task azure-sha256-512: task azure-sha256-512 failed after 7 retries: <nil>
[2025-12-01T23:04:55Z] [[31merror[0m] [task_execution] Error executing task azure-sha256-512: task azure-sha256-512 failed after 7 retries: <nil>
[2025-12-01T23:04:55Z] [[31merror[0m] [task_execution] Error executing task azure-sha256-512: task azure-sha256-512 failed after 7 retries: <nil>
[2025-12-01T23:04:55Z] [[31merror[0m] [task_execution] Error executing task azure-sha256-512: task azure-sha256-512 failed after 7 retries: <nil>
[2025-12-01T23:04:55Z] [[31merror[0m] [task_execution] Error executing task azure-sha256-512: task azure-sha256-512 failed after 7 retries: <nil>
[2025-12-01T23:04:55Z] [[31merror[0m] [task_execution] Error executing task azure-sha256-512: task azure-sha256-512 failed after 7 retries: <nil>
[2025-12-01T23:04:55Z] [[31merror[0m] [task_execution] Error executing task azure-sha256-512: task azure-sha256-512 failed after 7 retries: <nil>
[2025-12-01T23:04:55Z] [[31merror[0m] [task_execution] Error executing task azure-sha256-512: task azure-sha256-512 failed after 7 retries: <nil>
[2025-12-01T23:04:55Z] [[31merror[0m] [task_execution] Error executing task azure-sha256-512: task azure-sha256-512 failed after 7 retries: <nil>
[2025-12-01T23:04:55Z] [[31merror[0m] [task_execution] Error executing task azure-sha256-512: task azure-sha256-512 failed after 7 retries: <nil>
[2025-12-01T23:04:55Z] [[31merror[0m] [task_execution] Error executing task azure-sha256-512: task azure-sha256-512 failed after 7 retries: <nil>
[2025-12-01T23:04:55Z] [[31merror[0m] [task_execution] Error executing task azure-sha256-512: task azure-sha256-512 failed after 7 retries: <nil>
[2025-12-01T23:04:55Z] [[31merror[0m] [task_execution] Error executing task azure-sha256-512: task azure-sha256-512 failed after 7 retries: <nil>
[2025-12-01T23:04:55Z] [[31merror[0m] [task_execution] Error executing task azure-sha256-512: task azure-sha256-512 failed after 7 retries: <nil>
[2025-12-01T23:04:55Z] [[31merror[0m] [task_execution] Error executing task azure-sha256-512: task azure-sha256-512 failed after 7 retries: <nil>
[2025-12-01T23:04:55Z] [[31merror[0m] [task_execution] Error executing task azure-sha256-512: task azure-sha256-512 failed after 7 retries: <nil>
[2025-12-01T23:04:55Z] [[31merror[0m] [task_execution] Error executing task azure-sha256-512: task azure-sha256-512 failed after 7 retries: <nil>
[2025-12-01T23:04:55Z] [[31merror[0m] [task_execution] Error executing task azure-sha256-512: task azure-sha256-512 failed after 7 retries: <nil>
[2025-12-01T23:04:55Z] [[31merror[0m] [task_execution] Error executing task azure-sha256-512: task azure-sha256-512 failed after 7 retries: <nil>
[2025-12-01T23:04:55Z] [[31merror[0m] [task_execution] Error executing task azure-sha256-512: task azure-sha256-512 failed after 7 retries: <nil>
[2025-12-01T23:04:55Z] [[31merror[0m] [task_execution] Error executing task azure-sha256-512: task azure-sha256-512 failed after 7 retries: <nil>
[2025-12-01T23:04:55Z] [[31merror[0m] [task_execution] Error executing task azure-sha256-512: task azure-sha256-512 failed after 7 retries: <nil>
[2025-12-01T23:04:55Z] [[31merror[0m] [task_execution] Error executing task azure-sha256-512: task azure-sha256-512 failed after 7 retries: <nil>
[2025-12-01T23:04:56Z] [[31merror[0m] [task_execution] Error executing task azure-sha256-512: task azure-sha256-512 failed after 7 retries: <nil>
[2025-12-01T23:04:56Z] [[31merror[0m] [task_execution] Error executing task azure-sha256-512: task azure-sha256-512 failed after 7 retries: <nil>
[2025-12-01T23:04:56Z] [[31merror[0m] [task_execution] Error executing task azure-sha256-512: task azure-sha256-512 failed after 7 retries: <nil>
[2025-12-01T23:04:56Z] [[31merror[0m] [task_execution] Error executing task azure-sha256-512: task azure-sha256-512 failed after 7 retries: <nil>
[2025-12-01T23:04:56Z] [[31merror[0m] [task_execution] Error executing task azure-sha256-512: task azure-sha256-512 failed after 7 retries: <nil>
[2025-12-01T23:04:56Z] [[31merror[0m] [task_execution] Error executing task azure-sha256-512: task azure-sha256-512 failed after 7 retries: <nil>
[2025-12-01T23:04:56Z] [[31merror[0m] [task_execution] Error executing task azure-sha256-512: task azure-sha256-512 failed after 7 retries: <nil>
[2025-12-01T23:04:56Z] [[31merror[0m] [task_execution] Error executing task azure-sha256-512: task azure-sha256-512 failed after 7 retries: <nil>
[2025-12-01T23:04:56Z] [[31merror[0m] [task_execution] Error executing task azure-sha256-512: task azure-sha256-512 failed after 7 retries: <nil>
[2025-12-01T23:04:56Z] [[31merror[0m] [task_execution] Error executing task azure-sha256-512: task azure-sha256-512 failed after 7 retries: <nil>
[2025-12-01T23:04:56Z] [[31merror[0m] [task_execution] Error executing task azure-sha256-512: task azure-sha256-512 failed after 7 retries: <nil>
[2025-12-01T23:04:56Z] [[31merror[0m] [task_execution] Error executing task azure-sha256-512: task azure-sha256-512 failed after 7 retries: <nil>
[2025-12-01T23:04:56Z] [[31merror[0m] [task_execution] Error executing task azure-sha256-512: task azure-sha256-512 failed after 7 retries: <nil>
[2025-12-01T23:04:56Z] [[31merror[0m] [task_execution] Error executing task azure-sha256-512: task azure-sha256-512 failed after 7 retries: <nil>
[2025-12-01T23:04:56Z] [[31merror[0m] [task_execution] Error executing task azure-sha256-512: task azure-sha256-512 failed after 7 retries: <nil>
[2025-12-01T23:04:56Z] [[31merror[0m] [task_execution] Error executing task azure-sha256-512: task azure-sha256-512 failed after 7 retries: <nil>
[2025-12-01T23:04:56Z] [[31merror[0m] [task_execution] Error executing task azure-sha256-512: task azure-sha256-512 failed after 7 retries: <nil>
[2025-12-01T23:04:56Z] [[31merror[0m] [task_execution] Error executing task azure-sha256-512: task azure-sha256-512 failed after 7 retries: <nil>
[2025-12-01T23:04:56Z] [[31merror[0m] [task_execution] Error executing task azure-sha256-512: task azure-sha256-512 failed after 7 retries: <nil>
[2025-12-01T23:04:56Z] [[31merror[0m] [task_execution] Error executing task azure-sha256-512: task azure-sha256-512 failed after 7 retries: <nil>
[2025-12-01T23:04:56Z] [[31merror[0m] [task_execution] Error executing task azure-sha256-512: task azure-sha256-512 failed after 7 retries: <nil>
[2025-12-01T23:04:56Z] [[31merror[0m] [task_execution] Error executing task azure-sha256-512: task azure-sha256-512 failed after 7 retries: <nil>
[2025-12-01T23:04:56Z] [[31merror[0m] [task_execution] Error executing task azure-sha256-512: task azure-sha256-512 failed after 7 retries: <nil>
[2025-12-01T23:04:56Z] [[31merror[0m] [task_execution] Error executing task azure-sha256-512: task azure-sha256-512 failed after 7 retries: <nil>
[2025-12-01T23:04:56Z] [[31merror[0m] [task_execution] Error executing task azure-sha256-512: task azure-sha256-512 failed after 7 retries: <nil>
[2025-12-01T23:04:56Z] [[31merror[0m] [task_execution] Error executing task azure-sha256-512: task azure-sha256-512 failed after 7 retries: <nil>
[2025-12-01T23:04:56Z] [[31merror[0m] [task_execution] Error executing task azure-sha256-512: task azure-sha256-512 failed after 7 retries: <nil>
[2025-12-01T23:04:56Z] [[31merror[0m] [task_execution] Error executing task azure-sha256-512: task azure-sha256-512 failed after 7 retries: <nil>
[2025-12-01T23:04:56Z] [[31merror[0m] [task_execution] Error executing task azure-sha256-512: task azure-sha256-512 failed after 7 retries: <nil>
[2025-12-01T23:04:56Z] [[31merror[0m] [task_execution] Error executing task azure-sha256-512: task azure-sha256-512 failed after 7 retries: <nil>
[2025-12-01T23:04:56Z] [[31merror[0m] [task_execution] Error executing task azure-sha256-512: task azure-sha256-512 failed after 7 retries: <nil>
[2025-12-01T23:04:57Z] [[31merror[0m] [task_execution] Error executing task azure-sha256-512: task azure-sha256-512 failed after 7 retries: <nil>
[2025-12-01T23:04:57Z] [[31merror[0m] [task_execution] Error executing task azure-sha256-512: task azure-sha256-512 failed after 7 retries: <nil>
[2025-12-01T23:04:57Z] [[31merror[0m] [task_execution] Error executing task azure-sha256-512: task azure-sha256-512 failed after 7 retries: <nil>
[2025-12-01T23:04:58Z] [[31merror[0m] [task_execution] Error executing task azure-sha256-512: task azure-sha256-512 failed after 7 retries: <nil>
[2025-12-01T23:05:00Z] [[31merror[0m] [task_execution] Error executing task azure-sha256-512: task azure-sha256-512 failed after 7 retries: <nil>
[2025-12-01T23:05:01Z] [[36minfo[0m] [progress_update] aws-us-east-1-aws-sha256-512-512-558: 2500/2500 tasks started.alibaba-us-east-1-alibaba-sha256-512-512-701: 2500/2500 tasks started.azure-germanywestcentral-azure-sha256-512-512-744: 2500/2500 tasks started.gcp-us-east1-gcp-sha256-512-512-601: 2500/2500 tasks started.
[2025-12-01T23:05:02Z] [[31merror[0m] [task_execution] Error executing task azure-sha256-512: task azure-sha256-512 failed after 7 retries: <nil>
[2025-12-01T23:05:03Z] [[31merror[0m] [task_execution] Error executing task azure-sha256-512: task azure-sha256-512 failed after 7 retries: <nil>
[2025-12-01T23:05:03Z] [[31merror[0m] [task_execution] Error executing task azure-sha256-512: task azure-sha256-512 failed after 7 retries: <nil>
[2025-12-01T23:05:11Z] [[36minfo[0m] [progress_update] aws-us-east-1-aws-sha256-512-512-558: 2500/2500 tasks started.alibaba-us-east-1-alibaba-sha256-512-512-701: 2500/2500 tasks started.azure-germanywestcentral-azure-sha256-512-512-744: 2500/2500 tasks started.gcp-us-east1-gcp-sha256-512-512-601: 2500/2500 tasks started.
[2025-12-01T23:05:21Z] [[36minfo[0m] [progress_update] aws-us-east-1-aws-sha256-512-512-558: 2500/2500 tasks started.alibaba-us-east-1-alibaba-sha256-512-512-701: 2500/2500 tasks started.azure-germanywestcentral-azure-sha256-512-512-744: 2500/2500 tasks started.gcp-us-east1-gcp-sha256-512-512-601: 2500/2500 tasks started.
[2025-12-01T23:05:26Z] [[31merror[0m] [task_execution] Error executing task azure-sha256-512: task azure-sha256-512 failed after 7 retries: <nil>
[2025-12-01T23:05:26Z] [[31merror[0m] [task_execution] Error executing task azure-sha256-512: task azure-sha256-512 failed after 7 retries: <nil>
[2025-12-01T23:05:26Z] [[31merror[0m] [task_execution] Error executing task azure-sha256-512: task azure-sha256-512 failed after 7 retries: <nil>
[2025-12-01T23:05:26Z] [[31merror[0m] [task_execution] Error executing task azure-sha256-512: task azure-sha256-512 failed after 7 retries: <nil>
[2025-12-01T23:05:28Z] [[31merror[0m] [task_execution] Error executing task azure-sha256-512: task azure-sha256-512 failed after 7 retries: <nil>
[2025-12-01T23:05:31Z] [[36minfo[0m] [progress_update] azure-germanywestcentral-azure-sha256-512-512-744: 2500/2500 tasks started.gcp-us-east1-gcp-sha256-512-512-601: 2500/2500 tasks started.aws-us-east-1-aws-sha256-512-512-558: 2500/2500 tasks started.alibaba-us-east-1-alibaba-sha256-512-512-701: 2500/2500 tasks started.
[2025-12-01T23:05:33Z] [[36minfo[0m] [function_finished] Finished benchmarking function azure-sha256-512 and closed archiver
[2025-12-01T23:05:35Z] [[36minfo[0m] [finish_timeline] Benchmark Timeline
[Mon Dec  1 23:05:35 UTC 2025] Finished benchmark 'sha256' successfully
[Mon Dec  1 23:05:35 UTC 2025] Sleeping 600 seconds before next workload...
