[Tue Dec  2 11:15:41 UTC 2025] Starting benchmark 'sha256' with config './configs/sha256.yaml'
Validating functions...
[2025-12-02T11:15:41Z] [[36minfo[0m] [executor_setup] Setting up executor for aws-us-east-1-aws-sha256-512-512-284
[2025-12-02T11:15:41Z] [[36minfo[0m] [executor_setup] Setting up executor for alibaba-us-east-1-alibaba-sha256-512-512-494
[2025-12-02T11:15:41Z] [[36minfo[0m] [executor_setup] Setting up executor for azure-germanywestcentral-azure-sha256-512-512-752
[2025-12-02T11:15:41Z] [[0mwarning[0m] [[32mazure_limitations[0m] Azure can´t handle more than 300 parallel requests. Limiting to 300.
[2025-12-02T11:15:41Z] [[36minfo[0m] [executor_setup] Setting up executor for gcp-us-east1-gcp-sha256-512-512-12
[2025-12-02T11:15:41Z] [[36minfo[0m] [start_timeline] Benchmark Timeline
[2025-12-02T11:15:41Z] [[36minfo[0m] [load_generator_start] (aws: us-east-1) Starting load generator with 500 workers
[2025-12-02T11:15:41Z] [[36minfo[0m] [load_generator_start] (azure: germanywestcentral) Starting load generator with 300 workers
[2025-12-02T11:15:41Z] [[36minfo[0m] [load_generator_start] (alibaba: us-east-1) Starting load generator with 500 workers
[2025-12-02T11:15:41Z] [[36minfo[0m] [load_generator_start] (gcp: us-east1) Starting load generator with 300 workers
[2025-12-02T11:15:51Z] [[36minfo[0m] [progress_update] gcp-us-east1-gcp-sha256-512-512-12: 1603/2500 tasks started.aws-us-east-1-aws-sha256-512-512-284: 1706/2500 tasks started.alibaba-us-east-1-alibaba-sha256-512-512-494: 1484/2500 tasks started.azure-germanywestcentral-azure-sha256-512-512-752: 650/2500 tasks started.
[2025-12-02T11:16:01Z] [[36minfo[0m] [progress_update] aws-us-east-1-aws-sha256-512-512-284: 2500/2500 tasks started.alibaba-us-east-1-alibaba-sha256-512-512-494: 2500/2500 tasks started.azure-germanywestcentral-azure-sha256-512-512-752: 650/2500 tasks started.gcp-us-east1-gcp-sha256-512-512-12: 2500/2500 tasks started.
[2025-12-02T11:16:10Z] [[36minfo[0m] [function_finished] Finished benchmarking function gcp-sha256-512 and closed archiver
[2025-12-02T11:16:11Z] [[36minfo[0m] [progress_update] aws-us-east-1-aws-sha256-512-512-284: 2500/2500 tasks started.alibaba-us-east-1-alibaba-sha256-512-512-494: 2500/2500 tasks started.azure-germanywestcentral-azure-sha256-512-512-752: 1533/2500 tasks started.gcp-us-east1-gcp-sha256-512-512-12: 2500/2500 tasks started.
[2025-12-02T11:16:21Z] [[36minfo[0m] [progress_update] aws-us-east-1-aws-sha256-512-512-284: 2500/2500 tasks started.alibaba-us-east-1-alibaba-sha256-512-512-494: 2500/2500 tasks started.azure-germanywestcentral-azure-sha256-512-512-752: 2034/2500 tasks started.gcp-us-east1-gcp-sha256-512-512-12: 2500/2500 tasks started.
[2025-12-02T11:16:22Z] [[36minfo[0m] [function_finished] Finished benchmarking function aws-sha256-512 and closed archiver
[2025-12-02T11:16:31Z] [[36minfo[0m] [progress_update] aws-us-east-1-aws-sha256-512-512-284: 2500/2500 tasks started.alibaba-us-east-1-alibaba-sha256-512-512-494: 2500/2500 tasks started.azure-germanywestcentral-azure-sha256-512-512-752: 2185/2500 tasks started.gcp-us-east1-gcp-sha256-512-512-12: 2500/2500 tasks started.
[2025-12-02T11:16:41Z] [[36minfo[0m] [progress_update] azure-germanywestcentral-azure-sha256-512-512-752: 2322/2500 tasks started.gcp-us-east1-gcp-sha256-512-512-12: 2500/2500 tasks started.aws-us-east-1-aws-sha256-512-512-284: 2500/2500 tasks started.alibaba-us-east-1-alibaba-sha256-512-512-494: 2500/2500 tasks started.
[2025-12-02T11:16:51Z] [[36minfo[0m] [progress_update] gcp-us-east1-gcp-sha256-512-512-12: 2500/2500 tasks started.aws-us-east-1-aws-sha256-512-512-284: 2500/2500 tasks started.alibaba-us-east-1-alibaba-sha256-512-512-494: 2500/2500 tasks started.azure-germanywestcentral-azure-sha256-512-512-752: 2500/2500 tasks started.
[2025-12-02T11:17:01Z] [[36minfo[0m] [progress_update] aws-us-east-1-aws-sha256-512-512-284: 2500/2500 tasks started.alibaba-us-east-1-alibaba-sha256-512-512-494: 2500/2500 tasks started.azure-germanywestcentral-azure-sha256-512-512-752: 2500/2500 tasks started.gcp-us-east1-gcp-sha256-512-512-12: 2500/2500 tasks started.
[2025-12-02T11:17:06Z] [[36minfo[0m] [function_finished] Finished benchmarking function alibaba-sha256-512 and closed archiver
[2025-12-02T11:17:11Z] [[36minfo[0m] [progress_update] gcp-us-east1-gcp-sha256-512-512-12: 2500/2500 tasks started.aws-us-east-1-aws-sha256-512-512-284: 2500/2500 tasks started.alibaba-us-east-1-alibaba-sha256-512-512-494: 2500/2500 tasks started.azure-germanywestcentral-azure-sha256-512-512-752: 2500/2500 tasks started.
[2025-12-02T11:17:21Z] [[36minfo[0m] [progress_update] alibaba-us-east-1-alibaba-sha256-512-512-494: 2500/2500 tasks started.azure-germanywestcentral-azure-sha256-512-512-752: 2500/2500 tasks started.gcp-us-east1-gcp-sha256-512-512-12: 2500/2500 tasks started.aws-us-east-1-aws-sha256-512-512-284: 2500/2500 tasks started.
[2025-12-02T11:17:31Z] [[36minfo[0m] [progress_update] aws-us-east-1-aws-sha256-512-512-284: 2500/2500 tasks started.alibaba-us-east-1-alibaba-sha256-512-512-494: 2500/2500 tasks started.azure-germanywestcentral-azure-sha256-512-512-752: 2500/2500 tasks started.gcp-us-east1-gcp-sha256-512-512-12: 2500/2500 tasks started.
[2025-12-02T11:17:41Z] [[36minfo[0m] [progress_update] azure-germanywestcentral-azure-sha256-512-512-752: 2500/2500 tasks started.gcp-us-east1-gcp-sha256-512-512-12: 2500/2500 tasks started.aws-us-east-1-aws-sha256-512-512-284: 2500/2500 tasks started.alibaba-us-east-1-alibaba-sha256-512-512-494: 2500/2500 tasks started.
[2025-12-02T11:17:51Z] [[36minfo[0m] [progress_update] aws-us-east-1-aws-sha256-512-512-284: 2500/2500 tasks started.alibaba-us-east-1-alibaba-sha256-512-512-494: 2500/2500 tasks started.azure-germanywestcentral-azure-sha256-512-512-752: 2500/2500 tasks started.gcp-us-east1-gcp-sha256-512-512-12: 2500/2500 tasks started.
[2025-12-02T11:18:01Z] [[36minfo[0m] [progress_update] aws-us-east-1-aws-sha256-512-512-284: 2500/2500 tasks started.alibaba-us-east-1-alibaba-sha256-512-512-494: 2500/2500 tasks started.azure-germanywestcentral-azure-sha256-512-512-752: 2500/2500 tasks started.gcp-us-east1-gcp-sha256-512-512-12: 2500/2500 tasks started.
[2025-12-02T11:18:11Z] [[36minfo[0m] [progress_update] aws-us-east-1-aws-sha256-512-512-284: 2500/2500 tasks started.alibaba-us-east-1-alibaba-sha256-512-512-494: 2500/2500 tasks started.azure-germanywestcentral-azure-sha256-512-512-752: 2500/2500 tasks started.gcp-us-east1-gcp-sha256-512-512-12: 2500/2500 tasks started.
[2025-12-02T11:18:21Z] [[36minfo[0m] [progress_update] aws-us-east-1-aws-sha256-512-512-284: 2500/2500 tasks started.alibaba-us-east-1-alibaba-sha256-512-512-494: 2500/2500 tasks started.azure-germanywestcentral-azure-sha256-512-512-752: 2500/2500 tasks started.gcp-us-east1-gcp-sha256-512-512-12: 2500/2500 tasks started.
[2025-12-02T11:18:31Z] [[36minfo[0m] [progress_update] alibaba-us-east-1-alibaba-sha256-512-512-494: 2500/2500 tasks started.azure-germanywestcentral-azure-sha256-512-512-752: 2500/2500 tasks started.gcp-us-east1-gcp-sha256-512-512-12: 2500/2500 tasks started.aws-us-east-1-aws-sha256-512-512-284: 2500/2500 tasks started.
[2025-12-02T11:18:41Z] [[36minfo[0m] [progress_update] aws-us-east-1-aws-sha256-512-512-284: 2500/2500 tasks started.alibaba-us-east-1-alibaba-sha256-512-512-494: 2500/2500 tasks started.azure-germanywestcentral-azure-sha256-512-512-752: 2500/2500 tasks started.gcp-us-east1-gcp-sha256-512-512-12: 2500/2500 tasks started.
[2025-12-02T11:18:51Z] [[36minfo[0m] [progress_update] aws-us-east-1-aws-sha256-512-512-284: 2500/2500 tasks started.alibaba-us-east-1-alibaba-sha256-512-512-494: 2500/2500 tasks started.azure-germanywestcentral-azure-sha256-512-512-752: 2500/2500 tasks started.gcp-us-east1-gcp-sha256-512-512-12: 2500/2500 tasks started.
[2025-12-02T11:19:01Z] [[36minfo[0m] [progress_update] azure-germanywestcentral-azure-sha256-512-512-752: 2500/2500 tasks started.gcp-us-east1-gcp-sha256-512-512-12: 2500/2500 tasks started.aws-us-east-1-aws-sha256-512-512-284: 2500/2500 tasks started.alibaba-us-east-1-alibaba-sha256-512-512-494: 2500/2500 tasks started.
[2025-12-02T11:19:11Z] [[36minfo[0m] [progress_update] gcp-us-east1-gcp-sha256-512-512-12: 2500/2500 tasks started.aws-us-east-1-aws-sha256-512-512-284: 2500/2500 tasks started.alibaba-us-east-1-alibaba-sha256-512-512-494: 2500/2500 tasks started.azure-germanywestcentral-azure-sha256-512-512-752: 2500/2500 tasks started.
[2025-12-02T11:19:21Z] [[36minfo[0m] [progress_update] aws-us-east-1-aws-sha256-512-512-284: 2500/2500 tasks started.alibaba-us-east-1-alibaba-sha256-512-512-494: 2500/2500 tasks started.azure-germanywestcentral-azure-sha256-512-512-752: 2500/2500 tasks started.gcp-us-east1-gcp-sha256-512-512-12: 2500/2500 tasks started.
[2025-12-02T11:19:31Z] [[36minfo[0m] [progress_update] aws-us-east-1-aws-sha256-512-512-284: 2500/2500 tasks started.alibaba-us-east-1-alibaba-sha256-512-512-494: 2500/2500 tasks started.azure-germanywestcentral-azure-sha256-512-512-752: 2500/2500 tasks started.gcp-us-east1-gcp-sha256-512-512-12: 2500/2500 tasks started.
[2025-12-02T11:19:41Z] [[36minfo[0m] [progress_update] azure-germanywestcentral-azure-sha256-512-512-752: 2500/2500 tasks started.gcp-us-east1-gcp-sha256-512-512-12: 2500/2500 tasks started.aws-us-east-1-aws-sha256-512-512-284: 2500/2500 tasks started.alibaba-us-east-1-alibaba-sha256-512-512-494: 2500/2500 tasks started.
[2025-12-02T11:19:51Z] [[36minfo[0m] [progress_update] gcp-us-east1-gcp-sha256-512-512-12: 2500/2500 tasks started.aws-us-east-1-aws-sha256-512-512-284: 2500/2500 tasks started.alibaba-us-east-1-alibaba-sha256-512-512-494: 2500/2500 tasks started.azure-germanywestcentral-azure-sha256-512-512-752: 2500/2500 tasks started.
[2025-12-02T11:20:01Z] [[36minfo[0m] [progress_update] alibaba-us-east-1-alibaba-sha256-512-512-494: 2500/2500 tasks started.azure-germanywestcentral-azure-sha256-512-512-752: 2500/2500 tasks started.gcp-us-east1-gcp-sha256-512-512-12: 2500/2500 tasks started.aws-us-east-1-aws-sha256-512-512-284: 2500/2500 tasks started.
[2025-12-02T11:20:03Z] [[31merror[0m] [task_execution] Error executing task azure-sha256-512: task azure-sha256-512 failed after 7 retries: <nil>
[2025-12-02T11:20:03Z] [[31merror[0m] [task_execution] Error executing task azure-sha256-512: task azure-sha256-512 failed after 7 retries: <nil>
[2025-12-02T11:20:03Z] [[31merror[0m] [task_execution] Error executing task azure-sha256-512: task azure-sha256-512 failed after 7 retries: <nil>
[2025-12-02T11:20:03Z] [[31merror[0m] [task_execution] Error executing task azure-sha256-512: task azure-sha256-512 failed after 7 retries: <nil>
[2025-12-02T11:20:03Z] [[31merror[0m] [task_execution] Error executing task azure-sha256-512: task azure-sha256-512 failed after 7 retries: <nil>
[2025-12-02T11:20:11Z] [[36minfo[0m] [progress_update] alibaba-us-east-1-alibaba-sha256-512-512-494: 2500/2500 tasks started.azure-germanywestcentral-azure-sha256-512-512-752: 2500/2500 tasks started.gcp-us-east1-gcp-sha256-512-512-12: 2500/2500 tasks started.aws-us-east-1-aws-sha256-512-512-284: 2500/2500 tasks started.
[2025-12-02T11:20:20Z] [[31merror[0m] [task_execution] Error executing task azure-sha256-512: task azure-sha256-512 failed after 7 retries: <nil>
[2025-12-02T11:20:21Z] [[36minfo[0m] [progress_update] alibaba-us-east-1-alibaba-sha256-512-512-494: 2500/2500 tasks started.azure-germanywestcentral-azure-sha256-512-512-752: 2500/2500 tasks started.gcp-us-east1-gcp-sha256-512-512-12: 2500/2500 tasks started.aws-us-east-1-aws-sha256-512-512-284: 2500/2500 tasks started.
[2025-12-02T11:20:31Z] [[36minfo[0m] [progress_update] azure-germanywestcentral-azure-sha256-512-512-752: 2500/2500 tasks started.gcp-us-east1-gcp-sha256-512-512-12: 2500/2500 tasks started.aws-us-east-1-aws-sha256-512-512-284: 2500/2500 tasks started.alibaba-us-east-1-alibaba-sha256-512-512-494: 2500/2500 tasks started.
[2025-12-02T11:20:41Z] [[36minfo[0m] [progress_update] alibaba-us-east-1-alibaba-sha256-512-512-494: 2500/2500 tasks started.azure-germanywestcentral-azure-sha256-512-512-752: 2500/2500 tasks started.gcp-us-east1-gcp-sha256-512-512-12: 2500/2500 tasks started.aws-us-east-1-aws-sha256-512-512-284: 2500/2500 tasks started.
[2025-12-02T11:20:49Z] [[31merror[0m] [task_execution] Error executing task azure-sha256-512: task azure-sha256-512 failed after 7 retries: <nil>
[2025-12-02T11:20:51Z] [[36minfo[0m] [progress_update] aws-us-east-1-aws-sha256-512-512-284: 2500/2500 tasks started.alibaba-us-east-1-alibaba-sha256-512-512-494: 2500/2500 tasks started.azure-germanywestcentral-azure-sha256-512-512-752: 2500/2500 tasks started.gcp-us-east1-gcp-sha256-512-512-12: 2500/2500 tasks started.
[2025-12-02T11:20:54Z] [[36minfo[0m] [function_finished] Finished benchmarking function azure-sha256-512 and closed archiver
[2025-12-02T11:20:56Z] [[36minfo[0m] [finish_timeline] Benchmark Timeline
[Tue Dec  2 11:20:56 UTC 2025] Finished benchmark 'sha256' successfully
[Tue Dec  2 11:20:56 UTC 2025] Sleeping 600 seconds before next workload...
