[Fri Dec  5 00:01:26 UTC 2025] Starting benchmark 'aesctr' with config './configs/aesCtr.yaml'
Validating functions...
[2025-12-05T00:01:26Z] [[36minfo[0m] [executor_setup] Setting up executor for aws-us-east-1-aws-aesCtr-512-512-994
[2025-12-05T00:01:26Z] [[36minfo[0m] [executor_setup] Setting up executor for alibaba-us-east-1-alibaba-aesCtr-512-512-637
[2025-12-05T00:01:26Z] [[36minfo[0m] [executor_setup] Setting up executor for azure-germanywestcentral-azure-aesCtr-512-512-114
[2025-12-05T00:01:26Z] [[0mwarning[0m] [[32mazure_limitations[0m] Azure can´t handle more than 300 parallel requests. Limiting to 300.
[2025-12-05T00:01:26Z] [[36minfo[0m] [executor_setup] Setting up executor for gcp-us-east1-gcp-aesCtr-512-512-649
[2025-12-05T00:01:26Z] [[36minfo[0m] [start_timeline] Benchmark Timeline
[2025-12-05T00:01:26Z] [[36minfo[0m] [load_generator_start] (gcp: us-east1) Starting load generator with 300 workers
[2025-12-05T00:01:26Z] [[36minfo[0m] [load_generator_start] (aws: us-east-1) Starting load generator with 500 workers
[2025-12-05T00:01:26Z] [[36minfo[0m] [load_generator_start] (azure: germanywestcentral) Starting load generator with 300 workers
[2025-12-05T00:01:26Z] [[36minfo[0m] [load_generator_start] (alibaba: us-east-1) Starting load generator with 500 workers
[2025-12-05T00:01:36Z] [[36minfo[0m] [progress_update] gcp-us-east1-gcp-aesCtr-512-512-649: 620/2500 tasks started.aws-us-east-1-aws-aesCtr-512-512-994: 2001/2500 tasks started.alibaba-us-east-1-alibaba-aesCtr-512-512-637: 2230/2500 tasks started.azure-germanywestcentral-azure-aesCtr-512-512-114: 634/2500 tasks started.
[2025-12-05T00:01:46Z] [[36minfo[0m] [progress_update] alibaba-us-east-1-alibaba-aesCtr-512-512-637: 2500/2500 tasks started.azure-germanywestcentral-azure-aesCtr-512-512-114: 646/2500 tasks started.gcp-us-east1-gcp-aesCtr-512-512-649: 1205/2500 tasks started.aws-us-east-1-aws-aesCtr-512-512-994: 2500/2500 tasks started.
[2025-12-05T00:01:52Z] [[36minfo[0m] [function_finished] Finished benchmarking function aws-aesCtr-512 and closed archiver
[2025-12-05T00:01:56Z] [[36minfo[0m] [progress_update] alibaba-us-east-1-alibaba-aesCtr-512-512-637: 2500/2500 tasks started.azure-germanywestcentral-azure-aesCtr-512-512-114: 1461/2500 tasks started.gcp-us-east1-gcp-aesCtr-512-512-649: 1777/2500 tasks started.aws-us-east-1-aws-aesCtr-512-512-994: 2500/2500 tasks started.
[2025-12-05T00:02:06Z] [[36minfo[0m] [progress_update] aws-us-east-1-aws-aesCtr-512-512-994: 2500/2500 tasks started.alibaba-us-east-1-alibaba-aesCtr-512-512-637: 2500/2500 tasks started.azure-germanywestcentral-azure-aesCtr-512-512-114: 1992/2500 tasks started.gcp-us-east1-gcp-aesCtr-512-512-649: 2309/2500 tasks started.
[2025-12-05T00:02:16Z] [[36minfo[0m] [progress_update] azure-germanywestcentral-azure-aesCtr-512-512-114: 2157/2500 tasks started.gcp-us-east1-gcp-aesCtr-512-512-649: 2500/2500 tasks started.aws-us-east-1-aws-aesCtr-512-512-994: 2500/2500 tasks started.alibaba-us-east-1-alibaba-aesCtr-512-512-637: 2500/2500 tasks started.
[2025-12-05T00:02:25Z] [[36minfo[0m] [function_finished] Finished benchmarking function gcp-aesCtr-512 and closed archiver
[2025-12-05T00:02:26Z] [[36minfo[0m] [progress_update] aws-us-east-1-aws-aesCtr-512-512-994: 2500/2500 tasks started.alibaba-us-east-1-alibaba-aesCtr-512-512-637: 2500/2500 tasks started.azure-germanywestcentral-azure-aesCtr-512-512-114: 2197/2500 tasks started.gcp-us-east1-gcp-aesCtr-512-512-649: 2500/2500 tasks started.
[2025-12-05T00:02:36Z] [[36minfo[0m] [progress_update] alibaba-us-east-1-alibaba-aesCtr-512-512-637: 2500/2500 tasks started.azure-germanywestcentral-azure-aesCtr-512-512-114: 2322/2500 tasks started.gcp-us-east1-gcp-aesCtr-512-512-649: 2500/2500 tasks started.aws-us-east-1-aws-aesCtr-512-512-994: 2500/2500 tasks started.
[2025-12-05T00:02:46Z] [[36minfo[0m] [progress_update] gcp-us-east1-gcp-aesCtr-512-512-649: 2500/2500 tasks started.aws-us-east-1-aws-aesCtr-512-512-994: 2500/2500 tasks started.alibaba-us-east-1-alibaba-aesCtr-512-512-637: 2500/2500 tasks started.azure-germanywestcentral-azure-aesCtr-512-512-114: 2398/2500 tasks started.
[2025-12-05T00:02:48Z] [[36minfo[0m] [function_finished] Finished benchmarking function alibaba-aesCtr-512 and closed archiver
[2025-12-05T00:02:56Z] [[36minfo[0m] [progress_update] aws-us-east-1-aws-aesCtr-512-512-994: 2500/2500 tasks started.alibaba-us-east-1-alibaba-aesCtr-512-512-637: 2500/2500 tasks started.azure-germanywestcentral-azure-aesCtr-512-512-114: 2427/2500 tasks started.gcp-us-east1-gcp-aesCtr-512-512-649: 2500/2500 tasks started.
[2025-12-05T00:03:06Z] [[36minfo[0m] [progress_update] aws-us-east-1-aws-aesCtr-512-512-994: 2500/2500 tasks started.alibaba-us-east-1-alibaba-aesCtr-512-512-637: 2500/2500 tasks started.azure-germanywestcentral-azure-aesCtr-512-512-114: 2427/2500 tasks started.gcp-us-east1-gcp-aesCtr-512-512-649: 2500/2500 tasks started.
[2025-12-05T00:03:16Z] [[36minfo[0m] [progress_update] azure-germanywestcentral-azure-aesCtr-512-512-114: 2500/2500 tasks started.gcp-us-east1-gcp-aesCtr-512-512-649: 2500/2500 tasks started.aws-us-east-1-aws-aesCtr-512-512-994: 2500/2500 tasks started.alibaba-us-east-1-alibaba-aesCtr-512-512-637: 2500/2500 tasks started.
[2025-12-05T00:03:26Z] [[36minfo[0m] [progress_update] azure-germanywestcentral-azure-aesCtr-512-512-114: 2500/2500 tasks started.gcp-us-east1-gcp-aesCtr-512-512-649: 2500/2500 tasks started.aws-us-east-1-aws-aesCtr-512-512-994: 2500/2500 tasks started.alibaba-us-east-1-alibaba-aesCtr-512-512-637: 2500/2500 tasks started.
[2025-12-05T00:03:36Z] [[36minfo[0m] [progress_update] aws-us-east-1-aws-aesCtr-512-512-994: 2500/2500 tasks started.alibaba-us-east-1-alibaba-aesCtr-512-512-637: 2500/2500 tasks started.azure-germanywestcentral-azure-aesCtr-512-512-114: 2500/2500 tasks started.gcp-us-east1-gcp-aesCtr-512-512-649: 2500/2500 tasks started.
[2025-12-05T00:03:46Z] [[36minfo[0m] [progress_update] aws-us-east-1-aws-aesCtr-512-512-994: 2500/2500 tasks started.alibaba-us-east-1-alibaba-aesCtr-512-512-637: 2500/2500 tasks started.azure-germanywestcentral-azure-aesCtr-512-512-114: 2500/2500 tasks started.gcp-us-east1-gcp-aesCtr-512-512-649: 2500/2500 tasks started.
[2025-12-05T00:03:56Z] [[36minfo[0m] [progress_update] aws-us-east-1-aws-aesCtr-512-512-994: 2500/2500 tasks started.alibaba-us-east-1-alibaba-aesCtr-512-512-637: 2500/2500 tasks started.azure-germanywestcentral-azure-aesCtr-512-512-114: 2500/2500 tasks started.gcp-us-east1-gcp-aesCtr-512-512-649: 2500/2500 tasks started.
[2025-12-05T00:04:06Z] [[36minfo[0m] [progress_update] aws-us-east-1-aws-aesCtr-512-512-994: 2500/2500 tasks started.alibaba-us-east-1-alibaba-aesCtr-512-512-637: 2500/2500 tasks started.azure-germanywestcentral-azure-aesCtr-512-512-114: 2500/2500 tasks started.gcp-us-east1-gcp-aesCtr-512-512-649: 2500/2500 tasks started.
[2025-12-05T00:04:16Z] [[36minfo[0m] [progress_update] aws-us-east-1-aws-aesCtr-512-512-994: 2500/2500 tasks started.alibaba-us-east-1-alibaba-aesCtr-512-512-637: 2500/2500 tasks started.azure-germanywestcentral-azure-aesCtr-512-512-114: 2500/2500 tasks started.gcp-us-east1-gcp-aesCtr-512-512-649: 2500/2500 tasks started.
[2025-12-05T00:04:26Z] [[36minfo[0m] [progress_update] gcp-us-east1-gcp-aesCtr-512-512-649: 2500/2500 tasks started.aws-us-east-1-aws-aesCtr-512-512-994: 2500/2500 tasks started.alibaba-us-east-1-alibaba-aesCtr-512-512-637: 2500/2500 tasks started.azure-germanywestcentral-azure-aesCtr-512-512-114: 2500/2500 tasks started.
[2025-12-05T00:04:36Z] [[36minfo[0m] [progress_update] aws-us-east-1-aws-aesCtr-512-512-994: 2500/2500 tasks started.alibaba-us-east-1-alibaba-aesCtr-512-512-637: 2500/2500 tasks started.azure-germanywestcentral-azure-aesCtr-512-512-114: 2500/2500 tasks started.gcp-us-east1-gcp-aesCtr-512-512-649: 2500/2500 tasks started.
[2025-12-05T00:04:46Z] [[36minfo[0m] [progress_update] azure-germanywestcentral-azure-aesCtr-512-512-114: 2500/2500 tasks started.gcp-us-east1-gcp-aesCtr-512-512-649: 2500/2500 tasks started.aws-us-east-1-aws-aesCtr-512-512-994: 2500/2500 tasks started.alibaba-us-east-1-alibaba-aesCtr-512-512-637: 2500/2500 tasks started.
[2025-12-05T00:04:56Z] [[36minfo[0m] [progress_update] alibaba-us-east-1-alibaba-aesCtr-512-512-637: 2500/2500 tasks started.azure-germanywestcentral-azure-aesCtr-512-512-114: 2500/2500 tasks started.gcp-us-east1-gcp-aesCtr-512-512-649: 2500/2500 tasks started.aws-us-east-1-aws-aesCtr-512-512-994: 2500/2500 tasks started.
[2025-12-05T00:05:06Z] [[36minfo[0m] [progress_update] gcp-us-east1-gcp-aesCtr-512-512-649: 2500/2500 tasks started.aws-us-east-1-aws-aesCtr-512-512-994: 2500/2500 tasks started.alibaba-us-east-1-alibaba-aesCtr-512-512-637: 2500/2500 tasks started.azure-germanywestcentral-azure-aesCtr-512-512-114: 2500/2500 tasks started.
[2025-12-05T00:05:16Z] [[36minfo[0m] [progress_update] aws-us-east-1-aws-aesCtr-512-512-994: 2500/2500 tasks started.alibaba-us-east-1-alibaba-aesCtr-512-512-637: 2500/2500 tasks started.azure-germanywestcentral-azure-aesCtr-512-512-114: 2500/2500 tasks started.gcp-us-east1-gcp-aesCtr-512-512-649: 2500/2500 tasks started.
[2025-12-05T00:05:26Z] [[36minfo[0m] [progress_update] aws-us-east-1-aws-aesCtr-512-512-994: 2500/2500 tasks started.alibaba-us-east-1-alibaba-aesCtr-512-512-637: 2500/2500 tasks started.azure-germanywestcentral-azure-aesCtr-512-512-114: 2500/2500 tasks started.gcp-us-east1-gcp-aesCtr-512-512-649: 2500/2500 tasks started.
[2025-12-05T00:05:36Z] [[36minfo[0m] [progress_update] azure-germanywestcentral-azure-aesCtr-512-512-114: 2500/2500 tasks started.gcp-us-east1-gcp-aesCtr-512-512-649: 2500/2500 tasks started.aws-us-east-1-aws-aesCtr-512-512-994: 2500/2500 tasks started.alibaba-us-east-1-alibaba-aesCtr-512-512-637: 2500/2500 tasks started.
[2025-12-05T00:05:46Z] [[36minfo[0m] [progress_update] aws-us-east-1-aws-aesCtr-512-512-994: 2500/2500 tasks started.alibaba-us-east-1-alibaba-aesCtr-512-512-637: 2500/2500 tasks started.azure-germanywestcentral-azure-aesCtr-512-512-114: 2500/2500 tasks started.gcp-us-east1-gcp-aesCtr-512-512-649: 2500/2500 tasks started.
[2025-12-05T00:05:47Z] [[31merror[0m] [task_execution] Error executing task azure-aesCtr-512: task azure-aesCtr-512 failed after 7 retries: <nil>
[2025-12-05T00:05:47Z] [[31merror[0m] [task_execution] Error executing task azure-aesCtr-512: task azure-aesCtr-512 failed after 7 retries: <nil>
[2025-12-05T00:05:47Z] [[31merror[0m] [task_execution] Error executing task azure-aesCtr-512: task azure-aesCtr-512 failed after 7 retries: <nil>
[2025-12-05T00:05:48Z] [[31merror[0m] [task_execution] Error executing task azure-aesCtr-512: task azure-aesCtr-512 failed after 7 retries: <nil>
[2025-12-05T00:05:49Z] [[31merror[0m] [task_execution] Error executing task azure-aesCtr-512: task azure-aesCtr-512 failed after 7 retries: <nil>
[2025-12-05T00:05:56Z] [[36minfo[0m] [progress_update] aws-us-east-1-aws-aesCtr-512-512-994: 2500/2500 tasks started.alibaba-us-east-1-alibaba-aesCtr-512-512-637: 2500/2500 tasks started.azure-germanywestcentral-azure-aesCtr-512-512-114: 2500/2500 tasks started.gcp-us-east1-gcp-aesCtr-512-512-649: 2500/2500 tasks started.
[2025-12-05T00:06:06Z] [[36minfo[0m] [progress_update] aws-us-east-1-aws-aesCtr-512-512-994: 2500/2500 tasks started.alibaba-us-east-1-alibaba-aesCtr-512-512-637: 2500/2500 tasks started.azure-germanywestcentral-azure-aesCtr-512-512-114: 2500/2500 tasks started.gcp-us-east1-gcp-aesCtr-512-512-649: 2500/2500 tasks started.
[2025-12-05T00:06:16Z] [[36minfo[0m] [progress_update] aws-us-east-1-aws-aesCtr-512-512-994: 2500/2500 tasks started.alibaba-us-east-1-alibaba-aesCtr-512-512-637: 2500/2500 tasks started.azure-germanywestcentral-azure-aesCtr-512-512-114: 2500/2500 tasks started.gcp-us-east1-gcp-aesCtr-512-512-649: 2500/2500 tasks started.
[2025-12-05T00:06:21Z] [[31merror[0m] [task_execution] Error executing task azure-aesCtr-512: task azure-aesCtr-512 failed after 7 retries: <nil>
[2025-12-05T00:06:21Z] [[31merror[0m] [task_execution] Error executing task azure-aesCtr-512: task azure-aesCtr-512 failed after 7 retries: <nil>
[2025-12-05T00:06:21Z] [[31merror[0m] [task_execution] Error executing task azure-aesCtr-512: task azure-aesCtr-512 failed after 7 retries: <nil>
[2025-12-05T00:06:21Z] [[31merror[0m] [task_execution] Error executing task azure-aesCtr-512: task azure-aesCtr-512 failed after 7 retries: <nil>
[2025-12-05T00:06:22Z] [[31merror[0m] [task_execution] Error executing task azure-aesCtr-512: task azure-aesCtr-512 failed after 7 retries: <nil>
[2025-12-05T00:06:22Z] [[31merror[0m] [task_execution] Error executing task azure-aesCtr-512: task azure-aesCtr-512 failed after 7 retries: <nil>
[2025-12-05T00:06:22Z] [[31merror[0m] [task_execution] Error executing task azure-aesCtr-512: task azure-aesCtr-512 failed after 7 retries: <nil>
[2025-12-05T00:06:26Z] [[36minfo[0m] [progress_update] aws-us-east-1-aws-aesCtr-512-512-994: 2500/2500 tasks started.alibaba-us-east-1-alibaba-aesCtr-512-512-637: 2500/2500 tasks started.azure-germanywestcentral-azure-aesCtr-512-512-114: 2500/2500 tasks started.gcp-us-east1-gcp-aesCtr-512-512-649: 2500/2500 tasks started.
[2025-12-05T00:06:36Z] [[36minfo[0m] [progress_update] aws-us-east-1-aws-aesCtr-512-512-994: 2500/2500 tasks started.alibaba-us-east-1-alibaba-aesCtr-512-512-637: 2500/2500 tasks started.azure-germanywestcentral-azure-aesCtr-512-512-114: 2500/2500 tasks started.gcp-us-east1-gcp-aesCtr-512-512-649: 2500/2500 tasks started.
[2025-12-05T00:06:45Z] [[31merror[0m] [task_execution] Error executing task azure-aesCtr-512: task azure-aesCtr-512 failed after 7 retries: <nil>
[2025-12-05T00:06:46Z] [[36minfo[0m] [progress_update] aws-us-east-1-aws-aesCtr-512-512-994: 2500/2500 tasks started.alibaba-us-east-1-alibaba-aesCtr-512-512-637: 2500/2500 tasks started.azure-germanywestcentral-azure-aesCtr-512-512-114: 2500/2500 tasks started.gcp-us-east1-gcp-aesCtr-512-512-649: 2500/2500 tasks started.
[2025-12-05T00:06:47Z] [[31merror[0m] [task_execution] Error executing task azure-aesCtr-512: task azure-aesCtr-512 failed after 7 retries: <nil>
[2025-12-05T00:06:48Z] [[31merror[0m] [task_execution] Error executing task azure-aesCtr-512: task azure-aesCtr-512 failed after 7 retries: <nil>
[2025-12-05T00:06:49Z] [[31merror[0m] [task_execution] Error executing task azure-aesCtr-512: task azure-aesCtr-512 failed after 7 retries: <nil>
[2025-12-05T00:06:49Z] [[31merror[0m] [task_execution] Error executing task azure-aesCtr-512: task azure-aesCtr-512 failed after 7 retries: <nil>
[2025-12-05T00:06:50Z] [[31merror[0m] [task_execution] Error executing task azure-aesCtr-512: task azure-aesCtr-512 failed after 7 retries: <nil>
[2025-12-05T00:06:50Z] [[31merror[0m] [task_execution] Error executing task azure-aesCtr-512: task azure-aesCtr-512 failed after 7 retries: <nil>
[2025-12-05T00:06:50Z] [[31merror[0m] [task_execution] Error executing task azure-aesCtr-512: task azure-aesCtr-512 failed after 7 retries: <nil>
[2025-12-05T00:06:51Z] [[31merror[0m] [task_execution] Error executing task azure-aesCtr-512: task azure-aesCtr-512 failed after 7 retries: <nil>
[2025-12-05T00:06:51Z] [[31merror[0m] [task_execution] Error executing task azure-aesCtr-512: task azure-aesCtr-512 failed after 7 retries: <nil>
[2025-12-05T00:06:51Z] [[31merror[0m] [task_execution] Error executing task azure-aesCtr-512: task azure-aesCtr-512 failed after 7 retries: <nil>
[2025-12-05T00:06:51Z] [[31merror[0m] [task_execution] Error executing task azure-aesCtr-512: task azure-aesCtr-512 failed after 7 retries: <nil>
[2025-12-05T00:06:51Z] [[31merror[0m] [task_execution] Error executing task azure-aesCtr-512: task azure-aesCtr-512 failed after 7 retries: <nil>
[2025-12-05T00:06:52Z] [[31merror[0m] [task_execution] Error executing task azure-aesCtr-512: task azure-aesCtr-512 failed after 7 retries: <nil>
[2025-12-05T00:06:52Z] [[31merror[0m] [task_execution] Error executing task azure-aesCtr-512: task azure-aesCtr-512 failed after 7 retries: <nil>
[2025-12-05T00:06:52Z] [[31merror[0m] [task_execution] Error executing task azure-aesCtr-512: task azure-aesCtr-512 failed after 7 retries: <nil>
[2025-12-05T00:06:52Z] [[31merror[0m] [task_execution] Error executing task azure-aesCtr-512: task azure-aesCtr-512 failed after 7 retries: <nil>
[2025-12-05T00:06:52Z] [[31merror[0m] [task_execution] Error executing task azure-aesCtr-512: task azure-aesCtr-512 failed after 7 retries: <nil>
[2025-12-05T00:06:52Z] [[31merror[0m] [task_execution] Error executing task azure-aesCtr-512: task azure-aesCtr-512 failed after 7 retries: <nil>
[2025-12-05T00:06:52Z] [[31merror[0m] [task_execution] Error executing task azure-aesCtr-512: task azure-aesCtr-512 failed after 7 retries: <nil>
[2025-12-05T00:06:52Z] [[31merror[0m] [task_execution] Error executing task azure-aesCtr-512: task azure-aesCtr-512 failed after 7 retries: <nil>
[2025-12-05T00:06:52Z] [[31merror[0m] [task_execution] Error executing task azure-aesCtr-512: task azure-aesCtr-512 failed after 7 retries: <nil>
[2025-12-05T00:06:52Z] [[31merror[0m] [task_execution] Error executing task azure-aesCtr-512: task azure-aesCtr-512 failed after 7 retries: <nil>
[2025-12-05T00:06:52Z] [[31merror[0m] [task_execution] Error executing task azure-aesCtr-512: task azure-aesCtr-512 failed after 7 retries: <nil>
[2025-12-05T00:06:52Z] [[31merror[0m] [task_execution] Error executing task azure-aesCtr-512: task azure-aesCtr-512 failed after 7 retries: <nil>
[2025-12-05T00:06:52Z] [[31merror[0m] [task_execution] Error executing task azure-aesCtr-512: task azure-aesCtr-512 failed after 7 retries: <nil>
[2025-12-05T00:06:52Z] [[31merror[0m] [task_execution] Error executing task azure-aesCtr-512: task azure-aesCtr-512 failed after 7 retries: <nil>
[2025-12-05T00:06:54Z] [[31merror[0m] [task_execution] Error executing task azure-aesCtr-512: task azure-aesCtr-512 failed after 7 retries: <nil>
[2025-12-05T00:06:54Z] [[31merror[0m] [task_execution] Error executing task azure-aesCtr-512: task azure-aesCtr-512 failed after 7 retries: <nil>
[2025-12-05T00:06:56Z] [[36minfo[0m] [progress_update] gcp-us-east1-gcp-aesCtr-512-512-649: 2500/2500 tasks started.aws-us-east-1-aws-aesCtr-512-512-994: 2500/2500 tasks started.alibaba-us-east-1-alibaba-aesCtr-512-512-637: 2500/2500 tasks started.azure-germanywestcentral-azure-aesCtr-512-512-114: 2500/2500 tasks started.
[2025-12-05T00:07:00Z] [[31merror[0m] [task_execution] Error executing task azure-aesCtr-512: task azure-aesCtr-512 failed after 7 retries: <nil>
[2025-12-05T00:07:00Z] [[31merror[0m] [task_execution] Error executing task azure-aesCtr-512: task azure-aesCtr-512 failed after 7 retries: <nil>
[2025-12-05T00:07:00Z] [[31merror[0m] [task_execution] Error executing task azure-aesCtr-512: task azure-aesCtr-512 failed after 7 retries: <nil>
[2025-12-05T00:07:00Z] [[31merror[0m] [task_execution] Error executing task azure-aesCtr-512: task azure-aesCtr-512 failed after 7 retries: <nil>
[2025-12-05T00:07:00Z] [[31merror[0m] [task_execution] Error executing task azure-aesCtr-512: task azure-aesCtr-512 failed after 7 retries: <nil>
[2025-12-05T00:07:01Z] [[31merror[0m] [task_execution] Error executing task azure-aesCtr-512: task azure-aesCtr-512 failed after 7 retries: <nil>
[2025-12-05T00:07:04Z] [[31merror[0m] [task_execution] Error executing task azure-aesCtr-512: task azure-aesCtr-512 failed after 7 retries: <nil>
[2025-12-05T00:07:06Z] [[36minfo[0m] [progress_update] aws-us-east-1-aws-aesCtr-512-512-994: 2500/2500 tasks started.alibaba-us-east-1-alibaba-aesCtr-512-512-637: 2500/2500 tasks started.azure-germanywestcentral-azure-aesCtr-512-512-114: 2500/2500 tasks started.gcp-us-east1-gcp-aesCtr-512-512-649: 2500/2500 tasks started.
[2025-12-05T00:07:09Z] [[36minfo[0m] [function_finished] Finished benchmarking function azure-aesCtr-512 and closed archiver
[2025-12-05T00:07:11Z] [[36minfo[0m] [finish_timeline] Benchmark Timeline
[Fri Dec  5 00:07:11 UTC 2025] Finished benchmark 'aesctr' successfully
