[Thu Dec  4 23:00:01 UTC 2025] Starting benchmark 'sha256' with config './configs/sha256.yaml'
Validating functions...
[2025-12-04T23:00:01Z] [[36minfo[0m] [executor_setup] Setting up executor for aws-us-east-1-aws-sha256-512-512-803
[2025-12-04T23:00:01Z] [[36minfo[0m] [executor_setup] Setting up executor for alibaba-us-east-1-alibaba-sha256-512-512-941
[2025-12-04T23:00:02Z] [[36minfo[0m] [executor_setup] Setting up executor for azure-germanywestcentral-azure-sha256-512-512-155
[2025-12-04T23:00:02Z] [[0mwarning[0m] [[32mazure_limitations[0m] Azure can´t handle more than 300 parallel requests. Limiting to 300.
[2025-12-04T23:00:02Z] [[36minfo[0m] [executor_setup] Setting up executor for gcp-us-east1-gcp-sha256-512-512-489
[2025-12-04T23:00:02Z] [[36minfo[0m] [start_timeline] Benchmark Timeline
[2025-12-04T23:00:02Z] [[36minfo[0m] [load_generator_start] (gcp: us-east1) Starting load generator with 300 workers
[2025-12-04T23:00:02Z] [[36minfo[0m] [load_generator_start] (aws: us-east-1) Starting load generator with 500 workers
[2025-12-04T23:00:02Z] [[36minfo[0m] [load_generator_start] (alibaba: us-east-1) Starting load generator with 500 workers
[2025-12-04T23:00:02Z] [[36minfo[0m] [load_generator_start] (azure: germanywestcentral) Starting load generator with 300 workers
[2025-12-04T23:00:12Z] [[36minfo[0m] [progress_update] gcp-us-east1-gcp-sha256-512-512-489: 1466/2500 tasks started.aws-us-east-1-aws-sha256-512-512-803: 1690/2500 tasks started.alibaba-us-east-1-alibaba-sha256-512-512-941: 1333/2500 tasks started.azure-germanywestcentral-azure-sha256-512-512-155: 559/2500 tasks started.
[2025-12-04T23:00:22Z] [[36minfo[0m] [progress_update] alibaba-us-east-1-alibaba-sha256-512-512-941: 2500/2500 tasks started.azure-germanywestcentral-azure-sha256-512-512-155: 630/2500 tasks started.gcp-us-east1-gcp-sha256-512-512-489: 2500/2500 tasks started.aws-us-east-1-aws-sha256-512-512-803: 2500/2500 tasks started.
[2025-12-04T23:00:32Z] [[36minfo[0m] [progress_update] gcp-us-east1-gcp-sha256-512-512-489: 2500/2500 tasks started.aws-us-east-1-aws-sha256-512-512-803: 2500/2500 tasks started.alibaba-us-east-1-alibaba-sha256-512-512-941: 2500/2500 tasks started.azure-germanywestcentral-azure-sha256-512-512-155: 1399/2500 tasks started.
[2025-12-04T23:00:34Z] [[36minfo[0m] [function_finished] Finished benchmarking function gcp-sha256-512 and closed archiver
[2025-12-04T23:00:34Z] [[36minfo[0m] [function_finished] Finished benchmarking function aws-sha256-512 and closed archiver
[2025-12-04T23:00:42Z] [[36minfo[0m] [progress_update] aws-us-east-1-aws-sha256-512-512-803: 2500/2500 tasks started.alibaba-us-east-1-alibaba-sha256-512-512-941: 2500/2500 tasks started.azure-germanywestcentral-azure-sha256-512-512-155: 1941/2500 tasks started.gcp-us-east1-gcp-sha256-512-512-489: 2500/2500 tasks started.
[2025-12-04T23:00:52Z] [[36minfo[0m] [progress_update] gcp-us-east1-gcp-sha256-512-512-489: 2500/2500 tasks started.aws-us-east-1-aws-sha256-512-512-803: 2500/2500 tasks started.alibaba-us-east-1-alibaba-sha256-512-512-941: 2500/2500 tasks started.azure-germanywestcentral-azure-sha256-512-512-155: 1975/2500 tasks started.
[2025-12-04T23:01:02Z] [[36minfo[0m] [progress_update] aws-us-east-1-aws-sha256-512-512-803: 2500/2500 tasks started.alibaba-us-east-1-alibaba-sha256-512-512-941: 2500/2500 tasks started.azure-germanywestcentral-azure-sha256-512-512-155: 2354/2500 tasks started.gcp-us-east1-gcp-sha256-512-512-489: 2500/2500 tasks started.
[2025-12-04T23:01:12Z] [[36minfo[0m] [progress_update] azure-germanywestcentral-azure-sha256-512-512-155: 2500/2500 tasks started.gcp-us-east1-gcp-sha256-512-512-489: 2500/2500 tasks started.aws-us-east-1-aws-sha256-512-512-803: 2500/2500 tasks started.alibaba-us-east-1-alibaba-sha256-512-512-941: 2500/2500 tasks started.
[2025-12-04T23:01:22Z] [[36minfo[0m] [progress_update] aws-us-east-1-aws-sha256-512-512-803: 2500/2500 tasks started.alibaba-us-east-1-alibaba-sha256-512-512-941: 2500/2500 tasks started.azure-germanywestcentral-azure-sha256-512-512-155: 2500/2500 tasks started.gcp-us-east1-gcp-sha256-512-512-489: 2500/2500 tasks started.
[2025-12-04T23:01:32Z] [[36minfo[0m] [progress_update] gcp-us-east1-gcp-sha256-512-512-489: 2500/2500 tasks started.aws-us-east-1-aws-sha256-512-512-803: 2500/2500 tasks started.alibaba-us-east-1-alibaba-sha256-512-512-941: 2500/2500 tasks started.azure-germanywestcentral-azure-sha256-512-512-155: 2500/2500 tasks started.
[2025-12-04T23:01:42Z] [[36minfo[0m] [progress_update] gcp-us-east1-gcp-sha256-512-512-489: 2500/2500 tasks started.aws-us-east-1-aws-sha256-512-512-803: 2500/2500 tasks started.alibaba-us-east-1-alibaba-sha256-512-512-941: 2500/2500 tasks started.azure-germanywestcentral-azure-sha256-512-512-155: 2500/2500 tasks started.
[2025-12-04T23:01:52Z] [[36minfo[0m] [progress_update] alibaba-us-east-1-alibaba-sha256-512-512-941: 2500/2500 tasks started.azure-germanywestcentral-azure-sha256-512-512-155: 2500/2500 tasks started.gcp-us-east1-gcp-sha256-512-512-489: 2500/2500 tasks started.aws-us-east-1-aws-sha256-512-512-803: 2500/2500 tasks started.
[2025-12-04T23:02:02Z] [[36minfo[0m] [progress_update] aws-us-east-1-aws-sha256-512-512-803: 2500/2500 tasks started.alibaba-us-east-1-alibaba-sha256-512-512-941: 2500/2500 tasks started.azure-germanywestcentral-azure-sha256-512-512-155: 2500/2500 tasks started.gcp-us-east1-gcp-sha256-512-512-489: 2500/2500 tasks started.
[2025-12-04T23:02:12Z] [[36minfo[0m] [progress_update] gcp-us-east1-gcp-sha256-512-512-489: 2500/2500 tasks started.aws-us-east-1-aws-sha256-512-512-803: 2500/2500 tasks started.alibaba-us-east-1-alibaba-sha256-512-512-941: 2500/2500 tasks started.azure-germanywestcentral-azure-sha256-512-512-155: 2500/2500 tasks started.
[2025-12-04T23:02:22Z] [[36minfo[0m] [progress_update] aws-us-east-1-aws-sha256-512-512-803: 2500/2500 tasks started.alibaba-us-east-1-alibaba-sha256-512-512-941: 2500/2500 tasks started.azure-germanywestcentral-azure-sha256-512-512-155: 2500/2500 tasks started.gcp-us-east1-gcp-sha256-512-512-489: 2500/2500 tasks started.
[2025-12-04T23:02:31Z] [[36minfo[0m] [function_finished] Finished benchmarking function alibaba-sha256-512 and closed archiver
[2025-12-04T23:02:32Z] [[36minfo[0m] [progress_update] gcp-us-east1-gcp-sha256-512-512-489: 2500/2500 tasks started.aws-us-east-1-aws-sha256-512-512-803: 2500/2500 tasks started.alibaba-us-east-1-alibaba-sha256-512-512-941: 2500/2500 tasks started.azure-germanywestcentral-azure-sha256-512-512-155: 2500/2500 tasks started.
[2025-12-04T23:02:42Z] [[36minfo[0m] [progress_update] aws-us-east-1-aws-sha256-512-512-803: 2500/2500 tasks started.alibaba-us-east-1-alibaba-sha256-512-512-941: 2500/2500 tasks started.azure-germanywestcentral-azure-sha256-512-512-155: 2500/2500 tasks started.gcp-us-east1-gcp-sha256-512-512-489: 2500/2500 tasks started.
[2025-12-04T23:02:52Z] [[36minfo[0m] [progress_update] aws-us-east-1-aws-sha256-512-512-803: 2500/2500 tasks started.alibaba-us-east-1-alibaba-sha256-512-512-941: 2500/2500 tasks started.azure-germanywestcentral-azure-sha256-512-512-155: 2500/2500 tasks started.gcp-us-east1-gcp-sha256-512-512-489: 2500/2500 tasks started.
[2025-12-04T23:03:02Z] [[36minfo[0m] [progress_update] aws-us-east-1-aws-sha256-512-512-803: 2500/2500 tasks started.alibaba-us-east-1-alibaba-sha256-512-512-941: 2500/2500 tasks started.azure-germanywestcentral-azure-sha256-512-512-155: 2500/2500 tasks started.gcp-us-east1-gcp-sha256-512-512-489: 2500/2500 tasks started.
[2025-12-04T23:03:12Z] [[36minfo[0m] [progress_update] gcp-us-east1-gcp-sha256-512-512-489: 2500/2500 tasks started.aws-us-east-1-aws-sha256-512-512-803: 2500/2500 tasks started.alibaba-us-east-1-alibaba-sha256-512-512-941: 2500/2500 tasks started.azure-germanywestcentral-azure-sha256-512-512-155: 2500/2500 tasks started.
[2025-12-04T23:03:22Z] [[36minfo[0m] [progress_update] aws-us-east-1-aws-sha256-512-512-803: 2500/2500 tasks started.alibaba-us-east-1-alibaba-sha256-512-512-941: 2500/2500 tasks started.azure-germanywestcentral-azure-sha256-512-512-155: 2500/2500 tasks started.gcp-us-east1-gcp-sha256-512-512-489: 2500/2500 tasks started.
[2025-12-04T23:03:32Z] [[36minfo[0m] [progress_update] azure-germanywestcentral-azure-sha256-512-512-155: 2500/2500 tasks started.gcp-us-east1-gcp-sha256-512-512-489: 2500/2500 tasks started.aws-us-east-1-aws-sha256-512-512-803: 2500/2500 tasks started.alibaba-us-east-1-alibaba-sha256-512-512-941: 2500/2500 tasks started.
[2025-12-04T23:03:42Z] [[36minfo[0m] [progress_update] aws-us-east-1-aws-sha256-512-512-803: 2500/2500 tasks started.alibaba-us-east-1-alibaba-sha256-512-512-941: 2500/2500 tasks started.azure-germanywestcentral-azure-sha256-512-512-155: 2500/2500 tasks started.gcp-us-east1-gcp-sha256-512-512-489: 2500/2500 tasks started.
[2025-12-04T23:03:52Z] [[36minfo[0m] [progress_update] aws-us-east-1-aws-sha256-512-512-803: 2500/2500 tasks started.alibaba-us-east-1-alibaba-sha256-512-512-941: 2500/2500 tasks started.azure-germanywestcentral-azure-sha256-512-512-155: 2500/2500 tasks started.gcp-us-east1-gcp-sha256-512-512-489: 2500/2500 tasks started.
[2025-12-04T23:04:02Z] [[36minfo[0m] [progress_update] alibaba-us-east-1-alibaba-sha256-512-512-941: 2500/2500 tasks started.azure-germanywestcentral-azure-sha256-512-512-155: 2500/2500 tasks started.gcp-us-east1-gcp-sha256-512-512-489: 2500/2500 tasks started.aws-us-east-1-aws-sha256-512-512-803: 2500/2500 tasks started.
[2025-12-04T23:04:12Z] [[36minfo[0m] [progress_update] aws-us-east-1-aws-sha256-512-512-803: 2500/2500 tasks started.alibaba-us-east-1-alibaba-sha256-512-512-941: 2500/2500 tasks started.azure-germanywestcentral-azure-sha256-512-512-155: 2500/2500 tasks started.gcp-us-east1-gcp-sha256-512-512-489: 2500/2500 tasks started.
[2025-12-04T23:04:22Z] [[36minfo[0m] [progress_update] aws-us-east-1-aws-sha256-512-512-803: 2500/2500 tasks started.alibaba-us-east-1-alibaba-sha256-512-512-941: 2500/2500 tasks started.azure-germanywestcentral-azure-sha256-512-512-155: 2500/2500 tasks started.gcp-us-east1-gcp-sha256-512-512-489: 2500/2500 tasks started.
[2025-12-04T23:04:22Z] [[31merror[0m] [task_execution] Error executing task azure-sha256-512: task azure-sha256-512 failed after 7 retries: <nil>
[2025-12-04T23:04:23Z] [[31merror[0m] [task_execution] Error executing task azure-sha256-512: task azure-sha256-512 failed after 7 retries: <nil>
[2025-12-04T23:04:23Z] [[31merror[0m] [task_execution] Error executing task azure-sha256-512: task azure-sha256-512 failed after 7 retries: <nil>
[2025-12-04T23:04:23Z] [[31merror[0m] [task_execution] Error executing task azure-sha256-512: task azure-sha256-512 failed after 7 retries: <nil>
[2025-12-04T23:04:23Z] [[31merror[0m] [task_execution] Error executing task azure-sha256-512: task azure-sha256-512 failed after 7 retries: <nil>
[2025-12-04T23:04:23Z] [[31merror[0m] [task_execution] Error executing task azure-sha256-512: task azure-sha256-512 failed after 7 retries: <nil>
[2025-12-04T23:04:23Z] [[31merror[0m] [task_execution] Error executing task azure-sha256-512: task azure-sha256-512 failed after 7 retries: <nil>
[2025-12-04T23:04:23Z] [[31merror[0m] [task_execution] Error executing task azure-sha256-512: task azure-sha256-512 failed after 7 retries: <nil>
[2025-12-04T23:04:23Z] [[31merror[0m] [task_execution] Error executing task azure-sha256-512: task azure-sha256-512 failed after 7 retries: <nil>
[2025-12-04T23:04:23Z] [[31merror[0m] [task_execution] Error executing task azure-sha256-512: task azure-sha256-512 failed after 7 retries: <nil>
[2025-12-04T23:04:23Z] [[31merror[0m] [task_execution] Error executing task azure-sha256-512: task azure-sha256-512 failed after 7 retries: <nil>
[2025-12-04T23:04:23Z] [[31merror[0m] [task_execution] Error executing task azure-sha256-512: task azure-sha256-512 failed after 7 retries: <nil>
[2025-12-04T23:04:23Z] [[31merror[0m] [task_execution] Error executing task azure-sha256-512: task azure-sha256-512 failed after 7 retries: <nil>
[2025-12-04T23:04:23Z] [[31merror[0m] [task_execution] Error executing task azure-sha256-512: task azure-sha256-512 failed after 7 retries: <nil>
[2025-12-04T23:04:24Z] [[31merror[0m] [task_execution] Error executing task azure-sha256-512: task azure-sha256-512 failed after 7 retries: <nil>
[2025-12-04T23:04:32Z] [[36minfo[0m] [progress_update] aws-us-east-1-aws-sha256-512-512-803: 2500/2500 tasks started.alibaba-us-east-1-alibaba-sha256-512-512-941: 2500/2500 tasks started.azure-germanywestcentral-azure-sha256-512-512-155: 2500/2500 tasks started.gcp-us-east1-gcp-sha256-512-512-489: 2500/2500 tasks started.
[2025-12-04T23:04:42Z] [[36minfo[0m] [progress_update] aws-us-east-1-aws-sha256-512-512-803: 2500/2500 tasks started.alibaba-us-east-1-alibaba-sha256-512-512-941: 2500/2500 tasks started.azure-germanywestcentral-azure-sha256-512-512-155: 2500/2500 tasks started.gcp-us-east1-gcp-sha256-512-512-489: 2500/2500 tasks started.
[2025-12-04T23:04:52Z] [[36minfo[0m] [progress_update] aws-us-east-1-aws-sha256-512-512-803: 2500/2500 tasks started.alibaba-us-east-1-alibaba-sha256-512-512-941: 2500/2500 tasks started.azure-germanywestcentral-azure-sha256-512-512-155: 2500/2500 tasks started.gcp-us-east1-gcp-sha256-512-512-489: 2500/2500 tasks started.
[2025-12-04T23:04:54Z] [[31merror[0m] [task_execution] Error executing task azure-sha256-512: task azure-sha256-512 failed after 7 retries: <nil>
[2025-12-04T23:04:54Z] [[31merror[0m] [task_execution] Error executing task azure-sha256-512: task azure-sha256-512 failed after 7 retries: <nil>
[2025-12-04T23:04:54Z] [[31merror[0m] [task_execution] Error executing task azure-sha256-512: task azure-sha256-512 failed after 7 retries: <nil>
[2025-12-04T23:04:54Z] [[31merror[0m] [task_execution] Error executing task azure-sha256-512: task azure-sha256-512 failed after 7 retries: <nil>
[2025-12-04T23:04:54Z] [[31merror[0m] [task_execution] Error executing task azure-sha256-512: task azure-sha256-512 failed after 7 retries: <nil>
[2025-12-04T23:04:54Z] [[31merror[0m] [task_execution] Error executing task azure-sha256-512: task azure-sha256-512 failed after 7 retries: <nil>
[2025-12-04T23:04:54Z] [[31merror[0m] [task_execution] Error executing task azure-sha256-512: task azure-sha256-512 failed after 7 retries: <nil>
[2025-12-04T23:04:54Z] [[31merror[0m] [task_execution] Error executing task azure-sha256-512: task azure-sha256-512 failed after 7 retries: <nil>
[2025-12-04T23:04:54Z] [[31merror[0m] [task_execution] Error executing task azure-sha256-512: task azure-sha256-512 failed after 7 retries: <nil>
[2025-12-04T23:04:54Z] [[31merror[0m] [task_execution] Error executing task azure-sha256-512: task azure-sha256-512 failed after 7 retries: <nil>
[2025-12-04T23:04:54Z] [[31merror[0m] [task_execution] Error executing task azure-sha256-512: task azure-sha256-512 failed after 7 retries: <nil>
[2025-12-04T23:04:54Z] [[31merror[0m] [task_execution] Error executing task azure-sha256-512: task azure-sha256-512 failed after 7 retries: <nil>
[2025-12-04T23:04:54Z] [[31merror[0m] [task_execution] Error executing task azure-sha256-512: task azure-sha256-512 failed after 7 retries: <nil>
[2025-12-04T23:04:54Z] [[31merror[0m] [task_execution] Error executing task azure-sha256-512: task azure-sha256-512 failed after 7 retries: <nil>
[2025-12-04T23:04:54Z] [[31merror[0m] [task_execution] Error executing task azure-sha256-512: task azure-sha256-512 failed after 7 retries: <nil>
[2025-12-04T23:04:54Z] [[31merror[0m] [task_execution] Error executing task azure-sha256-512: task azure-sha256-512 failed after 7 retries: <nil>
[2025-12-04T23:04:54Z] [[31merror[0m] [task_execution] Error executing task azure-sha256-512: task azure-sha256-512 failed after 7 retries: <nil>
[2025-12-04T23:04:54Z] [[31merror[0m] [task_execution] Error executing task azure-sha256-512: task azure-sha256-512 failed after 7 retries: <nil>
[2025-12-04T23:04:54Z] [[31merror[0m] [task_execution] Error executing task azure-sha256-512: task azure-sha256-512 failed after 7 retries: <nil>
[2025-12-04T23:04:54Z] [[31merror[0m] [task_execution] Error executing task azure-sha256-512: task azure-sha256-512 failed after 7 retries: <nil>
[2025-12-04T23:04:54Z] [[31merror[0m] [task_execution] Error executing task azure-sha256-512: task azure-sha256-512 failed after 7 retries: <nil>
[2025-12-04T23:04:54Z] [[31merror[0m] [task_execution] Error executing task azure-sha256-512: task azure-sha256-512 failed after 7 retries: <nil>
[2025-12-04T23:04:54Z] [[31merror[0m] [task_execution] Error executing task azure-sha256-512: task azure-sha256-512 failed after 7 retries: <nil>
[2025-12-04T23:04:54Z] [[31merror[0m] [task_execution] Error executing task azure-sha256-512: task azure-sha256-512 failed after 7 retries: <nil>
[2025-12-04T23:04:54Z] [[31merror[0m] [task_execution] Error executing task azure-sha256-512: task azure-sha256-512 failed after 7 retries: <nil>
[2025-12-04T23:04:54Z] [[31merror[0m] [task_execution] Error executing task azure-sha256-512: task azure-sha256-512 failed after 7 retries: <nil>
[2025-12-04T23:04:54Z] [[31merror[0m] [task_execution] Error executing task azure-sha256-512: task azure-sha256-512 failed after 7 retries: <nil>
[2025-12-04T23:04:54Z] [[31merror[0m] [task_execution] Error executing task azure-sha256-512: task azure-sha256-512 failed after 7 retries: <nil>
[2025-12-04T23:04:55Z] [[31merror[0m] [task_execution] Error executing task azure-sha256-512: task azure-sha256-512 failed after 7 retries: <nil>
[2025-12-04T23:04:55Z] [[31merror[0m] [task_execution] Error executing task azure-sha256-512: task azure-sha256-512 failed after 7 retries: <nil>
[2025-12-04T23:04:55Z] [[31merror[0m] [task_execution] Error executing task azure-sha256-512: task azure-sha256-512 failed after 7 retries: <nil>
[2025-12-04T23:04:55Z] [[31merror[0m] [task_execution] Error executing task azure-sha256-512: task azure-sha256-512 failed after 7 retries: <nil>
[2025-12-04T23:04:55Z] [[31merror[0m] [task_execution] Error executing task azure-sha256-512: task azure-sha256-512 failed after 7 retries: <nil>
[2025-12-04T23:04:55Z] [[31merror[0m] [task_execution] Error executing task azure-sha256-512: task azure-sha256-512 failed after 7 retries: <nil>
[2025-12-04T23:04:55Z] [[31merror[0m] [task_execution] Error executing task azure-sha256-512: task azure-sha256-512 failed after 7 retries: <nil>
[2025-12-04T23:04:55Z] [[31merror[0m] [task_execution] Error executing task azure-sha256-512: task azure-sha256-512 failed after 7 retries: <nil>
[2025-12-04T23:04:55Z] [[31merror[0m] [task_execution] Error executing task azure-sha256-512: task azure-sha256-512 failed after 7 retries: <nil>
[2025-12-04T23:04:55Z] [[31merror[0m] [task_execution] Error executing task azure-sha256-512: task azure-sha256-512 failed after 7 retries: <nil>
[2025-12-04T23:04:55Z] [[31merror[0m] [task_execution] Error executing task azure-sha256-512: task azure-sha256-512 failed after 7 retries: <nil>
[2025-12-04T23:04:55Z] [[31merror[0m] [task_execution] Error executing task azure-sha256-512: task azure-sha256-512 failed after 7 retries: <nil>
[2025-12-04T23:04:55Z] [[31merror[0m] [task_execution] Error executing task azure-sha256-512: task azure-sha256-512 failed after 7 retries: <nil>
[2025-12-04T23:04:55Z] [[31merror[0m] [task_execution] Error executing task azure-sha256-512: task azure-sha256-512 failed after 7 retries: <nil>
[2025-12-04T23:04:55Z] [[31merror[0m] [task_execution] Error executing task azure-sha256-512: task azure-sha256-512 failed after 7 retries: <nil>
[2025-12-04T23:04:55Z] [[31merror[0m] [task_execution] Error executing task azure-sha256-512: task azure-sha256-512 failed after 7 retries: <nil>
[2025-12-04T23:04:55Z] [[31merror[0m] [task_execution] Error executing task azure-sha256-512: task azure-sha256-512 failed after 7 retries: <nil>
[2025-12-04T23:05:00Z] [[36minfo[0m] [function_finished] Finished benchmarking function azure-sha256-512 and closed archiver
[2025-12-04T23:05:02Z] [[36minfo[0m] [progress_update] aws-us-east-1-aws-sha256-512-512-803: 2500/2500 tasks started.alibaba-us-east-1-alibaba-sha256-512-512-941: 2500/2500 tasks started.azure-germanywestcentral-azure-sha256-512-512-155: 2500/2500 tasks started.gcp-us-east1-gcp-sha256-512-512-489: 2500/2500 tasks started.
[2025-12-04T23:05:02Z] [[36minfo[0m] [finish_timeline] Benchmark Timeline
[Thu Dec  4 23:05:02 UTC 2025] Finished benchmark 'sha256' successfully
[Thu Dec  4 23:05:02 UTC 2025] Sleeping 600 seconds before next workload...
