[Mon Dec  8 00:03:32 UTC 2025] Starting benchmark 'json' with config './configs/json.yaml'
Validating functions...
[2025-12-08T00:03:32Z] [[36minfo[0m] [executor_setup] Setting up executor for aws-us-east-1-aws-json-512-512-337
[2025-12-08T00:03:32Z] [[36minfo[0m] [executor_setup] Setting up executor for alibaba-us-east-1-alibaba-json-512-512-139
[2025-12-08T00:03:32Z] [[36minfo[0m] [executor_setup] Setting up executor for azure-germanywestcentral-azure-json-512-512-388
[2025-12-08T00:03:32Z] [[0mwarning[0m] [[32mazure_limitations[0m] Azure can´t handle more than 300 parallel requests. Limiting to 300.
[2025-12-08T00:03:32Z] [[36minfo[0m] [executor_setup] Setting up executor for gcp-us-east1-gcp-json-512-512-391
[2025-12-08T00:03:32Z] [[36minfo[0m] [start_timeline] Benchmark Timeline
[2025-12-08T00:03:32Z] [[36minfo[0m] [load_generator_start] (gcp: us-east1) Starting load generator with 300 workers
[2025-12-08T00:03:32Z] [[36minfo[0m] [load_generator_start] (aws: us-east-1) Starting load generator with 500 workers
[2025-12-08T00:03:32Z] [[36minfo[0m] [load_generator_start] (alibaba: us-east-1) Starting load generator with 500 workers
[2025-12-08T00:03:32Z] [[36minfo[0m] [load_generator_start] (azure: germanywestcentral) Starting load generator with 300 workers
[2025-12-08T00:03:42Z] [[36minfo[0m] [progress_update] aws-us-east-1-aws-json-512-512-337: 1708/2500 tasks started.alibaba-us-east-1-alibaba-json-512-512-139: 1597/2500 tasks started.azure-germanywestcentral-azure-json-512-512-388: 660/2500 tasks started.gcp-us-east1-gcp-json-512-512-391: 1132/2500 tasks started.
[2025-12-08T00:03:52Z] [[36minfo[0m] [progress_update] alibaba-us-east-1-alibaba-json-512-512-139: 2500/2500 tasks started.azure-germanywestcentral-azure-json-512-512-388: 664/2500 tasks started.gcp-us-east1-gcp-json-512-512-391: 2150/2500 tasks started.aws-us-east-1-aws-json-512-512-337: 2500/2500 tasks started.
[2025-12-08T00:03:56Z] [[36minfo[0m] [function_finished] Finished benchmarking function aws-json-512 and closed archiver
[2025-12-08T00:04:02Z] [[36minfo[0m] [progress_update] aws-us-east-1-aws-json-512-512-337: 2500/2500 tasks started.alibaba-us-east-1-alibaba-json-512-512-139: 2500/2500 tasks started.azure-germanywestcentral-azure-json-512-512-388: 1304/2500 tasks started.gcp-us-east1-gcp-json-512-512-391: 2500/2500 tasks started.
[2025-12-08T00:04:12Z] [[36minfo[0m] [progress_update] aws-us-east-1-aws-json-512-512-337: 2500/2500 tasks started.alibaba-us-east-1-alibaba-json-512-512-139: 2500/2500 tasks started.azure-germanywestcentral-azure-json-512-512-388: 1835/2500 tasks started.gcp-us-east1-gcp-json-512-512-391: 2500/2500 tasks started.
[2025-12-08T00:04:19Z] [[36minfo[0m] [function_finished] Finished benchmarking function gcp-json-512 and closed archiver
[2025-12-08T00:04:22Z] [[36minfo[0m] [progress_update] aws-us-east-1-aws-json-512-512-337: 2500/2500 tasks started.alibaba-us-east-1-alibaba-json-512-512-139: 2500/2500 tasks started.azure-germanywestcentral-azure-json-512-512-388: 2238/2500 tasks started.gcp-us-east1-gcp-json-512-512-391: 2500/2500 tasks started.
[2025-12-08T00:04:32Z] [[36minfo[0m] [progress_update] aws-us-east-1-aws-json-512-512-337: 2500/2500 tasks started.alibaba-us-east-1-alibaba-json-512-512-139: 2500/2500 tasks started.azure-germanywestcentral-azure-json-512-512-388: 2251/2500 tasks started.gcp-us-east1-gcp-json-512-512-391: 2500/2500 tasks started.
[2025-12-08T00:04:42Z] [[36minfo[0m] [progress_update] alibaba-us-east-1-alibaba-json-512-512-139: 2500/2500 tasks started.azure-germanywestcentral-azure-json-512-512-388: 2254/2500 tasks started.gcp-us-east1-gcp-json-512-512-391: 2500/2500 tasks started.aws-us-east-1-aws-json-512-512-337: 2500/2500 tasks started.
[2025-12-08T00:04:52Z] [[36minfo[0m] [progress_update] aws-us-east-1-aws-json-512-512-337: 2500/2500 tasks started.alibaba-us-east-1-alibaba-json-512-512-139: 2500/2500 tasks started.azure-germanywestcentral-azure-json-512-512-388: 2272/2500 tasks started.gcp-us-east1-gcp-json-512-512-391: 2500/2500 tasks started.
[2025-12-08T00:04:55Z] [[36minfo[0m] [function_finished] Finished benchmarking function alibaba-json-512 and closed archiver
[2025-12-08T00:05:02Z] [[36minfo[0m] [progress_update] aws-us-east-1-aws-json-512-512-337: 2500/2500 tasks started.alibaba-us-east-1-alibaba-json-512-512-139: 2500/2500 tasks started.azure-germanywestcentral-azure-json-512-512-388: 2285/2500 tasks started.gcp-us-east1-gcp-json-512-512-391: 2500/2500 tasks started.
[2025-12-08T00:05:12Z] [[36minfo[0m] [progress_update] gcp-us-east1-gcp-json-512-512-391: 2500/2500 tasks started.aws-us-east-1-aws-json-512-512-337: 2500/2500 tasks started.alibaba-us-east-1-alibaba-json-512-512-139: 2500/2500 tasks started.azure-germanywestcentral-azure-json-512-512-388: 2308/2500 tasks started.
[2025-12-08T00:05:22Z] [[36minfo[0m] [progress_update] aws-us-east-1-aws-json-512-512-337: 2500/2500 tasks started.alibaba-us-east-1-alibaba-json-512-512-139: 2500/2500 tasks started.azure-germanywestcentral-azure-json-512-512-388: 2324/2500 tasks started.gcp-us-east1-gcp-json-512-512-391: 2500/2500 tasks started.
[2025-12-08T00:05:32Z] [[36minfo[0m] [progress_update] gcp-us-east1-gcp-json-512-512-391: 2500/2500 tasks started.aws-us-east-1-aws-json-512-512-337: 2500/2500 tasks started.alibaba-us-east-1-alibaba-json-512-512-139: 2500/2500 tasks started.azure-germanywestcentral-azure-json-512-512-388: 2446/2500 tasks started.
[2025-12-08T00:05:42Z] [[36minfo[0m] [progress_update] aws-us-east-1-aws-json-512-512-337: 2500/2500 tasks started.alibaba-us-east-1-alibaba-json-512-512-139: 2500/2500 tasks started.azure-germanywestcentral-azure-json-512-512-388: 2500/2500 tasks started.gcp-us-east1-gcp-json-512-512-391: 2500/2500 tasks started.
[2025-12-08T00:05:52Z] [[36minfo[0m] [progress_update] aws-us-east-1-aws-json-512-512-337: 2500/2500 tasks started.alibaba-us-east-1-alibaba-json-512-512-139: 2500/2500 tasks started.azure-germanywestcentral-azure-json-512-512-388: 2500/2500 tasks started.gcp-us-east1-gcp-json-512-512-391: 2500/2500 tasks started.
[2025-12-08T00:06:02Z] [[36minfo[0m] [progress_update] gcp-us-east1-gcp-json-512-512-391: 2500/2500 tasks started.aws-us-east-1-aws-json-512-512-337: 2500/2500 tasks started.alibaba-us-east-1-alibaba-json-512-512-139: 2500/2500 tasks started.azure-germanywestcentral-azure-json-512-512-388: 2500/2500 tasks started.
[2025-12-08T00:06:12Z] [[36minfo[0m] [progress_update] aws-us-east-1-aws-json-512-512-337: 2500/2500 tasks started.alibaba-us-east-1-alibaba-json-512-512-139: 2500/2500 tasks started.azure-germanywestcentral-azure-json-512-512-388: 2500/2500 tasks started.gcp-us-east1-gcp-json-512-512-391: 2500/2500 tasks started.
[2025-12-08T00:06:22Z] [[36minfo[0m] [progress_update] alibaba-us-east-1-alibaba-json-512-512-139: 2500/2500 tasks started.azure-germanywestcentral-azure-json-512-512-388: 2500/2500 tasks started.gcp-us-east1-gcp-json-512-512-391: 2500/2500 tasks started.aws-us-east-1-aws-json-512-512-337: 2500/2500 tasks started.
[2025-12-08T00:06:32Z] [[36minfo[0m] [progress_update] aws-us-east-1-aws-json-512-512-337: 2500/2500 tasks started.alibaba-us-east-1-alibaba-json-512-512-139: 2500/2500 tasks started.azure-germanywestcentral-azure-json-512-512-388: 2500/2500 tasks started.gcp-us-east1-gcp-json-512-512-391: 2500/2500 tasks started.
[2025-12-08T00:06:42Z] [[36minfo[0m] [progress_update] aws-us-east-1-aws-json-512-512-337: 2500/2500 tasks started.alibaba-us-east-1-alibaba-json-512-512-139: 2500/2500 tasks started.azure-germanywestcentral-azure-json-512-512-388: 2500/2500 tasks started.gcp-us-east1-gcp-json-512-512-391: 2500/2500 tasks started.
[2025-12-08T00:06:52Z] [[36minfo[0m] [progress_update] aws-us-east-1-aws-json-512-512-337: 2500/2500 tasks started.alibaba-us-east-1-alibaba-json-512-512-139: 2500/2500 tasks started.azure-germanywestcentral-azure-json-512-512-388: 2500/2500 tasks started.gcp-us-east1-gcp-json-512-512-391: 2500/2500 tasks started.
[2025-12-08T00:07:02Z] [[36minfo[0m] [progress_update] aws-us-east-1-aws-json-512-512-337: 2500/2500 tasks started.alibaba-us-east-1-alibaba-json-512-512-139: 2500/2500 tasks started.azure-germanywestcentral-azure-json-512-512-388: 2500/2500 tasks started.gcp-us-east1-gcp-json-512-512-391: 2500/2500 tasks started.
[2025-12-08T00:07:12Z] [[36minfo[0m] [progress_update] aws-us-east-1-aws-json-512-512-337: 2500/2500 tasks started.alibaba-us-east-1-alibaba-json-512-512-139: 2500/2500 tasks started.azure-germanywestcentral-azure-json-512-512-388: 2500/2500 tasks started.gcp-us-east1-gcp-json-512-512-391: 2500/2500 tasks started.
[2025-12-08T00:07:22Z] [[36minfo[0m] [progress_update] aws-us-east-1-aws-json-512-512-337: 2500/2500 tasks started.alibaba-us-east-1-alibaba-json-512-512-139: 2500/2500 tasks started.azure-germanywestcentral-azure-json-512-512-388: 2500/2500 tasks started.gcp-us-east1-gcp-json-512-512-391: 2500/2500 tasks started.
[2025-12-08T00:07:32Z] [[36minfo[0m] [progress_update] aws-us-east-1-aws-json-512-512-337: 2500/2500 tasks started.alibaba-us-east-1-alibaba-json-512-512-139: 2500/2500 tasks started.azure-germanywestcentral-azure-json-512-512-388: 2500/2500 tasks started.gcp-us-east1-gcp-json-512-512-391: 2500/2500 tasks started.
[2025-12-08T00:07:42Z] [[36minfo[0m] [progress_update] alibaba-us-east-1-alibaba-json-512-512-139: 2500/2500 tasks started.azure-germanywestcentral-azure-json-512-512-388: 2500/2500 tasks started.gcp-us-east1-gcp-json-512-512-391: 2500/2500 tasks started.aws-us-east-1-aws-json-512-512-337: 2500/2500 tasks started.
[2025-12-08T00:07:52Z] [[36minfo[0m] [progress_update] aws-us-east-1-aws-json-512-512-337: 2500/2500 tasks started.alibaba-us-east-1-alibaba-json-512-512-139: 2500/2500 tasks started.azure-germanywestcentral-azure-json-512-512-388: 2500/2500 tasks started.gcp-us-east1-gcp-json-512-512-391: 2500/2500 tasks started.
[2025-12-08T00:08:02Z] [[36minfo[0m] [progress_update] aws-us-east-1-aws-json-512-512-337: 2500/2500 tasks started.alibaba-us-east-1-alibaba-json-512-512-139: 2500/2500 tasks started.azure-germanywestcentral-azure-json-512-512-388: 2500/2500 tasks started.gcp-us-east1-gcp-json-512-512-391: 2500/2500 tasks started.
[2025-12-08T00:08:10Z] [[31merror[0m] [task_execution] Error executing task azure-json-512: task azure-json-512 failed after 7 retries: <nil>
[2025-12-08T00:08:11Z] [[31merror[0m] [task_execution] Error executing task azure-json-512: task azure-json-512 failed after 7 retries: <nil>
[2025-12-08T00:08:11Z] [[31merror[0m] [task_execution] Error executing task azure-json-512: task azure-json-512 failed after 7 retries: <nil>
[2025-12-08T00:08:11Z] [[31merror[0m] [task_execution] Error executing task azure-json-512: task azure-json-512 failed after 7 retries: <nil>
[2025-12-08T00:08:11Z] [[31merror[0m] [task_execution] Error executing task azure-json-512: task azure-json-512 failed after 7 retries: <nil>
[2025-12-08T00:08:11Z] [[31merror[0m] [task_execution] Error executing task azure-json-512: task azure-json-512 failed after 7 retries: <nil>
[2025-12-08T00:08:11Z] [[31merror[0m] [task_execution] Error executing task azure-json-512: task azure-json-512 failed after 7 retries: <nil>
[2025-12-08T00:08:11Z] [[31merror[0m] [task_execution] Error executing task azure-json-512: task azure-json-512 failed after 7 retries: <nil>
[2025-12-08T00:08:11Z] [[31merror[0m] [task_execution] Error executing task azure-json-512: task azure-json-512 failed after 7 retries: <nil>
[2025-12-08T00:08:11Z] [[31merror[0m] [task_execution] Error executing task azure-json-512: task azure-json-512 failed after 7 retries: <nil>
[2025-12-08T00:08:12Z] [[31merror[0m] [task_execution] Error executing task azure-json-512: task azure-json-512 failed after 7 retries: <nil>
[2025-12-08T00:08:12Z] [[31merror[0m] [task_execution] Error executing task azure-json-512: task azure-json-512 failed after 7 retries: <nil>
[2025-12-08T00:08:12Z] [[31merror[0m] [task_execution] Error executing task azure-json-512: task azure-json-512 failed after 7 retries: <nil>
[2025-12-08T00:08:12Z] [[31merror[0m] [task_execution] Error executing task azure-json-512: task azure-json-512 failed after 7 retries: <nil>
[2025-12-08T00:08:12Z] [[31merror[0m] [task_execution] Error executing task azure-json-512: task azure-json-512 failed after 7 retries: <nil>
[2025-12-08T00:08:12Z] [[36minfo[0m] [progress_update] azure-germanywestcentral-azure-json-512-512-388: 2500/2500 tasks started.gcp-us-east1-gcp-json-512-512-391: 2500/2500 tasks started.aws-us-east-1-aws-json-512-512-337: 2500/2500 tasks started.alibaba-us-east-1-alibaba-json-512-512-139: 2500/2500 tasks started.
[2025-12-08T00:08:22Z] [[36minfo[0m] [progress_update] gcp-us-east1-gcp-json-512-512-391: 2500/2500 tasks started.aws-us-east-1-aws-json-512-512-337: 2500/2500 tasks started.alibaba-us-east-1-alibaba-json-512-512-139: 2500/2500 tasks started.azure-germanywestcentral-azure-json-512-512-388: 2500/2500 tasks started.
[2025-12-08T00:08:29Z] [[31merror[0m] [task_execution] Error executing task azure-json-512: task azure-json-512 failed after 7 retries: <nil>
[2025-12-08T00:08:29Z] [[31merror[0m] [task_execution] Error executing task azure-json-512: task azure-json-512 failed after 7 retries: <nil>
[2025-12-08T00:08:29Z] [[31merror[0m] [task_execution] Error executing task azure-json-512: task azure-json-512 failed after 7 retries: <nil>
[2025-12-08T00:08:29Z] [[31merror[0m] [task_execution] Error executing task azure-json-512: task azure-json-512 failed after 7 retries: <nil>
[2025-12-08T00:08:29Z] [[31merror[0m] [task_execution] Error executing task azure-json-512: task azure-json-512 failed after 7 retries: <nil>
[2025-12-08T00:08:29Z] [[31merror[0m] [task_execution] Error executing task azure-json-512: task azure-json-512 failed after 7 retries: <nil>
[2025-12-08T00:08:29Z] [[31merror[0m] [task_execution] Error executing task azure-json-512: task azure-json-512 failed after 7 retries: <nil>
[2025-12-08T00:08:29Z] [[31merror[0m] [task_execution] Error executing task azure-json-512: task azure-json-512 failed after 7 retries: <nil>
[2025-12-08T00:08:29Z] [[31merror[0m] [task_execution] Error executing task azure-json-512: task azure-json-512 failed after 7 retries: <nil>
[2025-12-08T00:08:29Z] [[31merror[0m] [task_execution] Error executing task azure-json-512: task azure-json-512 failed after 7 retries: <nil>
[2025-12-08T00:08:29Z] [[31merror[0m] [task_execution] Error executing task azure-json-512: task azure-json-512 failed after 7 retries: <nil>
[2025-12-08T00:08:29Z] [[31merror[0m] [task_execution] Error executing task azure-json-512: task azure-json-512 failed after 7 retries: <nil>
[2025-12-08T00:08:29Z] [[31merror[0m] [task_execution] Error executing task azure-json-512: task azure-json-512 failed after 7 retries: <nil>
[2025-12-08T00:08:29Z] [[31merror[0m] [task_execution] Error executing task azure-json-512: task azure-json-512 failed after 7 retries: <nil>
[2025-12-08T00:08:29Z] [[31merror[0m] [task_execution] Error executing task azure-json-512: task azure-json-512 failed after 7 retries: <nil>
[2025-12-08T00:08:29Z] [[31merror[0m] [task_execution] Error executing task azure-json-512: task azure-json-512 failed after 7 retries: <nil>
[2025-12-08T00:08:29Z] [[31merror[0m] [task_execution] Error executing task azure-json-512: task azure-json-512 failed after 7 retries: <nil>
[2025-12-08T00:08:29Z] [[31merror[0m] [task_execution] Error executing task azure-json-512: task azure-json-512 failed after 7 retries: <nil>
[2025-12-08T00:08:29Z] [[31merror[0m] [task_execution] Error executing task azure-json-512: task azure-json-512 failed after 7 retries: <nil>
[2025-12-08T00:08:29Z] [[31merror[0m] [task_execution] Error executing task azure-json-512: task azure-json-512 failed after 7 retries: <nil>
[2025-12-08T00:08:29Z] [[31merror[0m] [task_execution] Error executing task azure-json-512: task azure-json-512 failed after 7 retries: <nil>
[2025-12-08T00:08:29Z] [[31merror[0m] [task_execution] Error executing task azure-json-512: task azure-json-512 failed after 7 retries: <nil>
[2025-12-08T00:08:29Z] [[31merror[0m] [task_execution] Error executing task azure-json-512: task azure-json-512 failed after 7 retries: <nil>
[2025-12-08T00:08:29Z] [[31merror[0m] [task_execution] Error executing task azure-json-512: task azure-json-512 failed after 7 retries: <nil>
[2025-12-08T00:08:29Z] [[31merror[0m] [task_execution] Error executing task azure-json-512: task azure-json-512 failed after 7 retries: <nil>
[2025-12-08T00:08:29Z] [[31merror[0m] [task_execution] Error executing task azure-json-512: task azure-json-512 failed after 7 retries: <nil>
[2025-12-08T00:08:30Z] [[31merror[0m] [task_execution] Error executing task azure-json-512: task azure-json-512 failed after 7 retries: <nil>
[2025-12-08T00:08:30Z] [[31merror[0m] [task_execution] Error executing task azure-json-512: task azure-json-512 failed after 7 retries: <nil>
[2025-12-08T00:08:30Z] [[31merror[0m] [task_execution] Error executing task azure-json-512: task azure-json-512 failed after 7 retries: <nil>
[2025-12-08T00:08:30Z] [[31merror[0m] [task_execution] Error executing task azure-json-512: task azure-json-512 failed after 7 retries: <nil>
[2025-12-08T00:08:30Z] [[31merror[0m] [task_execution] Error executing task azure-json-512: task azure-json-512 failed after 7 retries: <nil>
[2025-12-08T00:08:31Z] [[31merror[0m] [task_execution] Error executing task azure-json-512: task azure-json-512 failed after 7 retries: <nil>
[2025-12-08T00:08:31Z] [[31merror[0m] [task_execution] Error executing task azure-json-512: task azure-json-512 failed after 7 retries: <nil>
[2025-12-08T00:08:31Z] [[31merror[0m] [task_execution] Error executing task azure-json-512: task azure-json-512 failed after 7 retries: <nil>
[2025-12-08T00:08:31Z] [[31merror[0m] [task_execution] Error executing task azure-json-512: task azure-json-512 failed after 7 retries: <nil>
[2025-12-08T00:08:31Z] [[31merror[0m] [task_execution] Error executing task azure-json-512: task azure-json-512 failed after 7 retries: <nil>
[2025-12-08T00:08:31Z] [[31merror[0m] [task_execution] Error executing task azure-json-512: task azure-json-512 failed after 7 retries: <nil>
[2025-12-08T00:08:31Z] [[31merror[0m] [task_execution] Error executing task azure-json-512: task azure-json-512 failed after 7 retries: <nil>
[2025-12-08T00:08:31Z] [[31merror[0m] [task_execution] Error executing task azure-json-512: task azure-json-512 failed after 7 retries: <nil>
[2025-12-08T00:08:31Z] [[31merror[0m] [task_execution] Error executing task azure-json-512: task azure-json-512 failed after 7 retries: <nil>
[2025-12-08T00:08:31Z] [[31merror[0m] [task_execution] Error executing task azure-json-512: task azure-json-512 failed after 7 retries: <nil>
[2025-12-08T00:08:31Z] [[31merror[0m] [task_execution] Error executing task azure-json-512: task azure-json-512 failed after 7 retries: <nil>
[2025-12-08T00:08:31Z] [[31merror[0m] [task_execution] Error executing task azure-json-512: task azure-json-512 failed after 7 retries: <nil>
[2025-12-08T00:08:31Z] [[31merror[0m] [task_execution] Error executing task azure-json-512: task azure-json-512 failed after 7 retries: <nil>
[2025-12-08T00:08:31Z] [[31merror[0m] [task_execution] Error executing task azure-json-512: task azure-json-512 failed after 7 retries: <nil>
[2025-12-08T00:08:31Z] [[31merror[0m] [task_execution] Error executing task azure-json-512: task azure-json-512 failed after 7 retries: <nil>
[2025-12-08T00:08:31Z] [[31merror[0m] [task_execution] Error executing task azure-json-512: task azure-json-512 failed after 7 retries: <nil>
[2025-12-08T00:08:32Z] [[36minfo[0m] [progress_update] alibaba-us-east-1-alibaba-json-512-512-139: 2500/2500 tasks started.azure-germanywestcentral-azure-json-512-512-388: 2500/2500 tasks started.gcp-us-east1-gcp-json-512-512-391: 2500/2500 tasks started.aws-us-east-1-aws-json-512-512-337: 2500/2500 tasks started.
[2025-12-08T00:08:32Z] [[31merror[0m] [task_execution] Error executing task azure-json-512: task azure-json-512 failed after 7 retries: <nil>
[2025-12-08T00:08:32Z] [[31merror[0m] [task_execution] Error executing task azure-json-512: task azure-json-512 failed after 7 retries: <nil>
[2025-12-08T00:08:32Z] [[31merror[0m] [task_execution] Error executing task azure-json-512: task azure-json-512 failed after 7 retries: <nil>
[2025-12-08T00:08:32Z] [[31merror[0m] [task_execution] Error executing task azure-json-512: task azure-json-512 failed after 7 retries: <nil>
[2025-12-08T00:08:32Z] [[31merror[0m] [task_execution] Error executing task azure-json-512: task azure-json-512 failed after 7 retries: <nil>
[2025-12-08T00:08:34Z] [[31merror[0m] [task_execution] Error executing task azure-json-512: task azure-json-512 failed after 7 retries: <nil>
[2025-12-08T00:08:34Z] [[31merror[0m] [task_execution] Error executing task azure-json-512: task azure-json-512 failed after 7 retries: <nil>
[2025-12-08T00:08:34Z] [[31merror[0m] [task_execution] Error executing task azure-json-512: task azure-json-512 failed after 7 retries: <nil>
[2025-12-08T00:08:34Z] [[31merror[0m] [task_execution] Error executing task azure-json-512: task azure-json-512 failed after 7 retries: <nil>
[2025-12-08T00:08:34Z] [[31merror[0m] [task_execution] Error executing task azure-json-512: task azure-json-512 failed after 7 retries: <nil>
[2025-12-08T00:08:34Z] [[31merror[0m] [task_execution] Error executing task azure-json-512: task azure-json-512 failed after 7 retries: <nil>
[2025-12-08T00:08:34Z] [[31merror[0m] [task_execution] Error executing task azure-json-512: task azure-json-512 failed after 7 retries: <nil>
[2025-12-08T00:08:42Z] [[36minfo[0m] [progress_update] aws-us-east-1-aws-json-512-512-337: 2500/2500 tasks started.alibaba-us-east-1-alibaba-json-512-512-139: 2500/2500 tasks started.azure-germanywestcentral-azure-json-512-512-388: 2500/2500 tasks started.gcp-us-east1-gcp-json-512-512-391: 2500/2500 tasks started.
[2025-12-08T00:08:52Z] [[36minfo[0m] [progress_update] aws-us-east-1-aws-json-512-512-337: 2500/2500 tasks started.alibaba-us-east-1-alibaba-json-512-512-139: 2500/2500 tasks started.azure-germanywestcentral-azure-json-512-512-388: 2500/2500 tasks started.gcp-us-east1-gcp-json-512-512-391: 2500/2500 tasks started.
[2025-12-08T00:09:00Z] [[31merror[0m] [task_execution] Error executing task azure-json-512: task azure-json-512 failed after 7 retries: <nil>
[2025-12-08T00:09:00Z] [[31merror[0m] [task_execution] Error executing task azure-json-512: task azure-json-512 failed after 7 retries: <nil>
[2025-12-08T00:09:01Z] [[31merror[0m] [task_execution] Error executing task azure-json-512: task azure-json-512 failed after 7 retries: <nil>
[2025-12-08T00:09:02Z] [[36minfo[0m] [progress_update] aws-us-east-1-aws-json-512-512-337: 2500/2500 tasks started.alibaba-us-east-1-alibaba-json-512-512-139: 2500/2500 tasks started.azure-germanywestcentral-azure-json-512-512-388: 2500/2500 tasks started.gcp-us-east1-gcp-json-512-512-391: 2500/2500 tasks started.
[2025-12-08T00:09:08Z] [[31merror[0m] [task_execution] Error executing task azure-json-512: task azure-json-512 failed after 7 retries: <nil>
[2025-12-08T00:09:12Z] [[36minfo[0m] [progress_update] aws-us-east-1-aws-json-512-512-337: 2500/2500 tasks started.alibaba-us-east-1-alibaba-json-512-512-139: 2500/2500 tasks started.azure-germanywestcentral-azure-json-512-512-388: 2500/2500 tasks started.gcp-us-east1-gcp-json-512-512-391: 2500/2500 tasks started.
[2025-12-08T00:09:13Z] [[36minfo[0m] [function_finished] Finished benchmarking function azure-json-512 and closed archiver
[2025-12-08T00:09:15Z] [[36minfo[0m] [finish_timeline] Benchmark Timeline
[Mon Dec  8 00:09:15 UTC 2025] Finished benchmark 'json' successfully
