[Fri Dec  5 05:00:02 UTC 2025] Starting benchmark 'json' with config './configs/json.yaml'
Validating functions...
[2025-12-05T05:00:02Z] [[36minfo[0m] [executor_setup] Setting up executor for aws-us-east-1-aws-json-512-512-583
[2025-12-05T05:00:02Z] [[36minfo[0m] [executor_setup] Setting up executor for alibaba-us-east-1-alibaba-json-512-512-231
[2025-12-05T05:00:02Z] [[36minfo[0m] [executor_setup] Setting up executor for azure-germanywestcentral-azure-json-512-512-112
[2025-12-05T05:00:02Z] [[0mwarning[0m] [[32mazure_limitations[0m] Azure can´t handle more than 300 parallel requests. Limiting to 300.
[2025-12-05T05:00:02Z] [[36minfo[0m] [executor_setup] Setting up executor for gcp-us-east1-gcp-json-512-512-832
[2025-12-05T05:00:02Z] [[36minfo[0m] [start_timeline] Benchmark Timeline
[2025-12-05T05:00:02Z] [[36minfo[0m] [load_generator_start] (gcp: us-east1) Starting load generator with 300 workers
[2025-12-05T05:00:02Z] [[36minfo[0m] [load_generator_start] (aws: us-east-1) Starting load generator with 500 workers
[2025-12-05T05:00:02Z] [[36minfo[0m] [load_generator_start] (alibaba: us-east-1) Starting load generator with 500 workers
[2025-12-05T05:00:02Z] [[36minfo[0m] [load_generator_start] (azure: germanywestcentral) Starting load generator with 300 workers
[2025-12-05T05:00:12Z] [[36minfo[0m] [progress_update] aws-us-east-1-aws-json-512-512-583: 1702/2500 tasks started.alibaba-us-east-1-alibaba-json-512-512-231: 1557/2500 tasks started.azure-germanywestcentral-azure-json-512-512-112: 626/2500 tasks started.gcp-us-east1-gcp-json-512-512-832: 1023/2500 tasks started.
[2025-12-05T05:00:22Z] [[36minfo[0m] [progress_update] aws-us-east-1-aws-json-512-512-583: 2500/2500 tasks started.alibaba-us-east-1-alibaba-json-512-512-231: 2500/2500 tasks started.azure-germanywestcentral-azure-json-512-512-112: 639/2500 tasks started.gcp-us-east1-gcp-json-512-512-832: 1957/2500 tasks started.
[2025-12-05T05:00:27Z] [[36minfo[0m] [function_finished] Finished benchmarking function aws-json-512 and closed archiver
[2025-12-05T05:00:32Z] [[36minfo[0m] [progress_update] aws-us-east-1-aws-json-512-512-583: 2500/2500 tasks started.alibaba-us-east-1-alibaba-json-512-512-231: 2500/2500 tasks started.azure-germanywestcentral-azure-json-512-512-112: 1235/2500 tasks started.gcp-us-east1-gcp-json-512-512-832: 2500/2500 tasks started.
[2025-12-05T05:00:42Z] [[36minfo[0m] [progress_update] aws-us-east-1-aws-json-512-512-583: 2500/2500 tasks started.alibaba-us-east-1-alibaba-json-512-512-231: 2500/2500 tasks started.azure-germanywestcentral-azure-json-512-512-112: 1614/2500 tasks started.gcp-us-east1-gcp-json-512-512-832: 2500/2500 tasks started.
[2025-12-05T05:00:44Z] [[36minfo[0m] [function_finished] Finished benchmarking function gcp-json-512 and closed archiver
[2025-12-05T05:00:52Z] [[36minfo[0m] [progress_update] aws-us-east-1-aws-json-512-512-583: 2500/2500 tasks started.alibaba-us-east-1-alibaba-json-512-512-231: 2500/2500 tasks started.azure-germanywestcentral-azure-json-512-512-112: 1859/2500 tasks started.gcp-us-east1-gcp-json-512-512-832: 2500/2500 tasks started.
[2025-12-05T05:01:02Z] [[36minfo[0m] [progress_update] aws-us-east-1-aws-json-512-512-583: 2500/2500 tasks started.alibaba-us-east-1-alibaba-json-512-512-231: 2500/2500 tasks started.azure-germanywestcentral-azure-json-512-512-112: 1861/2500 tasks started.gcp-us-east1-gcp-json-512-512-832: 2500/2500 tasks started.
[2025-12-05T05:01:12Z] [[36minfo[0m] [progress_update] aws-us-east-1-aws-json-512-512-583: 2500/2500 tasks started.alibaba-us-east-1-alibaba-json-512-512-231: 2500/2500 tasks started.azure-germanywestcentral-azure-json-512-512-112: 1911/2500 tasks started.gcp-us-east1-gcp-json-512-512-832: 2500/2500 tasks started.
[2025-12-05T05:01:22Z] [[36minfo[0m] [progress_update] aws-us-east-1-aws-json-512-512-583: 2500/2500 tasks started.alibaba-us-east-1-alibaba-json-512-512-231: 2500/2500 tasks started.azure-germanywestcentral-azure-json-512-512-112: 1952/2500 tasks started.gcp-us-east1-gcp-json-512-512-832: 2500/2500 tasks started.
[2025-12-05T05:01:32Z] [[36minfo[0m] [progress_update] azure-germanywestcentral-azure-json-512-512-112: 1986/2500 tasks started.gcp-us-east1-gcp-json-512-512-832: 2500/2500 tasks started.aws-us-east-1-aws-json-512-512-583: 2500/2500 tasks started.alibaba-us-east-1-alibaba-json-512-512-231: 2500/2500 tasks started.
[2025-12-05T05:01:42Z] [[36minfo[0m] [progress_update] alibaba-us-east-1-alibaba-json-512-512-231: 2500/2500 tasks started.azure-germanywestcentral-azure-json-512-512-112: 2011/2500 tasks started.gcp-us-east1-gcp-json-512-512-832: 2500/2500 tasks started.aws-us-east-1-aws-json-512-512-583: 2500/2500 tasks started.
[2025-12-05T05:01:52Z] [[36minfo[0m] [progress_update] aws-us-east-1-aws-json-512-512-583: 2500/2500 tasks started.alibaba-us-east-1-alibaba-json-512-512-231: 2500/2500 tasks started.azure-germanywestcentral-azure-json-512-512-112: 2069/2500 tasks started.gcp-us-east1-gcp-json-512-512-832: 2500/2500 tasks started.
[2025-12-05T05:02:02Z] [[36minfo[0m] [progress_update] gcp-us-east1-gcp-json-512-512-832: 2500/2500 tasks started.aws-us-east-1-aws-json-512-512-583: 2500/2500 tasks started.alibaba-us-east-1-alibaba-json-512-512-231: 2500/2500 tasks started.azure-germanywestcentral-azure-json-512-512-112: 2250/2500 tasks started.
[2025-12-05T05:02:12Z] [[36minfo[0m] [progress_update] aws-us-east-1-aws-json-512-512-583: 2500/2500 tasks started.alibaba-us-east-1-alibaba-json-512-512-231: 2500/2500 tasks started.azure-germanywestcentral-azure-json-512-512-112: 2372/2500 tasks started.gcp-us-east1-gcp-json-512-512-832: 2500/2500 tasks started.
[2025-12-05T05:02:22Z] [[36minfo[0m] [progress_update] azure-germanywestcentral-azure-json-512-512-112: 2481/2500 tasks started.gcp-us-east1-gcp-json-512-512-832: 2500/2500 tasks started.aws-us-east-1-aws-json-512-512-583: 2500/2500 tasks started.alibaba-us-east-1-alibaba-json-512-512-231: 2500/2500 tasks started.
[2025-12-05T05:02:29Z] [[36minfo[0m] [function_finished] Finished benchmarking function alibaba-json-512 and closed archiver
[2025-12-05T05:02:32Z] [[36minfo[0m] [progress_update] aws-us-east-1-aws-json-512-512-583: 2500/2500 tasks started.alibaba-us-east-1-alibaba-json-512-512-231: 2500/2500 tasks started.azure-germanywestcentral-azure-json-512-512-112: 2500/2500 tasks started.gcp-us-east1-gcp-json-512-512-832: 2500/2500 tasks started.
[2025-12-05T05:02:42Z] [[36minfo[0m] [progress_update] aws-us-east-1-aws-json-512-512-583: 2500/2500 tasks started.alibaba-us-east-1-alibaba-json-512-512-231: 2500/2500 tasks started.azure-germanywestcentral-azure-json-512-512-112: 2500/2500 tasks started.gcp-us-east1-gcp-json-512-512-832: 2500/2500 tasks started.
[2025-12-05T05:02:52Z] [[36minfo[0m] [progress_update] aws-us-east-1-aws-json-512-512-583: 2500/2500 tasks started.alibaba-us-east-1-alibaba-json-512-512-231: 2500/2500 tasks started.azure-germanywestcentral-azure-json-512-512-112: 2500/2500 tasks started.gcp-us-east1-gcp-json-512-512-832: 2500/2500 tasks started.
[2025-12-05T05:03:02Z] [[36minfo[0m] [progress_update] aws-us-east-1-aws-json-512-512-583: 2500/2500 tasks started.alibaba-us-east-1-alibaba-json-512-512-231: 2500/2500 tasks started.azure-germanywestcentral-azure-json-512-512-112: 2500/2500 tasks started.gcp-us-east1-gcp-json-512-512-832: 2500/2500 tasks started.
[2025-12-05T05:03:12Z] [[36minfo[0m] [progress_update] aws-us-east-1-aws-json-512-512-583: 2500/2500 tasks started.alibaba-us-east-1-alibaba-json-512-512-231: 2500/2500 tasks started.azure-germanywestcentral-azure-json-512-512-112: 2500/2500 tasks started.gcp-us-east1-gcp-json-512-512-832: 2500/2500 tasks started.
[2025-12-05T05:03:22Z] [[36minfo[0m] [progress_update] aws-us-east-1-aws-json-512-512-583: 2500/2500 tasks started.alibaba-us-east-1-alibaba-json-512-512-231: 2500/2500 tasks started.azure-germanywestcentral-azure-json-512-512-112: 2500/2500 tasks started.gcp-us-east1-gcp-json-512-512-832: 2500/2500 tasks started.
[2025-12-05T05:03:32Z] [[36minfo[0m] [progress_update] aws-us-east-1-aws-json-512-512-583: 2500/2500 tasks started.alibaba-us-east-1-alibaba-json-512-512-231: 2500/2500 tasks started.azure-germanywestcentral-azure-json-512-512-112: 2500/2500 tasks started.gcp-us-east1-gcp-json-512-512-832: 2500/2500 tasks started.
[2025-12-05T05:03:42Z] [[36minfo[0m] [progress_update] gcp-us-east1-gcp-json-512-512-832: 2500/2500 tasks started.aws-us-east-1-aws-json-512-512-583: 2500/2500 tasks started.alibaba-us-east-1-alibaba-json-512-512-231: 2500/2500 tasks started.azure-germanywestcentral-azure-json-512-512-112: 2500/2500 tasks started.
[2025-12-05T05:03:52Z] [[36minfo[0m] [progress_update] aws-us-east-1-aws-json-512-512-583: 2500/2500 tasks started.alibaba-us-east-1-alibaba-json-512-512-231: 2500/2500 tasks started.azure-germanywestcentral-azure-json-512-512-112: 2500/2500 tasks started.gcp-us-east1-gcp-json-512-512-832: 2500/2500 tasks started.
[2025-12-05T05:04:02Z] [[36minfo[0m] [progress_update] aws-us-east-1-aws-json-512-512-583: 2500/2500 tasks started.alibaba-us-east-1-alibaba-json-512-512-231: 2500/2500 tasks started.azure-germanywestcentral-azure-json-512-512-112: 2500/2500 tasks started.gcp-us-east1-gcp-json-512-512-832: 2500/2500 tasks started.
[2025-12-05T05:04:12Z] [[36minfo[0m] [progress_update] aws-us-east-1-aws-json-512-512-583: 2500/2500 tasks started.alibaba-us-east-1-alibaba-json-512-512-231: 2500/2500 tasks started.azure-germanywestcentral-azure-json-512-512-112: 2500/2500 tasks started.gcp-us-east1-gcp-json-512-512-832: 2500/2500 tasks started.
[2025-12-05T05:04:22Z] [[36minfo[0m] [progress_update] aws-us-east-1-aws-json-512-512-583: 2500/2500 tasks started.alibaba-us-east-1-alibaba-json-512-512-231: 2500/2500 tasks started.azure-germanywestcentral-azure-json-512-512-112: 2500/2500 tasks started.gcp-us-east1-gcp-json-512-512-832: 2500/2500 tasks started.
[2025-12-05T05:04:23Z] [[31merror[0m] [task_execution] Error executing task azure-json-512: task azure-json-512 failed after 7 retries: <nil>
[2025-12-05T05:04:24Z] [[31merror[0m] [task_execution] Error executing task azure-json-512: task azure-json-512 failed after 7 retries: <nil>
[2025-12-05T05:04:25Z] [[31merror[0m] [task_execution] Error executing task azure-json-512: task azure-json-512 failed after 7 retries: <nil>
[2025-12-05T05:04:25Z] [[31merror[0m] [task_execution] Error executing task azure-json-512: task azure-json-512 failed after 7 retries: <nil>
[2025-12-05T05:04:25Z] [[31merror[0m] [task_execution] Error executing task azure-json-512: task azure-json-512 failed after 7 retries: <nil>
[2025-12-05T05:04:25Z] [[31merror[0m] [task_execution] Error executing task azure-json-512: task azure-json-512 failed after 7 retries: <nil>
[2025-12-05T05:04:27Z] [[31merror[0m] [task_execution] Error executing task azure-json-512: task azure-json-512 failed after 7 retries: <nil>
[2025-12-05T05:04:27Z] [[31merror[0m] [task_execution] Error executing task azure-json-512: task azure-json-512 failed after 7 retries: <nil>
[2025-12-05T05:04:27Z] [[31merror[0m] [task_execution] Error executing task azure-json-512: task azure-json-512 failed after 7 retries: <nil>
[2025-12-05T05:04:27Z] [[31merror[0m] [task_execution] Error executing task azure-json-512: task azure-json-512 failed after 7 retries: <nil>
[2025-12-05T05:04:27Z] [[31merror[0m] [task_execution] Error executing task azure-json-512: task azure-json-512 failed after 7 retries: <nil>
[2025-12-05T05:04:27Z] [[31merror[0m] [task_execution] Error executing task azure-json-512: task azure-json-512 failed after 7 retries: <nil>
[2025-12-05T05:04:27Z] [[31merror[0m] [task_execution] Error executing task azure-json-512: task azure-json-512 failed after 7 retries: <nil>
[2025-12-05T05:04:27Z] [[31merror[0m] [task_execution] Error executing task azure-json-512: task azure-json-512 failed after 7 retries: <nil>
[2025-12-05T05:04:27Z] [[31merror[0m] [task_execution] Error executing task azure-json-512: task azure-json-512 failed after 7 retries: <nil>
[2025-12-05T05:04:27Z] [[31merror[0m] [task_execution] Error executing task azure-json-512: task azure-json-512 failed after 7 retries: <nil>
[2025-12-05T05:04:27Z] [[31merror[0m] [task_execution] Error executing task azure-json-512: task azure-json-512 failed after 7 retries: <nil>
[2025-12-05T05:04:27Z] [[31merror[0m] [task_execution] Error executing task azure-json-512: task azure-json-512 failed after 7 retries: <nil>
[2025-12-05T05:04:27Z] [[31merror[0m] [task_execution] Error executing task azure-json-512: task azure-json-512 failed after 7 retries: <nil>
[2025-12-05T05:04:27Z] [[31merror[0m] [task_execution] Error executing task azure-json-512: task azure-json-512 failed after 7 retries: <nil>
[2025-12-05T05:04:27Z] [[31merror[0m] [task_execution] Error executing task azure-json-512: task azure-json-512 failed after 7 retries: <nil>
[2025-12-05T05:04:27Z] [[31merror[0m] [task_execution] Error executing task azure-json-512: task azure-json-512 failed after 7 retries: <nil>
[2025-12-05T05:04:27Z] [[31merror[0m] [task_execution] Error executing task azure-json-512: task azure-json-512 failed after 7 retries: <nil>
[2025-12-05T05:04:27Z] [[31merror[0m] [task_execution] Error executing task azure-json-512: task azure-json-512 failed after 7 retries: <nil>
[2025-12-05T05:04:27Z] [[31merror[0m] [task_execution] Error executing task azure-json-512: task azure-json-512 failed after 7 retries: <nil>
[2025-12-05T05:04:27Z] [[31merror[0m] [task_execution] Error executing task azure-json-512: task azure-json-512 failed after 7 retries: <nil>
[2025-12-05T05:04:27Z] [[31merror[0m] [task_execution] Error executing task azure-json-512: task azure-json-512 failed after 7 retries: <nil>
[2025-12-05T05:04:27Z] [[31merror[0m] [task_execution] Error executing task azure-json-512: task azure-json-512 failed after 7 retries: <nil>
[2025-12-05T05:04:27Z] [[31merror[0m] [task_execution] Error executing task azure-json-512: task azure-json-512 failed after 7 retries: <nil>
[2025-12-05T05:04:27Z] [[31merror[0m] [task_execution] Error executing task azure-json-512: task azure-json-512 failed after 7 retries: <nil>
[2025-12-05T05:04:27Z] [[31merror[0m] [task_execution] Error executing task azure-json-512: task azure-json-512 failed after 7 retries: <nil>
[2025-12-05T05:04:27Z] [[31merror[0m] [task_execution] Error executing task azure-json-512: task azure-json-512 failed after 7 retries: <nil>
[2025-12-05T05:04:27Z] [[31merror[0m] [task_execution] Error executing task azure-json-512: task azure-json-512 failed after 7 retries: <nil>
[2025-12-05T05:04:27Z] [[31merror[0m] [task_execution] Error executing task azure-json-512: task azure-json-512 failed after 7 retries: <nil>
[2025-12-05T05:04:27Z] [[31merror[0m] [task_execution] Error executing task azure-json-512: task azure-json-512 failed after 7 retries: <nil>
[2025-12-05T05:04:27Z] [[31merror[0m] [task_execution] Error executing task azure-json-512: task azure-json-512 failed after 7 retries: <nil>
[2025-12-05T05:04:27Z] [[31merror[0m] [task_execution] Error executing task azure-json-512: task azure-json-512 failed after 7 retries: <nil>
[2025-12-05T05:04:27Z] [[31merror[0m] [task_execution] Error executing task azure-json-512: task azure-json-512 failed after 7 retries: <nil>
[2025-12-05T05:04:27Z] [[31merror[0m] [task_execution] Error executing task azure-json-512: task azure-json-512 failed after 7 retries: <nil>
[2025-12-05T05:04:27Z] [[31merror[0m] [task_execution] Error executing task azure-json-512: task azure-json-512 failed after 7 retries: <nil>
[2025-12-05T05:04:27Z] [[31merror[0m] [task_execution] Error executing task azure-json-512: task azure-json-512 failed after 7 retries: <nil>
[2025-12-05T05:04:27Z] [[31merror[0m] [task_execution] Error executing task azure-json-512: task azure-json-512 failed after 7 retries: <nil>
[2025-12-05T05:04:27Z] [[31merror[0m] [task_execution] Error executing task azure-json-512: task azure-json-512 failed after 7 retries: <nil>
[2025-12-05T05:04:27Z] [[31merror[0m] [task_execution] Error executing task azure-json-512: task azure-json-512 failed after 7 retries: <nil>
[2025-12-05T05:04:27Z] [[31merror[0m] [task_execution] Error executing task azure-json-512: task azure-json-512 failed after 7 retries: <nil>
[2025-12-05T05:04:27Z] [[31merror[0m] [task_execution] Error executing task azure-json-512: task azure-json-512 failed after 7 retries: <nil>
[2025-12-05T05:04:27Z] [[31merror[0m] [task_execution] Error executing task azure-json-512: task azure-json-512 failed after 7 retries: <nil>
[2025-12-05T05:04:27Z] [[31merror[0m] [task_execution] Error executing task azure-json-512: task azure-json-512 failed after 7 retries: <nil>
[2025-12-05T05:04:27Z] [[31merror[0m] [task_execution] Error executing task azure-json-512: task azure-json-512 failed after 7 retries: <nil>
[2025-12-05T05:04:27Z] [[31merror[0m] [task_execution] Error executing task azure-json-512: task azure-json-512 failed after 7 retries: <nil>
[2025-12-05T05:04:27Z] [[31merror[0m] [task_execution] Error executing task azure-json-512: task azure-json-512 failed after 7 retries: <nil>
[2025-12-05T05:04:27Z] [[31merror[0m] [task_execution] Error executing task azure-json-512: task azure-json-512 failed after 7 retries: <nil>
[2025-12-05T05:04:32Z] [[36minfo[0m] [progress_update] aws-us-east-1-aws-json-512-512-583: 2500/2500 tasks started.alibaba-us-east-1-alibaba-json-512-512-231: 2500/2500 tasks started.azure-germanywestcentral-azure-json-512-512-112: 2500/2500 tasks started.gcp-us-east1-gcp-json-512-512-832: 2500/2500 tasks started.
[2025-12-05T05:04:40Z] [[31merror[0m] [task_execution] Error executing task azure-json-512: task azure-json-512 failed after 7 retries: <nil>
[2025-12-05T05:04:41Z] [[31merror[0m] [task_execution] Error executing task azure-json-512: task azure-json-512 failed after 7 retries: <nil>
[2025-12-05T05:04:41Z] [[31merror[0m] [task_execution] Error executing task azure-json-512: task azure-json-512 failed after 7 retries: <nil>
[2025-12-05T05:04:41Z] [[31merror[0m] [task_execution] Error executing task azure-json-512: task azure-json-512 failed after 7 retries: <nil>
[2025-12-05T05:04:41Z] [[31merror[0m] [task_execution] Error executing task azure-json-512: task azure-json-512 failed after 7 retries: <nil>
[2025-12-05T05:04:41Z] [[31merror[0m] [task_execution] Error executing task azure-json-512: task azure-json-512 failed after 7 retries: <nil>
[2025-12-05T05:04:41Z] [[31merror[0m] [task_execution] Error executing task azure-json-512: task azure-json-512 failed after 7 retries: <nil>
[2025-12-05T05:04:41Z] [[31merror[0m] [task_execution] Error executing task azure-json-512: task azure-json-512 failed after 7 retries: <nil>
[2025-12-05T05:04:41Z] [[31merror[0m] [task_execution] Error executing task azure-json-512: task azure-json-512 failed after 7 retries: <nil>
[2025-12-05T05:04:41Z] [[31merror[0m] [task_execution] Error executing task azure-json-512: task azure-json-512 failed after 7 retries: <nil>
[2025-12-05T05:04:41Z] [[31merror[0m] [task_execution] Error executing task azure-json-512: task azure-json-512 failed after 7 retries: <nil>
[2025-12-05T05:04:41Z] [[31merror[0m] [task_execution] Error executing task azure-json-512: task azure-json-512 failed after 7 retries: <nil>
[2025-12-05T05:04:41Z] [[31merror[0m] [task_execution] Error executing task azure-json-512: task azure-json-512 failed after 7 retries: <nil>
[2025-12-05T05:04:41Z] [[31merror[0m] [task_execution] Error executing task azure-json-512: task azure-json-512 failed after 7 retries: <nil>
[2025-12-05T05:04:41Z] [[31merror[0m] [task_execution] Error executing task azure-json-512: task azure-json-512 failed after 7 retries: <nil>
[2025-12-05T05:04:41Z] [[31merror[0m] [task_execution] Error executing task azure-json-512: task azure-json-512 failed after 7 retries: <nil>
[2025-12-05T05:04:41Z] [[31merror[0m] [task_execution] Error executing task azure-json-512: task azure-json-512 failed after 7 retries: <nil>
[2025-12-05T05:04:41Z] [[31merror[0m] [task_execution] Error executing task azure-json-512: task azure-json-512 failed after 7 retries: <nil>
[2025-12-05T05:04:41Z] [[31merror[0m] [task_execution] Error executing task azure-json-512: task azure-json-512 failed after 7 retries: <nil>
[2025-12-05T05:04:41Z] [[31merror[0m] [task_execution] Error executing task azure-json-512: task azure-json-512 failed after 7 retries: <nil>
[2025-12-05T05:04:41Z] [[31merror[0m] [task_execution] Error executing task azure-json-512: task azure-json-512 failed after 7 retries: <nil>
[2025-12-05T05:04:41Z] [[31merror[0m] [task_execution] Error executing task azure-json-512: task azure-json-512 failed after 7 retries: <nil>
[2025-12-05T05:04:41Z] [[31merror[0m] [task_execution] Error executing task azure-json-512: task azure-json-512 failed after 7 retries: <nil>
[2025-12-05T05:04:41Z] [[31merror[0m] [task_execution] Error executing task azure-json-512: task azure-json-512 failed after 7 retries: <nil>
[2025-12-05T05:04:41Z] [[31merror[0m] [task_execution] Error executing task azure-json-512: task azure-json-512 failed after 7 retries: <nil>
[2025-12-05T05:04:41Z] [[31merror[0m] [task_execution] Error executing task azure-json-512: task azure-json-512 failed after 7 retries: <nil>
[2025-12-05T05:04:41Z] [[31merror[0m] [task_execution] Error executing task azure-json-512: task azure-json-512 failed after 7 retries: <nil>
[2025-12-05T05:04:41Z] [[31merror[0m] [task_execution] Error executing task azure-json-512: task azure-json-512 failed after 7 retries: <nil>
[2025-12-05T05:04:41Z] [[31merror[0m] [task_execution] Error executing task azure-json-512: task azure-json-512 failed after 7 retries: <nil>
[2025-12-05T05:04:41Z] [[31merror[0m] [task_execution] Error executing task azure-json-512: task azure-json-512 failed after 7 retries: <nil>
[2025-12-05T05:04:41Z] [[31merror[0m] [task_execution] Error executing task azure-json-512: task azure-json-512 failed after 7 retries: <nil>
[2025-12-05T05:04:41Z] [[31merror[0m] [task_execution] Error executing task azure-json-512: task azure-json-512 failed after 7 retries: <nil>
[2025-12-05T05:04:41Z] [[31merror[0m] [task_execution] Error executing task azure-json-512: task azure-json-512 failed after 7 retries: <nil>
[2025-12-05T05:04:42Z] [[36minfo[0m] [progress_update] azure-germanywestcentral-azure-json-512-512-112: 2500/2500 tasks started.gcp-us-east1-gcp-json-512-512-832: 2500/2500 tasks started.aws-us-east-1-aws-json-512-512-583: 2500/2500 tasks started.alibaba-us-east-1-alibaba-json-512-512-231: 2500/2500 tasks started.
[2025-12-05T05:04:43Z] [[31merror[0m] [task_execution] Error executing task azure-json-512: task azure-json-512 failed after 7 retries: <nil>
[2025-12-05T05:04:44Z] [[31merror[0m] [task_execution] Error executing task azure-json-512: task azure-json-512 failed after 7 retries: <nil>
[2025-12-05T05:04:45Z] [[31merror[0m] [task_execution] Error executing task azure-json-512: task azure-json-512 failed after 7 retries: <nil>
[2025-12-05T05:04:52Z] [[31merror[0m] [task_execution] Error executing task azure-json-512: task azure-json-512 failed after 7 retries: <nil>
[2025-12-05T05:04:52Z] [[31merror[0m] [task_execution] Error executing task azure-json-512: task azure-json-512 failed after 7 retries: <nil>
[2025-12-05T05:04:52Z] [[36minfo[0m] [progress_update] aws-us-east-1-aws-json-512-512-583: 2500/2500 tasks started.alibaba-us-east-1-alibaba-json-512-512-231: 2500/2500 tasks started.azure-germanywestcentral-azure-json-512-512-112: 2500/2500 tasks started.gcp-us-east1-gcp-json-512-512-832: 2500/2500 tasks started.
[2025-12-05T05:04:54Z] [[31merror[0m] [task_execution] Error executing task azure-json-512: task azure-json-512 failed after 7 retries: <nil>
[2025-12-05T05:04:55Z] [[31merror[0m] [task_execution] Error executing task azure-json-512: task azure-json-512 failed after 7 retries: <nil>
[2025-12-05T05:04:56Z] [[31merror[0m] [task_execution] Error executing task azure-json-512: task azure-json-512 failed after 7 retries: <nil>
[2025-12-05T05:04:56Z] [[31merror[0m] [task_execution] Error executing task azure-json-512: task azure-json-512 failed after 7 retries: <nil>
[2025-12-05T05:04:56Z] [[31merror[0m] [task_execution] Error executing task azure-json-512: task azure-json-512 failed after 7 retries: <nil>
[2025-12-05T05:04:57Z] [[31merror[0m] [task_execution] Error executing task azure-json-512: task azure-json-512 failed after 7 retries: <nil>
[2025-12-05T05:04:57Z] [[31merror[0m] [task_execution] Error executing task azure-json-512: task azure-json-512 failed after 7 retries: <nil>
[2025-12-05T05:04:57Z] [[31merror[0m] [task_execution] Error executing task azure-json-512: task azure-json-512 failed after 7 retries: <nil>
[2025-12-05T05:04:57Z] [[31merror[0m] [task_execution] Error executing task azure-json-512: task azure-json-512 failed after 7 retries: <nil>
[2025-12-05T05:04:58Z] [[31merror[0m] [task_execution] Error executing task azure-json-512: task azure-json-512 failed after 7 retries: <nil>
[2025-12-05T05:04:58Z] [[31merror[0m] [task_execution] Error executing task azure-json-512: task azure-json-512 failed after 7 retries: <nil>
[2025-12-05T05:04:58Z] [[31merror[0m] [task_execution] Error executing task azure-json-512: task azure-json-512 failed after 7 retries: <nil>
[2025-12-05T05:04:58Z] [[31merror[0m] [task_execution] Error executing task azure-json-512: task azure-json-512 failed after 7 retries: <nil>
[2025-12-05T05:04:58Z] [[31merror[0m] [task_execution] Error executing task azure-json-512: task azure-json-512 failed after 7 retries: <nil>
[2025-12-05T05:04:58Z] [[31merror[0m] [task_execution] Error executing task azure-json-512: task azure-json-512 failed after 7 retries: <nil>
[2025-12-05T05:04:58Z] [[31merror[0m] [task_execution] Error executing task azure-json-512: task azure-json-512 failed after 7 retries: <nil>
[2025-12-05T05:04:58Z] [[31merror[0m] [task_execution] Error executing task azure-json-512: task azure-json-512 failed after 7 retries: <nil>
[2025-12-05T05:04:58Z] [[31merror[0m] [task_execution] Error executing task azure-json-512: task azure-json-512 failed after 7 retries: <nil>
[2025-12-05T05:04:58Z] [[31merror[0m] [task_execution] Error executing task azure-json-512: task azure-json-512 failed after 7 retries: <nil>
[2025-12-05T05:04:58Z] [[31merror[0m] [task_execution] Error executing task azure-json-512: task azure-json-512 failed after 7 retries: <nil>
[2025-12-05T05:04:58Z] [[31merror[0m] [task_execution] Error executing task azure-json-512: task azure-json-512 failed after 7 retries: <nil>
[2025-12-05T05:04:58Z] [[31merror[0m] [task_execution] Error executing task azure-json-512: task azure-json-512 failed after 7 retries: <nil>
[2025-12-05T05:04:58Z] [[31merror[0m] [task_execution] Error executing task azure-json-512: task azure-json-512 failed after 7 retries: <nil>
[2025-12-05T05:04:58Z] [[31merror[0m] [task_execution] Error executing task azure-json-512: task azure-json-512 failed after 7 retries: <nil>
[2025-12-05T05:04:58Z] [[31merror[0m] [task_execution] Error executing task azure-json-512: task azure-json-512 failed after 7 retries: <nil>
[2025-12-05T05:04:58Z] [[31merror[0m] [task_execution] Error executing task azure-json-512: task azure-json-512 failed after 7 retries: <nil>
[2025-12-05T05:04:58Z] [[31merror[0m] [task_execution] Error executing task azure-json-512: task azure-json-512 failed after 7 retries: <nil>
[2025-12-05T05:04:58Z] [[31merror[0m] [task_execution] Error executing task azure-json-512: task azure-json-512 failed after 7 retries: <nil>
[2025-12-05T05:04:58Z] [[31merror[0m] [task_execution] Error executing task azure-json-512: task azure-json-512 failed after 7 retries: <nil>
[2025-12-05T05:04:58Z] [[31merror[0m] [task_execution] Error executing task azure-json-512: task azure-json-512 failed after 7 retries: <nil>
[2025-12-05T05:04:58Z] [[31merror[0m] [task_execution] Error executing task azure-json-512: task azure-json-512 failed after 7 retries: <nil>
[2025-12-05T05:04:58Z] [[31merror[0m] [task_execution] Error executing task azure-json-512: task azure-json-512 failed after 7 retries: <nil>
[2025-12-05T05:04:58Z] [[31merror[0m] [task_execution] Error executing task azure-json-512: task azure-json-512 failed after 7 retries: <nil>
[2025-12-05T05:04:58Z] [[31merror[0m] [task_execution] Error executing task azure-json-512: task azure-json-512 failed after 7 retries: <nil>
[2025-12-05T05:04:58Z] [[31merror[0m] [task_execution] Error executing task azure-json-512: task azure-json-512 failed after 7 retries: <nil>
[2025-12-05T05:04:58Z] [[31merror[0m] [task_execution] Error executing task azure-json-512: task azure-json-512 failed after 7 retries: <nil>
[2025-12-05T05:04:58Z] [[31merror[0m] [task_execution] Error executing task azure-json-512: task azure-json-512 failed after 7 retries: <nil>
[2025-12-05T05:04:58Z] [[31merror[0m] [task_execution] Error executing task azure-json-512: task azure-json-512 failed after 7 retries: <nil>
[2025-12-05T05:04:58Z] [[31merror[0m] [task_execution] Error executing task azure-json-512: task azure-json-512 failed after 7 retries: <nil>
[2025-12-05T05:04:58Z] [[31merror[0m] [task_execution] Error executing task azure-json-512: task azure-json-512 failed after 7 retries: <nil>
[2025-12-05T05:04:59Z] [[31merror[0m] [task_execution] Error executing task azure-json-512: task azure-json-512 failed after 7 retries: <nil>
[2025-12-05T05:04:59Z] [[31merror[0m] [task_execution] Error executing task azure-json-512: task azure-json-512 failed after 7 retries: <nil>
[2025-12-05T05:04:59Z] [[31merror[0m] [task_execution] Error executing task azure-json-512: task azure-json-512 failed after 7 retries: <nil>
[2025-12-05T05:04:59Z] [[31merror[0m] [task_execution] Error executing task azure-json-512: task azure-json-512 failed after 7 retries: <nil>
[2025-12-05T05:04:59Z] [[31merror[0m] [task_execution] Error executing task azure-json-512: task azure-json-512 failed after 7 retries: <nil>
[2025-12-05T05:04:59Z] [[31merror[0m] [task_execution] Error executing task azure-json-512: task azure-json-512 failed after 7 retries: <nil>
[2025-12-05T05:04:59Z] [[31merror[0m] [task_execution] Error executing task azure-json-512: task azure-json-512 failed after 7 retries: <nil>
[2025-12-05T05:04:59Z] [[31merror[0m] [task_execution] Error executing task azure-json-512: task azure-json-512 failed after 7 retries: <nil>
[2025-12-05T05:04:59Z] [[31merror[0m] [task_execution] Error executing task azure-json-512: task azure-json-512 failed after 7 retries: <nil>
[2025-12-05T05:04:59Z] [[31merror[0m] [task_execution] Error executing task azure-json-512: task azure-json-512 failed after 7 retries: <nil>
[2025-12-05T05:04:59Z] [[31merror[0m] [task_execution] Error executing task azure-json-512: task azure-json-512 failed after 7 retries: <nil>
[2025-12-05T05:04:59Z] [[31merror[0m] [task_execution] Error executing task azure-json-512: task azure-json-512 failed after 7 retries: <nil>
[2025-12-05T05:04:59Z] [[31merror[0m] [task_execution] Error executing task azure-json-512: task azure-json-512 failed after 7 retries: <nil>
[2025-12-05T05:04:59Z] [[31merror[0m] [task_execution] Error executing task azure-json-512: task azure-json-512 failed after 7 retries: <nil>
[2025-12-05T05:04:59Z] [[31merror[0m] [task_execution] Error executing task azure-json-512: task azure-json-512 failed after 7 retries: <nil>
[2025-12-05T05:05:00Z] [[31merror[0m] [task_execution] Error executing task azure-json-512: task azure-json-512 failed after 7 retries: <nil>
[2025-12-05T05:05:00Z] [[31merror[0m] [task_execution] Error executing task azure-json-512: task azure-json-512 failed after 7 retries: <nil>
[2025-12-05T05:05:00Z] [[31merror[0m] [task_execution] Error executing task azure-json-512: task azure-json-512 failed after 7 retries: <nil>
[2025-12-05T05:05:00Z] [[31merror[0m] [task_execution] Error executing task azure-json-512: task azure-json-512 failed after 7 retries: <nil>
[2025-12-05T05:05:02Z] [[36minfo[0m] [progress_update] aws-us-east-1-aws-json-512-512-583: 2500/2500 tasks started.alibaba-us-east-1-alibaba-json-512-512-231: 2500/2500 tasks started.azure-germanywestcentral-azure-json-512-512-112: 2500/2500 tasks started.gcp-us-east1-gcp-json-512-512-832: 2500/2500 tasks started.
[2025-12-05T05:05:02Z] [[31merror[0m] [task_execution] Error executing task azure-json-512: task azure-json-512 failed after 7 retries: <nil>
[2025-12-05T05:05:03Z] [[31merror[0m] [task_execution] Error executing task azure-json-512: task azure-json-512 failed after 7 retries: <nil>
[2025-12-05T05:05:03Z] [[31merror[0m] [task_execution] Error executing task azure-json-512: task azure-json-512 failed after 7 retries: <nil>
[2025-12-05T05:05:03Z] [[31merror[0m] [task_execution] Error executing task azure-json-512: task azure-json-512 failed after 7 retries: <nil>
[2025-12-05T05:05:03Z] [[31merror[0m] [task_execution] Error executing task azure-json-512: task azure-json-512 failed after 7 retries: <nil>
[2025-12-05T05:05:03Z] [[31merror[0m] [task_execution] Error executing task azure-json-512: task azure-json-512 failed after 7 retries: <nil>
[2025-12-05T05:05:03Z] [[31merror[0m] [task_execution] Error executing task azure-json-512: task azure-json-512 failed after 7 retries: <nil>
[2025-12-05T05:05:04Z] [[31merror[0m] [task_execution] Error executing task azure-json-512: task azure-json-512 failed after 7 retries: <nil>
[2025-12-05T05:05:04Z] [[31merror[0m] [task_execution] Error executing task azure-json-512: task azure-json-512 failed after 7 retries: <nil>
[2025-12-05T05:05:04Z] [[31merror[0m] [task_execution] Error executing task azure-json-512: task azure-json-512 failed after 7 retries: <nil>
[2025-12-05T05:05:04Z] [[31merror[0m] [task_execution] Error executing task azure-json-512: task azure-json-512 failed after 7 retries: <nil>
[2025-12-05T05:05:12Z] [[36minfo[0m] [progress_update] aws-us-east-1-aws-json-512-512-583: 2500/2500 tasks started.alibaba-us-east-1-alibaba-json-512-512-231: 2500/2500 tasks started.azure-germanywestcentral-azure-json-512-512-112: 2500/2500 tasks started.gcp-us-east1-gcp-json-512-512-832: 2500/2500 tasks started.
[2025-12-05T05:05:22Z] [[36minfo[0m] [progress_update] aws-us-east-1-aws-json-512-512-583: 2500/2500 tasks started.alibaba-us-east-1-alibaba-json-512-512-231: 2500/2500 tasks started.azure-germanywestcentral-azure-json-512-512-112: 2500/2500 tasks started.gcp-us-east1-gcp-json-512-512-832: 2500/2500 tasks started.
[2025-12-05T05:05:32Z] [[36minfo[0m] [progress_update] azure-germanywestcentral-azure-json-512-512-112: 2500/2500 tasks started.gcp-us-east1-gcp-json-512-512-832: 2500/2500 tasks started.aws-us-east-1-aws-json-512-512-583: 2500/2500 tasks started.alibaba-us-east-1-alibaba-json-512-512-231: 2500/2500 tasks started.
[2025-12-05T05:05:42Z] [[36minfo[0m] [progress_update] alibaba-us-east-1-alibaba-json-512-512-231: 2500/2500 tasks started.azure-germanywestcentral-azure-json-512-512-112: 2500/2500 tasks started.gcp-us-east1-gcp-json-512-512-832: 2500/2500 tasks started.aws-us-east-1-aws-json-512-512-583: 2500/2500 tasks started.
[2025-12-05T05:05:46Z] [[31merror[0m] [task_execution] Error executing task azure-json-512: task azure-json-512 failed after 7 retries: <nil>
[2025-12-05T05:05:52Z] [[36minfo[0m] [progress_update] gcp-us-east1-gcp-json-512-512-832: 2500/2500 tasks started.aws-us-east-1-aws-json-512-512-583: 2500/2500 tasks started.alibaba-us-east-1-alibaba-json-512-512-231: 2500/2500 tasks started.azure-germanywestcentral-azure-json-512-512-112: 2500/2500 tasks started.
[2025-12-05T05:05:59Z] [[31merror[0m] [task_execution] Error executing task azure-json-512: task azure-json-512 failed after 7 retries: <nil>
[2025-12-05T05:05:59Z] [[31merror[0m] [task_execution] Error executing task azure-json-512: task azure-json-512 failed after 7 retries: <nil>
[2025-12-05T05:06:02Z] [[36minfo[0m] [progress_update] aws-us-east-1-aws-json-512-512-583: 2500/2500 tasks started.alibaba-us-east-1-alibaba-json-512-512-231: 2500/2500 tasks started.azure-germanywestcentral-azure-json-512-512-112: 2500/2500 tasks started.gcp-us-east1-gcp-json-512-512-832: 2500/2500 tasks started.
[2025-12-05T05:06:12Z] [[31merror[0m] [task_execution] Error executing task azure-json-512: task azure-json-512 failed after 7 retries: <nil>
[2025-12-05T05:06:12Z] [[36minfo[0m] [progress_update] aws-us-east-1-aws-json-512-512-583: 2500/2500 tasks started.alibaba-us-east-1-alibaba-json-512-512-231: 2500/2500 tasks started.azure-germanywestcentral-azure-json-512-512-112: 2500/2500 tasks started.gcp-us-east1-gcp-json-512-512-832: 2500/2500 tasks started.
[2025-12-05T05:06:13Z] [[31merror[0m] [task_execution] Error executing task azure-json-512: task azure-json-512 failed after 7 retries: <nil>
[2025-12-05T05:06:13Z] [[31merror[0m] [task_execution] Error executing task azure-json-512: task azure-json-512 failed after 7 retries: <nil>
[2025-12-05T05:06:13Z] [[31merror[0m] [task_execution] Error executing task azure-json-512: task azure-json-512 failed after 7 retries: <nil>
[2025-12-05T05:06:18Z] [[36minfo[0m] [function_finished] Finished benchmarking function azure-json-512 and closed archiver
[2025-12-05T05:06:20Z] [[36minfo[0m] [finish_timeline] Benchmark Timeline
[Fri Dec  5 05:06:20 UTC 2025] Finished benchmark 'json' successfully
[Fri Dec  5 05:06:20 UTC 2025] Sleeping 600 seconds before next workload...
