[Thu Dec  4 05:58:22 UTC 2025] Starting benchmark 'gzip' with config './configs/gzip.yaml'
Validating functions...
[2025-12-04T05:58:22Z] [[36minfo[0m] [executor_setup] Setting up executor for aws-us-east-1-aws-gzip-512-512-542
[2025-12-04T05:58:22Z] [[36minfo[0m] [executor_setup] Setting up executor for alibaba-us-east-1-alibaba-gzip-512-512-168
[2025-12-04T05:58:22Z] [[36minfo[0m] [executor_setup] Setting up executor for azure-germanywestcentral-azure-gzip-512-512-666
[2025-12-04T05:58:22Z] [[0mwarning[0m] [[32mazure_limitations[0m] Azure can´t handle more than 300 parallel requests. Limiting to 300.
[2025-12-04T05:58:22Z] [[36minfo[0m] [executor_setup] Setting up executor for gcp-us-east1-gcp-gzip-512-512-463
[2025-12-04T05:58:22Z] [[36minfo[0m] [start_timeline] Benchmark Timeline
[2025-12-04T05:58:22Z] [[36minfo[0m] [load_generator_start] (alibaba: us-east-1) Starting load generator with 500 workers
[2025-12-04T05:58:22Z] [[36minfo[0m] [load_generator_start] (azure: germanywestcentral) Starting load generator with 300 workers
[2025-12-04T05:58:22Z] [[36minfo[0m] [load_generator_start] (gcp: us-east1) Starting load generator with 300 workers
[2025-12-04T05:58:22Z] [[36minfo[0m] [load_generator_start] (aws: us-east-1) Starting load generator with 500 workers
[2025-12-04T05:58:32Z] [[36minfo[0m] [progress_update] gcp-us-east1-gcp-gzip-512-512-463: 1130/2500 tasks started.aws-us-east-1-aws-gzip-512-512-542: 2094/2500 tasks started.alibaba-us-east-1-alibaba-gzip-512-512-168: 1797/2500 tasks started.azure-germanywestcentral-azure-gzip-512-512-666: 553/2500 tasks started.
[2025-12-04T05:58:42Z] [[36minfo[0m] [progress_update] alibaba-us-east-1-alibaba-gzip-512-512-168: 2500/2500 tasks started.azure-germanywestcentral-azure-gzip-512-512-666: 555/2500 tasks started.gcp-us-east1-gcp-gzip-512-512-463: 2194/2500 tasks started.aws-us-east-1-aws-gzip-512-512-542: 2500/2500 tasks started.
[2025-12-04T05:58:47Z] [[36minfo[0m] [function_finished] Finished benchmarking function aws-gzip-512 and closed archiver
[2025-12-04T05:58:52Z] [[36minfo[0m] [progress_update] alibaba-us-east-1-alibaba-gzip-512-512-168: 2500/2500 tasks started.azure-germanywestcentral-azure-gzip-512-512-666: 1030/2500 tasks started.gcp-us-east1-gcp-gzip-512-512-463: 2500/2500 tasks started.aws-us-east-1-aws-gzip-512-512-542: 2500/2500 tasks started.
[2025-12-04T05:59:02Z] [[36minfo[0m] [progress_update] aws-us-east-1-aws-gzip-512-512-542: 2500/2500 tasks started.alibaba-us-east-1-alibaba-gzip-512-512-168: 2500/2500 tasks started.azure-germanywestcentral-azure-gzip-512-512-666: 1441/2500 tasks started.gcp-us-east1-gcp-gzip-512-512-463: 2500/2500 tasks started.
[2025-12-04T05:59:05Z] [[36minfo[0m] [function_finished] Finished benchmarking function gcp-gzip-512 and closed archiver
[2025-12-04T05:59:12Z] [[36minfo[0m] [progress_update] azure-germanywestcentral-azure-gzip-512-512-666: 1754/2500 tasks started.gcp-us-east1-gcp-gzip-512-512-463: 2500/2500 tasks started.aws-us-east-1-aws-gzip-512-512-542: 2500/2500 tasks started.alibaba-us-east-1-alibaba-gzip-512-512-168: 2500/2500 tasks started.
[2025-12-04T05:59:22Z] [[36minfo[0m] [progress_update] alibaba-us-east-1-alibaba-gzip-512-512-168: 2500/2500 tasks started.azure-germanywestcentral-azure-gzip-512-512-666: 1805/2500 tasks started.gcp-us-east1-gcp-gzip-512-512-463: 2500/2500 tasks started.aws-us-east-1-aws-gzip-512-512-542: 2500/2500 tasks started.
[2025-12-04T05:59:32Z] [[36minfo[0m] [progress_update] gcp-us-east1-gcp-gzip-512-512-463: 2500/2500 tasks started.aws-us-east-1-aws-gzip-512-512-542: 2500/2500 tasks started.alibaba-us-east-1-alibaba-gzip-512-512-168: 2500/2500 tasks started.azure-germanywestcentral-azure-gzip-512-512-666: 1832/2500 tasks started.
[2025-12-04T05:59:42Z] [[36minfo[0m] [progress_update] aws-us-east-1-aws-gzip-512-512-542: 2500/2500 tasks started.alibaba-us-east-1-alibaba-gzip-512-512-168: 2500/2500 tasks started.azure-germanywestcentral-azure-gzip-512-512-666: 1837/2500 tasks started.gcp-us-east1-gcp-gzip-512-512-463: 2500/2500 tasks started.
[2025-12-04T05:59:52Z] [[36minfo[0m] [progress_update] aws-us-east-1-aws-gzip-512-512-542: 2500/2500 tasks started.alibaba-us-east-1-alibaba-gzip-512-512-168: 2500/2500 tasks started.azure-germanywestcentral-azure-gzip-512-512-666: 1837/2500 tasks started.gcp-us-east1-gcp-gzip-512-512-463: 2500/2500 tasks started.
[2025-12-04T06:00:02Z] [[36minfo[0m] [progress_update] azure-germanywestcentral-azure-gzip-512-512-666: 1857/2500 tasks started.gcp-us-east1-gcp-gzip-512-512-463: 2500/2500 tasks started.aws-us-east-1-aws-gzip-512-512-542: 2500/2500 tasks started.alibaba-us-east-1-alibaba-gzip-512-512-168: 2500/2500 tasks started.
[2025-12-04T06:00:12Z] [[36minfo[0m] [progress_update] gcp-us-east1-gcp-gzip-512-512-463: 2500/2500 tasks started.aws-us-east-1-aws-gzip-512-512-542: 2500/2500 tasks started.alibaba-us-east-1-alibaba-gzip-512-512-168: 2500/2500 tasks started.azure-germanywestcentral-azure-gzip-512-512-666: 1929/2500 tasks started.
[2025-12-04T06:00:22Z] [[36minfo[0m] [progress_update] aws-us-east-1-aws-gzip-512-512-542: 2500/2500 tasks started.alibaba-us-east-1-alibaba-gzip-512-512-168: 2500/2500 tasks started.azure-germanywestcentral-azure-gzip-512-512-666: 2210/2500 tasks started.gcp-us-east1-gcp-gzip-512-512-463: 2500/2500 tasks started.
[2025-12-04T06:00:32Z] [[36minfo[0m] [progress_update] aws-us-east-1-aws-gzip-512-512-542: 2500/2500 tasks started.alibaba-us-east-1-alibaba-gzip-512-512-168: 2500/2500 tasks started.azure-germanywestcentral-azure-gzip-512-512-666: 2390/2500 tasks started.gcp-us-east1-gcp-gzip-512-512-463: 2500/2500 tasks started.
[2025-12-04T06:00:42Z] [[36minfo[0m] [function_finished] Finished benchmarking function alibaba-gzip-512 and closed archiver
[2025-12-04T06:00:42Z] [[36minfo[0m] [progress_update] aws-us-east-1-aws-gzip-512-512-542: 2500/2500 tasks started.alibaba-us-east-1-alibaba-gzip-512-512-168: 2500/2500 tasks started.azure-germanywestcentral-azure-gzip-512-512-666: 2500/2500 tasks started.gcp-us-east1-gcp-gzip-512-512-463: 2500/2500 tasks started.
[2025-12-04T06:00:52Z] [[36minfo[0m] [progress_update] aws-us-east-1-aws-gzip-512-512-542: 2500/2500 tasks started.alibaba-us-east-1-alibaba-gzip-512-512-168: 2500/2500 tasks started.azure-germanywestcentral-azure-gzip-512-512-666: 2500/2500 tasks started.gcp-us-east1-gcp-gzip-512-512-463: 2500/2500 tasks started.
[2025-12-04T06:01:02Z] [[36minfo[0m] [progress_update] aws-us-east-1-aws-gzip-512-512-542: 2500/2500 tasks started.alibaba-us-east-1-alibaba-gzip-512-512-168: 2500/2500 tasks started.azure-germanywestcentral-azure-gzip-512-512-666: 2500/2500 tasks started.gcp-us-east1-gcp-gzip-512-512-463: 2500/2500 tasks started.
[2025-12-04T06:01:12Z] [[36minfo[0m] [progress_update] aws-us-east-1-aws-gzip-512-512-542: 2500/2500 tasks started.alibaba-us-east-1-alibaba-gzip-512-512-168: 2500/2500 tasks started.azure-germanywestcentral-azure-gzip-512-512-666: 2500/2500 tasks started.gcp-us-east1-gcp-gzip-512-512-463: 2500/2500 tasks started.
[2025-12-04T06:01:22Z] [[36minfo[0m] [progress_update] gcp-us-east1-gcp-gzip-512-512-463: 2500/2500 tasks started.aws-us-east-1-aws-gzip-512-512-542: 2500/2500 tasks started.alibaba-us-east-1-alibaba-gzip-512-512-168: 2500/2500 tasks started.azure-germanywestcentral-azure-gzip-512-512-666: 2500/2500 tasks started.
[2025-12-04T06:01:32Z] [[36minfo[0m] [progress_update] aws-us-east-1-aws-gzip-512-512-542: 2500/2500 tasks started.alibaba-us-east-1-alibaba-gzip-512-512-168: 2500/2500 tasks started.azure-germanywestcentral-azure-gzip-512-512-666: 2500/2500 tasks started.gcp-us-east1-gcp-gzip-512-512-463: 2500/2500 tasks started.
[2025-12-04T06:01:42Z] [[36minfo[0m] [progress_update] aws-us-east-1-aws-gzip-512-512-542: 2500/2500 tasks started.alibaba-us-east-1-alibaba-gzip-512-512-168: 2500/2500 tasks started.azure-germanywestcentral-azure-gzip-512-512-666: 2500/2500 tasks started.gcp-us-east1-gcp-gzip-512-512-463: 2500/2500 tasks started.
[2025-12-04T06:01:52Z] [[36minfo[0m] [progress_update] aws-us-east-1-aws-gzip-512-512-542: 2500/2500 tasks started.alibaba-us-east-1-alibaba-gzip-512-512-168: 2500/2500 tasks started.azure-germanywestcentral-azure-gzip-512-512-666: 2500/2500 tasks started.gcp-us-east1-gcp-gzip-512-512-463: 2500/2500 tasks started.
[2025-12-04T06:02:02Z] [[36minfo[0m] [progress_update] aws-us-east-1-aws-gzip-512-512-542: 2500/2500 tasks started.alibaba-us-east-1-alibaba-gzip-512-512-168: 2500/2500 tasks started.azure-germanywestcentral-azure-gzip-512-512-666: 2500/2500 tasks started.gcp-us-east1-gcp-gzip-512-512-463: 2500/2500 tasks started.
[2025-12-04T06:02:12Z] [[36minfo[0m] [progress_update] aws-us-east-1-aws-gzip-512-512-542: 2500/2500 tasks started.alibaba-us-east-1-alibaba-gzip-512-512-168: 2500/2500 tasks started.azure-germanywestcentral-azure-gzip-512-512-666: 2500/2500 tasks started.gcp-us-east1-gcp-gzip-512-512-463: 2500/2500 tasks started.
[2025-12-04T06:02:22Z] [[36minfo[0m] [progress_update] aws-us-east-1-aws-gzip-512-512-542: 2500/2500 tasks started.alibaba-us-east-1-alibaba-gzip-512-512-168: 2500/2500 tasks started.azure-germanywestcentral-azure-gzip-512-512-666: 2500/2500 tasks started.gcp-us-east1-gcp-gzip-512-512-463: 2500/2500 tasks started.
[2025-12-04T06:02:32Z] [[36minfo[0m] [progress_update] aws-us-east-1-aws-gzip-512-512-542: 2500/2500 tasks started.alibaba-us-east-1-alibaba-gzip-512-512-168: 2500/2500 tasks started.azure-germanywestcentral-azure-gzip-512-512-666: 2500/2500 tasks started.gcp-us-east1-gcp-gzip-512-512-463: 2500/2500 tasks started.
[2025-12-04T06:02:42Z] [[36minfo[0m] [progress_update] aws-us-east-1-aws-gzip-512-512-542: 2500/2500 tasks started.alibaba-us-east-1-alibaba-gzip-512-512-168: 2500/2500 tasks started.azure-germanywestcentral-azure-gzip-512-512-666: 2500/2500 tasks started.gcp-us-east1-gcp-gzip-512-512-463: 2500/2500 tasks started.
[2025-12-04T06:02:46Z] [[31merror[0m] [task_execution] Error executing task azure-gzip-512: task azure-gzip-512 failed after 7 retries: <nil>
[2025-12-04T06:02:46Z] [[31merror[0m] [task_execution] Error executing task azure-gzip-512: task azure-gzip-512 failed after 7 retries: <nil>
[2025-12-04T06:02:46Z] [[31merror[0m] [task_execution] Error executing task azure-gzip-512: task azure-gzip-512 failed after 7 retries: <nil>
[2025-12-04T06:02:46Z] [[31merror[0m] [task_execution] Error executing task azure-gzip-512: task azure-gzip-512 failed after 7 retries: <nil>
[2025-12-04T06:02:46Z] [[31merror[0m] [task_execution] Error executing task azure-gzip-512: task azure-gzip-512 failed after 7 retries: <nil>
[2025-12-04T06:02:46Z] [[31merror[0m] [task_execution] Error executing task azure-gzip-512: task azure-gzip-512 failed after 7 retries: <nil>
[2025-12-04T06:02:46Z] [[31merror[0m] [task_execution] Error executing task azure-gzip-512: task azure-gzip-512 failed after 7 retries: <nil>
[2025-12-04T06:02:46Z] [[31merror[0m] [task_execution] Error executing task azure-gzip-512: task azure-gzip-512 failed after 7 retries: <nil>
[2025-12-04T06:02:46Z] [[31merror[0m] [task_execution] Error executing task azure-gzip-512: task azure-gzip-512 failed after 7 retries: <nil>
[2025-12-04T06:02:46Z] [[31merror[0m] [task_execution] Error executing task azure-gzip-512: task azure-gzip-512 failed after 7 retries: <nil>
[2025-12-04T06:02:46Z] [[31merror[0m] [task_execution] Error executing task azure-gzip-512: task azure-gzip-512 failed after 7 retries: <nil>
[2025-12-04T06:02:46Z] [[31merror[0m] [task_execution] Error executing task azure-gzip-512: task azure-gzip-512 failed after 7 retries: <nil>
[2025-12-04T06:02:46Z] [[31merror[0m] [task_execution] Error executing task azure-gzip-512: task azure-gzip-512 failed after 7 retries: <nil>
[2025-12-04T06:02:46Z] [[31merror[0m] [task_execution] Error executing task azure-gzip-512: task azure-gzip-512 failed after 7 retries: <nil>
[2025-12-04T06:02:46Z] [[31merror[0m] [task_execution] Error executing task azure-gzip-512: task azure-gzip-512 failed after 7 retries: <nil>
[2025-12-04T06:02:46Z] [[31merror[0m] [task_execution] Error executing task azure-gzip-512: task azure-gzip-512 failed after 7 retries: <nil>
[2025-12-04T06:02:46Z] [[31merror[0m] [task_execution] Error executing task azure-gzip-512: task azure-gzip-512 failed after 7 retries: <nil>
[2025-12-04T06:02:46Z] [[31merror[0m] [task_execution] Error executing task azure-gzip-512: task azure-gzip-512 failed after 7 retries: <nil>
[2025-12-04T06:02:46Z] [[31merror[0m] [task_execution] Error executing task azure-gzip-512: task azure-gzip-512 failed after 7 retries: <nil>
[2025-12-04T06:02:46Z] [[31merror[0m] [task_execution] Error executing task azure-gzip-512: task azure-gzip-512 failed after 7 retries: <nil>
[2025-12-04T06:02:46Z] [[31merror[0m] [task_execution] Error executing task azure-gzip-512: task azure-gzip-512 failed after 7 retries: <nil>
[2025-12-04T06:02:46Z] [[31merror[0m] [task_execution] Error executing task azure-gzip-512: task azure-gzip-512 failed after 7 retries: <nil>
[2025-12-04T06:02:46Z] [[31merror[0m] [task_execution] Error executing task azure-gzip-512: task azure-gzip-512 failed after 7 retries: <nil>
[2025-12-04T06:02:46Z] [[31merror[0m] [task_execution] Error executing task azure-gzip-512: task azure-gzip-512 failed after 7 retries: <nil>
[2025-12-04T06:02:46Z] [[31merror[0m] [task_execution] Error executing task azure-gzip-512: task azure-gzip-512 failed after 7 retries: <nil>
[2025-12-04T06:02:46Z] [[31merror[0m] [task_execution] Error executing task azure-gzip-512: task azure-gzip-512 failed after 7 retries: <nil>
[2025-12-04T06:02:46Z] [[31merror[0m] [task_execution] Error executing task azure-gzip-512: task azure-gzip-512 failed after 7 retries: <nil>
[2025-12-04T06:02:46Z] [[31merror[0m] [task_execution] Error executing task azure-gzip-512: task azure-gzip-512 failed after 7 retries: <nil>
[2025-12-04T06:02:46Z] [[31merror[0m] [task_execution] Error executing task azure-gzip-512: task azure-gzip-512 failed after 7 retries: <nil>
[2025-12-04T06:02:46Z] [[31merror[0m] [task_execution] Error executing task azure-gzip-512: task azure-gzip-512 failed after 7 retries: <nil>
[2025-12-04T06:02:46Z] [[31merror[0m] [task_execution] Error executing task azure-gzip-512: task azure-gzip-512 failed after 7 retries: <nil>
[2025-12-04T06:02:46Z] [[31merror[0m] [task_execution] Error executing task azure-gzip-512: task azure-gzip-512 failed after 7 retries: <nil>
[2025-12-04T06:02:46Z] [[31merror[0m] [task_execution] Error executing task azure-gzip-512: task azure-gzip-512 failed after 7 retries: <nil>
[2025-12-04T06:02:46Z] [[31merror[0m] [task_execution] Error executing task azure-gzip-512: task azure-gzip-512 failed after 7 retries: <nil>
[2025-12-04T06:02:46Z] [[31merror[0m] [task_execution] Error executing task azure-gzip-512: task azure-gzip-512 failed after 7 retries: <nil>
[2025-12-04T06:02:46Z] [[31merror[0m] [task_execution] Error executing task azure-gzip-512: task azure-gzip-512 failed after 7 retries: <nil>
[2025-12-04T06:02:46Z] [[31merror[0m] [task_execution] Error executing task azure-gzip-512: task azure-gzip-512 failed after 7 retries: <nil>
[2025-12-04T06:02:46Z] [[31merror[0m] [task_execution] Error executing task azure-gzip-512: task azure-gzip-512 failed after 7 retries: <nil>
[2025-12-04T06:02:46Z] [[31merror[0m] [task_execution] Error executing task azure-gzip-512: task azure-gzip-512 failed after 7 retries: <nil>
[2025-12-04T06:02:46Z] [[31merror[0m] [task_execution] Error executing task azure-gzip-512: task azure-gzip-512 failed after 7 retries: <nil>
[2025-12-04T06:02:46Z] [[31merror[0m] [task_execution] Error executing task azure-gzip-512: task azure-gzip-512 failed after 7 retries: <nil>
[2025-12-04T06:02:46Z] [[31merror[0m] [task_execution] Error executing task azure-gzip-512: task azure-gzip-512 failed after 7 retries: <nil>
[2025-12-04T06:02:46Z] [[31merror[0m] [task_execution] Error executing task azure-gzip-512: task azure-gzip-512 failed after 7 retries: <nil>
[2025-12-04T06:02:46Z] [[31merror[0m] [task_execution] Error executing task azure-gzip-512: task azure-gzip-512 failed after 7 retries: <nil>
[2025-12-04T06:02:46Z] [[31merror[0m] [task_execution] Error executing task azure-gzip-512: task azure-gzip-512 failed after 7 retries: <nil>
[2025-12-04T06:02:46Z] [[31merror[0m] [task_execution] Error executing task azure-gzip-512: task azure-gzip-512 failed after 7 retries: <nil>
[2025-12-04T06:02:46Z] [[31merror[0m] [task_execution] Error executing task azure-gzip-512: task azure-gzip-512 failed after 7 retries: <nil>
[2025-12-04T06:02:46Z] [[31merror[0m] [task_execution] Error executing task azure-gzip-512: task azure-gzip-512 failed after 7 retries: <nil>
[2025-12-04T06:02:46Z] [[31merror[0m] [task_execution] Error executing task azure-gzip-512: task azure-gzip-512 failed after 7 retries: <nil>
[2025-12-04T06:02:46Z] [[31merror[0m] [task_execution] Error executing task azure-gzip-512: task azure-gzip-512 failed after 7 retries: <nil>
[2025-12-04T06:02:46Z] [[31merror[0m] [task_execution] Error executing task azure-gzip-512: task azure-gzip-512 failed after 7 retries: <nil>
[2025-12-04T06:02:46Z] [[31merror[0m] [task_execution] Error executing task azure-gzip-512: task azure-gzip-512 failed after 7 retries: <nil>
[2025-12-04T06:02:46Z] [[31merror[0m] [task_execution] Error executing task azure-gzip-512: task azure-gzip-512 failed after 7 retries: <nil>
[2025-12-04T06:02:46Z] [[31merror[0m] [task_execution] Error executing task azure-gzip-512: task azure-gzip-512 failed after 7 retries: <nil>
[2025-12-04T06:02:46Z] [[31merror[0m] [task_execution] Error executing task azure-gzip-512: task azure-gzip-512 failed after 7 retries: <nil>
[2025-12-04T06:02:46Z] [[31merror[0m] [task_execution] Error executing task azure-gzip-512: task azure-gzip-512 failed after 7 retries: <nil>
[2025-12-04T06:02:46Z] [[31merror[0m] [task_execution] Error executing task azure-gzip-512: task azure-gzip-512 failed after 7 retries: <nil>
[2025-12-04T06:02:46Z] [[31merror[0m] [task_execution] Error executing task azure-gzip-512: task azure-gzip-512 failed after 7 retries: <nil>
[2025-12-04T06:02:46Z] [[31merror[0m] [task_execution] Error executing task azure-gzip-512: task azure-gzip-512 failed after 7 retries: <nil>
[2025-12-04T06:02:46Z] [[31merror[0m] [task_execution] Error executing task azure-gzip-512: task azure-gzip-512 failed after 7 retries: <nil>
[2025-12-04T06:02:46Z] [[31merror[0m] [task_execution] Error executing task azure-gzip-512: task azure-gzip-512 failed after 7 retries: <nil>
[2025-12-04T06:02:46Z] [[31merror[0m] [task_execution] Error executing task azure-gzip-512: task azure-gzip-512 failed after 7 retries: <nil>
[2025-12-04T06:02:46Z] [[31merror[0m] [task_execution] Error executing task azure-gzip-512: task azure-gzip-512 failed after 7 retries: <nil>
[2025-12-04T06:02:46Z] [[31merror[0m] [task_execution] Error executing task azure-gzip-512: task azure-gzip-512 failed after 7 retries: <nil>
[2025-12-04T06:02:46Z] [[31merror[0m] [task_execution] Error executing task azure-gzip-512: task azure-gzip-512 failed after 7 retries: <nil>
[2025-12-04T06:02:46Z] [[31merror[0m] [task_execution] Error executing task azure-gzip-512: task azure-gzip-512 failed after 7 retries: <nil>
[2025-12-04T06:02:46Z] [[31merror[0m] [task_execution] Error executing task azure-gzip-512: task azure-gzip-512 failed after 7 retries: <nil>
[2025-12-04T06:02:46Z] [[31merror[0m] [task_execution] Error executing task azure-gzip-512: task azure-gzip-512 failed after 7 retries: <nil>
[2025-12-04T06:02:52Z] [[36minfo[0m] [progress_update] gcp-us-east1-gcp-gzip-512-512-463: 2500/2500 tasks started.aws-us-east-1-aws-gzip-512-512-542: 2500/2500 tasks started.alibaba-us-east-1-alibaba-gzip-512-512-168: 2500/2500 tasks started.azure-germanywestcentral-azure-gzip-512-512-666: 2500/2500 tasks started.
[2025-12-04T06:03:01Z] [[31merror[0m] [task_execution] Error executing task azure-gzip-512: task azure-gzip-512 failed after 7 retries: <nil>
[2025-12-04T06:03:02Z] [[31merror[0m] [task_execution] Error executing task azure-gzip-512: task azure-gzip-512 failed after 7 retries: <nil>
[2025-12-04T06:03:02Z] [[31merror[0m] [task_execution] Error executing task azure-gzip-512: task azure-gzip-512 failed after 7 retries: <nil>
[2025-12-04T06:03:02Z] [[31merror[0m] [task_execution] Error executing task azure-gzip-512: task azure-gzip-512 failed after 7 retries: <nil>
[2025-12-04T06:03:02Z] [[31merror[0m] [task_execution] Error executing task azure-gzip-512: task azure-gzip-512 failed after 7 retries: <nil>
[2025-12-04T06:03:02Z] [[31merror[0m] [task_execution] Error executing task azure-gzip-512: task azure-gzip-512 failed after 7 retries: <nil>
[2025-12-04T06:03:02Z] [[31merror[0m] [task_execution] Error executing task azure-gzip-512: task azure-gzip-512 failed after 7 retries: <nil>
[2025-12-04T06:03:02Z] [[31merror[0m] [task_execution] Error executing task azure-gzip-512: task azure-gzip-512 failed after 7 retries: <nil>
[2025-12-04T06:03:02Z] [[31merror[0m] [task_execution] Error executing task azure-gzip-512: task azure-gzip-512 failed after 7 retries: <nil>
[2025-12-04T06:03:02Z] [[31merror[0m] [task_execution] Error executing task azure-gzip-512: task azure-gzip-512 failed after 7 retries: <nil>
[2025-12-04T06:03:02Z] [[31merror[0m] [task_execution] Error executing task azure-gzip-512: task azure-gzip-512 failed after 7 retries: <nil>
[2025-12-04T06:03:02Z] [[31merror[0m] [task_execution] Error executing task azure-gzip-512: task azure-gzip-512 failed after 7 retries: <nil>
[2025-12-04T06:03:02Z] [[31merror[0m] [task_execution] Error executing task azure-gzip-512: task azure-gzip-512 failed after 7 retries: <nil>
[2025-12-04T06:03:02Z] [[31merror[0m] [task_execution] Error executing task azure-gzip-512: task azure-gzip-512 failed after 7 retries: <nil>
[2025-12-04T06:03:02Z] [[31merror[0m] [task_execution] Error executing task azure-gzip-512: task azure-gzip-512 failed after 7 retries: <nil>
[2025-12-04T06:03:02Z] [[31merror[0m] [task_execution] Error executing task azure-gzip-512: task azure-gzip-512 failed after 7 retries: <nil>
[2025-12-04T06:03:02Z] [[31merror[0m] [task_execution] Error executing task azure-gzip-512: task azure-gzip-512 failed after 7 retries: <nil>
[2025-12-04T06:03:02Z] [[31merror[0m] [task_execution] Error executing task azure-gzip-512: task azure-gzip-512 failed after 7 retries: <nil>
[2025-12-04T06:03:02Z] [[36minfo[0m] [progress_update] aws-us-east-1-aws-gzip-512-512-542: 2500/2500 tasks started.alibaba-us-east-1-alibaba-gzip-512-512-168: 2500/2500 tasks started.azure-germanywestcentral-azure-gzip-512-512-666: 2500/2500 tasks started.gcp-us-east1-gcp-gzip-512-512-463: 2500/2500 tasks started.
[2025-12-04T06:03:12Z] [[36minfo[0m] [progress_update] alibaba-us-east-1-alibaba-gzip-512-512-168: 2500/2500 tasks started.azure-germanywestcentral-azure-gzip-512-512-666: 2500/2500 tasks started.gcp-us-east1-gcp-gzip-512-512-463: 2500/2500 tasks started.aws-us-east-1-aws-gzip-512-512-542: 2500/2500 tasks started.
[2025-12-04T06:03:17Z] [[31merror[0m] [task_execution] Error executing task azure-gzip-512: task azure-gzip-512 failed after 7 retries: <nil>
[2025-12-04T06:03:17Z] [[31merror[0m] [task_execution] Error executing task azure-gzip-512: task azure-gzip-512 failed after 7 retries: <nil>
[2025-12-04T06:03:17Z] [[31merror[0m] [task_execution] Error executing task azure-gzip-512: task azure-gzip-512 failed after 7 retries: <nil>
[2025-12-04T06:03:17Z] [[31merror[0m] [task_execution] Error executing task azure-gzip-512: task azure-gzip-512 failed after 7 retries: <nil>
[2025-12-04T06:03:17Z] [[31merror[0m] [task_execution] Error executing task azure-gzip-512: task azure-gzip-512 failed after 7 retries: <nil>
[2025-12-04T06:03:17Z] [[31merror[0m] [task_execution] Error executing task azure-gzip-512: task azure-gzip-512 failed after 7 retries: <nil>
[2025-12-04T06:03:17Z] [[31merror[0m] [task_execution] Error executing task azure-gzip-512: task azure-gzip-512 failed after 7 retries: <nil>
[2025-12-04T06:03:17Z] [[31merror[0m] [task_execution] Error executing task azure-gzip-512: task azure-gzip-512 failed after 7 retries: <nil>
[2025-12-04T06:03:17Z] [[31merror[0m] [task_execution] Error executing task azure-gzip-512: task azure-gzip-512 failed after 7 retries: <nil>
[2025-12-04T06:03:17Z] [[31merror[0m] [task_execution] Error executing task azure-gzip-512: task azure-gzip-512 failed after 7 retries: <nil>
[2025-12-04T06:03:17Z] [[31merror[0m] [task_execution] Error executing task azure-gzip-512: task azure-gzip-512 failed after 7 retries: <nil>
[2025-12-04T06:03:17Z] [[31merror[0m] [task_execution] Error executing task azure-gzip-512: task azure-gzip-512 failed after 7 retries: <nil>
[2025-12-04T06:03:17Z] [[31merror[0m] [task_execution] Error executing task azure-gzip-512: task azure-gzip-512 failed after 7 retries: <nil>
[2025-12-04T06:03:17Z] [[31merror[0m] [task_execution] Error executing task azure-gzip-512: task azure-gzip-512 failed after 7 retries: <nil>
[2025-12-04T06:03:17Z] [[31merror[0m] [task_execution] Error executing task azure-gzip-512: task azure-gzip-512 failed after 7 retries: <nil>
[2025-12-04T06:03:17Z] [[31merror[0m] [task_execution] Error executing task azure-gzip-512: task azure-gzip-512 failed after 7 retries: <nil>
[2025-12-04T06:03:17Z] [[31merror[0m] [task_execution] Error executing task azure-gzip-512: task azure-gzip-512 failed after 7 retries: <nil>
[2025-12-04T06:03:17Z] [[31merror[0m] [task_execution] Error executing task azure-gzip-512: task azure-gzip-512 failed after 7 retries: <nil>
[2025-12-04T06:03:17Z] [[31merror[0m] [task_execution] Error executing task azure-gzip-512: task azure-gzip-512 failed after 7 retries: <nil>
[2025-12-04T06:03:17Z] [[31merror[0m] [task_execution] Error executing task azure-gzip-512: task azure-gzip-512 failed after 7 retries: <nil>
[2025-12-04T06:03:17Z] [[31merror[0m] [task_execution] Error executing task azure-gzip-512: task azure-gzip-512 failed after 7 retries: <nil>
[2025-12-04T06:03:17Z] [[31merror[0m] [task_execution] Error executing task azure-gzip-512: task azure-gzip-512 failed after 7 retries: <nil>
[2025-12-04T06:03:17Z] [[31merror[0m] [task_execution] Error executing task azure-gzip-512: task azure-gzip-512 failed after 7 retries: <nil>
[2025-12-04T06:03:17Z] [[31merror[0m] [task_execution] Error executing task azure-gzip-512: task azure-gzip-512 failed after 7 retries: <nil>
[2025-12-04T06:03:17Z] [[31merror[0m] [task_execution] Error executing task azure-gzip-512: task azure-gzip-512 failed after 7 retries: <nil>
[2025-12-04T06:03:17Z] [[31merror[0m] [task_execution] Error executing task azure-gzip-512: task azure-gzip-512 failed after 7 retries: <nil>
[2025-12-04T06:03:18Z] [[31merror[0m] [task_execution] Error executing task azure-gzip-512: task azure-gzip-512 failed after 7 retries: <nil>
[2025-12-04T06:03:18Z] [[31merror[0m] [task_execution] Error executing task azure-gzip-512: task azure-gzip-512 failed after 7 retries: <nil>
[2025-12-04T06:03:18Z] [[31merror[0m] [task_execution] Error executing task azure-gzip-512: task azure-gzip-512 failed after 7 retries: <nil>
[2025-12-04T06:03:18Z] [[31merror[0m] [task_execution] Error executing task azure-gzip-512: task azure-gzip-512 failed after 7 retries: <nil>
[2025-12-04T06:03:18Z] [[31merror[0m] [task_execution] Error executing task azure-gzip-512: task azure-gzip-512 failed after 7 retries: <nil>
[2025-12-04T06:03:18Z] [[31merror[0m] [task_execution] Error executing task azure-gzip-512: task azure-gzip-512 failed after 7 retries: <nil>
[2025-12-04T06:03:18Z] [[31merror[0m] [task_execution] Error executing task azure-gzip-512: task azure-gzip-512 failed after 7 retries: <nil>
[2025-12-04T06:03:18Z] [[31merror[0m] [task_execution] Error executing task azure-gzip-512: task azure-gzip-512 failed after 7 retries: <nil>
[2025-12-04T06:03:18Z] [[31merror[0m] [task_execution] Error executing task azure-gzip-512: task azure-gzip-512 failed after 7 retries: <nil>
[2025-12-04T06:03:18Z] [[31merror[0m] [task_execution] Error executing task azure-gzip-512: task azure-gzip-512 failed after 7 retries: <nil>
[2025-12-04T06:03:19Z] [[31merror[0m] [task_execution] Error executing task azure-gzip-512: task azure-gzip-512 failed after 7 retries: <nil>
[2025-12-04T06:03:19Z] [[31merror[0m] [task_execution] Error executing task azure-gzip-512: task azure-gzip-512 failed after 7 retries: <nil>
[2025-12-04T06:03:19Z] [[31merror[0m] [task_execution] Error executing task azure-gzip-512: task azure-gzip-512 failed after 7 retries: <nil>
[2025-12-04T06:03:19Z] [[31merror[0m] [task_execution] Error executing task azure-gzip-512: task azure-gzip-512 failed after 7 retries: <nil>
[2025-12-04T06:03:19Z] [[31merror[0m] [task_execution] Error executing task azure-gzip-512: task azure-gzip-512 failed after 7 retries: <nil>
[2025-12-04T06:03:20Z] [[31merror[0m] [task_execution] Error executing task azure-gzip-512: task azure-gzip-512 failed after 7 retries: <nil>
[2025-12-04T06:03:20Z] [[31merror[0m] [task_execution] Error executing task azure-gzip-512: task azure-gzip-512 failed after 7 retries: <nil>
[2025-12-04T06:03:20Z] [[31merror[0m] [task_execution] Error executing task azure-gzip-512: task azure-gzip-512 failed after 7 retries: <nil>
[2025-12-04T06:03:20Z] [[31merror[0m] [task_execution] Error executing task azure-gzip-512: task azure-gzip-512 failed after 7 retries: <nil>
[2025-12-04T06:03:22Z] [[31merror[0m] [task_execution] Error executing task azure-gzip-512: task azure-gzip-512 failed after 7 retries: <nil>
[2025-12-04T06:03:22Z] [[31merror[0m] [task_execution] Error executing task azure-gzip-512: task azure-gzip-512 failed after 7 retries: <nil>
[2025-12-04T06:03:22Z] [[36minfo[0m] [progress_update] gcp-us-east1-gcp-gzip-512-512-463: 2500/2500 tasks started.aws-us-east-1-aws-gzip-512-512-542: 2500/2500 tasks started.alibaba-us-east-1-alibaba-gzip-512-512-168: 2500/2500 tasks started.azure-germanywestcentral-azure-gzip-512-512-666: 2500/2500 tasks started.
[2025-12-04T06:03:24Z] [[31merror[0m] [task_execution] Error executing task azure-gzip-512: task azure-gzip-512 failed after 7 retries: <nil>
[2025-12-04T06:03:24Z] [[31merror[0m] [task_execution] Error executing task azure-gzip-512: task azure-gzip-512 failed after 7 retries: <nil>
[2025-12-04T06:03:24Z] [[31merror[0m] [task_execution] Error executing task azure-gzip-512: task azure-gzip-512 failed after 7 retries: <nil>
[2025-12-04T06:03:24Z] [[31merror[0m] [task_execution] Error executing task azure-gzip-512: task azure-gzip-512 failed after 7 retries: <nil>
[2025-12-04T06:03:24Z] [[31merror[0m] [task_execution] Error executing task azure-gzip-512: task azure-gzip-512 failed after 7 retries: <nil>
[2025-12-04T06:03:25Z] [[31merror[0m] [task_execution] Error executing task azure-gzip-512: task azure-gzip-512 failed after 7 retries: <nil>
[2025-12-04T06:03:25Z] [[31merror[0m] [task_execution] Error executing task azure-gzip-512: task azure-gzip-512 failed after 7 retries: <nil>
[2025-12-04T06:03:25Z] [[31merror[0m] [task_execution] Error executing task azure-gzip-512: task azure-gzip-512 failed after 7 retries: <nil>
[2025-12-04T06:03:26Z] [[31merror[0m] [task_execution] Error executing task azure-gzip-512: task azure-gzip-512 failed after 7 retries: <nil>
[2025-12-04T06:03:27Z] [[31merror[0m] [task_execution] Error executing task azure-gzip-512: task azure-gzip-512 failed after 7 retries: <nil>
[2025-12-04T06:03:27Z] [[31merror[0m] [task_execution] Error executing task azure-gzip-512: task azure-gzip-512 failed after 7 retries: <nil>
[2025-12-04T06:03:28Z] [[31merror[0m] [task_execution] Error executing task azure-gzip-512: task azure-gzip-512 failed after 7 retries: <nil>
[2025-12-04T06:03:28Z] [[31merror[0m] [task_execution] Error executing task azure-gzip-512: task azure-gzip-512 failed after 7 retries: <nil>
[2025-12-04T06:03:28Z] [[31merror[0m] [task_execution] Error executing task azure-gzip-512: task azure-gzip-512 failed after 7 retries: <nil>
[2025-12-04T06:03:28Z] [[31merror[0m] [task_execution] Error executing task azure-gzip-512: task azure-gzip-512 failed after 7 retries: <nil>
[2025-12-04T06:03:28Z] [[31merror[0m] [task_execution] Error executing task azure-gzip-512: task azure-gzip-512 failed after 7 retries: <nil>
[2025-12-04T06:03:29Z] [[31merror[0m] [task_execution] Error executing task azure-gzip-512: task azure-gzip-512 failed after 7 retries: <nil>
[2025-12-04T06:03:29Z] [[31merror[0m] [task_execution] Error executing task azure-gzip-512: task azure-gzip-512 failed after 7 retries: <nil>
[2025-12-04T06:03:32Z] [[36minfo[0m] [progress_update] aws-us-east-1-aws-gzip-512-512-542: 2500/2500 tasks started.alibaba-us-east-1-alibaba-gzip-512-512-168: 2500/2500 tasks started.azure-germanywestcentral-azure-gzip-512-512-666: 2500/2500 tasks started.gcp-us-east1-gcp-gzip-512-512-463: 2500/2500 tasks started.
[2025-12-04T06:03:39Z] [[31merror[0m] [task_execution] Error executing task azure-gzip-512: task azure-gzip-512 failed after 7 retries: <nil>
[2025-12-04T06:03:41Z] [[31merror[0m] [task_execution] Error executing task azure-gzip-512: task azure-gzip-512 failed after 7 retries: <nil>
[2025-12-04T06:03:42Z] [[36minfo[0m] [progress_update] aws-us-east-1-aws-gzip-512-512-542: 2500/2500 tasks started.alibaba-us-east-1-alibaba-gzip-512-512-168: 2500/2500 tasks started.azure-germanywestcentral-azure-gzip-512-512-666: 2500/2500 tasks started.gcp-us-east1-gcp-gzip-512-512-463: 2500/2500 tasks started.
[2025-12-04T06:03:43Z] [[31merror[0m] [task_execution] Error executing task azure-gzip-512: task azure-gzip-512 failed after 7 retries: <nil>
[2025-12-04T06:03:45Z] [[31merror[0m] [task_execution] Error executing task azure-gzip-512: task azure-gzip-512 failed after 7 retries: <nil>
[2025-12-04T06:03:48Z] [[31merror[0m] [task_execution] Error executing task azure-gzip-512: task azure-gzip-512 failed after 7 retries: <nil>
[2025-12-04T06:03:48Z] [[31merror[0m] [task_execution] Error executing task azure-gzip-512: task azure-gzip-512 failed after 7 retries: <nil>
[2025-12-04T06:03:48Z] [[31merror[0m] [task_execution] Error executing task azure-gzip-512: task azure-gzip-512 failed after 7 retries: <nil>
[2025-12-04T06:03:48Z] [[31merror[0m] [task_execution] Error executing task azure-gzip-512: task azure-gzip-512 failed after 7 retries: <nil>
[2025-12-04T06:03:49Z] [[31merror[0m] [task_execution] Error executing task azure-gzip-512: task azure-gzip-512 failed after 7 retries: <nil>
[2025-12-04T06:03:49Z] [[31merror[0m] [task_execution] Error executing task azure-gzip-512: task azure-gzip-512 failed after 7 retries: <nil>
[2025-12-04T06:03:50Z] [[31merror[0m] [task_execution] Error executing task azure-gzip-512: task azure-gzip-512 failed after 7 retries: <nil>
[2025-12-04T06:03:51Z] [[31merror[0m] [task_execution] Error executing task azure-gzip-512: task azure-gzip-512 failed after 7 retries: <nil>
[2025-12-04T06:03:52Z] [[36minfo[0m] [progress_update] aws-us-east-1-aws-gzip-512-512-542: 2500/2500 tasks started.alibaba-us-east-1-alibaba-gzip-512-512-168: 2500/2500 tasks started.azure-germanywestcentral-azure-gzip-512-512-666: 2500/2500 tasks started.gcp-us-east1-gcp-gzip-512-512-463: 2500/2500 tasks started.
[2025-12-04T06:03:56Z] [[36minfo[0m] [function_finished] Finished benchmarking function azure-gzip-512 and closed archiver
[2025-12-04T06:03:58Z] [[36minfo[0m] [finish_timeline] Benchmark Timeline
[Thu Dec  4 06:03:58 UTC 2025] Finished benchmark 'gzip' successfully
