[Sat Nov 29 10:54:13 UTC 2025] Starting benchmark 'gzip' with config './configs/gzip.yaml'
Validating functions...
[2025-11-29T10:54:13Z] [[36minfo[0m] [executor_setup] Setting up executor for aws-us-east-1-aws-gzip-512-512-862
[2025-11-29T10:54:13Z] [[36minfo[0m] [executor_setup] Setting up executor for alibaba-us-east-1-alibaba-gzip-512-512-420
[2025-11-29T10:54:13Z] [[36minfo[0m] [executor_setup] Setting up executor for azure-germanywestcentral-azure-gzip-512-512-229
[2025-11-29T10:54:13Z] [[0mwarning[0m] [[32mazure_limitations[0m] Azure can´t handle more than 300 parallel requests. Limiting to 300.
[2025-11-29T10:54:13Z] [[36minfo[0m] [executor_setup] Setting up executor for gcp-us-east1-gcp-gzip-512-512-988
[2025-11-29T10:54:13Z] [[36minfo[0m] [start_timeline] Benchmark Timeline
[2025-11-29T10:54:13Z] [[36minfo[0m] [load_generator_start] (gcp: us-east1) Starting load generator with 300 workers
[2025-11-29T10:54:13Z] [[36minfo[0m] [load_generator_start] (alibaba: us-east-1) Starting load generator with 500 workers
[2025-11-29T10:54:13Z] [[36minfo[0m] [load_generator_start] (azure: germanywestcentral) Starting load generator with 300 workers
[2025-11-29T10:54:13Z] [[36minfo[0m] [load_generator_start] (aws: us-east-1) Starting load generator with 500 workers
[2025-11-29T10:54:23Z] [[36minfo[0m] [progress_update] aws-us-east-1-aws-gzip-512-512-862: 1834/2500 tasks started.alibaba-us-east-1-alibaba-gzip-512-512-420: 1967/2500 tasks started.azure-germanywestcentral-azure-gzip-512-512-229: 686/2500 tasks started.gcp-us-east1-gcp-gzip-512-512-988: 1250/2500 tasks started.
[2025-11-29T10:54:33Z] [[36minfo[0m] [progress_update] aws-us-east-1-aws-gzip-512-512-862: 2500/2500 tasks started.alibaba-us-east-1-alibaba-gzip-512-512-420: 2500/2500 tasks started.azure-germanywestcentral-azure-gzip-512-512-229: 701/2500 tasks started.gcp-us-east1-gcp-gzip-512-512-988: 2367/2500 tasks started.
[2025-11-29T10:54:42Z] [[36minfo[0m] [function_finished] Finished benchmarking function aws-gzip-512 and closed archiver
[2025-11-29T10:54:43Z] [[36minfo[0m] [progress_update] aws-us-east-1-aws-gzip-512-512-862: 2500/2500 tasks started.alibaba-us-east-1-alibaba-gzip-512-512-420: 2500/2500 tasks started.azure-germanywestcentral-azure-gzip-512-512-229: 1358/2500 tasks started.gcp-us-east1-gcp-gzip-512-512-988: 2500/2500 tasks started.
[2025-11-29T10:54:52Z] [[36minfo[0m] [function_finished] Finished benchmarking function gcp-gzip-512 and closed archiver
[2025-11-29T10:54:53Z] [[36minfo[0m] [progress_update] aws-us-east-1-aws-gzip-512-512-862: 2500/2500 tasks started.alibaba-us-east-1-alibaba-gzip-512-512-420: 2500/2500 tasks started.azure-germanywestcentral-azure-gzip-512-512-229: 1946/2500 tasks started.gcp-us-east1-gcp-gzip-512-512-988: 2500/2500 tasks started.
[2025-11-29T10:55:03Z] [[36minfo[0m] [progress_update] aws-us-east-1-aws-gzip-512-512-862: 2500/2500 tasks started.alibaba-us-east-1-alibaba-gzip-512-512-420: 2500/2500 tasks started.azure-germanywestcentral-azure-gzip-512-512-229: 2436/2500 tasks started.gcp-us-east1-gcp-gzip-512-512-988: 2500/2500 tasks started.
[2025-11-29T10:55:13Z] [[36minfo[0m] [progress_update] azure-germanywestcentral-azure-gzip-512-512-229: 2450/2500 tasks started.gcp-us-east1-gcp-gzip-512-512-988: 2500/2500 tasks started.aws-us-east-1-aws-gzip-512-512-862: 2500/2500 tasks started.alibaba-us-east-1-alibaba-gzip-512-512-420: 2500/2500 tasks started.
[2025-11-29T10:55:23Z] [[36minfo[0m] [progress_update] aws-us-east-1-aws-gzip-512-512-862: 2500/2500 tasks started.alibaba-us-east-1-alibaba-gzip-512-512-420: 2500/2500 tasks started.azure-germanywestcentral-azure-gzip-512-512-229: 2465/2500 tasks started.gcp-us-east1-gcp-gzip-512-512-988: 2500/2500 tasks started.
[2025-11-29T10:55:33Z] [[36minfo[0m] [progress_update] azure-germanywestcentral-azure-gzip-512-512-229: 2475/2500 tasks started.gcp-us-east1-gcp-gzip-512-512-988: 2500/2500 tasks started.aws-us-east-1-aws-gzip-512-512-862: 2500/2500 tasks started.alibaba-us-east-1-alibaba-gzip-512-512-420: 2500/2500 tasks started.
[2025-11-29T10:55:34Z] [[36minfo[0m] [function_finished] Finished benchmarking function alibaba-gzip-512 and closed archiver
[2025-11-29T10:55:43Z] [[36minfo[0m] [progress_update] aws-us-east-1-aws-gzip-512-512-862: 2500/2500 tasks started.alibaba-us-east-1-alibaba-gzip-512-512-420: 2500/2500 tasks started.azure-germanywestcentral-azure-gzip-512-512-229: 2480/2500 tasks started.gcp-us-east1-gcp-gzip-512-512-988: 2500/2500 tasks started.
[2025-11-29T10:55:53Z] [[36minfo[0m] [progress_update] gcp-us-east1-gcp-gzip-512-512-988: 2500/2500 tasks started.aws-us-east-1-aws-gzip-512-512-862: 2500/2500 tasks started.alibaba-us-east-1-alibaba-gzip-512-512-420: 2500/2500 tasks started.azure-germanywestcentral-azure-gzip-512-512-229: 2500/2500 tasks started.
[2025-11-29T10:56:03Z] [[36minfo[0m] [progress_update] aws-us-east-1-aws-gzip-512-512-862: 2500/2500 tasks started.alibaba-us-east-1-alibaba-gzip-512-512-420: 2500/2500 tasks started.azure-germanywestcentral-azure-gzip-512-512-229: 2500/2500 tasks started.gcp-us-east1-gcp-gzip-512-512-988: 2500/2500 tasks started.
[2025-11-29T10:56:13Z] [[36minfo[0m] [progress_update] alibaba-us-east-1-alibaba-gzip-512-512-420: 2500/2500 tasks started.azure-germanywestcentral-azure-gzip-512-512-229: 2500/2500 tasks started.gcp-us-east1-gcp-gzip-512-512-988: 2500/2500 tasks started.aws-us-east-1-aws-gzip-512-512-862: 2500/2500 tasks started.
[2025-11-29T10:56:23Z] [[36minfo[0m] [progress_update] azure-germanywestcentral-azure-gzip-512-512-229: 2500/2500 tasks started.gcp-us-east1-gcp-gzip-512-512-988: 2500/2500 tasks started.aws-us-east-1-aws-gzip-512-512-862: 2500/2500 tasks started.alibaba-us-east-1-alibaba-gzip-512-512-420: 2500/2500 tasks started.
[2025-11-29T10:56:33Z] [[36minfo[0m] [progress_update] alibaba-us-east-1-alibaba-gzip-512-512-420: 2500/2500 tasks started.azure-germanywestcentral-azure-gzip-512-512-229: 2500/2500 tasks started.gcp-us-east1-gcp-gzip-512-512-988: 2500/2500 tasks started.aws-us-east-1-aws-gzip-512-512-862: 2500/2500 tasks started.
[2025-11-29T10:56:43Z] [[36minfo[0m] [progress_update] gcp-us-east1-gcp-gzip-512-512-988: 2500/2500 tasks started.aws-us-east-1-aws-gzip-512-512-862: 2500/2500 tasks started.alibaba-us-east-1-alibaba-gzip-512-512-420: 2500/2500 tasks started.azure-germanywestcentral-azure-gzip-512-512-229: 2500/2500 tasks started.
[2025-11-29T10:56:53Z] [[36minfo[0m] [progress_update] azure-germanywestcentral-azure-gzip-512-512-229: 2500/2500 tasks started.gcp-us-east1-gcp-gzip-512-512-988: 2500/2500 tasks started.aws-us-east-1-aws-gzip-512-512-862: 2500/2500 tasks started.alibaba-us-east-1-alibaba-gzip-512-512-420: 2500/2500 tasks started.
[2025-11-29T10:57:03Z] [[36minfo[0m] [progress_update] aws-us-east-1-aws-gzip-512-512-862: 2500/2500 tasks started.alibaba-us-east-1-alibaba-gzip-512-512-420: 2500/2500 tasks started.azure-germanywestcentral-azure-gzip-512-512-229: 2500/2500 tasks started.gcp-us-east1-gcp-gzip-512-512-988: 2500/2500 tasks started.
[2025-11-29T10:57:13Z] [[36minfo[0m] [progress_update] aws-us-east-1-aws-gzip-512-512-862: 2500/2500 tasks started.alibaba-us-east-1-alibaba-gzip-512-512-420: 2500/2500 tasks started.azure-germanywestcentral-azure-gzip-512-512-229: 2500/2500 tasks started.gcp-us-east1-gcp-gzip-512-512-988: 2500/2500 tasks started.
[2025-11-29T10:57:23Z] [[36minfo[0m] [progress_update] aws-us-east-1-aws-gzip-512-512-862: 2500/2500 tasks started.alibaba-us-east-1-alibaba-gzip-512-512-420: 2500/2500 tasks started.azure-germanywestcentral-azure-gzip-512-512-229: 2500/2500 tasks started.gcp-us-east1-gcp-gzip-512-512-988: 2500/2500 tasks started.
[2025-11-29T10:57:33Z] [[36minfo[0m] [progress_update] aws-us-east-1-aws-gzip-512-512-862: 2500/2500 tasks started.alibaba-us-east-1-alibaba-gzip-512-512-420: 2500/2500 tasks started.azure-germanywestcentral-azure-gzip-512-512-229: 2500/2500 tasks started.gcp-us-east1-gcp-gzip-512-512-988: 2500/2500 tasks started.
[2025-11-29T10:57:43Z] [[36minfo[0m] [progress_update] aws-us-east-1-aws-gzip-512-512-862: 2500/2500 tasks started.alibaba-us-east-1-alibaba-gzip-512-512-420: 2500/2500 tasks started.azure-germanywestcentral-azure-gzip-512-512-229: 2500/2500 tasks started.gcp-us-east1-gcp-gzip-512-512-988: 2500/2500 tasks started.
[2025-11-29T10:57:53Z] [[36minfo[0m] [progress_update] aws-us-east-1-aws-gzip-512-512-862: 2500/2500 tasks started.alibaba-us-east-1-alibaba-gzip-512-512-420: 2500/2500 tasks started.azure-germanywestcentral-azure-gzip-512-512-229: 2500/2500 tasks started.gcp-us-east1-gcp-gzip-512-512-988: 2500/2500 tasks started.
[2025-11-29T10:58:03Z] [[36minfo[0m] [progress_update] gcp-us-east1-gcp-gzip-512-512-988: 2500/2500 tasks started.aws-us-east-1-aws-gzip-512-512-862: 2500/2500 tasks started.alibaba-us-east-1-alibaba-gzip-512-512-420: 2500/2500 tasks started.azure-germanywestcentral-azure-gzip-512-512-229: 2500/2500 tasks started.
[2025-11-29T10:58:13Z] [[36minfo[0m] [progress_update] gcp-us-east1-gcp-gzip-512-512-988: 2500/2500 tasks started.aws-us-east-1-aws-gzip-512-512-862: 2500/2500 tasks started.alibaba-us-east-1-alibaba-gzip-512-512-420: 2500/2500 tasks started.azure-germanywestcentral-azure-gzip-512-512-229: 2500/2500 tasks started.
[2025-11-29T10:58:23Z] [[36minfo[0m] [progress_update] aws-us-east-1-aws-gzip-512-512-862: 2500/2500 tasks started.alibaba-us-east-1-alibaba-gzip-512-512-420: 2500/2500 tasks started.azure-germanywestcentral-azure-gzip-512-512-229: 2500/2500 tasks started.gcp-us-east1-gcp-gzip-512-512-988: 2500/2500 tasks started.
[2025-11-29T10:58:33Z] [[36minfo[0m] [progress_update] aws-us-east-1-aws-gzip-512-512-862: 2500/2500 tasks started.alibaba-us-east-1-alibaba-gzip-512-512-420: 2500/2500 tasks started.azure-germanywestcentral-azure-gzip-512-512-229: 2500/2500 tasks started.gcp-us-east1-gcp-gzip-512-512-988: 2500/2500 tasks started.
[2025-11-29T10:58:43Z] [[36minfo[0m] [progress_update] alibaba-us-east-1-alibaba-gzip-512-512-420: 2500/2500 tasks started.azure-germanywestcentral-azure-gzip-512-512-229: 2500/2500 tasks started.gcp-us-east1-gcp-gzip-512-512-988: 2500/2500 tasks started.aws-us-east-1-aws-gzip-512-512-862: 2500/2500 tasks started.
[2025-11-29T10:58:50Z] [[31merror[0m] [task_execution] Error executing task azure-gzip-512: task azure-gzip-512 failed after 7 retries: <nil>
[2025-11-29T10:58:50Z] [[31merror[0m] [task_execution] Error executing task azure-gzip-512: task azure-gzip-512 failed after 7 retries: <nil>
[2025-11-29T10:58:50Z] [[31merror[0m] [task_execution] Error executing task azure-gzip-512: task azure-gzip-512 failed after 7 retries: <nil>
[2025-11-29T10:58:51Z] [[31merror[0m] [task_execution] Error executing task azure-gzip-512: task azure-gzip-512 failed after 7 retries: <nil>
[2025-11-29T10:58:51Z] [[31merror[0m] [task_execution] Error executing task azure-gzip-512: task azure-gzip-512 failed after 7 retries: <nil>
[2025-11-29T10:58:52Z] [[31merror[0m] [task_execution] Error executing task azure-gzip-512: task azure-gzip-512 failed after 7 retries: <nil>
[2025-11-29T10:58:52Z] [[31merror[0m] [task_execution] Error executing task azure-gzip-512: task azure-gzip-512 failed after 7 retries: <nil>
[2025-11-29T10:58:52Z] [[31merror[0m] [task_execution] Error executing task azure-gzip-512: task azure-gzip-512 failed after 7 retries: <nil>
[2025-11-29T10:58:52Z] [[31merror[0m] [task_execution] Error executing task azure-gzip-512: task azure-gzip-512 failed after 7 retries: <nil>
[2025-11-29T10:58:52Z] [[31merror[0m] [task_execution] Error executing task azure-gzip-512: task azure-gzip-512 failed after 7 retries: <nil>
[2025-11-29T10:58:52Z] [[31merror[0m] [task_execution] Error executing task azure-gzip-512: task azure-gzip-512 failed after 7 retries: <nil>
[2025-11-29T10:58:52Z] [[31merror[0m] [task_execution] Error executing task azure-gzip-512: task azure-gzip-512 failed after 7 retries: <nil>
[2025-11-29T10:58:53Z] [[36minfo[0m] [progress_update] alibaba-us-east-1-alibaba-gzip-512-512-420: 2500/2500 tasks started.azure-germanywestcentral-azure-gzip-512-512-229: 2500/2500 tasks started.gcp-us-east1-gcp-gzip-512-512-988: 2500/2500 tasks started.aws-us-east-1-aws-gzip-512-512-862: 2500/2500 tasks started.
[2025-11-29T10:59:03Z] [[36minfo[0m] [progress_update] aws-us-east-1-aws-gzip-512-512-862: 2500/2500 tasks started.alibaba-us-east-1-alibaba-gzip-512-512-420: 2500/2500 tasks started.azure-germanywestcentral-azure-gzip-512-512-229: 2500/2500 tasks started.gcp-us-east1-gcp-gzip-512-512-988: 2500/2500 tasks started.
[2025-11-29T10:59:13Z] [[36minfo[0m] [progress_update] gcp-us-east1-gcp-gzip-512-512-988: 2500/2500 tasks started.aws-us-east-1-aws-gzip-512-512-862: 2500/2500 tasks started.alibaba-us-east-1-alibaba-gzip-512-512-420: 2500/2500 tasks started.azure-germanywestcentral-azure-gzip-512-512-229: 2500/2500 tasks started.
[2025-11-29T10:59:15Z] [[31merror[0m] [task_execution] Error executing task azure-gzip-512: task azure-gzip-512 failed after 7 retries: <nil>
[2025-11-29T10:59:15Z] [[31merror[0m] [task_execution] Error executing task azure-gzip-512: task azure-gzip-512 failed after 7 retries: <nil>
[2025-11-29T10:59:16Z] [[31merror[0m] [task_execution] Error executing task azure-gzip-512: task azure-gzip-512 failed after 7 retries: <nil>
[2025-11-29T10:59:21Z] [[36minfo[0m] [function_finished] Finished benchmarking function azure-gzip-512 and closed archiver
[2025-11-29T10:59:23Z] [[36minfo[0m] [progress_update] aws-us-east-1-aws-gzip-512-512-862: 2500/2500 tasks started.alibaba-us-east-1-alibaba-gzip-512-512-420: 2500/2500 tasks started.azure-germanywestcentral-azure-gzip-512-512-229: 2500/2500 tasks started.gcp-us-east1-gcp-gzip-512-512-988: 2500/2500 tasks started.
[2025-11-29T10:59:23Z] [[36minfo[0m] [finish_timeline] Benchmark Timeline
[Sat Nov 29 10:59:23 UTC 2025] Finished benchmark 'gzip' successfully
[Sat Nov 29 10:59:23 UTC 2025] Sleeping 600 seconds before next workload...
