[Wed Dec  3 11:45:32 UTC 2025] Starting benchmark 'sha256' with config './configs/sha256.yaml'
Validating functions...
[2025-12-03T11:45:32Z] [[36minfo[0m] [executor_setup] Setting up executor for aws-us-east-1-aws-sha256-512-512-749
[2025-12-03T11:45:32Z] [[36minfo[0m] [executor_setup] Setting up executor for alibaba-us-east-1-alibaba-sha256-512-512-998
[2025-12-03T11:45:32Z] [[36minfo[0m] [executor_setup] Setting up executor for azure-germanywestcentral-azure-sha256-512-512-790
[2025-12-03T11:45:32Z] [[0mwarning[0m] [[32mazure_limitations[0m] Azure can´t handle more than 300 parallel requests. Limiting to 300.
[2025-12-03T11:45:33Z] [[36minfo[0m] [executor_setup] Setting up executor for gcp-us-east1-gcp-sha256-512-512-3
[2025-12-03T11:45:33Z] [[36minfo[0m] [start_timeline] Benchmark Timeline
[2025-12-03T11:45:33Z] [[36minfo[0m] [load_generator_start] (azure: germanywestcentral) Starting load generator with 300 workers
[2025-12-03T11:45:33Z] [[36minfo[0m] [load_generator_start] (gcp: us-east1) Starting load generator with 300 workers
[2025-12-03T11:45:33Z] [[36minfo[0m] [load_generator_start] (aws: us-east-1) Starting load generator with 500 workers
[2025-12-03T11:45:33Z] [[36minfo[0m] [load_generator_start] (alibaba: us-east-1) Starting load generator with 500 workers
[2025-12-03T11:45:43Z] [[36minfo[0m] [progress_update] alibaba-us-east-1-alibaba-sha256-512-512-998: 1432/2500 tasks started.azure-germanywestcentral-azure-sha256-512-512-790: 654/2500 tasks started.gcp-us-east1-gcp-sha256-512-512-3: 1631/2500 tasks started.aws-us-east-1-aws-sha256-512-512-749: 1693/2500 tasks started.
[2025-12-03T11:45:53Z] [[36minfo[0m] [progress_update] alibaba-us-east-1-alibaba-sha256-512-512-998: 2500/2500 tasks started.azure-germanywestcentral-azure-sha256-512-512-790: 741/2500 tasks started.gcp-us-east1-gcp-sha256-512-512-3: 2500/2500 tasks started.aws-us-east-1-aws-sha256-512-512-749: 2500/2500 tasks started.
[2025-12-03T11:46:00Z] [[36minfo[0m] [function_finished] Finished benchmarking function aws-sha256-512 and closed archiver
[2025-12-03T11:46:03Z] [[36minfo[0m] [progress_update] aws-us-east-1-aws-sha256-512-512-749: 2500/2500 tasks started.alibaba-us-east-1-alibaba-sha256-512-512-998: 2500/2500 tasks started.azure-germanywestcentral-azure-sha256-512-512-790: 1530/2500 tasks started.gcp-us-east1-gcp-sha256-512-512-3: 2500/2500 tasks started.
[2025-12-03T11:46:11Z] [[36minfo[0m] [function_finished] Finished benchmarking function gcp-sha256-512 and closed archiver
[2025-12-03T11:46:13Z] [[36minfo[0m] [progress_update] alibaba-us-east-1-alibaba-sha256-512-512-998: 2500/2500 tasks started.azure-germanywestcentral-azure-sha256-512-512-790: 2089/2500 tasks started.gcp-us-east1-gcp-sha256-512-512-3: 2500/2500 tasks started.aws-us-east-1-aws-sha256-512-512-749: 2500/2500 tasks started.
[2025-12-03T11:46:23Z] [[36minfo[0m] [progress_update] alibaba-us-east-1-alibaba-sha256-512-512-998: 2500/2500 tasks started.azure-germanywestcentral-azure-sha256-512-512-790: 2194/2500 tasks started.gcp-us-east1-gcp-sha256-512-512-3: 2500/2500 tasks started.aws-us-east-1-aws-sha256-512-512-749: 2500/2500 tasks started.
[2025-12-03T11:46:33Z] [[36minfo[0m] [progress_update] aws-us-east-1-aws-sha256-512-512-749: 2500/2500 tasks started.alibaba-us-east-1-alibaba-sha256-512-512-998: 2500/2500 tasks started.azure-germanywestcentral-azure-sha256-512-512-790: 2237/2500 tasks started.gcp-us-east1-gcp-sha256-512-512-3: 2500/2500 tasks started.
[2025-12-03T11:46:43Z] [[36minfo[0m] [progress_update] aws-us-east-1-aws-sha256-512-512-749: 2500/2500 tasks started.alibaba-us-east-1-alibaba-sha256-512-512-998: 2500/2500 tasks started.azure-germanywestcentral-azure-sha256-512-512-790: 2408/2500 tasks started.gcp-us-east1-gcp-sha256-512-512-3: 2500/2500 tasks started.
[2025-12-03T11:46:53Z] [[36minfo[0m] [progress_update] aws-us-east-1-aws-sha256-512-512-749: 2500/2500 tasks started.alibaba-us-east-1-alibaba-sha256-512-512-998: 2500/2500 tasks started.azure-germanywestcentral-azure-sha256-512-512-790: 2471/2500 tasks started.gcp-us-east1-gcp-sha256-512-512-3: 2500/2500 tasks started.
[2025-12-03T11:47:03Z] [[36minfo[0m] [progress_update] gcp-us-east1-gcp-sha256-512-512-3: 2500/2500 tasks started.aws-us-east-1-aws-sha256-512-512-749: 2500/2500 tasks started.alibaba-us-east-1-alibaba-sha256-512-512-998: 2500/2500 tasks started.azure-germanywestcentral-azure-sha256-512-512-790: 2487/2500 tasks started.
[2025-12-03T11:47:13Z] [[36minfo[0m] [progress_update] gcp-us-east1-gcp-sha256-512-512-3: 2500/2500 tasks started.aws-us-east-1-aws-sha256-512-512-749: 2500/2500 tasks started.alibaba-us-east-1-alibaba-sha256-512-512-998: 2500/2500 tasks started.azure-germanywestcentral-azure-sha256-512-512-790: 2489/2500 tasks started.
[2025-12-03T11:47:23Z] [[36minfo[0m] [progress_update] aws-us-east-1-aws-sha256-512-512-749: 2500/2500 tasks started.alibaba-us-east-1-alibaba-sha256-512-512-998: 2500/2500 tasks started.azure-germanywestcentral-azure-sha256-512-512-790: 2500/2500 tasks started.gcp-us-east1-gcp-sha256-512-512-3: 2500/2500 tasks started.
[2025-12-03T11:47:33Z] [[36minfo[0m] [progress_update] aws-us-east-1-aws-sha256-512-512-749: 2500/2500 tasks started.alibaba-us-east-1-alibaba-sha256-512-512-998: 2500/2500 tasks started.azure-germanywestcentral-azure-sha256-512-512-790: 2500/2500 tasks started.gcp-us-east1-gcp-sha256-512-512-3: 2500/2500 tasks started.
[2025-12-03T11:47:43Z] [[36minfo[0m] [progress_update] aws-us-east-1-aws-sha256-512-512-749: 2500/2500 tasks started.alibaba-us-east-1-alibaba-sha256-512-512-998: 2500/2500 tasks started.azure-germanywestcentral-azure-sha256-512-512-790: 2500/2500 tasks started.gcp-us-east1-gcp-sha256-512-512-3: 2500/2500 tasks started.
[2025-12-03T11:47:53Z] [[36minfo[0m] [progress_update] aws-us-east-1-aws-sha256-512-512-749: 2500/2500 tasks started.alibaba-us-east-1-alibaba-sha256-512-512-998: 2500/2500 tasks started.azure-germanywestcentral-azure-sha256-512-512-790: 2500/2500 tasks started.gcp-us-east1-gcp-sha256-512-512-3: 2500/2500 tasks started.
[2025-12-03T11:47:54Z] [[36minfo[0m] [function_finished] Finished benchmarking function alibaba-sha256-512 and closed archiver
[2025-12-03T11:48:03Z] [[36minfo[0m] [progress_update] gcp-us-east1-gcp-sha256-512-512-3: 2500/2500 tasks started.aws-us-east-1-aws-sha256-512-512-749: 2500/2500 tasks started.alibaba-us-east-1-alibaba-sha256-512-512-998: 2500/2500 tasks started.azure-germanywestcentral-azure-sha256-512-512-790: 2500/2500 tasks started.
[2025-12-03T11:48:13Z] [[36minfo[0m] [progress_update] alibaba-us-east-1-alibaba-sha256-512-512-998: 2500/2500 tasks started.azure-germanywestcentral-azure-sha256-512-512-790: 2500/2500 tasks started.gcp-us-east1-gcp-sha256-512-512-3: 2500/2500 tasks started.aws-us-east-1-aws-sha256-512-512-749: 2500/2500 tasks started.
[2025-12-03T11:48:23Z] [[36minfo[0m] [progress_update] aws-us-east-1-aws-sha256-512-512-749: 2500/2500 tasks started.alibaba-us-east-1-alibaba-sha256-512-512-998: 2500/2500 tasks started.azure-germanywestcentral-azure-sha256-512-512-790: 2500/2500 tasks started.gcp-us-east1-gcp-sha256-512-512-3: 2500/2500 tasks started.
[2025-12-03T11:48:33Z] [[36minfo[0m] [progress_update] gcp-us-east1-gcp-sha256-512-512-3: 2500/2500 tasks started.aws-us-east-1-aws-sha256-512-512-749: 2500/2500 tasks started.alibaba-us-east-1-alibaba-sha256-512-512-998: 2500/2500 tasks started.azure-germanywestcentral-azure-sha256-512-512-790: 2500/2500 tasks started.
[2025-12-03T11:48:43Z] [[36minfo[0m] [progress_update] gcp-us-east1-gcp-sha256-512-512-3: 2500/2500 tasks started.aws-us-east-1-aws-sha256-512-512-749: 2500/2500 tasks started.alibaba-us-east-1-alibaba-sha256-512-512-998: 2500/2500 tasks started.azure-germanywestcentral-azure-sha256-512-512-790: 2500/2500 tasks started.
[2025-12-03T11:48:53Z] [[36minfo[0m] [progress_update] aws-us-east-1-aws-sha256-512-512-749: 2500/2500 tasks started.alibaba-us-east-1-alibaba-sha256-512-512-998: 2500/2500 tasks started.azure-germanywestcentral-azure-sha256-512-512-790: 2500/2500 tasks started.gcp-us-east1-gcp-sha256-512-512-3: 2500/2500 tasks started.
[2025-12-03T11:49:03Z] [[36minfo[0m] [progress_update] azure-germanywestcentral-azure-sha256-512-512-790: 2500/2500 tasks started.gcp-us-east1-gcp-sha256-512-512-3: 2500/2500 tasks started.aws-us-east-1-aws-sha256-512-512-749: 2500/2500 tasks started.alibaba-us-east-1-alibaba-sha256-512-512-998: 2500/2500 tasks started.
[2025-12-03T11:49:13Z] [[36minfo[0m] [progress_update] aws-us-east-1-aws-sha256-512-512-749: 2500/2500 tasks started.alibaba-us-east-1-alibaba-sha256-512-512-998: 2500/2500 tasks started.azure-germanywestcentral-azure-sha256-512-512-790: 2500/2500 tasks started.gcp-us-east1-gcp-sha256-512-512-3: 2500/2500 tasks started.
[2025-12-03T11:49:23Z] [[36minfo[0m] [progress_update] aws-us-east-1-aws-sha256-512-512-749: 2500/2500 tasks started.alibaba-us-east-1-alibaba-sha256-512-512-998: 2500/2500 tasks started.azure-germanywestcentral-azure-sha256-512-512-790: 2500/2500 tasks started.gcp-us-east1-gcp-sha256-512-512-3: 2500/2500 tasks started.
[2025-12-03T11:49:33Z] [[36minfo[0m] [progress_update] aws-us-east-1-aws-sha256-512-512-749: 2500/2500 tasks started.alibaba-us-east-1-alibaba-sha256-512-512-998: 2500/2500 tasks started.azure-germanywestcentral-azure-sha256-512-512-790: 2500/2500 tasks started.gcp-us-east1-gcp-sha256-512-512-3: 2500/2500 tasks started.
[2025-12-03T11:49:43Z] [[36minfo[0m] [progress_update] aws-us-east-1-aws-sha256-512-512-749: 2500/2500 tasks started.alibaba-us-east-1-alibaba-sha256-512-512-998: 2500/2500 tasks started.azure-germanywestcentral-azure-sha256-512-512-790: 2500/2500 tasks started.gcp-us-east1-gcp-sha256-512-512-3: 2500/2500 tasks started.
[2025-12-03T11:49:53Z] [[36minfo[0m] [progress_update] aws-us-east-1-aws-sha256-512-512-749: 2500/2500 tasks started.alibaba-us-east-1-alibaba-sha256-512-512-998: 2500/2500 tasks started.azure-germanywestcentral-azure-sha256-512-512-790: 2500/2500 tasks started.gcp-us-east1-gcp-sha256-512-512-3: 2500/2500 tasks started.
[2025-12-03T11:49:53Z] [[31merror[0m] [task_execution] Error executing task azure-sha256-512: task azure-sha256-512 failed after 7 retries: <nil>
[2025-12-03T11:49:53Z] [[31merror[0m] [task_execution] Error executing task azure-sha256-512: task azure-sha256-512 failed after 7 retries: <nil>
[2025-12-03T11:49:53Z] [[31merror[0m] [task_execution] Error executing task azure-sha256-512: task azure-sha256-512 failed after 7 retries: <nil>
[2025-12-03T11:49:53Z] [[31merror[0m] [task_execution] Error executing task azure-sha256-512: task azure-sha256-512 failed after 7 retries: <nil>
[2025-12-03T11:49:53Z] [[31merror[0m] [task_execution] Error executing task azure-sha256-512: task azure-sha256-512 failed after 7 retries: <nil>
[2025-12-03T11:49:53Z] [[31merror[0m] [task_execution] Error executing task azure-sha256-512: task azure-sha256-512 failed after 7 retries: <nil>
[2025-12-03T11:49:54Z] [[31merror[0m] [task_execution] Error executing task azure-sha256-512: task azure-sha256-512 failed after 7 retries: <nil>
[2025-12-03T11:49:54Z] [[31merror[0m] [task_execution] Error executing task azure-sha256-512: task azure-sha256-512 failed after 7 retries: <nil>
[2025-12-03T11:49:54Z] [[31merror[0m] [task_execution] Error executing task azure-sha256-512: task azure-sha256-512 failed after 7 retries: <nil>
[2025-12-03T11:49:54Z] [[31merror[0m] [task_execution] Error executing task azure-sha256-512: task azure-sha256-512 failed after 7 retries: <nil>
[2025-12-03T11:50:03Z] [[36minfo[0m] [progress_update] aws-us-east-1-aws-sha256-512-512-749: 2500/2500 tasks started.alibaba-us-east-1-alibaba-sha256-512-512-998: 2500/2500 tasks started.azure-germanywestcentral-azure-sha256-512-512-790: 2500/2500 tasks started.gcp-us-east1-gcp-sha256-512-512-3: 2500/2500 tasks started.
[2025-12-03T11:50:13Z] [[36minfo[0m] [progress_update] aws-us-east-1-aws-sha256-512-512-749: 2500/2500 tasks started.alibaba-us-east-1-alibaba-sha256-512-512-998: 2500/2500 tasks started.azure-germanywestcentral-azure-sha256-512-512-790: 2500/2500 tasks started.gcp-us-east1-gcp-sha256-512-512-3: 2500/2500 tasks started.
[2025-12-03T11:50:23Z] [[36minfo[0m] [progress_update] gcp-us-east1-gcp-sha256-512-512-3: 2500/2500 tasks started.aws-us-east-1-aws-sha256-512-512-749: 2500/2500 tasks started.alibaba-us-east-1-alibaba-sha256-512-512-998: 2500/2500 tasks started.azure-germanywestcentral-azure-sha256-512-512-790: 2500/2500 tasks started.
[2025-12-03T11:50:27Z] [[31merror[0m] [task_execution] Error executing task azure-sha256-512: task azure-sha256-512 failed after 7 retries: <nil>
[2025-12-03T11:50:27Z] [[31merror[0m] [task_execution] Error executing task azure-sha256-512: task azure-sha256-512 failed after 7 retries: <nil>
[2025-12-03T11:50:27Z] [[31merror[0m] [task_execution] Error executing task azure-sha256-512: task azure-sha256-512 failed after 7 retries: <nil>
[2025-12-03T11:50:27Z] [[31merror[0m] [task_execution] Error executing task azure-sha256-512: task azure-sha256-512 failed after 7 retries: <nil>
[2025-12-03T11:50:27Z] [[31merror[0m] [task_execution] Error executing task azure-sha256-512: task azure-sha256-512 failed after 7 retries: <nil>
[2025-12-03T11:50:27Z] [[31merror[0m] [task_execution] Error executing task azure-sha256-512: task azure-sha256-512 failed after 7 retries: <nil>
[2025-12-03T11:50:27Z] [[31merror[0m] [task_execution] Error executing task azure-sha256-512: task azure-sha256-512 failed after 7 retries: <nil>
[2025-12-03T11:50:27Z] [[31merror[0m] [task_execution] Error executing task azure-sha256-512: task azure-sha256-512 failed after 7 retries: <nil>
[2025-12-03T11:50:27Z] [[31merror[0m] [task_execution] Error executing task azure-sha256-512: task azure-sha256-512 failed after 7 retries: <nil>
[2025-12-03T11:50:28Z] [[31merror[0m] [task_execution] Error executing task azure-sha256-512: task azure-sha256-512 failed after 7 retries: <nil>
[2025-12-03T11:50:28Z] [[31merror[0m] [task_execution] Error executing task azure-sha256-512: task azure-sha256-512 failed after 7 retries: <nil>
[2025-12-03T11:50:28Z] [[31merror[0m] [task_execution] Error executing task azure-sha256-512: task azure-sha256-512 failed after 7 retries: <nil>
[2025-12-03T11:50:28Z] [[31merror[0m] [task_execution] Error executing task azure-sha256-512: task azure-sha256-512 failed after 7 retries: <nil>
[2025-12-03T11:50:28Z] [[31merror[0m] [task_execution] Error executing task azure-sha256-512: task azure-sha256-512 failed after 7 retries: <nil>
[2025-12-03T11:50:28Z] [[31merror[0m] [task_execution] Error executing task azure-sha256-512: task azure-sha256-512 failed after 7 retries: <nil>
[2025-12-03T11:50:29Z] [[31merror[0m] [task_execution] Error executing task azure-sha256-512: task azure-sha256-512 failed after 7 retries: <nil>
[2025-12-03T11:50:29Z] [[31merror[0m] [task_execution] Error executing task azure-sha256-512: task azure-sha256-512 failed after 7 retries: <nil>
[2025-12-03T11:50:29Z] [[31merror[0m] [task_execution] Error executing task azure-sha256-512: task azure-sha256-512 failed after 7 retries: <nil>
[2025-12-03T11:50:33Z] [[36minfo[0m] [progress_update] aws-us-east-1-aws-sha256-512-512-749: 2500/2500 tasks started.alibaba-us-east-1-alibaba-sha256-512-512-998: 2500/2500 tasks started.azure-germanywestcentral-azure-sha256-512-512-790: 2500/2500 tasks started.gcp-us-east1-gcp-sha256-512-512-3: 2500/2500 tasks started.
[2025-12-03T11:50:43Z] [[36minfo[0m] [progress_update] azure-germanywestcentral-azure-sha256-512-512-790: 2500/2500 tasks started.gcp-us-east1-gcp-sha256-512-512-3: 2500/2500 tasks started.aws-us-east-1-aws-sha256-512-512-749: 2500/2500 tasks started.alibaba-us-east-1-alibaba-sha256-512-512-998: 2500/2500 tasks started.
[2025-12-03T11:50:53Z] [[36minfo[0m] [progress_update] alibaba-us-east-1-alibaba-sha256-512-512-998: 2500/2500 tasks started.azure-germanywestcentral-azure-sha256-512-512-790: 2500/2500 tasks started.gcp-us-east1-gcp-sha256-512-512-3: 2500/2500 tasks started.aws-us-east-1-aws-sha256-512-512-749: 2500/2500 tasks started.
[2025-12-03T11:50:56Z] [[31merror[0m] [task_execution] Error executing task azure-sha256-512: task azure-sha256-512 failed after 7 retries: <nil>
[2025-12-03T11:50:56Z] [[31merror[0m] [task_execution] Error executing task azure-sha256-512: task azure-sha256-512 failed after 7 retries: <nil>
[2025-12-03T11:50:58Z] [[31merror[0m] [task_execution] Error executing task azure-sha256-512: task azure-sha256-512 failed after 7 retries: <nil>
[2025-12-03T11:51:03Z] [[36minfo[0m] [progress_update] aws-us-east-1-aws-sha256-512-512-749: 2500/2500 tasks started.alibaba-us-east-1-alibaba-sha256-512-512-998: 2500/2500 tasks started.azure-germanywestcentral-azure-sha256-512-512-790: 2500/2500 tasks started.gcp-us-east1-gcp-sha256-512-512-3: 2500/2500 tasks started.
[2025-12-03T11:51:11Z] [[31merror[0m] [task_execution] Error executing task azure-sha256-512: task azure-sha256-512 failed after 7 retries: <nil>
[2025-12-03T11:51:13Z] [[36minfo[0m] [progress_update] aws-us-east-1-aws-sha256-512-512-749: 2500/2500 tasks started.alibaba-us-east-1-alibaba-sha256-512-512-998: 2500/2500 tasks started.azure-germanywestcentral-azure-sha256-512-512-790: 2500/2500 tasks started.gcp-us-east1-gcp-sha256-512-512-3: 2500/2500 tasks started.
[2025-12-03T11:51:16Z] [[36minfo[0m] [function_finished] Finished benchmarking function azure-sha256-512 and closed archiver
[2025-12-03T11:51:18Z] [[36minfo[0m] [finish_timeline] Benchmark Timeline
[Wed Dec  3 11:51:18 UTC 2025] Finished benchmark 'sha256' successfully
[Wed Dec  3 11:51:18 UTC 2025] Sleeping 600 seconds before next workload...
