[Wed Dec  3 05:00:01 UTC 2025] Starting benchmark 'gzip' with config './configs/gzip.yaml'
Validating functions...
[2025-12-03T05:00:01Z] [[36minfo[0m] [executor_setup] Setting up executor for aws-us-east-1-aws-gzip-512-512-558
[2025-12-03T05:00:01Z] [[36minfo[0m] [executor_setup] Setting up executor for alibaba-us-east-1-alibaba-gzip-512-512-459
[2025-12-03T05:00:01Z] [[36minfo[0m] [executor_setup] Setting up executor for azure-germanywestcentral-azure-gzip-512-512-30
[2025-12-03T05:00:01Z] [[0mwarning[0m] [[32mazure_limitations[0m] Azure can´t handle more than 300 parallel requests. Limiting to 300.
[2025-12-03T05:00:01Z] [[36minfo[0m] [executor_setup] Setting up executor for gcp-us-east1-gcp-gzip-512-512-339
[2025-12-03T05:00:01Z] [[36minfo[0m] [start_timeline] Benchmark Timeline
[2025-12-03T05:00:01Z] [[36minfo[0m] [load_generator_start] (alibaba: us-east-1) Starting load generator with 500 workers
[2025-12-03T05:00:01Z] [[36minfo[0m] [load_generator_start] (azure: germanywestcentral) Starting load generator with 300 workers
[2025-12-03T05:00:01Z] [[36minfo[0m] [load_generator_start] (gcp: us-east1) Starting load generator with 300 workers
[2025-12-03T05:00:01Z] [[36minfo[0m] [load_generator_start] (aws: us-east-1) Starting load generator with 500 workers
[2025-12-03T05:00:11Z] [[36minfo[0m] [progress_update] aws-us-east-1-aws-gzip-512-512-558: 2028/2500 tasks started.alibaba-us-east-1-alibaba-gzip-512-512-459: 1905/2500 tasks started.azure-germanywestcentral-azure-gzip-512-512-30: 604/2500 tasks started.gcp-us-east1-gcp-gzip-512-512-339: 1080/2500 tasks started.
[2025-12-03T05:00:21Z] [[36minfo[0m] [progress_update] aws-us-east-1-aws-gzip-512-512-558: 2500/2500 tasks started.alibaba-us-east-1-alibaba-gzip-512-512-459: 2500/2500 tasks started.azure-germanywestcentral-azure-gzip-512-512-30: 624/2500 tasks started.gcp-us-east1-gcp-gzip-512-512-339: 2121/2500 tasks started.
[2025-12-03T05:00:27Z] [[36minfo[0m] [function_finished] Finished benchmarking function aws-gzip-512 and closed archiver
[2025-12-03T05:00:31Z] [[36minfo[0m] [progress_update] azure-germanywestcentral-azure-gzip-512-512-30: 1035/2500 tasks started.gcp-us-east1-gcp-gzip-512-512-339: 2500/2500 tasks started.aws-us-east-1-aws-gzip-512-512-558: 2500/2500 tasks started.alibaba-us-east-1-alibaba-gzip-512-512-459: 2500/2500 tasks started.
[2025-12-03T05:00:41Z] [[36minfo[0m] [progress_update] gcp-us-east1-gcp-gzip-512-512-339: 2500/2500 tasks started.aws-us-east-1-aws-gzip-512-512-558: 2500/2500 tasks started.alibaba-us-east-1-alibaba-gzip-512-512-459: 2500/2500 tasks started.azure-germanywestcentral-azure-gzip-512-512-30: 1441/2500 tasks started.
[2025-12-03T05:00:47Z] [[36minfo[0m] [function_finished] Finished benchmarking function gcp-gzip-512 and closed archiver
[2025-12-03T05:00:51Z] [[36minfo[0m] [progress_update] aws-us-east-1-aws-gzip-512-512-558: 2500/2500 tasks started.alibaba-us-east-1-alibaba-gzip-512-512-459: 2500/2500 tasks started.azure-germanywestcentral-azure-gzip-512-512-30: 1860/2500 tasks started.gcp-us-east1-gcp-gzip-512-512-339: 2500/2500 tasks started.
[2025-12-03T05:01:01Z] [[36minfo[0m] [progress_update] aws-us-east-1-aws-gzip-512-512-558: 2500/2500 tasks started.alibaba-us-east-1-alibaba-gzip-512-512-459: 2500/2500 tasks started.azure-germanywestcentral-azure-gzip-512-512-30: 1970/2500 tasks started.gcp-us-east1-gcp-gzip-512-512-339: 2500/2500 tasks started.
[2025-12-03T05:01:11Z] [[36minfo[0m] [progress_update] azure-germanywestcentral-azure-gzip-512-512-30: 2005/2500 tasks started.gcp-us-east1-gcp-gzip-512-512-339: 2500/2500 tasks started.aws-us-east-1-aws-gzip-512-512-558: 2500/2500 tasks started.alibaba-us-east-1-alibaba-gzip-512-512-459: 2500/2500 tasks started.
[2025-12-03T05:01:20Z] [[36minfo[0m] [function_finished] Finished benchmarking function alibaba-gzip-512 and closed archiver
[2025-12-03T05:01:21Z] [[36minfo[0m] [progress_update] azure-germanywestcentral-azure-gzip-512-512-30: 2041/2500 tasks started.gcp-us-east1-gcp-gzip-512-512-339: 2500/2500 tasks started.aws-us-east-1-aws-gzip-512-512-558: 2500/2500 tasks started.alibaba-us-east-1-alibaba-gzip-512-512-459: 2500/2500 tasks started.
[2025-12-03T05:01:31Z] [[36minfo[0m] [progress_update] azure-germanywestcentral-azure-gzip-512-512-30: 2068/2500 tasks started.gcp-us-east1-gcp-gzip-512-512-339: 2500/2500 tasks started.aws-us-east-1-aws-gzip-512-512-558: 2500/2500 tasks started.alibaba-us-east-1-alibaba-gzip-512-512-459: 2500/2500 tasks started.
[2025-12-03T05:01:41Z] [[36minfo[0m] [progress_update] azure-germanywestcentral-azure-gzip-512-512-30: 2097/2500 tasks started.gcp-us-east1-gcp-gzip-512-512-339: 2500/2500 tasks started.aws-us-east-1-aws-gzip-512-512-558: 2500/2500 tasks started.alibaba-us-east-1-alibaba-gzip-512-512-459: 2500/2500 tasks started.
[2025-12-03T05:01:51Z] [[36minfo[0m] [progress_update] gcp-us-east1-gcp-gzip-512-512-339: 2500/2500 tasks started.aws-us-east-1-aws-gzip-512-512-558: 2500/2500 tasks started.alibaba-us-east-1-alibaba-gzip-512-512-459: 2500/2500 tasks started.azure-germanywestcentral-azure-gzip-512-512-30: 2133/2500 tasks started.
[2025-12-03T05:02:01Z] [[36minfo[0m] [progress_update] azure-germanywestcentral-azure-gzip-512-512-30: 2197/2500 tasks started.gcp-us-east1-gcp-gzip-512-512-339: 2500/2500 tasks started.aws-us-east-1-aws-gzip-512-512-558: 2500/2500 tasks started.alibaba-us-east-1-alibaba-gzip-512-512-459: 2500/2500 tasks started.
[2025-12-03T05:02:11Z] [[36minfo[0m] [progress_update] alibaba-us-east-1-alibaba-gzip-512-512-459: 2500/2500 tasks started.azure-germanywestcentral-azure-gzip-512-512-30: 2341/2500 tasks started.gcp-us-east1-gcp-gzip-512-512-339: 2500/2500 tasks started.aws-us-east-1-aws-gzip-512-512-558: 2500/2500 tasks started.
[2025-12-03T05:02:21Z] [[36minfo[0m] [progress_update] aws-us-east-1-aws-gzip-512-512-558: 2500/2500 tasks started.alibaba-us-east-1-alibaba-gzip-512-512-459: 2500/2500 tasks started.azure-germanywestcentral-azure-gzip-512-512-30: 2439/2500 tasks started.gcp-us-east1-gcp-gzip-512-512-339: 2500/2500 tasks started.
[2025-12-03T05:02:31Z] [[36minfo[0m] [progress_update] aws-us-east-1-aws-gzip-512-512-558: 2500/2500 tasks started.alibaba-us-east-1-alibaba-gzip-512-512-459: 2500/2500 tasks started.azure-germanywestcentral-azure-gzip-512-512-30: 2500/2500 tasks started.gcp-us-east1-gcp-gzip-512-512-339: 2500/2500 tasks started.
[2025-12-03T05:02:41Z] [[36minfo[0m] [progress_update] aws-us-east-1-aws-gzip-512-512-558: 2500/2500 tasks started.alibaba-us-east-1-alibaba-gzip-512-512-459: 2500/2500 tasks started.azure-germanywestcentral-azure-gzip-512-512-30: 2500/2500 tasks started.gcp-us-east1-gcp-gzip-512-512-339: 2500/2500 tasks started.
[2025-12-03T05:02:51Z] [[36minfo[0m] [progress_update] aws-us-east-1-aws-gzip-512-512-558: 2500/2500 tasks started.alibaba-us-east-1-alibaba-gzip-512-512-459: 2500/2500 tasks started.azure-germanywestcentral-azure-gzip-512-512-30: 2500/2500 tasks started.gcp-us-east1-gcp-gzip-512-512-339: 2500/2500 tasks started.
[2025-12-03T05:03:01Z] [[36minfo[0m] [progress_update] aws-us-east-1-aws-gzip-512-512-558: 2500/2500 tasks started.alibaba-us-east-1-alibaba-gzip-512-512-459: 2500/2500 tasks started.azure-germanywestcentral-azure-gzip-512-512-30: 2500/2500 tasks started.gcp-us-east1-gcp-gzip-512-512-339: 2500/2500 tasks started.
[2025-12-03T05:03:11Z] [[36minfo[0m] [progress_update] aws-us-east-1-aws-gzip-512-512-558: 2500/2500 tasks started.alibaba-us-east-1-alibaba-gzip-512-512-459: 2500/2500 tasks started.azure-germanywestcentral-azure-gzip-512-512-30: 2500/2500 tasks started.gcp-us-east1-gcp-gzip-512-512-339: 2500/2500 tasks started.
[2025-12-03T05:03:21Z] [[36minfo[0m] [progress_update] aws-us-east-1-aws-gzip-512-512-558: 2500/2500 tasks started.alibaba-us-east-1-alibaba-gzip-512-512-459: 2500/2500 tasks started.azure-germanywestcentral-azure-gzip-512-512-30: 2500/2500 tasks started.gcp-us-east1-gcp-gzip-512-512-339: 2500/2500 tasks started.
[2025-12-03T05:03:31Z] [[36minfo[0m] [progress_update] alibaba-us-east-1-alibaba-gzip-512-512-459: 2500/2500 tasks started.azure-germanywestcentral-azure-gzip-512-512-30: 2500/2500 tasks started.gcp-us-east1-gcp-gzip-512-512-339: 2500/2500 tasks started.aws-us-east-1-aws-gzip-512-512-558: 2500/2500 tasks started.
[2025-12-03T05:03:41Z] [[36minfo[0m] [progress_update] aws-us-east-1-aws-gzip-512-512-558: 2500/2500 tasks started.alibaba-us-east-1-alibaba-gzip-512-512-459: 2500/2500 tasks started.azure-germanywestcentral-azure-gzip-512-512-30: 2500/2500 tasks started.gcp-us-east1-gcp-gzip-512-512-339: 2500/2500 tasks started.
[2025-12-03T05:03:51Z] [[36minfo[0m] [progress_update] aws-us-east-1-aws-gzip-512-512-558: 2500/2500 tasks started.alibaba-us-east-1-alibaba-gzip-512-512-459: 2500/2500 tasks started.azure-germanywestcentral-azure-gzip-512-512-30: 2500/2500 tasks started.gcp-us-east1-gcp-gzip-512-512-339: 2500/2500 tasks started.
[2025-12-03T05:04:01Z] [[36minfo[0m] [progress_update] gcp-us-east1-gcp-gzip-512-512-339: 2500/2500 tasks started.aws-us-east-1-aws-gzip-512-512-558: 2500/2500 tasks started.alibaba-us-east-1-alibaba-gzip-512-512-459: 2500/2500 tasks started.azure-germanywestcentral-azure-gzip-512-512-30: 2500/2500 tasks started.
[2025-12-03T05:04:11Z] [[36minfo[0m] [progress_update] aws-us-east-1-aws-gzip-512-512-558: 2500/2500 tasks started.alibaba-us-east-1-alibaba-gzip-512-512-459: 2500/2500 tasks started.azure-germanywestcentral-azure-gzip-512-512-30: 2500/2500 tasks started.gcp-us-east1-gcp-gzip-512-512-339: 2500/2500 tasks started.
[2025-12-03T05:04:21Z] [[36minfo[0m] [progress_update] gcp-us-east1-gcp-gzip-512-512-339: 2500/2500 tasks started.aws-us-east-1-aws-gzip-512-512-558: 2500/2500 tasks started.alibaba-us-east-1-alibaba-gzip-512-512-459: 2500/2500 tasks started.azure-germanywestcentral-azure-gzip-512-512-30: 2500/2500 tasks started.
[2025-12-03T05:04:22Z] [[31merror[0m] [task_execution] Error executing task azure-gzip-512: task azure-gzip-512 failed after 7 retries: <nil>
[2025-12-03T05:04:24Z] [[31merror[0m] [task_execution] Error executing task azure-gzip-512: task azure-gzip-512 failed after 7 retries: <nil>
[2025-12-03T05:04:24Z] [[31merror[0m] [task_execution] Error executing task azure-gzip-512: task azure-gzip-512 failed after 7 retries: <nil>
[2025-12-03T05:04:24Z] [[31merror[0m] [task_execution] Error executing task azure-gzip-512: task azure-gzip-512 failed after 7 retries: <nil>
[2025-12-03T05:04:24Z] [[31merror[0m] [task_execution] Error executing task azure-gzip-512: task azure-gzip-512 failed after 7 retries: <nil>
[2025-12-03T05:04:24Z] [[31merror[0m] [task_execution] Error executing task azure-gzip-512: task azure-gzip-512 failed after 7 retries: <nil>
[2025-12-03T05:04:24Z] [[31merror[0m] [task_execution] Error executing task azure-gzip-512: task azure-gzip-512 failed after 7 retries: <nil>
[2025-12-03T05:04:24Z] [[31merror[0m] [task_execution] Error executing task azure-gzip-512: task azure-gzip-512 failed after 7 retries: <nil>
[2025-12-03T05:04:24Z] [[31merror[0m] [task_execution] Error executing task azure-gzip-512: task azure-gzip-512 failed after 7 retries: <nil>
[2025-12-03T05:04:24Z] [[31merror[0m] [task_execution] Error executing task azure-gzip-512: task azure-gzip-512 failed after 7 retries: <nil>
[2025-12-03T05:04:24Z] [[31merror[0m] [task_execution] Error executing task azure-gzip-512: task azure-gzip-512 failed after 7 retries: <nil>
[2025-12-03T05:04:24Z] [[31merror[0m] [task_execution] Error executing task azure-gzip-512: task azure-gzip-512 failed after 7 retries: <nil>
[2025-12-03T05:04:24Z] [[31merror[0m] [task_execution] Error executing task azure-gzip-512: task azure-gzip-512 failed after 7 retries: <nil>
[2025-12-03T05:04:24Z] [[31merror[0m] [task_execution] Error executing task azure-gzip-512: task azure-gzip-512 failed after 7 retries: <nil>
[2025-12-03T05:04:24Z] [[31merror[0m] [task_execution] Error executing task azure-gzip-512: task azure-gzip-512 failed after 7 retries: <nil>
[2025-12-03T05:04:24Z] [[31merror[0m] [task_execution] Error executing task azure-gzip-512: task azure-gzip-512 failed after 7 retries: <nil>
[2025-12-03T05:04:24Z] [[31merror[0m] [task_execution] Error executing task azure-gzip-512: task azure-gzip-512 failed after 7 retries: <nil>
[2025-12-03T05:04:24Z] [[31merror[0m] [task_execution] Error executing task azure-gzip-512: task azure-gzip-512 failed after 7 retries: <nil>
[2025-12-03T05:04:24Z] [[31merror[0m] [task_execution] Error executing task azure-gzip-512: task azure-gzip-512 failed after 7 retries: <nil>
[2025-12-03T05:04:25Z] [[31merror[0m] [task_execution] Error executing task azure-gzip-512: task azure-gzip-512 failed after 7 retries: <nil>
[2025-12-03T05:04:25Z] [[31merror[0m] [task_execution] Error executing task azure-gzip-512: task azure-gzip-512 failed after 7 retries: <nil>
[2025-12-03T05:04:25Z] [[31merror[0m] [task_execution] Error executing task azure-gzip-512: task azure-gzip-512 failed after 7 retries: <nil>
[2025-12-03T05:04:25Z] [[31merror[0m] [task_execution] Error executing task azure-gzip-512: task azure-gzip-512 failed after 7 retries: <nil>
[2025-12-03T05:04:25Z] [[31merror[0m] [task_execution] Error executing task azure-gzip-512: task azure-gzip-512 failed after 7 retries: <nil>
[2025-12-03T05:04:25Z] [[31merror[0m] [task_execution] Error executing task azure-gzip-512: task azure-gzip-512 failed after 7 retries: <nil>
[2025-12-03T05:04:25Z] [[31merror[0m] [task_execution] Error executing task azure-gzip-512: task azure-gzip-512 failed after 7 retries: <nil>
[2025-12-03T05:04:25Z] [[31merror[0m] [task_execution] Error executing task azure-gzip-512: task azure-gzip-512 failed after 7 retries: <nil>
[2025-12-03T05:04:26Z] [[31merror[0m] [task_execution] Error executing task azure-gzip-512: task azure-gzip-512 failed after 7 retries: <nil>
[2025-12-03T05:04:26Z] [[31merror[0m] [task_execution] Error executing task azure-gzip-512: task azure-gzip-512 failed after 7 retries: <nil>
[2025-12-03T05:04:31Z] [[36minfo[0m] [progress_update] aws-us-east-1-aws-gzip-512-512-558: 2500/2500 tasks started.alibaba-us-east-1-alibaba-gzip-512-512-459: 2500/2500 tasks started.azure-germanywestcentral-azure-gzip-512-512-30: 2500/2500 tasks started.gcp-us-east1-gcp-gzip-512-512-339: 2500/2500 tasks started.
[2025-12-03T05:04:32Z] [[31merror[0m] [task_execution] Error executing task azure-gzip-512: task azure-gzip-512 failed after 7 retries: <nil>
[2025-12-03T05:04:40Z] [[31merror[0m] [task_execution] Error executing task azure-gzip-512: task azure-gzip-512 failed after 7 retries: <nil>
[2025-12-03T05:04:40Z] [[31merror[0m] [task_execution] Error executing task azure-gzip-512: task azure-gzip-512 failed after 7 retries: <nil>
[2025-12-03T05:04:40Z] [[31merror[0m] [task_execution] Error executing task azure-gzip-512: task azure-gzip-512 failed after 7 retries: <nil>
[2025-12-03T05:04:40Z] [[31merror[0m] [task_execution] Error executing task azure-gzip-512: task azure-gzip-512 failed after 7 retries: <nil>
[2025-12-03T05:04:40Z] [[31merror[0m] [task_execution] Error executing task azure-gzip-512: task azure-gzip-512 failed after 7 retries: <nil>
[2025-12-03T05:04:40Z] [[31merror[0m] [task_execution] Error executing task azure-gzip-512: task azure-gzip-512 failed after 7 retries: <nil>
[2025-12-03T05:04:40Z] [[31merror[0m] [task_execution] Error executing task azure-gzip-512: task azure-gzip-512 failed after 7 retries: <nil>
[2025-12-03T05:04:40Z] [[31merror[0m] [task_execution] Error executing task azure-gzip-512: task azure-gzip-512 failed after 7 retries: <nil>
[2025-12-03T05:04:40Z] [[31merror[0m] [task_execution] Error executing task azure-gzip-512: task azure-gzip-512 failed after 7 retries: <nil>
[2025-12-03T05:04:40Z] [[31merror[0m] [task_execution] Error executing task azure-gzip-512: task azure-gzip-512 failed after 7 retries: <nil>
[2025-12-03T05:04:40Z] [[31merror[0m] [task_execution] Error executing task azure-gzip-512: task azure-gzip-512 failed after 7 retries: <nil>
[2025-12-03T05:04:40Z] [[31merror[0m] [task_execution] Error executing task azure-gzip-512: task azure-gzip-512 failed after 7 retries: <nil>
[2025-12-03T05:04:40Z] [[31merror[0m] [task_execution] Error executing task azure-gzip-512: task azure-gzip-512 failed after 7 retries: <nil>
[2025-12-03T05:04:40Z] [[31merror[0m] [task_execution] Error executing task azure-gzip-512: task azure-gzip-512 failed after 7 retries: <nil>
[2025-12-03T05:04:40Z] [[31merror[0m] [task_execution] Error executing task azure-gzip-512: task azure-gzip-512 failed after 7 retries: <nil>
[2025-12-03T05:04:40Z] [[31merror[0m] [task_execution] Error executing task azure-gzip-512: task azure-gzip-512 failed after 7 retries: <nil>
[2025-12-03T05:04:40Z] [[31merror[0m] [task_execution] Error executing task azure-gzip-512: task azure-gzip-512 failed after 7 retries: <nil>
[2025-12-03T05:04:40Z] [[31merror[0m] [task_execution] Error executing task azure-gzip-512: task azure-gzip-512 failed after 7 retries: <nil>
[2025-12-03T05:04:40Z] [[31merror[0m] [task_execution] Error executing task azure-gzip-512: task azure-gzip-512 failed after 7 retries: <nil>
[2025-12-03T05:04:40Z] [[31merror[0m] [task_execution] Error executing task azure-gzip-512: task azure-gzip-512 failed after 7 retries: <nil>
[2025-12-03T05:04:40Z] [[31merror[0m] [task_execution] Error executing task azure-gzip-512: task azure-gzip-512 failed after 7 retries: <nil>
[2025-12-03T05:04:40Z] [[31merror[0m] [task_execution] Error executing task azure-gzip-512: task azure-gzip-512 failed after 7 retries: <nil>
[2025-12-03T05:04:41Z] [[31merror[0m] [task_execution] Error executing task azure-gzip-512: task azure-gzip-512 failed after 7 retries: <nil>
[2025-12-03T05:04:41Z] [[31merror[0m] [task_execution] Error executing task azure-gzip-512: task azure-gzip-512 failed after 7 retries: <nil>
[2025-12-03T05:04:41Z] [[36minfo[0m] [progress_update] aws-us-east-1-aws-gzip-512-512-558: 2500/2500 tasks started.alibaba-us-east-1-alibaba-gzip-512-512-459: 2500/2500 tasks started.azure-germanywestcentral-azure-gzip-512-512-30: 2500/2500 tasks started.gcp-us-east1-gcp-gzip-512-512-339: 2500/2500 tasks started.
[2025-12-03T05:04:41Z] [[31merror[0m] [task_execution] Error executing task azure-gzip-512: task azure-gzip-512 failed after 7 retries: <nil>
[2025-12-03T05:04:41Z] [[31merror[0m] [task_execution] Error executing task azure-gzip-512: task azure-gzip-512 failed after 7 retries: <nil>
[2025-12-03T05:04:43Z] [[31merror[0m] [task_execution] Error executing task azure-gzip-512: task azure-gzip-512 failed after 7 retries: <nil>
[2025-12-03T05:04:44Z] [[31merror[0m] [task_execution] Error executing task azure-gzip-512: task azure-gzip-512 failed after 7 retries: <nil>
[2025-12-03T05:04:48Z] [[31merror[0m] [task_execution] Error executing task azure-gzip-512: task azure-gzip-512 failed after 7 retries: <nil>
[2025-12-03T05:04:48Z] [[31merror[0m] [task_execution] Error executing task azure-gzip-512: task azure-gzip-512 failed after 7 retries: <nil>
[2025-12-03T05:04:48Z] [[31merror[0m] [task_execution] Error executing task azure-gzip-512: task azure-gzip-512 failed after 7 retries: <nil>
[2025-12-03T05:04:48Z] [[31merror[0m] [task_execution] Error executing task azure-gzip-512: task azure-gzip-512 failed after 7 retries: <nil>
[2025-12-03T05:04:49Z] [[31merror[0m] [task_execution] Error executing task azure-gzip-512: task azure-gzip-512 failed after 7 retries: <nil>
[2025-12-03T05:04:51Z] [[36minfo[0m] [progress_update] aws-us-east-1-aws-gzip-512-512-558: 2500/2500 tasks started.alibaba-us-east-1-alibaba-gzip-512-512-459: 2500/2500 tasks started.azure-germanywestcentral-azure-gzip-512-512-30: 2500/2500 tasks started.gcp-us-east1-gcp-gzip-512-512-339: 2500/2500 tasks started.
[2025-12-03T05:04:55Z] [[31merror[0m] [task_execution] Error executing task azure-gzip-512: task azure-gzip-512 failed after 7 retries: <nil>
[2025-12-03T05:04:55Z] [[31merror[0m] [task_execution] Error executing task azure-gzip-512: task azure-gzip-512 failed after 7 retries: <nil>
[2025-12-03T05:04:55Z] [[31merror[0m] [task_execution] Error executing task azure-gzip-512: task azure-gzip-512 failed after 7 retries: <nil>
[2025-12-03T05:04:55Z] [[31merror[0m] [task_execution] Error executing task azure-gzip-512: task azure-gzip-512 failed after 7 retries: <nil>
[2025-12-03T05:04:55Z] [[31merror[0m] [task_execution] Error executing task azure-gzip-512: task azure-gzip-512 failed after 7 retries: <nil>
[2025-12-03T05:04:55Z] [[31merror[0m] [task_execution] Error executing task azure-gzip-512: task azure-gzip-512 failed after 7 retries: <nil>
[2025-12-03T05:04:55Z] [[31merror[0m] [task_execution] Error executing task azure-gzip-512: task azure-gzip-512 failed after 7 retries: <nil>
[2025-12-03T05:04:55Z] [[31merror[0m] [task_execution] Error executing task azure-gzip-512: task azure-gzip-512 failed after 7 retries: <nil>
[2025-12-03T05:04:55Z] [[31merror[0m] [task_execution] Error executing task azure-gzip-512: task azure-gzip-512 failed after 7 retries: <nil>
[2025-12-03T05:04:55Z] [[31merror[0m] [task_execution] Error executing task azure-gzip-512: task azure-gzip-512 failed after 7 retries: <nil>
[2025-12-03T05:04:55Z] [[31merror[0m] [task_execution] Error executing task azure-gzip-512: task azure-gzip-512 failed after 7 retries: <nil>
[2025-12-03T05:04:55Z] [[31merror[0m] [task_execution] Error executing task azure-gzip-512: task azure-gzip-512 failed after 7 retries: <nil>
[2025-12-03T05:04:55Z] [[31merror[0m] [task_execution] Error executing task azure-gzip-512: task azure-gzip-512 failed after 7 retries: <nil>
[2025-12-03T05:04:55Z] [[31merror[0m] [task_execution] Error executing task azure-gzip-512: task azure-gzip-512 failed after 7 retries: <nil>
[2025-12-03T05:04:55Z] [[31merror[0m] [task_execution] Error executing task azure-gzip-512: task azure-gzip-512 failed after 7 retries: <nil>
[2025-12-03T05:04:55Z] [[31merror[0m] [task_execution] Error executing task azure-gzip-512: task azure-gzip-512 failed after 7 retries: <nil>
[2025-12-03T05:04:55Z] [[31merror[0m] [task_execution] Error executing task azure-gzip-512: task azure-gzip-512 failed after 7 retries: <nil>
[2025-12-03T05:04:55Z] [[31merror[0m] [task_execution] Error executing task azure-gzip-512: task azure-gzip-512 failed after 7 retries: <nil>
[2025-12-03T05:04:55Z] [[31merror[0m] [task_execution] Error executing task azure-gzip-512: task azure-gzip-512 failed after 7 retries: <nil>
[2025-12-03T05:04:55Z] [[31merror[0m] [task_execution] Error executing task azure-gzip-512: task azure-gzip-512 failed after 7 retries: <nil>
[2025-12-03T05:04:55Z] [[31merror[0m] [task_execution] Error executing task azure-gzip-512: task azure-gzip-512 failed after 7 retries: <nil>
[2025-12-03T05:04:55Z] [[31merror[0m] [task_execution] Error executing task azure-gzip-512: task azure-gzip-512 failed after 7 retries: <nil>
[2025-12-03T05:04:55Z] [[31merror[0m] [task_execution] Error executing task azure-gzip-512: task azure-gzip-512 failed after 7 retries: <nil>
[2025-12-03T05:04:55Z] [[31merror[0m] [task_execution] Error executing task azure-gzip-512: task azure-gzip-512 failed after 7 retries: <nil>
[2025-12-03T05:04:55Z] [[31merror[0m] [task_execution] Error executing task azure-gzip-512: task azure-gzip-512 failed after 7 retries: <nil>
[2025-12-03T05:04:55Z] [[31merror[0m] [task_execution] Error executing task azure-gzip-512: task azure-gzip-512 failed after 7 retries: <nil>
[2025-12-03T05:04:55Z] [[31merror[0m] [task_execution] Error executing task azure-gzip-512: task azure-gzip-512 failed after 7 retries: <nil>
[2025-12-03T05:04:56Z] [[31merror[0m] [task_execution] Error executing task azure-gzip-512: task azure-gzip-512 failed after 7 retries: <nil>
[2025-12-03T05:04:56Z] [[31merror[0m] [task_execution] Error executing task azure-gzip-512: task azure-gzip-512 failed after 7 retries: <nil>
[2025-12-03T05:04:56Z] [[31merror[0m] [task_execution] Error executing task azure-gzip-512: task azure-gzip-512 failed after 7 retries: <nil>
[2025-12-03T05:04:56Z] [[31merror[0m] [task_execution] Error executing task azure-gzip-512: task azure-gzip-512 failed after 7 retries: <nil>
[2025-12-03T05:04:56Z] [[31merror[0m] [task_execution] Error executing task azure-gzip-512: task azure-gzip-512 failed after 7 retries: <nil>
[2025-12-03T05:04:56Z] [[31merror[0m] [task_execution] Error executing task azure-gzip-512: task azure-gzip-512 failed after 7 retries: <nil>
[2025-12-03T05:04:57Z] [[31merror[0m] [task_execution] Error executing task azure-gzip-512: task azure-gzip-512 failed after 7 retries: <nil>
[2025-12-03T05:04:58Z] [[31merror[0m] [task_execution] Error executing task azure-gzip-512: task azure-gzip-512 failed after 7 retries: <nil>
[2025-12-03T05:04:58Z] [[31merror[0m] [task_execution] Error executing task azure-gzip-512: task azure-gzip-512 failed after 7 retries: <nil>
[2025-12-03T05:04:59Z] [[31merror[0m] [task_execution] Error executing task azure-gzip-512: task azure-gzip-512 failed after 7 retries: <nil>
[2025-12-03T05:04:59Z] [[31merror[0m] [task_execution] Error executing task azure-gzip-512: task azure-gzip-512 failed after 7 retries: <nil>
[2025-12-03T05:05:00Z] [[31merror[0m] [task_execution] Error executing task azure-gzip-512: task azure-gzip-512 failed after 7 retries: <nil>
[2025-12-03T05:05:00Z] [[31merror[0m] [task_execution] Error executing task azure-gzip-512: task azure-gzip-512 failed after 7 retries: <nil>
[2025-12-03T05:05:01Z] [[31merror[0m] [task_execution] Error executing task azure-gzip-512: task azure-gzip-512 failed after 7 retries: <nil>
[2025-12-03T05:05:01Z] [[36minfo[0m] [progress_update] alibaba-us-east-1-alibaba-gzip-512-512-459: 2500/2500 tasks started.azure-germanywestcentral-azure-gzip-512-512-30: 2500/2500 tasks started.gcp-us-east1-gcp-gzip-512-512-339: 2500/2500 tasks started.aws-us-east-1-aws-gzip-512-512-558: 2500/2500 tasks started.
[2025-12-03T05:05:02Z] [[31merror[0m] [task_execution] Error executing task azure-gzip-512: task azure-gzip-512 failed after 7 retries: <nil>
[2025-12-03T05:05:02Z] [[31merror[0m] [task_execution] Error executing task azure-gzip-512: task azure-gzip-512 failed after 7 retries: <nil>
[2025-12-03T05:05:03Z] [[31merror[0m] [task_execution] Error executing task azure-gzip-512: task azure-gzip-512 failed after 7 retries: <nil>
[2025-12-03T05:05:03Z] [[31merror[0m] [task_execution] Error executing task azure-gzip-512: task azure-gzip-512 failed after 7 retries: <nil>
[2025-12-03T05:05:03Z] [[31merror[0m] [task_execution] Error executing task azure-gzip-512: task azure-gzip-512 failed after 7 retries: <nil>
[2025-12-03T05:05:03Z] [[31merror[0m] [task_execution] Error executing task azure-gzip-512: task azure-gzip-512 failed after 7 retries: <nil>
[2025-12-03T05:05:04Z] [[31merror[0m] [task_execution] Error executing task azure-gzip-512: task azure-gzip-512 failed after 7 retries: <nil>
[2025-12-03T05:05:04Z] [[31merror[0m] [task_execution] Error executing task azure-gzip-512: task azure-gzip-512 failed after 7 retries: <nil>
[2025-12-03T05:05:05Z] [[31merror[0m] [task_execution] Error executing task azure-gzip-512: task azure-gzip-512 failed after 7 retries: <nil>
[2025-12-03T05:05:05Z] [[31merror[0m] [task_execution] Error executing task azure-gzip-512: task azure-gzip-512 failed after 7 retries: <nil>
[2025-12-03T05:05:05Z] [[31merror[0m] [task_execution] Error executing task azure-gzip-512: task azure-gzip-512 failed after 7 retries: <nil>
[2025-12-03T05:05:05Z] [[31merror[0m] [task_execution] Error executing task azure-gzip-512: task azure-gzip-512 failed after 7 retries: <nil>
[2025-12-03T05:05:05Z] [[31merror[0m] [task_execution] Error executing task azure-gzip-512: task azure-gzip-512 failed after 7 retries: <nil>
[2025-12-03T05:05:05Z] [[31merror[0m] [task_execution] Error executing task azure-gzip-512: task azure-gzip-512 failed after 7 retries: <nil>
[2025-12-03T05:05:05Z] [[31merror[0m] [task_execution] Error executing task azure-gzip-512: task azure-gzip-512 failed after 7 retries: <nil>
[2025-12-03T05:05:05Z] [[31merror[0m] [task_execution] Error executing task azure-gzip-512: task azure-gzip-512 failed after 7 retries: <nil>
[2025-12-03T05:05:05Z] [[31merror[0m] [task_execution] Error executing task azure-gzip-512: task azure-gzip-512 failed after 7 retries: <nil>
[2025-12-03T05:05:05Z] [[31merror[0m] [task_execution] Error executing task azure-gzip-512: task azure-gzip-512 failed after 7 retries: <nil>
[2025-12-03T05:05:05Z] [[31merror[0m] [task_execution] Error executing task azure-gzip-512: task azure-gzip-512 failed after 7 retries: <nil>
[2025-12-03T05:05:05Z] [[31merror[0m] [task_execution] Error executing task azure-gzip-512: task azure-gzip-512 failed after 7 retries: <nil>
[2025-12-03T05:05:05Z] [[31merror[0m] [task_execution] Error executing task azure-gzip-512: task azure-gzip-512 failed after 7 retries: <nil>
[2025-12-03T05:05:05Z] [[31merror[0m] [task_execution] Error executing task azure-gzip-512: task azure-gzip-512 failed after 7 retries: <nil>
[2025-12-03T05:05:05Z] [[31merror[0m] [task_execution] Error executing task azure-gzip-512: task azure-gzip-512 failed after 7 retries: <nil>
[2025-12-03T05:05:05Z] [[31merror[0m] [task_execution] Error executing task azure-gzip-512: task azure-gzip-512 failed after 7 retries: <nil>
[2025-12-03T05:05:05Z] [[31merror[0m] [task_execution] Error executing task azure-gzip-512: task azure-gzip-512 failed after 7 retries: <nil>
[2025-12-03T05:05:06Z] [[31merror[0m] [task_execution] Error executing task azure-gzip-512: task azure-gzip-512 failed after 7 retries: <nil>
[2025-12-03T05:05:06Z] [[31merror[0m] [task_execution] Error executing task azure-gzip-512: task azure-gzip-512 failed after 7 retries: <nil>
[2025-12-03T05:05:06Z] [[31merror[0m] [task_execution] Error executing task azure-gzip-512: task azure-gzip-512 failed after 7 retries: <nil>
[2025-12-03T05:05:06Z] [[31merror[0m] [task_execution] Error executing task azure-gzip-512: task azure-gzip-512 failed after 7 retries: <nil>
[2025-12-03T05:05:06Z] [[31merror[0m] [task_execution] Error executing task azure-gzip-512: task azure-gzip-512 failed after 7 retries: <nil>
[2025-12-03T05:05:06Z] [[31merror[0m] [task_execution] Error executing task azure-gzip-512: task azure-gzip-512 failed after 7 retries: <nil>
[2025-12-03T05:05:06Z] [[31merror[0m] [task_execution] Error executing task azure-gzip-512: task azure-gzip-512 failed after 7 retries: <nil>
[2025-12-03T05:05:06Z] [[31merror[0m] [task_execution] Error executing task azure-gzip-512: task azure-gzip-512 failed after 7 retries: <nil>
[2025-12-03T05:05:06Z] [[31merror[0m] [task_execution] Error executing task azure-gzip-512: task azure-gzip-512 failed after 7 retries: <nil>
[2025-12-03T05:05:06Z] [[31merror[0m] [task_execution] Error executing task azure-gzip-512: task azure-gzip-512 failed after 7 retries: <nil>
[2025-12-03T05:05:07Z] [[31merror[0m] [task_execution] Error executing task azure-gzip-512: task azure-gzip-512 failed after 7 retries: <nil>
[2025-12-03T05:05:07Z] [[31merror[0m] [task_execution] Error executing task azure-gzip-512: task azure-gzip-512 failed after 7 retries: <nil>
[2025-12-03T05:05:07Z] [[31merror[0m] [task_execution] Error executing task azure-gzip-512: task azure-gzip-512 failed after 7 retries: <nil>
[2025-12-03T05:05:07Z] [[31merror[0m] [task_execution] Error executing task azure-gzip-512: task azure-gzip-512 failed after 7 retries: <nil>
[2025-12-03T05:05:07Z] [[31merror[0m] [task_execution] Error executing task azure-gzip-512: task azure-gzip-512 failed after 7 retries: <nil>
[2025-12-03T05:05:07Z] [[31merror[0m] [task_execution] Error executing task azure-gzip-512: task azure-gzip-512 failed after 7 retries: <nil>
[2025-12-03T05:05:07Z] [[31merror[0m] [task_execution] Error executing task azure-gzip-512: task azure-gzip-512 failed after 7 retries: <nil>
[2025-12-03T05:05:07Z] [[31merror[0m] [task_execution] Error executing task azure-gzip-512: task azure-gzip-512 failed after 7 retries: <nil>
[2025-12-03T05:05:08Z] [[31merror[0m] [task_execution] Error executing task azure-gzip-512: task azure-gzip-512 failed after 7 retries: <nil>
[2025-12-03T05:05:08Z] [[31merror[0m] [task_execution] Error executing task azure-gzip-512: task azure-gzip-512 failed after 7 retries: <nil>
[2025-12-03T05:05:08Z] [[31merror[0m] [task_execution] Error executing task azure-gzip-512: task azure-gzip-512 failed after 7 retries: <nil>
[2025-12-03T05:05:08Z] [[31merror[0m] [task_execution] Error executing task azure-gzip-512: task azure-gzip-512 failed after 7 retries: <nil>
[2025-12-03T05:05:08Z] [[31merror[0m] [task_execution] Error executing task azure-gzip-512: task azure-gzip-512 failed after 7 retries: <nil>
[2025-12-03T05:05:09Z] [[31merror[0m] [task_execution] Error executing task azure-gzip-512: task azure-gzip-512 failed after 7 retries: <nil>
[2025-12-03T05:05:09Z] [[31merror[0m] [task_execution] Error executing task azure-gzip-512: task azure-gzip-512 failed after 7 retries: <nil>
[2025-12-03T05:05:10Z] [[31merror[0m] [task_execution] Error executing task azure-gzip-512: task azure-gzip-512 failed after 7 retries: <nil>
[2025-12-03T05:05:10Z] [[31merror[0m] [task_execution] Error executing task azure-gzip-512: task azure-gzip-512 failed after 7 retries: <nil>
[2025-12-03T05:05:10Z] [[31merror[0m] [task_execution] Error executing task azure-gzip-512: task azure-gzip-512 failed after 7 retries: <nil>
[2025-12-03T05:05:11Z] [[31merror[0m] [task_execution] Error executing task azure-gzip-512: task azure-gzip-512 failed after 7 retries: <nil>
[2025-12-03T05:05:11Z] [[31merror[0m] [task_execution] Error executing task azure-gzip-512: task azure-gzip-512 failed after 7 retries: <nil>
[2025-12-03T05:05:11Z] [[31merror[0m] [task_execution] Error executing task azure-gzip-512: task azure-gzip-512 failed after 7 retries: <nil>
[2025-12-03T05:05:11Z] [[31merror[0m] [task_execution] Error executing task azure-gzip-512: task azure-gzip-512 failed after 7 retries: <nil>
[2025-12-03T05:05:11Z] [[31merror[0m] [task_execution] Error executing task azure-gzip-512: task azure-gzip-512 failed after 7 retries: <nil>
[2025-12-03T05:05:11Z] [[36minfo[0m] [progress_update] aws-us-east-1-aws-gzip-512-512-558: 2500/2500 tasks started.alibaba-us-east-1-alibaba-gzip-512-512-459: 2500/2500 tasks started.azure-germanywestcentral-azure-gzip-512-512-30: 2500/2500 tasks started.gcp-us-east1-gcp-gzip-512-512-339: 2500/2500 tasks started.
[2025-12-03T05:05:12Z] [[31merror[0m] [task_execution] Error executing task azure-gzip-512: task azure-gzip-512 failed after 7 retries: <nil>
[2025-12-03T05:05:21Z] [[36minfo[0m] [progress_update] aws-us-east-1-aws-gzip-512-512-558: 2500/2500 tasks started.alibaba-us-east-1-alibaba-gzip-512-512-459: 2500/2500 tasks started.azure-germanywestcentral-azure-gzip-512-512-30: 2500/2500 tasks started.gcp-us-east1-gcp-gzip-512-512-339: 2500/2500 tasks started.
[2025-12-03T05:05:31Z] [[31merror[0m] [task_execution] Error executing task azure-gzip-512: task azure-gzip-512 failed after 7 retries: <nil>
[2025-12-03T05:05:31Z] [[36minfo[0m] [progress_update] azure-germanywestcentral-azure-gzip-512-512-30: 2500/2500 tasks started.gcp-us-east1-gcp-gzip-512-512-339: 2500/2500 tasks started.aws-us-east-1-aws-gzip-512-512-558: 2500/2500 tasks started.alibaba-us-east-1-alibaba-gzip-512-512-459: 2500/2500 tasks started.
[2025-12-03T05:05:32Z] [[31merror[0m] [task_execution] Error executing task azure-gzip-512: task azure-gzip-512 failed after 7 retries: <nil>
[2025-12-03T05:05:33Z] [[31merror[0m] [task_execution] Error executing task azure-gzip-512: task azure-gzip-512 failed after 7 retries: <nil>
[2025-12-03T05:05:34Z] [[31merror[0m] [task_execution] Error executing task azure-gzip-512: task azure-gzip-512 failed after 7 retries: <nil>
[2025-12-03T05:05:34Z] [[31merror[0m] [task_execution] Error executing task azure-gzip-512: task azure-gzip-512 failed after 7 retries: <nil>
[2025-12-03T05:05:34Z] [[31merror[0m] [task_execution] Error executing task azure-gzip-512: task azure-gzip-512 failed after 7 retries: <nil>
[2025-12-03T05:05:35Z] [[31merror[0m] [task_execution] Error executing task azure-gzip-512: task azure-gzip-512 failed after 7 retries: <nil>
[2025-12-03T05:05:35Z] [[31merror[0m] [task_execution] Error executing task azure-gzip-512: task azure-gzip-512 failed after 7 retries: <nil>
[2025-12-03T05:05:35Z] [[31merror[0m] [task_execution] Error executing task azure-gzip-512: task azure-gzip-512 failed after 7 retries: <nil>
[2025-12-03T05:05:36Z] [[31merror[0m] [task_execution] Error executing task azure-gzip-512: task azure-gzip-512 failed after 7 retries: <nil>
[2025-12-03T05:05:37Z] [[31merror[0m] [task_execution] Error executing task azure-gzip-512: task azure-gzip-512 failed after 7 retries: <nil>
[2025-12-03T05:05:37Z] [[31merror[0m] [task_execution] Error executing task azure-gzip-512: task azure-gzip-512 failed after 7 retries: <nil>
[2025-12-03T05:05:38Z] [[31merror[0m] [task_execution] Error executing task azure-gzip-512: task azure-gzip-512 failed after 7 retries: <nil>
[2025-12-03T05:05:38Z] [[31merror[0m] [task_execution] Error executing task azure-gzip-512: task azure-gzip-512 failed after 7 retries: <nil>
[2025-12-03T05:05:39Z] [[31merror[0m] [task_execution] Error executing task azure-gzip-512: task azure-gzip-512 failed after 7 retries: <nil>
[2025-12-03T05:05:41Z] [[36minfo[0m] [progress_update] azure-germanywestcentral-azure-gzip-512-512-30: 2500/2500 tasks started.gcp-us-east1-gcp-gzip-512-512-339: 2500/2500 tasks started.aws-us-east-1-aws-gzip-512-512-558: 2500/2500 tasks started.alibaba-us-east-1-alibaba-gzip-512-512-459: 2500/2500 tasks started.
[2025-12-03T05:05:44Z] [[31merror[0m] [task_execution] Error executing task azure-gzip-512: task azure-gzip-512 failed after 7 retries: <nil>
[2025-12-03T05:05:45Z] [[31merror[0m] [task_execution] Error executing task azure-gzip-512: task azure-gzip-512 failed after 7 retries: <nil>
[2025-12-03T05:05:45Z] [[31merror[0m] [task_execution] Error executing task azure-gzip-512: task azure-gzip-512 failed after 7 retries: <nil>
[2025-12-03T05:05:47Z] [[31merror[0m] [task_execution] Error executing task azure-gzip-512: task azure-gzip-512 failed after 7 retries: <nil>
[2025-12-03T05:05:49Z] [[31merror[0m] [task_execution] Error executing task azure-gzip-512: task azure-gzip-512 failed after 7 retries: <nil>
[2025-12-03T05:05:50Z] [[31merror[0m] [task_execution] Error executing task azure-gzip-512: task azure-gzip-512 failed after 7 retries: <nil>
[2025-12-03T05:05:51Z] [[36minfo[0m] [progress_update] alibaba-us-east-1-alibaba-gzip-512-512-459: 2500/2500 tasks started.azure-germanywestcentral-azure-gzip-512-512-30: 2500/2500 tasks started.gcp-us-east1-gcp-gzip-512-512-339: 2500/2500 tasks started.aws-us-east-1-aws-gzip-512-512-558: 2500/2500 tasks started.
[2025-12-03T05:05:55Z] [[36minfo[0m] [function_finished] Finished benchmarking function azure-gzip-512 and closed archiver
[2025-12-03T05:05:57Z] [[36minfo[0m] [finish_timeline] Benchmark Timeline
[Wed Dec  3 05:05:57 UTC 2025] Finished benchmark 'gzip' successfully
[Wed Dec  3 05:05:57 UTC 2025] Sleeping 600 seconds before next workload...
