[Tue Dec  2 18:02:10 UTC 2025] Starting benchmark 'json' with config './configs/json.yaml'
Validating functions...
[2025-12-02T18:02:10Z] [[36minfo[0m] [executor_setup] Setting up executor for aws-us-east-1-aws-json-512-512-585
[2025-12-02T18:02:10Z] [[36minfo[0m] [executor_setup] Setting up executor for alibaba-us-east-1-alibaba-json-512-512-746
[2025-12-02T18:02:10Z] [[36minfo[0m] [executor_setup] Setting up executor for azure-germanywestcentral-azure-json-512-512-106
[2025-12-02T18:02:10Z] [[0mwarning[0m] [[32mazure_limitations[0m] Azure can´t handle more than 300 parallel requests. Limiting to 300.
[2025-12-02T18:02:10Z] [[36minfo[0m] [executor_setup] Setting up executor for gcp-us-east1-gcp-json-512-512-762
[2025-12-02T18:02:10Z] [[36minfo[0m] [start_timeline] Benchmark Timeline
[2025-12-02T18:02:10Z] [[36minfo[0m] [load_generator_start] (gcp: us-east1) Starting load generator with 300 workers
[2025-12-02T18:02:10Z] [[36minfo[0m] [load_generator_start] (aws: us-east-1) Starting load generator with 500 workers
[2025-12-02T18:02:10Z] [[36minfo[0m] [load_generator_start] (alibaba: us-east-1) Starting load generator with 500 workers
[2025-12-02T18:02:10Z] [[36minfo[0m] [load_generator_start] (azure: germanywestcentral) Starting load generator with 300 workers
[2025-12-02T18:02:20Z] [[36minfo[0m] [progress_update] gcp-us-east1-gcp-json-512-512-762: 978/2500 tasks started.aws-us-east-1-aws-json-512-512-585: 1702/2500 tasks started.alibaba-us-east-1-alibaba-json-512-512-746: 1635/2500 tasks started.azure-germanywestcentral-azure-json-512-512-106: 678/2500 tasks started.
[2025-12-02T18:02:30Z] [[36minfo[0m] [progress_update] aws-us-east-1-aws-json-512-512-585: 2500/2500 tasks started.alibaba-us-east-1-alibaba-json-512-512-746: 2500/2500 tasks started.azure-germanywestcentral-azure-json-512-512-106: 680/2500 tasks started.gcp-us-east1-gcp-json-512-512-762: 1925/2500 tasks started.
[2025-12-02T18:02:34Z] [[36minfo[0m] [function_finished] Finished benchmarking function aws-json-512 and closed archiver
[2025-12-02T18:02:40Z] [[36minfo[0m] [progress_update] alibaba-us-east-1-alibaba-json-512-512-746: 2500/2500 tasks started.azure-germanywestcentral-azure-json-512-512-106: 1288/2500 tasks started.gcp-us-east1-gcp-json-512-512-762: 2500/2500 tasks started.aws-us-east-1-aws-json-512-512-585: 2500/2500 tasks started.
[2025-12-02T18:02:50Z] [[36minfo[0m] [progress_update] aws-us-east-1-aws-json-512-512-585: 2500/2500 tasks started.alibaba-us-east-1-alibaba-json-512-512-746: 2500/2500 tasks started.azure-germanywestcentral-azure-json-512-512-106: 1830/2500 tasks started.gcp-us-east1-gcp-json-512-512-762: 2500/2500 tasks started.
[2025-12-02T18:02:55Z] [[36minfo[0m] [function_finished] Finished benchmarking function gcp-json-512 and closed archiver
[2025-12-02T18:03:00Z] [[36minfo[0m] [progress_update] aws-us-east-1-aws-json-512-512-585: 2500/2500 tasks started.alibaba-us-east-1-alibaba-json-512-512-746: 2500/2500 tasks started.azure-germanywestcentral-azure-json-512-512-106: 2391/2500 tasks started.gcp-us-east1-gcp-json-512-512-762: 2500/2500 tasks started.
[2025-12-02T18:03:10Z] [[36minfo[0m] [progress_update] gcp-us-east1-gcp-json-512-512-762: 2500/2500 tasks started.aws-us-east-1-aws-json-512-512-585: 2500/2500 tasks started.alibaba-us-east-1-alibaba-json-512-512-746: 2500/2500 tasks started.azure-germanywestcentral-azure-json-512-512-106: 2424/2500 tasks started.
[2025-12-02T18:03:20Z] [[36minfo[0m] [progress_update] aws-us-east-1-aws-json-512-512-585: 2500/2500 tasks started.alibaba-us-east-1-alibaba-json-512-512-746: 2500/2500 tasks started.azure-germanywestcentral-azure-json-512-512-106: 2431/2500 tasks started.gcp-us-east1-gcp-json-512-512-762: 2500/2500 tasks started.
[2025-12-02T18:03:30Z] [[36minfo[0m] [progress_update] alibaba-us-east-1-alibaba-json-512-512-746: 2500/2500 tasks started.azure-germanywestcentral-azure-json-512-512-106: 2466/2500 tasks started.gcp-us-east1-gcp-json-512-512-762: 2500/2500 tasks started.aws-us-east-1-aws-json-512-512-585: 2500/2500 tasks started.
[2025-12-02T18:03:40Z] [[36minfo[0m] [progress_update] aws-us-east-1-aws-json-512-512-585: 2500/2500 tasks started.alibaba-us-east-1-alibaba-json-512-512-746: 2500/2500 tasks started.azure-germanywestcentral-azure-json-512-512-106: 2481/2500 tasks started.gcp-us-east1-gcp-json-512-512-762: 2500/2500 tasks started.
[2025-12-02T18:03:50Z] [[36minfo[0m] [progress_update] azure-germanywestcentral-azure-json-512-512-106: 2500/2500 tasks started.gcp-us-east1-gcp-json-512-512-762: 2500/2500 tasks started.aws-us-east-1-aws-json-512-512-585: 2500/2500 tasks started.alibaba-us-east-1-alibaba-json-512-512-746: 2500/2500 tasks started.
[2025-12-02T18:04:00Z] [[36minfo[0m] [progress_update] aws-us-east-1-aws-json-512-512-585: 2500/2500 tasks started.alibaba-us-east-1-alibaba-json-512-512-746: 2500/2500 tasks started.azure-germanywestcentral-azure-json-512-512-106: 2500/2500 tasks started.gcp-us-east1-gcp-json-512-512-762: 2500/2500 tasks started.
[2025-12-02T18:04:10Z] [[36minfo[0m] [progress_update] aws-us-east-1-aws-json-512-512-585: 2500/2500 tasks started.alibaba-us-east-1-alibaba-json-512-512-746: 2500/2500 tasks started.azure-germanywestcentral-azure-json-512-512-106: 2500/2500 tasks started.gcp-us-east1-gcp-json-512-512-762: 2500/2500 tasks started.
[2025-12-02T18:04:20Z] [[36minfo[0m] [progress_update] aws-us-east-1-aws-json-512-512-585: 2500/2500 tasks started.alibaba-us-east-1-alibaba-json-512-512-746: 2500/2500 tasks started.azure-germanywestcentral-azure-json-512-512-106: 2500/2500 tasks started.gcp-us-east1-gcp-json-512-512-762: 2500/2500 tasks started.
[2025-12-02T18:04:30Z] [[36minfo[0m] [progress_update] gcp-us-east1-gcp-json-512-512-762: 2500/2500 tasks started.aws-us-east-1-aws-json-512-512-585: 2500/2500 tasks started.alibaba-us-east-1-alibaba-json-512-512-746: 2500/2500 tasks started.azure-germanywestcentral-azure-json-512-512-106: 2500/2500 tasks started.
[2025-12-02T18:04:40Z] [[36minfo[0m] [progress_update] aws-us-east-1-aws-json-512-512-585: 2500/2500 tasks started.alibaba-us-east-1-alibaba-json-512-512-746: 2500/2500 tasks started.azure-germanywestcentral-azure-json-512-512-106: 2500/2500 tasks started.gcp-us-east1-gcp-json-512-512-762: 2500/2500 tasks started.
[2025-12-02T18:04:50Z] [[36minfo[0m] [progress_update] aws-us-east-1-aws-json-512-512-585: 2500/2500 tasks started.alibaba-us-east-1-alibaba-json-512-512-746: 2500/2500 tasks started.azure-germanywestcentral-azure-json-512-512-106: 2500/2500 tasks started.gcp-us-east1-gcp-json-512-512-762: 2500/2500 tasks started.
[2025-12-02T18:05:00Z] [[36minfo[0m] [progress_update] aws-us-east-1-aws-json-512-512-585: 2500/2500 tasks started.alibaba-us-east-1-alibaba-json-512-512-746: 2500/2500 tasks started.azure-germanywestcentral-azure-json-512-512-106: 2500/2500 tasks started.gcp-us-east1-gcp-json-512-512-762: 2500/2500 tasks started.
[2025-12-02T18:05:10Z] [[36minfo[0m] [progress_update] aws-us-east-1-aws-json-512-512-585: 2500/2500 tasks started.alibaba-us-east-1-alibaba-json-512-512-746: 2500/2500 tasks started.azure-germanywestcentral-azure-json-512-512-106: 2500/2500 tasks started.gcp-us-east1-gcp-json-512-512-762: 2500/2500 tasks started.
[2025-12-02T18:05:20Z] [[36minfo[0m] [progress_update] aws-us-east-1-aws-json-512-512-585: 2500/2500 tasks started.alibaba-us-east-1-alibaba-json-512-512-746: 2500/2500 tasks started.azure-germanywestcentral-azure-json-512-512-106: 2500/2500 tasks started.gcp-us-east1-gcp-json-512-512-762: 2500/2500 tasks started.
[2025-12-02T18:05:30Z] [[36minfo[0m] [progress_update] alibaba-us-east-1-alibaba-json-512-512-746: 2500/2500 tasks started.azure-germanywestcentral-azure-json-512-512-106: 2500/2500 tasks started.gcp-us-east1-gcp-json-512-512-762: 2500/2500 tasks started.aws-us-east-1-aws-json-512-512-585: 2500/2500 tasks started.
[2025-12-02T18:05:40Z] [[36minfo[0m] [progress_update] gcp-us-east1-gcp-json-512-512-762: 2500/2500 tasks started.aws-us-east-1-aws-json-512-512-585: 2500/2500 tasks started.alibaba-us-east-1-alibaba-json-512-512-746: 2500/2500 tasks started.azure-germanywestcentral-azure-json-512-512-106: 2500/2500 tasks started.
[2025-12-02T18:05:50Z] [[36minfo[0m] [progress_update] aws-us-east-1-aws-json-512-512-585: 2500/2500 tasks started.alibaba-us-east-1-alibaba-json-512-512-746: 2500/2500 tasks started.azure-germanywestcentral-azure-json-512-512-106: 2500/2500 tasks started.gcp-us-east1-gcp-json-512-512-762: 2500/2500 tasks started.
[2025-12-02T18:06:00Z] [[36minfo[0m] [progress_update] aws-us-east-1-aws-json-512-512-585: 2500/2500 tasks started.alibaba-us-east-1-alibaba-json-512-512-746: 2500/2500 tasks started.azure-germanywestcentral-azure-json-512-512-106: 2500/2500 tasks started.gcp-us-east1-gcp-json-512-512-762: 2500/2500 tasks started.
[2025-12-02T18:06:10Z] [[36minfo[0m] [progress_update] azure-germanywestcentral-azure-json-512-512-106: 2500/2500 tasks started.gcp-us-east1-gcp-json-512-512-762: 2500/2500 tasks started.aws-us-east-1-aws-json-512-512-585: 2500/2500 tasks started.alibaba-us-east-1-alibaba-json-512-512-746: 2500/2500 tasks started.
[2025-12-02T18:06:20Z] [[36minfo[0m] [progress_update] alibaba-us-east-1-alibaba-json-512-512-746: 2500/2500 tasks started.azure-germanywestcentral-azure-json-512-512-106: 2500/2500 tasks started.gcp-us-east1-gcp-json-512-512-762: 2500/2500 tasks started.aws-us-east-1-aws-json-512-512-585: 2500/2500 tasks started.
[2025-12-02T18:06:30Z] [[36minfo[0m] [progress_update] alibaba-us-east-1-alibaba-json-512-512-746: 2500/2500 tasks started.azure-germanywestcentral-azure-json-512-512-106: 2500/2500 tasks started.gcp-us-east1-gcp-json-512-512-762: 2500/2500 tasks started.aws-us-east-1-aws-json-512-512-585: 2500/2500 tasks started.
[2025-12-02T18:06:40Z] [[36minfo[0m] [progress_update] gcp-us-east1-gcp-json-512-512-762: 2500/2500 tasks started.aws-us-east-1-aws-json-512-512-585: 2500/2500 tasks started.alibaba-us-east-1-alibaba-json-512-512-746: 2500/2500 tasks started.azure-germanywestcentral-azure-json-512-512-106: 2500/2500 tasks started.
[2025-12-02T18:06:41Z] [[31merror[0m] [task_execution] Error executing task alibaba-json-512: task alibaba-json-512 failed after 7 retries: <nil>
[2025-12-02T18:06:46Z] [[36minfo[0m] [function_finished] Finished benchmarking function alibaba-json-512 and closed archiver
[2025-12-02T18:06:50Z] [[36minfo[0m] [progress_update] aws-us-east-1-aws-json-512-512-585: 2500/2500 tasks started.alibaba-us-east-1-alibaba-json-512-512-746: 2500/2500 tasks started.azure-germanywestcentral-azure-json-512-512-106: 2500/2500 tasks started.gcp-us-east1-gcp-json-512-512-762: 2500/2500 tasks started.
[2025-12-02T18:07:00Z] [[36minfo[0m] [progress_update] aws-us-east-1-aws-json-512-512-585: 2500/2500 tasks started.alibaba-us-east-1-alibaba-json-512-512-746: 2500/2500 tasks started.azure-germanywestcentral-azure-json-512-512-106: 2500/2500 tasks started.gcp-us-east1-gcp-json-512-512-762: 2500/2500 tasks started.
[2025-12-02T18:07:08Z] [[31merror[0m] [task_execution] Error executing task azure-json-512: task azure-json-512 failed after 7 retries: <nil>
[2025-12-02T18:07:08Z] [[31merror[0m] [task_execution] Error executing task azure-json-512: task azure-json-512 failed after 7 retries: <nil>
[2025-12-02T18:07:08Z] [[31merror[0m] [task_execution] Error executing task azure-json-512: task azure-json-512 failed after 7 retries: <nil>
[2025-12-02T18:07:08Z] [[31merror[0m] [task_execution] Error executing task azure-json-512: task azure-json-512 failed after 7 retries: <nil>
[2025-12-02T18:07:08Z] [[31merror[0m] [task_execution] Error executing task azure-json-512: task azure-json-512 failed after 7 retries: <nil>
[2025-12-02T18:07:08Z] [[31merror[0m] [task_execution] Error executing task azure-json-512: task azure-json-512 failed after 7 retries: <nil>
[2025-12-02T18:07:08Z] [[31merror[0m] [task_execution] Error executing task azure-json-512: task azure-json-512 failed after 7 retries: <nil>
[2025-12-02T18:07:08Z] [[31merror[0m] [task_execution] Error executing task azure-json-512: task azure-json-512 failed after 7 retries: <nil>
[2025-12-02T18:07:08Z] [[31merror[0m] [task_execution] Error executing task azure-json-512: task azure-json-512 failed after 7 retries: <nil>
[2025-12-02T18:07:09Z] [[31merror[0m] [task_execution] Error executing task azure-json-512: task azure-json-512 failed after 7 retries: <nil>
[2025-12-02T18:07:09Z] [[31merror[0m] [task_execution] Error executing task azure-json-512: task azure-json-512 failed after 7 retries: <nil>
[2025-12-02T18:07:09Z] [[31merror[0m] [task_execution] Error executing task azure-json-512: task azure-json-512 failed after 7 retries: <nil>
[2025-12-02T18:07:10Z] [[31merror[0m] [task_execution] Error executing task azure-json-512: task azure-json-512 failed after 7 retries: <nil>
[2025-12-02T18:07:10Z] [[31merror[0m] [task_execution] Error executing task azure-json-512: task azure-json-512 failed after 7 retries: <nil>
[2025-12-02T18:07:10Z] [[36minfo[0m] [progress_update] alibaba-us-east-1-alibaba-json-512-512-746: 2500/2500 tasks started.azure-germanywestcentral-azure-json-512-512-106: 2500/2500 tasks started.gcp-us-east1-gcp-json-512-512-762: 2500/2500 tasks started.aws-us-east-1-aws-json-512-512-585: 2500/2500 tasks started.
[2025-12-02T18:07:10Z] [[31merror[0m] [task_execution] Error executing task azure-json-512: task azure-json-512 failed after 7 retries: <nil>
[2025-12-02T18:07:10Z] [[31merror[0m] [task_execution] Error executing task azure-json-512: task azure-json-512 failed after 7 retries: <nil>
[2025-12-02T18:07:10Z] [[31merror[0m] [task_execution] Error executing task azure-json-512: task azure-json-512 failed after 7 retries: <nil>
[2025-12-02T18:07:10Z] [[31merror[0m] [task_execution] Error executing task azure-json-512: task azure-json-512 failed after 7 retries: <nil>
[2025-12-02T18:07:10Z] [[31merror[0m] [task_execution] Error executing task azure-json-512: task azure-json-512 failed after 7 retries: <nil>
[2025-12-02T18:07:10Z] [[31merror[0m] [task_execution] Error executing task azure-json-512: task azure-json-512 failed after 7 retries: <nil>
[2025-12-02T18:07:10Z] [[31merror[0m] [task_execution] Error executing task azure-json-512: task azure-json-512 failed after 7 retries: <nil>
[2025-12-02T18:07:10Z] [[31merror[0m] [task_execution] Error executing task azure-json-512: task azure-json-512 failed after 7 retries: <nil>
[2025-12-02T18:07:10Z] [[31merror[0m] [task_execution] Error executing task azure-json-512: task azure-json-512 failed after 7 retries: <nil>
[2025-12-02T18:07:10Z] [[31merror[0m] [task_execution] Error executing task azure-json-512: task azure-json-512 failed after 7 retries: <nil>
[2025-12-02T18:07:11Z] [[31merror[0m] [task_execution] Error executing task azure-json-512: task azure-json-512 failed after 7 retries: <nil>
[2025-12-02T18:07:11Z] [[31merror[0m] [task_execution] Error executing task azure-json-512: task azure-json-512 failed after 7 retries: <nil>
[2025-12-02T18:07:11Z] [[31merror[0m] [task_execution] Error executing task azure-json-512: task azure-json-512 failed after 7 retries: <nil>
[2025-12-02T18:07:11Z] [[31merror[0m] [task_execution] Error executing task azure-json-512: task azure-json-512 failed after 7 retries: <nil>
[2025-12-02T18:07:11Z] [[31merror[0m] [task_execution] Error executing task azure-json-512: task azure-json-512 failed after 7 retries: <nil>
[2025-12-02T18:07:11Z] [[31merror[0m] [task_execution] Error executing task azure-json-512: task azure-json-512 failed after 7 retries: <nil>
[2025-12-02T18:07:11Z] [[31merror[0m] [task_execution] Error executing task azure-json-512: task azure-json-512 failed after 7 retries: <nil>
[2025-12-02T18:07:11Z] [[31merror[0m] [task_execution] Error executing task azure-json-512: task azure-json-512 failed after 7 retries: <nil>
[2025-12-02T18:07:11Z] [[31merror[0m] [task_execution] Error executing task azure-json-512: task azure-json-512 failed after 7 retries: <nil>
[2025-12-02T18:07:11Z] [[31merror[0m] [task_execution] Error executing task azure-json-512: task azure-json-512 failed after 7 retries: <nil>
[2025-12-02T18:07:11Z] [[31merror[0m] [task_execution] Error executing task azure-json-512: task azure-json-512 failed after 7 retries: <nil>
[2025-12-02T18:07:11Z] [[31merror[0m] [task_execution] Error executing task azure-json-512: task azure-json-512 failed after 7 retries: <nil>
[2025-12-02T18:07:11Z] [[31merror[0m] [task_execution] Error executing task azure-json-512: task azure-json-512 failed after 7 retries: <nil>
[2025-12-02T18:07:11Z] [[31merror[0m] [task_execution] Error executing task azure-json-512: task azure-json-512 failed after 7 retries: <nil>
[2025-12-02T18:07:11Z] [[31merror[0m] [task_execution] Error executing task azure-json-512: task azure-json-512 failed after 7 retries: <nil>
[2025-12-02T18:07:11Z] [[31merror[0m] [task_execution] Error executing task azure-json-512: task azure-json-512 failed after 7 retries: <nil>
[2025-12-02T18:07:11Z] [[31merror[0m] [task_execution] Error executing task azure-json-512: task azure-json-512 failed after 7 retries: <nil>
[2025-12-02T18:07:11Z] [[31merror[0m] [task_execution] Error executing task azure-json-512: task azure-json-512 failed after 7 retries: <nil>
[2025-12-02T18:07:11Z] [[31merror[0m] [task_execution] Error executing task azure-json-512: task azure-json-512 failed after 7 retries: <nil>
[2025-12-02T18:07:11Z] [[31merror[0m] [task_execution] Error executing task azure-json-512: task azure-json-512 failed after 7 retries: <nil>
[2025-12-02T18:07:11Z] [[31merror[0m] [task_execution] Error executing task azure-json-512: task azure-json-512 failed after 7 retries: <nil>
[2025-12-02T18:07:12Z] [[31merror[0m] [task_execution] Error executing task azure-json-512: task azure-json-512 failed after 7 retries: <nil>
[2025-12-02T18:07:12Z] [[31merror[0m] [task_execution] Error executing task azure-json-512: task azure-json-512 failed after 7 retries: <nil>
[2025-12-02T18:07:12Z] [[31merror[0m] [task_execution] Error executing task azure-json-512: task azure-json-512 failed after 7 retries: <nil>
[2025-12-02T18:07:12Z] [[31merror[0m] [task_execution] Error executing task azure-json-512: task azure-json-512 failed after 7 retries: <nil>
[2025-12-02T18:07:12Z] [[31merror[0m] [task_execution] Error executing task azure-json-512: task azure-json-512 failed after 7 retries: <nil>
[2025-12-02T18:07:12Z] [[31merror[0m] [task_execution] Error executing task azure-json-512: task azure-json-512 failed after 7 retries: <nil>
[2025-12-02T18:07:12Z] [[31merror[0m] [task_execution] Error executing task azure-json-512: task azure-json-512 failed after 7 retries: <nil>
[2025-12-02T18:07:12Z] [[31merror[0m] [task_execution] Error executing task azure-json-512: task azure-json-512 failed after 7 retries: <nil>
[2025-12-02T18:07:12Z] [[31merror[0m] [task_execution] Error executing task azure-json-512: task azure-json-512 failed after 7 retries: <nil>
[2025-12-02T18:07:13Z] [[31merror[0m] [task_execution] Error executing task azure-json-512: task azure-json-512 failed after 7 retries: <nil>
[2025-12-02T18:07:13Z] [[31merror[0m] [task_execution] Error executing task azure-json-512: task azure-json-512 failed after 7 retries: <nil>
[2025-12-02T18:07:13Z] [[31merror[0m] [task_execution] Error executing task azure-json-512: task azure-json-512 failed after 7 retries: <nil>
[2025-12-02T18:07:13Z] [[31merror[0m] [task_execution] Error executing task azure-json-512: task azure-json-512 failed after 7 retries: <nil>
[2025-12-02T18:07:13Z] [[31merror[0m] [task_execution] Error executing task azure-json-512: task azure-json-512 failed after 7 retries: <nil>
[2025-12-02T18:07:13Z] [[31merror[0m] [task_execution] Error executing task azure-json-512: task azure-json-512 failed after 7 retries: <nil>
[2025-12-02T18:07:13Z] [[31merror[0m] [task_execution] Error executing task azure-json-512: task azure-json-512 failed after 7 retries: <nil>
[2025-12-02T18:07:13Z] [[31merror[0m] [task_execution] Error executing task azure-json-512: task azure-json-512 failed after 7 retries: <nil>
[2025-12-02T18:07:13Z] [[31merror[0m] [task_execution] Error executing task azure-json-512: task azure-json-512 failed after 7 retries: <nil>
[2025-12-02T18:07:13Z] [[31merror[0m] [task_execution] Error executing task azure-json-512: task azure-json-512 failed after 7 retries: <nil>
[2025-12-02T18:07:13Z] [[31merror[0m] [task_execution] Error executing task azure-json-512: task azure-json-512 failed after 7 retries: <nil>
[2025-12-02T18:07:13Z] [[31merror[0m] [task_execution] Error executing task azure-json-512: task azure-json-512 failed after 7 retries: <nil>
[2025-12-02T18:07:13Z] [[31merror[0m] [task_execution] Error executing task azure-json-512: task azure-json-512 failed after 7 retries: <nil>
[2025-12-02T18:07:14Z] [[31merror[0m] [task_execution] Error executing task azure-json-512: task azure-json-512 failed after 7 retries: <nil>
[2025-12-02T18:07:14Z] [[31merror[0m] [task_execution] Error executing task azure-json-512: task azure-json-512 failed after 7 retries: <nil>
[2025-12-02T18:07:15Z] [[31merror[0m] [task_execution] Error executing task azure-json-512: task azure-json-512 failed after 7 retries: <nil>
[2025-12-02T18:07:20Z] [[36minfo[0m] [progress_update] aws-us-east-1-aws-json-512-512-585: 2500/2500 tasks started.alibaba-us-east-1-alibaba-json-512-512-746: 2500/2500 tasks started.azure-germanywestcentral-azure-json-512-512-106: 2500/2500 tasks started.gcp-us-east1-gcp-json-512-512-762: 2500/2500 tasks started.
[2025-12-02T18:07:20Z] [[36minfo[0m] [function_finished] Finished benchmarking function azure-json-512 and closed archiver
[2025-12-02T18:07:22Z] [[36minfo[0m] [finish_timeline] Benchmark Timeline
[Tue Dec  2 18:07:22 UTC 2025] Finished benchmark 'json' successfully
