[Wed Dec  3 17:59:52 UTC 2025] Starting benchmark 'json' with config './configs/json.yaml'
Validating functions...
[2025-12-03T17:59:52Z] [[36minfo[0m] [executor_setup] Setting up executor for aws-us-east-1-aws-json-512-512-932
[2025-12-03T17:59:52Z] [[36minfo[0m] [executor_setup] Setting up executor for alibaba-us-east-1-alibaba-json-512-512-602
[2025-12-03T17:59:52Z] [[36minfo[0m] [executor_setup] Setting up executor for azure-germanywestcentral-azure-json-512-512-953
[2025-12-03T17:59:52Z] [[0mwarning[0m] [[32mazure_limitations[0m] Azure can´t handle more than 300 parallel requests. Limiting to 300.
[2025-12-03T17:59:52Z] [[36minfo[0m] [executor_setup] Setting up executor for gcp-us-east1-gcp-json-512-512-209
[2025-12-03T17:59:52Z] [[36minfo[0m] [start_timeline] Benchmark Timeline
[2025-12-03T17:59:52Z] [[36minfo[0m] [load_generator_start] (azure: germanywestcentral) Starting load generator with 300 workers
[2025-12-03T17:59:52Z] [[36minfo[0m] [load_generator_start] (gcp: us-east1) Starting load generator with 300 workers
[2025-12-03T17:59:52Z] [[36minfo[0m] [load_generator_start] (aws: us-east-1) Starting load generator with 500 workers
[2025-12-03T17:59:52Z] [[36minfo[0m] [load_generator_start] (alibaba: us-east-1) Starting load generator with 500 workers
[2025-12-03T18:00:02Z] [[36minfo[0m] [progress_update] aws-us-east-1-aws-json-512-512-932: 1702/2500 tasks started.alibaba-us-east-1-alibaba-json-512-512-602: 1658/2500 tasks started.azure-germanywestcentral-azure-json-512-512-953: 692/2500 tasks started.gcp-us-east1-gcp-json-512-512-209: 1164/2500 tasks started.
[2025-12-03T18:00:12Z] [[36minfo[0m] [progress_update] aws-us-east-1-aws-json-512-512-932: 2500/2500 tasks started.alibaba-us-east-1-alibaba-json-512-512-602: 2500/2500 tasks started.azure-germanywestcentral-azure-json-512-512-953: 692/2500 tasks started.gcp-us-east1-gcp-json-512-512-209: 2106/2500 tasks started.
[2025-12-03T18:00:22Z] [[36minfo[0m] [function_finished] Finished benchmarking function aws-json-512 and closed archiver
[2025-12-03T18:00:22Z] [[36minfo[0m] [progress_update] azure-germanywestcentral-azure-json-512-512-953: 1317/2500 tasks started.gcp-us-east1-gcp-json-512-512-209: 2500/2500 tasks started.aws-us-east-1-aws-json-512-512-932: 2500/2500 tasks started.alibaba-us-east-1-alibaba-json-512-512-602: 2500/2500 tasks started.
[2025-12-03T18:00:32Z] [[36minfo[0m] [progress_update] alibaba-us-east-1-alibaba-json-512-512-602: 2500/2500 tasks started.azure-germanywestcentral-azure-json-512-512-953: 1907/2500 tasks started.gcp-us-east1-gcp-json-512-512-209: 2500/2500 tasks started.aws-us-east-1-aws-json-512-512-932: 2500/2500 tasks started.
[2025-12-03T18:00:38Z] [[36minfo[0m] [function_finished] Finished benchmarking function gcp-json-512 and closed archiver
[2025-12-03T18:00:42Z] [[36minfo[0m] [progress_update] azure-germanywestcentral-azure-json-512-512-953: 2500/2500 tasks started.gcp-us-east1-gcp-json-512-512-209: 2500/2500 tasks started.aws-us-east-1-aws-json-512-512-932: 2500/2500 tasks started.alibaba-us-east-1-alibaba-json-512-512-602: 2500/2500 tasks started.
[2025-12-03T18:00:52Z] [[36minfo[0m] [progress_update] alibaba-us-east-1-alibaba-json-512-512-602: 2500/2500 tasks started.azure-germanywestcentral-azure-json-512-512-953: 2500/2500 tasks started.gcp-us-east1-gcp-json-512-512-209: 2500/2500 tasks started.aws-us-east-1-aws-json-512-512-932: 2500/2500 tasks started.
[2025-12-03T18:01:02Z] [[36minfo[0m] [progress_update] aws-us-east-1-aws-json-512-512-932: 2500/2500 tasks started.alibaba-us-east-1-alibaba-json-512-512-602: 2500/2500 tasks started.azure-germanywestcentral-azure-json-512-512-953: 2500/2500 tasks started.gcp-us-east1-gcp-json-512-512-209: 2500/2500 tasks started.
[2025-12-03T18:01:12Z] [[36minfo[0m] [progress_update] aws-us-east-1-aws-json-512-512-932: 2500/2500 tasks started.alibaba-us-east-1-alibaba-json-512-512-602: 2500/2500 tasks started.azure-germanywestcentral-azure-json-512-512-953: 2500/2500 tasks started.gcp-us-east1-gcp-json-512-512-209: 2500/2500 tasks started.
[2025-12-03T18:01:22Z] [[36minfo[0m] [progress_update] azure-germanywestcentral-azure-json-512-512-953: 2500/2500 tasks started.gcp-us-east1-gcp-json-512-512-209: 2500/2500 tasks started.aws-us-east-1-aws-json-512-512-932: 2500/2500 tasks started.alibaba-us-east-1-alibaba-json-512-512-602: 2500/2500 tasks started.
[2025-12-03T18:01:32Z] [[36minfo[0m] [progress_update] azure-germanywestcentral-azure-json-512-512-953: 2500/2500 tasks started.gcp-us-east1-gcp-json-512-512-209: 2500/2500 tasks started.aws-us-east-1-aws-json-512-512-932: 2500/2500 tasks started.alibaba-us-east-1-alibaba-json-512-512-602: 2500/2500 tasks started.
[2025-12-03T18:01:42Z] [[36minfo[0m] [progress_update] aws-us-east-1-aws-json-512-512-932: 2500/2500 tasks started.alibaba-us-east-1-alibaba-json-512-512-602: 2500/2500 tasks started.azure-germanywestcentral-azure-json-512-512-953: 2500/2500 tasks started.gcp-us-east1-gcp-json-512-512-209: 2500/2500 tasks started.
[2025-12-03T18:01:52Z] [[36minfo[0m] [progress_update] aws-us-east-1-aws-json-512-512-932: 2500/2500 tasks started.alibaba-us-east-1-alibaba-json-512-512-602: 2500/2500 tasks started.azure-germanywestcentral-azure-json-512-512-953: 2500/2500 tasks started.gcp-us-east1-gcp-json-512-512-209: 2500/2500 tasks started.
[2025-12-03T18:02:02Z] [[36minfo[0m] [progress_update] azure-germanywestcentral-azure-json-512-512-953: 2500/2500 tasks started.gcp-us-east1-gcp-json-512-512-209: 2500/2500 tasks started.aws-us-east-1-aws-json-512-512-932: 2500/2500 tasks started.alibaba-us-east-1-alibaba-json-512-512-602: 2500/2500 tasks started.
[2025-12-03T18:02:12Z] [[36minfo[0m] [progress_update] aws-us-east-1-aws-json-512-512-932: 2500/2500 tasks started.alibaba-us-east-1-alibaba-json-512-512-602: 2500/2500 tasks started.azure-germanywestcentral-azure-json-512-512-953: 2500/2500 tasks started.gcp-us-east1-gcp-json-512-512-209: 2500/2500 tasks started.
[2025-12-03T18:02:15Z] [[36minfo[0m] [function_finished] Finished benchmarking function alibaba-json-512 and closed archiver
[2025-12-03T18:02:22Z] [[36minfo[0m] [progress_update] aws-us-east-1-aws-json-512-512-932: 2500/2500 tasks started.alibaba-us-east-1-alibaba-json-512-512-602: 2500/2500 tasks started.azure-germanywestcentral-azure-json-512-512-953: 2500/2500 tasks started.gcp-us-east1-gcp-json-512-512-209: 2500/2500 tasks started.
[2025-12-03T18:02:32Z] [[36minfo[0m] [progress_update] gcp-us-east1-gcp-json-512-512-209: 2500/2500 tasks started.aws-us-east-1-aws-json-512-512-932: 2500/2500 tasks started.alibaba-us-east-1-alibaba-json-512-512-602: 2500/2500 tasks started.azure-germanywestcentral-azure-json-512-512-953: 2500/2500 tasks started.
[2025-12-03T18:02:42Z] [[36minfo[0m] [progress_update] gcp-us-east1-gcp-json-512-512-209: 2500/2500 tasks started.aws-us-east-1-aws-json-512-512-932: 2500/2500 tasks started.alibaba-us-east-1-alibaba-json-512-512-602: 2500/2500 tasks started.azure-germanywestcentral-azure-json-512-512-953: 2500/2500 tasks started.
[2025-12-03T18:02:52Z] [[36minfo[0m] [progress_update] gcp-us-east1-gcp-json-512-512-209: 2500/2500 tasks started.aws-us-east-1-aws-json-512-512-932: 2500/2500 tasks started.alibaba-us-east-1-alibaba-json-512-512-602: 2500/2500 tasks started.azure-germanywestcentral-azure-json-512-512-953: 2500/2500 tasks started.
[2025-12-03T18:03:02Z] [[36minfo[0m] [progress_update] azure-germanywestcentral-azure-json-512-512-953: 2500/2500 tasks started.gcp-us-east1-gcp-json-512-512-209: 2500/2500 tasks started.aws-us-east-1-aws-json-512-512-932: 2500/2500 tasks started.alibaba-us-east-1-alibaba-json-512-512-602: 2500/2500 tasks started.
[2025-12-03T18:03:12Z] [[36minfo[0m] [progress_update] aws-us-east-1-aws-json-512-512-932: 2500/2500 tasks started.alibaba-us-east-1-alibaba-json-512-512-602: 2500/2500 tasks started.azure-germanywestcentral-azure-json-512-512-953: 2500/2500 tasks started.gcp-us-east1-gcp-json-512-512-209: 2500/2500 tasks started.
[2025-12-03T18:03:22Z] [[36minfo[0m] [progress_update] azure-germanywestcentral-azure-json-512-512-953: 2500/2500 tasks started.gcp-us-east1-gcp-json-512-512-209: 2500/2500 tasks started.aws-us-east-1-aws-json-512-512-932: 2500/2500 tasks started.alibaba-us-east-1-alibaba-json-512-512-602: 2500/2500 tasks started.
[2025-12-03T18:03:32Z] [[36minfo[0m] [progress_update] alibaba-us-east-1-alibaba-json-512-512-602: 2500/2500 tasks started.azure-germanywestcentral-azure-json-512-512-953: 2500/2500 tasks started.gcp-us-east1-gcp-json-512-512-209: 2500/2500 tasks started.aws-us-east-1-aws-json-512-512-932: 2500/2500 tasks started.
[2025-12-03T18:03:42Z] [[36minfo[0m] [progress_update] alibaba-us-east-1-alibaba-json-512-512-602: 2500/2500 tasks started.azure-germanywestcentral-azure-json-512-512-953: 2500/2500 tasks started.gcp-us-east1-gcp-json-512-512-209: 2500/2500 tasks started.aws-us-east-1-aws-json-512-512-932: 2500/2500 tasks started.
[2025-12-03T18:03:52Z] [[36minfo[0m] [progress_update] aws-us-east-1-aws-json-512-512-932: 2500/2500 tasks started.alibaba-us-east-1-alibaba-json-512-512-602: 2500/2500 tasks started.azure-germanywestcentral-azure-json-512-512-953: 2500/2500 tasks started.gcp-us-east1-gcp-json-512-512-209: 2500/2500 tasks started.
[2025-12-03T18:04:02Z] [[36minfo[0m] [progress_update] gcp-us-east1-gcp-json-512-512-209: 2500/2500 tasks started.aws-us-east-1-aws-json-512-512-932: 2500/2500 tasks started.alibaba-us-east-1-alibaba-json-512-512-602: 2500/2500 tasks started.azure-germanywestcentral-azure-json-512-512-953: 2500/2500 tasks started.
[2025-12-03T18:04:12Z] [[36minfo[0m] [progress_update] azure-germanywestcentral-azure-json-512-512-953: 2500/2500 tasks started.gcp-us-east1-gcp-json-512-512-209: 2500/2500 tasks started.aws-us-east-1-aws-json-512-512-932: 2500/2500 tasks started.alibaba-us-east-1-alibaba-json-512-512-602: 2500/2500 tasks started.
[2025-12-03T18:04:22Z] [[36minfo[0m] [progress_update] aws-us-east-1-aws-json-512-512-932: 2500/2500 tasks started.alibaba-us-east-1-alibaba-json-512-512-602: 2500/2500 tasks started.azure-germanywestcentral-azure-json-512-512-953: 2500/2500 tasks started.gcp-us-east1-gcp-json-512-512-209: 2500/2500 tasks started.
[2025-12-03T18:04:32Z] [[31merror[0m] [task_execution] Error executing task azure-json-512: task azure-json-512 failed after 7 retries: <nil>
[2025-12-03T18:04:32Z] [[36minfo[0m] [progress_update] aws-us-east-1-aws-json-512-512-932: 2500/2500 tasks started.alibaba-us-east-1-alibaba-json-512-512-602: 2500/2500 tasks started.azure-germanywestcentral-azure-json-512-512-953: 2500/2500 tasks started.gcp-us-east1-gcp-json-512-512-209: 2500/2500 tasks started.
[2025-12-03T18:04:42Z] [[36minfo[0m] [progress_update] gcp-us-east1-gcp-json-512-512-209: 2500/2500 tasks started.aws-us-east-1-aws-json-512-512-932: 2500/2500 tasks started.alibaba-us-east-1-alibaba-json-512-512-602: 2500/2500 tasks started.azure-germanywestcentral-azure-json-512-512-953: 2500/2500 tasks started.
[2025-12-03T18:04:52Z] [[36minfo[0m] [progress_update] aws-us-east-1-aws-json-512-512-932: 2500/2500 tasks started.alibaba-us-east-1-alibaba-json-512-512-602: 2500/2500 tasks started.azure-germanywestcentral-azure-json-512-512-953: 2500/2500 tasks started.gcp-us-east1-gcp-json-512-512-209: 2500/2500 tasks started.
[2025-12-03T18:04:53Z] [[31merror[0m] [task_execution] Error executing task azure-json-512: task azure-json-512 failed after 7 retries: <nil>
[2025-12-03T18:04:54Z] [[31merror[0m] [task_execution] Error executing task azure-json-512: task azure-json-512 failed after 7 retries: <nil>
[2025-12-03T18:04:54Z] [[31merror[0m] [task_execution] Error executing task azure-json-512: task azure-json-512 failed after 7 retries: <nil>
[2025-12-03T18:04:54Z] [[31merror[0m] [task_execution] Error executing task azure-json-512: task azure-json-512 failed after 7 retries: <nil>
[2025-12-03T18:04:54Z] [[31merror[0m] [task_execution] Error executing task azure-json-512: task azure-json-512 failed after 7 retries: <nil>
[2025-12-03T18:04:54Z] [[31merror[0m] [task_execution] Error executing task azure-json-512: task azure-json-512 failed after 7 retries: <nil>
[2025-12-03T18:04:54Z] [[31merror[0m] [task_execution] Error executing task azure-json-512: task azure-json-512 failed after 7 retries: <nil>
[2025-12-03T18:04:54Z] [[31merror[0m] [task_execution] Error executing task azure-json-512: task azure-json-512 failed after 7 retries: <nil>
[2025-12-03T18:04:54Z] [[31merror[0m] [task_execution] Error executing task azure-json-512: task azure-json-512 failed after 7 retries: <nil>
[2025-12-03T18:04:54Z] [[31merror[0m] [task_execution] Error executing task azure-json-512: task azure-json-512 failed after 7 retries: <nil>
[2025-12-03T18:04:54Z] [[31merror[0m] [task_execution] Error executing task azure-json-512: task azure-json-512 failed after 7 retries: <nil>
[2025-12-03T18:04:54Z] [[31merror[0m] [task_execution] Error executing task azure-json-512: task azure-json-512 failed after 7 retries: <nil>
[2025-12-03T18:04:54Z] [[31merror[0m] [task_execution] Error executing task azure-json-512: task azure-json-512 failed after 7 retries: <nil>
[2025-12-03T18:04:54Z] [[31merror[0m] [task_execution] Error executing task azure-json-512: task azure-json-512 failed after 7 retries: <nil>
[2025-12-03T18:04:54Z] [[31merror[0m] [task_execution] Error executing task azure-json-512: task azure-json-512 failed after 7 retries: <nil>
[2025-12-03T18:04:55Z] [[31merror[0m] [task_execution] Error executing task azure-json-512: task azure-json-512 failed after 7 retries: <nil>
[2025-12-03T18:04:55Z] [[31merror[0m] [task_execution] Error executing task azure-json-512: task azure-json-512 failed after 7 retries: <nil>
[2025-12-03T18:04:55Z] [[31merror[0m] [task_execution] Error executing task azure-json-512: task azure-json-512 failed after 7 retries: <nil>
[2025-12-03T18:04:55Z] [[31merror[0m] [task_execution] Error executing task azure-json-512: task azure-json-512 failed after 7 retries: <nil>
[2025-12-03T18:04:55Z] [[31merror[0m] [task_execution] Error executing task azure-json-512: task azure-json-512 failed after 7 retries: <nil>
[2025-12-03T18:04:55Z] [[31merror[0m] [task_execution] Error executing task azure-json-512: task azure-json-512 failed after 7 retries: <nil>
[2025-12-03T18:04:55Z] [[31merror[0m] [task_execution] Error executing task azure-json-512: task azure-json-512 failed after 7 retries: <nil>
[2025-12-03T18:04:55Z] [[31merror[0m] [task_execution] Error executing task azure-json-512: task azure-json-512 failed after 7 retries: <nil>
[2025-12-03T18:04:55Z] [[31merror[0m] [task_execution] Error executing task azure-json-512: task azure-json-512 failed after 7 retries: <nil>
[2025-12-03T18:04:56Z] [[31merror[0m] [task_execution] Error executing task azure-json-512: task azure-json-512 failed after 7 retries: <nil>
[2025-12-03T18:04:56Z] [[31merror[0m] [task_execution] Error executing task azure-json-512: task azure-json-512 failed after 7 retries: <nil>
[2025-12-03T18:05:02Z] [[36minfo[0m] [progress_update] aws-us-east-1-aws-json-512-512-932: 2500/2500 tasks started.alibaba-us-east-1-alibaba-json-512-512-602: 2500/2500 tasks started.azure-germanywestcentral-azure-json-512-512-953: 2500/2500 tasks started.gcp-us-east1-gcp-json-512-512-209: 2500/2500 tasks started.
[2025-12-03T18:05:12Z] [[36minfo[0m] [progress_update] aws-us-east-1-aws-json-512-512-932: 2500/2500 tasks started.alibaba-us-east-1-alibaba-json-512-512-602: 2500/2500 tasks started.azure-germanywestcentral-azure-json-512-512-953: 2500/2500 tasks started.gcp-us-east1-gcp-json-512-512-209: 2500/2500 tasks started.
[2025-12-03T18:05:22Z] [[31merror[0m] [task_execution] Error executing task azure-json-512: task azure-json-512 failed after 7 retries: <nil>
[2025-12-03T18:05:22Z] [[36minfo[0m] [progress_update] gcp-us-east1-gcp-json-512-512-209: 2500/2500 tasks started.aws-us-east-1-aws-json-512-512-932: 2500/2500 tasks started.alibaba-us-east-1-alibaba-json-512-512-602: 2500/2500 tasks started.azure-germanywestcentral-azure-json-512-512-953: 2500/2500 tasks started.
[2025-12-03T18:05:24Z] [[31merror[0m] [task_execution] Error executing task azure-json-512: task azure-json-512 failed after 7 retries: <nil>
[2025-12-03T18:05:24Z] [[31merror[0m] [task_execution] Error executing task azure-json-512: task azure-json-512 failed after 7 retries: <nil>
[2025-12-03T18:05:26Z] [[31merror[0m] [task_execution] Error executing task azure-json-512: task azure-json-512 failed after 7 retries: <nil>
[2025-12-03T18:05:31Z] [[36minfo[0m] [function_finished] Finished benchmarking function azure-json-512 and closed archiver
[2025-12-03T18:05:32Z] [[36minfo[0m] [progress_update] aws-us-east-1-aws-json-512-512-932: 2500/2500 tasks started.alibaba-us-east-1-alibaba-json-512-512-602: 2500/2500 tasks started.azure-germanywestcentral-azure-json-512-512-953: 2500/2500 tasks started.gcp-us-east1-gcp-json-512-512-209: 2500/2500 tasks started.
[2025-12-03T18:05:33Z] [[36minfo[0m] [finish_timeline] Benchmark Timeline
[Wed Dec  3 18:05:33 UTC 2025] Finished benchmark 'json' successfully
