[Wed Dec  3 11:15:14 UTC 2025] Starting benchmark 'json' with config './configs/json.yaml'
Validating functions...
[2025-12-03T11:15:14Z] [[36minfo[0m] [executor_setup] Setting up executor for aws-us-east-1-aws-json-512-512-946
[2025-12-03T11:15:14Z] [[36minfo[0m] [executor_setup] Setting up executor for alibaba-us-east-1-alibaba-json-512-512-685
[2025-12-03T11:15:14Z] [[36minfo[0m] [executor_setup] Setting up executor for azure-germanywestcentral-azure-json-512-512-861
[2025-12-03T11:15:14Z] [[0mwarning[0m] [[32mazure_limitations[0m] Azure can´t handle more than 300 parallel requests. Limiting to 300.
[2025-12-03T11:15:14Z] [[36minfo[0m] [executor_setup] Setting up executor for gcp-us-east1-gcp-json-512-512-313
[2025-12-03T11:15:14Z] [[36minfo[0m] [start_timeline] Benchmark Timeline
[2025-12-03T11:15:14Z] [[36minfo[0m] [load_generator_start] (gcp: us-east1) Starting load generator with 300 workers
[2025-12-03T11:15:14Z] [[36minfo[0m] [load_generator_start] (aws: us-east-1) Starting load generator with 500 workers
[2025-12-03T11:15:14Z] [[36minfo[0m] [load_generator_start] (alibaba: us-east-1) Starting load generator with 500 workers
[2025-12-03T11:15:14Z] [[36minfo[0m] [load_generator_start] (azure: germanywestcentral) Starting load generator with 300 workers
[2025-12-03T11:15:24Z] [[36minfo[0m] [progress_update] gcp-us-east1-gcp-json-512-512-313: 1029/2500 tasks started.aws-us-east-1-aws-json-512-512-946: 1706/2500 tasks started.alibaba-us-east-1-alibaba-json-512-512-685: 1747/2500 tasks started.azure-germanywestcentral-azure-json-512-512-861: 641/2500 tasks started.
[2025-12-03T11:15:34Z] [[36minfo[0m] [progress_update] aws-us-east-1-aws-json-512-512-946: 2500/2500 tasks started.alibaba-us-east-1-alibaba-json-512-512-685: 2500/2500 tasks started.azure-germanywestcentral-azure-json-512-512-861: 641/2500 tasks started.gcp-us-east1-gcp-json-512-512-313: 2024/2500 tasks started.
[2025-12-03T11:15:39Z] [[36minfo[0m] [function_finished] Finished benchmarking function aws-json-512 and closed archiver
[2025-12-03T11:15:44Z] [[36minfo[0m] [progress_update] aws-us-east-1-aws-json-512-512-946: 2500/2500 tasks started.alibaba-us-east-1-alibaba-json-512-512-685: 2500/2500 tasks started.azure-germanywestcentral-azure-json-512-512-861: 1283/2500 tasks started.gcp-us-east1-gcp-json-512-512-313: 2500/2500 tasks started.
[2025-12-03T11:15:51Z] [[36minfo[0m] [function_finished] Finished benchmarking function gcp-json-512 and closed archiver
[2025-12-03T11:15:54Z] [[36minfo[0m] [progress_update] azure-germanywestcentral-azure-json-512-512-861: 1759/2500 tasks started.gcp-us-east1-gcp-json-512-512-313: 2500/2500 tasks started.aws-us-east-1-aws-json-512-512-946: 2500/2500 tasks started.alibaba-us-east-1-alibaba-json-512-512-685: 2500/2500 tasks started.
[2025-12-03T11:16:04Z] [[36minfo[0m] [progress_update] alibaba-us-east-1-alibaba-json-512-512-685: 2500/2500 tasks started.azure-germanywestcentral-azure-json-512-512-861: 2244/2500 tasks started.gcp-us-east1-gcp-json-512-512-313: 2500/2500 tasks started.aws-us-east-1-aws-json-512-512-946: 2500/2500 tasks started.
[2025-12-03T11:16:14Z] [[36minfo[0m] [progress_update] azure-germanywestcentral-azure-json-512-512-861: 2252/2500 tasks started.gcp-us-east1-gcp-json-512-512-313: 2500/2500 tasks started.aws-us-east-1-aws-json-512-512-946: 2500/2500 tasks started.alibaba-us-east-1-alibaba-json-512-512-685: 2500/2500 tasks started.
[2025-12-03T11:16:24Z] [[36minfo[0m] [progress_update] aws-us-east-1-aws-json-512-512-946: 2500/2500 tasks started.alibaba-us-east-1-alibaba-json-512-512-685: 2500/2500 tasks started.azure-germanywestcentral-azure-json-512-512-861: 2314/2500 tasks started.gcp-us-east1-gcp-json-512-512-313: 2500/2500 tasks started.
[2025-12-03T11:16:34Z] [[36minfo[0m] [progress_update] aws-us-east-1-aws-json-512-512-946: 2500/2500 tasks started.alibaba-us-east-1-alibaba-json-512-512-685: 2500/2500 tasks started.azure-germanywestcentral-azure-json-512-512-861: 2387/2500 tasks started.gcp-us-east1-gcp-json-512-512-313: 2500/2500 tasks started.
[2025-12-03T11:16:44Z] [[36minfo[0m] [progress_update] alibaba-us-east-1-alibaba-json-512-512-685: 2500/2500 tasks started.azure-germanywestcentral-azure-json-512-512-861: 2424/2500 tasks started.gcp-us-east1-gcp-json-512-512-313: 2500/2500 tasks started.aws-us-east-1-aws-json-512-512-946: 2500/2500 tasks started.
[2025-12-03T11:16:54Z] [[36minfo[0m] [progress_update] azure-germanywestcentral-azure-json-512-512-861: 2450/2500 tasks started.gcp-us-east1-gcp-json-512-512-313: 2500/2500 tasks started.aws-us-east-1-aws-json-512-512-946: 2500/2500 tasks started.alibaba-us-east-1-alibaba-json-512-512-685: 2500/2500 tasks started.
[2025-12-03T11:17:04Z] [[36minfo[0m] [progress_update] aws-us-east-1-aws-json-512-512-946: 2500/2500 tasks started.alibaba-us-east-1-alibaba-json-512-512-685: 2500/2500 tasks started.azure-germanywestcentral-azure-json-512-512-861: 2456/2500 tasks started.gcp-us-east1-gcp-json-512-512-313: 2500/2500 tasks started.
[2025-12-03T11:17:14Z] [[36minfo[0m] [progress_update] azure-germanywestcentral-azure-json-512-512-861: 2500/2500 tasks started.gcp-us-east1-gcp-json-512-512-313: 2500/2500 tasks started.aws-us-east-1-aws-json-512-512-946: 2500/2500 tasks started.alibaba-us-east-1-alibaba-json-512-512-685: 2500/2500 tasks started.
[2025-12-03T11:17:24Z] [[36minfo[0m] [progress_update] azure-germanywestcentral-azure-json-512-512-861: 2500/2500 tasks started.gcp-us-east1-gcp-json-512-512-313: 2500/2500 tasks started.aws-us-east-1-aws-json-512-512-946: 2500/2500 tasks started.alibaba-us-east-1-alibaba-json-512-512-685: 2500/2500 tasks started.
[2025-12-03T11:17:34Z] [[36minfo[0m] [progress_update] aws-us-east-1-aws-json-512-512-946: 2500/2500 tasks started.alibaba-us-east-1-alibaba-json-512-512-685: 2500/2500 tasks started.azure-germanywestcentral-azure-json-512-512-861: 2500/2500 tasks started.gcp-us-east1-gcp-json-512-512-313: 2500/2500 tasks started.
[2025-12-03T11:17:34Z] [[36minfo[0m] [function_finished] Finished benchmarking function alibaba-json-512 and closed archiver
[2025-12-03T11:17:44Z] [[36minfo[0m] [progress_update] aws-us-east-1-aws-json-512-512-946: 2500/2500 tasks started.alibaba-us-east-1-alibaba-json-512-512-685: 2500/2500 tasks started.azure-germanywestcentral-azure-json-512-512-861: 2500/2500 tasks started.gcp-us-east1-gcp-json-512-512-313: 2500/2500 tasks started.
[2025-12-03T11:17:54Z] [[36minfo[0m] [progress_update] gcp-us-east1-gcp-json-512-512-313: 2500/2500 tasks started.aws-us-east-1-aws-json-512-512-946: 2500/2500 tasks started.alibaba-us-east-1-alibaba-json-512-512-685: 2500/2500 tasks started.azure-germanywestcentral-azure-json-512-512-861: 2500/2500 tasks started.
[2025-12-03T11:18:04Z] [[36minfo[0m] [progress_update] aws-us-east-1-aws-json-512-512-946: 2500/2500 tasks started.alibaba-us-east-1-alibaba-json-512-512-685: 2500/2500 tasks started.azure-germanywestcentral-azure-json-512-512-861: 2500/2500 tasks started.gcp-us-east1-gcp-json-512-512-313: 2500/2500 tasks started.
[2025-12-03T11:18:14Z] [[36minfo[0m] [progress_update] aws-us-east-1-aws-json-512-512-946: 2500/2500 tasks started.alibaba-us-east-1-alibaba-json-512-512-685: 2500/2500 tasks started.azure-germanywestcentral-azure-json-512-512-861: 2500/2500 tasks started.gcp-us-east1-gcp-json-512-512-313: 2500/2500 tasks started.
[2025-12-03T11:18:24Z] [[36minfo[0m] [progress_update] azure-germanywestcentral-azure-json-512-512-861: 2500/2500 tasks started.gcp-us-east1-gcp-json-512-512-313: 2500/2500 tasks started.aws-us-east-1-aws-json-512-512-946: 2500/2500 tasks started.alibaba-us-east-1-alibaba-json-512-512-685: 2500/2500 tasks started.
[2025-12-03T11:18:34Z] [[36minfo[0m] [progress_update] aws-us-east-1-aws-json-512-512-946: 2500/2500 tasks started.alibaba-us-east-1-alibaba-json-512-512-685: 2500/2500 tasks started.azure-germanywestcentral-azure-json-512-512-861: 2500/2500 tasks started.gcp-us-east1-gcp-json-512-512-313: 2500/2500 tasks started.
[2025-12-03T11:18:44Z] [[36minfo[0m] [progress_update] alibaba-us-east-1-alibaba-json-512-512-685: 2500/2500 tasks started.azure-germanywestcentral-azure-json-512-512-861: 2500/2500 tasks started.gcp-us-east1-gcp-json-512-512-313: 2500/2500 tasks started.aws-us-east-1-aws-json-512-512-946: 2500/2500 tasks started.
[2025-12-03T11:18:54Z] [[36minfo[0m] [progress_update] azure-germanywestcentral-azure-json-512-512-861: 2500/2500 tasks started.gcp-us-east1-gcp-json-512-512-313: 2500/2500 tasks started.aws-us-east-1-aws-json-512-512-946: 2500/2500 tasks started.alibaba-us-east-1-alibaba-json-512-512-685: 2500/2500 tasks started.
[2025-12-03T11:19:04Z] [[36minfo[0m] [progress_update] alibaba-us-east-1-alibaba-json-512-512-685: 2500/2500 tasks started.azure-germanywestcentral-azure-json-512-512-861: 2500/2500 tasks started.gcp-us-east1-gcp-json-512-512-313: 2500/2500 tasks started.aws-us-east-1-aws-json-512-512-946: 2500/2500 tasks started.
[2025-12-03T11:19:14Z] [[36minfo[0m] [progress_update] azure-germanywestcentral-azure-json-512-512-861: 2500/2500 tasks started.gcp-us-east1-gcp-json-512-512-313: 2500/2500 tasks started.aws-us-east-1-aws-json-512-512-946: 2500/2500 tasks started.alibaba-us-east-1-alibaba-json-512-512-685: 2500/2500 tasks started.
[2025-12-03T11:19:24Z] [[36minfo[0m] [progress_update] aws-us-east-1-aws-json-512-512-946: 2500/2500 tasks started.alibaba-us-east-1-alibaba-json-512-512-685: 2500/2500 tasks started.azure-germanywestcentral-azure-json-512-512-861: 2500/2500 tasks started.gcp-us-east1-gcp-json-512-512-313: 2500/2500 tasks started.
[2025-12-03T11:19:34Z] [[36minfo[0m] [progress_update] aws-us-east-1-aws-json-512-512-946: 2500/2500 tasks started.alibaba-us-east-1-alibaba-json-512-512-685: 2500/2500 tasks started.azure-germanywestcentral-azure-json-512-512-861: 2500/2500 tasks started.gcp-us-east1-gcp-json-512-512-313: 2500/2500 tasks started.
[2025-12-03T11:19:44Z] [[36minfo[0m] [progress_update] aws-us-east-1-aws-json-512-512-946: 2500/2500 tasks started.alibaba-us-east-1-alibaba-json-512-512-685: 2500/2500 tasks started.azure-germanywestcentral-azure-json-512-512-861: 2500/2500 tasks started.gcp-us-east1-gcp-json-512-512-313: 2500/2500 tasks started.
[2025-12-03T11:19:54Z] [[36minfo[0m] [progress_update] aws-us-east-1-aws-json-512-512-946: 2500/2500 tasks started.alibaba-us-east-1-alibaba-json-512-512-685: 2500/2500 tasks started.azure-germanywestcentral-azure-json-512-512-861: 2500/2500 tasks started.gcp-us-east1-gcp-json-512-512-313: 2500/2500 tasks started.
[2025-12-03T11:20:04Z] [[36minfo[0m] [progress_update] azure-germanywestcentral-azure-json-512-512-861: 2500/2500 tasks started.gcp-us-east1-gcp-json-512-512-313: 2500/2500 tasks started.aws-us-east-1-aws-json-512-512-946: 2500/2500 tasks started.alibaba-us-east-1-alibaba-json-512-512-685: 2500/2500 tasks started.
[2025-12-03T11:20:11Z] [[31merror[0m] [task_execution] Error executing task azure-json-512: task azure-json-512 failed after 7 retries: <nil>
[2025-12-03T11:20:11Z] [[31merror[0m] [task_execution] Error executing task azure-json-512: task azure-json-512 failed after 7 retries: <nil>
[2025-12-03T11:20:11Z] [[31merror[0m] [task_execution] Error executing task azure-json-512: task azure-json-512 failed after 7 retries: <nil>
[2025-12-03T11:20:11Z] [[31merror[0m] [task_execution] Error executing task azure-json-512: task azure-json-512 failed after 7 retries: <nil>
[2025-12-03T11:20:12Z] [[31merror[0m] [task_execution] Error executing task azure-json-512: task azure-json-512 failed after 7 retries: <nil>
[2025-12-03T11:20:12Z] [[31merror[0m] [task_execution] Error executing task azure-json-512: task azure-json-512 failed after 7 retries: <nil>
[2025-12-03T11:20:12Z] [[31merror[0m] [task_execution] Error executing task azure-json-512: task azure-json-512 failed after 7 retries: <nil>
[2025-12-03T11:20:13Z] [[31merror[0m] [task_execution] Error executing task azure-json-512: task azure-json-512 failed after 7 retries: <nil>
[2025-12-03T11:20:14Z] [[36minfo[0m] [progress_update] aws-us-east-1-aws-json-512-512-946: 2500/2500 tasks started.alibaba-us-east-1-alibaba-json-512-512-685: 2500/2500 tasks started.azure-germanywestcentral-azure-json-512-512-861: 2500/2500 tasks started.gcp-us-east1-gcp-json-512-512-313: 2500/2500 tasks started.
[2025-12-03T11:20:14Z] [[31merror[0m] [task_execution] Error executing task azure-json-512: task azure-json-512 failed after 7 retries: <nil>
[2025-12-03T11:20:14Z] [[31merror[0m] [task_execution] Error executing task azure-json-512: task azure-json-512 failed after 7 retries: <nil>
[2025-12-03T11:20:14Z] [[31merror[0m] [task_execution] Error executing task azure-json-512: task azure-json-512 failed after 7 retries: <nil>
[2025-12-03T11:20:14Z] [[31merror[0m] [task_execution] Error executing task azure-json-512: task azure-json-512 failed after 7 retries: <nil>
[2025-12-03T11:20:14Z] [[31merror[0m] [task_execution] Error executing task azure-json-512: task azure-json-512 failed after 7 retries: <nil>
[2025-12-03T11:20:14Z] [[31merror[0m] [task_execution] Error executing task azure-json-512: task azure-json-512 failed after 7 retries: <nil>
[2025-12-03T11:20:15Z] [[31merror[0m] [task_execution] Error executing task azure-json-512: task azure-json-512 failed after 7 retries: <nil>
[2025-12-03T11:20:20Z] [[36minfo[0m] [function_finished] Finished benchmarking function azure-json-512 and closed archiver
[2025-12-03T11:20:22Z] [[36minfo[0m] [finish_timeline] Benchmark Timeline
[Wed Dec  3 11:20:22 UTC 2025] Finished benchmark 'json' successfully
[Wed Dec  3 11:20:22 UTC 2025] Sleeping 600 seconds before next workload...
