[Sat Nov 29 10:39:43 UTC 2025] Starting benchmark 'aesctr' with config './configs/aesCtr.yaml'
Validating functions...
[2025-11-29T10:39:43Z] [[36minfo[0m] [executor_setup] Setting up executor for aws-us-east-1-aws-aesCtr-512-512-408
[2025-11-29T10:39:43Z] [[36minfo[0m] [executor_setup] Setting up executor for alibaba-us-east-1-alibaba-aesCtr-512-512-404
[2025-11-29T10:39:43Z] [[36minfo[0m] [executor_setup] Setting up executor for azure-germanywestcentral-azure-aesCtr-512-512-510
[2025-11-29T10:39:43Z] [[0mwarning[0m] [[32mazure_limitations[0m] Azure can´t handle more than 300 parallel requests. Limiting to 300.
[2025-11-29T10:39:43Z] [[36minfo[0m] [executor_setup] Setting up executor for gcp-us-east1-gcp-aesCtr-512-512-148
[2025-11-29T10:39:43Z] [[36minfo[0m] [start_timeline] Benchmark Timeline
[2025-11-29T10:39:43Z] [[36minfo[0m] [load_generator_start] (gcp: us-east1) Starting load generator with 300 workers
[2025-11-29T10:39:43Z] [[36minfo[0m] [load_generator_start] (aws: us-east-1) Starting load generator with 500 workers
[2025-11-29T10:39:43Z] [[36minfo[0m] [load_generator_start] (alibaba: us-east-1) Starting load generator with 500 workers
[2025-11-29T10:39:43Z] [[36minfo[0m] [load_generator_start] (azure: germanywestcentral) Starting load generator with 300 workers
[2025-11-29T10:39:53Z] [[36minfo[0m] [progress_update] aws-us-east-1-aws-aesCtr-512-512-408: 2225/2500 tasks started.alibaba-us-east-1-alibaba-aesCtr-512-512-404: 2500/2500 tasks started.azure-germanywestcentral-azure-aesCtr-512-512-510: 643/2500 tasks started.gcp-us-east1-gcp-aesCtr-512-512-148: 593/2500 tasks started.
[2025-11-29T10:40:03Z] [[36minfo[0m] [progress_update] alibaba-us-east-1-alibaba-aesCtr-512-512-404: 2500/2500 tasks started.azure-germanywestcentral-azure-aesCtr-512-512-510: 660/2500 tasks started.gcp-us-east1-gcp-aesCtr-512-512-148: 1174/2500 tasks started.aws-us-east-1-aws-aesCtr-512-512-408: 2500/2500 tasks started.
[2025-11-29T10:40:08Z] [[36minfo[0m] [function_finished] Finished benchmarking function aws-aesCtr-512 and closed archiver
[2025-11-29T10:40:13Z] [[36minfo[0m] [progress_update] aws-us-east-1-aws-aesCtr-512-512-408: 2500/2500 tasks started.alibaba-us-east-1-alibaba-aesCtr-512-512-404: 2500/2500 tasks started.azure-germanywestcentral-azure-aesCtr-512-512-510: 1458/2500 tasks started.gcp-us-east1-gcp-aesCtr-512-512-148: 1766/2500 tasks started.
[2025-11-29T10:40:23Z] [[36minfo[0m] [progress_update] aws-us-east-1-aws-aesCtr-512-512-408: 2500/2500 tasks started.alibaba-us-east-1-alibaba-aesCtr-512-512-404: 2500/2500 tasks started.azure-germanywestcentral-azure-aesCtr-512-512-510: 1998/2500 tasks started.gcp-us-east1-gcp-aesCtr-512-512-148: 2332/2500 tasks started.
[2025-11-29T10:40:33Z] [[36minfo[0m] [progress_update] azure-germanywestcentral-azure-aesCtr-512-512-510: 2307/2500 tasks started.gcp-us-east1-gcp-aesCtr-512-512-148: 2500/2500 tasks started.aws-us-east-1-aws-aesCtr-512-512-408: 2500/2500 tasks started.alibaba-us-east-1-alibaba-aesCtr-512-512-404: 2500/2500 tasks started.
[2025-11-29T10:40:43Z] [[36minfo[0m] [progress_update] gcp-us-east1-gcp-aesCtr-512-512-148: 2500/2500 tasks started.aws-us-east-1-aws-aesCtr-512-512-408: 2500/2500 tasks started.alibaba-us-east-1-alibaba-aesCtr-512-512-404: 2500/2500 tasks started.azure-germanywestcentral-azure-aesCtr-512-512-510: 2308/2500 tasks started.
[2025-11-29T10:40:47Z] [[36minfo[0m] [function_finished] Finished benchmarking function gcp-aesCtr-512 and closed archiver
[2025-11-29T10:40:53Z] [[36minfo[0m] [progress_update] azure-germanywestcentral-azure-aesCtr-512-512-510: 2321/2500 tasks started.gcp-us-east1-gcp-aesCtr-512-512-148: 2500/2500 tasks started.aws-us-east-1-aws-aesCtr-512-512-408: 2500/2500 tasks started.alibaba-us-east-1-alibaba-aesCtr-512-512-404: 2500/2500 tasks started.
[2025-11-29T10:40:58Z] [[36minfo[0m] [function_finished] Finished benchmarking function alibaba-aesCtr-512 and closed archiver
[2025-11-29T10:41:03Z] [[36minfo[0m] [progress_update] aws-us-east-1-aws-aesCtr-512-512-408: 2500/2500 tasks started.alibaba-us-east-1-alibaba-aesCtr-512-512-404: 2500/2500 tasks started.azure-germanywestcentral-azure-aesCtr-512-512-510: 2337/2500 tasks started.gcp-us-east1-gcp-aesCtr-512-512-148: 2500/2500 tasks started.
[2025-11-29T10:41:13Z] [[36minfo[0m] [progress_update] aws-us-east-1-aws-aesCtr-512-512-408: 2500/2500 tasks started.alibaba-us-east-1-alibaba-aesCtr-512-512-404: 2500/2500 tasks started.azure-germanywestcentral-azure-aesCtr-512-512-510: 2346/2500 tasks started.gcp-us-east1-gcp-aesCtr-512-512-148: 2500/2500 tasks started.
[2025-11-29T10:41:23Z] [[36minfo[0m] [progress_update] alibaba-us-east-1-alibaba-aesCtr-512-512-404: 2500/2500 tasks started.azure-germanywestcentral-azure-aesCtr-512-512-510: 2375/2500 tasks started.gcp-us-east1-gcp-aesCtr-512-512-148: 2500/2500 tasks started.aws-us-east-1-aws-aesCtr-512-512-408: 2500/2500 tasks started.
[2025-11-29T10:41:33Z] [[36minfo[0m] [progress_update] aws-us-east-1-aws-aesCtr-512-512-408: 2500/2500 tasks started.alibaba-us-east-1-alibaba-aesCtr-512-512-404: 2500/2500 tasks started.azure-germanywestcentral-azure-aesCtr-512-512-510: 2500/2500 tasks started.gcp-us-east1-gcp-aesCtr-512-512-148: 2500/2500 tasks started.
[2025-11-29T10:41:43Z] [[36minfo[0m] [progress_update] aws-us-east-1-aws-aesCtr-512-512-408: 2500/2500 tasks started.alibaba-us-east-1-alibaba-aesCtr-512-512-404: 2500/2500 tasks started.azure-germanywestcentral-azure-aesCtr-512-512-510: 2500/2500 tasks started.gcp-us-east1-gcp-aesCtr-512-512-148: 2500/2500 tasks started.
[2025-11-29T10:41:53Z] [[36minfo[0m] [progress_update] aws-us-east-1-aws-aesCtr-512-512-408: 2500/2500 tasks started.alibaba-us-east-1-alibaba-aesCtr-512-512-404: 2500/2500 tasks started.azure-germanywestcentral-azure-aesCtr-512-512-510: 2500/2500 tasks started.gcp-us-east1-gcp-aesCtr-512-512-148: 2500/2500 tasks started.
[2025-11-29T10:42:03Z] [[36minfo[0m] [progress_update] aws-us-east-1-aws-aesCtr-512-512-408: 2500/2500 tasks started.alibaba-us-east-1-alibaba-aesCtr-512-512-404: 2500/2500 tasks started.azure-germanywestcentral-azure-aesCtr-512-512-510: 2500/2500 tasks started.gcp-us-east1-gcp-aesCtr-512-512-148: 2500/2500 tasks started.
[2025-11-29T10:42:13Z] [[36minfo[0m] [progress_update] aws-us-east-1-aws-aesCtr-512-512-408: 2500/2500 tasks started.alibaba-us-east-1-alibaba-aesCtr-512-512-404: 2500/2500 tasks started.azure-germanywestcentral-azure-aesCtr-512-512-510: 2500/2500 tasks started.gcp-us-east1-gcp-aesCtr-512-512-148: 2500/2500 tasks started.
[2025-11-29T10:42:23Z] [[36minfo[0m] [progress_update] gcp-us-east1-gcp-aesCtr-512-512-148: 2500/2500 tasks started.aws-us-east-1-aws-aesCtr-512-512-408: 2500/2500 tasks started.alibaba-us-east-1-alibaba-aesCtr-512-512-404: 2500/2500 tasks started.azure-germanywestcentral-azure-aesCtr-512-512-510: 2500/2500 tasks started.
[2025-11-29T10:42:33Z] [[36minfo[0m] [progress_update] aws-us-east-1-aws-aesCtr-512-512-408: 2500/2500 tasks started.alibaba-us-east-1-alibaba-aesCtr-512-512-404: 2500/2500 tasks started.azure-germanywestcentral-azure-aesCtr-512-512-510: 2500/2500 tasks started.gcp-us-east1-gcp-aesCtr-512-512-148: 2500/2500 tasks started.
[2025-11-29T10:42:43Z] [[36minfo[0m] [progress_update] alibaba-us-east-1-alibaba-aesCtr-512-512-404: 2500/2500 tasks started.azure-germanywestcentral-azure-aesCtr-512-512-510: 2500/2500 tasks started.gcp-us-east1-gcp-aesCtr-512-512-148: 2500/2500 tasks started.aws-us-east-1-aws-aesCtr-512-512-408: 2500/2500 tasks started.
[2025-11-29T10:42:53Z] [[36minfo[0m] [progress_update] aws-us-east-1-aws-aesCtr-512-512-408: 2500/2500 tasks started.alibaba-us-east-1-alibaba-aesCtr-512-512-404: 2500/2500 tasks started.azure-germanywestcentral-azure-aesCtr-512-512-510: 2500/2500 tasks started.gcp-us-east1-gcp-aesCtr-512-512-148: 2500/2500 tasks started.
[2025-11-29T10:43:03Z] [[36minfo[0m] [progress_update] gcp-us-east1-gcp-aesCtr-512-512-148: 2500/2500 tasks started.aws-us-east-1-aws-aesCtr-512-512-408: 2500/2500 tasks started.alibaba-us-east-1-alibaba-aesCtr-512-512-404: 2500/2500 tasks started.azure-germanywestcentral-azure-aesCtr-512-512-510: 2500/2500 tasks started.
[2025-11-29T10:43:13Z] [[36minfo[0m] [progress_update] azure-germanywestcentral-azure-aesCtr-512-512-510: 2500/2500 tasks started.gcp-us-east1-gcp-aesCtr-512-512-148: 2500/2500 tasks started.aws-us-east-1-aws-aesCtr-512-512-408: 2500/2500 tasks started.alibaba-us-east-1-alibaba-aesCtr-512-512-404: 2500/2500 tasks started.
[2025-11-29T10:43:23Z] [[36minfo[0m] [progress_update] aws-us-east-1-aws-aesCtr-512-512-408: 2500/2500 tasks started.alibaba-us-east-1-alibaba-aesCtr-512-512-404: 2500/2500 tasks started.azure-germanywestcentral-azure-aesCtr-512-512-510: 2500/2500 tasks started.gcp-us-east1-gcp-aesCtr-512-512-148: 2500/2500 tasks started.
[2025-11-29T10:43:33Z] [[36minfo[0m] [progress_update] aws-us-east-1-aws-aesCtr-512-512-408: 2500/2500 tasks started.alibaba-us-east-1-alibaba-aesCtr-512-512-404: 2500/2500 tasks started.azure-germanywestcentral-azure-aesCtr-512-512-510: 2500/2500 tasks started.gcp-us-east1-gcp-aesCtr-512-512-148: 2500/2500 tasks started.
[2025-11-29T10:43:43Z] [[36minfo[0m] [progress_update] alibaba-us-east-1-alibaba-aesCtr-512-512-404: 2500/2500 tasks started.azure-germanywestcentral-azure-aesCtr-512-512-510: 2500/2500 tasks started.gcp-us-east1-gcp-aesCtr-512-512-148: 2500/2500 tasks started.aws-us-east-1-aws-aesCtr-512-512-408: 2500/2500 tasks started.
[2025-11-29T10:43:53Z] [[36minfo[0m] [progress_update] alibaba-us-east-1-alibaba-aesCtr-512-512-404: 2500/2500 tasks started.azure-germanywestcentral-azure-aesCtr-512-512-510: 2500/2500 tasks started.gcp-us-east1-gcp-aesCtr-512-512-148: 2500/2500 tasks started.aws-us-east-1-aws-aesCtr-512-512-408: 2500/2500 tasks started.
[2025-11-29T10:44:03Z] [[36minfo[0m] [progress_update] alibaba-us-east-1-alibaba-aesCtr-512-512-404: 2500/2500 tasks started.azure-germanywestcentral-azure-aesCtr-512-512-510: 2500/2500 tasks started.gcp-us-east1-gcp-aesCtr-512-512-148: 2500/2500 tasks started.aws-us-east-1-aws-aesCtr-512-512-408: 2500/2500 tasks started.
[2025-11-29T10:44:06Z] [[31merror[0m] [task_execution] Error executing task azure-aesCtr-512: task azure-aesCtr-512 failed after 7 retries: <nil>
[2025-11-29T10:44:11Z] [[36minfo[0m] [function_finished] Finished benchmarking function azure-aesCtr-512 and closed archiver
[2025-11-29T10:44:13Z] [[36minfo[0m] [progress_update] alibaba-us-east-1-alibaba-aesCtr-512-512-404: 2500/2500 tasks started.azure-germanywestcentral-azure-aesCtr-512-512-510: 2500/2500 tasks started.gcp-us-east1-gcp-aesCtr-512-512-148: 2500/2500 tasks started.aws-us-east-1-aws-aesCtr-512-512-408: 2500/2500 tasks started.
[2025-11-29T10:44:13Z] [[36minfo[0m] [finish_timeline] Benchmark Timeline
[Sat Nov 29 10:44:13 UTC 2025] Finished benchmark 'aesctr' successfully
[Sat Nov 29 10:44:13 UTC 2025] Sleeping 600 seconds before next workload...
