[Wed Dec  3 17:44:46 UTC 2025] Starting benchmark 'gemm' with config './configs/gemm.yaml'
Validating functions...
[2025-12-03T17:44:46Z] [[36minfo[0m] [executor_setup] Setting up executor for aws-us-east-1-aws-gemm-512-512-600
[2025-12-03T17:44:46Z] [[36minfo[0m] [executor_setup] Setting up executor for alibaba-us-east-1-alibaba-gemm-512-512-138
[2025-12-03T17:44:46Z] [[36minfo[0m] [executor_setup] Setting up executor for gcp-us-east1-gcp-gemm-512-512-115
[2025-12-03T17:44:46Z] [[36minfo[0m] [executor_setup] Setting up executor for azure-germanywestcentral-azure-gemm-512-512-548
[2025-12-03T17:44:46Z] [[0mwarning[0m] [[32mazure_limitations[0m] Azure can´t handle more than 300 parallel requests. Limiting to 300.
[2025-12-03T17:44:46Z] [[36minfo[0m] [start_timeline] Benchmark Timeline
[2025-12-03T17:44:46Z] [[36minfo[0m] [load_generator_start] (azure: germanywestcentral) Starting load generator with 300 workers
[2025-12-03T17:44:46Z] [[36minfo[0m] [load_generator_start] (aws: us-east-1) Starting load generator with 500 workers
[2025-12-03T17:44:46Z] [[36minfo[0m] [load_generator_start] (alibaba: us-east-1) Starting load generator with 500 workers
[2025-12-03T17:44:46Z] [[36minfo[0m] [load_generator_start] (gcp: us-east1) Starting load generator with 500 workers
[2025-12-03T17:44:56Z] [[36minfo[0m] [progress_update] aws-us-east-1-aws-gemm-512-512-600: 1645/2500 tasks started.alibaba-us-east-1-alibaba-gemm-512-512-138: 1302/2500 tasks started.gcp-us-east1-gcp-gemm-512-512-115: 1563/2500 tasks started.azure-germanywestcentral-azure-gemm-512-512-548: 619/2500 tasks started.
[2025-12-03T17:45:06Z] [[36minfo[0m] [progress_update] aws-us-east-1-aws-gemm-512-512-600: 2500/2500 tasks started.alibaba-us-east-1-alibaba-gemm-512-512-138: 2500/2500 tasks started.gcp-us-east1-gcp-gemm-512-512-115: 2500/2500 tasks started.azure-germanywestcentral-azure-gemm-512-512-548: 619/2500 tasks started.
[2025-12-03T17:45:12Z] [[36minfo[0m] [function_finished] Finished benchmarking function aws-gemm-512 and closed archiver
[2025-12-03T17:45:16Z] [[36minfo[0m] [progress_update] alibaba-us-east-1-alibaba-gemm-512-512-138: 2500/2500 tasks started.gcp-us-east1-gcp-gemm-512-512-115: 2500/2500 tasks started.azure-germanywestcentral-azure-gemm-512-512-548: 1271/2500 tasks started.aws-us-east-1-aws-gemm-512-512-600: 2500/2500 tasks started.
[2025-12-03T17:45:26Z] [[36minfo[0m] [progress_update] aws-us-east-1-aws-gemm-512-512-600: 2500/2500 tasks started.alibaba-us-east-1-alibaba-gemm-512-512-138: 2500/2500 tasks started.gcp-us-east1-gcp-gemm-512-512-115: 2500/2500 tasks started.azure-germanywestcentral-azure-gemm-512-512-548: 1818/2500 tasks started.
[2025-12-03T17:45:26Z] [[36minfo[0m] [function_finished] Finished benchmarking function gcp-gemm-512 and closed archiver
[2025-12-03T17:45:36Z] [[36minfo[0m] [progress_update] aws-us-east-1-aws-gemm-512-512-600: 2500/2500 tasks started.alibaba-us-east-1-alibaba-gemm-512-512-138: 2500/2500 tasks started.gcp-us-east1-gcp-gemm-512-512-115: 2500/2500 tasks started.azure-germanywestcentral-azure-gemm-512-512-548: 2195/2500 tasks started.
[2025-12-03T17:45:46Z] [[36minfo[0m] [progress_update] azure-germanywestcentral-azure-gemm-512-512-548: 2211/2500 tasks started.aws-us-east-1-aws-gemm-512-512-600: 2500/2500 tasks started.alibaba-us-east-1-alibaba-gemm-512-512-138: 2500/2500 tasks started.gcp-us-east1-gcp-gemm-512-512-115: 2500/2500 tasks started.
[2025-12-03T17:45:56Z] [[36minfo[0m] [progress_update] aws-us-east-1-aws-gemm-512-512-600: 2500/2500 tasks started.alibaba-us-east-1-alibaba-gemm-512-512-138: 2500/2500 tasks started.gcp-us-east1-gcp-gemm-512-512-115: 2500/2500 tasks started.azure-germanywestcentral-azure-gemm-512-512-548: 2225/2500 tasks started.
[2025-12-03T17:46:06Z] [[36minfo[0m] [progress_update] aws-us-east-1-aws-gemm-512-512-600: 2500/2500 tasks started.alibaba-us-east-1-alibaba-gemm-512-512-138: 2500/2500 tasks started.gcp-us-east1-gcp-gemm-512-512-115: 2500/2500 tasks started.azure-germanywestcentral-azure-gemm-512-512-548: 2232/2500 tasks started.
[2025-12-03T17:46:16Z] [[36minfo[0m] [progress_update] aws-us-east-1-aws-gemm-512-512-600: 2500/2500 tasks started.alibaba-us-east-1-alibaba-gemm-512-512-138: 2500/2500 tasks started.gcp-us-east1-gcp-gemm-512-512-115: 2500/2500 tasks started.azure-germanywestcentral-azure-gemm-512-512-548: 2236/2500 tasks started.
[2025-12-03T17:46:26Z] [[36minfo[0m] [progress_update] aws-us-east-1-aws-gemm-512-512-600: 2500/2500 tasks started.alibaba-us-east-1-alibaba-gemm-512-512-138: 2500/2500 tasks started.gcp-us-east1-gcp-gemm-512-512-115: 2500/2500 tasks started.azure-germanywestcentral-azure-gemm-512-512-548: 2242/2500 tasks started.
[2025-12-03T17:46:36Z] [[36minfo[0m] [progress_update] aws-us-east-1-aws-gemm-512-512-600: 2500/2500 tasks started.alibaba-us-east-1-alibaba-gemm-512-512-138: 2500/2500 tasks started.gcp-us-east1-gcp-gemm-512-512-115: 2500/2500 tasks started.azure-germanywestcentral-azure-gemm-512-512-548: 2288/2500 tasks started.
[2025-12-03T17:46:46Z] [[36minfo[0m] [progress_update] azure-germanywestcentral-azure-gemm-512-512-548: 2500/2500 tasks started.aws-us-east-1-aws-gemm-512-512-600: 2500/2500 tasks started.alibaba-us-east-1-alibaba-gemm-512-512-138: 2500/2500 tasks started.gcp-us-east1-gcp-gemm-512-512-115: 2500/2500 tasks started.
[2025-12-03T17:46:56Z] [[36minfo[0m] [progress_update] aws-us-east-1-aws-gemm-512-512-600: 2500/2500 tasks started.alibaba-us-east-1-alibaba-gemm-512-512-138: 2500/2500 tasks started.gcp-us-east1-gcp-gemm-512-512-115: 2500/2500 tasks started.azure-germanywestcentral-azure-gemm-512-512-548: 2500/2500 tasks started.
[2025-12-03T17:47:06Z] [[36minfo[0m] [progress_update] gcp-us-east1-gcp-gemm-512-512-115: 2500/2500 tasks started.azure-germanywestcentral-azure-gemm-512-512-548: 2500/2500 tasks started.aws-us-east-1-aws-gemm-512-512-600: 2500/2500 tasks started.alibaba-us-east-1-alibaba-gemm-512-512-138: 2500/2500 tasks started.
[2025-12-03T17:47:16Z] [[36minfo[0m] [progress_update] azure-germanywestcentral-azure-gemm-512-512-548: 2500/2500 tasks started.aws-us-east-1-aws-gemm-512-512-600: 2500/2500 tasks started.alibaba-us-east-1-alibaba-gemm-512-512-138: 2500/2500 tasks started.gcp-us-east1-gcp-gemm-512-512-115: 2500/2500 tasks started.
[2025-12-03T17:47:20Z] [[36minfo[0m] [function_finished] Finished benchmarking function alibaba-gemm-512 and closed archiver
[2025-12-03T17:47:26Z] [[36minfo[0m] [progress_update] aws-us-east-1-aws-gemm-512-512-600: 2500/2500 tasks started.alibaba-us-east-1-alibaba-gemm-512-512-138: 2500/2500 tasks started.gcp-us-east1-gcp-gemm-512-512-115: 2500/2500 tasks started.azure-germanywestcentral-azure-gemm-512-512-548: 2500/2500 tasks started.
[2025-12-03T17:47:36Z] [[36minfo[0m] [progress_update] aws-us-east-1-aws-gemm-512-512-600: 2500/2500 tasks started.alibaba-us-east-1-alibaba-gemm-512-512-138: 2500/2500 tasks started.gcp-us-east1-gcp-gemm-512-512-115: 2500/2500 tasks started.azure-germanywestcentral-azure-gemm-512-512-548: 2500/2500 tasks started.
[2025-12-03T17:47:46Z] [[36minfo[0m] [progress_update] azure-germanywestcentral-azure-gemm-512-512-548: 2500/2500 tasks started.aws-us-east-1-aws-gemm-512-512-600: 2500/2500 tasks started.alibaba-us-east-1-alibaba-gemm-512-512-138: 2500/2500 tasks started.gcp-us-east1-gcp-gemm-512-512-115: 2500/2500 tasks started.
[2025-12-03T17:47:56Z] [[36minfo[0m] [progress_update] aws-us-east-1-aws-gemm-512-512-600: 2500/2500 tasks started.alibaba-us-east-1-alibaba-gemm-512-512-138: 2500/2500 tasks started.gcp-us-east1-gcp-gemm-512-512-115: 2500/2500 tasks started.azure-germanywestcentral-azure-gemm-512-512-548: 2500/2500 tasks started.
[2025-12-03T17:48:06Z] [[36minfo[0m] [progress_update] gcp-us-east1-gcp-gemm-512-512-115: 2500/2500 tasks started.azure-germanywestcentral-azure-gemm-512-512-548: 2500/2500 tasks started.aws-us-east-1-aws-gemm-512-512-600: 2500/2500 tasks started.alibaba-us-east-1-alibaba-gemm-512-512-138: 2500/2500 tasks started.
[2025-12-03T17:48:16Z] [[36minfo[0m] [progress_update] azure-germanywestcentral-azure-gemm-512-512-548: 2500/2500 tasks started.aws-us-east-1-aws-gemm-512-512-600: 2500/2500 tasks started.alibaba-us-east-1-alibaba-gemm-512-512-138: 2500/2500 tasks started.gcp-us-east1-gcp-gemm-512-512-115: 2500/2500 tasks started.
[2025-12-03T17:48:26Z] [[36minfo[0m] [progress_update] azure-germanywestcentral-azure-gemm-512-512-548: 2500/2500 tasks started.aws-us-east-1-aws-gemm-512-512-600: 2500/2500 tasks started.alibaba-us-east-1-alibaba-gemm-512-512-138: 2500/2500 tasks started.gcp-us-east1-gcp-gemm-512-512-115: 2500/2500 tasks started.
[2025-12-03T17:48:36Z] [[36minfo[0m] [progress_update] aws-us-east-1-aws-gemm-512-512-600: 2500/2500 tasks started.alibaba-us-east-1-alibaba-gemm-512-512-138: 2500/2500 tasks started.gcp-us-east1-gcp-gemm-512-512-115: 2500/2500 tasks started.azure-germanywestcentral-azure-gemm-512-512-548: 2500/2500 tasks started.
[2025-12-03T17:48:46Z] [[36minfo[0m] [progress_update] aws-us-east-1-aws-gemm-512-512-600: 2500/2500 tasks started.alibaba-us-east-1-alibaba-gemm-512-512-138: 2500/2500 tasks started.gcp-us-east1-gcp-gemm-512-512-115: 2500/2500 tasks started.azure-germanywestcentral-azure-gemm-512-512-548: 2500/2500 tasks started.
[2025-12-03T17:48:56Z] [[36minfo[0m] [progress_update] aws-us-east-1-aws-gemm-512-512-600: 2500/2500 tasks started.alibaba-us-east-1-alibaba-gemm-512-512-138: 2500/2500 tasks started.gcp-us-east1-gcp-gemm-512-512-115: 2500/2500 tasks started.azure-germanywestcentral-azure-gemm-512-512-548: 2500/2500 tasks started.
[2025-12-03T17:49:06Z] [[36minfo[0m] [progress_update] gcp-us-east1-gcp-gemm-512-512-115: 2500/2500 tasks started.azure-germanywestcentral-azure-gemm-512-512-548: 2500/2500 tasks started.aws-us-east-1-aws-gemm-512-512-600: 2500/2500 tasks started.alibaba-us-east-1-alibaba-gemm-512-512-138: 2500/2500 tasks started.
[2025-12-03T17:49:16Z] [[36minfo[0m] [progress_update] aws-us-east-1-aws-gemm-512-512-600: 2500/2500 tasks started.alibaba-us-east-1-alibaba-gemm-512-512-138: 2500/2500 tasks started.gcp-us-east1-gcp-gemm-512-512-115: 2500/2500 tasks started.azure-germanywestcentral-azure-gemm-512-512-548: 2500/2500 tasks started.
[2025-12-03T17:49:24Z] [[31merror[0m] [task_execution] Error executing task azure-gemm-512: task azure-gemm-512 failed after 7 retries: <nil>
[2025-12-03T17:49:25Z] [[31merror[0m] [task_execution] Error executing task azure-gemm-512: task azure-gemm-512 failed after 7 retries: <nil>
[2025-12-03T17:49:25Z] [[31merror[0m] [task_execution] Error executing task azure-gemm-512: task azure-gemm-512 failed after 7 retries: <nil>
[2025-12-03T17:49:25Z] [[31merror[0m] [task_execution] Error executing task azure-gemm-512: task azure-gemm-512 failed after 7 retries: <nil>
[2025-12-03T17:49:25Z] [[31merror[0m] [task_execution] Error executing task azure-gemm-512: task azure-gemm-512 failed after 7 retries: <nil>
[2025-12-03T17:49:25Z] [[31merror[0m] [task_execution] Error executing task azure-gemm-512: task azure-gemm-512 failed after 7 retries: <nil>
[2025-12-03T17:49:25Z] [[31merror[0m] [task_execution] Error executing task azure-gemm-512: task azure-gemm-512 failed after 7 retries: <nil>
[2025-12-03T17:49:26Z] [[31merror[0m] [task_execution] Error executing task azure-gemm-512: task azure-gemm-512 failed after 7 retries: <nil>
[2025-12-03T17:49:26Z] [[31merror[0m] [task_execution] Error executing task azure-gemm-512: task azure-gemm-512 failed after 7 retries: <nil>
[2025-12-03T17:49:26Z] [[31merror[0m] [task_execution] Error executing task azure-gemm-512: task azure-gemm-512 failed after 7 retries: <nil>
[2025-12-03T17:49:26Z] [[36minfo[0m] [progress_update] alibaba-us-east-1-alibaba-gemm-512-512-138: 2500/2500 tasks started.gcp-us-east1-gcp-gemm-512-512-115: 2500/2500 tasks started.azure-germanywestcentral-azure-gemm-512-512-548: 2500/2500 tasks started.aws-us-east-1-aws-gemm-512-512-600: 2500/2500 tasks started.
[2025-12-03T17:49:36Z] [[36minfo[0m] [progress_update] aws-us-east-1-aws-gemm-512-512-600: 2500/2500 tasks started.alibaba-us-east-1-alibaba-gemm-512-512-138: 2500/2500 tasks started.gcp-us-east1-gcp-gemm-512-512-115: 2500/2500 tasks started.azure-germanywestcentral-azure-gemm-512-512-548: 2500/2500 tasks started.
[2025-12-03T17:49:43Z] [[31merror[0m] [task_execution] Error executing task azure-gemm-512: task azure-gemm-512 failed after 7 retries: <nil>
[2025-12-03T17:49:43Z] [[31merror[0m] [task_execution] Error executing task azure-gemm-512: task azure-gemm-512 failed after 7 retries: <nil>
[2025-12-03T17:49:43Z] [[31merror[0m] [task_execution] Error executing task azure-gemm-512: task azure-gemm-512 failed after 7 retries: <nil>
[2025-12-03T17:49:43Z] [[31merror[0m] [task_execution] Error executing task azure-gemm-512: task azure-gemm-512 failed after 7 retries: <nil>
[2025-12-03T17:49:43Z] [[31merror[0m] [task_execution] Error executing task azure-gemm-512: task azure-gemm-512 failed after 7 retries: <nil>
[2025-12-03T17:49:43Z] [[31merror[0m] [task_execution] Error executing task azure-gemm-512: task azure-gemm-512 failed after 7 retries: <nil>
[2025-12-03T17:49:43Z] [[31merror[0m] [task_execution] Error executing task azure-gemm-512: task azure-gemm-512 failed after 7 retries: <nil>
[2025-12-03T17:49:43Z] [[31merror[0m] [task_execution] Error executing task azure-gemm-512: task azure-gemm-512 failed after 7 retries: <nil>
[2025-12-03T17:49:43Z] [[31merror[0m] [task_execution] Error executing task azure-gemm-512: task azure-gemm-512 failed after 7 retries: <nil>
[2025-12-03T17:49:44Z] [[31merror[0m] [task_execution] Error executing task azure-gemm-512: task azure-gemm-512 failed after 7 retries: <nil>
[2025-12-03T17:49:44Z] [[31merror[0m] [task_execution] Error executing task azure-gemm-512: task azure-gemm-512 failed after 7 retries: <nil>
[2025-12-03T17:49:44Z] [[31merror[0m] [task_execution] Error executing task azure-gemm-512: task azure-gemm-512 failed after 7 retries: <nil>
[2025-12-03T17:49:45Z] [[31merror[0m] [task_execution] Error executing task azure-gemm-512: task azure-gemm-512 failed after 7 retries: <nil>
[2025-12-03T17:49:46Z] [[36minfo[0m] [progress_update] aws-us-east-1-aws-gemm-512-512-600: 2500/2500 tasks started.alibaba-us-east-1-alibaba-gemm-512-512-138: 2500/2500 tasks started.gcp-us-east1-gcp-gemm-512-512-115: 2500/2500 tasks started.azure-germanywestcentral-azure-gemm-512-512-548: 2500/2500 tasks started.
[2025-12-03T17:49:50Z] [[36minfo[0m] [function_finished] Finished benchmarking function azure-gemm-512 and closed archiver
[2025-12-03T17:49:52Z] [[36minfo[0m] [finish_timeline] Benchmark Timeline
[Wed Dec  3 17:49:52 UTC 2025] Finished benchmark 'gemm' successfully
[Wed Dec  3 17:49:52 UTC 2025] Sleeping 600 seconds before next workload...
