[Mon Dec  1 17:31:27 UTC 2025] Starting benchmark 'json' with config './configs/json.yaml'
Validating functions...
[2025-12-01T17:31:27Z] [[36minfo[0m] [executor_setup] Setting up executor for aws-us-east-1-aws-json-512-512-887
[2025-12-01T17:31:27Z] [[36minfo[0m] [executor_setup] Setting up executor for alibaba-us-east-1-alibaba-json-512-512-205
[2025-12-01T17:31:27Z] [[36minfo[0m] [executor_setup] Setting up executor for azure-germanywestcentral-azure-json-512-512-734
[2025-12-01T17:31:27Z] [[0mwarning[0m] [[32mazure_limitations[0m] Azure can´t handle more than 300 parallel requests. Limiting to 300.
[2025-12-01T17:31:27Z] [[36minfo[0m] [executor_setup] Setting up executor for gcp-us-east1-gcp-json-512-512-151
[2025-12-01T17:31:27Z] [[36minfo[0m] [start_timeline] Benchmark Timeline
[2025-12-01T17:31:27Z] [[36minfo[0m] [load_generator_start] (gcp: us-east1) Starting load generator with 300 workers
[2025-12-01T17:31:27Z] [[36minfo[0m] [load_generator_start] (aws: us-east-1) Starting load generator with 500 workers
[2025-12-01T17:31:27Z] [[36minfo[0m] [load_generator_start] (alibaba: us-east-1) Starting load generator with 500 workers
[2025-12-01T17:31:27Z] [[36minfo[0m] [load_generator_start] (azure: germanywestcentral) Starting load generator with 300 workers
[2025-12-01T17:31:37Z] [[36minfo[0m] [progress_update] alibaba-us-east-1-alibaba-json-512-512-205: 1456/2500 tasks started.azure-germanywestcentral-azure-json-512-512-734: 721/2500 tasks started.gcp-us-east1-gcp-json-512-512-151: 1020/2500 tasks started.aws-us-east-1-aws-json-512-512-887: 1699/2500 tasks started.
[2025-12-01T17:31:47Z] [[36minfo[0m] [progress_update] aws-us-east-1-aws-json-512-512-887: 2500/2500 tasks started.alibaba-us-east-1-alibaba-json-512-512-205: 2500/2500 tasks started.azure-germanywestcentral-azure-json-512-512-734: 726/2500 tasks started.gcp-us-east1-gcp-json-512-512-151: 1969/2500 tasks started.
[2025-12-01T17:31:54Z] [[36minfo[0m] [function_finished] Finished benchmarking function aws-json-512 and closed archiver
[2025-12-01T17:31:57Z] [[36minfo[0m] [progress_update] azure-germanywestcentral-azure-json-512-512-734: 1338/2500 tasks started.gcp-us-east1-gcp-json-512-512-151: 2500/2500 tasks started.aws-us-east-1-aws-json-512-512-887: 2500/2500 tasks started.alibaba-us-east-1-alibaba-json-512-512-205: 2500/2500 tasks started.
[2025-12-01T17:32:05Z] [[36minfo[0m] [function_finished] Finished benchmarking function gcp-json-512 and closed archiver
[2025-12-01T17:32:07Z] [[36minfo[0m] [progress_update] azure-germanywestcentral-azure-json-512-512-734: 1885/2500 tasks started.gcp-us-east1-gcp-json-512-512-151: 2500/2500 tasks started.aws-us-east-1-aws-json-512-512-887: 2500/2500 tasks started.alibaba-us-east-1-alibaba-json-512-512-205: 2500/2500 tasks started.
[2025-12-01T17:32:17Z] [[36minfo[0m] [progress_update] alibaba-us-east-1-alibaba-json-512-512-205: 2500/2500 tasks started.azure-germanywestcentral-azure-json-512-512-734: 2500/2500 tasks started.gcp-us-east1-gcp-json-512-512-151: 2500/2500 tasks started.aws-us-east-1-aws-json-512-512-887: 2500/2500 tasks started.
[2025-12-01T17:32:27Z] [[36minfo[0m] [progress_update] azure-germanywestcentral-azure-json-512-512-734: 2500/2500 tasks started.gcp-us-east1-gcp-json-512-512-151: 2500/2500 tasks started.aws-us-east-1-aws-json-512-512-887: 2500/2500 tasks started.alibaba-us-east-1-alibaba-json-512-512-205: 2500/2500 tasks started.
[2025-12-01T17:32:37Z] [[36minfo[0m] [progress_update] aws-us-east-1-aws-json-512-512-887: 2500/2500 tasks started.alibaba-us-east-1-alibaba-json-512-512-205: 2500/2500 tasks started.azure-germanywestcentral-azure-json-512-512-734: 2500/2500 tasks started.gcp-us-east1-gcp-json-512-512-151: 2500/2500 tasks started.
[2025-12-01T17:32:47Z] [[36minfo[0m] [progress_update] aws-us-east-1-aws-json-512-512-887: 2500/2500 tasks started.alibaba-us-east-1-alibaba-json-512-512-205: 2500/2500 tasks started.azure-germanywestcentral-azure-json-512-512-734: 2500/2500 tasks started.gcp-us-east1-gcp-json-512-512-151: 2500/2500 tasks started.
[2025-12-01T17:32:55Z] [[36minfo[0m] [function_finished] Finished benchmarking function alibaba-json-512 and closed archiver
[2025-12-01T17:32:57Z] [[36minfo[0m] [progress_update] aws-us-east-1-aws-json-512-512-887: 2500/2500 tasks started.alibaba-us-east-1-alibaba-json-512-512-205: 2500/2500 tasks started.azure-germanywestcentral-azure-json-512-512-734: 2500/2500 tasks started.gcp-us-east1-gcp-json-512-512-151: 2500/2500 tasks started.
[2025-12-01T17:33:07Z] [[36minfo[0m] [progress_update] aws-us-east-1-aws-json-512-512-887: 2500/2500 tasks started.alibaba-us-east-1-alibaba-json-512-512-205: 2500/2500 tasks started.azure-germanywestcentral-azure-json-512-512-734: 2500/2500 tasks started.gcp-us-east1-gcp-json-512-512-151: 2500/2500 tasks started.
[2025-12-01T17:33:17Z] [[36minfo[0m] [progress_update] alibaba-us-east-1-alibaba-json-512-512-205: 2500/2500 tasks started.azure-germanywestcentral-azure-json-512-512-734: 2500/2500 tasks started.gcp-us-east1-gcp-json-512-512-151: 2500/2500 tasks started.aws-us-east-1-aws-json-512-512-887: 2500/2500 tasks started.
[2025-12-01T17:33:27Z] [[36minfo[0m] [progress_update] alibaba-us-east-1-alibaba-json-512-512-205: 2500/2500 tasks started.azure-germanywestcentral-azure-json-512-512-734: 2500/2500 tasks started.gcp-us-east1-gcp-json-512-512-151: 2500/2500 tasks started.aws-us-east-1-aws-json-512-512-887: 2500/2500 tasks started.
[2025-12-01T17:33:37Z] [[36minfo[0m] [progress_update] aws-us-east-1-aws-json-512-512-887: 2500/2500 tasks started.alibaba-us-east-1-alibaba-json-512-512-205: 2500/2500 tasks started.azure-germanywestcentral-azure-json-512-512-734: 2500/2500 tasks started.gcp-us-east1-gcp-json-512-512-151: 2500/2500 tasks started.
[2025-12-01T17:33:47Z] [[36minfo[0m] [progress_update] aws-us-east-1-aws-json-512-512-887: 2500/2500 tasks started.alibaba-us-east-1-alibaba-json-512-512-205: 2500/2500 tasks started.azure-germanywestcentral-azure-json-512-512-734: 2500/2500 tasks started.gcp-us-east1-gcp-json-512-512-151: 2500/2500 tasks started.
[2025-12-01T17:33:57Z] [[36minfo[0m] [progress_update] azure-germanywestcentral-azure-json-512-512-734: 2500/2500 tasks started.gcp-us-east1-gcp-json-512-512-151: 2500/2500 tasks started.aws-us-east-1-aws-json-512-512-887: 2500/2500 tasks started.alibaba-us-east-1-alibaba-json-512-512-205: 2500/2500 tasks started.
[2025-12-01T17:34:07Z] [[36minfo[0m] [progress_update] aws-us-east-1-aws-json-512-512-887: 2500/2500 tasks started.alibaba-us-east-1-alibaba-json-512-512-205: 2500/2500 tasks started.azure-germanywestcentral-azure-json-512-512-734: 2500/2500 tasks started.gcp-us-east1-gcp-json-512-512-151: 2500/2500 tasks started.
[2025-12-01T17:34:17Z] [[36minfo[0m] [progress_update] gcp-us-east1-gcp-json-512-512-151: 2500/2500 tasks started.aws-us-east-1-aws-json-512-512-887: 2500/2500 tasks started.alibaba-us-east-1-alibaba-json-512-512-205: 2500/2500 tasks started.azure-germanywestcentral-azure-json-512-512-734: 2500/2500 tasks started.
[2025-12-01T17:34:27Z] [[36minfo[0m] [progress_update] gcp-us-east1-gcp-json-512-512-151: 2500/2500 tasks started.aws-us-east-1-aws-json-512-512-887: 2500/2500 tasks started.alibaba-us-east-1-alibaba-json-512-512-205: 2500/2500 tasks started.azure-germanywestcentral-azure-json-512-512-734: 2500/2500 tasks started.
[2025-12-01T17:34:37Z] [[36minfo[0m] [progress_update] gcp-us-east1-gcp-json-512-512-151: 2500/2500 tasks started.aws-us-east-1-aws-json-512-512-887: 2500/2500 tasks started.alibaba-us-east-1-alibaba-json-512-512-205: 2500/2500 tasks started.azure-germanywestcentral-azure-json-512-512-734: 2500/2500 tasks started.
[2025-12-01T17:34:47Z] [[36minfo[0m] [progress_update] aws-us-east-1-aws-json-512-512-887: 2500/2500 tasks started.alibaba-us-east-1-alibaba-json-512-512-205: 2500/2500 tasks started.azure-germanywestcentral-azure-json-512-512-734: 2500/2500 tasks started.gcp-us-east1-gcp-json-512-512-151: 2500/2500 tasks started.
[2025-12-01T17:34:57Z] [[36minfo[0m] [progress_update] alibaba-us-east-1-alibaba-json-512-512-205: 2500/2500 tasks started.azure-germanywestcentral-azure-json-512-512-734: 2500/2500 tasks started.gcp-us-east1-gcp-json-512-512-151: 2500/2500 tasks started.aws-us-east-1-aws-json-512-512-887: 2500/2500 tasks started.
[2025-12-01T17:35:07Z] [[36minfo[0m] [progress_update] azure-germanywestcentral-azure-json-512-512-734: 2500/2500 tasks started.gcp-us-east1-gcp-json-512-512-151: 2500/2500 tasks started.aws-us-east-1-aws-json-512-512-887: 2500/2500 tasks started.alibaba-us-east-1-alibaba-json-512-512-205: 2500/2500 tasks started.
[2025-12-01T17:35:17Z] [[36minfo[0m] [progress_update] aws-us-east-1-aws-json-512-512-887: 2500/2500 tasks started.alibaba-us-east-1-alibaba-json-512-512-205: 2500/2500 tasks started.azure-germanywestcentral-azure-json-512-512-734: 2500/2500 tasks started.gcp-us-east1-gcp-json-512-512-151: 2500/2500 tasks started.
[2025-12-01T17:35:27Z] [[36minfo[0m] [progress_update] aws-us-east-1-aws-json-512-512-887: 2500/2500 tasks started.alibaba-us-east-1-alibaba-json-512-512-205: 2500/2500 tasks started.azure-germanywestcentral-azure-json-512-512-734: 2500/2500 tasks started.gcp-us-east1-gcp-json-512-512-151: 2500/2500 tasks started.
[2025-12-01T17:35:37Z] [[36minfo[0m] [progress_update] aws-us-east-1-aws-json-512-512-887: 2500/2500 tasks started.alibaba-us-east-1-alibaba-json-512-512-205: 2500/2500 tasks started.azure-germanywestcentral-azure-json-512-512-734: 2500/2500 tasks started.gcp-us-east1-gcp-json-512-512-151: 2500/2500 tasks started.
[2025-12-01T17:35:47Z] [[36minfo[0m] [progress_update] aws-us-east-1-aws-json-512-512-887: 2500/2500 tasks started.alibaba-us-east-1-alibaba-json-512-512-205: 2500/2500 tasks started.azure-germanywestcentral-azure-json-512-512-734: 2500/2500 tasks started.gcp-us-east1-gcp-json-512-512-151: 2500/2500 tasks started.
[2025-12-01T17:35:57Z] [[36minfo[0m] [progress_update] alibaba-us-east-1-alibaba-json-512-512-205: 2500/2500 tasks started.azure-germanywestcentral-azure-json-512-512-734: 2500/2500 tasks started.gcp-us-east1-gcp-json-512-512-151: 2500/2500 tasks started.aws-us-east-1-aws-json-512-512-887: 2500/2500 tasks started.
[2025-12-01T17:36:05Z] [[31merror[0m] [task_execution] Error executing task azure-json-512: task azure-json-512 failed after 7 retries: <nil>
[2025-12-01T17:36:05Z] [[31merror[0m] [task_execution] Error executing task azure-json-512: task azure-json-512 failed after 7 retries: <nil>
[2025-12-01T17:36:05Z] [[31merror[0m] [task_execution] Error executing task azure-json-512: task azure-json-512 failed after 7 retries: <nil>
[2025-12-01T17:36:05Z] [[31merror[0m] [task_execution] Error executing task azure-json-512: task azure-json-512 failed after 7 retries: <nil>
[2025-12-01T17:36:06Z] [[31merror[0m] [task_execution] Error executing task azure-json-512: task azure-json-512 failed after 7 retries: <nil>
[2025-12-01T17:36:07Z] [[36minfo[0m] [progress_update] aws-us-east-1-aws-json-512-512-887: 2500/2500 tasks started.alibaba-us-east-1-alibaba-json-512-512-205: 2500/2500 tasks started.azure-germanywestcentral-azure-json-512-512-734: 2500/2500 tasks started.gcp-us-east1-gcp-json-512-512-151: 2500/2500 tasks started.
[2025-12-01T17:36:11Z] [[36minfo[0m] [function_finished] Finished benchmarking function azure-json-512 and closed archiver
[2025-12-01T17:36:13Z] [[36minfo[0m] [finish_timeline] Benchmark Timeline
[Mon Dec  1 17:36:13 UTC 2025] Finished benchmark 'json' successfully
[Mon Dec  1 17:36:13 UTC 2025] Sleeping 600 seconds before next workload...
