[Sat Dec  6 05:00:02 UTC 2025] Starting benchmark 'gemm' with config './configs/gemm.yaml'
Validating functions...
[2025-12-06T05:00:02Z] [[36minfo[0m] [executor_setup] Setting up executor for aws-us-east-1-aws-gemm-512-512-437
[2025-12-06T05:00:02Z] [[36minfo[0m] [executor_setup] Setting up executor for alibaba-us-east-1-alibaba-gemm-512-512-610
[2025-12-06T05:00:02Z] [[36minfo[0m] [executor_setup] Setting up executor for gcp-us-east1-gcp-gemm-512-512-584
[2025-12-06T05:00:02Z] [[36minfo[0m] [executor_setup] Setting up executor for azure-germanywestcentral-azure-gemm-512-512-911
[2025-12-06T05:00:02Z] [[0mwarning[0m] [[32mazure_limitations[0m] Azure can´t handle more than 300 parallel requests. Limiting to 300.
[2025-12-06T05:00:02Z] [[36minfo[0m] [start_timeline] Benchmark Timeline
[2025-12-06T05:00:02Z] [[36minfo[0m] [load_generator_start] (azure: germanywestcentral) Starting load generator with 300 workers
[2025-12-06T05:00:02Z] [[36minfo[0m] [load_generator_start] (aws: us-east-1) Starting load generator with 500 workers
[2025-12-06T05:00:02Z] [[36minfo[0m] [load_generator_start] (alibaba: us-east-1) Starting load generator with 500 workers
[2025-12-06T05:00:02Z] [[36minfo[0m] [load_generator_start] (gcp: us-east1) Starting load generator with 500 workers
[2025-12-06T05:00:12Z] [[36minfo[0m] [progress_update] aws-us-east-1-aws-gemm-512-512-437: 1584/2500 tasks started.alibaba-us-east-1-alibaba-gemm-512-512-610: 1231/2500 tasks started.gcp-us-east1-gcp-gemm-512-512-584: 1364/2500 tasks started.azure-germanywestcentral-azure-gemm-512-512-911: 700/2500 tasks started.
[2025-12-06T05:00:22Z] [[36minfo[0m] [progress_update] gcp-us-east1-gcp-gemm-512-512-584: 2500/2500 tasks started.azure-germanywestcentral-azure-gemm-512-512-911: 702/2500 tasks started.aws-us-east-1-aws-gemm-512-512-437: 2500/2500 tasks started.alibaba-us-east-1-alibaba-gemm-512-512-610: 2134/2500 tasks started.
[2025-12-06T05:00:32Z] [[36minfo[0m] [progress_update] aws-us-east-1-aws-gemm-512-512-437: 2500/2500 tasks started.alibaba-us-east-1-alibaba-gemm-512-512-610: 2500/2500 tasks started.gcp-us-east1-gcp-gemm-512-512-584: 2500/2500 tasks started.azure-germanywestcentral-azure-gemm-512-512-911: 1395/2500 tasks started.
[2025-12-06T05:00:32Z] [[36minfo[0m] [function_finished] Finished benchmarking function aws-gemm-512 and closed archiver
[2025-12-06T05:00:42Z] [[36minfo[0m] [progress_update] aws-us-east-1-aws-gemm-512-512-437: 2500/2500 tasks started.alibaba-us-east-1-alibaba-gemm-512-512-610: 2500/2500 tasks started.gcp-us-east1-gcp-gemm-512-512-584: 2500/2500 tasks started.azure-germanywestcentral-azure-gemm-512-512-911: 1853/2500 tasks started.
[2025-12-06T05:00:42Z] [[36minfo[0m] [function_finished] Finished benchmarking function gcp-gemm-512 and closed archiver
[2025-12-06T05:00:52Z] [[36minfo[0m] [progress_update] azure-germanywestcentral-azure-gemm-512-512-911: 2425/2500 tasks started.aws-us-east-1-aws-gemm-512-512-437: 2500/2500 tasks started.alibaba-us-east-1-alibaba-gemm-512-512-610: 2500/2500 tasks started.gcp-us-east1-gcp-gemm-512-512-584: 2500/2500 tasks started.
[2025-12-06T05:01:02Z] [[36minfo[0m] [progress_update] aws-us-east-1-aws-gemm-512-512-437: 2500/2500 tasks started.alibaba-us-east-1-alibaba-gemm-512-512-610: 2500/2500 tasks started.gcp-us-east1-gcp-gemm-512-512-584: 2500/2500 tasks started.azure-germanywestcentral-azure-gemm-512-512-911: 2444/2500 tasks started.
[2025-12-06T05:01:12Z] [[36minfo[0m] [progress_update] aws-us-east-1-aws-gemm-512-512-437: 2500/2500 tasks started.alibaba-us-east-1-alibaba-gemm-512-512-610: 2500/2500 tasks started.gcp-us-east1-gcp-gemm-512-512-584: 2500/2500 tasks started.azure-germanywestcentral-azure-gemm-512-512-911: 2447/2500 tasks started.
[2025-12-06T05:01:22Z] [[36minfo[0m] [progress_update] aws-us-east-1-aws-gemm-512-512-437: 2500/2500 tasks started.alibaba-us-east-1-alibaba-gemm-512-512-610: 2500/2500 tasks started.gcp-us-east1-gcp-gemm-512-512-584: 2500/2500 tasks started.azure-germanywestcentral-azure-gemm-512-512-911: 2454/2500 tasks started.
[2025-12-06T05:01:32Z] [[36minfo[0m] [progress_update] aws-us-east-1-aws-gemm-512-512-437: 2500/2500 tasks started.alibaba-us-east-1-alibaba-gemm-512-512-610: 2500/2500 tasks started.gcp-us-east1-gcp-gemm-512-512-584: 2500/2500 tasks started.azure-germanywestcentral-azure-gemm-512-512-911: 2461/2500 tasks started.
[2025-12-06T05:01:42Z] [[36minfo[0m] [progress_update] aws-us-east-1-aws-gemm-512-512-437: 2500/2500 tasks started.alibaba-us-east-1-alibaba-gemm-512-512-610: 2500/2500 tasks started.gcp-us-east1-gcp-gemm-512-512-584: 2500/2500 tasks started.azure-germanywestcentral-azure-gemm-512-512-911: 2500/2500 tasks started.
[2025-12-06T05:01:52Z] [[36minfo[0m] [progress_update] aws-us-east-1-aws-gemm-512-512-437: 2500/2500 tasks started.alibaba-us-east-1-alibaba-gemm-512-512-610: 2500/2500 tasks started.gcp-us-east1-gcp-gemm-512-512-584: 2500/2500 tasks started.azure-germanywestcentral-azure-gemm-512-512-911: 2500/2500 tasks started.
[2025-12-06T05:02:02Z] [[36minfo[0m] [progress_update] aws-us-east-1-aws-gemm-512-512-437: 2500/2500 tasks started.alibaba-us-east-1-alibaba-gemm-512-512-610: 2500/2500 tasks started.gcp-us-east1-gcp-gemm-512-512-584: 2500/2500 tasks started.azure-germanywestcentral-azure-gemm-512-512-911: 2500/2500 tasks started.
[2025-12-06T05:02:12Z] [[36minfo[0m] [progress_update] alibaba-us-east-1-alibaba-gemm-512-512-610: 2500/2500 tasks started.gcp-us-east1-gcp-gemm-512-512-584: 2500/2500 tasks started.azure-germanywestcentral-azure-gemm-512-512-911: 2500/2500 tasks started.aws-us-east-1-aws-gemm-512-512-437: 2500/2500 tasks started.
[2025-12-06T05:02:22Z] [[36minfo[0m] [progress_update] alibaba-us-east-1-alibaba-gemm-512-512-610: 2500/2500 tasks started.gcp-us-east1-gcp-gemm-512-512-584: 2500/2500 tasks started.azure-germanywestcentral-azure-gemm-512-512-911: 2500/2500 tasks started.aws-us-east-1-aws-gemm-512-512-437: 2500/2500 tasks started.
[2025-12-06T05:02:32Z] [[36minfo[0m] [progress_update] azure-germanywestcentral-azure-gemm-512-512-911: 2500/2500 tasks started.aws-us-east-1-aws-gemm-512-512-437: 2500/2500 tasks started.alibaba-us-east-1-alibaba-gemm-512-512-610: 2500/2500 tasks started.gcp-us-east1-gcp-gemm-512-512-584: 2500/2500 tasks started.
[2025-12-06T05:02:42Z] [[36minfo[0m] [progress_update] gcp-us-east1-gcp-gemm-512-512-584: 2500/2500 tasks started.azure-germanywestcentral-azure-gemm-512-512-911: 2500/2500 tasks started.aws-us-east-1-aws-gemm-512-512-437: 2500/2500 tasks started.alibaba-us-east-1-alibaba-gemm-512-512-610: 2500/2500 tasks started.
[2025-12-06T05:02:52Z] [[36minfo[0m] [progress_update] alibaba-us-east-1-alibaba-gemm-512-512-610: 2500/2500 tasks started.gcp-us-east1-gcp-gemm-512-512-584: 2500/2500 tasks started.azure-germanywestcentral-azure-gemm-512-512-911: 2500/2500 tasks started.aws-us-east-1-aws-gemm-512-512-437: 2500/2500 tasks started.
[2025-12-06T05:03:02Z] [[36minfo[0m] [progress_update] gcp-us-east1-gcp-gemm-512-512-584: 2500/2500 tasks started.azure-germanywestcentral-azure-gemm-512-512-911: 2500/2500 tasks started.aws-us-east-1-aws-gemm-512-512-437: 2500/2500 tasks started.alibaba-us-east-1-alibaba-gemm-512-512-610: 2500/2500 tasks started.
[2025-12-06T05:03:12Z] [[36minfo[0m] [progress_update] aws-us-east-1-aws-gemm-512-512-437: 2500/2500 tasks started.alibaba-us-east-1-alibaba-gemm-512-512-610: 2500/2500 tasks started.gcp-us-east1-gcp-gemm-512-512-584: 2500/2500 tasks started.azure-germanywestcentral-azure-gemm-512-512-911: 2500/2500 tasks started.
[2025-12-06T05:03:22Z] [[36minfo[0m] [progress_update] aws-us-east-1-aws-gemm-512-512-437: 2500/2500 tasks started.alibaba-us-east-1-alibaba-gemm-512-512-610: 2500/2500 tasks started.gcp-us-east1-gcp-gemm-512-512-584: 2500/2500 tasks started.azure-germanywestcentral-azure-gemm-512-512-911: 2500/2500 tasks started.
[2025-12-06T05:03:32Z] [[36minfo[0m] [progress_update] gcp-us-east1-gcp-gemm-512-512-584: 2500/2500 tasks started.azure-germanywestcentral-azure-gemm-512-512-911: 2500/2500 tasks started.aws-us-east-1-aws-gemm-512-512-437: 2500/2500 tasks started.alibaba-us-east-1-alibaba-gemm-512-512-610: 2500/2500 tasks started.
[2025-12-06T05:03:42Z] [[36minfo[0m] [progress_update] azure-germanywestcentral-azure-gemm-512-512-911: 2500/2500 tasks started.aws-us-east-1-aws-gemm-512-512-437: 2500/2500 tasks started.alibaba-us-east-1-alibaba-gemm-512-512-610: 2500/2500 tasks started.gcp-us-east1-gcp-gemm-512-512-584: 2500/2500 tasks started.
[2025-12-06T05:03:52Z] [[36minfo[0m] [progress_update] aws-us-east-1-aws-gemm-512-512-437: 2500/2500 tasks started.alibaba-us-east-1-alibaba-gemm-512-512-610: 2500/2500 tasks started.gcp-us-east1-gcp-gemm-512-512-584: 2500/2500 tasks started.azure-germanywestcentral-azure-gemm-512-512-911: 2500/2500 tasks started.
[2025-12-06T05:04:02Z] [[36minfo[0m] [progress_update] aws-us-east-1-aws-gemm-512-512-437: 2500/2500 tasks started.alibaba-us-east-1-alibaba-gemm-512-512-610: 2500/2500 tasks started.gcp-us-east1-gcp-gemm-512-512-584: 2500/2500 tasks started.azure-germanywestcentral-azure-gemm-512-512-911: 2500/2500 tasks started.
[2025-12-06T05:04:12Z] [[36minfo[0m] [progress_update] alibaba-us-east-1-alibaba-gemm-512-512-610: 2500/2500 tasks started.gcp-us-east1-gcp-gemm-512-512-584: 2500/2500 tasks started.azure-germanywestcentral-azure-gemm-512-512-911: 2500/2500 tasks started.aws-us-east-1-aws-gemm-512-512-437: 2500/2500 tasks started.
[2025-12-06T05:04:22Z] [[36minfo[0m] [progress_update] aws-us-east-1-aws-gemm-512-512-437: 2500/2500 tasks started.alibaba-us-east-1-alibaba-gemm-512-512-610: 2500/2500 tasks started.gcp-us-east1-gcp-gemm-512-512-584: 2500/2500 tasks started.azure-germanywestcentral-azure-gemm-512-512-911: 2500/2500 tasks started.
[2025-12-06T05:04:28Z] [[31merror[0m] [task_execution] Error executing task alibaba-gemm-512: task alibaba-gemm-512 failed after 7 retries: <nil>
[2025-12-06T05:04:32Z] [[36minfo[0m] [progress_update] aws-us-east-1-aws-gemm-512-512-437: 2500/2500 tasks started.alibaba-us-east-1-alibaba-gemm-512-512-610: 2500/2500 tasks started.gcp-us-east1-gcp-gemm-512-512-584: 2500/2500 tasks started.azure-germanywestcentral-azure-gemm-512-512-911: 2500/2500 tasks started.
[2025-12-06T05:04:33Z] [[36minfo[0m] [function_finished] Finished benchmarking function alibaba-gemm-512 and closed archiver
[2025-12-06T05:04:42Z] [[36minfo[0m] [progress_update] azure-germanywestcentral-azure-gemm-512-512-911: 2500/2500 tasks started.aws-us-east-1-aws-gemm-512-512-437: 2500/2500 tasks started.alibaba-us-east-1-alibaba-gemm-512-512-610: 2500/2500 tasks started.gcp-us-east1-gcp-gemm-512-512-584: 2500/2500 tasks started.
[2025-12-06T05:04:52Z] [[36minfo[0m] [progress_update] aws-us-east-1-aws-gemm-512-512-437: 2500/2500 tasks started.alibaba-us-east-1-alibaba-gemm-512-512-610: 2500/2500 tasks started.gcp-us-east1-gcp-gemm-512-512-584: 2500/2500 tasks started.azure-germanywestcentral-azure-gemm-512-512-911: 2500/2500 tasks started.
[2025-12-06T05:05:02Z] [[36minfo[0m] [progress_update] aws-us-east-1-aws-gemm-512-512-437: 2500/2500 tasks started.alibaba-us-east-1-alibaba-gemm-512-512-610: 2500/2500 tasks started.gcp-us-east1-gcp-gemm-512-512-584: 2500/2500 tasks started.azure-germanywestcentral-azure-gemm-512-512-911: 2500/2500 tasks started.
[2025-12-06T05:05:02Z] [[31merror[0m] [task_execution] Error executing task azure-gemm-512: task azure-gemm-512 failed after 7 retries: <nil>
[2025-12-06T05:05:03Z] [[31merror[0m] [task_execution] Error executing task azure-gemm-512: task azure-gemm-512 failed after 7 retries: <nil>
[2025-12-06T05:05:04Z] [[31merror[0m] [task_execution] Error executing task azure-gemm-512: task azure-gemm-512 failed after 7 retries: <nil>
[2025-12-06T05:05:06Z] [[31merror[0m] [task_execution] Error executing task azure-gemm-512: task azure-gemm-512 failed after 7 retries: <nil>
[2025-12-06T05:05:08Z] [[31merror[0m] [task_execution] Error executing task azure-gemm-512: task azure-gemm-512 failed after 7 retries: <nil>
[2025-12-06T05:05:08Z] [[31merror[0m] [task_execution] Error executing task azure-gemm-512: task azure-gemm-512 failed after 7 retries: <nil>
[2025-12-06T05:05:08Z] [[31merror[0m] [task_execution] Error executing task azure-gemm-512: task azure-gemm-512 failed after 7 retries: <nil>
[2025-12-06T05:05:09Z] [[31merror[0m] [task_execution] Error executing task azure-gemm-512: task azure-gemm-512 failed after 7 retries: <nil>
[2025-12-06T05:05:12Z] [[36minfo[0m] [progress_update] alibaba-us-east-1-alibaba-gemm-512-512-610: 2500/2500 tasks started.gcp-us-east1-gcp-gemm-512-512-584: 2500/2500 tasks started.azure-germanywestcentral-azure-gemm-512-512-911: 2500/2500 tasks started.aws-us-east-1-aws-gemm-512-512-437: 2500/2500 tasks started.
[2025-12-06T05:05:14Z] [[36minfo[0m] [function_finished] Finished benchmarking function azure-gemm-512 and closed archiver
[2025-12-06T05:05:16Z] [[36minfo[0m] [finish_timeline] Benchmark Timeline
[Sat Dec  6 05:05:16 UTC 2025] Finished benchmark 'gemm' successfully
[Sat Dec  6 05:05:16 UTC 2025] Sleeping 600 seconds before next workload...
