[Mon Dec  1 23:46:20 UTC 2025] Starting benchmark 'aesctr' with config './configs/aesCtr.yaml'
Validating functions...
[2025-12-01T23:46:20Z] [[36minfo[0m] [executor_setup] Setting up executor for aws-us-east-1-aws-aesCtr-512-512-562
[2025-12-01T23:46:20Z] [[36minfo[0m] [executor_setup] Setting up executor for alibaba-us-east-1-alibaba-aesCtr-512-512-897
[2025-12-01T23:46:20Z] [[36minfo[0m] [executor_setup] Setting up executor for azure-germanywestcentral-azure-aesCtr-512-512-151
[2025-12-01T23:46:20Z] [[0mwarning[0m] [[32mazure_limitations[0m] Azure can´t handle more than 300 parallel requests. Limiting to 300.
[2025-12-01T23:46:20Z] [[36minfo[0m] [executor_setup] Setting up executor for gcp-us-east1-gcp-aesCtr-512-512-766
[2025-12-01T23:46:20Z] [[36minfo[0m] [start_timeline] Benchmark Timeline
[2025-12-01T23:46:20Z] [[36minfo[0m] [load_generator_start] (alibaba: us-east-1) Starting load generator with 500 workers
[2025-12-01T23:46:20Z] [[36minfo[0m] [load_generator_start] (azure: germanywestcentral) Starting load generator with 300 workers
[2025-12-01T23:46:20Z] [[36minfo[0m] [load_generator_start] (gcp: us-east1) Starting load generator with 300 workers
[2025-12-01T23:46:20Z] [[36minfo[0m] [load_generator_start] (aws: us-east-1) Starting load generator with 500 workers
[2025-12-01T23:46:30Z] [[36minfo[0m] [progress_update] aws-us-east-1-aws-aesCtr-512-512-562: 2109/2500 tasks started.alibaba-us-east-1-alibaba-aesCtr-512-512-897: 2403/2500 tasks started.azure-germanywestcentral-azure-aesCtr-512-512-151: 615/2500 tasks started.gcp-us-east1-gcp-aesCtr-512-512-766: 593/2500 tasks started.
[2025-12-01T23:46:40Z] [[36minfo[0m] [progress_update] gcp-us-east1-gcp-aesCtr-512-512-766: 1173/2500 tasks started.aws-us-east-1-aws-aesCtr-512-512-562: 2500/2500 tasks started.alibaba-us-east-1-alibaba-aesCtr-512-512-897: 2500/2500 tasks started.azure-germanywestcentral-azure-aesCtr-512-512-151: 628/2500 tasks started.
[2025-12-01T23:46:48Z] [[36minfo[0m] [function_finished] Finished benchmarking function aws-aesCtr-512 and closed archiver
[2025-12-01T23:46:50Z] [[36minfo[0m] [progress_update] alibaba-us-east-1-alibaba-aesCtr-512-512-897: 2500/2500 tasks started.azure-germanywestcentral-azure-aesCtr-512-512-151: 1380/2500 tasks started.gcp-us-east1-gcp-aesCtr-512-512-766: 1746/2500 tasks started.aws-us-east-1-aws-aesCtr-512-512-562: 2500/2500 tasks started.
[2025-12-01T23:47:00Z] [[36minfo[0m] [progress_update] azure-germanywestcentral-azure-aesCtr-512-512-151: 1985/2500 tasks started.gcp-us-east1-gcp-aesCtr-512-512-766: 2297/2500 tasks started.aws-us-east-1-aws-aesCtr-512-512-562: 2500/2500 tasks started.alibaba-us-east-1-alibaba-aesCtr-512-512-897: 2500/2500 tasks started.
[2025-12-01T23:47:10Z] [[36minfo[0m] [progress_update] aws-us-east-1-aws-aesCtr-512-512-562: 2500/2500 tasks started.alibaba-us-east-1-alibaba-aesCtr-512-512-897: 2500/2500 tasks started.azure-germanywestcentral-azure-aesCtr-512-512-151: 2257/2500 tasks started.gcp-us-east1-gcp-aesCtr-512-512-766: 2500/2500 tasks started.
[2025-12-01T23:47:20Z] [[36minfo[0m] [progress_update] aws-us-east-1-aws-aesCtr-512-512-562: 2500/2500 tasks started.alibaba-us-east-1-alibaba-aesCtr-512-512-897: 2500/2500 tasks started.azure-germanywestcentral-azure-aesCtr-512-512-151: 2266/2500 tasks started.gcp-us-east1-gcp-aesCtr-512-512-766: 2500/2500 tasks started.
[2025-12-01T23:47:21Z] [[36minfo[0m] [function_finished] Finished benchmarking function gcp-aesCtr-512 and closed archiver
[2025-12-01T23:47:30Z] [[36minfo[0m] [progress_update] azure-germanywestcentral-azure-aesCtr-512-512-151: 2292/2500 tasks started.gcp-us-east1-gcp-aesCtr-512-512-766: 2500/2500 tasks started.aws-us-east-1-aws-aesCtr-512-512-562: 2500/2500 tasks started.alibaba-us-east-1-alibaba-aesCtr-512-512-897: 2500/2500 tasks started.
[2025-12-01T23:47:38Z] [[36minfo[0m] [function_finished] Finished benchmarking function alibaba-aesCtr-512 and closed archiver
[2025-12-01T23:47:40Z] [[36minfo[0m] [progress_update] aws-us-east-1-aws-aesCtr-512-512-562: 2500/2500 tasks started.alibaba-us-east-1-alibaba-aesCtr-512-512-897: 2500/2500 tasks started.azure-germanywestcentral-azure-aesCtr-512-512-151: 2305/2500 tasks started.gcp-us-east1-gcp-aesCtr-512-512-766: 2500/2500 tasks started.
[2025-12-01T23:47:50Z] [[36minfo[0m] [progress_update] aws-us-east-1-aws-aesCtr-512-512-562: 2500/2500 tasks started.alibaba-us-east-1-alibaba-aesCtr-512-512-897: 2500/2500 tasks started.azure-germanywestcentral-azure-aesCtr-512-512-151: 2312/2500 tasks started.gcp-us-east1-gcp-aesCtr-512-512-766: 2500/2500 tasks started.
[2025-12-01T23:48:00Z] [[36minfo[0m] [progress_update] aws-us-east-1-aws-aesCtr-512-512-562: 2500/2500 tasks started.alibaba-us-east-1-alibaba-aesCtr-512-512-897: 2500/2500 tasks started.azure-germanywestcentral-azure-aesCtr-512-512-151: 2318/2500 tasks started.gcp-us-east1-gcp-aesCtr-512-512-766: 2500/2500 tasks started.
[2025-12-01T23:48:10Z] [[36minfo[0m] [progress_update] aws-us-east-1-aws-aesCtr-512-512-562: 2500/2500 tasks started.alibaba-us-east-1-alibaba-aesCtr-512-512-897: 2500/2500 tasks started.azure-germanywestcentral-azure-aesCtr-512-512-151: 2500/2500 tasks started.gcp-us-east1-gcp-aesCtr-512-512-766: 2500/2500 tasks started.
[2025-12-01T23:48:20Z] [[36minfo[0m] [progress_update] gcp-us-east1-gcp-aesCtr-512-512-766: 2500/2500 tasks started.aws-us-east-1-aws-aesCtr-512-512-562: 2500/2500 tasks started.alibaba-us-east-1-alibaba-aesCtr-512-512-897: 2500/2500 tasks started.azure-germanywestcentral-azure-aesCtr-512-512-151: 2500/2500 tasks started.
[2025-12-01T23:48:30Z] [[36minfo[0m] [progress_update] aws-us-east-1-aws-aesCtr-512-512-562: 2500/2500 tasks started.alibaba-us-east-1-alibaba-aesCtr-512-512-897: 2500/2500 tasks started.azure-germanywestcentral-azure-aesCtr-512-512-151: 2500/2500 tasks started.gcp-us-east1-gcp-aesCtr-512-512-766: 2500/2500 tasks started.
[2025-12-01T23:48:40Z] [[36minfo[0m] [progress_update] aws-us-east-1-aws-aesCtr-512-512-562: 2500/2500 tasks started.alibaba-us-east-1-alibaba-aesCtr-512-512-897: 2500/2500 tasks started.azure-germanywestcentral-azure-aesCtr-512-512-151: 2500/2500 tasks started.gcp-us-east1-gcp-aesCtr-512-512-766: 2500/2500 tasks started.
[2025-12-01T23:48:50Z] [[36minfo[0m] [progress_update] alibaba-us-east-1-alibaba-aesCtr-512-512-897: 2500/2500 tasks started.azure-germanywestcentral-azure-aesCtr-512-512-151: 2500/2500 tasks started.gcp-us-east1-gcp-aesCtr-512-512-766: 2500/2500 tasks started.aws-us-east-1-aws-aesCtr-512-512-562: 2500/2500 tasks started.
[2025-12-01T23:49:00Z] [[36minfo[0m] [progress_update] azure-germanywestcentral-azure-aesCtr-512-512-151: 2500/2500 tasks started.gcp-us-east1-gcp-aesCtr-512-512-766: 2500/2500 tasks started.aws-us-east-1-aws-aesCtr-512-512-562: 2500/2500 tasks started.alibaba-us-east-1-alibaba-aesCtr-512-512-897: 2500/2500 tasks started.
[2025-12-01T23:49:10Z] [[36minfo[0m] [progress_update] aws-us-east-1-aws-aesCtr-512-512-562: 2500/2500 tasks started.alibaba-us-east-1-alibaba-aesCtr-512-512-897: 2500/2500 tasks started.azure-germanywestcentral-azure-aesCtr-512-512-151: 2500/2500 tasks started.gcp-us-east1-gcp-aesCtr-512-512-766: 2500/2500 tasks started.
[2025-12-01T23:49:20Z] [[36minfo[0m] [progress_update] alibaba-us-east-1-alibaba-aesCtr-512-512-897: 2500/2500 tasks started.azure-germanywestcentral-azure-aesCtr-512-512-151: 2500/2500 tasks started.gcp-us-east1-gcp-aesCtr-512-512-766: 2500/2500 tasks started.aws-us-east-1-aws-aesCtr-512-512-562: 2500/2500 tasks started.
[2025-12-01T23:49:30Z] [[36minfo[0m] [progress_update] aws-us-east-1-aws-aesCtr-512-512-562: 2500/2500 tasks started.alibaba-us-east-1-alibaba-aesCtr-512-512-897: 2500/2500 tasks started.azure-germanywestcentral-azure-aesCtr-512-512-151: 2500/2500 tasks started.gcp-us-east1-gcp-aesCtr-512-512-766: 2500/2500 tasks started.
[2025-12-01T23:49:40Z] [[36minfo[0m] [progress_update] alibaba-us-east-1-alibaba-aesCtr-512-512-897: 2500/2500 tasks started.azure-germanywestcentral-azure-aesCtr-512-512-151: 2500/2500 tasks started.gcp-us-east1-gcp-aesCtr-512-512-766: 2500/2500 tasks started.aws-us-east-1-aws-aesCtr-512-512-562: 2500/2500 tasks started.
[2025-12-01T23:49:50Z] [[36minfo[0m] [progress_update] aws-us-east-1-aws-aesCtr-512-512-562: 2500/2500 tasks started.alibaba-us-east-1-alibaba-aesCtr-512-512-897: 2500/2500 tasks started.azure-germanywestcentral-azure-aesCtr-512-512-151: 2500/2500 tasks started.gcp-us-east1-gcp-aesCtr-512-512-766: 2500/2500 tasks started.
[2025-12-01T23:50:00Z] [[36minfo[0m] [progress_update] aws-us-east-1-aws-aesCtr-512-512-562: 2500/2500 tasks started.alibaba-us-east-1-alibaba-aesCtr-512-512-897: 2500/2500 tasks started.azure-germanywestcentral-azure-aesCtr-512-512-151: 2500/2500 tasks started.gcp-us-east1-gcp-aesCtr-512-512-766: 2500/2500 tasks started.
[2025-12-01T23:50:10Z] [[36minfo[0m] [progress_update] azure-germanywestcentral-azure-aesCtr-512-512-151: 2500/2500 tasks started.gcp-us-east1-gcp-aesCtr-512-512-766: 2500/2500 tasks started.aws-us-east-1-aws-aesCtr-512-512-562: 2500/2500 tasks started.alibaba-us-east-1-alibaba-aesCtr-512-512-897: 2500/2500 tasks started.
[2025-12-01T23:50:20Z] [[36minfo[0m] [progress_update] alibaba-us-east-1-alibaba-aesCtr-512-512-897: 2500/2500 tasks started.azure-germanywestcentral-azure-aesCtr-512-512-151: 2500/2500 tasks started.gcp-us-east1-gcp-aesCtr-512-512-766: 2500/2500 tasks started.aws-us-east-1-aws-aesCtr-512-512-562: 2500/2500 tasks started.
[2025-12-01T23:50:30Z] [[36minfo[0m] [progress_update] azure-germanywestcentral-azure-aesCtr-512-512-151: 2500/2500 tasks started.gcp-us-east1-gcp-aesCtr-512-512-766: 2500/2500 tasks started.aws-us-east-1-aws-aesCtr-512-512-562: 2500/2500 tasks started.alibaba-us-east-1-alibaba-aesCtr-512-512-897: 2500/2500 tasks started.
[2025-12-01T23:50:40Z] [[36minfo[0m] [progress_update] aws-us-east-1-aws-aesCtr-512-512-562: 2500/2500 tasks started.alibaba-us-east-1-alibaba-aesCtr-512-512-897: 2500/2500 tasks started.azure-germanywestcentral-azure-aesCtr-512-512-151: 2500/2500 tasks started.gcp-us-east1-gcp-aesCtr-512-512-766: 2500/2500 tasks started.
[2025-12-01T23:50:43Z] [[31merror[0m] [task_execution] Error executing task azure-aesCtr-512: task azure-aesCtr-512 failed after 7 retries: <nil>
[2025-12-01T23:50:50Z] [[36minfo[0m] [progress_update] aws-us-east-1-aws-aesCtr-512-512-562: 2500/2500 tasks started.alibaba-us-east-1-alibaba-aesCtr-512-512-897: 2500/2500 tasks started.azure-germanywestcentral-azure-aesCtr-512-512-151: 2500/2500 tasks started.gcp-us-east1-gcp-aesCtr-512-512-766: 2500/2500 tasks started.
[2025-12-01T23:50:58Z] [[31merror[0m] [task_execution] Error executing task azure-aesCtr-512: task azure-aesCtr-512 failed after 7 retries: <nil>
[2025-12-01T23:50:59Z] [[31merror[0m] [task_execution] Error executing task azure-aesCtr-512: task azure-aesCtr-512 failed after 7 retries: <nil>
[2025-12-01T23:51:00Z] [[31merror[0m] [task_execution] Error executing task azure-aesCtr-512: task azure-aesCtr-512 failed after 7 retries: <nil>
[2025-12-01T23:51:00Z] [[36minfo[0m] [progress_update] aws-us-east-1-aws-aesCtr-512-512-562: 2500/2500 tasks started.alibaba-us-east-1-alibaba-aesCtr-512-512-897: 2500/2500 tasks started.azure-germanywestcentral-azure-aesCtr-512-512-151: 2500/2500 tasks started.gcp-us-east1-gcp-aesCtr-512-512-766: 2500/2500 tasks started.
[2025-12-01T23:51:01Z] [[31merror[0m] [task_execution] Error executing task azure-aesCtr-512: task azure-aesCtr-512 failed after 7 retries: <nil>
[2025-12-01T23:51:04Z] [[31merror[0m] [task_execution] Error executing task azure-aesCtr-512: task azure-aesCtr-512 failed after 7 retries: <nil>
[2025-12-01T23:51:10Z] [[36minfo[0m] [progress_update] aws-us-east-1-aws-aesCtr-512-512-562: 2500/2500 tasks started.alibaba-us-east-1-alibaba-aesCtr-512-512-897: 2500/2500 tasks started.azure-germanywestcentral-azure-aesCtr-512-512-151: 2500/2500 tasks started.gcp-us-east1-gcp-aesCtr-512-512-766: 2500/2500 tasks started.
[2025-12-01T23:51:20Z] [[36minfo[0m] [progress_update] gcp-us-east1-gcp-aesCtr-512-512-766: 2500/2500 tasks started.aws-us-east-1-aws-aesCtr-512-512-562: 2500/2500 tasks started.alibaba-us-east-1-alibaba-aesCtr-512-512-897: 2500/2500 tasks started.azure-germanywestcentral-azure-aesCtr-512-512-151: 2500/2500 tasks started.
[2025-12-01T23:51:21Z] [[31merror[0m] [task_execution] Error executing task azure-aesCtr-512: task azure-aesCtr-512 failed after 7 retries: <nil>
[2025-12-01T23:51:26Z] [[36minfo[0m] [function_finished] Finished benchmarking function azure-aesCtr-512 and closed archiver
[2025-12-01T23:51:28Z] [[36minfo[0m] [finish_timeline] Benchmark Timeline
[Mon Dec  1 23:51:28 UTC 2025] Finished benchmark 'aesctr' successfully
[Mon Dec  1 23:51:28 UTC 2025] Sleeping 600 seconds before next workload...
