[Fri Dec  5 05:47:08 UTC 2025] Starting benchmark 'sha256' with config './configs/sha256.yaml'
Validating functions...
[2025-12-05T05:47:08Z] [[36minfo[0m] [executor_setup] Setting up executor for aws-us-east-1-aws-sha256-512-512-999
[2025-12-05T05:47:08Z] [[36minfo[0m] [executor_setup] Setting up executor for alibaba-us-east-1-alibaba-sha256-512-512-963
[2025-12-05T05:47:08Z] [[36minfo[0m] [executor_setup] Setting up executor for azure-germanywestcentral-azure-sha256-512-512-944
[2025-12-05T05:47:08Z] [[0mwarning[0m] [[32mazure_limitations[0m] Azure can´t handle more than 300 parallel requests. Limiting to 300.
[2025-12-05T05:47:08Z] [[36minfo[0m] [executor_setup] Setting up executor for gcp-us-east1-gcp-sha256-512-512-671
[2025-12-05T05:47:08Z] [[36minfo[0m] [start_timeline] Benchmark Timeline
[2025-12-05T05:47:08Z] [[36minfo[0m] [load_generator_start] (gcp: us-east1) Starting load generator with 300 workers
[2025-12-05T05:47:08Z] [[36minfo[0m] [load_generator_start] (aws: us-east-1) Starting load generator with 500 workers
[2025-12-05T05:47:08Z] [[36minfo[0m] [load_generator_start] (alibaba: us-east-1) Starting load generator with 500 workers
[2025-12-05T05:47:08Z] [[36minfo[0m] [load_generator_start] (azure: germanywestcentral) Starting load generator with 300 workers
[2025-12-05T05:47:18Z] [[36minfo[0m] [progress_update] aws-us-east-1-aws-sha256-512-512-999: 1672/2500 tasks started.alibaba-us-east-1-alibaba-sha256-512-512-963: 1559/2500 tasks started.azure-germanywestcentral-azure-sha256-512-512-944: 609/2500 tasks started.gcp-us-east1-gcp-sha256-512-512-671: 1632/2500 tasks started.
[2025-12-05T05:47:28Z] [[36minfo[0m] [progress_update] alibaba-us-east-1-alibaba-sha256-512-512-963: 2500/2500 tasks started.azure-germanywestcentral-azure-sha256-512-512-944: 754/2500 tasks started.gcp-us-east1-gcp-sha256-512-512-671: 2500/2500 tasks started.aws-us-east-1-aws-sha256-512-512-999: 2500/2500 tasks started.
[2025-12-05T05:47:38Z] [[36minfo[0m] [function_finished] Finished benchmarking function aws-sha256-512 and closed archiver
[2025-12-05T05:47:38Z] [[36minfo[0m] [progress_update] aws-us-east-1-aws-sha256-512-512-999: 2500/2500 tasks started.alibaba-us-east-1-alibaba-sha256-512-512-963: 2500/2500 tasks started.azure-germanywestcentral-azure-sha256-512-512-944: 1449/2500 tasks started.gcp-us-east1-gcp-sha256-512-512-671: 2500/2500 tasks started.
[2025-12-05T05:47:39Z] [[36minfo[0m] [function_finished] Finished benchmarking function gcp-sha256-512 and closed archiver
[2025-12-05T05:47:48Z] [[36minfo[0m] [progress_update] gcp-us-east1-gcp-sha256-512-512-671: 2500/2500 tasks started.aws-us-east-1-aws-sha256-512-512-999: 2500/2500 tasks started.alibaba-us-east-1-alibaba-sha256-512-512-963: 2500/2500 tasks started.azure-germanywestcentral-azure-sha256-512-512-944: 1958/2500 tasks started.
[2025-12-05T05:47:58Z] [[36minfo[0m] [progress_update] aws-us-east-1-aws-sha256-512-512-999: 2500/2500 tasks started.alibaba-us-east-1-alibaba-sha256-512-512-963: 2500/2500 tasks started.azure-germanywestcentral-azure-sha256-512-512-944: 1991/2500 tasks started.gcp-us-east1-gcp-sha256-512-512-671: 2500/2500 tasks started.
[2025-12-05T05:48:08Z] [[36minfo[0m] [progress_update] aws-us-east-1-aws-sha256-512-512-999: 2500/2500 tasks started.alibaba-us-east-1-alibaba-sha256-512-512-963: 2500/2500 tasks started.azure-germanywestcentral-azure-sha256-512-512-944: 2016/2500 tasks started.gcp-us-east1-gcp-sha256-512-512-671: 2500/2500 tasks started.
[2025-12-05T05:48:18Z] [[36minfo[0m] [progress_update] aws-us-east-1-aws-sha256-512-512-999: 2500/2500 tasks started.alibaba-us-east-1-alibaba-sha256-512-512-963: 2500/2500 tasks started.azure-germanywestcentral-azure-sha256-512-512-944: 2127/2500 tasks started.gcp-us-east1-gcp-sha256-512-512-671: 2500/2500 tasks started.
[2025-12-05T05:48:28Z] [[36minfo[0m] [progress_update] aws-us-east-1-aws-sha256-512-512-999: 2500/2500 tasks started.alibaba-us-east-1-alibaba-sha256-512-512-963: 2500/2500 tasks started.azure-germanywestcentral-azure-sha256-512-512-944: 2167/2500 tasks started.gcp-us-east1-gcp-sha256-512-512-671: 2500/2500 tasks started.
[2025-12-05T05:48:38Z] [[36minfo[0m] [progress_update] aws-us-east-1-aws-sha256-512-512-999: 2500/2500 tasks started.alibaba-us-east-1-alibaba-sha256-512-512-963: 2500/2500 tasks started.azure-germanywestcentral-azure-sha256-512-512-944: 2170/2500 tasks started.gcp-us-east1-gcp-sha256-512-512-671: 2500/2500 tasks started.
[2025-12-05T05:48:48Z] [[36minfo[0m] [progress_update] aws-us-east-1-aws-sha256-512-512-999: 2500/2500 tasks started.alibaba-us-east-1-alibaba-sha256-512-512-963: 2500/2500 tasks started.azure-germanywestcentral-azure-sha256-512-512-944: 2181/2500 tasks started.gcp-us-east1-gcp-sha256-512-512-671: 2500/2500 tasks started.
[2025-12-05T05:48:58Z] [[36minfo[0m] [progress_update] aws-us-east-1-aws-sha256-512-512-999: 2500/2500 tasks started.alibaba-us-east-1-alibaba-sha256-512-512-963: 2500/2500 tasks started.azure-germanywestcentral-azure-sha256-512-512-944: 2500/2500 tasks started.gcp-us-east1-gcp-sha256-512-512-671: 2500/2500 tasks started.
[2025-12-05T05:49:08Z] [[36minfo[0m] [progress_update] aws-us-east-1-aws-sha256-512-512-999: 2500/2500 tasks started.alibaba-us-east-1-alibaba-sha256-512-512-963: 2500/2500 tasks started.azure-germanywestcentral-azure-sha256-512-512-944: 2500/2500 tasks started.gcp-us-east1-gcp-sha256-512-512-671: 2500/2500 tasks started.
[2025-12-05T05:49:18Z] [[36minfo[0m] [progress_update] aws-us-east-1-aws-sha256-512-512-999: 2500/2500 tasks started.alibaba-us-east-1-alibaba-sha256-512-512-963: 2500/2500 tasks started.azure-germanywestcentral-azure-sha256-512-512-944: 2500/2500 tasks started.gcp-us-east1-gcp-sha256-512-512-671: 2500/2500 tasks started.
[2025-12-05T05:49:28Z] [[36minfo[0m] [progress_update] gcp-us-east1-gcp-sha256-512-512-671: 2500/2500 tasks started.aws-us-east-1-aws-sha256-512-512-999: 2500/2500 tasks started.alibaba-us-east-1-alibaba-sha256-512-512-963: 2500/2500 tasks started.azure-germanywestcentral-azure-sha256-512-512-944: 2500/2500 tasks started.
[2025-12-05T05:49:38Z] [[36minfo[0m] [progress_update] alibaba-us-east-1-alibaba-sha256-512-512-963: 2500/2500 tasks started.azure-germanywestcentral-azure-sha256-512-512-944: 2500/2500 tasks started.gcp-us-east1-gcp-sha256-512-512-671: 2500/2500 tasks started.aws-us-east-1-aws-sha256-512-512-999: 2500/2500 tasks started.
[2025-12-05T05:49:39Z] [[36minfo[0m] [function_finished] Finished benchmarking function alibaba-sha256-512 and closed archiver
[2025-12-05T05:49:48Z] [[36minfo[0m] [progress_update] aws-us-east-1-aws-sha256-512-512-999: 2500/2500 tasks started.alibaba-us-east-1-alibaba-sha256-512-512-963: 2500/2500 tasks started.azure-germanywestcentral-azure-sha256-512-512-944: 2500/2500 tasks started.gcp-us-east1-gcp-sha256-512-512-671: 2500/2500 tasks started.
[2025-12-05T05:49:58Z] [[36minfo[0m] [progress_update] alibaba-us-east-1-alibaba-sha256-512-512-963: 2500/2500 tasks started.azure-germanywestcentral-azure-sha256-512-512-944: 2500/2500 tasks started.gcp-us-east1-gcp-sha256-512-512-671: 2500/2500 tasks started.aws-us-east-1-aws-sha256-512-512-999: 2500/2500 tasks started.
[2025-12-05T05:50:08Z] [[36minfo[0m] [progress_update] aws-us-east-1-aws-sha256-512-512-999: 2500/2500 tasks started.alibaba-us-east-1-alibaba-sha256-512-512-963: 2500/2500 tasks started.azure-germanywestcentral-azure-sha256-512-512-944: 2500/2500 tasks started.gcp-us-east1-gcp-sha256-512-512-671: 2500/2500 tasks started.
[2025-12-05T05:50:18Z] [[36minfo[0m] [progress_update] aws-us-east-1-aws-sha256-512-512-999: 2500/2500 tasks started.alibaba-us-east-1-alibaba-sha256-512-512-963: 2500/2500 tasks started.azure-germanywestcentral-azure-sha256-512-512-944: 2500/2500 tasks started.gcp-us-east1-gcp-sha256-512-512-671: 2500/2500 tasks started.
[2025-12-05T05:50:28Z] [[36minfo[0m] [progress_update] aws-us-east-1-aws-sha256-512-512-999: 2500/2500 tasks started.alibaba-us-east-1-alibaba-sha256-512-512-963: 2500/2500 tasks started.azure-germanywestcentral-azure-sha256-512-512-944: 2500/2500 tasks started.gcp-us-east1-gcp-sha256-512-512-671: 2500/2500 tasks started.
[2025-12-05T05:50:38Z] [[36minfo[0m] [progress_update] azure-germanywestcentral-azure-sha256-512-512-944: 2500/2500 tasks started.gcp-us-east1-gcp-sha256-512-512-671: 2500/2500 tasks started.aws-us-east-1-aws-sha256-512-512-999: 2500/2500 tasks started.alibaba-us-east-1-alibaba-sha256-512-512-963: 2500/2500 tasks started.
[2025-12-05T05:50:48Z] [[36minfo[0m] [progress_update] azure-germanywestcentral-azure-sha256-512-512-944: 2500/2500 tasks started.gcp-us-east1-gcp-sha256-512-512-671: 2500/2500 tasks started.aws-us-east-1-aws-sha256-512-512-999: 2500/2500 tasks started.alibaba-us-east-1-alibaba-sha256-512-512-963: 2500/2500 tasks started.
[2025-12-05T05:50:58Z] [[36minfo[0m] [progress_update] aws-us-east-1-aws-sha256-512-512-999: 2500/2500 tasks started.alibaba-us-east-1-alibaba-sha256-512-512-963: 2500/2500 tasks started.azure-germanywestcentral-azure-sha256-512-512-944: 2500/2500 tasks started.gcp-us-east1-gcp-sha256-512-512-671: 2500/2500 tasks started.
[2025-12-05T05:51:08Z] [[36minfo[0m] [progress_update] aws-us-east-1-aws-sha256-512-512-999: 2500/2500 tasks started.alibaba-us-east-1-alibaba-sha256-512-512-963: 2500/2500 tasks started.azure-germanywestcentral-azure-sha256-512-512-944: 2500/2500 tasks started.gcp-us-east1-gcp-sha256-512-512-671: 2500/2500 tasks started.
[2025-12-05T05:51:18Z] [[36minfo[0m] [progress_update] azure-germanywestcentral-azure-sha256-512-512-944: 2500/2500 tasks started.gcp-us-east1-gcp-sha256-512-512-671: 2500/2500 tasks started.aws-us-east-1-aws-sha256-512-512-999: 2500/2500 tasks started.alibaba-us-east-1-alibaba-sha256-512-512-963: 2500/2500 tasks started.
[2025-12-05T05:51:28Z] [[31merror[0m] [task_execution] Error executing task azure-sha256-512: task azure-sha256-512 failed after 7 retries: <nil>
[2025-12-05T05:51:28Z] [[31merror[0m] [task_execution] Error executing task azure-sha256-512: task azure-sha256-512 failed after 7 retries: <nil>
[2025-12-05T05:51:28Z] [[36minfo[0m] [progress_update] azure-germanywestcentral-azure-sha256-512-512-944: 2500/2500 tasks started.gcp-us-east1-gcp-sha256-512-512-671: 2500/2500 tasks started.aws-us-east-1-aws-sha256-512-512-999: 2500/2500 tasks started.alibaba-us-east-1-alibaba-sha256-512-512-963: 2500/2500 tasks started.
[2025-12-05T05:51:28Z] [[31merror[0m] [task_execution] Error executing task azure-sha256-512: task azure-sha256-512 failed after 7 retries: <nil>
[2025-12-05T05:51:28Z] [[31merror[0m] [task_execution] Error executing task azure-sha256-512: task azure-sha256-512 failed after 7 retries: <nil>
[2025-12-05T05:51:28Z] [[31merror[0m] [task_execution] Error executing task azure-sha256-512: task azure-sha256-512 failed after 7 retries: <nil>
[2025-12-05T05:51:28Z] [[31merror[0m] [task_execution] Error executing task azure-sha256-512: task azure-sha256-512 failed after 7 retries: <nil>
[2025-12-05T05:51:28Z] [[31merror[0m] [task_execution] Error executing task azure-sha256-512: task azure-sha256-512 failed after 7 retries: <nil>
[2025-12-05T05:51:28Z] [[31merror[0m] [task_execution] Error executing task azure-sha256-512: task azure-sha256-512 failed after 7 retries: <nil>
[2025-12-05T05:51:28Z] [[31merror[0m] [task_execution] Error executing task azure-sha256-512: task azure-sha256-512 failed after 7 retries: <nil>
[2025-12-05T05:51:28Z] [[31merror[0m] [task_execution] Error executing task azure-sha256-512: task azure-sha256-512 failed after 7 retries: <nil>
[2025-12-05T05:51:28Z] [[31merror[0m] [task_execution] Error executing task azure-sha256-512: task azure-sha256-512 failed after 7 retries: <nil>
[2025-12-05T05:51:28Z] [[31merror[0m] [task_execution] Error executing task azure-sha256-512: task azure-sha256-512 failed after 7 retries: <nil>
[2025-12-05T05:51:29Z] [[31merror[0m] [task_execution] Error executing task azure-sha256-512: task azure-sha256-512 failed after 7 retries: <nil>
[2025-12-05T05:51:29Z] [[31merror[0m] [task_execution] Error executing task azure-sha256-512: task azure-sha256-512 failed after 7 retries: <nil>
[2025-12-05T05:51:29Z] [[31merror[0m] [task_execution] Error executing task azure-sha256-512: task azure-sha256-512 failed after 7 retries: <nil>
[2025-12-05T05:51:29Z] [[31merror[0m] [task_execution] Error executing task azure-sha256-512: task azure-sha256-512 failed after 7 retries: <nil>
[2025-12-05T05:51:29Z] [[31merror[0m] [task_execution] Error executing task azure-sha256-512: task azure-sha256-512 failed after 7 retries: <nil>
[2025-12-05T05:51:29Z] [[31merror[0m] [task_execution] Error executing task azure-sha256-512: task azure-sha256-512 failed after 7 retries: <nil>
[2025-12-05T05:51:29Z] [[31merror[0m] [task_execution] Error executing task azure-sha256-512: task azure-sha256-512 failed after 7 retries: <nil>
[2025-12-05T05:51:29Z] [[31merror[0m] [task_execution] Error executing task azure-sha256-512: task azure-sha256-512 failed after 7 retries: <nil>
[2025-12-05T05:51:29Z] [[31merror[0m] [task_execution] Error executing task azure-sha256-512: task azure-sha256-512 failed after 7 retries: <nil>
[2025-12-05T05:51:38Z] [[36minfo[0m] [progress_update] aws-us-east-1-aws-sha256-512-512-999: 2500/2500 tasks started.alibaba-us-east-1-alibaba-sha256-512-512-963: 2500/2500 tasks started.azure-germanywestcentral-azure-sha256-512-512-944: 2500/2500 tasks started.gcp-us-east1-gcp-sha256-512-512-671: 2500/2500 tasks started.
[2025-12-05T05:51:45Z] [[31merror[0m] [task_execution] Error executing task azure-sha256-512: task azure-sha256-512 failed after 7 retries: <nil>
[2025-12-05T05:51:45Z] [[31merror[0m] [task_execution] Error executing task azure-sha256-512: task azure-sha256-512 failed after 7 retries: <nil>
[2025-12-05T05:51:45Z] [[31merror[0m] [task_execution] Error executing task azure-sha256-512: task azure-sha256-512 failed after 7 retries: <nil>
[2025-12-05T05:51:46Z] [[31merror[0m] [task_execution] Error executing task azure-sha256-512: task azure-sha256-512 failed after 7 retries: <nil>
[2025-12-05T05:51:48Z] [[36minfo[0m] [progress_update] aws-us-east-1-aws-sha256-512-512-999: 2500/2500 tasks started.alibaba-us-east-1-alibaba-sha256-512-512-963: 2500/2500 tasks started.azure-germanywestcentral-azure-sha256-512-512-944: 2500/2500 tasks started.gcp-us-east1-gcp-sha256-512-512-671: 2500/2500 tasks started.
[2025-12-05T05:51:58Z] [[36minfo[0m] [progress_update] aws-us-east-1-aws-sha256-512-512-999: 2500/2500 tasks started.alibaba-us-east-1-alibaba-sha256-512-512-963: 2500/2500 tasks started.azure-germanywestcentral-azure-sha256-512-512-944: 2500/2500 tasks started.gcp-us-east1-gcp-sha256-512-512-671: 2500/2500 tasks started.
[2025-12-05T05:52:00Z] [[31merror[0m] [task_execution] Error executing task azure-sha256-512: task azure-sha256-512 failed after 7 retries: <nil>
[2025-12-05T05:52:05Z] [[36minfo[0m] [function_finished] Finished benchmarking function azure-sha256-512 and closed archiver
[2025-12-05T05:52:07Z] [[36minfo[0m] [finish_timeline] Benchmark Timeline
[Fri Dec  5 05:52:08 UTC 2025] Finished benchmark 'sha256' successfully
[Fri Dec  5 05:52:08 UTC 2025] Sleeping 600 seconds before next workload...
