[Tue Dec  2 23:00:02 UTC 2025] Starting benchmark 'aesctr' with config './configs/aesCtr.yaml'
Validating functions...
[2025-12-02T23:00:02Z] [[36minfo[0m] [executor_setup] Setting up executor for aws-us-east-1-aws-aesCtr-512-512-85
[2025-12-02T23:00:02Z] [[36minfo[0m] [executor_setup] Setting up executor for alibaba-us-east-1-alibaba-aesCtr-512-512-749
[2025-12-02T23:00:02Z] [[36minfo[0m] [executor_setup] Setting up executor for azure-germanywestcentral-azure-aesCtr-512-512-351
[2025-12-02T23:00:02Z] [[0mwarning[0m] [[32mazure_limitations[0m] Azure can´t handle more than 300 parallel requests. Limiting to 300.
[2025-12-02T23:00:02Z] [[36minfo[0m] [executor_setup] Setting up executor for gcp-us-east1-gcp-aesCtr-512-512-942
[2025-12-02T23:00:02Z] [[36minfo[0m] [start_timeline] Benchmark Timeline
[2025-12-02T23:00:02Z] [[36minfo[0m] [load_generator_start] (gcp: us-east1) Starting load generator with 300 workers
[2025-12-02T23:00:02Z] [[36minfo[0m] [load_generator_start] (alibaba: us-east-1) Starting load generator with 500 workers
[2025-12-02T23:00:02Z] [[36minfo[0m] [load_generator_start] (azure: germanywestcentral) Starting load generator with 300 workers
[2025-12-02T23:00:02Z] [[36minfo[0m] [load_generator_start] (aws: us-east-1) Starting load generator with 500 workers
[2025-12-02T23:00:12Z] [[36minfo[0m] [progress_update] aws-us-east-1-aws-aesCtr-512-512-85: 2045/2500 tasks started.alibaba-us-east-1-alibaba-aesCtr-512-512-749: 2191/2500 tasks started.azure-germanywestcentral-azure-aesCtr-512-512-351: 626/2500 tasks started.gcp-us-east1-gcp-aesCtr-512-512-942: 590/2500 tasks started.
[2025-12-02T23:00:22Z] [[36minfo[0m] [progress_update] aws-us-east-1-aws-aesCtr-512-512-85: 2500/2500 tasks started.alibaba-us-east-1-alibaba-aesCtr-512-512-749: 2500/2500 tasks started.azure-germanywestcentral-azure-aesCtr-512-512-351: 668/2500 tasks started.gcp-us-east1-gcp-aesCtr-512-512-942: 1175/2500 tasks started.
[2025-12-02T23:00:28Z] [[36minfo[0m] [function_finished] Finished benchmarking function aws-aesCtr-512 and closed archiver
[2025-12-02T23:00:32Z] [[36minfo[0m] [progress_update] alibaba-us-east-1-alibaba-aesCtr-512-512-749: 2500/2500 tasks started.azure-germanywestcentral-azure-aesCtr-512-512-351: 1379/2500 tasks started.gcp-us-east1-gcp-aesCtr-512-512-942: 1736/2500 tasks started.aws-us-east-1-aws-aesCtr-512-512-85: 2500/2500 tasks started.
[2025-12-02T23:00:42Z] [[36minfo[0m] [progress_update] alibaba-us-east-1-alibaba-aesCtr-512-512-749: 2500/2500 tasks started.azure-germanywestcentral-azure-aesCtr-512-512-351: 1789/2500 tasks started.gcp-us-east1-gcp-aesCtr-512-512-942: 2290/2500 tasks started.aws-us-east-1-aws-aesCtr-512-512-85: 2500/2500 tasks started.
[2025-12-02T23:00:52Z] [[36minfo[0m] [progress_update] alibaba-us-east-1-alibaba-aesCtr-512-512-749: 2500/2500 tasks started.azure-germanywestcentral-azure-aesCtr-512-512-351: 2047/2500 tasks started.gcp-us-east1-gcp-aesCtr-512-512-942: 2500/2500 tasks started.aws-us-east-1-aws-aesCtr-512-512-85: 2500/2500 tasks started.
[2025-12-02T23:01:02Z] [[36minfo[0m] [progress_update] aws-us-east-1-aws-aesCtr-512-512-85: 2500/2500 tasks started.alibaba-us-east-1-alibaba-aesCtr-512-512-749: 2500/2500 tasks started.azure-germanywestcentral-azure-aesCtr-512-512-351: 2052/2500 tasks started.gcp-us-east1-gcp-aesCtr-512-512-942: 2500/2500 tasks started.
[2025-12-02T23:01:03Z] [[36minfo[0m] [function_finished] Finished benchmarking function gcp-aesCtr-512 and closed archiver
[2025-12-02T23:01:12Z] [[36minfo[0m] [progress_update] aws-us-east-1-aws-aesCtr-512-512-85: 2500/2500 tasks started.alibaba-us-east-1-alibaba-aesCtr-512-512-749: 2500/2500 tasks started.azure-germanywestcentral-azure-aesCtr-512-512-351: 2124/2500 tasks started.gcp-us-east1-gcp-aesCtr-512-512-942: 2500/2500 tasks started.
[2025-12-02T23:01:18Z] [[36minfo[0m] [function_finished] Finished benchmarking function alibaba-aesCtr-512 and closed archiver
[2025-12-02T23:01:22Z] [[36minfo[0m] [progress_update] azure-germanywestcentral-azure-aesCtr-512-512-351: 2172/2500 tasks started.gcp-us-east1-gcp-aesCtr-512-512-942: 2500/2500 tasks started.aws-us-east-1-aws-aesCtr-512-512-85: 2500/2500 tasks started.alibaba-us-east-1-alibaba-aesCtr-512-512-749: 2500/2500 tasks started.
[2025-12-02T23:01:32Z] [[36minfo[0m] [progress_update] gcp-us-east1-gcp-aesCtr-512-512-942: 2500/2500 tasks started.aws-us-east-1-aws-aesCtr-512-512-85: 2500/2500 tasks started.alibaba-us-east-1-alibaba-aesCtr-512-512-749: 2500/2500 tasks started.azure-germanywestcentral-azure-aesCtr-512-512-351: 2197/2500 tasks started.
[2025-12-02T23:01:42Z] [[36minfo[0m] [progress_update] aws-us-east-1-aws-aesCtr-512-512-85: 2500/2500 tasks started.alibaba-us-east-1-alibaba-aesCtr-512-512-749: 2500/2500 tasks started.azure-germanywestcentral-azure-aesCtr-512-512-351: 2200/2500 tasks started.gcp-us-east1-gcp-aesCtr-512-512-942: 2500/2500 tasks started.
[2025-12-02T23:01:52Z] [[36minfo[0m] [progress_update] azure-germanywestcentral-azure-aesCtr-512-512-351: 2441/2500 tasks started.gcp-us-east1-gcp-aesCtr-512-512-942: 2500/2500 tasks started.aws-us-east-1-aws-aesCtr-512-512-85: 2500/2500 tasks started.alibaba-us-east-1-alibaba-aesCtr-512-512-749: 2500/2500 tasks started.
[2025-12-02T23:02:02Z] [[36minfo[0m] [progress_update] aws-us-east-1-aws-aesCtr-512-512-85: 2500/2500 tasks started.alibaba-us-east-1-alibaba-aesCtr-512-512-749: 2500/2500 tasks started.azure-germanywestcentral-azure-aesCtr-512-512-351: 2500/2500 tasks started.gcp-us-east1-gcp-aesCtr-512-512-942: 2500/2500 tasks started.
[2025-12-02T23:02:12Z] [[36minfo[0m] [progress_update] alibaba-us-east-1-alibaba-aesCtr-512-512-749: 2500/2500 tasks started.azure-germanywestcentral-azure-aesCtr-512-512-351: 2500/2500 tasks started.gcp-us-east1-gcp-aesCtr-512-512-942: 2500/2500 tasks started.aws-us-east-1-aws-aesCtr-512-512-85: 2500/2500 tasks started.
[2025-12-02T23:02:22Z] [[36minfo[0m] [progress_update] aws-us-east-1-aws-aesCtr-512-512-85: 2500/2500 tasks started.alibaba-us-east-1-alibaba-aesCtr-512-512-749: 2500/2500 tasks started.azure-germanywestcentral-azure-aesCtr-512-512-351: 2500/2500 tasks started.gcp-us-east1-gcp-aesCtr-512-512-942: 2500/2500 tasks started.
[2025-12-02T23:02:32Z] [[36minfo[0m] [progress_update] aws-us-east-1-aws-aesCtr-512-512-85: 2500/2500 tasks started.alibaba-us-east-1-alibaba-aesCtr-512-512-749: 2500/2500 tasks started.azure-germanywestcentral-azure-aesCtr-512-512-351: 2500/2500 tasks started.gcp-us-east1-gcp-aesCtr-512-512-942: 2500/2500 tasks started.
[2025-12-02T23:02:42Z] [[36minfo[0m] [progress_update] aws-us-east-1-aws-aesCtr-512-512-85: 2500/2500 tasks started.alibaba-us-east-1-alibaba-aesCtr-512-512-749: 2500/2500 tasks started.azure-germanywestcentral-azure-aesCtr-512-512-351: 2500/2500 tasks started.gcp-us-east1-gcp-aesCtr-512-512-942: 2500/2500 tasks started.
[2025-12-02T23:02:52Z] [[36minfo[0m] [progress_update] aws-us-east-1-aws-aesCtr-512-512-85: 2500/2500 tasks started.alibaba-us-east-1-alibaba-aesCtr-512-512-749: 2500/2500 tasks started.azure-germanywestcentral-azure-aesCtr-512-512-351: 2500/2500 tasks started.gcp-us-east1-gcp-aesCtr-512-512-942: 2500/2500 tasks started.
[2025-12-02T23:03:02Z] [[36minfo[0m] [progress_update] aws-us-east-1-aws-aesCtr-512-512-85: 2500/2500 tasks started.alibaba-us-east-1-alibaba-aesCtr-512-512-749: 2500/2500 tasks started.azure-germanywestcentral-azure-aesCtr-512-512-351: 2500/2500 tasks started.gcp-us-east1-gcp-aesCtr-512-512-942: 2500/2500 tasks started.
[2025-12-02T23:03:12Z] [[36minfo[0m] [progress_update] alibaba-us-east-1-alibaba-aesCtr-512-512-749: 2500/2500 tasks started.azure-germanywestcentral-azure-aesCtr-512-512-351: 2500/2500 tasks started.gcp-us-east1-gcp-aesCtr-512-512-942: 2500/2500 tasks started.aws-us-east-1-aws-aesCtr-512-512-85: 2500/2500 tasks started.
[2025-12-02T23:03:22Z] [[36minfo[0m] [progress_update] aws-us-east-1-aws-aesCtr-512-512-85: 2500/2500 tasks started.alibaba-us-east-1-alibaba-aesCtr-512-512-749: 2500/2500 tasks started.azure-germanywestcentral-azure-aesCtr-512-512-351: 2500/2500 tasks started.gcp-us-east1-gcp-aesCtr-512-512-942: 2500/2500 tasks started.
[2025-12-02T23:03:32Z] [[36minfo[0m] [progress_update] alibaba-us-east-1-alibaba-aesCtr-512-512-749: 2500/2500 tasks started.azure-germanywestcentral-azure-aesCtr-512-512-351: 2500/2500 tasks started.gcp-us-east1-gcp-aesCtr-512-512-942: 2500/2500 tasks started.aws-us-east-1-aws-aesCtr-512-512-85: 2500/2500 tasks started.
[2025-12-02T23:03:42Z] [[36minfo[0m] [progress_update] aws-us-east-1-aws-aesCtr-512-512-85: 2500/2500 tasks started.alibaba-us-east-1-alibaba-aesCtr-512-512-749: 2500/2500 tasks started.azure-germanywestcentral-azure-aesCtr-512-512-351: 2500/2500 tasks started.gcp-us-east1-gcp-aesCtr-512-512-942: 2500/2500 tasks started.
[2025-12-02T23:03:52Z] [[36minfo[0m] [progress_update] aws-us-east-1-aws-aesCtr-512-512-85: 2500/2500 tasks started.alibaba-us-east-1-alibaba-aesCtr-512-512-749: 2500/2500 tasks started.azure-germanywestcentral-azure-aesCtr-512-512-351: 2500/2500 tasks started.gcp-us-east1-gcp-aesCtr-512-512-942: 2500/2500 tasks started.
[2025-12-02T23:04:02Z] [[36minfo[0m] [progress_update] aws-us-east-1-aws-aesCtr-512-512-85: 2500/2500 tasks started.alibaba-us-east-1-alibaba-aesCtr-512-512-749: 2500/2500 tasks started.azure-germanywestcentral-azure-aesCtr-512-512-351: 2500/2500 tasks started.gcp-us-east1-gcp-aesCtr-512-512-942: 2500/2500 tasks started.
[2025-12-02T23:04:12Z] [[36minfo[0m] [progress_update] alibaba-us-east-1-alibaba-aesCtr-512-512-749: 2500/2500 tasks started.azure-germanywestcentral-azure-aesCtr-512-512-351: 2500/2500 tasks started.gcp-us-east1-gcp-aesCtr-512-512-942: 2500/2500 tasks started.aws-us-east-1-aws-aesCtr-512-512-85: 2500/2500 tasks started.
[2025-12-02T23:04:22Z] [[36minfo[0m] [progress_update] aws-us-east-1-aws-aesCtr-512-512-85: 2500/2500 tasks started.alibaba-us-east-1-alibaba-aesCtr-512-512-749: 2500/2500 tasks started.azure-germanywestcentral-azure-aesCtr-512-512-351: 2500/2500 tasks started.gcp-us-east1-gcp-aesCtr-512-512-942: 2500/2500 tasks started.
[2025-12-02T23:04:32Z] [[36minfo[0m] [progress_update] aws-us-east-1-aws-aesCtr-512-512-85: 2500/2500 tasks started.alibaba-us-east-1-alibaba-aesCtr-512-512-749: 2500/2500 tasks started.azure-germanywestcentral-azure-aesCtr-512-512-351: 2500/2500 tasks started.gcp-us-east1-gcp-aesCtr-512-512-942: 2500/2500 tasks started.
[2025-12-02T23:04:39Z] [[31merror[0m] [task_execution] Error executing task azure-aesCtr-512: task azure-aesCtr-512 failed after 7 retries: <nil>
[2025-12-02T23:04:39Z] [[31merror[0m] [task_execution] Error executing task azure-aesCtr-512: task azure-aesCtr-512 failed after 7 retries: <nil>
[2025-12-02T23:04:39Z] [[31merror[0m] [task_execution] Error executing task azure-aesCtr-512: task azure-aesCtr-512 failed after 7 retries: <nil>
[2025-12-02T23:04:39Z] [[31merror[0m] [task_execution] Error executing task azure-aesCtr-512: task azure-aesCtr-512 failed after 7 retries: <nil>
[2025-12-02T23:04:39Z] [[31merror[0m] [task_execution] Error executing task azure-aesCtr-512: task azure-aesCtr-512 failed after 7 retries: <nil>
[2025-12-02T23:04:40Z] [[31merror[0m] [task_execution] Error executing task azure-aesCtr-512: task azure-aesCtr-512 failed after 7 retries: <nil>
[2025-12-02T23:04:40Z] [[31merror[0m] [task_execution] Error executing task azure-aesCtr-512: task azure-aesCtr-512 failed after 7 retries: <nil>
[2025-12-02T23:04:40Z] [[31merror[0m] [task_execution] Error executing task azure-aesCtr-512: task azure-aesCtr-512 failed after 7 retries: <nil>
[2025-12-02T23:04:42Z] [[36minfo[0m] [progress_update] alibaba-us-east-1-alibaba-aesCtr-512-512-749: 2500/2500 tasks started.azure-germanywestcentral-azure-aesCtr-512-512-351: 2500/2500 tasks started.gcp-us-east1-gcp-aesCtr-512-512-942: 2500/2500 tasks started.aws-us-east-1-aws-aesCtr-512-512-85: 2500/2500 tasks started.
[2025-12-02T23:04:42Z] [[31merror[0m] [task_execution] Error executing task azure-aesCtr-512: task azure-aesCtr-512 failed after 7 retries: <nil>
[2025-12-02T23:04:52Z] [[36minfo[0m] [progress_update] aws-us-east-1-aws-aesCtr-512-512-85: 2500/2500 tasks started.alibaba-us-east-1-alibaba-aesCtr-512-512-749: 2500/2500 tasks started.azure-germanywestcentral-azure-aesCtr-512-512-351: 2500/2500 tasks started.gcp-us-east1-gcp-aesCtr-512-512-942: 2500/2500 tasks started.
[2025-12-02T23:04:53Z] [[31merror[0m] [task_execution] Error executing task azure-aesCtr-512: task azure-aesCtr-512 failed after 7 retries: <nil>
[2025-12-02T23:04:54Z] [[31merror[0m] [task_execution] Error executing task azure-aesCtr-512: task azure-aesCtr-512 failed after 7 retries: <nil>
[2025-12-02T23:04:54Z] [[31merror[0m] [task_execution] Error executing task azure-aesCtr-512: task azure-aesCtr-512 failed after 7 retries: <nil>
[2025-12-02T23:04:54Z] [[31merror[0m] [task_execution] Error executing task azure-aesCtr-512: task azure-aesCtr-512 failed after 7 retries: <nil>
[2025-12-02T23:04:54Z] [[31merror[0m] [task_execution] Error executing task azure-aesCtr-512: task azure-aesCtr-512 failed after 7 retries: <nil>
[2025-12-02T23:04:55Z] [[31merror[0m] [task_execution] Error executing task azure-aesCtr-512: task azure-aesCtr-512 failed after 7 retries: <nil>
[2025-12-02T23:04:56Z] [[31merror[0m] [task_execution] Error executing task azure-aesCtr-512: task azure-aesCtr-512 failed after 7 retries: <nil>
[2025-12-02T23:04:56Z] [[31merror[0m] [task_execution] Error executing task azure-aesCtr-512: task azure-aesCtr-512 failed after 7 retries: <nil>
[2025-12-02T23:04:56Z] [[31merror[0m] [task_execution] Error executing task azure-aesCtr-512: task azure-aesCtr-512 failed after 7 retries: <nil>
[2025-12-02T23:04:56Z] [[31merror[0m] [task_execution] Error executing task azure-aesCtr-512: task azure-aesCtr-512 failed after 7 retries: <nil>
[2025-12-02T23:04:57Z] [[31merror[0m] [task_execution] Error executing task azure-aesCtr-512: task azure-aesCtr-512 failed after 7 retries: <nil>
[2025-12-02T23:04:57Z] [[31merror[0m] [task_execution] Error executing task azure-aesCtr-512: task azure-aesCtr-512 failed after 7 retries: <nil>
[2025-12-02T23:04:57Z] [[31merror[0m] [task_execution] Error executing task azure-aesCtr-512: task azure-aesCtr-512 failed after 7 retries: <nil>
[2025-12-02T23:04:57Z] [[31merror[0m] [task_execution] Error executing task azure-aesCtr-512: task azure-aesCtr-512 failed after 7 retries: <nil>
[2025-12-02T23:04:57Z] [[31merror[0m] [task_execution] Error executing task azure-aesCtr-512: task azure-aesCtr-512 failed after 7 retries: <nil>
[2025-12-02T23:04:57Z] [[31merror[0m] [task_execution] Error executing task azure-aesCtr-512: task azure-aesCtr-512 failed after 7 retries: <nil>
[2025-12-02T23:04:57Z] [[31merror[0m] [task_execution] Error executing task azure-aesCtr-512: task azure-aesCtr-512 failed after 7 retries: <nil>
[2025-12-02T23:04:57Z] [[31merror[0m] [task_execution] Error executing task azure-aesCtr-512: task azure-aesCtr-512 failed after 7 retries: <nil>
[2025-12-02T23:04:57Z] [[31merror[0m] [task_execution] Error executing task azure-aesCtr-512: task azure-aesCtr-512 failed after 7 retries: <nil>
[2025-12-02T23:04:57Z] [[31merror[0m] [task_execution] Error executing task azure-aesCtr-512: task azure-aesCtr-512 failed after 7 retries: <nil>
[2025-12-02T23:04:57Z] [[31merror[0m] [task_execution] Error executing task azure-aesCtr-512: task azure-aesCtr-512 failed after 7 retries: <nil>
[2025-12-02T23:04:57Z] [[31merror[0m] [task_execution] Error executing task azure-aesCtr-512: task azure-aesCtr-512 failed after 7 retries: <nil>
[2025-12-02T23:04:57Z] [[31merror[0m] [task_execution] Error executing task azure-aesCtr-512: task azure-aesCtr-512 failed after 7 retries: <nil>
[2025-12-02T23:04:57Z] [[31merror[0m] [task_execution] Error executing task azure-aesCtr-512: task azure-aesCtr-512 failed after 7 retries: <nil>
[2025-12-02T23:04:57Z] [[31merror[0m] [task_execution] Error executing task azure-aesCtr-512: task azure-aesCtr-512 failed after 7 retries: <nil>
[2025-12-02T23:04:57Z] [[31merror[0m] [task_execution] Error executing task azure-aesCtr-512: task azure-aesCtr-512 failed after 7 retries: <nil>
[2025-12-02T23:04:57Z] [[31merror[0m] [task_execution] Error executing task azure-aesCtr-512: task azure-aesCtr-512 failed after 7 retries: <nil>
[2025-12-02T23:04:58Z] [[31merror[0m] [task_execution] Error executing task azure-aesCtr-512: task azure-aesCtr-512 failed after 7 retries: <nil>
[2025-12-02T23:04:58Z] [[31merror[0m] [task_execution] Error executing task azure-aesCtr-512: task azure-aesCtr-512 failed after 7 retries: <nil>
[2025-12-02T23:04:58Z] [[31merror[0m] [task_execution] Error executing task azure-aesCtr-512: task azure-aesCtr-512 failed after 7 retries: <nil>
[2025-12-02T23:04:58Z] [[31merror[0m] [task_execution] Error executing task azure-aesCtr-512: task azure-aesCtr-512 failed after 7 retries: <nil>
[2025-12-02T23:04:58Z] [[31merror[0m] [task_execution] Error executing task azure-aesCtr-512: task azure-aesCtr-512 failed after 7 retries: <nil>
[2025-12-02T23:04:58Z] [[31merror[0m] [task_execution] Error executing task azure-aesCtr-512: task azure-aesCtr-512 failed after 7 retries: <nil>
[2025-12-02T23:04:58Z] [[31merror[0m] [task_execution] Error executing task azure-aesCtr-512: task azure-aesCtr-512 failed after 7 retries: <nil>
[2025-12-02T23:04:58Z] [[31merror[0m] [task_execution] Error executing task azure-aesCtr-512: task azure-aesCtr-512 failed after 7 retries: <nil>
[2025-12-02T23:04:58Z] [[31merror[0m] [task_execution] Error executing task azure-aesCtr-512: task azure-aesCtr-512 failed after 7 retries: <nil>
[2025-12-02T23:04:58Z] [[31merror[0m] [task_execution] Error executing task azure-aesCtr-512: task azure-aesCtr-512 failed after 7 retries: <nil>
[2025-12-02T23:04:58Z] [[31merror[0m] [task_execution] Error executing task azure-aesCtr-512: task azure-aesCtr-512 failed after 7 retries: <nil>
[2025-12-02T23:04:58Z] [[31merror[0m] [task_execution] Error executing task azure-aesCtr-512: task azure-aesCtr-512 failed after 7 retries: <nil>
[2025-12-02T23:04:58Z] [[31merror[0m] [task_execution] Error executing task azure-aesCtr-512: task azure-aesCtr-512 failed after 7 retries: <nil>
[2025-12-02T23:04:58Z] [[31merror[0m] [task_execution] Error executing task azure-aesCtr-512: task azure-aesCtr-512 failed after 7 retries: <nil>
[2025-12-02T23:04:58Z] [[31merror[0m] [task_execution] Error executing task azure-aesCtr-512: task azure-aesCtr-512 failed after 7 retries: <nil>
[2025-12-02T23:04:58Z] [[31merror[0m] [task_execution] Error executing task azure-aesCtr-512: task azure-aesCtr-512 failed after 7 retries: <nil>
[2025-12-02T23:04:58Z] [[31merror[0m] [task_execution] Error executing task azure-aesCtr-512: task azure-aesCtr-512 failed after 7 retries: <nil>
[2025-12-02T23:04:58Z] [[31merror[0m] [task_execution] Error executing task azure-aesCtr-512: task azure-aesCtr-512 failed after 7 retries: <nil>
[2025-12-02T23:04:58Z] [[31merror[0m] [task_execution] Error executing task azure-aesCtr-512: task azure-aesCtr-512 failed after 7 retries: <nil>
[2025-12-02T23:04:58Z] [[31merror[0m] [task_execution] Error executing task azure-aesCtr-512: task azure-aesCtr-512 failed after 7 retries: <nil>
[2025-12-02T23:04:58Z] [[31merror[0m] [task_execution] Error executing task azure-aesCtr-512: task azure-aesCtr-512 failed after 7 retries: <nil>
[2025-12-02T23:04:58Z] [[31merror[0m] [task_execution] Error executing task azure-aesCtr-512: task azure-aesCtr-512 failed after 7 retries: <nil>
[2025-12-02T23:04:58Z] [[31merror[0m] [task_execution] Error executing task azure-aesCtr-512: task azure-aesCtr-512 failed after 7 retries: <nil>
[2025-12-02T23:04:58Z] [[31merror[0m] [task_execution] Error executing task azure-aesCtr-512: task azure-aesCtr-512 failed after 7 retries: <nil>
[2025-12-02T23:04:58Z] [[31merror[0m] [task_execution] Error executing task azure-aesCtr-512: task azure-aesCtr-512 failed after 7 retries: <nil>
[2025-12-02T23:04:58Z] [[31merror[0m] [task_execution] Error executing task azure-aesCtr-512: task azure-aesCtr-512 failed after 7 retries: <nil>
[2025-12-02T23:04:58Z] [[31merror[0m] [task_execution] Error executing task azure-aesCtr-512: task azure-aesCtr-512 failed after 7 retries: <nil>
[2025-12-02T23:04:58Z] [[31merror[0m] [task_execution] Error executing task azure-aesCtr-512: task azure-aesCtr-512 failed after 7 retries: <nil>
[2025-12-02T23:04:59Z] [[31merror[0m] [task_execution] Error executing task azure-aesCtr-512: task azure-aesCtr-512 failed after 7 retries: <nil>
[2025-12-02T23:04:59Z] [[31merror[0m] [task_execution] Error executing task azure-aesCtr-512: task azure-aesCtr-512 failed after 7 retries: <nil>
[2025-12-02T23:04:59Z] [[31merror[0m] [task_execution] Error executing task azure-aesCtr-512: task azure-aesCtr-512 failed after 7 retries: <nil>
[2025-12-02T23:04:59Z] [[31merror[0m] [task_execution] Error executing task azure-aesCtr-512: task azure-aesCtr-512 failed after 7 retries: <nil>
[2025-12-02T23:04:59Z] [[31merror[0m] [task_execution] Error executing task azure-aesCtr-512: task azure-aesCtr-512 failed after 7 retries: <nil>
[2025-12-02T23:04:59Z] [[31merror[0m] [task_execution] Error executing task azure-aesCtr-512: task azure-aesCtr-512 failed after 7 retries: <nil>
[2025-12-02T23:04:59Z] [[31merror[0m] [task_execution] Error executing task azure-aesCtr-512: task azure-aesCtr-512 failed after 7 retries: <nil>
[2025-12-02T23:04:59Z] [[31merror[0m] [task_execution] Error executing task azure-aesCtr-512: task azure-aesCtr-512 failed after 7 retries: <nil>
[2025-12-02T23:05:02Z] [[36minfo[0m] [progress_update] azure-germanywestcentral-azure-aesCtr-512-512-351: 2500/2500 tasks started.gcp-us-east1-gcp-aesCtr-512-512-942: 2500/2500 tasks started.aws-us-east-1-aws-aesCtr-512-512-85: 2500/2500 tasks started.alibaba-us-east-1-alibaba-aesCtr-512-512-749: 2500/2500 tasks started.
[2025-12-02T23:05:04Z] [[36minfo[0m] [function_finished] Finished benchmarking function azure-aesCtr-512 and closed archiver
[2025-12-02T23:05:06Z] [[36minfo[0m] [finish_timeline] Benchmark Timeline
[Tue Dec  2 23:05:06 UTC 2025] Finished benchmark 'aesctr' successfully
[Tue Dec  2 23:05:06 UTC 2025] Sleeping 600 seconds before next workload...
