[Wed Dec  3 11:30:22 UTC 2025] Starting benchmark 'aesctr' with config './configs/aesCtr.yaml'
Validating functions...
[2025-12-03T11:30:22Z] [[36minfo[0m] [executor_setup] Setting up executor for aws-us-east-1-aws-aesCtr-512-512-99
[2025-12-03T11:30:22Z] [[36minfo[0m] [executor_setup] Setting up executor for alibaba-us-east-1-alibaba-aesCtr-512-512-683
[2025-12-03T11:30:22Z] [[36minfo[0m] [executor_setup] Setting up executor for azure-germanywestcentral-azure-aesCtr-512-512-529
[2025-12-03T11:30:22Z] [[0mwarning[0m] [[32mazure_limitations[0m] Azure can´t handle more than 300 parallel requests. Limiting to 300.
[2025-12-03T11:30:22Z] [[36minfo[0m] [executor_setup] Setting up executor for gcp-us-east1-gcp-aesCtr-512-512-707
[2025-12-03T11:30:22Z] [[36minfo[0m] [start_timeline] Benchmark Timeline
[2025-12-03T11:30:22Z] [[36minfo[0m] [load_generator_start] (gcp: us-east1) Starting load generator with 300 workers
[2025-12-03T11:30:22Z] [[36minfo[0m] [load_generator_start] (aws: us-east-1) Starting load generator with 500 workers
[2025-12-03T11:30:22Z] [[36minfo[0m] [load_generator_start] (alibaba: us-east-1) Starting load generator with 500 workers
[2025-12-03T11:30:22Z] [[36minfo[0m] [load_generator_start] (azure: germanywestcentral) Starting load generator with 300 workers
[2025-12-03T11:30:32Z] [[36minfo[0m] [progress_update] azure-germanywestcentral-azure-aesCtr-512-512-529: 584/2500 tasks started.gcp-us-east1-gcp-aesCtr-512-512-707: 560/2500 tasks started.aws-us-east-1-aws-aesCtr-512-512-99: 2106/2500 tasks started.alibaba-us-east-1-alibaba-aesCtr-512-512-683: 2467/2500 tasks started.
[2025-12-03T11:30:42Z] [[36minfo[0m] [progress_update] alibaba-us-east-1-alibaba-aesCtr-512-512-683: 2500/2500 tasks started.azure-germanywestcentral-azure-aesCtr-512-512-529: 611/2500 tasks started.gcp-us-east1-gcp-aesCtr-512-512-707: 1140/2500 tasks started.aws-us-east-1-aws-aesCtr-512-512-99: 2500/2500 tasks started.
[2025-12-03T11:30:48Z] [[36minfo[0m] [function_finished] Finished benchmarking function aws-aesCtr-512 and closed archiver
[2025-12-03T11:30:52Z] [[36minfo[0m] [progress_update] alibaba-us-east-1-alibaba-aesCtr-512-512-683: 2500/2500 tasks started.azure-germanywestcentral-azure-aesCtr-512-512-529: 1318/2500 tasks started.gcp-us-east1-gcp-aesCtr-512-512-707: 1700/2500 tasks started.aws-us-east-1-aws-aesCtr-512-512-99: 2500/2500 tasks started.
[2025-12-03T11:31:02Z] [[36minfo[0m] [progress_update] aws-us-east-1-aws-aesCtr-512-512-99: 2500/2500 tasks started.alibaba-us-east-1-alibaba-aesCtr-512-512-683: 2500/2500 tasks started.azure-germanywestcentral-azure-aesCtr-512-512-529: 1906/2500 tasks started.gcp-us-east1-gcp-aesCtr-512-512-707: 2261/2500 tasks started.
[2025-12-03T11:31:06Z] [[36minfo[0m] [function_finished] Finished benchmarking function alibaba-aesCtr-512 and closed archiver
[2025-12-03T11:31:12Z] [[36minfo[0m] [progress_update] alibaba-us-east-1-alibaba-aesCtr-512-512-683: 2500/2500 tasks started.azure-germanywestcentral-azure-aesCtr-512-512-529: 2124/2500 tasks started.gcp-us-east1-gcp-aesCtr-512-512-707: 2500/2500 tasks started.aws-us-east-1-aws-aesCtr-512-512-99: 2500/2500 tasks started.
[2025-12-03T11:31:18Z] [[36minfo[0m] [function_finished] Finished benchmarking function gcp-aesCtr-512 and closed archiver
[2025-12-03T11:31:22Z] [[36minfo[0m] [progress_update] gcp-us-east1-gcp-aesCtr-512-512-707: 2500/2500 tasks started.aws-us-east-1-aws-aesCtr-512-512-99: 2500/2500 tasks started.alibaba-us-east-1-alibaba-aesCtr-512-512-683: 2500/2500 tasks started.azure-germanywestcentral-azure-aesCtr-512-512-529: 2129/2500 tasks started.
[2025-12-03T11:31:32Z] [[36minfo[0m] [progress_update] aws-us-east-1-aws-aesCtr-512-512-99: 2500/2500 tasks started.alibaba-us-east-1-alibaba-aesCtr-512-512-683: 2500/2500 tasks started.azure-germanywestcentral-azure-aesCtr-512-512-529: 2147/2500 tasks started.gcp-us-east1-gcp-aesCtr-512-512-707: 2500/2500 tasks started.
[2025-12-03T11:31:42Z] [[36minfo[0m] [progress_update] gcp-us-east1-gcp-aesCtr-512-512-707: 2500/2500 tasks started.aws-us-east-1-aws-aesCtr-512-512-99: 2500/2500 tasks started.alibaba-us-east-1-alibaba-aesCtr-512-512-683: 2500/2500 tasks started.azure-germanywestcentral-azure-aesCtr-512-512-529: 2156/2500 tasks started.
[2025-12-03T11:31:52Z] [[36minfo[0m] [progress_update] aws-us-east-1-aws-aesCtr-512-512-99: 2500/2500 tasks started.alibaba-us-east-1-alibaba-aesCtr-512-512-683: 2500/2500 tasks started.azure-germanywestcentral-azure-aesCtr-512-512-529: 2164/2500 tasks started.gcp-us-east1-gcp-aesCtr-512-512-707: 2500/2500 tasks started.
[2025-12-03T11:32:02Z] [[36minfo[0m] [progress_update] aws-us-east-1-aws-aesCtr-512-512-99: 2500/2500 tasks started.alibaba-us-east-1-alibaba-aesCtr-512-512-683: 2500/2500 tasks started.azure-germanywestcentral-azure-aesCtr-512-512-529: 2171/2500 tasks started.gcp-us-east1-gcp-aesCtr-512-512-707: 2500/2500 tasks started.
[2025-12-03T11:32:12Z] [[36minfo[0m] [progress_update] alibaba-us-east-1-alibaba-aesCtr-512-512-683: 2500/2500 tasks started.azure-germanywestcentral-azure-aesCtr-512-512-529: 2500/2500 tasks started.gcp-us-east1-gcp-aesCtr-512-512-707: 2500/2500 tasks started.aws-us-east-1-aws-aesCtr-512-512-99: 2500/2500 tasks started.
[2025-12-03T11:32:22Z] [[36minfo[0m] [progress_update] aws-us-east-1-aws-aesCtr-512-512-99: 2500/2500 tasks started.alibaba-us-east-1-alibaba-aesCtr-512-512-683: 2500/2500 tasks started.azure-germanywestcentral-azure-aesCtr-512-512-529: 2500/2500 tasks started.gcp-us-east1-gcp-aesCtr-512-512-707: 2500/2500 tasks started.
[2025-12-03T11:32:32Z] [[36minfo[0m] [progress_update] aws-us-east-1-aws-aesCtr-512-512-99: 2500/2500 tasks started.alibaba-us-east-1-alibaba-aesCtr-512-512-683: 2500/2500 tasks started.azure-germanywestcentral-azure-aesCtr-512-512-529: 2500/2500 tasks started.gcp-us-east1-gcp-aesCtr-512-512-707: 2500/2500 tasks started.
[2025-12-03T11:32:42Z] [[36minfo[0m] [progress_update] aws-us-east-1-aws-aesCtr-512-512-99: 2500/2500 tasks started.alibaba-us-east-1-alibaba-aesCtr-512-512-683: 2500/2500 tasks started.azure-germanywestcentral-azure-aesCtr-512-512-529: 2500/2500 tasks started.gcp-us-east1-gcp-aesCtr-512-512-707: 2500/2500 tasks started.
[2025-12-03T11:32:52Z] [[36minfo[0m] [progress_update] alibaba-us-east-1-alibaba-aesCtr-512-512-683: 2500/2500 tasks started.azure-germanywestcentral-azure-aesCtr-512-512-529: 2500/2500 tasks started.gcp-us-east1-gcp-aesCtr-512-512-707: 2500/2500 tasks started.aws-us-east-1-aws-aesCtr-512-512-99: 2500/2500 tasks started.
[2025-12-03T11:33:02Z] [[36minfo[0m] [progress_update] aws-us-east-1-aws-aesCtr-512-512-99: 2500/2500 tasks started.alibaba-us-east-1-alibaba-aesCtr-512-512-683: 2500/2500 tasks started.azure-germanywestcentral-azure-aesCtr-512-512-529: 2500/2500 tasks started.gcp-us-east1-gcp-aesCtr-512-512-707: 2500/2500 tasks started.
[2025-12-03T11:33:12Z] [[36minfo[0m] [progress_update] aws-us-east-1-aws-aesCtr-512-512-99: 2500/2500 tasks started.alibaba-us-east-1-alibaba-aesCtr-512-512-683: 2500/2500 tasks started.azure-germanywestcentral-azure-aesCtr-512-512-529: 2500/2500 tasks started.gcp-us-east1-gcp-aesCtr-512-512-707: 2500/2500 tasks started.
[2025-12-03T11:33:22Z] [[36minfo[0m] [progress_update] aws-us-east-1-aws-aesCtr-512-512-99: 2500/2500 tasks started.alibaba-us-east-1-alibaba-aesCtr-512-512-683: 2500/2500 tasks started.azure-germanywestcentral-azure-aesCtr-512-512-529: 2500/2500 tasks started.gcp-us-east1-gcp-aesCtr-512-512-707: 2500/2500 tasks started.
[2025-12-03T11:33:32Z] [[36minfo[0m] [progress_update] gcp-us-east1-gcp-aesCtr-512-512-707: 2500/2500 tasks started.aws-us-east-1-aws-aesCtr-512-512-99: 2500/2500 tasks started.alibaba-us-east-1-alibaba-aesCtr-512-512-683: 2500/2500 tasks started.azure-germanywestcentral-azure-aesCtr-512-512-529: 2500/2500 tasks started.
[2025-12-03T11:33:42Z] [[36minfo[0m] [progress_update] aws-us-east-1-aws-aesCtr-512-512-99: 2500/2500 tasks started.alibaba-us-east-1-alibaba-aesCtr-512-512-683: 2500/2500 tasks started.azure-germanywestcentral-azure-aesCtr-512-512-529: 2500/2500 tasks started.gcp-us-east1-gcp-aesCtr-512-512-707: 2500/2500 tasks started.
[2025-12-03T11:33:52Z] [[36minfo[0m] [progress_update] aws-us-east-1-aws-aesCtr-512-512-99: 2500/2500 tasks started.alibaba-us-east-1-alibaba-aesCtr-512-512-683: 2500/2500 tasks started.azure-germanywestcentral-azure-aesCtr-512-512-529: 2500/2500 tasks started.gcp-us-east1-gcp-aesCtr-512-512-707: 2500/2500 tasks started.
[2025-12-03T11:34:02Z] [[36minfo[0m] [progress_update] aws-us-east-1-aws-aesCtr-512-512-99: 2500/2500 tasks started.alibaba-us-east-1-alibaba-aesCtr-512-512-683: 2500/2500 tasks started.azure-germanywestcentral-azure-aesCtr-512-512-529: 2500/2500 tasks started.gcp-us-east1-gcp-aesCtr-512-512-707: 2500/2500 tasks started.
[2025-12-03T11:34:12Z] [[36minfo[0m] [progress_update] azure-germanywestcentral-azure-aesCtr-512-512-529: 2500/2500 tasks started.gcp-us-east1-gcp-aesCtr-512-512-707: 2500/2500 tasks started.aws-us-east-1-aws-aesCtr-512-512-99: 2500/2500 tasks started.alibaba-us-east-1-alibaba-aesCtr-512-512-683: 2500/2500 tasks started.
[2025-12-03T11:34:22Z] [[36minfo[0m] [progress_update] aws-us-east-1-aws-aesCtr-512-512-99: 2500/2500 tasks started.alibaba-us-east-1-alibaba-aesCtr-512-512-683: 2500/2500 tasks started.azure-germanywestcentral-azure-aesCtr-512-512-529: 2500/2500 tasks started.gcp-us-east1-gcp-aesCtr-512-512-707: 2500/2500 tasks started.
[2025-12-03T11:34:32Z] [[36minfo[0m] [progress_update] aws-us-east-1-aws-aesCtr-512-512-99: 2500/2500 tasks started.alibaba-us-east-1-alibaba-aesCtr-512-512-683: 2500/2500 tasks started.azure-germanywestcentral-azure-aesCtr-512-512-529: 2500/2500 tasks started.gcp-us-east1-gcp-aesCtr-512-512-707: 2500/2500 tasks started.
[2025-12-03T11:34:42Z] [[36minfo[0m] [progress_update] aws-us-east-1-aws-aesCtr-512-512-99: 2500/2500 tasks started.alibaba-us-east-1-alibaba-aesCtr-512-512-683: 2500/2500 tasks started.azure-germanywestcentral-azure-aesCtr-512-512-529: 2500/2500 tasks started.gcp-us-east1-gcp-aesCtr-512-512-707: 2500/2500 tasks started.
[2025-12-03T11:34:52Z] [[36minfo[0m] [progress_update] azure-germanywestcentral-azure-aesCtr-512-512-529: 2500/2500 tasks started.gcp-us-east1-gcp-aesCtr-512-512-707: 2500/2500 tasks started.aws-us-east-1-aws-aesCtr-512-512-99: 2500/2500 tasks started.alibaba-us-east-1-alibaba-aesCtr-512-512-683: 2500/2500 tasks started.
[2025-12-03T11:35:02Z] [[36minfo[0m] [progress_update] alibaba-us-east-1-alibaba-aesCtr-512-512-683: 2500/2500 tasks started.azure-germanywestcentral-azure-aesCtr-512-512-529: 2500/2500 tasks started.gcp-us-east1-gcp-aesCtr-512-512-707: 2500/2500 tasks started.aws-us-east-1-aws-aesCtr-512-512-99: 2500/2500 tasks started.
[2025-12-03T11:35:03Z] [[31merror[0m] [task_execution] Error executing task azure-aesCtr-512: task azure-aesCtr-512 failed after 7 retries: <nil>
[2025-12-03T11:35:04Z] [[31merror[0m] [task_execution] Error executing task azure-aesCtr-512: task azure-aesCtr-512 failed after 7 retries: <nil>
[2025-12-03T11:35:05Z] [[31merror[0m] [task_execution] Error executing task azure-aesCtr-512: task azure-aesCtr-512 failed after 7 retries: <nil>
[2025-12-03T11:35:05Z] [[31merror[0m] [task_execution] Error executing task azure-aesCtr-512: task azure-aesCtr-512 failed after 7 retries: <nil>
[2025-12-03T11:35:05Z] [[31merror[0m] [task_execution] Error executing task azure-aesCtr-512: task azure-aesCtr-512 failed after 7 retries: <nil>
[2025-12-03T11:35:06Z] [[31merror[0m] [task_execution] Error executing task azure-aesCtr-512: task azure-aesCtr-512 failed after 7 retries: <nil>
[2025-12-03T11:35:06Z] [[31merror[0m] [task_execution] Error executing task azure-aesCtr-512: task azure-aesCtr-512 failed after 7 retries: <nil>
[2025-12-03T11:35:06Z] [[31merror[0m] [task_execution] Error executing task azure-aesCtr-512: task azure-aesCtr-512 failed after 7 retries: <nil>
[2025-12-03T11:35:12Z] [[36minfo[0m] [progress_update] alibaba-us-east-1-alibaba-aesCtr-512-512-683: 2500/2500 tasks started.azure-germanywestcentral-azure-aesCtr-512-512-529: 2500/2500 tasks started.gcp-us-east1-gcp-aesCtr-512-512-707: 2500/2500 tasks started.aws-us-east-1-aws-aesCtr-512-512-99: 2500/2500 tasks started.
[2025-12-03T11:35:22Z] [[36minfo[0m] [progress_update] azure-germanywestcentral-azure-aesCtr-512-512-529: 2500/2500 tasks started.gcp-us-east1-gcp-aesCtr-512-512-707: 2500/2500 tasks started.aws-us-east-1-aws-aesCtr-512-512-99: 2500/2500 tasks started.alibaba-us-east-1-alibaba-aesCtr-512-512-683: 2500/2500 tasks started.
[2025-12-03T11:35:25Z] [[31merror[0m] [task_execution] Error executing task azure-aesCtr-512: task azure-aesCtr-512 failed after 7 retries: <nil>
[2025-12-03T11:35:30Z] [[36minfo[0m] [function_finished] Finished benchmarking function azure-aesCtr-512 and closed archiver
[2025-12-03T11:35:32Z] [[36minfo[0m] [progress_update] azure-germanywestcentral-azure-aesCtr-512-512-529: 2500/2500 tasks started.gcp-us-east1-gcp-aesCtr-512-512-707: 2500/2500 tasks started.aws-us-east-1-aws-aesCtr-512-512-99: 2500/2500 tasks started.alibaba-us-east-1-alibaba-aesCtr-512-512-683: 2500/2500 tasks started.
[2025-12-03T11:35:32Z] [[36minfo[0m] [finish_timeline] Benchmark Timeline
[Wed Dec  3 11:35:32 UTC 2025] Finished benchmark 'aesctr' successfully
[Wed Dec  3 11:35:32 UTC 2025] Sleeping 600 seconds before next workload...
