[Thu Dec  4 17:00:01 UTC 2025] Starting benchmark 'gzip' with config './configs/gzip.yaml'
Validating functions...
[2025-12-04T17:00:01Z] [[36minfo[0m] [executor_setup] Setting up executor for aws-us-east-1-aws-gzip-512-512-782
[2025-12-04T17:00:01Z] [[36minfo[0m] [executor_setup] Setting up executor for alibaba-us-east-1-alibaba-gzip-512-512-563
[2025-12-04T17:00:01Z] [[36minfo[0m] [executor_setup] Setting up executor for azure-germanywestcentral-azure-gzip-512-512-515
[2025-12-04T17:00:01Z] [[0mwarning[0m] [[32mazure_limitations[0m] Azure can´t handle more than 300 parallel requests. Limiting to 300.
[2025-12-04T17:00:01Z] [[36minfo[0m] [executor_setup] Setting up executor for gcp-us-east1-gcp-gzip-512-512-603
[2025-12-04T17:00:01Z] [[36minfo[0m] [start_timeline] Benchmark Timeline
[2025-12-04T17:00:01Z] [[36minfo[0m] [load_generator_start] (gcp: us-east1) Starting load generator with 300 workers
[2025-12-04T17:00:01Z] [[36minfo[0m] [load_generator_start] (aws: us-east-1) Starting load generator with 500 workers
[2025-12-04T17:00:01Z] [[36minfo[0m] [load_generator_start] (alibaba: us-east-1) Starting load generator with 500 workers
[2025-12-04T17:00:01Z] [[36minfo[0m] [load_generator_start] (azure: germanywestcentral) Starting load generator with 300 workers
[2025-12-04T17:00:11Z] [[36minfo[0m] [progress_update] alibaba-us-east-1-alibaba-gzip-512-512-563: 1893/2500 tasks started.azure-germanywestcentral-azure-gzip-512-512-515: 606/2500 tasks started.gcp-us-east1-gcp-gzip-512-512-603: 1077/2500 tasks started.aws-us-east-1-aws-gzip-512-512-782: 2092/2500 tasks started.
[2025-12-04T17:00:21Z] [[36minfo[0m] [progress_update] aws-us-east-1-aws-gzip-512-512-782: 2500/2500 tasks started.alibaba-us-east-1-alibaba-gzip-512-512-563: 2500/2500 tasks started.azure-germanywestcentral-azure-gzip-512-512-515: 615/2500 tasks started.gcp-us-east1-gcp-gzip-512-512-603: 2127/2500 tasks started.
[2025-12-04T17:00:25Z] [[36minfo[0m] [function_finished] Finished benchmarking function aws-gzip-512 and closed archiver
[2025-12-04T17:00:31Z] [[36minfo[0m] [progress_update] aws-us-east-1-aws-gzip-512-512-782: 2500/2500 tasks started.alibaba-us-east-1-alibaba-gzip-512-512-563: 2500/2500 tasks started.azure-germanywestcentral-azure-gzip-512-512-515: 1239/2500 tasks started.gcp-us-east1-gcp-gzip-512-512-603: 2500/2500 tasks started.
[2025-12-04T17:00:40Z] [[36minfo[0m] [function_finished] Finished benchmarking function gcp-gzip-512 and closed archiver
[2025-12-04T17:00:41Z] [[36minfo[0m] [progress_update] aws-us-east-1-aws-gzip-512-512-782: 2500/2500 tasks started.alibaba-us-east-1-alibaba-gzip-512-512-563: 2500/2500 tasks started.azure-germanywestcentral-azure-gzip-512-512-515: 1683/2500 tasks started.gcp-us-east1-gcp-gzip-512-512-603: 2500/2500 tasks started.
[2025-12-04T17:00:51Z] [[36minfo[0m] [progress_update] gcp-us-east1-gcp-gzip-512-512-603: 2500/2500 tasks started.aws-us-east-1-aws-gzip-512-512-782: 2500/2500 tasks started.alibaba-us-east-1-alibaba-gzip-512-512-563: 2500/2500 tasks started.azure-germanywestcentral-azure-gzip-512-512-515: 2112/2500 tasks started.
[2025-12-04T17:01:01Z] [[36minfo[0m] [progress_update] aws-us-east-1-aws-gzip-512-512-782: 2500/2500 tasks started.alibaba-us-east-1-alibaba-gzip-512-512-563: 2500/2500 tasks started.azure-germanywestcentral-azure-gzip-512-512-515: 2121/2500 tasks started.gcp-us-east1-gcp-gzip-512-512-603: 2500/2500 tasks started.
[2025-12-04T17:01:11Z] [[36minfo[0m] [progress_update] aws-us-east-1-aws-gzip-512-512-782: 2500/2500 tasks started.alibaba-us-east-1-alibaba-gzip-512-512-563: 2500/2500 tasks started.azure-germanywestcentral-azure-gzip-512-512-515: 2164/2500 tasks started.gcp-us-east1-gcp-gzip-512-512-603: 2500/2500 tasks started.
[2025-12-04T17:01:21Z] [[36minfo[0m] [function_finished] Finished benchmarking function alibaba-gzip-512 and closed archiver
[2025-12-04T17:01:21Z] [[36minfo[0m] [progress_update] aws-us-east-1-aws-gzip-512-512-782: 2500/2500 tasks started.alibaba-us-east-1-alibaba-gzip-512-512-563: 2500/2500 tasks started.azure-germanywestcentral-azure-gzip-512-512-515: 2183/2500 tasks started.gcp-us-east1-gcp-gzip-512-512-603: 2500/2500 tasks started.
[2025-12-04T17:01:31Z] [[36minfo[0m] [progress_update] aws-us-east-1-aws-gzip-512-512-782: 2500/2500 tasks started.alibaba-us-east-1-alibaba-gzip-512-512-563: 2500/2500 tasks started.azure-germanywestcentral-azure-gzip-512-512-515: 2199/2500 tasks started.gcp-us-east1-gcp-gzip-512-512-603: 2500/2500 tasks started.
[2025-12-04T17:01:41Z] [[36minfo[0m] [progress_update] aws-us-east-1-aws-gzip-512-512-782: 2500/2500 tasks started.alibaba-us-east-1-alibaba-gzip-512-512-563: 2500/2500 tasks started.azure-germanywestcentral-azure-gzip-512-512-515: 2265/2500 tasks started.gcp-us-east1-gcp-gzip-512-512-603: 2500/2500 tasks started.
[2025-12-04T17:01:51Z] [[36minfo[0m] [progress_update] aws-us-east-1-aws-gzip-512-512-782: 2500/2500 tasks started.alibaba-us-east-1-alibaba-gzip-512-512-563: 2500/2500 tasks started.azure-germanywestcentral-azure-gzip-512-512-515: 2391/2500 tasks started.gcp-us-east1-gcp-gzip-512-512-603: 2500/2500 tasks started.
[2025-12-04T17:02:01Z] [[36minfo[0m] [progress_update] aws-us-east-1-aws-gzip-512-512-782: 2500/2500 tasks started.alibaba-us-east-1-alibaba-gzip-512-512-563: 2500/2500 tasks started.azure-germanywestcentral-azure-gzip-512-512-515: 2500/2500 tasks started.gcp-us-east1-gcp-gzip-512-512-603: 2500/2500 tasks started.
[2025-12-04T17:02:11Z] [[36minfo[0m] [progress_update] aws-us-east-1-aws-gzip-512-512-782: 2500/2500 tasks started.alibaba-us-east-1-alibaba-gzip-512-512-563: 2500/2500 tasks started.azure-germanywestcentral-azure-gzip-512-512-515: 2500/2500 tasks started.gcp-us-east1-gcp-gzip-512-512-603: 2500/2500 tasks started.
[2025-12-04T17:02:21Z] [[36minfo[0m] [progress_update] aws-us-east-1-aws-gzip-512-512-782: 2500/2500 tasks started.alibaba-us-east-1-alibaba-gzip-512-512-563: 2500/2500 tasks started.azure-germanywestcentral-azure-gzip-512-512-515: 2500/2500 tasks started.gcp-us-east1-gcp-gzip-512-512-603: 2500/2500 tasks started.
[2025-12-04T17:02:31Z] [[36minfo[0m] [progress_update] aws-us-east-1-aws-gzip-512-512-782: 2500/2500 tasks started.alibaba-us-east-1-alibaba-gzip-512-512-563: 2500/2500 tasks started.azure-germanywestcentral-azure-gzip-512-512-515: 2500/2500 tasks started.gcp-us-east1-gcp-gzip-512-512-603: 2500/2500 tasks started.
[2025-12-04T17:02:41Z] [[36minfo[0m] [progress_update] aws-us-east-1-aws-gzip-512-512-782: 2500/2500 tasks started.alibaba-us-east-1-alibaba-gzip-512-512-563: 2500/2500 tasks started.azure-germanywestcentral-azure-gzip-512-512-515: 2500/2500 tasks started.gcp-us-east1-gcp-gzip-512-512-603: 2500/2500 tasks started.
[2025-12-04T17:02:51Z] [[36minfo[0m] [progress_update] aws-us-east-1-aws-gzip-512-512-782: 2500/2500 tasks started.alibaba-us-east-1-alibaba-gzip-512-512-563: 2500/2500 tasks started.azure-germanywestcentral-azure-gzip-512-512-515: 2500/2500 tasks started.gcp-us-east1-gcp-gzip-512-512-603: 2500/2500 tasks started.
[2025-12-04T17:03:01Z] [[36minfo[0m] [progress_update] gcp-us-east1-gcp-gzip-512-512-603: 2500/2500 tasks started.aws-us-east-1-aws-gzip-512-512-782: 2500/2500 tasks started.alibaba-us-east-1-alibaba-gzip-512-512-563: 2500/2500 tasks started.azure-germanywestcentral-azure-gzip-512-512-515: 2500/2500 tasks started.
[2025-12-04T17:03:11Z] [[36minfo[0m] [progress_update] aws-us-east-1-aws-gzip-512-512-782: 2500/2500 tasks started.alibaba-us-east-1-alibaba-gzip-512-512-563: 2500/2500 tasks started.azure-germanywestcentral-azure-gzip-512-512-515: 2500/2500 tasks started.gcp-us-east1-gcp-gzip-512-512-603: 2500/2500 tasks started.
[2025-12-04T17:03:21Z] [[36minfo[0m] [progress_update] alibaba-us-east-1-alibaba-gzip-512-512-563: 2500/2500 tasks started.azure-germanywestcentral-azure-gzip-512-512-515: 2500/2500 tasks started.gcp-us-east1-gcp-gzip-512-512-603: 2500/2500 tasks started.aws-us-east-1-aws-gzip-512-512-782: 2500/2500 tasks started.
[2025-12-04T17:03:31Z] [[36minfo[0m] [progress_update] alibaba-us-east-1-alibaba-gzip-512-512-563: 2500/2500 tasks started.azure-germanywestcentral-azure-gzip-512-512-515: 2500/2500 tasks started.gcp-us-east1-gcp-gzip-512-512-603: 2500/2500 tasks started.aws-us-east-1-aws-gzip-512-512-782: 2500/2500 tasks started.
[2025-12-04T17:03:41Z] [[36minfo[0m] [progress_update] aws-us-east-1-aws-gzip-512-512-782: 2500/2500 tasks started.alibaba-us-east-1-alibaba-gzip-512-512-563: 2500/2500 tasks started.azure-germanywestcentral-azure-gzip-512-512-515: 2500/2500 tasks started.gcp-us-east1-gcp-gzip-512-512-603: 2500/2500 tasks started.
[2025-12-04T17:03:51Z] [[36minfo[0m] [progress_update] gcp-us-east1-gcp-gzip-512-512-603: 2500/2500 tasks started.aws-us-east-1-aws-gzip-512-512-782: 2500/2500 tasks started.alibaba-us-east-1-alibaba-gzip-512-512-563: 2500/2500 tasks started.azure-germanywestcentral-azure-gzip-512-512-515: 2500/2500 tasks started.
[2025-12-04T17:04:01Z] [[36minfo[0m] [progress_update] aws-us-east-1-aws-gzip-512-512-782: 2500/2500 tasks started.alibaba-us-east-1-alibaba-gzip-512-512-563: 2500/2500 tasks started.azure-germanywestcentral-azure-gzip-512-512-515: 2500/2500 tasks started.gcp-us-east1-gcp-gzip-512-512-603: 2500/2500 tasks started.
[2025-12-04T17:04:11Z] [[36minfo[0m] [progress_update] alibaba-us-east-1-alibaba-gzip-512-512-563: 2500/2500 tasks started.azure-germanywestcentral-azure-gzip-512-512-515: 2500/2500 tasks started.gcp-us-east1-gcp-gzip-512-512-603: 2500/2500 tasks started.aws-us-east-1-aws-gzip-512-512-782: 2500/2500 tasks started.
[2025-12-04T17:04:21Z] [[36minfo[0m] [progress_update] aws-us-east-1-aws-gzip-512-512-782: 2500/2500 tasks started.alibaba-us-east-1-alibaba-gzip-512-512-563: 2500/2500 tasks started.azure-germanywestcentral-azure-gzip-512-512-515: 2500/2500 tasks started.gcp-us-east1-gcp-gzip-512-512-603: 2500/2500 tasks started.
[2025-12-04T17:04:24Z] [[31merror[0m] [task_execution] Error executing task azure-gzip-512: task azure-gzip-512 failed after 7 retries: <nil>
[2025-12-04T17:04:25Z] [[31merror[0m] [task_execution] Error executing task azure-gzip-512: task azure-gzip-512 failed after 7 retries: <nil>
[2025-12-04T17:04:31Z] [[36minfo[0m] [progress_update] aws-us-east-1-aws-gzip-512-512-782: 2500/2500 tasks started.alibaba-us-east-1-alibaba-gzip-512-512-563: 2500/2500 tasks started.azure-germanywestcentral-azure-gzip-512-512-515: 2500/2500 tasks started.gcp-us-east1-gcp-gzip-512-512-603: 2500/2500 tasks started.
[2025-12-04T17:04:38Z] [[31merror[0m] [task_execution] Error executing task azure-gzip-512: task azure-gzip-512 failed after 7 retries: <nil>
[2025-12-04T17:04:38Z] [[31merror[0m] [task_execution] Error executing task azure-gzip-512: task azure-gzip-512 failed after 7 retries: <nil>
[2025-12-04T17:04:38Z] [[31merror[0m] [task_execution] Error executing task azure-gzip-512: task azure-gzip-512 failed after 7 retries: <nil>
[2025-12-04T17:04:38Z] [[31merror[0m] [task_execution] Error executing task azure-gzip-512: task azure-gzip-512 failed after 7 retries: <nil>
[2025-12-04T17:04:39Z] [[31merror[0m] [task_execution] Error executing task azure-gzip-512: task azure-gzip-512 failed after 7 retries: <nil>
[2025-12-04T17:04:39Z] [[31merror[0m] [task_execution] Error executing task azure-gzip-512: task azure-gzip-512 failed after 7 retries: <nil>
[2025-12-04T17:04:39Z] [[31merror[0m] [task_execution] Error executing task azure-gzip-512: task azure-gzip-512 failed after 7 retries: <nil>
[2025-12-04T17:04:39Z] [[31merror[0m] [task_execution] Error executing task azure-gzip-512: task azure-gzip-512 failed after 7 retries: <nil>
[2025-12-04T17:04:39Z] [[31merror[0m] [task_execution] Error executing task azure-gzip-512: task azure-gzip-512 failed after 7 retries: <nil>
[2025-12-04T17:04:39Z] [[31merror[0m] [task_execution] Error executing task azure-gzip-512: task azure-gzip-512 failed after 7 retries: <nil>
[2025-12-04T17:04:39Z] [[31merror[0m] [task_execution] Error executing task azure-gzip-512: task azure-gzip-512 failed after 7 retries: <nil>
[2025-12-04T17:04:39Z] [[31merror[0m] [task_execution] Error executing task azure-gzip-512: task azure-gzip-512 failed after 7 retries: <nil>
[2025-12-04T17:04:40Z] [[31merror[0m] [task_execution] Error executing task azure-gzip-512: task azure-gzip-512 failed after 7 retries: <nil>
[2025-12-04T17:04:40Z] [[31merror[0m] [task_execution] Error executing task azure-gzip-512: task azure-gzip-512 failed after 7 retries: <nil>
[2025-12-04T17:04:41Z] [[36minfo[0m] [progress_update] aws-us-east-1-aws-gzip-512-512-782: 2500/2500 tasks started.alibaba-us-east-1-alibaba-gzip-512-512-563: 2500/2500 tasks started.azure-germanywestcentral-azure-gzip-512-512-515: 2500/2500 tasks started.gcp-us-east1-gcp-gzip-512-512-603: 2500/2500 tasks started.
[2025-12-04T17:04:43Z] [[31merror[0m] [task_execution] Error executing task azure-gzip-512: task azure-gzip-512 failed after 7 retries: <nil>
[2025-12-04T17:04:45Z] [[31merror[0m] [task_execution] Error executing task azure-gzip-512: task azure-gzip-512 failed after 7 retries: <nil>
[2025-12-04T17:04:46Z] [[31merror[0m] [task_execution] Error executing task azure-gzip-512: task azure-gzip-512 failed after 7 retries: <nil>
[2025-12-04T17:04:46Z] [[31merror[0m] [task_execution] Error executing task azure-gzip-512: task azure-gzip-512 failed after 7 retries: <nil>
[2025-12-04T17:04:47Z] [[31merror[0m] [task_execution] Error executing task azure-gzip-512: task azure-gzip-512 failed after 7 retries: <nil>
[2025-12-04T17:04:51Z] [[36minfo[0m] [progress_update] aws-us-east-1-aws-gzip-512-512-782: 2500/2500 tasks started.alibaba-us-east-1-alibaba-gzip-512-512-563: 2500/2500 tasks started.azure-germanywestcentral-azure-gzip-512-512-515: 2500/2500 tasks started.gcp-us-east1-gcp-gzip-512-512-603: 2500/2500 tasks started.
[2025-12-04T17:04:59Z] [[31merror[0m] [task_execution] Error executing task azure-gzip-512: task azure-gzip-512 failed after 7 retries: <nil>
[2025-12-04T17:04:59Z] [[31merror[0m] [task_execution] Error executing task azure-gzip-512: task azure-gzip-512 failed after 7 retries: <nil>
[2025-12-04T17:04:59Z] [[31merror[0m] [task_execution] Error executing task azure-gzip-512: task azure-gzip-512 failed after 7 retries: <nil>
[2025-12-04T17:04:59Z] [[31merror[0m] [task_execution] Error executing task azure-gzip-512: task azure-gzip-512 failed after 7 retries: <nil>
[2025-12-04T17:04:59Z] [[31merror[0m] [task_execution] Error executing task azure-gzip-512: task azure-gzip-512 failed after 7 retries: <nil>
[2025-12-04T17:05:00Z] [[31merror[0m] [task_execution] Error executing task azure-gzip-512: task azure-gzip-512 failed after 7 retries: <nil>
[2025-12-04T17:05:00Z] [[31merror[0m] [task_execution] Error executing task azure-gzip-512: task azure-gzip-512 failed after 7 retries: <nil>
[2025-12-04T17:05:00Z] [[31merror[0m] [task_execution] Error executing task azure-gzip-512: task azure-gzip-512 failed after 7 retries: <nil>
[2025-12-04T17:05:00Z] [[31merror[0m] [task_execution] Error executing task azure-gzip-512: task azure-gzip-512 failed after 7 retries: <nil>
[2025-12-04T17:05:00Z] [[31merror[0m] [task_execution] Error executing task azure-gzip-512: task azure-gzip-512 failed after 7 retries: <nil>
[2025-12-04T17:05:00Z] [[31merror[0m] [task_execution] Error executing task azure-gzip-512: task azure-gzip-512 failed after 7 retries: <nil>
[2025-12-04T17:05:00Z] [[31merror[0m] [task_execution] Error executing task azure-gzip-512: task azure-gzip-512 failed after 7 retries: <nil>
[2025-12-04T17:05:01Z] [[31merror[0m] [task_execution] Error executing task azure-gzip-512: task azure-gzip-512 failed after 7 retries: <nil>
[2025-12-04T17:05:01Z] [[31merror[0m] [task_execution] Error executing task azure-gzip-512: task azure-gzip-512 failed after 7 retries: <nil>
[2025-12-04T17:05:01Z] [[36minfo[0m] [progress_update] azure-germanywestcentral-azure-gzip-512-512-515: 2500/2500 tasks started.gcp-us-east1-gcp-gzip-512-512-603: 2500/2500 tasks started.aws-us-east-1-aws-gzip-512-512-782: 2500/2500 tasks started.alibaba-us-east-1-alibaba-gzip-512-512-563: 2500/2500 tasks started.
[2025-12-04T17:05:02Z] [[31merror[0m] [task_execution] Error executing task azure-gzip-512: task azure-gzip-512 failed after 7 retries: <nil>
[2025-12-04T17:05:02Z] [[31merror[0m] [task_execution] Error executing task azure-gzip-512: task azure-gzip-512 failed after 7 retries: <nil>
[2025-12-04T17:05:07Z] [[31merror[0m] [task_execution] Error executing task azure-gzip-512: task azure-gzip-512 failed after 7 retries: <nil>
[2025-12-04T17:05:11Z] [[36minfo[0m] [progress_update] aws-us-east-1-aws-gzip-512-512-782: 2500/2500 tasks started.alibaba-us-east-1-alibaba-gzip-512-512-563: 2500/2500 tasks started.azure-germanywestcentral-azure-gzip-512-512-515: 2500/2500 tasks started.gcp-us-east1-gcp-gzip-512-512-603: 2500/2500 tasks started.
[2025-12-04T17:05:21Z] [[36minfo[0m] [progress_update] aws-us-east-1-aws-gzip-512-512-782: 2500/2500 tasks started.alibaba-us-east-1-alibaba-gzip-512-512-563: 2500/2500 tasks started.azure-germanywestcentral-azure-gzip-512-512-515: 2500/2500 tasks started.gcp-us-east1-gcp-gzip-512-512-603: 2500/2500 tasks started.
[2025-12-04T17:05:24Z] [[31merror[0m] [task_execution] Error executing task azure-gzip-512: task azure-gzip-512 failed after 7 retries: <nil>
[2025-12-04T17:05:28Z] [[31merror[0m] [task_execution] Error executing task azure-gzip-512: task azure-gzip-512 failed after 7 retries: <nil>
[2025-12-04T17:05:29Z] [[31merror[0m] [task_execution] Error executing task azure-gzip-512: task azure-gzip-512 failed after 7 retries: <nil>
[2025-12-04T17:05:31Z] [[36minfo[0m] [progress_update] azure-germanywestcentral-azure-gzip-512-512-515: 2500/2500 tasks started.gcp-us-east1-gcp-gzip-512-512-603: 2500/2500 tasks started.aws-us-east-1-aws-gzip-512-512-782: 2500/2500 tasks started.alibaba-us-east-1-alibaba-gzip-512-512-563: 2500/2500 tasks started.
[2025-12-04T17:05:32Z] [[31merror[0m] [task_execution] Error executing task azure-gzip-512: task azure-gzip-512 failed after 7 retries: <nil>
[2025-12-04T17:05:35Z] [[31merror[0m] [task_execution] Error executing task azure-gzip-512: task azure-gzip-512 failed after 7 retries: <nil>
[2025-12-04T17:05:37Z] [[31merror[0m] [task_execution] Error executing task azure-gzip-512: task azure-gzip-512 failed after 7 retries: <nil>
[2025-12-04T17:05:39Z] [[31merror[0m] [task_execution] Error executing task azure-gzip-512: task azure-gzip-512 failed after 7 retries: <nil>
[2025-12-04T17:05:41Z] [[36minfo[0m] [progress_update] azure-germanywestcentral-azure-gzip-512-512-515: 2500/2500 tasks started.gcp-us-east1-gcp-gzip-512-512-603: 2500/2500 tasks started.aws-us-east-1-aws-gzip-512-512-782: 2500/2500 tasks started.alibaba-us-east-1-alibaba-gzip-512-512-563: 2500/2500 tasks started.
[2025-12-04T17:05:44Z] [[36minfo[0m] [function_finished] Finished benchmarking function azure-gzip-512 and closed archiver
[2025-12-04T17:05:46Z] [[36minfo[0m] [finish_timeline] Benchmark Timeline
[Thu Dec  4 17:05:46 UTC 2025] Finished benchmark 'gzip' successfully
[Thu Dec  4 17:05:46 UTC 2025] Sleeping 600 seconds before next workload...
