[Wed Dec  3 23:46:36 UTC 2025] Starting benchmark 'sha256' with config './configs/sha256.yaml'
Validating functions...
[2025-12-03T23:46:36Z] [[36minfo[0m] [executor_setup] Setting up executor for aws-us-east-1-aws-sha256-512-512-347
[2025-12-03T23:46:36Z] [[36minfo[0m] [executor_setup] Setting up executor for alibaba-us-east-1-alibaba-sha256-512-512-386
[2025-12-03T23:46:36Z] [[36minfo[0m] [executor_setup] Setting up executor for azure-germanywestcentral-azure-sha256-512-512-924
[2025-12-03T23:46:36Z] [[0mwarning[0m] [[32mazure_limitations[0m] Azure can´t handle more than 300 parallel requests. Limiting to 300.
[2025-12-03T23:46:36Z] [[36minfo[0m] [executor_setup] Setting up executor for gcp-us-east1-gcp-sha256-512-512-86
[2025-12-03T23:46:36Z] [[36minfo[0m] [start_timeline] Benchmark Timeline
[2025-12-03T23:46:36Z] [[36minfo[0m] [load_generator_start] (alibaba: us-east-1) Starting load generator with 500 workers
[2025-12-03T23:46:36Z] [[36minfo[0m] [load_generator_start] (azure: germanywestcentral) Starting load generator with 300 workers
[2025-12-03T23:46:36Z] [[36minfo[0m] [load_generator_start] (gcp: us-east1) Starting load generator with 300 workers
[2025-12-03T23:46:36Z] [[36minfo[0m] [load_generator_start] (aws: us-east-1) Starting load generator with 500 workers
[2025-12-03T23:46:46Z] [[36minfo[0m] [progress_update] aws-us-east-1-aws-sha256-512-512-347: 1684/2500 tasks started.alibaba-us-east-1-alibaba-sha256-512-512-386: 1463/2500 tasks started.azure-germanywestcentral-azure-sha256-512-512-924: 679/2500 tasks started.gcp-us-east1-gcp-sha256-512-512-86: 1596/2500 tasks started.
[2025-12-03T23:46:56Z] [[36minfo[0m] [progress_update] aws-us-east-1-aws-sha256-512-512-347: 2500/2500 tasks started.alibaba-us-east-1-alibaba-sha256-512-512-386: 2500/2500 tasks started.azure-germanywestcentral-azure-sha256-512-512-924: 701/2500 tasks started.gcp-us-east1-gcp-sha256-512-512-86: 2500/2500 tasks started.
[2025-12-03T23:47:06Z] [[36minfo[0m] [function_finished] Finished benchmarking function aws-sha256-512 and closed archiver
[2025-12-03T23:47:06Z] [[36minfo[0m] [progress_update] aws-us-east-1-aws-sha256-512-512-347: 2500/2500 tasks started.alibaba-us-east-1-alibaba-sha256-512-512-386: 2500/2500 tasks started.azure-germanywestcentral-azure-sha256-512-512-924: 1641/2500 tasks started.gcp-us-east1-gcp-sha256-512-512-86: 2500/2500 tasks started.
[2025-12-03T23:47:08Z] [[36minfo[0m] [function_finished] Finished benchmarking function gcp-sha256-512 and closed archiver
[2025-12-03T23:47:16Z] [[36minfo[0m] [progress_update] alibaba-us-east-1-alibaba-sha256-512-512-386: 2500/2500 tasks started.azure-germanywestcentral-azure-sha256-512-512-924: 2197/2500 tasks started.gcp-us-east1-gcp-sha256-512-512-86: 2500/2500 tasks started.aws-us-east-1-aws-sha256-512-512-347: 2500/2500 tasks started.
[2025-12-03T23:47:26Z] [[36minfo[0m] [progress_update] aws-us-east-1-aws-sha256-512-512-347: 2500/2500 tasks started.alibaba-us-east-1-alibaba-sha256-512-512-386: 2500/2500 tasks started.azure-germanywestcentral-azure-sha256-512-512-924: 2247/2500 tasks started.gcp-us-east1-gcp-sha256-512-512-86: 2500/2500 tasks started.
[2025-12-03T23:47:36Z] [[36minfo[0m] [progress_update] aws-us-east-1-aws-sha256-512-512-347: 2500/2500 tasks started.alibaba-us-east-1-alibaba-sha256-512-512-386: 2500/2500 tasks started.azure-germanywestcentral-azure-sha256-512-512-924: 2500/2500 tasks started.gcp-us-east1-gcp-sha256-512-512-86: 2500/2500 tasks started.
[2025-12-03T23:47:46Z] [[36minfo[0m] [progress_update] aws-us-east-1-aws-sha256-512-512-347: 2500/2500 tasks started.alibaba-us-east-1-alibaba-sha256-512-512-386: 2500/2500 tasks started.azure-germanywestcentral-azure-sha256-512-512-924: 2500/2500 tasks started.gcp-us-east1-gcp-sha256-512-512-86: 2500/2500 tasks started.
[2025-12-03T23:47:56Z] [[36minfo[0m] [progress_update] gcp-us-east1-gcp-sha256-512-512-86: 2500/2500 tasks started.aws-us-east-1-aws-sha256-512-512-347: 2500/2500 tasks started.alibaba-us-east-1-alibaba-sha256-512-512-386: 2500/2500 tasks started.azure-germanywestcentral-azure-sha256-512-512-924: 2500/2500 tasks started.
[2025-12-03T23:48:06Z] [[36minfo[0m] [progress_update] aws-us-east-1-aws-sha256-512-512-347: 2500/2500 tasks started.alibaba-us-east-1-alibaba-sha256-512-512-386: 2500/2500 tasks started.azure-germanywestcentral-azure-sha256-512-512-924: 2500/2500 tasks started.gcp-us-east1-gcp-sha256-512-512-86: 2500/2500 tasks started.
[2025-12-03T23:48:16Z] [[36minfo[0m] [progress_update] alibaba-us-east-1-alibaba-sha256-512-512-386: 2500/2500 tasks started.azure-germanywestcentral-azure-sha256-512-512-924: 2500/2500 tasks started.gcp-us-east1-gcp-sha256-512-512-86: 2500/2500 tasks started.aws-us-east-1-aws-sha256-512-512-347: 2500/2500 tasks started.
[2025-12-03T23:48:26Z] [[36minfo[0m] [progress_update] aws-us-east-1-aws-sha256-512-512-347: 2500/2500 tasks started.alibaba-us-east-1-alibaba-sha256-512-512-386: 2500/2500 tasks started.azure-germanywestcentral-azure-sha256-512-512-924: 2500/2500 tasks started.gcp-us-east1-gcp-sha256-512-512-86: 2500/2500 tasks started.
[2025-12-03T23:48:36Z] [[36minfo[0m] [progress_update] aws-us-east-1-aws-sha256-512-512-347: 2500/2500 tasks started.alibaba-us-east-1-alibaba-sha256-512-512-386: 2500/2500 tasks started.azure-germanywestcentral-azure-sha256-512-512-924: 2500/2500 tasks started.gcp-us-east1-gcp-sha256-512-512-86: 2500/2500 tasks started.
[2025-12-03T23:48:46Z] [[36minfo[0m] [progress_update] alibaba-us-east-1-alibaba-sha256-512-512-386: 2500/2500 tasks started.azure-germanywestcentral-azure-sha256-512-512-924: 2500/2500 tasks started.gcp-us-east1-gcp-sha256-512-512-86: 2500/2500 tasks started.aws-us-east-1-aws-sha256-512-512-347: 2500/2500 tasks started.
[2025-12-03T23:48:56Z] [[36minfo[0m] [progress_update] alibaba-us-east-1-alibaba-sha256-512-512-386: 2500/2500 tasks started.azure-germanywestcentral-azure-sha256-512-512-924: 2500/2500 tasks started.gcp-us-east1-gcp-sha256-512-512-86: 2500/2500 tasks started.aws-us-east-1-aws-sha256-512-512-347: 2500/2500 tasks started.
[2025-12-03T23:49:06Z] [[36minfo[0m] [progress_update] alibaba-us-east-1-alibaba-sha256-512-512-386: 2500/2500 tasks started.azure-germanywestcentral-azure-sha256-512-512-924: 2500/2500 tasks started.gcp-us-east1-gcp-sha256-512-512-86: 2500/2500 tasks started.aws-us-east-1-aws-sha256-512-512-347: 2500/2500 tasks started.
[2025-12-03T23:49:16Z] [[36minfo[0m] [progress_update] aws-us-east-1-aws-sha256-512-512-347: 2500/2500 tasks started.alibaba-us-east-1-alibaba-sha256-512-512-386: 2500/2500 tasks started.azure-germanywestcentral-azure-sha256-512-512-924: 2500/2500 tasks started.gcp-us-east1-gcp-sha256-512-512-86: 2500/2500 tasks started.
[2025-12-03T23:49:26Z] [[36minfo[0m] [progress_update] aws-us-east-1-aws-sha256-512-512-347: 2500/2500 tasks started.alibaba-us-east-1-alibaba-sha256-512-512-386: 2500/2500 tasks started.azure-germanywestcentral-azure-sha256-512-512-924: 2500/2500 tasks started.gcp-us-east1-gcp-sha256-512-512-86: 2500/2500 tasks started.
[2025-12-03T23:49:32Z] [[36minfo[0m] [function_finished] Finished benchmarking function azure-sha256-512 and closed archiver
[2025-12-03T23:49:36Z] [[36minfo[0m] [progress_update] aws-us-east-1-aws-sha256-512-512-347: 2500/2500 tasks started.alibaba-us-east-1-alibaba-sha256-512-512-386: 2500/2500 tasks started.azure-germanywestcentral-azure-sha256-512-512-924: 2500/2500 tasks started.gcp-us-east1-gcp-sha256-512-512-86: 2500/2500 tasks started.
[2025-12-03T23:49:46Z] [[36minfo[0m] [progress_update] aws-us-east-1-aws-sha256-512-512-347: 2500/2500 tasks started.alibaba-us-east-1-alibaba-sha256-512-512-386: 2500/2500 tasks started.azure-germanywestcentral-azure-sha256-512-512-924: 2500/2500 tasks started.gcp-us-east1-gcp-sha256-512-512-86: 2500/2500 tasks started.
[2025-12-03T23:49:56Z] [[36minfo[0m] [progress_update] gcp-us-east1-gcp-sha256-512-512-86: 2500/2500 tasks started.aws-us-east-1-aws-sha256-512-512-347: 2500/2500 tasks started.alibaba-us-east-1-alibaba-sha256-512-512-386: 2500/2500 tasks started.azure-germanywestcentral-azure-sha256-512-512-924: 2500/2500 tasks started.
[2025-12-03T23:50:06Z] [[36minfo[0m] [progress_update] azure-germanywestcentral-azure-sha256-512-512-924: 2500/2500 tasks started.gcp-us-east1-gcp-sha256-512-512-86: 2500/2500 tasks started.aws-us-east-1-aws-sha256-512-512-347: 2500/2500 tasks started.alibaba-us-east-1-alibaba-sha256-512-512-386: 2500/2500 tasks started.
[2025-12-03T23:50:16Z] [[36minfo[0m] [progress_update] aws-us-east-1-aws-sha256-512-512-347: 2500/2500 tasks started.alibaba-us-east-1-alibaba-sha256-512-512-386: 2500/2500 tasks started.azure-germanywestcentral-azure-sha256-512-512-924: 2500/2500 tasks started.gcp-us-east1-gcp-sha256-512-512-86: 2500/2500 tasks started.
[2025-12-03T23:50:26Z] [[36minfo[0m] [progress_update] aws-us-east-1-aws-sha256-512-512-347: 2500/2500 tasks started.alibaba-us-east-1-alibaba-sha256-512-512-386: 2500/2500 tasks started.azure-germanywestcentral-azure-sha256-512-512-924: 2500/2500 tasks started.gcp-us-east1-gcp-sha256-512-512-86: 2500/2500 tasks started.
[2025-12-03T23:50:36Z] [[36minfo[0m] [progress_update] azure-germanywestcentral-azure-sha256-512-512-924: 2500/2500 tasks started.gcp-us-east1-gcp-sha256-512-512-86: 2500/2500 tasks started.aws-us-east-1-aws-sha256-512-512-347: 2500/2500 tasks started.alibaba-us-east-1-alibaba-sha256-512-512-386: 2500/2500 tasks started.
[2025-12-03T23:50:46Z] [[36minfo[0m] [progress_update] aws-us-east-1-aws-sha256-512-512-347: 2500/2500 tasks started.alibaba-us-east-1-alibaba-sha256-512-512-386: 2500/2500 tasks started.azure-germanywestcentral-azure-sha256-512-512-924: 2500/2500 tasks started.gcp-us-east1-gcp-sha256-512-512-86: 2500/2500 tasks started.
[2025-12-03T23:50:56Z] [[36minfo[0m] [progress_update] aws-us-east-1-aws-sha256-512-512-347: 2500/2500 tasks started.alibaba-us-east-1-alibaba-sha256-512-512-386: 2500/2500 tasks started.azure-germanywestcentral-azure-sha256-512-512-924: 2500/2500 tasks started.gcp-us-east1-gcp-sha256-512-512-86: 2500/2500 tasks started.
[2025-12-03T23:50:58Z] [[31merror[0m] [task_execution] Error executing task alibaba-sha256-512: task alibaba-sha256-512 failed after 7 retries: <nil>
[2025-12-03T23:51:03Z] [[36minfo[0m] [function_finished] Finished benchmarking function alibaba-sha256-512 and closed archiver
[2025-12-03T23:51:05Z] [[36minfo[0m] [finish_timeline] Benchmark Timeline
[Wed Dec  3 23:51:05 UTC 2025] Finished benchmark 'sha256' successfully
[Wed Dec  3 23:51:06 UTC 2025] Sleeping 600 seconds before next workload...
