[Tue Dec  2 11:30:56 UTC 2025] Starting benchmark 'gemm' with config './configs/gemm.yaml'
Validating functions...
[2025-12-02T11:30:56Z] [[36minfo[0m] [executor_setup] Setting up executor for aws-us-east-1-aws-gemm-512-512-914
[2025-12-02T11:30:56Z] [[36minfo[0m] [executor_setup] Setting up executor for alibaba-us-east-1-alibaba-gemm-512-512-848
[2025-12-02T11:30:56Z] [[36minfo[0m] [executor_setup] Setting up executor for gcp-us-east1-gcp-gemm-512-512-826
[2025-12-02T11:30:56Z] [[36minfo[0m] [executor_setup] Setting up executor for azure-germanywestcentral-azure-gemm-512-512-611
[2025-12-02T11:30:56Z] [[0mwarning[0m] [[32mazure_limitations[0m] Azure can´t handle more than 300 parallel requests. Limiting to 300.
[2025-12-02T11:30:56Z] [[36minfo[0m] [start_timeline] Benchmark Timeline
[2025-12-02T11:30:56Z] [[36minfo[0m] [load_generator_start] (azure: germanywestcentral) Starting load generator with 300 workers
[2025-12-02T11:30:56Z] [[36minfo[0m] [load_generator_start] (aws: us-east-1) Starting load generator with 500 workers
[2025-12-02T11:30:56Z] [[36minfo[0m] [load_generator_start] (alibaba: us-east-1) Starting load generator with 500 workers
[2025-12-02T11:30:56Z] [[36minfo[0m] [load_generator_start] (gcp: us-east1) Starting load generator with 500 workers
[2025-12-02T11:31:06Z] [[36minfo[0m] [progress_update] aws-us-east-1-aws-gemm-512-512-914: 1588/2500 tasks started.alibaba-us-east-1-alibaba-gemm-512-512-848: 1331/2500 tasks started.gcp-us-east1-gcp-gemm-512-512-826: 1653/2500 tasks started.azure-germanywestcentral-azure-gemm-512-512-611: 628/2500 tasks started.
[2025-12-02T11:31:16Z] [[36minfo[0m] [progress_update] gcp-us-east1-gcp-gemm-512-512-826: 2500/2500 tasks started.azure-germanywestcentral-azure-gemm-512-512-611: 628/2500 tasks started.aws-us-east-1-aws-gemm-512-512-914: 2500/2500 tasks started.alibaba-us-east-1-alibaba-gemm-512-512-848: 2500/2500 tasks started.
[2025-12-02T11:31:25Z] [[36minfo[0m] [function_finished] Finished benchmarking function aws-gemm-512 and closed archiver
[2025-12-02T11:31:26Z] [[36minfo[0m] [progress_update] aws-us-east-1-aws-gemm-512-512-914: 2500/2500 tasks started.alibaba-us-east-1-alibaba-gemm-512-512-848: 2500/2500 tasks started.gcp-us-east1-gcp-gemm-512-512-826: 2500/2500 tasks started.azure-germanywestcentral-azure-gemm-512-512-611: 1331/2500 tasks started.
[2025-12-02T11:31:34Z] [[36minfo[0m] [function_finished] Finished benchmarking function gcp-gemm-512 and closed archiver
[2025-12-02T11:31:36Z] [[36minfo[0m] [progress_update] azure-germanywestcentral-azure-gemm-512-512-611: 1922/2500 tasks started.aws-us-east-1-aws-gemm-512-512-914: 2500/2500 tasks started.alibaba-us-east-1-alibaba-gemm-512-512-848: 2500/2500 tasks started.gcp-us-east1-gcp-gemm-512-512-826: 2500/2500 tasks started.
[2025-12-02T11:31:46Z] [[36minfo[0m] [progress_update] aws-us-east-1-aws-gemm-512-512-914: 2500/2500 tasks started.alibaba-us-east-1-alibaba-gemm-512-512-848: 2500/2500 tasks started.gcp-us-east1-gcp-gemm-512-512-826: 2500/2500 tasks started.azure-germanywestcentral-azure-gemm-512-512-611: 2331/2500 tasks started.
[2025-12-02T11:31:56Z] [[36minfo[0m] [progress_update] aws-us-east-1-aws-gemm-512-512-914: 2500/2500 tasks started.alibaba-us-east-1-alibaba-gemm-512-512-848: 2500/2500 tasks started.gcp-us-east1-gcp-gemm-512-512-826: 2500/2500 tasks started.azure-germanywestcentral-azure-gemm-512-512-611: 2345/2500 tasks started.
[2025-12-02T11:32:06Z] [[36minfo[0m] [progress_update] aws-us-east-1-aws-gemm-512-512-914: 2500/2500 tasks started.alibaba-us-east-1-alibaba-gemm-512-512-848: 2500/2500 tasks started.gcp-us-east1-gcp-gemm-512-512-826: 2500/2500 tasks started.azure-germanywestcentral-azure-gemm-512-512-611: 2366/2500 tasks started.
[2025-12-02T11:32:16Z] [[36minfo[0m] [progress_update] aws-us-east-1-aws-gemm-512-512-914: 2500/2500 tasks started.alibaba-us-east-1-alibaba-gemm-512-512-848: 2500/2500 tasks started.gcp-us-east1-gcp-gemm-512-512-826: 2500/2500 tasks started.azure-germanywestcentral-azure-gemm-512-512-611: 2421/2500 tasks started.
[2025-12-02T11:32:26Z] [[36minfo[0m] [progress_update] alibaba-us-east-1-alibaba-gemm-512-512-848: 2500/2500 tasks started.gcp-us-east1-gcp-gemm-512-512-826: 2500/2500 tasks started.azure-germanywestcentral-azure-gemm-512-512-611: 2449/2500 tasks started.aws-us-east-1-aws-gemm-512-512-914: 2500/2500 tasks started.
[2025-12-02T11:32:36Z] [[36minfo[0m] [progress_update] gcp-us-east1-gcp-gemm-512-512-826: 2500/2500 tasks started.azure-germanywestcentral-azure-gemm-512-512-611: 2470/2500 tasks started.aws-us-east-1-aws-gemm-512-512-914: 2500/2500 tasks started.alibaba-us-east-1-alibaba-gemm-512-512-848: 2500/2500 tasks started.
[2025-12-02T11:32:46Z] [[36minfo[0m] [progress_update] aws-us-east-1-aws-gemm-512-512-914: 2500/2500 tasks started.alibaba-us-east-1-alibaba-gemm-512-512-848: 2500/2500 tasks started.gcp-us-east1-gcp-gemm-512-512-826: 2500/2500 tasks started.azure-germanywestcentral-azure-gemm-512-512-611: 2485/2500 tasks started.
[2025-12-02T11:32:56Z] [[36minfo[0m] [progress_update] aws-us-east-1-aws-gemm-512-512-914: 2500/2500 tasks started.alibaba-us-east-1-alibaba-gemm-512-512-848: 2500/2500 tasks started.gcp-us-east1-gcp-gemm-512-512-826: 2500/2500 tasks started.azure-germanywestcentral-azure-gemm-512-512-611: 2500/2500 tasks started.
[2025-12-02T11:33:06Z] [[36minfo[0m] [progress_update] alibaba-us-east-1-alibaba-gemm-512-512-848: 2500/2500 tasks started.gcp-us-east1-gcp-gemm-512-512-826: 2500/2500 tasks started.azure-germanywestcentral-azure-gemm-512-512-611: 2500/2500 tasks started.aws-us-east-1-aws-gemm-512-512-914: 2500/2500 tasks started.
[2025-12-02T11:33:16Z] [[36minfo[0m] [progress_update] alibaba-us-east-1-alibaba-gemm-512-512-848: 2500/2500 tasks started.gcp-us-east1-gcp-gemm-512-512-826: 2500/2500 tasks started.azure-germanywestcentral-azure-gemm-512-512-611: 2500/2500 tasks started.aws-us-east-1-aws-gemm-512-512-914: 2500/2500 tasks started.
[2025-12-02T11:33:26Z] [[36minfo[0m] [progress_update] alibaba-us-east-1-alibaba-gemm-512-512-848: 2500/2500 tasks started.gcp-us-east1-gcp-gemm-512-512-826: 2500/2500 tasks started.azure-germanywestcentral-azure-gemm-512-512-611: 2500/2500 tasks started.aws-us-east-1-aws-gemm-512-512-914: 2500/2500 tasks started.
[2025-12-02T11:33:36Z] [[36minfo[0m] [progress_update] azure-germanywestcentral-azure-gemm-512-512-611: 2500/2500 tasks started.aws-us-east-1-aws-gemm-512-512-914: 2500/2500 tasks started.alibaba-us-east-1-alibaba-gemm-512-512-848: 2500/2500 tasks started.gcp-us-east1-gcp-gemm-512-512-826: 2500/2500 tasks started.
[2025-12-02T11:33:46Z] [[36minfo[0m] [progress_update] azure-germanywestcentral-azure-gemm-512-512-611: 2500/2500 tasks started.aws-us-east-1-aws-gemm-512-512-914: 2500/2500 tasks started.alibaba-us-east-1-alibaba-gemm-512-512-848: 2500/2500 tasks started.gcp-us-east1-gcp-gemm-512-512-826: 2500/2500 tasks started.
[2025-12-02T11:33:56Z] [[36minfo[0m] [progress_update] alibaba-us-east-1-alibaba-gemm-512-512-848: 2500/2500 tasks started.gcp-us-east1-gcp-gemm-512-512-826: 2500/2500 tasks started.azure-germanywestcentral-azure-gemm-512-512-611: 2500/2500 tasks started.aws-us-east-1-aws-gemm-512-512-914: 2500/2500 tasks started.
[2025-12-02T11:34:06Z] [[36minfo[0m] [progress_update] aws-us-east-1-aws-gemm-512-512-914: 2500/2500 tasks started.alibaba-us-east-1-alibaba-gemm-512-512-848: 2500/2500 tasks started.gcp-us-east1-gcp-gemm-512-512-826: 2500/2500 tasks started.azure-germanywestcentral-azure-gemm-512-512-611: 2500/2500 tasks started.
[2025-12-02T11:34:16Z] [[36minfo[0m] [progress_update] aws-us-east-1-aws-gemm-512-512-914: 2500/2500 tasks started.alibaba-us-east-1-alibaba-gemm-512-512-848: 2500/2500 tasks started.gcp-us-east1-gcp-gemm-512-512-826: 2500/2500 tasks started.azure-germanywestcentral-azure-gemm-512-512-611: 2500/2500 tasks started.
[2025-12-02T11:34:26Z] [[36minfo[0m] [progress_update] aws-us-east-1-aws-gemm-512-512-914: 2500/2500 tasks started.alibaba-us-east-1-alibaba-gemm-512-512-848: 2500/2500 tasks started.gcp-us-east1-gcp-gemm-512-512-826: 2500/2500 tasks started.azure-germanywestcentral-azure-gemm-512-512-611: 2500/2500 tasks started.
[2025-12-02T11:34:36Z] [[36minfo[0m] [progress_update] azure-germanywestcentral-azure-gemm-512-512-611: 2500/2500 tasks started.aws-us-east-1-aws-gemm-512-512-914: 2500/2500 tasks started.alibaba-us-east-1-alibaba-gemm-512-512-848: 2500/2500 tasks started.gcp-us-east1-gcp-gemm-512-512-826: 2500/2500 tasks started.
[2025-12-02T11:34:46Z] [[36minfo[0m] [progress_update] azure-germanywestcentral-azure-gemm-512-512-611: 2500/2500 tasks started.aws-us-east-1-aws-gemm-512-512-914: 2500/2500 tasks started.alibaba-us-east-1-alibaba-gemm-512-512-848: 2500/2500 tasks started.gcp-us-east1-gcp-gemm-512-512-826: 2500/2500 tasks started.
[2025-12-02T11:34:56Z] [[36minfo[0m] [progress_update] azure-germanywestcentral-azure-gemm-512-512-611: 2500/2500 tasks started.aws-us-east-1-aws-gemm-512-512-914: 2500/2500 tasks started.alibaba-us-east-1-alibaba-gemm-512-512-848: 2500/2500 tasks started.gcp-us-east1-gcp-gemm-512-512-826: 2500/2500 tasks started.
[2025-12-02T11:35:06Z] [[36minfo[0m] [progress_update] alibaba-us-east-1-alibaba-gemm-512-512-848: 2500/2500 tasks started.gcp-us-east1-gcp-gemm-512-512-826: 2500/2500 tasks started.azure-germanywestcentral-azure-gemm-512-512-611: 2500/2500 tasks started.aws-us-east-1-aws-gemm-512-512-914: 2500/2500 tasks started.
[2025-12-02T11:35:16Z] [[36minfo[0m] [progress_update] aws-us-east-1-aws-gemm-512-512-914: 2500/2500 tasks started.alibaba-us-east-1-alibaba-gemm-512-512-848: 2500/2500 tasks started.gcp-us-east1-gcp-gemm-512-512-826: 2500/2500 tasks started.azure-germanywestcentral-azure-gemm-512-512-611: 2500/2500 tasks started.
[2025-12-02T11:35:21Z] [[31merror[0m] [task_execution] Error executing task alibaba-gemm-512: task alibaba-gemm-512 failed after 7 retries: <nil>
[2025-12-02T11:35:26Z] [[36minfo[0m] [function_finished] Finished benchmarking function alibaba-gemm-512 and closed archiver
[2025-12-02T11:35:26Z] [[36minfo[0m] [progress_update] azure-germanywestcentral-azure-gemm-512-512-611: 2500/2500 tasks started.aws-us-east-1-aws-gemm-512-512-914: 2500/2500 tasks started.alibaba-us-east-1-alibaba-gemm-512-512-848: 2500/2500 tasks started.gcp-us-east1-gcp-gemm-512-512-826: 2500/2500 tasks started.
[2025-12-02T11:35:34Z] [[31merror[0m] [task_execution] Error executing task azure-gemm-512: task azure-gemm-512 failed after 7 retries: <nil>
[2025-12-02T11:35:35Z] [[31merror[0m] [task_execution] Error executing task azure-gemm-512: task azure-gemm-512 failed after 7 retries: <nil>
[2025-12-02T11:35:35Z] [[31merror[0m] [task_execution] Error executing task azure-gemm-512: task azure-gemm-512 failed after 7 retries: <nil>
[2025-12-02T11:35:35Z] [[31merror[0m] [task_execution] Error executing task azure-gemm-512: task azure-gemm-512 failed after 7 retries: <nil>
[2025-12-02T11:35:35Z] [[31merror[0m] [task_execution] Error executing task azure-gemm-512: task azure-gemm-512 failed after 7 retries: <nil>
[2025-12-02T11:35:35Z] [[31merror[0m] [task_execution] Error executing task azure-gemm-512: task azure-gemm-512 failed after 7 retries: <nil>
[2025-12-02T11:35:35Z] [[31merror[0m] [task_execution] Error executing task azure-gemm-512: task azure-gemm-512 failed after 7 retries: <nil>
[2025-12-02T11:35:36Z] [[36minfo[0m] [progress_update] alibaba-us-east-1-alibaba-gemm-512-512-848: 2500/2500 tasks started.gcp-us-east1-gcp-gemm-512-512-826: 2500/2500 tasks started.azure-germanywestcentral-azure-gemm-512-512-611: 2500/2500 tasks started.aws-us-east-1-aws-gemm-512-512-914: 2500/2500 tasks started.
[2025-12-02T11:35:46Z] [[36minfo[0m] [progress_update] aws-us-east-1-aws-gemm-512-512-914: 2500/2500 tasks started.alibaba-us-east-1-alibaba-gemm-512-512-848: 2500/2500 tasks started.gcp-us-east1-gcp-gemm-512-512-826: 2500/2500 tasks started.azure-germanywestcentral-azure-gemm-512-512-611: 2500/2500 tasks started.
[2025-12-02T11:35:53Z] [[31merror[0m] [task_execution] Error executing task azure-gemm-512: task azure-gemm-512 failed after 7 retries: <nil>
[2025-12-02T11:35:53Z] [[31merror[0m] [task_execution] Error executing task azure-gemm-512: task azure-gemm-512 failed after 7 retries: <nil>
[2025-12-02T11:35:53Z] [[31merror[0m] [task_execution] Error executing task azure-gemm-512: task azure-gemm-512 failed after 7 retries: <nil>
[2025-12-02T11:35:53Z] [[31merror[0m] [task_execution] Error executing task azure-gemm-512: task azure-gemm-512 failed after 7 retries: <nil>
[2025-12-02T11:35:53Z] [[31merror[0m] [task_execution] Error executing task azure-gemm-512: task azure-gemm-512 failed after 7 retries: <nil>
[2025-12-02T11:35:53Z] [[31merror[0m] [task_execution] Error executing task azure-gemm-512: task azure-gemm-512 failed after 7 retries: <nil>
[2025-12-02T11:35:53Z] [[31merror[0m] [task_execution] Error executing task azure-gemm-512: task azure-gemm-512 failed after 7 retries: <nil>
[2025-12-02T11:35:53Z] [[31merror[0m] [task_execution] Error executing task azure-gemm-512: task azure-gemm-512 failed after 7 retries: <nil>
[2025-12-02T11:35:53Z] [[31merror[0m] [task_execution] Error executing task azure-gemm-512: task azure-gemm-512 failed after 7 retries: <nil>
[2025-12-02T11:35:53Z] [[31merror[0m] [task_execution] Error executing task azure-gemm-512: task azure-gemm-512 failed after 7 retries: <nil>
[2025-12-02T11:35:53Z] [[31merror[0m] [task_execution] Error executing task azure-gemm-512: task azure-gemm-512 failed after 7 retries: <nil>
[2025-12-02T11:35:54Z] [[31merror[0m] [task_execution] Error executing task azure-gemm-512: task azure-gemm-512 failed after 7 retries: <nil>
[2025-12-02T11:35:54Z] [[31merror[0m] [task_execution] Error executing task azure-gemm-512: task azure-gemm-512 failed after 7 retries: <nil>
[2025-12-02T11:35:54Z] [[31merror[0m] [task_execution] Error executing task azure-gemm-512: task azure-gemm-512 failed after 7 retries: <nil>
[2025-12-02T11:35:54Z] [[31merror[0m] [task_execution] Error executing task azure-gemm-512: task azure-gemm-512 failed after 7 retries: <nil>
[2025-12-02T11:35:54Z] [[31merror[0m] [task_execution] Error executing task azure-gemm-512: task azure-gemm-512 failed after 7 retries: <nil>
[2025-12-02T11:35:54Z] [[31merror[0m] [task_execution] Error executing task azure-gemm-512: task azure-gemm-512 failed after 7 retries: <nil>
[2025-12-02T11:35:54Z] [[31merror[0m] [task_execution] Error executing task azure-gemm-512: task azure-gemm-512 failed after 7 retries: <nil>
[2025-12-02T11:35:55Z] [[31merror[0m] [task_execution] Error executing task azure-gemm-512: task azure-gemm-512 failed after 7 retries: <nil>
[2025-12-02T11:35:55Z] [[31merror[0m] [task_execution] Error executing task azure-gemm-512: task azure-gemm-512 failed after 7 retries: <nil>
[2025-12-02T11:35:55Z] [[31merror[0m] [task_execution] Error executing task azure-gemm-512: task azure-gemm-512 failed after 7 retries: <nil>
[2025-12-02T11:35:55Z] [[31merror[0m] [task_execution] Error executing task azure-gemm-512: task azure-gemm-512 failed after 7 retries: <nil>
[2025-12-02T11:35:55Z] [[31merror[0m] [task_execution] Error executing task azure-gemm-512: task azure-gemm-512 failed after 7 retries: <nil>
[2025-12-02T11:35:55Z] [[31merror[0m] [task_execution] Error executing task azure-gemm-512: task azure-gemm-512 failed after 7 retries: <nil>
[2025-12-02T11:35:55Z] [[31merror[0m] [task_execution] Error executing task azure-gemm-512: task azure-gemm-512 failed after 7 retries: <nil>
[2025-12-02T11:35:55Z] [[31merror[0m] [task_execution] Error executing task azure-gemm-512: task azure-gemm-512 failed after 7 retries: <nil>
[2025-12-02T11:35:55Z] [[31merror[0m] [task_execution] Error executing task azure-gemm-512: task azure-gemm-512 failed after 7 retries: <nil>
[2025-12-02T11:35:55Z] [[31merror[0m] [task_execution] Error executing task azure-gemm-512: task azure-gemm-512 failed after 7 retries: <nil>
[2025-12-02T11:35:55Z] [[31merror[0m] [task_execution] Error executing task azure-gemm-512: task azure-gemm-512 failed after 7 retries: <nil>
[2025-12-02T11:35:55Z] [[31merror[0m] [task_execution] Error executing task azure-gemm-512: task azure-gemm-512 failed after 7 retries: <nil>
[2025-12-02T11:35:55Z] [[31merror[0m] [task_execution] Error executing task azure-gemm-512: task azure-gemm-512 failed after 7 retries: <nil>
[2025-12-02T11:35:56Z] [[31merror[0m] [task_execution] Error executing task azure-gemm-512: task azure-gemm-512 failed after 7 retries: <nil>
[2025-12-02T11:35:56Z] [[31merror[0m] [task_execution] Error executing task azure-gemm-512: task azure-gemm-512 failed after 7 retries: <nil>
[2025-12-02T11:35:56Z] [[31merror[0m] [task_execution] Error executing task azure-gemm-512: task azure-gemm-512 failed after 7 retries: <nil>
[2025-12-02T11:35:56Z] [[36minfo[0m] [progress_update] aws-us-east-1-aws-gemm-512-512-914: 2500/2500 tasks started.alibaba-us-east-1-alibaba-gemm-512-512-848: 2500/2500 tasks started.gcp-us-east1-gcp-gemm-512-512-826: 2500/2500 tasks started.azure-germanywestcentral-azure-gemm-512-512-611: 2500/2500 tasks started.
[2025-12-02T11:35:56Z] [[31merror[0m] [task_execution] Error executing task azure-gemm-512: task azure-gemm-512 failed after 7 retries: <nil>
[2025-12-02T11:35:57Z] [[31merror[0m] [task_execution] Error executing task azure-gemm-512: task azure-gemm-512 failed after 7 retries: <nil>
[2025-12-02T11:36:06Z] [[36minfo[0m] [progress_update] azure-germanywestcentral-azure-gemm-512-512-611: 2500/2500 tasks started.aws-us-east-1-aws-gemm-512-512-914: 2500/2500 tasks started.alibaba-us-east-1-alibaba-gemm-512-512-848: 2500/2500 tasks started.gcp-us-east1-gcp-gemm-512-512-826: 2500/2500 tasks started.
[2025-12-02T11:36:16Z] [[36minfo[0m] [progress_update] aws-us-east-1-aws-gemm-512-512-914: 2500/2500 tasks started.alibaba-us-east-1-alibaba-gemm-512-512-848: 2500/2500 tasks started.gcp-us-east1-gcp-gemm-512-512-826: 2500/2500 tasks started.azure-germanywestcentral-azure-gemm-512-512-611: 2500/2500 tasks started.
[2025-12-02T11:36:24Z] [[31merror[0m] [task_execution] Error executing task azure-gemm-512: task azure-gemm-512 failed after 7 retries: <nil>
[2025-12-02T11:36:25Z] [[31merror[0m] [task_execution] Error executing task azure-gemm-512: task azure-gemm-512 failed after 7 retries: <nil>
[2025-12-02T11:36:25Z] [[31merror[0m] [task_execution] Error executing task azure-gemm-512: task azure-gemm-512 failed after 7 retries: <nil>
[2025-12-02T11:36:25Z] [[31merror[0m] [task_execution] Error executing task azure-gemm-512: task azure-gemm-512 failed after 7 retries: <nil>
[2025-12-02T11:36:26Z] [[31merror[0m] [task_execution] Error executing task azure-gemm-512: task azure-gemm-512 failed after 7 retries: <nil>
[2025-12-02T11:36:26Z] [[31merror[0m] [task_execution] Error executing task azure-gemm-512: task azure-gemm-512 failed after 7 retries: <nil>
[2025-12-02T11:36:26Z] [[31merror[0m] [task_execution] Error executing task azure-gemm-512: task azure-gemm-512 failed after 7 retries: <nil>
[2025-12-02T11:36:26Z] [[36minfo[0m] [progress_update] aws-us-east-1-aws-gemm-512-512-914: 2500/2500 tasks started.alibaba-us-east-1-alibaba-gemm-512-512-848: 2500/2500 tasks started.gcp-us-east1-gcp-gemm-512-512-826: 2500/2500 tasks started.azure-germanywestcentral-azure-gemm-512-512-611: 2500/2500 tasks started.
[2025-12-02T11:36:26Z] [[31merror[0m] [task_execution] Error executing task azure-gemm-512: task azure-gemm-512 failed after 7 retries: <nil>
[2025-12-02T11:36:26Z] [[31merror[0m] [task_execution] Error executing task azure-gemm-512: task azure-gemm-512 failed after 7 retries: <nil>
[2025-12-02T11:36:27Z] [[31merror[0m] [task_execution] Error executing task azure-gemm-512: task azure-gemm-512 failed after 7 retries: <nil>
[2025-12-02T11:36:28Z] [[31merror[0m] [task_execution] Error executing task azure-gemm-512: task azure-gemm-512 failed after 7 retries: <nil>
[2025-12-02T11:36:28Z] [[31merror[0m] [task_execution] Error executing task azure-gemm-512: task azure-gemm-512 failed after 7 retries: <nil>
[2025-12-02T11:36:36Z] [[36minfo[0m] [progress_update] aws-us-east-1-aws-gemm-512-512-914: 2500/2500 tasks started.alibaba-us-east-1-alibaba-gemm-512-512-848: 2500/2500 tasks started.gcp-us-east1-gcp-gemm-512-512-826: 2500/2500 tasks started.azure-germanywestcentral-azure-gemm-512-512-611: 2500/2500 tasks started.
[2025-12-02T11:36:46Z] [[36minfo[0m] [progress_update] aws-us-east-1-aws-gemm-512-512-914: 2500/2500 tasks started.alibaba-us-east-1-alibaba-gemm-512-512-848: 2500/2500 tasks started.gcp-us-east1-gcp-gemm-512-512-826: 2500/2500 tasks started.azure-germanywestcentral-azure-gemm-512-512-611: 2500/2500 tasks started.
[2025-12-02T11:36:53Z] [[31merror[0m] [task_execution] Error executing task azure-gemm-512: task azure-gemm-512 failed after 7 retries: <nil>
[2025-12-02T11:36:56Z] [[31merror[0m] [task_execution] Error executing task azure-gemm-512: task azure-gemm-512 failed after 7 retries: <nil>
[2025-12-02T11:36:56Z] [[36minfo[0m] [progress_update] aws-us-east-1-aws-gemm-512-512-914: 2500/2500 tasks started.alibaba-us-east-1-alibaba-gemm-512-512-848: 2500/2500 tasks started.gcp-us-east1-gcp-gemm-512-512-826: 2500/2500 tasks started.azure-germanywestcentral-azure-gemm-512-512-611: 2500/2500 tasks started.
[2025-12-02T11:37:01Z] [[36minfo[0m] [function_finished] Finished benchmarking function azure-gemm-512 and closed archiver
[2025-12-02T11:37:03Z] [[36minfo[0m] [finish_timeline] Benchmark Timeline
[Tue Dec  2 11:37:03 UTC 2025] Finished benchmark 'gemm' successfully
[Tue Dec  2 11:37:03 UTC 2025] Sleeping 600 seconds before next workload...
