[Fri Dec  5 23:47:24 UTC 2025] Starting benchmark 'aesctr' with config './configs/aesCtr.yaml'
Validating functions...
[2025-12-05T23:47:24Z] [[36minfo[0m] [executor_setup] Setting up executor for aws-us-east-1-aws-aesCtr-512-512-455
[2025-12-05T23:47:24Z] [[36minfo[0m] [executor_setup] Setting up executor for alibaba-us-east-1-alibaba-aesCtr-512-512-94
[2025-12-05T23:47:24Z] [[36minfo[0m] [executor_setup] Setting up executor for azure-germanywestcentral-azure-aesCtr-512-512-874
[2025-12-05T23:47:24Z] [[0mwarning[0m] [[32mazure_limitations[0m] Azure can´t handle more than 300 parallel requests. Limiting to 300.
[2025-12-05T23:47:24Z] [[36minfo[0m] [executor_setup] Setting up executor for gcp-us-east1-gcp-aesCtr-512-512-953
[2025-12-05T23:47:24Z] [[36minfo[0m] [start_timeline] Benchmark Timeline
[2025-12-05T23:47:24Z] [[36minfo[0m] [load_generator_start] (aws: us-east-1) Starting load generator with 500 workers
[2025-12-05T23:47:24Z] [[36minfo[0m] [load_generator_start] (gcp: us-east1) Starting load generator with 300 workers
[2025-12-05T23:47:24Z] [[36minfo[0m] [load_generator_start] (alibaba: us-east-1) Starting load generator with 500 workers
[2025-12-05T23:47:24Z] [[36minfo[0m] [load_generator_start] (azure: germanywestcentral) Starting load generator with 300 workers
[2025-12-05T23:47:34Z] [[36minfo[0m] [progress_update] aws-us-east-1-aws-aesCtr-512-512-455: 2034/2500 tasks started.alibaba-us-east-1-alibaba-aesCtr-512-512-94: 2423/2500 tasks started.azure-germanywestcentral-azure-aesCtr-512-512-874: 658/2500 tasks started.gcp-us-east1-gcp-aesCtr-512-512-953: 516/2500 tasks started.
[2025-12-05T23:47:44Z] [[36minfo[0m] [progress_update] aws-us-east-1-aws-aesCtr-512-512-455: 2500/2500 tasks started.alibaba-us-east-1-alibaba-aesCtr-512-512-94: 2500/2500 tasks started.azure-germanywestcentral-azure-aesCtr-512-512-874: 678/2500 tasks started.gcp-us-east1-gcp-aesCtr-512-512-953: 1118/2500 tasks started.
[2025-12-05T23:47:50Z] [[36minfo[0m] [function_finished] Finished benchmarking function aws-aesCtr-512 and closed archiver
[2025-12-05T23:47:54Z] [[36minfo[0m] [progress_update] aws-us-east-1-aws-aesCtr-512-512-455: 2500/2500 tasks started.alibaba-us-east-1-alibaba-aesCtr-512-512-94: 2500/2500 tasks started.azure-germanywestcentral-azure-aesCtr-512-512-874: 1497/2500 tasks started.gcp-us-east1-gcp-aesCtr-512-512-953: 1685/2500 tasks started.
[2025-12-05T23:48:04Z] [[36minfo[0m] [progress_update] aws-us-east-1-aws-aesCtr-512-512-455: 2500/2500 tasks started.alibaba-us-east-1-alibaba-aesCtr-512-512-94: 2500/2500 tasks started.azure-germanywestcentral-azure-aesCtr-512-512-874: 2060/2500 tasks started.gcp-us-east1-gcp-aesCtr-512-512-953: 2257/2500 tasks started.
[2025-12-05T23:48:14Z] [[36minfo[0m] [progress_update] aws-us-east-1-aws-aesCtr-512-512-455: 2500/2500 tasks started.alibaba-us-east-1-alibaba-aesCtr-512-512-94: 2500/2500 tasks started.azure-germanywestcentral-azure-aesCtr-512-512-874: 2260/2500 tasks started.gcp-us-east1-gcp-aesCtr-512-512-953: 2500/2500 tasks started.
[2025-12-05T23:48:24Z] [[36minfo[0m] [function_finished] Finished benchmarking function gcp-aesCtr-512 and closed archiver
[2025-12-05T23:48:24Z] [[36minfo[0m] [progress_update] aws-us-east-1-aws-aesCtr-512-512-455: 2500/2500 tasks started.alibaba-us-east-1-alibaba-aesCtr-512-512-94: 2500/2500 tasks started.azure-germanywestcentral-azure-aesCtr-512-512-874: 2353/2500 tasks started.gcp-us-east1-gcp-aesCtr-512-512-953: 2500/2500 tasks started.
[2025-12-05T23:48:34Z] [[36minfo[0m] [progress_update] aws-us-east-1-aws-aesCtr-512-512-455: 2500/2500 tasks started.alibaba-us-east-1-alibaba-aesCtr-512-512-94: 2500/2500 tasks started.azure-germanywestcentral-azure-aesCtr-512-512-874: 2500/2500 tasks started.gcp-us-east1-gcp-aesCtr-512-512-953: 2500/2500 tasks started.
[2025-12-05T23:48:44Z] [[36minfo[0m] [progress_update] aws-us-east-1-aws-aesCtr-512-512-455: 2500/2500 tasks started.alibaba-us-east-1-alibaba-aesCtr-512-512-94: 2500/2500 tasks started.azure-germanywestcentral-azure-aesCtr-512-512-874: 2500/2500 tasks started.gcp-us-east1-gcp-aesCtr-512-512-953: 2500/2500 tasks started.
[2025-12-05T23:48:54Z] [[36minfo[0m] [progress_update] aws-us-east-1-aws-aesCtr-512-512-455: 2500/2500 tasks started.alibaba-us-east-1-alibaba-aesCtr-512-512-94: 2500/2500 tasks started.azure-germanywestcentral-azure-aesCtr-512-512-874: 2500/2500 tasks started.gcp-us-east1-gcp-aesCtr-512-512-953: 2500/2500 tasks started.
[2025-12-05T23:49:04Z] [[36minfo[0m] [progress_update] aws-us-east-1-aws-aesCtr-512-512-455: 2500/2500 tasks started.alibaba-us-east-1-alibaba-aesCtr-512-512-94: 2500/2500 tasks started.azure-germanywestcentral-azure-aesCtr-512-512-874: 2500/2500 tasks started.gcp-us-east1-gcp-aesCtr-512-512-953: 2500/2500 tasks started.
[2025-12-05T23:49:14Z] [[36minfo[0m] [progress_update] aws-us-east-1-aws-aesCtr-512-512-455: 2500/2500 tasks started.alibaba-us-east-1-alibaba-aesCtr-512-512-94: 2500/2500 tasks started.azure-germanywestcentral-azure-aesCtr-512-512-874: 2500/2500 tasks started.gcp-us-east1-gcp-aesCtr-512-512-953: 2500/2500 tasks started.
[2025-12-05T23:49:24Z] [[36minfo[0m] [progress_update] aws-us-east-1-aws-aesCtr-512-512-455: 2500/2500 tasks started.alibaba-us-east-1-alibaba-aesCtr-512-512-94: 2500/2500 tasks started.azure-germanywestcentral-azure-aesCtr-512-512-874: 2500/2500 tasks started.gcp-us-east1-gcp-aesCtr-512-512-953: 2500/2500 tasks started.
[2025-12-05T23:49:34Z] [[36minfo[0m] [progress_update] gcp-us-east1-gcp-aesCtr-512-512-953: 2500/2500 tasks started.aws-us-east-1-aws-aesCtr-512-512-455: 2500/2500 tasks started.alibaba-us-east-1-alibaba-aesCtr-512-512-94: 2500/2500 tasks started.azure-germanywestcentral-azure-aesCtr-512-512-874: 2500/2500 tasks started.
[2025-12-05T23:49:37Z] [[36minfo[0m] [function_finished] Finished benchmarking function alibaba-aesCtr-512 and closed archiver
[2025-12-05T23:49:44Z] [[36minfo[0m] [progress_update] azure-germanywestcentral-azure-aesCtr-512-512-874: 2500/2500 tasks started.gcp-us-east1-gcp-aesCtr-512-512-953: 2500/2500 tasks started.aws-us-east-1-aws-aesCtr-512-512-455: 2500/2500 tasks started.alibaba-us-east-1-alibaba-aesCtr-512-512-94: 2500/2500 tasks started.
[2025-12-05T23:49:54Z] [[36minfo[0m] [progress_update] aws-us-east-1-aws-aesCtr-512-512-455: 2500/2500 tasks started.alibaba-us-east-1-alibaba-aesCtr-512-512-94: 2500/2500 tasks started.azure-germanywestcentral-azure-aesCtr-512-512-874: 2500/2500 tasks started.gcp-us-east1-gcp-aesCtr-512-512-953: 2500/2500 tasks started.
[2025-12-05T23:50:04Z] [[36minfo[0m] [progress_update] aws-us-east-1-aws-aesCtr-512-512-455: 2500/2500 tasks started.alibaba-us-east-1-alibaba-aesCtr-512-512-94: 2500/2500 tasks started.azure-germanywestcentral-azure-aesCtr-512-512-874: 2500/2500 tasks started.gcp-us-east1-gcp-aesCtr-512-512-953: 2500/2500 tasks started.
[2025-12-05T23:50:14Z] [[36minfo[0m] [progress_update] aws-us-east-1-aws-aesCtr-512-512-455: 2500/2500 tasks started.alibaba-us-east-1-alibaba-aesCtr-512-512-94: 2500/2500 tasks started.azure-germanywestcentral-azure-aesCtr-512-512-874: 2500/2500 tasks started.gcp-us-east1-gcp-aesCtr-512-512-953: 2500/2500 tasks started.
[2025-12-05T23:50:24Z] [[36minfo[0m] [progress_update] aws-us-east-1-aws-aesCtr-512-512-455: 2500/2500 tasks started.alibaba-us-east-1-alibaba-aesCtr-512-512-94: 2500/2500 tasks started.azure-germanywestcentral-azure-aesCtr-512-512-874: 2500/2500 tasks started.gcp-us-east1-gcp-aesCtr-512-512-953: 2500/2500 tasks started.
[2025-12-05T23:50:34Z] [[36minfo[0m] [progress_update] azure-germanywestcentral-azure-aesCtr-512-512-874: 2500/2500 tasks started.gcp-us-east1-gcp-aesCtr-512-512-953: 2500/2500 tasks started.aws-us-east-1-aws-aesCtr-512-512-455: 2500/2500 tasks started.alibaba-us-east-1-alibaba-aesCtr-512-512-94: 2500/2500 tasks started.
[2025-12-05T23:50:44Z] [[36minfo[0m] [progress_update] aws-us-east-1-aws-aesCtr-512-512-455: 2500/2500 tasks started.alibaba-us-east-1-alibaba-aesCtr-512-512-94: 2500/2500 tasks started.azure-germanywestcentral-azure-aesCtr-512-512-874: 2500/2500 tasks started.gcp-us-east1-gcp-aesCtr-512-512-953: 2500/2500 tasks started.
[2025-12-05T23:50:54Z] [[36minfo[0m] [progress_update] aws-us-east-1-aws-aesCtr-512-512-455: 2500/2500 tasks started.alibaba-us-east-1-alibaba-aesCtr-512-512-94: 2500/2500 tasks started.azure-germanywestcentral-azure-aesCtr-512-512-874: 2500/2500 tasks started.gcp-us-east1-gcp-aesCtr-512-512-953: 2500/2500 tasks started.
[2025-12-05T23:51:04Z] [[36minfo[0m] [progress_update] aws-us-east-1-aws-aesCtr-512-512-455: 2500/2500 tasks started.alibaba-us-east-1-alibaba-aesCtr-512-512-94: 2500/2500 tasks started.azure-germanywestcentral-azure-aesCtr-512-512-874: 2500/2500 tasks started.gcp-us-east1-gcp-aesCtr-512-512-953: 2500/2500 tasks started.
[2025-12-05T23:51:14Z] [[36minfo[0m] [progress_update] aws-us-east-1-aws-aesCtr-512-512-455: 2500/2500 tasks started.alibaba-us-east-1-alibaba-aesCtr-512-512-94: 2500/2500 tasks started.azure-germanywestcentral-azure-aesCtr-512-512-874: 2500/2500 tasks started.gcp-us-east1-gcp-aesCtr-512-512-953: 2500/2500 tasks started.
[2025-12-05T23:51:24Z] [[36minfo[0m] [progress_update] gcp-us-east1-gcp-aesCtr-512-512-953: 2500/2500 tasks started.aws-us-east-1-aws-aesCtr-512-512-455: 2500/2500 tasks started.alibaba-us-east-1-alibaba-aesCtr-512-512-94: 2500/2500 tasks started.azure-germanywestcentral-azure-aesCtr-512-512-874: 2500/2500 tasks started.
[2025-12-05T23:51:34Z] [[36minfo[0m] [progress_update] azure-germanywestcentral-azure-aesCtr-512-512-874: 2500/2500 tasks started.gcp-us-east1-gcp-aesCtr-512-512-953: 2500/2500 tasks started.aws-us-east-1-aws-aesCtr-512-512-455: 2500/2500 tasks started.alibaba-us-east-1-alibaba-aesCtr-512-512-94: 2500/2500 tasks started.
[2025-12-05T23:51:44Z] [[36minfo[0m] [progress_update] aws-us-east-1-aws-aesCtr-512-512-455: 2500/2500 tasks started.alibaba-us-east-1-alibaba-aesCtr-512-512-94: 2500/2500 tasks started.azure-germanywestcentral-azure-aesCtr-512-512-874: 2500/2500 tasks started.gcp-us-east1-gcp-aesCtr-512-512-953: 2500/2500 tasks started.
[2025-12-05T23:51:54Z] [[36minfo[0m] [progress_update] aws-us-east-1-aws-aesCtr-512-512-455: 2500/2500 tasks started.alibaba-us-east-1-alibaba-aesCtr-512-512-94: 2500/2500 tasks started.azure-germanywestcentral-azure-aesCtr-512-512-874: 2500/2500 tasks started.gcp-us-east1-gcp-aesCtr-512-512-953: 2500/2500 tasks started.
[2025-12-05T23:52:04Z] [[36minfo[0m] [progress_update] aws-us-east-1-aws-aesCtr-512-512-455: 2500/2500 tasks started.alibaba-us-east-1-alibaba-aesCtr-512-512-94: 2500/2500 tasks started.azure-germanywestcentral-azure-aesCtr-512-512-874: 2500/2500 tasks started.gcp-us-east1-gcp-aesCtr-512-512-953: 2500/2500 tasks started.
[2025-12-05T23:52:04Z] [[31merror[0m] [task_execution] Error executing task azure-aesCtr-512: task azure-aesCtr-512 failed after 7 retries: <nil>
[2025-12-05T23:52:05Z] [[31merror[0m] [task_execution] Error executing task azure-aesCtr-512: task azure-aesCtr-512 failed after 7 retries: <nil>
[2025-12-05T23:52:10Z] [[36minfo[0m] [function_finished] Finished benchmarking function azure-aesCtr-512 and closed archiver
[2025-12-05T23:52:12Z] [[36minfo[0m] [finish_timeline] Benchmark Timeline
[Fri Dec  5 23:52:12 UTC 2025] Finished benchmark 'aesctr' successfully
[Fri Dec  5 23:52:12 UTC 2025] Sleeping 600 seconds before next workload...
