[Tue Dec  2 23:15:06 UTC 2025] Starting benchmark 'gemm' with config './configs/gemm.yaml'
Validating functions...
[2025-12-02T23:15:06Z] [[36minfo[0m] [executor_setup] Setting up executor for aws-us-east-1-aws-gemm-512-512-536
[2025-12-02T23:15:06Z] [[36minfo[0m] [executor_setup] Setting up executor for alibaba-us-east-1-alibaba-gemm-512-512-27
[2025-12-02T23:15:06Z] [[36minfo[0m] [executor_setup] Setting up executor for gcp-us-east1-gcp-gemm-512-512-810
[2025-12-02T23:15:06Z] [[36minfo[0m] [executor_setup] Setting up executor for azure-germanywestcentral-azure-gemm-512-512-408
[2025-12-02T23:15:06Z] [[0mwarning[0m] [[32mazure_limitations[0m] Azure can´t handle more than 300 parallel requests. Limiting to 300.
[2025-12-02T23:15:06Z] [[36minfo[0m] [start_timeline] Benchmark Timeline
[2025-12-02T23:15:06Z] [[36minfo[0m] [load_generator_start] (azure: germanywestcentral) Starting load generator with 300 workers
[2025-12-02T23:15:06Z] [[36minfo[0m] [load_generator_start] (aws: us-east-1) Starting load generator with 500 workers
[2025-12-02T23:15:06Z] [[36minfo[0m] [load_generator_start] (alibaba: us-east-1) Starting load generator with 500 workers
[2025-12-02T23:15:06Z] [[36minfo[0m] [load_generator_start] (gcp: us-east1) Starting load generator with 500 workers
[2025-12-02T23:15:16Z] [[36minfo[0m] [progress_update] aws-us-east-1-aws-gemm-512-512-536: 1438/2500 tasks started.alibaba-us-east-1-alibaba-gemm-512-512-27: 1344/2500 tasks started.gcp-us-east1-gcp-gemm-512-512-810: 1590/2500 tasks started.azure-germanywestcentral-azure-gemm-512-512-408: 642/2500 tasks started.
[2025-12-02T23:15:26Z] [[36minfo[0m] [progress_update] aws-us-east-1-aws-gemm-512-512-536: 2500/2500 tasks started.alibaba-us-east-1-alibaba-gemm-512-512-27: 2403/2500 tasks started.gcp-us-east1-gcp-gemm-512-512-810: 2500/2500 tasks started.azure-germanywestcentral-azure-gemm-512-512-408: 697/2500 tasks started.
[2025-12-02T23:15:36Z] [[36minfo[0m] [progress_update] azure-germanywestcentral-azure-gemm-512-512-408: 1352/2500 tasks started.aws-us-east-1-aws-gemm-512-512-536: 2500/2500 tasks started.alibaba-us-east-1-alibaba-gemm-512-512-27: 2500/2500 tasks started.gcp-us-east1-gcp-gemm-512-512-810: 2500/2500 tasks started.
[2025-12-02T23:15:46Z] [[36minfo[0m] [progress_update] gcp-us-east1-gcp-gemm-512-512-810: 2500/2500 tasks started.azure-germanywestcentral-azure-gemm-512-512-408: 1795/2500 tasks started.aws-us-east-1-aws-gemm-512-512-536: 2500/2500 tasks started.alibaba-us-east-1-alibaba-gemm-512-512-27: 2500/2500 tasks started.
[2025-12-02T23:15:47Z] [[36minfo[0m] [function_finished] Finished benchmarking function aws-gemm-512 and closed archiver
[2025-12-02T23:15:55Z] [[36minfo[0m] [function_finished] Finished benchmarking function gcp-gemm-512 and closed archiver
[2025-12-02T23:15:56Z] [[36minfo[0m] [progress_update] azure-germanywestcentral-azure-gemm-512-512-408: 2099/2500 tasks started.aws-us-east-1-aws-gemm-512-512-536: 2500/2500 tasks started.alibaba-us-east-1-alibaba-gemm-512-512-27: 2500/2500 tasks started.gcp-us-east1-gcp-gemm-512-512-810: 2500/2500 tasks started.
[2025-12-02T23:16:06Z] [[36minfo[0m] [progress_update] aws-us-east-1-aws-gemm-512-512-536: 2500/2500 tasks started.alibaba-us-east-1-alibaba-gemm-512-512-27: 2500/2500 tasks started.gcp-us-east1-gcp-gemm-512-512-810: 2500/2500 tasks started.azure-germanywestcentral-azure-gemm-512-512-408: 2105/2500 tasks started.
[2025-12-02T23:16:16Z] [[36minfo[0m] [progress_update] aws-us-east-1-aws-gemm-512-512-536: 2500/2500 tasks started.alibaba-us-east-1-alibaba-gemm-512-512-27: 2500/2500 tasks started.gcp-us-east1-gcp-gemm-512-512-810: 2500/2500 tasks started.azure-germanywestcentral-azure-gemm-512-512-408: 2113/2500 tasks started.
[2025-12-02T23:16:26Z] [[36minfo[0m] [progress_update] aws-us-east-1-aws-gemm-512-512-536: 2500/2500 tasks started.alibaba-us-east-1-alibaba-gemm-512-512-27: 2500/2500 tasks started.gcp-us-east1-gcp-gemm-512-512-810: 2500/2500 tasks started.azure-germanywestcentral-azure-gemm-512-512-408: 2120/2500 tasks started.
[2025-12-02T23:16:36Z] [[36minfo[0m] [progress_update] gcp-us-east1-gcp-gemm-512-512-810: 2500/2500 tasks started.azure-germanywestcentral-azure-gemm-512-512-408: 2135/2500 tasks started.aws-us-east-1-aws-gemm-512-512-536: 2500/2500 tasks started.alibaba-us-east-1-alibaba-gemm-512-512-27: 2500/2500 tasks started.
[2025-12-02T23:16:46Z] [[36minfo[0m] [progress_update] azure-germanywestcentral-azure-gemm-512-512-408: 2179/2500 tasks started.aws-us-east-1-aws-gemm-512-512-536: 2500/2500 tasks started.alibaba-us-east-1-alibaba-gemm-512-512-27: 2500/2500 tasks started.gcp-us-east1-gcp-gemm-512-512-810: 2500/2500 tasks started.
[2025-12-02T23:16:56Z] [[36minfo[0m] [progress_update] alibaba-us-east-1-alibaba-gemm-512-512-27: 2500/2500 tasks started.gcp-us-east1-gcp-gemm-512-512-810: 2500/2500 tasks started.azure-germanywestcentral-azure-gemm-512-512-408: 2238/2500 tasks started.aws-us-east-1-aws-gemm-512-512-536: 2500/2500 tasks started.
[2025-12-02T23:17:06Z] [[36minfo[0m] [progress_update] alibaba-us-east-1-alibaba-gemm-512-512-27: 2500/2500 tasks started.gcp-us-east1-gcp-gemm-512-512-810: 2500/2500 tasks started.azure-germanywestcentral-azure-gemm-512-512-408: 2500/2500 tasks started.aws-us-east-1-aws-gemm-512-512-536: 2500/2500 tasks started.
[2025-12-02T23:17:16Z] [[36minfo[0m] [progress_update] aws-us-east-1-aws-gemm-512-512-536: 2500/2500 tasks started.alibaba-us-east-1-alibaba-gemm-512-512-27: 2500/2500 tasks started.gcp-us-east1-gcp-gemm-512-512-810: 2500/2500 tasks started.azure-germanywestcentral-azure-gemm-512-512-408: 2500/2500 tasks started.
[2025-12-02T23:17:26Z] [[36minfo[0m] [progress_update] aws-us-east-1-aws-gemm-512-512-536: 2500/2500 tasks started.alibaba-us-east-1-alibaba-gemm-512-512-27: 2500/2500 tasks started.gcp-us-east1-gcp-gemm-512-512-810: 2500/2500 tasks started.azure-germanywestcentral-azure-gemm-512-512-408: 2500/2500 tasks started.
[2025-12-02T23:17:36Z] [[36minfo[0m] [progress_update] aws-us-east-1-aws-gemm-512-512-536: 2500/2500 tasks started.alibaba-us-east-1-alibaba-gemm-512-512-27: 2500/2500 tasks started.gcp-us-east1-gcp-gemm-512-512-810: 2500/2500 tasks started.azure-germanywestcentral-azure-gemm-512-512-408: 2500/2500 tasks started.
[2025-12-02T23:17:43Z] [[36minfo[0m] [function_finished] Finished benchmarking function alibaba-gemm-512 and closed archiver
[2025-12-02T23:17:46Z] [[36minfo[0m] [progress_update] aws-us-east-1-aws-gemm-512-512-536: 2500/2500 tasks started.alibaba-us-east-1-alibaba-gemm-512-512-27: 2500/2500 tasks started.gcp-us-east1-gcp-gemm-512-512-810: 2500/2500 tasks started.azure-germanywestcentral-azure-gemm-512-512-408: 2500/2500 tasks started.
[2025-12-02T23:17:56Z] [[36minfo[0m] [progress_update] azure-germanywestcentral-azure-gemm-512-512-408: 2500/2500 tasks started.aws-us-east-1-aws-gemm-512-512-536: 2500/2500 tasks started.alibaba-us-east-1-alibaba-gemm-512-512-27: 2500/2500 tasks started.gcp-us-east1-gcp-gemm-512-512-810: 2500/2500 tasks started.
[2025-12-02T23:18:06Z] [[36minfo[0m] [progress_update] aws-us-east-1-aws-gemm-512-512-536: 2500/2500 tasks started.alibaba-us-east-1-alibaba-gemm-512-512-27: 2500/2500 tasks started.gcp-us-east1-gcp-gemm-512-512-810: 2500/2500 tasks started.azure-germanywestcentral-azure-gemm-512-512-408: 2500/2500 tasks started.
[2025-12-02T23:18:16Z] [[36minfo[0m] [progress_update] alibaba-us-east-1-alibaba-gemm-512-512-27: 2500/2500 tasks started.gcp-us-east1-gcp-gemm-512-512-810: 2500/2500 tasks started.azure-germanywestcentral-azure-gemm-512-512-408: 2500/2500 tasks started.aws-us-east-1-aws-gemm-512-512-536: 2500/2500 tasks started.
[2025-12-02T23:18:26Z] [[36minfo[0m] [progress_update] aws-us-east-1-aws-gemm-512-512-536: 2500/2500 tasks started.alibaba-us-east-1-alibaba-gemm-512-512-27: 2500/2500 tasks started.gcp-us-east1-gcp-gemm-512-512-810: 2500/2500 tasks started.azure-germanywestcentral-azure-gemm-512-512-408: 2500/2500 tasks started.
[2025-12-02T23:18:36Z] [[36minfo[0m] [progress_update] aws-us-east-1-aws-gemm-512-512-536: 2500/2500 tasks started.alibaba-us-east-1-alibaba-gemm-512-512-27: 2500/2500 tasks started.gcp-us-east1-gcp-gemm-512-512-810: 2500/2500 tasks started.azure-germanywestcentral-azure-gemm-512-512-408: 2500/2500 tasks started.
[2025-12-02T23:18:46Z] [[36minfo[0m] [progress_update] azure-germanywestcentral-azure-gemm-512-512-408: 2500/2500 tasks started.aws-us-east-1-aws-gemm-512-512-536: 2500/2500 tasks started.alibaba-us-east-1-alibaba-gemm-512-512-27: 2500/2500 tasks started.gcp-us-east1-gcp-gemm-512-512-810: 2500/2500 tasks started.
[2025-12-02T23:18:56Z] [[36minfo[0m] [progress_update] aws-us-east-1-aws-gemm-512-512-536: 2500/2500 tasks started.alibaba-us-east-1-alibaba-gemm-512-512-27: 2500/2500 tasks started.gcp-us-east1-gcp-gemm-512-512-810: 2500/2500 tasks started.azure-germanywestcentral-azure-gemm-512-512-408: 2500/2500 tasks started.
[2025-12-02T23:19:06Z] [[36minfo[0m] [progress_update] alibaba-us-east-1-alibaba-gemm-512-512-27: 2500/2500 tasks started.gcp-us-east1-gcp-gemm-512-512-810: 2500/2500 tasks started.azure-germanywestcentral-azure-gemm-512-512-408: 2500/2500 tasks started.aws-us-east-1-aws-gemm-512-512-536: 2500/2500 tasks started.
[2025-12-02T23:19:16Z] [[36minfo[0m] [progress_update] aws-us-east-1-aws-gemm-512-512-536: 2500/2500 tasks started.alibaba-us-east-1-alibaba-gemm-512-512-27: 2500/2500 tasks started.gcp-us-east1-gcp-gemm-512-512-810: 2500/2500 tasks started.azure-germanywestcentral-azure-gemm-512-512-408: 2500/2500 tasks started.
[2025-12-02T23:19:26Z] [[36minfo[0m] [progress_update] aws-us-east-1-aws-gemm-512-512-536: 2500/2500 tasks started.alibaba-us-east-1-alibaba-gemm-512-512-27: 2500/2500 tasks started.gcp-us-east1-gcp-gemm-512-512-810: 2500/2500 tasks started.azure-germanywestcentral-azure-gemm-512-512-408: 2500/2500 tasks started.
[2025-12-02T23:19:28Z] [[31merror[0m] [task_execution] Error executing task azure-gemm-512: task azure-gemm-512 failed after 7 retries: <nil>
[2025-12-02T23:19:28Z] [[31merror[0m] [task_execution] Error executing task azure-gemm-512: task azure-gemm-512 failed after 7 retries: <nil>
[2025-12-02T23:19:36Z] [[36minfo[0m] [progress_update] aws-us-east-1-aws-gemm-512-512-536: 2500/2500 tasks started.alibaba-us-east-1-alibaba-gemm-512-512-27: 2500/2500 tasks started.gcp-us-east1-gcp-gemm-512-512-810: 2500/2500 tasks started.azure-germanywestcentral-azure-gemm-512-512-408: 2500/2500 tasks started.
[2025-12-02T23:19:36Z] [[31merror[0m] [task_execution] Error executing task azure-gemm-512: task azure-gemm-512 failed after 7 retries: <nil>
[2025-12-02T23:19:43Z] [[31merror[0m] [task_execution] Error executing task azure-gemm-512: task azure-gemm-512 failed after 7 retries: <nil>
[2025-12-02T23:19:43Z] [[31merror[0m] [task_execution] Error executing task azure-gemm-512: task azure-gemm-512 failed after 7 retries: <nil>
[2025-12-02T23:19:43Z] [[31merror[0m] [task_execution] Error executing task azure-gemm-512: task azure-gemm-512 failed after 7 retries: <nil>
[2025-12-02T23:19:43Z] [[31merror[0m] [task_execution] Error executing task azure-gemm-512: task azure-gemm-512 failed after 7 retries: <nil>
[2025-12-02T23:19:43Z] [[31merror[0m] [task_execution] Error executing task azure-gemm-512: task azure-gemm-512 failed after 7 retries: <nil>
[2025-12-02T23:19:43Z] [[31merror[0m] [task_execution] Error executing task azure-gemm-512: task azure-gemm-512 failed after 7 retries: <nil>
[2025-12-02T23:19:43Z] [[31merror[0m] [task_execution] Error executing task azure-gemm-512: task azure-gemm-512 failed after 7 retries: <nil>
[2025-12-02T23:19:43Z] [[31merror[0m] [task_execution] Error executing task azure-gemm-512: task azure-gemm-512 failed after 7 retries: <nil>
[2025-12-02T23:19:43Z] [[31merror[0m] [task_execution] Error executing task azure-gemm-512: task azure-gemm-512 failed after 7 retries: <nil>
[2025-12-02T23:19:43Z] [[31merror[0m] [task_execution] Error executing task azure-gemm-512: task azure-gemm-512 failed after 7 retries: <nil>
[2025-12-02T23:19:43Z] [[31merror[0m] [task_execution] Error executing task azure-gemm-512: task azure-gemm-512 failed after 7 retries: <nil>
[2025-12-02T23:19:43Z] [[31merror[0m] [task_execution] Error executing task azure-gemm-512: task azure-gemm-512 failed after 7 retries: <nil>
[2025-12-02T23:19:43Z] [[31merror[0m] [task_execution] Error executing task azure-gemm-512: task azure-gemm-512 failed after 7 retries: <nil>
[2025-12-02T23:19:43Z] [[31merror[0m] [task_execution] Error executing task azure-gemm-512: task azure-gemm-512 failed after 7 retries: <nil>
[2025-12-02T23:19:43Z] [[31merror[0m] [task_execution] Error executing task azure-gemm-512: task azure-gemm-512 failed after 7 retries: <nil>
[2025-12-02T23:19:44Z] [[31merror[0m] [task_execution] Error executing task azure-gemm-512: task azure-gemm-512 failed after 7 retries: <nil>
[2025-12-02T23:19:44Z] [[31merror[0m] [task_execution] Error executing task azure-gemm-512: task azure-gemm-512 failed after 7 retries: <nil>
[2025-12-02T23:19:44Z] [[31merror[0m] [task_execution] Error executing task azure-gemm-512: task azure-gemm-512 failed after 7 retries: <nil>
[2025-12-02T23:19:44Z] [[31merror[0m] [task_execution] Error executing task azure-gemm-512: task azure-gemm-512 failed after 7 retries: <nil>
[2025-12-02T23:19:44Z] [[31merror[0m] [task_execution] Error executing task azure-gemm-512: task azure-gemm-512 failed after 7 retries: <nil>
[2025-12-02T23:19:44Z] [[31merror[0m] [task_execution] Error executing task azure-gemm-512: task azure-gemm-512 failed after 7 retries: <nil>
[2025-12-02T23:19:44Z] [[31merror[0m] [task_execution] Error executing task azure-gemm-512: task azure-gemm-512 failed after 7 retries: <nil>
[2025-12-02T23:19:44Z] [[31merror[0m] [task_execution] Error executing task azure-gemm-512: task azure-gemm-512 failed after 7 retries: <nil>
[2025-12-02T23:19:44Z] [[31merror[0m] [task_execution] Error executing task azure-gemm-512: task azure-gemm-512 failed after 7 retries: <nil>
[2025-12-02T23:19:44Z] [[31merror[0m] [task_execution] Error executing task azure-gemm-512: task azure-gemm-512 failed after 7 retries: <nil>
[2025-12-02T23:19:45Z] [[31merror[0m] [task_execution] Error executing task azure-gemm-512: task azure-gemm-512 failed after 7 retries: <nil>
[2025-12-02T23:19:45Z] [[31merror[0m] [task_execution] Error executing task azure-gemm-512: task azure-gemm-512 failed after 7 retries: <nil>
[2025-12-02T23:19:45Z] [[31merror[0m] [task_execution] Error executing task azure-gemm-512: task azure-gemm-512 failed after 7 retries: <nil>
[2025-12-02T23:19:45Z] [[31merror[0m] [task_execution] Error executing task azure-gemm-512: task azure-gemm-512 failed after 7 retries: <nil>
[2025-12-02T23:19:45Z] [[31merror[0m] [task_execution] Error executing task azure-gemm-512: task azure-gemm-512 failed after 7 retries: <nil>
[2025-12-02T23:19:45Z] [[31merror[0m] [task_execution] Error executing task azure-gemm-512: task azure-gemm-512 failed after 7 retries: <nil>
[2025-12-02T23:19:45Z] [[31merror[0m] [task_execution] Error executing task azure-gemm-512: task azure-gemm-512 failed after 7 retries: <nil>
[2025-12-02T23:19:45Z] [[31merror[0m] [task_execution] Error executing task azure-gemm-512: task azure-gemm-512 failed after 7 retries: <nil>
[2025-12-02T23:19:45Z] [[31merror[0m] [task_execution] Error executing task azure-gemm-512: task azure-gemm-512 failed after 7 retries: <nil>
[2025-12-02T23:19:45Z] [[31merror[0m] [task_execution] Error executing task azure-gemm-512: task azure-gemm-512 failed after 7 retries: <nil>
[2025-12-02T23:19:45Z] [[31merror[0m] [task_execution] Error executing task azure-gemm-512: task azure-gemm-512 failed after 7 retries: <nil>
[2025-12-02T23:19:45Z] [[31merror[0m] [task_execution] Error executing task azure-gemm-512: task azure-gemm-512 failed after 7 retries: <nil>
[2025-12-02T23:19:46Z] [[36minfo[0m] [progress_update] aws-us-east-1-aws-gemm-512-512-536: 2500/2500 tasks started.alibaba-us-east-1-alibaba-gemm-512-512-27: 2500/2500 tasks started.gcp-us-east1-gcp-gemm-512-512-810: 2500/2500 tasks started.azure-germanywestcentral-azure-gemm-512-512-408: 2500/2500 tasks started.
[2025-12-02T23:19:46Z] [[31merror[0m] [task_execution] Error executing task azure-gemm-512: task azure-gemm-512 failed after 7 retries: <nil>
[2025-12-02T23:19:47Z] [[31merror[0m] [task_execution] Error executing task azure-gemm-512: task azure-gemm-512 failed after 7 retries: <nil>
[2025-12-02T23:19:56Z] [[36minfo[0m] [progress_update] aws-us-east-1-aws-gemm-512-512-536: 2500/2500 tasks started.alibaba-us-east-1-alibaba-gemm-512-512-27: 2500/2500 tasks started.gcp-us-east1-gcp-gemm-512-512-810: 2500/2500 tasks started.azure-germanywestcentral-azure-gemm-512-512-408: 2500/2500 tasks started.
[2025-12-02T23:20:01Z] [[31merror[0m] [task_execution] Error executing task azure-gemm-512: task azure-gemm-512 failed after 7 retries: <nil>
[2025-12-02T23:20:02Z] [[31merror[0m] [task_execution] Error executing task azure-gemm-512: task azure-gemm-512 failed after 7 retries: <nil>
[2025-12-02T23:20:02Z] [[31merror[0m] [task_execution] Error executing task azure-gemm-512: task azure-gemm-512 failed after 7 retries: <nil>
[2025-12-02T23:20:02Z] [[31merror[0m] [task_execution] Error executing task azure-gemm-512: task azure-gemm-512 failed after 7 retries: <nil>
[2025-12-02T23:20:02Z] [[31merror[0m] [task_execution] Error executing task azure-gemm-512: task azure-gemm-512 failed after 7 retries: <nil>
[2025-12-02T23:20:02Z] [[31merror[0m] [task_execution] Error executing task azure-gemm-512: task azure-gemm-512 failed after 7 retries: <nil>
[2025-12-02T23:20:02Z] [[31merror[0m] [task_execution] Error executing task azure-gemm-512: task azure-gemm-512 failed after 7 retries: <nil>
[2025-12-02T23:20:03Z] [[31merror[0m] [task_execution] Error executing task azure-gemm-512: task azure-gemm-512 failed after 7 retries: <nil>
[2025-12-02T23:20:03Z] [[31merror[0m] [task_execution] Error executing task azure-gemm-512: task azure-gemm-512 failed after 7 retries: <nil>
[2025-12-02T23:20:03Z] [[31merror[0m] [task_execution] Error executing task azure-gemm-512: task azure-gemm-512 failed after 7 retries: <nil>
[2025-12-02T23:20:03Z] [[31merror[0m] [task_execution] Error executing task azure-gemm-512: task azure-gemm-512 failed after 7 retries: <nil>
[2025-12-02T23:20:03Z] [[31merror[0m] [task_execution] Error executing task azure-gemm-512: task azure-gemm-512 failed after 7 retries: <nil>
[2025-12-02T23:20:03Z] [[31merror[0m] [task_execution] Error executing task azure-gemm-512: task azure-gemm-512 failed after 7 retries: <nil>
[2025-12-02T23:20:03Z] [[31merror[0m] [task_execution] Error executing task azure-gemm-512: task azure-gemm-512 failed after 7 retries: <nil>
[2025-12-02T23:20:03Z] [[31merror[0m] [task_execution] Error executing task azure-gemm-512: task azure-gemm-512 failed after 7 retries: <nil>
[2025-12-02T23:20:03Z] [[31merror[0m] [task_execution] Error executing task azure-gemm-512: task azure-gemm-512 failed after 7 retries: <nil>
[2025-12-02T23:20:03Z] [[31merror[0m] [task_execution] Error executing task azure-gemm-512: task azure-gemm-512 failed after 7 retries: <nil>
[2025-12-02T23:20:03Z] [[31merror[0m] [task_execution] Error executing task azure-gemm-512: task azure-gemm-512 failed after 7 retries: <nil>
[2025-12-02T23:20:03Z] [[31merror[0m] [task_execution] Error executing task azure-gemm-512: task azure-gemm-512 failed after 7 retries: <nil>
[2025-12-02T23:20:03Z] [[31merror[0m] [task_execution] Error executing task azure-gemm-512: task azure-gemm-512 failed after 7 retries: <nil>
[2025-12-02T23:20:03Z] [[31merror[0m] [task_execution] Error executing task azure-gemm-512: task azure-gemm-512 failed after 7 retries: <nil>
[2025-12-02T23:20:03Z] [[31merror[0m] [task_execution] Error executing task azure-gemm-512: task azure-gemm-512 failed after 7 retries: <nil>
[2025-12-02T23:20:04Z] [[31merror[0m] [task_execution] Error executing task azure-gemm-512: task azure-gemm-512 failed after 7 retries: <nil>
[2025-12-02T23:20:04Z] [[31merror[0m] [task_execution] Error executing task azure-gemm-512: task azure-gemm-512 failed after 7 retries: <nil>
[2025-12-02T23:20:04Z] [[31merror[0m] [task_execution] Error executing task azure-gemm-512: task azure-gemm-512 failed after 7 retries: <nil>
[2025-12-02T23:20:04Z] [[31merror[0m] [task_execution] Error executing task azure-gemm-512: task azure-gemm-512 failed after 7 retries: <nil>
[2025-12-02T23:20:04Z] [[31merror[0m] [task_execution] Error executing task azure-gemm-512: task azure-gemm-512 failed after 7 retries: <nil>
[2025-12-02T23:20:05Z] [[31merror[0m] [task_execution] Error executing task azure-gemm-512: task azure-gemm-512 failed after 7 retries: <nil>
[2025-12-02T23:20:05Z] [[31merror[0m] [task_execution] Error executing task azure-gemm-512: task azure-gemm-512 failed after 7 retries: <nil>
[2025-12-02T23:20:05Z] [[31merror[0m] [task_execution] Error executing task azure-gemm-512: task azure-gemm-512 failed after 7 retries: <nil>
[2025-12-02T23:20:05Z] [[31merror[0m] [task_execution] Error executing task azure-gemm-512: task azure-gemm-512 failed after 7 retries: <nil>
[2025-12-02T23:20:05Z] [[31merror[0m] [task_execution] Error executing task azure-gemm-512: task azure-gemm-512 failed after 7 retries: <nil>
[2025-12-02T23:20:06Z] [[31merror[0m] [task_execution] Error executing task azure-gemm-512: task azure-gemm-512 failed after 7 retries: <nil>
[2025-12-02T23:20:06Z] [[36minfo[0m] [progress_update] azure-germanywestcentral-azure-gemm-512-512-408: 2500/2500 tasks started.aws-us-east-1-aws-gemm-512-512-536: 2500/2500 tasks started.alibaba-us-east-1-alibaba-gemm-512-512-27: 2500/2500 tasks started.gcp-us-east1-gcp-gemm-512-512-810: 2500/2500 tasks started.
[2025-12-02T23:20:16Z] [[36minfo[0m] [progress_update] aws-us-east-1-aws-gemm-512-512-536: 2500/2500 tasks started.alibaba-us-east-1-alibaba-gemm-512-512-27: 2500/2500 tasks started.gcp-us-east1-gcp-gemm-512-512-810: 2500/2500 tasks started.azure-germanywestcentral-azure-gemm-512-512-408: 2500/2500 tasks started.
[2025-12-02T23:20:26Z] [[36minfo[0m] [progress_update] alibaba-us-east-1-alibaba-gemm-512-512-27: 2500/2500 tasks started.gcp-us-east1-gcp-gemm-512-512-810: 2500/2500 tasks started.azure-germanywestcentral-azure-gemm-512-512-408: 2500/2500 tasks started.aws-us-east-1-aws-gemm-512-512-536: 2500/2500 tasks started.
[2025-12-02T23:20:32Z] [[31merror[0m] [task_execution] Error executing task azure-gemm-512: task azure-gemm-512 failed after 7 retries: <nil>
[2025-12-02T23:20:32Z] [[31merror[0m] [task_execution] Error executing task azure-gemm-512: task azure-gemm-512 failed after 7 retries: <nil>
[2025-12-02T23:20:32Z] [[31merror[0m] [task_execution] Error executing task azure-gemm-512: task azure-gemm-512 failed after 7 retries: <nil>
[2025-12-02T23:20:33Z] [[31merror[0m] [task_execution] Error executing task azure-gemm-512: task azure-gemm-512 failed after 7 retries: <nil>
[2025-12-02T23:20:33Z] [[31merror[0m] [task_execution] Error executing task azure-gemm-512: task azure-gemm-512 failed after 7 retries: <nil>
[2025-12-02T23:20:34Z] [[31merror[0m] [task_execution] Error executing task azure-gemm-512: task azure-gemm-512 failed after 7 retries: <nil>
[2025-12-02T23:20:34Z] [[31merror[0m] [task_execution] Error executing task azure-gemm-512: task azure-gemm-512 failed after 7 retries: <nil>
[2025-12-02T23:20:36Z] [[36minfo[0m] [progress_update] aws-us-east-1-aws-gemm-512-512-536: 2500/2500 tasks started.alibaba-us-east-1-alibaba-gemm-512-512-27: 2500/2500 tasks started.gcp-us-east1-gcp-gemm-512-512-810: 2500/2500 tasks started.azure-germanywestcentral-azure-gemm-512-512-408: 2500/2500 tasks started.
[2025-12-02T23:20:37Z] [[31merror[0m] [task_execution] Error executing task azure-gemm-512: task azure-gemm-512 failed after 7 retries: <nil>
[2025-12-02T23:20:42Z] [[36minfo[0m] [function_finished] Finished benchmarking function azure-gemm-512 and closed archiver
[2025-12-02T23:20:44Z] [[36minfo[0m] [finish_timeline] Benchmark Timeline
[Tue Dec  2 23:20:44 UTC 2025] Finished benchmark 'gemm' successfully
[Tue Dec  2 23:20:44 UTC 2025] Sleeping 600 seconds before next workload...
