[Mon Dec  1 17:15:45 UTC 2025] Starting benchmark 'sha256' with config './configs/sha256.yaml'
Validating functions...
[2025-12-01T17:15:45Z] [[36minfo[0m] [executor_setup] Setting up executor for aws-us-east-1-aws-sha256-512-512-186
[2025-12-01T17:15:45Z] [[36minfo[0m] [executor_setup] Setting up executor for alibaba-us-east-1-alibaba-sha256-512-512-979
[2025-12-01T17:15:45Z] [[36minfo[0m] [executor_setup] Setting up executor for azure-germanywestcentral-azure-sha256-512-512-549
[2025-12-01T17:15:45Z] [[0mwarning[0m] [[32mazure_limitations[0m] Azure can´t handle more than 300 parallel requests. Limiting to 300.
[2025-12-01T17:15:45Z] [[36minfo[0m] [executor_setup] Setting up executor for gcp-us-east1-gcp-sha256-512-512-580
[2025-12-01T17:15:45Z] [[36minfo[0m] [start_timeline] Benchmark Timeline
[2025-12-01T17:15:45Z] [[36minfo[0m] [load_generator_start] (aws: us-east-1) Starting load generator with 500 workers
[2025-12-01T17:15:45Z] [[36minfo[0m] [load_generator_start] (alibaba: us-east-1) Starting load generator with 500 workers
[2025-12-01T17:15:45Z] [[36minfo[0m] [load_generator_start] (azure: germanywestcentral) Starting load generator with 300 workers
[2025-12-01T17:15:45Z] [[36minfo[0m] [load_generator_start] (gcp: us-east1) Starting load generator with 300 workers
[2025-12-01T17:15:55Z] [[36minfo[0m] [progress_update] aws-us-east-1-aws-sha256-512-512-186: 1680/2500 tasks started.alibaba-us-east-1-alibaba-sha256-512-512-979: 1361/2500 tasks started.azure-germanywestcentral-azure-sha256-512-512-549: 614/2500 tasks started.gcp-us-east1-gcp-sha256-512-512-580: 1498/2500 tasks started.
[2025-12-01T17:16:05Z] [[36minfo[0m] [progress_update] aws-us-east-1-aws-sha256-512-512-186: 2500/2500 tasks started.alibaba-us-east-1-alibaba-sha256-512-512-979: 2500/2500 tasks started.azure-germanywestcentral-azure-sha256-512-512-549: 678/2500 tasks started.gcp-us-east1-gcp-sha256-512-512-580: 2500/2500 tasks started.
[2025-12-01T17:16:15Z] [[36minfo[0m] [progress_update] aws-us-east-1-aws-sha256-512-512-186: 2500/2500 tasks started.alibaba-us-east-1-alibaba-sha256-512-512-979: 2500/2500 tasks started.azure-germanywestcentral-azure-sha256-512-512-549: 1441/2500 tasks started.gcp-us-east1-gcp-sha256-512-512-580: 2500/2500 tasks started.
[2025-12-01T17:16:23Z] [[36minfo[0m] [function_finished] Finished benchmarking function gcp-sha256-512 and closed archiver
[2025-12-01T17:16:25Z] [[36minfo[0m] [progress_update] aws-us-east-1-aws-sha256-512-512-186: 2500/2500 tasks started.alibaba-us-east-1-alibaba-sha256-512-512-979: 2500/2500 tasks started.azure-germanywestcentral-azure-sha256-512-512-549: 1982/2500 tasks started.gcp-us-east1-gcp-sha256-512-512-580: 2500/2500 tasks started.
[2025-12-01T17:16:26Z] [[36minfo[0m] [function_finished] Finished benchmarking function aws-sha256-512 and closed archiver
[2025-12-01T17:16:35Z] [[36minfo[0m] [progress_update] aws-us-east-1-aws-sha256-512-512-186: 2500/2500 tasks started.alibaba-us-east-1-alibaba-sha256-512-512-979: 2500/2500 tasks started.azure-germanywestcentral-azure-sha256-512-512-549: 2057/2500 tasks started.gcp-us-east1-gcp-sha256-512-512-580: 2500/2500 tasks started.
[2025-12-01T17:16:45Z] [[36minfo[0m] [progress_update] alibaba-us-east-1-alibaba-sha256-512-512-979: 2500/2500 tasks started.azure-germanywestcentral-azure-sha256-512-512-549: 2161/2500 tasks started.gcp-us-east1-gcp-sha256-512-512-580: 2500/2500 tasks started.aws-us-east-1-aws-sha256-512-512-186: 2500/2500 tasks started.
[2025-12-01T17:16:55Z] [[36minfo[0m] [progress_update] alibaba-us-east-1-alibaba-sha256-512-512-979: 2500/2500 tasks started.azure-germanywestcentral-azure-sha256-512-512-549: 2265/2500 tasks started.gcp-us-east1-gcp-sha256-512-512-580: 2500/2500 tasks started.aws-us-east-1-aws-sha256-512-512-186: 2500/2500 tasks started.
[2025-12-01T17:17:05Z] [[36minfo[0m] [progress_update] azure-germanywestcentral-azure-sha256-512-512-549: 2308/2500 tasks started.gcp-us-east1-gcp-sha256-512-512-580: 2500/2500 tasks started.aws-us-east-1-aws-sha256-512-512-186: 2500/2500 tasks started.alibaba-us-east-1-alibaba-sha256-512-512-979: 2500/2500 tasks started.
[2025-12-01T17:17:15Z] [[36minfo[0m] [progress_update] azure-germanywestcentral-azure-sha256-512-512-549: 2322/2500 tasks started.gcp-us-east1-gcp-sha256-512-512-580: 2500/2500 tasks started.aws-us-east-1-aws-sha256-512-512-186: 2500/2500 tasks started.alibaba-us-east-1-alibaba-sha256-512-512-979: 2500/2500 tasks started.
[2025-12-01T17:17:25Z] [[36minfo[0m] [progress_update] azure-germanywestcentral-azure-sha256-512-512-549: 2389/2500 tasks started.gcp-us-east1-gcp-sha256-512-512-580: 2500/2500 tasks started.aws-us-east-1-aws-sha256-512-512-186: 2500/2500 tasks started.alibaba-us-east-1-alibaba-sha256-512-512-979: 2500/2500 tasks started.
[2025-12-01T17:17:35Z] [[36minfo[0m] [progress_update] aws-us-east-1-aws-sha256-512-512-186: 2500/2500 tasks started.alibaba-us-east-1-alibaba-sha256-512-512-979: 2500/2500 tasks started.azure-germanywestcentral-azure-sha256-512-512-549: 2470/2500 tasks started.gcp-us-east1-gcp-sha256-512-512-580: 2500/2500 tasks started.
[2025-12-01T17:17:45Z] [[36minfo[0m] [progress_update] aws-us-east-1-aws-sha256-512-512-186: 2500/2500 tasks started.alibaba-us-east-1-alibaba-sha256-512-512-979: 2500/2500 tasks started.azure-germanywestcentral-azure-sha256-512-512-549: 2500/2500 tasks started.gcp-us-east1-gcp-sha256-512-512-580: 2500/2500 tasks started.
[2025-12-01T17:17:55Z] [[36minfo[0m] [progress_update] gcp-us-east1-gcp-sha256-512-512-580: 2500/2500 tasks started.aws-us-east-1-aws-sha256-512-512-186: 2500/2500 tasks started.alibaba-us-east-1-alibaba-sha256-512-512-979: 2500/2500 tasks started.azure-germanywestcentral-azure-sha256-512-512-549: 2500/2500 tasks started.
[2025-12-01T17:18:05Z] [[36minfo[0m] [progress_update] aws-us-east-1-aws-sha256-512-512-186: 2500/2500 tasks started.alibaba-us-east-1-alibaba-sha256-512-512-979: 2500/2500 tasks started.azure-germanywestcentral-azure-sha256-512-512-549: 2500/2500 tasks started.gcp-us-east1-gcp-sha256-512-512-580: 2500/2500 tasks started.
[2025-12-01T17:18:15Z] [[36minfo[0m] [progress_update] aws-us-east-1-aws-sha256-512-512-186: 2500/2500 tasks started.alibaba-us-east-1-alibaba-sha256-512-512-979: 2500/2500 tasks started.azure-germanywestcentral-azure-sha256-512-512-549: 2500/2500 tasks started.gcp-us-east1-gcp-sha256-512-512-580: 2500/2500 tasks started.
[2025-12-01T17:18:25Z] [[36minfo[0m] [progress_update] aws-us-east-1-aws-sha256-512-512-186: 2500/2500 tasks started.alibaba-us-east-1-alibaba-sha256-512-512-979: 2500/2500 tasks started.azure-germanywestcentral-azure-sha256-512-512-549: 2500/2500 tasks started.gcp-us-east1-gcp-sha256-512-512-580: 2500/2500 tasks started.
[2025-12-01T17:18:35Z] [[36minfo[0m] [progress_update] aws-us-east-1-aws-sha256-512-512-186: 2500/2500 tasks started.alibaba-us-east-1-alibaba-sha256-512-512-979: 2500/2500 tasks started.azure-germanywestcentral-azure-sha256-512-512-549: 2500/2500 tasks started.gcp-us-east1-gcp-sha256-512-512-580: 2500/2500 tasks started.
[2025-12-01T17:18:45Z] [[36minfo[0m] [progress_update] gcp-us-east1-gcp-sha256-512-512-580: 2500/2500 tasks started.aws-us-east-1-aws-sha256-512-512-186: 2500/2500 tasks started.alibaba-us-east-1-alibaba-sha256-512-512-979: 2500/2500 tasks started.azure-germanywestcentral-azure-sha256-512-512-549: 2500/2500 tasks started.
[2025-12-01T17:18:55Z] [[36minfo[0m] [progress_update] aws-us-east-1-aws-sha256-512-512-186: 2500/2500 tasks started.alibaba-us-east-1-alibaba-sha256-512-512-979: 2500/2500 tasks started.azure-germanywestcentral-azure-sha256-512-512-549: 2500/2500 tasks started.gcp-us-east1-gcp-sha256-512-512-580: 2500/2500 tasks started.
[2025-12-01T17:19:05Z] [[36minfo[0m] [progress_update] alibaba-us-east-1-alibaba-sha256-512-512-979: 2500/2500 tasks started.azure-germanywestcentral-azure-sha256-512-512-549: 2500/2500 tasks started.gcp-us-east1-gcp-sha256-512-512-580: 2500/2500 tasks started.aws-us-east-1-aws-sha256-512-512-186: 2500/2500 tasks started.
[2025-12-01T17:19:15Z] [[36minfo[0m] [progress_update] alibaba-us-east-1-alibaba-sha256-512-512-979: 2500/2500 tasks started.azure-germanywestcentral-azure-sha256-512-512-549: 2500/2500 tasks started.gcp-us-east1-gcp-sha256-512-512-580: 2500/2500 tasks started.aws-us-east-1-aws-sha256-512-512-186: 2500/2500 tasks started.
[2025-12-01T17:19:25Z] [[36minfo[0m] [progress_update] aws-us-east-1-aws-sha256-512-512-186: 2500/2500 tasks started.alibaba-us-east-1-alibaba-sha256-512-512-979: 2500/2500 tasks started.azure-germanywestcentral-azure-sha256-512-512-549: 2500/2500 tasks started.gcp-us-east1-gcp-sha256-512-512-580: 2500/2500 tasks started.
[2025-12-01T17:19:35Z] [[36minfo[0m] [progress_update] gcp-us-east1-gcp-sha256-512-512-580: 2500/2500 tasks started.aws-us-east-1-aws-sha256-512-512-186: 2500/2500 tasks started.alibaba-us-east-1-alibaba-sha256-512-512-979: 2500/2500 tasks started.azure-germanywestcentral-azure-sha256-512-512-549: 2500/2500 tasks started.
[2025-12-01T17:19:45Z] [[36minfo[0m] [progress_update] aws-us-east-1-aws-sha256-512-512-186: 2500/2500 tasks started.alibaba-us-east-1-alibaba-sha256-512-512-979: 2500/2500 tasks started.azure-germanywestcentral-azure-sha256-512-512-549: 2500/2500 tasks started.gcp-us-east1-gcp-sha256-512-512-580: 2500/2500 tasks started.
[2025-12-01T17:19:55Z] [[36minfo[0m] [progress_update] aws-us-east-1-aws-sha256-512-512-186: 2500/2500 tasks started.alibaba-us-east-1-alibaba-sha256-512-512-979: 2500/2500 tasks started.azure-germanywestcentral-azure-sha256-512-512-549: 2500/2500 tasks started.gcp-us-east1-gcp-sha256-512-512-580: 2500/2500 tasks started.
[2025-12-01T17:20:05Z] [[36minfo[0m] [progress_update] aws-us-east-1-aws-sha256-512-512-186: 2500/2500 tasks started.alibaba-us-east-1-alibaba-sha256-512-512-979: 2500/2500 tasks started.azure-germanywestcentral-azure-sha256-512-512-549: 2500/2500 tasks started.gcp-us-east1-gcp-sha256-512-512-580: 2500/2500 tasks started.
[2025-12-01T17:20:06Z] [[31merror[0m] [task_execution] Error executing task azure-sha256-512: task azure-sha256-512 failed after 7 retries: <nil>
[2025-12-01T17:20:06Z] [[31merror[0m] [task_execution] Error executing task azure-sha256-512: task azure-sha256-512 failed after 7 retries: <nil>
[2025-12-01T17:20:06Z] [[31merror[0m] [task_execution] Error executing task azure-sha256-512: task azure-sha256-512 failed after 7 retries: <nil>
[2025-12-01T17:20:06Z] [[31merror[0m] [task_execution] Error executing task azure-sha256-512: task azure-sha256-512 failed after 7 retries: <nil>
[2025-12-01T17:20:06Z] [[31merror[0m] [task_execution] Error executing task azure-sha256-512: task azure-sha256-512 failed after 7 retries: <nil>
[2025-12-01T17:20:06Z] [[31merror[0m] [task_execution] Error executing task azure-sha256-512: task azure-sha256-512 failed after 7 retries: <nil>
[2025-12-01T17:20:06Z] [[31merror[0m] [task_execution] Error executing task azure-sha256-512: task azure-sha256-512 failed after 7 retries: <nil>
[2025-12-01T17:20:06Z] [[31merror[0m] [task_execution] Error executing task azure-sha256-512: task azure-sha256-512 failed after 7 retries: <nil>
[2025-12-01T17:20:06Z] [[31merror[0m] [task_execution] Error executing task azure-sha256-512: task azure-sha256-512 failed after 7 retries: <nil>
[2025-12-01T17:20:06Z] [[31merror[0m] [task_execution] Error executing task azure-sha256-512: task azure-sha256-512 failed after 7 retries: <nil>
[2025-12-01T17:20:06Z] [[31merror[0m] [task_execution] Error executing task azure-sha256-512: task azure-sha256-512 failed after 7 retries: <nil>
[2025-12-01T17:20:06Z] [[31merror[0m] [task_execution] Error executing task azure-sha256-512: task azure-sha256-512 failed after 7 retries: <nil>
[2025-12-01T17:20:06Z] [[31merror[0m] [task_execution] Error executing task azure-sha256-512: task azure-sha256-512 failed after 7 retries: <nil>
[2025-12-01T17:20:06Z] [[31merror[0m] [task_execution] Error executing task azure-sha256-512: task azure-sha256-512 failed after 7 retries: <nil>
[2025-12-01T17:20:06Z] [[31merror[0m] [task_execution] Error executing task azure-sha256-512: task azure-sha256-512 failed after 7 retries: <nil>
[2025-12-01T17:20:06Z] [[31merror[0m] [task_execution] Error executing task azure-sha256-512: task azure-sha256-512 failed after 7 retries: <nil>
[2025-12-01T17:20:09Z] [[31merror[0m] [task_execution] Error executing task alibaba-sha256-512: task alibaba-sha256-512 failed after 7 retries: <nil>
[2025-12-01T17:20:14Z] [[36minfo[0m] [function_finished] Finished benchmarking function alibaba-sha256-512 and closed archiver
[2025-12-01T17:20:15Z] [[36minfo[0m] [progress_update] aws-us-east-1-aws-sha256-512-512-186: 2500/2500 tasks started.alibaba-us-east-1-alibaba-sha256-512-512-979: 2500/2500 tasks started.azure-germanywestcentral-azure-sha256-512-512-549: 2500/2500 tasks started.gcp-us-east1-gcp-sha256-512-512-580: 2500/2500 tasks started.
[2025-12-01T17:20:21Z] [[31merror[0m] [task_execution] Error executing task azure-sha256-512: task azure-sha256-512 failed after 7 retries: <nil>
[2025-12-01T17:20:22Z] [[31merror[0m] [task_execution] Error executing task azure-sha256-512: task azure-sha256-512 failed after 7 retries: <nil>
[2025-12-01T17:20:22Z] [[31merror[0m] [task_execution] Error executing task azure-sha256-512: task azure-sha256-512 failed after 7 retries: <nil>
[2025-12-01T17:20:22Z] [[31merror[0m] [task_execution] Error executing task azure-sha256-512: task azure-sha256-512 failed after 7 retries: <nil>
[2025-12-01T17:20:22Z] [[31merror[0m] [task_execution] Error executing task azure-sha256-512: task azure-sha256-512 failed after 7 retries: <nil>
[2025-12-01T17:20:22Z] [[31merror[0m] [task_execution] Error executing task azure-sha256-512: task azure-sha256-512 failed after 7 retries: <nil>
[2025-12-01T17:20:22Z] [[31merror[0m] [task_execution] Error executing task azure-sha256-512: task azure-sha256-512 failed after 7 retries: <nil>
[2025-12-01T17:20:23Z] [[31merror[0m] [task_execution] Error executing task azure-sha256-512: task azure-sha256-512 failed after 7 retries: <nil>
[2025-12-01T17:20:25Z] [[31merror[0m] [task_execution] Error executing task azure-sha256-512: task azure-sha256-512 failed after 7 retries: <nil>
[2025-12-01T17:20:25Z] [[36minfo[0m] [progress_update] aws-us-east-1-aws-sha256-512-512-186: 2500/2500 tasks started.alibaba-us-east-1-alibaba-sha256-512-512-979: 2500/2500 tasks started.azure-germanywestcentral-azure-sha256-512-512-549: 2500/2500 tasks started.gcp-us-east1-gcp-sha256-512-512-580: 2500/2500 tasks started.
[2025-12-01T17:20:25Z] [[31merror[0m] [task_execution] Error executing task azure-sha256-512: task azure-sha256-512 failed after 7 retries: <nil>
[2025-12-01T17:20:26Z] [[31merror[0m] [task_execution] Error executing task azure-sha256-512: task azure-sha256-512 failed after 7 retries: <nil>
[2025-12-01T17:20:26Z] [[31merror[0m] [task_execution] Error executing task azure-sha256-512: task azure-sha256-512 failed after 7 retries: <nil>
[2025-12-01T17:20:27Z] [[31merror[0m] [task_execution] Error executing task azure-sha256-512: task azure-sha256-512 failed after 7 retries: <nil>
[2025-12-01T17:20:27Z] [[31merror[0m] [task_execution] Error executing task azure-sha256-512: task azure-sha256-512 failed after 7 retries: <nil>
[2025-12-01T17:20:27Z] [[31merror[0m] [task_execution] Error executing task azure-sha256-512: task azure-sha256-512 failed after 7 retries: <nil>
[2025-12-01T17:20:31Z] [[31merror[0m] [task_execution] Error executing task azure-sha256-512: task azure-sha256-512 failed after 7 retries: <nil>
[2025-12-01T17:20:35Z] [[36minfo[0m] [progress_update] gcp-us-east1-gcp-sha256-512-512-580: 2500/2500 tasks started.aws-us-east-1-aws-sha256-512-512-186: 2500/2500 tasks started.alibaba-us-east-1-alibaba-sha256-512-512-979: 2500/2500 tasks started.azure-germanywestcentral-azure-sha256-512-512-549: 2500/2500 tasks started.
[2025-12-01T17:20:36Z] [[31merror[0m] [task_execution] Error executing task azure-sha256-512: task azure-sha256-512 failed after 7 retries: <nil>
[2025-12-01T17:20:37Z] [[31merror[0m] [task_execution] Error executing task azure-sha256-512: task azure-sha256-512 failed after 7 retries: <nil>
[2025-12-01T17:20:37Z] [[31merror[0m] [task_execution] Error executing task azure-sha256-512: task azure-sha256-512 failed after 7 retries: <nil>
[2025-12-01T17:20:37Z] [[31merror[0m] [task_execution] Error executing task azure-sha256-512: task azure-sha256-512 failed after 7 retries: <nil>
[2025-12-01T17:20:37Z] [[31merror[0m] [task_execution] Error executing task azure-sha256-512: task azure-sha256-512 failed after 7 retries: <nil>
[2025-12-01T17:20:38Z] [[31merror[0m] [task_execution] Error executing task azure-sha256-512: task azure-sha256-512 failed after 7 retries: <nil>
[2025-12-01T17:20:38Z] [[31merror[0m] [task_execution] Error executing task azure-sha256-512: task azure-sha256-512 failed after 7 retries: <nil>
[2025-12-01T17:20:38Z] [[31merror[0m] [task_execution] Error executing task azure-sha256-512: task azure-sha256-512 failed after 7 retries: <nil>
[2025-12-01T17:20:38Z] [[31merror[0m] [task_execution] Error executing task azure-sha256-512: task azure-sha256-512 failed after 7 retries: <nil>
[2025-12-01T17:20:38Z] [[31merror[0m] [task_execution] Error executing task azure-sha256-512: task azure-sha256-512 failed after 7 retries: <nil>
[2025-12-01T17:20:38Z] [[31merror[0m] [task_execution] Error executing task azure-sha256-512: task azure-sha256-512 failed after 7 retries: <nil>
[2025-12-01T17:20:38Z] [[31merror[0m] [task_execution] Error executing task azure-sha256-512: task azure-sha256-512 failed after 7 retries: <nil>
[2025-12-01T17:20:38Z] [[31merror[0m] [task_execution] Error executing task azure-sha256-512: task azure-sha256-512 failed after 7 retries: <nil>
[2025-12-01T17:20:38Z] [[31merror[0m] [task_execution] Error executing task azure-sha256-512: task azure-sha256-512 failed after 7 retries: <nil>
[2025-12-01T17:20:38Z] [[31merror[0m] [task_execution] Error executing task azure-sha256-512: task azure-sha256-512 failed after 7 retries: <nil>
[2025-12-01T17:20:38Z] [[31merror[0m] [task_execution] Error executing task azure-sha256-512: task azure-sha256-512 failed after 7 retries: <nil>
[2025-12-01T17:20:38Z] [[31merror[0m] [task_execution] Error executing task azure-sha256-512: task azure-sha256-512 failed after 7 retries: <nil>
[2025-12-01T17:20:38Z] [[31merror[0m] [task_execution] Error executing task azure-sha256-512: task azure-sha256-512 failed after 7 retries: <nil>
[2025-12-01T17:20:38Z] [[31merror[0m] [task_execution] Error executing task azure-sha256-512: task azure-sha256-512 failed after 7 retries: <nil>
[2025-12-01T17:20:38Z] [[31merror[0m] [task_execution] Error executing task azure-sha256-512: task azure-sha256-512 failed after 7 retries: <nil>
[2025-12-01T17:20:39Z] [[31merror[0m] [task_execution] Error executing task azure-sha256-512: task azure-sha256-512 failed after 7 retries: <nil>
[2025-12-01T17:20:39Z] [[31merror[0m] [task_execution] Error executing task azure-sha256-512: task azure-sha256-512 failed after 7 retries: <nil>
[2025-12-01T17:20:39Z] [[31merror[0m] [task_execution] Error executing task azure-sha256-512: task azure-sha256-512 failed after 7 retries: <nil>
[2025-12-01T17:20:39Z] [[31merror[0m] [task_execution] Error executing task azure-sha256-512: task azure-sha256-512 failed after 7 retries: <nil>
[2025-12-01T17:20:39Z] [[31merror[0m] [task_execution] Error executing task azure-sha256-512: task azure-sha256-512 failed after 7 retries: <nil>
[2025-12-01T17:20:39Z] [[31merror[0m] [task_execution] Error executing task azure-sha256-512: task azure-sha256-512 failed after 7 retries: <nil>
[2025-12-01T17:20:39Z] [[31merror[0m] [task_execution] Error executing task azure-sha256-512: task azure-sha256-512 failed after 7 retries: <nil>
[2025-12-01T17:20:39Z] [[31merror[0m] [task_execution] Error executing task azure-sha256-512: task azure-sha256-512 failed after 7 retries: <nil>
[2025-12-01T17:20:39Z] [[31merror[0m] [task_execution] Error executing task azure-sha256-512: task azure-sha256-512 failed after 7 retries: <nil>
[2025-12-01T17:20:39Z] [[31merror[0m] [task_execution] Error executing task azure-sha256-512: task azure-sha256-512 failed after 7 retries: <nil>
[2025-12-01T17:20:39Z] [[31merror[0m] [task_execution] Error executing task azure-sha256-512: task azure-sha256-512 failed after 7 retries: <nil>
[2025-12-01T17:20:39Z] [[31merror[0m] [task_execution] Error executing task azure-sha256-512: task azure-sha256-512 failed after 7 retries: <nil>
[2025-12-01T17:20:39Z] [[31merror[0m] [task_execution] Error executing task azure-sha256-512: task azure-sha256-512 failed after 7 retries: <nil>
[2025-12-01T17:20:39Z] [[31merror[0m] [task_execution] Error executing task azure-sha256-512: task azure-sha256-512 failed after 7 retries: <nil>
[2025-12-01T17:20:39Z] [[31merror[0m] [task_execution] Error executing task azure-sha256-512: task azure-sha256-512 failed after 7 retries: <nil>
[2025-12-01T17:20:39Z] [[31merror[0m] [task_execution] Error executing task azure-sha256-512: task azure-sha256-512 failed after 7 retries: <nil>
[2025-12-01T17:20:40Z] [[31merror[0m] [task_execution] Error executing task azure-sha256-512: task azure-sha256-512 failed after 7 retries: <nil>
[2025-12-01T17:20:40Z] [[31merror[0m] [task_execution] Error executing task azure-sha256-512: task azure-sha256-512 failed after 7 retries: <nil>
[2025-12-01T17:20:40Z] [[31merror[0m] [task_execution] Error executing task azure-sha256-512: task azure-sha256-512 failed after 7 retries: <nil>
[2025-12-01T17:20:40Z] [[31merror[0m] [task_execution] Error executing task azure-sha256-512: task azure-sha256-512 failed after 7 retries: <nil>
[2025-12-01T17:20:40Z] [[31merror[0m] [task_execution] Error executing task azure-sha256-512: task azure-sha256-512 failed after 7 retries: <nil>
[2025-12-01T17:20:40Z] [[31merror[0m] [task_execution] Error executing task azure-sha256-512: task azure-sha256-512 failed after 7 retries: <nil>
[2025-12-01T17:20:40Z] [[31merror[0m] [task_execution] Error executing task azure-sha256-512: task azure-sha256-512 failed after 7 retries: <nil>
[2025-12-01T17:20:40Z] [[31merror[0m] [task_execution] Error executing task azure-sha256-512: task azure-sha256-512 failed after 7 retries: <nil>
[2025-12-01T17:20:40Z] [[31merror[0m] [task_execution] Error executing task azure-sha256-512: task azure-sha256-512 failed after 7 retries: <nil>
[2025-12-01T17:20:40Z] [[31merror[0m] [task_execution] Error executing task azure-sha256-512: task azure-sha256-512 failed after 7 retries: <nil>
[2025-12-01T17:20:40Z] [[31merror[0m] [task_execution] Error executing task azure-sha256-512: task azure-sha256-512 failed after 7 retries: <nil>
[2025-12-01T17:20:40Z] [[31merror[0m] [task_execution] Error executing task azure-sha256-512: task azure-sha256-512 failed after 7 retries: <nil>
[2025-12-01T17:20:40Z] [[31merror[0m] [task_execution] Error executing task azure-sha256-512: task azure-sha256-512 failed after 7 retries: <nil>
[2025-12-01T17:20:42Z] [[31merror[0m] [task_execution] Error executing task azure-sha256-512: task azure-sha256-512 failed after 7 retries: <nil>
[2025-12-01T17:20:45Z] [[36minfo[0m] [progress_update] aws-us-east-1-aws-sha256-512-512-186: 2500/2500 tasks started.alibaba-us-east-1-alibaba-sha256-512-512-979: 2500/2500 tasks started.azure-germanywestcentral-azure-sha256-512-512-549: 2500/2500 tasks started.gcp-us-east1-gcp-sha256-512-512-580: 2500/2500 tasks started.
[2025-12-01T17:20:55Z] [[36minfo[0m] [progress_update] aws-us-east-1-aws-sha256-512-512-186: 2500/2500 tasks started.alibaba-us-east-1-alibaba-sha256-512-512-979: 2500/2500 tasks started.azure-germanywestcentral-azure-sha256-512-512-549: 2500/2500 tasks started.gcp-us-east1-gcp-sha256-512-512-580: 2500/2500 tasks started.
[2025-12-01T17:21:04Z] [[31merror[0m] [task_execution] Error executing task azure-sha256-512: task azure-sha256-512 failed after 7 retries: <nil>
[2025-12-01T17:21:04Z] [[31merror[0m] [task_execution] Error executing task azure-sha256-512: task azure-sha256-512 failed after 7 retries: <nil>
[2025-12-01T17:21:04Z] [[31merror[0m] [task_execution] Error executing task azure-sha256-512: task azure-sha256-512 failed after 7 retries: <nil>
[2025-12-01T17:21:04Z] [[31merror[0m] [task_execution] Error executing task azure-sha256-512: task azure-sha256-512 failed after 7 retries: <nil>
[2025-12-01T17:21:04Z] [[31merror[0m] [task_execution] Error executing task azure-sha256-512: task azure-sha256-512 failed after 7 retries: <nil>
[2025-12-01T17:21:05Z] [[31merror[0m] [task_execution] Error executing task azure-sha256-512: task azure-sha256-512 failed after 7 retries: <nil>
[2025-12-01T17:21:05Z] [[36minfo[0m] [progress_update] aws-us-east-1-aws-sha256-512-512-186: 2500/2500 tasks started.alibaba-us-east-1-alibaba-sha256-512-512-979: 2500/2500 tasks started.azure-germanywestcentral-azure-sha256-512-512-549: 2500/2500 tasks started.gcp-us-east1-gcp-sha256-512-512-580: 2500/2500 tasks started.
[2025-12-01T17:21:05Z] [[31merror[0m] [task_execution] Error executing task azure-sha256-512: task azure-sha256-512 failed after 7 retries: <nil>
[2025-12-01T17:21:07Z] [[31merror[0m] [task_execution] Error executing task azure-sha256-512: task azure-sha256-512 failed after 7 retries: <nil>
[2025-12-01T17:21:07Z] [[31merror[0m] [task_execution] Error executing task azure-sha256-512: task azure-sha256-512 failed after 7 retries: <nil>
[2025-12-01T17:21:07Z] [[31merror[0m] [task_execution] Error executing task azure-sha256-512: task azure-sha256-512 failed after 7 retries: <nil>
[2025-12-01T17:21:07Z] [[31merror[0m] [task_execution] Error executing task azure-sha256-512: task azure-sha256-512 failed after 7 retries: <nil>
[2025-12-01T17:21:07Z] [[31merror[0m] [task_execution] Error executing task azure-sha256-512: task azure-sha256-512 failed after 7 retries: <nil>
[2025-12-01T17:21:07Z] [[31merror[0m] [task_execution] Error executing task azure-sha256-512: task azure-sha256-512 failed after 7 retries: <nil>
[2025-12-01T17:21:07Z] [[31merror[0m] [task_execution] Error executing task azure-sha256-512: task azure-sha256-512 failed after 7 retries: <nil>
[2025-12-01T17:21:07Z] [[31merror[0m] [task_execution] Error executing task azure-sha256-512: task azure-sha256-512 failed after 7 retries: <nil>
[2025-12-01T17:21:08Z] [[31merror[0m] [task_execution] Error executing task azure-sha256-512: task azure-sha256-512 failed after 7 retries: <nil>
[2025-12-01T17:21:08Z] [[31merror[0m] [task_execution] Error executing task azure-sha256-512: task azure-sha256-512 failed after 7 retries: <nil>
[2025-12-01T17:21:08Z] [[31merror[0m] [task_execution] Error executing task azure-sha256-512: task azure-sha256-512 failed after 7 retries: <nil>
[2025-12-01T17:21:08Z] [[31merror[0m] [task_execution] Error executing task azure-sha256-512: task azure-sha256-512 failed after 7 retries: <nil>
[2025-12-01T17:21:08Z] [[31merror[0m] [task_execution] Error executing task azure-sha256-512: task azure-sha256-512 failed after 7 retries: <nil>
[2025-12-01T17:21:09Z] [[31merror[0m] [task_execution] Error executing task azure-sha256-512: task azure-sha256-512 failed after 7 retries: <nil>
[2025-12-01T17:21:09Z] [[31merror[0m] [task_execution] Error executing task azure-sha256-512: task azure-sha256-512 failed after 7 retries: <nil>
[2025-12-01T17:21:09Z] [[31merror[0m] [task_execution] Error executing task azure-sha256-512: task azure-sha256-512 failed after 7 retries: <nil>
[2025-12-01T17:21:09Z] [[31merror[0m] [task_execution] Error executing task azure-sha256-512: task azure-sha256-512 failed after 7 retries: <nil>
[2025-12-01T17:21:09Z] [[31merror[0m] [task_execution] Error executing task azure-sha256-512: task azure-sha256-512 failed after 7 retries: <nil>
[2025-12-01T17:21:09Z] [[31merror[0m] [task_execution] Error executing task azure-sha256-512: task azure-sha256-512 failed after 7 retries: <nil>
[2025-12-01T17:21:09Z] [[31merror[0m] [task_execution] Error executing task azure-sha256-512: task azure-sha256-512 failed after 7 retries: <nil>
[2025-12-01T17:21:09Z] [[31merror[0m] [task_execution] Error executing task azure-sha256-512: task azure-sha256-512 failed after 7 retries: <nil>
[2025-12-01T17:21:09Z] [[31merror[0m] [task_execution] Error executing task azure-sha256-512: task azure-sha256-512 failed after 7 retries: <nil>
[2025-12-01T17:21:10Z] [[31merror[0m] [task_execution] Error executing task azure-sha256-512: task azure-sha256-512 failed after 7 retries: <nil>
[2025-12-01T17:21:10Z] [[31merror[0m] [task_execution] Error executing task azure-sha256-512: task azure-sha256-512 failed after 7 retries: <nil>
[2025-12-01T17:21:10Z] [[31merror[0m] [task_execution] Error executing task azure-sha256-512: task azure-sha256-512 failed after 7 retries: <nil>
[2025-12-01T17:21:10Z] [[31merror[0m] [task_execution] Error executing task azure-sha256-512: task azure-sha256-512 failed after 7 retries: <nil>
[2025-12-01T17:21:10Z] [[31merror[0m] [task_execution] Error executing task azure-sha256-512: task azure-sha256-512 failed after 7 retries: <nil>
[2025-12-01T17:21:10Z] [[31merror[0m] [task_execution] Error executing task azure-sha256-512: task azure-sha256-512 failed after 7 retries: <nil>
[2025-12-01T17:21:10Z] [[31merror[0m] [task_execution] Error executing task azure-sha256-512: task azure-sha256-512 failed after 7 retries: <nil>
[2025-12-01T17:21:10Z] [[31merror[0m] [task_execution] Error executing task azure-sha256-512: task azure-sha256-512 failed after 7 retries: <nil>
[2025-12-01T17:21:10Z] [[31merror[0m] [task_execution] Error executing task azure-sha256-512: task azure-sha256-512 failed after 7 retries: <nil>
[2025-12-01T17:21:10Z] [[31merror[0m] [task_execution] Error executing task azure-sha256-512: task azure-sha256-512 failed after 7 retries: <nil>
[2025-12-01T17:21:11Z] [[31merror[0m] [task_execution] Error executing task azure-sha256-512: task azure-sha256-512 failed after 7 retries: <nil>
[2025-12-01T17:21:11Z] [[31merror[0m] [task_execution] Error executing task azure-sha256-512: task azure-sha256-512 failed after 7 retries: <nil>
[2025-12-01T17:21:11Z] [[31merror[0m] [task_execution] Error executing task azure-sha256-512: task azure-sha256-512 failed after 7 retries: <nil>
[2025-12-01T17:21:11Z] [[31merror[0m] [task_execution] Error executing task azure-sha256-512: task azure-sha256-512 failed after 7 retries: <nil>
[2025-12-01T17:21:11Z] [[31merror[0m] [task_execution] Error executing task azure-sha256-512: task azure-sha256-512 failed after 7 retries: <nil>
[2025-12-01T17:21:11Z] [[31merror[0m] [task_execution] Error executing task azure-sha256-512: task azure-sha256-512 failed after 7 retries: <nil>
[2025-12-01T17:21:11Z] [[31merror[0m] [task_execution] Error executing task azure-sha256-512: task azure-sha256-512 failed after 7 retries: <nil>
[2025-12-01T17:21:11Z] [[31merror[0m] [task_execution] Error executing task azure-sha256-512: task azure-sha256-512 failed after 7 retries: <nil>
[2025-12-01T17:21:11Z] [[31merror[0m] [task_execution] Error executing task azure-sha256-512: task azure-sha256-512 failed after 7 retries: <nil>
[2025-12-01T17:21:12Z] [[31merror[0m] [task_execution] Error executing task azure-sha256-512: task azure-sha256-512 failed after 7 retries: <nil>
[2025-12-01T17:21:12Z] [[31merror[0m] [task_execution] Error executing task azure-sha256-512: task azure-sha256-512 failed after 7 retries: <nil>
[2025-12-01T17:21:12Z] [[31merror[0m] [task_execution] Error executing task azure-sha256-512: task azure-sha256-512 failed after 7 retries: <nil>
[2025-12-01T17:21:13Z] [[31merror[0m] [task_execution] Error executing task azure-sha256-512: task azure-sha256-512 failed after 7 retries: <nil>
[2025-12-01T17:21:13Z] [[31merror[0m] [task_execution] Error executing task azure-sha256-512: task azure-sha256-512 failed after 7 retries: <nil>
[2025-12-01T17:21:13Z] [[31merror[0m] [task_execution] Error executing task azure-sha256-512: task azure-sha256-512 failed after 7 retries: <nil>
[2025-12-01T17:21:14Z] [[31merror[0m] [task_execution] Error executing task azure-sha256-512: task azure-sha256-512 failed after 7 retries: <nil>
[2025-12-01T17:21:14Z] [[31merror[0m] [task_execution] Error executing task azure-sha256-512: task azure-sha256-512 failed after 7 retries: <nil>
[2025-12-01T17:21:14Z] [[31merror[0m] [task_execution] Error executing task azure-sha256-512: task azure-sha256-512 failed after 7 retries: <nil>
[2025-12-01T17:21:15Z] [[36minfo[0m] [progress_update] gcp-us-east1-gcp-sha256-512-512-580: 2500/2500 tasks started.aws-us-east-1-aws-sha256-512-512-186: 2500/2500 tasks started.alibaba-us-east-1-alibaba-sha256-512-512-979: 2500/2500 tasks started.azure-germanywestcentral-azure-sha256-512-512-549: 2500/2500 tasks started.
[2025-12-01T17:21:15Z] [[31merror[0m] [task_execution] Error executing task azure-sha256-512: task azure-sha256-512 failed after 7 retries: <nil>
[2025-12-01T17:21:16Z] [[31merror[0m] [task_execution] Error executing task azure-sha256-512: task azure-sha256-512 failed after 7 retries: <nil>
[2025-12-01T17:21:20Z] [[31merror[0m] [task_execution] Error executing task azure-sha256-512: task azure-sha256-512 failed after 7 retries: <nil>
[2025-12-01T17:21:25Z] [[36minfo[0m] [function_finished] Finished benchmarking function azure-sha256-512 and closed archiver
[2025-12-01T17:21:25Z] [[36minfo[0m] [progress_update] aws-us-east-1-aws-sha256-512-512-186: 2500/2500 tasks started.alibaba-us-east-1-alibaba-sha256-512-512-979: 2500/2500 tasks started.azure-germanywestcentral-azure-sha256-512-512-549: 2500/2500 tasks started.gcp-us-east1-gcp-sha256-512-512-580: 2500/2500 tasks started.
[2025-12-01T17:21:27Z] [[36minfo[0m] [finish_timeline] Benchmark Timeline
[Mon Dec  1 17:21:27 UTC 2025] Finished benchmark 'sha256' successfully
[Mon Dec  1 17:21:27 UTC 2025] Sleeping 600 seconds before next workload...
