[Sun Nov 30 23:00:01 UTC 2025] Starting benchmark 'aesctr' with config './configs/aesCtr.yaml'
Validating functions...
[2025-11-30T23:00:01Z] [[36minfo[0m] [executor_setup] Setting up executor for aws-us-east-1-aws-aesCtr-512-512-384
[2025-11-30T23:00:01Z] [[36minfo[0m] [executor_setup] Setting up executor for alibaba-us-east-1-alibaba-aesCtr-512-512-858
[2025-11-30T23:00:01Z] [[36minfo[0m] [executor_setup] Setting up executor for azure-germanywestcentral-azure-aesCtr-512-512-447
[2025-11-30T23:00:01Z] [[0mwarning[0m] [[32mazure_limitations[0m] Azure can´t handle more than 300 parallel requests. Limiting to 300.
[2025-11-30T23:00:02Z] [[36minfo[0m] [executor_setup] Setting up executor for gcp-us-east1-gcp-aesCtr-512-512-174
[2025-11-30T23:00:02Z] [[36minfo[0m] [start_timeline] Benchmark Timeline
[2025-11-30T23:00:02Z] [[36minfo[0m] [load_generator_start] (azure: germanywestcentral) Starting load generator with 300 workers
[2025-11-30T23:00:02Z] [[36minfo[0m] [load_generator_start] (gcp: us-east1) Starting load generator with 300 workers
[2025-11-30T23:00:02Z] [[36minfo[0m] [load_generator_start] (aws: us-east-1) Starting load generator with 500 workers
[2025-11-30T23:00:02Z] [[36minfo[0m] [load_generator_start] (alibaba: us-east-1) Starting load generator with 500 workers
[2025-11-30T23:00:12Z] [[36minfo[0m] [progress_update] gcp-us-east1-gcp-aesCtr-512-512-174: 589/2500 tasks started.aws-us-east-1-aws-aesCtr-512-512-384: 2211/2500 tasks started.alibaba-us-east-1-alibaba-aesCtr-512-512-858: 2386/2500 tasks started.azure-germanywestcentral-azure-aesCtr-512-512-447: 664/2500 tasks started.
[2025-11-30T23:00:22Z] [[36minfo[0m] [progress_update] azure-germanywestcentral-azure-aesCtr-512-512-447: 664/2500 tasks started.gcp-us-east1-gcp-aesCtr-512-512-174: 1175/2500 tasks started.aws-us-east-1-aws-aesCtr-512-512-384: 2500/2500 tasks started.alibaba-us-east-1-alibaba-aesCtr-512-512-858: 2500/2500 tasks started.
[2025-11-30T23:00:27Z] [[36minfo[0m] [function_finished] Finished benchmarking function aws-aesCtr-512 and closed archiver
[2025-11-30T23:00:32Z] [[36minfo[0m] [progress_update] alibaba-us-east-1-alibaba-aesCtr-512-512-858: 2500/2500 tasks started.azure-germanywestcentral-azure-aesCtr-512-512-447: 1404/2500 tasks started.gcp-us-east1-gcp-aesCtr-512-512-174: 1742/2500 tasks started.aws-us-east-1-aws-aesCtr-512-512-384: 2500/2500 tasks started.
[2025-11-30T23:00:42Z] [[36minfo[0m] [progress_update] azure-germanywestcentral-azure-aesCtr-512-512-447: 1850/2500 tasks started.gcp-us-east1-gcp-aesCtr-512-512-174: 2305/2500 tasks started.aws-us-east-1-aws-aesCtr-512-512-384: 2500/2500 tasks started.alibaba-us-east-1-alibaba-aesCtr-512-512-858: 2500/2500 tasks started.
[2025-11-30T23:00:52Z] [[36minfo[0m] [progress_update] aws-us-east-1-aws-aesCtr-512-512-384: 2500/2500 tasks started.alibaba-us-east-1-alibaba-aesCtr-512-512-858: 2500/2500 tasks started.azure-germanywestcentral-azure-aesCtr-512-512-447: 2187/2500 tasks started.gcp-us-east1-gcp-aesCtr-512-512-174: 2500/2500 tasks started.
[2025-11-30T23:01:02Z] [[36minfo[0m] [progress_update] azure-germanywestcentral-azure-aesCtr-512-512-447: 2192/2500 tasks started.gcp-us-east1-gcp-aesCtr-512-512-174: 2500/2500 tasks started.aws-us-east-1-aws-aesCtr-512-512-384: 2500/2500 tasks started.alibaba-us-east-1-alibaba-aesCtr-512-512-858: 2500/2500 tasks started.
[2025-11-30T23:01:02Z] [[36minfo[0m] [function_finished] Finished benchmarking function gcp-aesCtr-512 and closed archiver
[2025-11-30T23:01:12Z] [[36minfo[0m] [progress_update] aws-us-east-1-aws-aesCtr-512-512-384: 2500/2500 tasks started.alibaba-us-east-1-alibaba-aesCtr-512-512-858: 2500/2500 tasks started.azure-germanywestcentral-azure-aesCtr-512-512-447: 2353/2500 tasks started.gcp-us-east1-gcp-aesCtr-512-512-174: 2500/2500 tasks started.
[2025-11-30T23:01:22Z] [[36minfo[0m] [progress_update] gcp-us-east1-gcp-aesCtr-512-512-174: 2500/2500 tasks started.aws-us-east-1-aws-aesCtr-512-512-384: 2500/2500 tasks started.alibaba-us-east-1-alibaba-aesCtr-512-512-858: 2500/2500 tasks started.azure-germanywestcentral-azure-aesCtr-512-512-447: 2415/2500 tasks started.
[2025-11-30T23:01:23Z] [[36minfo[0m] [function_finished] Finished benchmarking function alibaba-aesCtr-512 and closed archiver
[2025-11-30T23:01:32Z] [[36minfo[0m] [progress_update] alibaba-us-east-1-alibaba-aesCtr-512-512-858: 2500/2500 tasks started.azure-germanywestcentral-azure-aesCtr-512-512-447: 2454/2500 tasks started.gcp-us-east1-gcp-aesCtr-512-512-174: 2500/2500 tasks started.aws-us-east-1-aws-aesCtr-512-512-384: 2500/2500 tasks started.
[2025-11-30T23:01:42Z] [[36minfo[0m] [progress_update] aws-us-east-1-aws-aesCtr-512-512-384: 2500/2500 tasks started.alibaba-us-east-1-alibaba-aesCtr-512-512-858: 2500/2500 tasks started.azure-germanywestcentral-azure-aesCtr-512-512-447: 2454/2500 tasks started.gcp-us-east1-gcp-aesCtr-512-512-174: 2500/2500 tasks started.
[2025-11-30T23:01:52Z] [[36minfo[0m] [progress_update] gcp-us-east1-gcp-aesCtr-512-512-174: 2500/2500 tasks started.aws-us-east-1-aws-aesCtr-512-512-384: 2500/2500 tasks started.alibaba-us-east-1-alibaba-aesCtr-512-512-858: 2500/2500 tasks started.azure-germanywestcentral-azure-aesCtr-512-512-447: 2500/2500 tasks started.
[2025-11-30T23:02:02Z] [[36minfo[0m] [progress_update] aws-us-east-1-aws-aesCtr-512-512-384: 2500/2500 tasks started.alibaba-us-east-1-alibaba-aesCtr-512-512-858: 2500/2500 tasks started.azure-germanywestcentral-azure-aesCtr-512-512-447: 2500/2500 tasks started.gcp-us-east1-gcp-aesCtr-512-512-174: 2500/2500 tasks started.
[2025-11-30T23:02:12Z] [[36minfo[0m] [progress_update] aws-us-east-1-aws-aesCtr-512-512-384: 2500/2500 tasks started.alibaba-us-east-1-alibaba-aesCtr-512-512-858: 2500/2500 tasks started.azure-germanywestcentral-azure-aesCtr-512-512-447: 2500/2500 tasks started.gcp-us-east1-gcp-aesCtr-512-512-174: 2500/2500 tasks started.
[2025-11-30T23:02:22Z] [[36minfo[0m] [progress_update] aws-us-east-1-aws-aesCtr-512-512-384: 2500/2500 tasks started.alibaba-us-east-1-alibaba-aesCtr-512-512-858: 2500/2500 tasks started.azure-germanywestcentral-azure-aesCtr-512-512-447: 2500/2500 tasks started.gcp-us-east1-gcp-aesCtr-512-512-174: 2500/2500 tasks started.
[2025-11-30T23:02:32Z] [[36minfo[0m] [progress_update] aws-us-east-1-aws-aesCtr-512-512-384: 2500/2500 tasks started.alibaba-us-east-1-alibaba-aesCtr-512-512-858: 2500/2500 tasks started.azure-germanywestcentral-azure-aesCtr-512-512-447: 2500/2500 tasks started.gcp-us-east1-gcp-aesCtr-512-512-174: 2500/2500 tasks started.
[2025-11-30T23:02:42Z] [[36minfo[0m] [progress_update] aws-us-east-1-aws-aesCtr-512-512-384: 2500/2500 tasks started.alibaba-us-east-1-alibaba-aesCtr-512-512-858: 2500/2500 tasks started.azure-germanywestcentral-azure-aesCtr-512-512-447: 2500/2500 tasks started.gcp-us-east1-gcp-aesCtr-512-512-174: 2500/2500 tasks started.
[2025-11-30T23:02:52Z] [[36minfo[0m] [progress_update] gcp-us-east1-gcp-aesCtr-512-512-174: 2500/2500 tasks started.aws-us-east-1-aws-aesCtr-512-512-384: 2500/2500 tasks started.alibaba-us-east-1-alibaba-aesCtr-512-512-858: 2500/2500 tasks started.azure-germanywestcentral-azure-aesCtr-512-512-447: 2500/2500 tasks started.
[2025-11-30T23:03:02Z] [[36minfo[0m] [progress_update] aws-us-east-1-aws-aesCtr-512-512-384: 2500/2500 tasks started.alibaba-us-east-1-alibaba-aesCtr-512-512-858: 2500/2500 tasks started.azure-germanywestcentral-azure-aesCtr-512-512-447: 2500/2500 tasks started.gcp-us-east1-gcp-aesCtr-512-512-174: 2500/2500 tasks started.
[2025-11-30T23:03:12Z] [[36minfo[0m] [progress_update] alibaba-us-east-1-alibaba-aesCtr-512-512-858: 2500/2500 tasks started.azure-germanywestcentral-azure-aesCtr-512-512-447: 2500/2500 tasks started.gcp-us-east1-gcp-aesCtr-512-512-174: 2500/2500 tasks started.aws-us-east-1-aws-aesCtr-512-512-384: 2500/2500 tasks started.
[2025-11-30T23:03:22Z] [[36minfo[0m] [progress_update] aws-us-east-1-aws-aesCtr-512-512-384: 2500/2500 tasks started.alibaba-us-east-1-alibaba-aesCtr-512-512-858: 2500/2500 tasks started.azure-germanywestcentral-azure-aesCtr-512-512-447: 2500/2500 tasks started.gcp-us-east1-gcp-aesCtr-512-512-174: 2500/2500 tasks started.
[2025-11-30T23:03:32Z] [[36minfo[0m] [progress_update] aws-us-east-1-aws-aesCtr-512-512-384: 2500/2500 tasks started.alibaba-us-east-1-alibaba-aesCtr-512-512-858: 2500/2500 tasks started.azure-germanywestcentral-azure-aesCtr-512-512-447: 2500/2500 tasks started.gcp-us-east1-gcp-aesCtr-512-512-174: 2500/2500 tasks started.
[2025-11-30T23:03:42Z] [[36minfo[0m] [progress_update] aws-us-east-1-aws-aesCtr-512-512-384: 2500/2500 tasks started.alibaba-us-east-1-alibaba-aesCtr-512-512-858: 2500/2500 tasks started.azure-germanywestcentral-azure-aesCtr-512-512-447: 2500/2500 tasks started.gcp-us-east1-gcp-aesCtr-512-512-174: 2500/2500 tasks started.
[2025-11-30T23:03:52Z] [[36minfo[0m] [progress_update] aws-us-east-1-aws-aesCtr-512-512-384: 2500/2500 tasks started.alibaba-us-east-1-alibaba-aesCtr-512-512-858: 2500/2500 tasks started.azure-germanywestcentral-azure-aesCtr-512-512-447: 2500/2500 tasks started.gcp-us-east1-gcp-aesCtr-512-512-174: 2500/2500 tasks started.
[2025-11-30T23:04:02Z] [[36minfo[0m] [progress_update] gcp-us-east1-gcp-aesCtr-512-512-174: 2500/2500 tasks started.aws-us-east-1-aws-aesCtr-512-512-384: 2500/2500 tasks started.alibaba-us-east-1-alibaba-aesCtr-512-512-858: 2500/2500 tasks started.azure-germanywestcentral-azure-aesCtr-512-512-447: 2500/2500 tasks started.
[2025-11-30T23:04:12Z] [[36minfo[0m] [progress_update] aws-us-east-1-aws-aesCtr-512-512-384: 2500/2500 tasks started.alibaba-us-east-1-alibaba-aesCtr-512-512-858: 2500/2500 tasks started.azure-germanywestcentral-azure-aesCtr-512-512-447: 2500/2500 tasks started.gcp-us-east1-gcp-aesCtr-512-512-174: 2500/2500 tasks started.
[2025-11-30T23:04:22Z] [[36minfo[0m] [progress_update] aws-us-east-1-aws-aesCtr-512-512-384: 2500/2500 tasks started.alibaba-us-east-1-alibaba-aesCtr-512-512-858: 2500/2500 tasks started.azure-germanywestcentral-azure-aesCtr-512-512-447: 2500/2500 tasks started.gcp-us-east1-gcp-aesCtr-512-512-174: 2500/2500 tasks started.
[2025-11-30T23:04:24Z] [[31merror[0m] [task_execution] Error executing task azure-aesCtr-512: task azure-aesCtr-512 failed after 7 retries: <nil>
[2025-11-30T23:04:32Z] [[36minfo[0m] [progress_update] aws-us-east-1-aws-aesCtr-512-512-384: 2500/2500 tasks started.alibaba-us-east-1-alibaba-aesCtr-512-512-858: 2500/2500 tasks started.azure-germanywestcentral-azure-aesCtr-512-512-447: 2500/2500 tasks started.gcp-us-east1-gcp-aesCtr-512-512-174: 2500/2500 tasks started.
[2025-11-30T23:04:41Z] [[31merror[0m] [task_execution] Error executing task azure-aesCtr-512: task azure-aesCtr-512 failed after 7 retries: <nil>
[2025-11-30T23:04:42Z] [[36minfo[0m] [progress_update] gcp-us-east1-gcp-aesCtr-512-512-174: 2500/2500 tasks started.aws-us-east-1-aws-aesCtr-512-512-384: 2500/2500 tasks started.alibaba-us-east-1-alibaba-aesCtr-512-512-858: 2500/2500 tasks started.azure-germanywestcentral-azure-aesCtr-512-512-447: 2500/2500 tasks started.
[2025-11-30T23:04:43Z] [[31merror[0m] [task_execution] Error executing task azure-aesCtr-512: task azure-aesCtr-512 failed after 7 retries: <nil>
[2025-11-30T23:04:44Z] [[31merror[0m] [task_execution] Error executing task azure-aesCtr-512: task azure-aesCtr-512 failed after 7 retries: <nil>
[2025-11-30T23:04:52Z] [[36minfo[0m] [progress_update] aws-us-east-1-aws-aesCtr-512-512-384: 2500/2500 tasks started.alibaba-us-east-1-alibaba-aesCtr-512-512-858: 2500/2500 tasks started.azure-germanywestcentral-azure-aesCtr-512-512-447: 2500/2500 tasks started.gcp-us-east1-gcp-aesCtr-512-512-174: 2500/2500 tasks started.
[2025-11-30T23:04:56Z] [[31merror[0m] [task_execution] Error executing task azure-aesCtr-512: task azure-aesCtr-512 failed after 7 retries: <nil>
[2025-11-30T23:04:56Z] [[31merror[0m] [task_execution] Error executing task azure-aesCtr-512: task azure-aesCtr-512 failed after 7 retries: <nil>
[2025-11-30T23:04:56Z] [[31merror[0m] [task_execution] Error executing task azure-aesCtr-512: task azure-aesCtr-512 failed after 7 retries: <nil>
[2025-11-30T23:04:56Z] [[31merror[0m] [task_execution] Error executing task azure-aesCtr-512: task azure-aesCtr-512 failed after 7 retries: <nil>
[2025-11-30T23:04:56Z] [[31merror[0m] [task_execution] Error executing task azure-aesCtr-512: task azure-aesCtr-512 failed after 7 retries: <nil>
[2025-11-30T23:04:56Z] [[31merror[0m] [task_execution] Error executing task azure-aesCtr-512: task azure-aesCtr-512 failed after 7 retries: <nil>
[2025-11-30T23:04:56Z] [[31merror[0m] [task_execution] Error executing task azure-aesCtr-512: task azure-aesCtr-512 failed after 7 retries: <nil>
[2025-11-30T23:04:57Z] [[31merror[0m] [task_execution] Error executing task azure-aesCtr-512: task azure-aesCtr-512 failed after 7 retries: <nil>
[2025-11-30T23:04:58Z] [[31merror[0m] [task_execution] Error executing task azure-aesCtr-512: task azure-aesCtr-512 failed after 7 retries: <nil>
[2025-11-30T23:04:58Z] [[31merror[0m] [task_execution] Error executing task azure-aesCtr-512: task azure-aesCtr-512 failed after 7 retries: <nil>
[2025-11-30T23:05:00Z] [[31merror[0m] [task_execution] Error executing task azure-aesCtr-512: task azure-aesCtr-512 failed after 7 retries: <nil>
[2025-11-30T23:05:00Z] [[31merror[0m] [task_execution] Error executing task azure-aesCtr-512: task azure-aesCtr-512 failed after 7 retries: <nil>
[2025-11-30T23:05:01Z] [[31merror[0m] [task_execution] Error executing task azure-aesCtr-512: task azure-aesCtr-512 failed after 7 retries: <nil>
[2025-11-30T23:05:02Z] [[36minfo[0m] [progress_update] aws-us-east-1-aws-aesCtr-512-512-384: 2500/2500 tasks started.alibaba-us-east-1-alibaba-aesCtr-512-512-858: 2500/2500 tasks started.azure-germanywestcentral-azure-aesCtr-512-512-447: 2500/2500 tasks started.gcp-us-east1-gcp-aesCtr-512-512-174: 2500/2500 tasks started.
[2025-11-30T23:05:12Z] [[36minfo[0m] [progress_update] azure-germanywestcentral-azure-aesCtr-512-512-447: 2500/2500 tasks started.gcp-us-east1-gcp-aesCtr-512-512-174: 2500/2500 tasks started.aws-us-east-1-aws-aesCtr-512-512-384: 2500/2500 tasks started.alibaba-us-east-1-alibaba-aesCtr-512-512-858: 2500/2500 tasks started.
[2025-11-30T23:05:22Z] [[36minfo[0m] [progress_update] azure-germanywestcentral-azure-aesCtr-512-512-447: 2500/2500 tasks started.gcp-us-east1-gcp-aesCtr-512-512-174: 2500/2500 tasks started.aws-us-east-1-aws-aesCtr-512-512-384: 2500/2500 tasks started.alibaba-us-east-1-alibaba-aesCtr-512-512-858: 2500/2500 tasks started.
[2025-11-30T23:05:28Z] [[31merror[0m] [task_execution] Error executing task azure-aesCtr-512: task azure-aesCtr-512 failed after 7 retries: <nil>
[2025-11-30T23:05:32Z] [[36minfo[0m] [progress_update] alibaba-us-east-1-alibaba-aesCtr-512-512-858: 2500/2500 tasks started.azure-germanywestcentral-azure-aesCtr-512-512-447: 2500/2500 tasks started.gcp-us-east1-gcp-aesCtr-512-512-174: 2500/2500 tasks started.aws-us-east-1-aws-aesCtr-512-512-384: 2500/2500 tasks started.
[2025-11-30T23:05:33Z] [[36minfo[0m] [function_finished] Finished benchmarking function azure-aesCtr-512 and closed archiver
[2025-11-30T23:05:35Z] [[36minfo[0m] [finish_timeline] Benchmark Timeline
[Sun Nov 30 23:05:35 UTC 2025] Finished benchmark 'aesctr' successfully
[Sun Nov 30 23:05:35 UTC 2025] Sleeping 600 seconds before next workload...
