[Tue Dec  2 05:00:02 UTC 2025] Starting benchmark 'gemm' with config './configs/gemm.yaml'
Validating functions...
[2025-12-02T05:00:02Z] [[36minfo[0m] [executor_setup] Setting up executor for aws-us-east-1-aws-gemm-512-512-870
[2025-12-02T05:00:02Z] [[36minfo[0m] [executor_setup] Setting up executor for alibaba-us-east-1-alibaba-gemm-512-512-435
[2025-12-02T05:00:02Z] [[36minfo[0m] [executor_setup] Setting up executor for gcp-us-east1-gcp-gemm-512-512-424
[2025-12-02T05:00:02Z] [[36minfo[0m] [executor_setup] Setting up executor for azure-germanywestcentral-azure-gemm-512-512-259
[2025-12-02T05:00:02Z] [[0mwarning[0m] [[32mazure_limitations[0m] Azure can´t handle more than 300 parallel requests. Limiting to 300.
[2025-12-02T05:00:02Z] [[36minfo[0m] [start_timeline] Benchmark Timeline
[2025-12-02T05:00:02Z] [[36minfo[0m] [load_generator_start] (azure: germanywestcentral) Starting load generator with 300 workers
[2025-12-02T05:00:02Z] [[36minfo[0m] [load_generator_start] (aws: us-east-1) Starting load generator with 500 workers
[2025-12-02T05:00:02Z] [[36minfo[0m] [load_generator_start] (alibaba: us-east-1) Starting load generator with 500 workers
[2025-12-02T05:00:02Z] [[36minfo[0m] [load_generator_start] (gcp: us-east1) Starting load generator with 500 workers
[2025-12-02T05:00:12Z] [[36minfo[0m] [progress_update] azure-germanywestcentral-azure-gemm-512-512-259: 634/2500 tasks started.aws-us-east-1-aws-gemm-512-512-870: 1573/2500 tasks started.alibaba-us-east-1-alibaba-gemm-512-512-435: 1261/2500 tasks started.gcp-us-east1-gcp-gemm-512-512-424: 1715/2500 tasks started.
[2025-12-02T05:00:22Z] [[36minfo[0m] [progress_update] aws-us-east-1-aws-gemm-512-512-870: 2500/2500 tasks started.alibaba-us-east-1-alibaba-gemm-512-512-435: 2431/2500 tasks started.gcp-us-east1-gcp-gemm-512-512-424: 2500/2500 tasks started.azure-germanywestcentral-azure-gemm-512-512-259: 668/2500 tasks started.
[2025-12-02T05:00:32Z] [[36minfo[0m] [progress_update] aws-us-east-1-aws-gemm-512-512-870: 2500/2500 tasks started.alibaba-us-east-1-alibaba-gemm-512-512-435: 2500/2500 tasks started.gcp-us-east1-gcp-gemm-512-512-424: 2500/2500 tasks started.azure-germanywestcentral-azure-gemm-512-512-259: 1272/2500 tasks started.
[2025-12-02T05:00:33Z] [[36minfo[0m] [function_finished] Finished benchmarking function aws-gemm-512 and closed archiver
[2025-12-02T05:00:39Z] [[36minfo[0m] [function_finished] Finished benchmarking function gcp-gemm-512 and closed archiver
[2025-12-02T05:00:42Z] [[36minfo[0m] [progress_update] aws-us-east-1-aws-gemm-512-512-870: 2500/2500 tasks started.alibaba-us-east-1-alibaba-gemm-512-512-435: 2500/2500 tasks started.gcp-us-east1-gcp-gemm-512-512-424: 2500/2500 tasks started.azure-germanywestcentral-azure-gemm-512-512-259: 1661/2500 tasks started.
[2025-12-02T05:00:52Z] [[36minfo[0m] [progress_update] aws-us-east-1-aws-gemm-512-512-870: 2500/2500 tasks started.alibaba-us-east-1-alibaba-gemm-512-512-435: 2500/2500 tasks started.gcp-us-east1-gcp-gemm-512-512-424: 2500/2500 tasks started.azure-germanywestcentral-azure-gemm-512-512-259: 2067/2500 tasks started.
[2025-12-02T05:01:02Z] [[36minfo[0m] [progress_update] aws-us-east-1-aws-gemm-512-512-870: 2500/2500 tasks started.alibaba-us-east-1-alibaba-gemm-512-512-435: 2500/2500 tasks started.gcp-us-east1-gcp-gemm-512-512-424: 2500/2500 tasks started.azure-germanywestcentral-azure-gemm-512-512-259: 2089/2500 tasks started.
[2025-12-02T05:01:12Z] [[36minfo[0m] [progress_update] alibaba-us-east-1-alibaba-gemm-512-512-435: 2500/2500 tasks started.gcp-us-east1-gcp-gemm-512-512-424: 2500/2500 tasks started.azure-germanywestcentral-azure-gemm-512-512-259: 2092/2500 tasks started.aws-us-east-1-aws-gemm-512-512-870: 2500/2500 tasks started.
[2025-12-02T05:01:22Z] [[36minfo[0m] [progress_update] aws-us-east-1-aws-gemm-512-512-870: 2500/2500 tasks started.alibaba-us-east-1-alibaba-gemm-512-512-435: 2500/2500 tasks started.gcp-us-east1-gcp-gemm-512-512-424: 2500/2500 tasks started.azure-germanywestcentral-azure-gemm-512-512-259: 2113/2500 tasks started.
[2025-12-02T05:01:32Z] [[36minfo[0m] [progress_update] aws-us-east-1-aws-gemm-512-512-870: 2500/2500 tasks started.alibaba-us-east-1-alibaba-gemm-512-512-435: 2500/2500 tasks started.gcp-us-east1-gcp-gemm-512-512-424: 2500/2500 tasks started.azure-germanywestcentral-azure-gemm-512-512-259: 2130/2500 tasks started.
[2025-12-02T05:01:42Z] [[36minfo[0m] [progress_update] aws-us-east-1-aws-gemm-512-512-870: 2500/2500 tasks started.alibaba-us-east-1-alibaba-gemm-512-512-435: 2500/2500 tasks started.gcp-us-east1-gcp-gemm-512-512-424: 2500/2500 tasks started.azure-germanywestcentral-azure-gemm-512-512-259: 2148/2500 tasks started.
[2025-12-02T05:01:52Z] [[36minfo[0m] [progress_update] alibaba-us-east-1-alibaba-gemm-512-512-435: 2500/2500 tasks started.gcp-us-east1-gcp-gemm-512-512-424: 2500/2500 tasks started.azure-germanywestcentral-azure-gemm-512-512-259: 2154/2500 tasks started.aws-us-east-1-aws-gemm-512-512-870: 2500/2500 tasks started.
[2025-12-02T05:02:02Z] [[36minfo[0m] [progress_update] aws-us-east-1-aws-gemm-512-512-870: 2500/2500 tasks started.alibaba-us-east-1-alibaba-gemm-512-512-435: 2500/2500 tasks started.gcp-us-east1-gcp-gemm-512-512-424: 2500/2500 tasks started.azure-germanywestcentral-azure-gemm-512-512-259: 2434/2500 tasks started.
[2025-12-02T05:02:12Z] [[36minfo[0m] [progress_update] aws-us-east-1-aws-gemm-512-512-870: 2500/2500 tasks started.alibaba-us-east-1-alibaba-gemm-512-512-435: 2500/2500 tasks started.gcp-us-east1-gcp-gemm-512-512-424: 2500/2500 tasks started.azure-germanywestcentral-azure-gemm-512-512-259: 2500/2500 tasks started.
[2025-12-02T05:02:22Z] [[36minfo[0m] [progress_update] alibaba-us-east-1-alibaba-gemm-512-512-435: 2500/2500 tasks started.gcp-us-east1-gcp-gemm-512-512-424: 2500/2500 tasks started.azure-germanywestcentral-azure-gemm-512-512-259: 2500/2500 tasks started.aws-us-east-1-aws-gemm-512-512-870: 2500/2500 tasks started.
[2025-12-02T05:02:32Z] [[36minfo[0m] [progress_update] aws-us-east-1-aws-gemm-512-512-870: 2500/2500 tasks started.alibaba-us-east-1-alibaba-gemm-512-512-435: 2500/2500 tasks started.gcp-us-east1-gcp-gemm-512-512-424: 2500/2500 tasks started.azure-germanywestcentral-azure-gemm-512-512-259: 2500/2500 tasks started.
[2025-12-02T05:02:42Z] [[36minfo[0m] [progress_update] azure-germanywestcentral-azure-gemm-512-512-259: 2500/2500 tasks started.aws-us-east-1-aws-gemm-512-512-870: 2500/2500 tasks started.alibaba-us-east-1-alibaba-gemm-512-512-435: 2500/2500 tasks started.gcp-us-east1-gcp-gemm-512-512-424: 2500/2500 tasks started.
[2025-12-02T05:02:52Z] [[36minfo[0m] [progress_update] gcp-us-east1-gcp-gemm-512-512-424: 2500/2500 tasks started.azure-germanywestcentral-azure-gemm-512-512-259: 2500/2500 tasks started.aws-us-east-1-aws-gemm-512-512-870: 2500/2500 tasks started.alibaba-us-east-1-alibaba-gemm-512-512-435: 2500/2500 tasks started.
[2025-12-02T05:03:02Z] [[36minfo[0m] [progress_update] azure-germanywestcentral-azure-gemm-512-512-259: 2500/2500 tasks started.aws-us-east-1-aws-gemm-512-512-870: 2500/2500 tasks started.alibaba-us-east-1-alibaba-gemm-512-512-435: 2500/2500 tasks started.gcp-us-east1-gcp-gemm-512-512-424: 2500/2500 tasks started.
[2025-12-02T05:03:12Z] [[36minfo[0m] [progress_update] azure-germanywestcentral-azure-gemm-512-512-259: 2500/2500 tasks started.aws-us-east-1-aws-gemm-512-512-870: 2500/2500 tasks started.alibaba-us-east-1-alibaba-gemm-512-512-435: 2500/2500 tasks started.gcp-us-east1-gcp-gemm-512-512-424: 2500/2500 tasks started.
[2025-12-02T05:03:22Z] [[36minfo[0m] [progress_update] gcp-us-east1-gcp-gemm-512-512-424: 2500/2500 tasks started.azure-germanywestcentral-azure-gemm-512-512-259: 2500/2500 tasks started.aws-us-east-1-aws-gemm-512-512-870: 2500/2500 tasks started.alibaba-us-east-1-alibaba-gemm-512-512-435: 2500/2500 tasks started.
[2025-12-02T05:03:32Z] [[36minfo[0m] [progress_update] aws-us-east-1-aws-gemm-512-512-870: 2500/2500 tasks started.alibaba-us-east-1-alibaba-gemm-512-512-435: 2500/2500 tasks started.gcp-us-east1-gcp-gemm-512-512-424: 2500/2500 tasks started.azure-germanywestcentral-azure-gemm-512-512-259: 2500/2500 tasks started.
[2025-12-02T05:03:42Z] [[36minfo[0m] [progress_update] alibaba-us-east-1-alibaba-gemm-512-512-435: 2500/2500 tasks started.gcp-us-east1-gcp-gemm-512-512-424: 2500/2500 tasks started.azure-germanywestcentral-azure-gemm-512-512-259: 2500/2500 tasks started.aws-us-east-1-aws-gemm-512-512-870: 2500/2500 tasks started.
[2025-12-02T05:03:52Z] [[36minfo[0m] [progress_update] aws-us-east-1-aws-gemm-512-512-870: 2500/2500 tasks started.alibaba-us-east-1-alibaba-gemm-512-512-435: 2500/2500 tasks started.gcp-us-east1-gcp-gemm-512-512-424: 2500/2500 tasks started.azure-germanywestcentral-azure-gemm-512-512-259: 2500/2500 tasks started.
[2025-12-02T05:04:02Z] [[36minfo[0m] [progress_update] azure-germanywestcentral-azure-gemm-512-512-259: 2500/2500 tasks started.aws-us-east-1-aws-gemm-512-512-870: 2500/2500 tasks started.alibaba-us-east-1-alibaba-gemm-512-512-435: 2500/2500 tasks started.gcp-us-east1-gcp-gemm-512-512-424: 2500/2500 tasks started.
[2025-12-02T05:04:12Z] [[36minfo[0m] [progress_update] aws-us-east-1-aws-gemm-512-512-870: 2500/2500 tasks started.alibaba-us-east-1-alibaba-gemm-512-512-435: 2500/2500 tasks started.gcp-us-east1-gcp-gemm-512-512-424: 2500/2500 tasks started.azure-germanywestcentral-azure-gemm-512-512-259: 2500/2500 tasks started.
[2025-12-02T05:04:22Z] [[36minfo[0m] [progress_update] aws-us-east-1-aws-gemm-512-512-870: 2500/2500 tasks started.alibaba-us-east-1-alibaba-gemm-512-512-435: 2500/2500 tasks started.gcp-us-east1-gcp-gemm-512-512-424: 2500/2500 tasks started.azure-germanywestcentral-azure-gemm-512-512-259: 2500/2500 tasks started.
[2025-12-02T05:04:24Z] [[31merror[0m] [task_execution] Error executing task azure-gemm-512: task azure-gemm-512 failed after 7 retries: <nil>
[2025-12-02T05:04:24Z] [[31merror[0m] [task_execution] Error executing task azure-gemm-512: task azure-gemm-512 failed after 7 retries: <nil>
[2025-12-02T05:04:25Z] [[31merror[0m] [task_execution] Error executing task azure-gemm-512: task azure-gemm-512 failed after 7 retries: <nil>
[2025-12-02T05:04:25Z] [[31merror[0m] [task_execution] Error executing task azure-gemm-512: task azure-gemm-512 failed after 7 retries: <nil>
[2025-12-02T05:04:29Z] [[31merror[0m] [task_execution] Error executing task alibaba-gemm-512: task alibaba-gemm-512 failed after 7 retries: <nil>
[2025-12-02T05:04:32Z] [[36minfo[0m] [progress_update] aws-us-east-1-aws-gemm-512-512-870: 2500/2500 tasks started.alibaba-us-east-1-alibaba-gemm-512-512-435: 2500/2500 tasks started.gcp-us-east1-gcp-gemm-512-512-424: 2500/2500 tasks started.azure-germanywestcentral-azure-gemm-512-512-259: 2500/2500 tasks started.
[2025-12-02T05:04:34Z] [[36minfo[0m] [function_finished] Finished benchmarking function alibaba-gemm-512 and closed archiver
[2025-12-02T05:04:41Z] [[31merror[0m] [task_execution] Error executing task azure-gemm-512: task azure-gemm-512 failed after 7 retries: <nil>
[2025-12-02T05:04:41Z] [[31merror[0m] [task_execution] Error executing task azure-gemm-512: task azure-gemm-512 failed after 7 retries: <nil>
[2025-12-02T05:04:41Z] [[31merror[0m] [task_execution] Error executing task azure-gemm-512: task azure-gemm-512 failed after 7 retries: <nil>
[2025-12-02T05:04:41Z] [[31merror[0m] [task_execution] Error executing task azure-gemm-512: task azure-gemm-512 failed after 7 retries: <nil>
[2025-12-02T05:04:41Z] [[31merror[0m] [task_execution] Error executing task azure-gemm-512: task azure-gemm-512 failed after 7 retries: <nil>
[2025-12-02T05:04:42Z] [[36minfo[0m] [progress_update] aws-us-east-1-aws-gemm-512-512-870: 2500/2500 tasks started.alibaba-us-east-1-alibaba-gemm-512-512-435: 2500/2500 tasks started.gcp-us-east1-gcp-gemm-512-512-424: 2500/2500 tasks started.azure-germanywestcentral-azure-gemm-512-512-259: 2500/2500 tasks started.
[2025-12-02T05:04:42Z] [[31merror[0m] [task_execution] Error executing task azure-gemm-512: task azure-gemm-512 failed after 7 retries: <nil>
[2025-12-02T05:04:42Z] [[31merror[0m] [task_execution] Error executing task azure-gemm-512: task azure-gemm-512 failed after 7 retries: <nil>
[2025-12-02T05:04:42Z] [[31merror[0m] [task_execution] Error executing task azure-gemm-512: task azure-gemm-512 failed after 7 retries: <nil>
[2025-12-02T05:04:42Z] [[31merror[0m] [task_execution] Error executing task azure-gemm-512: task azure-gemm-512 failed after 7 retries: <nil>
[2025-12-02T05:04:42Z] [[31merror[0m] [task_execution] Error executing task azure-gemm-512: task azure-gemm-512 failed after 7 retries: <nil>
[2025-12-02T05:04:52Z] [[36minfo[0m] [progress_update] alibaba-us-east-1-alibaba-gemm-512-512-435: 2500/2500 tasks started.gcp-us-east1-gcp-gemm-512-512-424: 2500/2500 tasks started.azure-germanywestcentral-azure-gemm-512-512-259: 2500/2500 tasks started.aws-us-east-1-aws-gemm-512-512-870: 2500/2500 tasks started.
[2025-12-02T05:04:54Z] [[31merror[0m] [task_execution] Error executing task azure-gemm-512: task azure-gemm-512 failed after 7 retries: <nil>
[2025-12-02T05:04:57Z] [[31merror[0m] [task_execution] Error executing task azure-gemm-512: task azure-gemm-512 failed after 7 retries: <nil>
[2025-12-02T05:04:57Z] [[31merror[0m] [task_execution] Error executing task azure-gemm-512: task azure-gemm-512 failed after 7 retries: <nil>
[2025-12-02T05:04:57Z] [[31merror[0m] [task_execution] Error executing task azure-gemm-512: task azure-gemm-512 failed after 7 retries: <nil>
[2025-12-02T05:04:57Z] [[31merror[0m] [task_execution] Error executing task azure-gemm-512: task azure-gemm-512 failed after 7 retries: <nil>
[2025-12-02T05:04:57Z] [[31merror[0m] [task_execution] Error executing task azure-gemm-512: task azure-gemm-512 failed after 7 retries: <nil>
[2025-12-02T05:04:58Z] [[31merror[0m] [task_execution] Error executing task azure-gemm-512: task azure-gemm-512 failed after 7 retries: <nil>
[2025-12-02T05:04:58Z] [[31merror[0m] [task_execution] Error executing task azure-gemm-512: task azure-gemm-512 failed after 7 retries: <nil>
[2025-12-02T05:04:58Z] [[31merror[0m] [task_execution] Error executing task azure-gemm-512: task azure-gemm-512 failed after 7 retries: <nil>
[2025-12-02T05:04:58Z] [[31merror[0m] [task_execution] Error executing task azure-gemm-512: task azure-gemm-512 failed after 7 retries: <nil>
[2025-12-02T05:04:58Z] [[31merror[0m] [task_execution] Error executing task azure-gemm-512: task azure-gemm-512 failed after 7 retries: <nil>
[2025-12-02T05:04:58Z] [[31merror[0m] [task_execution] Error executing task azure-gemm-512: task azure-gemm-512 failed after 7 retries: <nil>
[2025-12-02T05:04:58Z] [[31merror[0m] [task_execution] Error executing task azure-gemm-512: task azure-gemm-512 failed after 7 retries: <nil>
[2025-12-02T05:04:58Z] [[31merror[0m] [task_execution] Error executing task azure-gemm-512: task azure-gemm-512 failed after 7 retries: <nil>
[2025-12-02T05:04:58Z] [[31merror[0m] [task_execution] Error executing task azure-gemm-512: task azure-gemm-512 failed after 7 retries: <nil>
[2025-12-02T05:04:58Z] [[31merror[0m] [task_execution] Error executing task azure-gemm-512: task azure-gemm-512 failed after 7 retries: <nil>
[2025-12-02T05:04:58Z] [[31merror[0m] [task_execution] Error executing task azure-gemm-512: task azure-gemm-512 failed after 7 retries: <nil>
[2025-12-02T05:04:58Z] [[31merror[0m] [task_execution] Error executing task azure-gemm-512: task azure-gemm-512 failed after 7 retries: <nil>
[2025-12-02T05:04:58Z] [[31merror[0m] [task_execution] Error executing task azure-gemm-512: task azure-gemm-512 failed after 7 retries: <nil>
[2025-12-02T05:04:58Z] [[31merror[0m] [task_execution] Error executing task azure-gemm-512: task azure-gemm-512 failed after 7 retries: <nil>
[2025-12-02T05:04:58Z] [[31merror[0m] [task_execution] Error executing task azure-gemm-512: task azure-gemm-512 failed after 7 retries: <nil>
[2025-12-02T05:04:58Z] [[31merror[0m] [task_execution] Error executing task azure-gemm-512: task azure-gemm-512 failed after 7 retries: <nil>
[2025-12-02T05:04:59Z] [[31merror[0m] [task_execution] Error executing task azure-gemm-512: task azure-gemm-512 failed after 7 retries: <nil>
[2025-12-02T05:04:59Z] [[31merror[0m] [task_execution] Error executing task azure-gemm-512: task azure-gemm-512 failed after 7 retries: <nil>
[2025-12-02T05:04:59Z] [[31merror[0m] [task_execution] Error executing task azure-gemm-512: task azure-gemm-512 failed after 7 retries: <nil>
[2025-12-02T05:04:59Z] [[31merror[0m] [task_execution] Error executing task azure-gemm-512: task azure-gemm-512 failed after 7 retries: <nil>
[2025-12-02T05:04:59Z] [[31merror[0m] [task_execution] Error executing task azure-gemm-512: task azure-gemm-512 failed after 7 retries: <nil>
[2025-12-02T05:04:59Z] [[31merror[0m] [task_execution] Error executing task azure-gemm-512: task azure-gemm-512 failed after 7 retries: <nil>
[2025-12-02T05:04:59Z] [[31merror[0m] [task_execution] Error executing task azure-gemm-512: task azure-gemm-512 failed after 7 retries: <nil>
[2025-12-02T05:04:59Z] [[31merror[0m] [task_execution] Error executing task azure-gemm-512: task azure-gemm-512 failed after 7 retries: <nil>
[2025-12-02T05:04:59Z] [[31merror[0m] [task_execution] Error executing task azure-gemm-512: task azure-gemm-512 failed after 7 retries: <nil>
[2025-12-02T05:04:59Z] [[31merror[0m] [task_execution] Error executing task azure-gemm-512: task azure-gemm-512 failed after 7 retries: <nil>
[2025-12-02T05:04:59Z] [[31merror[0m] [task_execution] Error executing task azure-gemm-512: task azure-gemm-512 failed after 7 retries: <nil>
[2025-12-02T05:04:59Z] [[31merror[0m] [task_execution] Error executing task azure-gemm-512: task azure-gemm-512 failed after 7 retries: <nil>
[2025-12-02T05:04:59Z] [[31merror[0m] [task_execution] Error executing task azure-gemm-512: task azure-gemm-512 failed after 7 retries: <nil>
[2025-12-02T05:04:59Z] [[31merror[0m] [task_execution] Error executing task azure-gemm-512: task azure-gemm-512 failed after 7 retries: <nil>
[2025-12-02T05:05:00Z] [[31merror[0m] [task_execution] Error executing task azure-gemm-512: task azure-gemm-512 failed after 7 retries: <nil>
[2025-12-02T05:05:00Z] [[31merror[0m] [task_execution] Error executing task azure-gemm-512: task azure-gemm-512 failed after 7 retries: <nil>
[2025-12-02T05:05:00Z] [[31merror[0m] [task_execution] Error executing task azure-gemm-512: task azure-gemm-512 failed after 7 retries: <nil>
[2025-12-02T05:05:00Z] [[31merror[0m] [task_execution] Error executing task azure-gemm-512: task azure-gemm-512 failed after 7 retries: <nil>
[2025-12-02T05:05:00Z] [[31merror[0m] [task_execution] Error executing task azure-gemm-512: task azure-gemm-512 failed after 7 retries: <nil>
[2025-12-02T05:05:00Z] [[31merror[0m] [task_execution] Error executing task azure-gemm-512: task azure-gemm-512 failed after 7 retries: <nil>
[2025-12-02T05:05:00Z] [[31merror[0m] [task_execution] Error executing task azure-gemm-512: task azure-gemm-512 failed after 7 retries: <nil>
[2025-12-02T05:05:00Z] [[31merror[0m] [task_execution] Error executing task azure-gemm-512: task azure-gemm-512 failed after 7 retries: <nil>
[2025-12-02T05:05:00Z] [[31merror[0m] [task_execution] Error executing task azure-gemm-512: task azure-gemm-512 failed after 7 retries: <nil>
[2025-12-02T05:05:00Z] [[31merror[0m] [task_execution] Error executing task azure-gemm-512: task azure-gemm-512 failed after 7 retries: <nil>
[2025-12-02T05:05:00Z] [[31merror[0m] [task_execution] Error executing task azure-gemm-512: task azure-gemm-512 failed after 7 retries: <nil>
[2025-12-02T05:05:00Z] [[31merror[0m] [task_execution] Error executing task azure-gemm-512: task azure-gemm-512 failed after 7 retries: <nil>
[2025-12-02T05:05:00Z] [[31merror[0m] [task_execution] Error executing task azure-gemm-512: task azure-gemm-512 failed after 7 retries: <nil>
[2025-12-02T05:05:01Z] [[31merror[0m] [task_execution] Error executing task azure-gemm-512: task azure-gemm-512 failed after 7 retries: <nil>
[2025-12-02T05:05:01Z] [[31merror[0m] [task_execution] Error executing task azure-gemm-512: task azure-gemm-512 failed after 7 retries: <nil>
[2025-12-02T05:05:01Z] [[31merror[0m] [task_execution] Error executing task azure-gemm-512: task azure-gemm-512 failed after 7 retries: <nil>
[2025-12-02T05:05:01Z] [[31merror[0m] [task_execution] Error executing task azure-gemm-512: task azure-gemm-512 failed after 7 retries: <nil>
[2025-12-02T05:05:01Z] [[31merror[0m] [task_execution] Error executing task azure-gemm-512: task azure-gemm-512 failed after 7 retries: <nil>
[2025-12-02T05:05:01Z] [[31merror[0m] [task_execution] Error executing task azure-gemm-512: task azure-gemm-512 failed after 7 retries: <nil>
[2025-12-02T05:05:01Z] [[31merror[0m] [task_execution] Error executing task azure-gemm-512: task azure-gemm-512 failed after 7 retries: <nil>
[2025-12-02T05:05:01Z] [[31merror[0m] [task_execution] Error executing task azure-gemm-512: task azure-gemm-512 failed after 7 retries: <nil>
[2025-12-02T05:05:01Z] [[31merror[0m] [task_execution] Error executing task azure-gemm-512: task azure-gemm-512 failed after 7 retries: <nil>
[2025-12-02T05:05:02Z] [[31merror[0m] [task_execution] Error executing task azure-gemm-512: task azure-gemm-512 failed after 7 retries: <nil>
[2025-12-02T05:05:02Z] [[31merror[0m] [task_execution] Error executing task azure-gemm-512: task azure-gemm-512 failed after 7 retries: <nil>
[2025-12-02T05:05:02Z] [[36minfo[0m] [progress_update] aws-us-east-1-aws-gemm-512-512-870: 2500/2500 tasks started.alibaba-us-east-1-alibaba-gemm-512-512-435: 2500/2500 tasks started.gcp-us-east1-gcp-gemm-512-512-424: 2500/2500 tasks started.azure-germanywestcentral-azure-gemm-512-512-259: 2500/2500 tasks started.
[2025-12-02T05:05:02Z] [[31merror[0m] [task_execution] Error executing task azure-gemm-512: task azure-gemm-512 failed after 7 retries: <nil>
[2025-12-02T05:05:02Z] [[31merror[0m] [task_execution] Error executing task azure-gemm-512: task azure-gemm-512 failed after 7 retries: <nil>
[2025-12-02T05:05:02Z] [[31merror[0m] [task_execution] Error executing task azure-gemm-512: task azure-gemm-512 failed after 7 retries: <nil>
[2025-12-02T05:05:02Z] [[31merror[0m] [task_execution] Error executing task azure-gemm-512: task azure-gemm-512 failed after 7 retries: <nil>
[2025-12-02T05:05:02Z] [[31merror[0m] [task_execution] Error executing task azure-gemm-512: task azure-gemm-512 failed after 7 retries: <nil>
[2025-12-02T05:05:12Z] [[36minfo[0m] [progress_update] alibaba-us-east-1-alibaba-gemm-512-512-435: 2500/2500 tasks started.gcp-us-east1-gcp-gemm-512-512-424: 2500/2500 tasks started.azure-germanywestcentral-azure-gemm-512-512-259: 2500/2500 tasks started.aws-us-east-1-aws-gemm-512-512-870: 2500/2500 tasks started.
[2025-12-02T05:05:22Z] [[36minfo[0m] [progress_update] azure-germanywestcentral-azure-gemm-512-512-259: 2500/2500 tasks started.aws-us-east-1-aws-gemm-512-512-870: 2500/2500 tasks started.alibaba-us-east-1-alibaba-gemm-512-512-435: 2500/2500 tasks started.gcp-us-east1-gcp-gemm-512-512-424: 2500/2500 tasks started.
[2025-12-02T05:05:29Z] [[31merror[0m] [task_execution] Error executing task azure-gemm-512: task azure-gemm-512 failed after 7 retries: <nil>
[2025-12-02T05:05:32Z] [[36minfo[0m] [progress_update] azure-germanywestcentral-azure-gemm-512-512-259: 2500/2500 tasks started.aws-us-east-1-aws-gemm-512-512-870: 2500/2500 tasks started.alibaba-us-east-1-alibaba-gemm-512-512-435: 2500/2500 tasks started.gcp-us-east1-gcp-gemm-512-512-424: 2500/2500 tasks started.
[2025-12-02T05:05:34Z] [[36minfo[0m] [function_finished] Finished benchmarking function azure-gemm-512 and closed archiver
[2025-12-02T05:05:36Z] [[36minfo[0m] [finish_timeline] Benchmark Timeline
[Tue Dec  2 05:05:36 UTC 2025] Finished benchmark 'gemm' successfully
[Tue Dec  2 05:05:36 UTC 2025] Sleeping 600 seconds before next workload...
