[Tue Dec  2 11:47:03 UTC 2025] Starting benchmark 'json' with config './configs/json.yaml'
Validating functions...
[2025-12-02T11:47:03Z] [[36minfo[0m] [executor_setup] Setting up executor for aws-us-east-1-aws-json-512-512-343
[2025-12-02T11:47:03Z] [[36minfo[0m] [executor_setup] Setting up executor for alibaba-us-east-1-alibaba-json-512-512-993
[2025-12-02T11:47:03Z] [[36minfo[0m] [executor_setup] Setting up executor for azure-germanywestcentral-azure-json-512-512-299
[2025-12-02T11:47:03Z] [[0mwarning[0m] [[32mazure_limitations[0m] Azure can´t handle more than 300 parallel requests. Limiting to 300.
[2025-12-02T11:47:03Z] [[36minfo[0m] [executor_setup] Setting up executor for gcp-us-east1-gcp-json-512-512-91
[2025-12-02T11:47:03Z] [[36minfo[0m] [start_timeline] Benchmark Timeline
[2025-12-02T11:47:03Z] [[36minfo[0m] [load_generator_start] (gcp: us-east1) Starting load generator with 300 workers
[2025-12-02T11:47:03Z] [[36minfo[0m] [load_generator_start] (azure: germanywestcentral) Starting load generator with 300 workers
[2025-12-02T11:47:03Z] [[36minfo[0m] [load_generator_start] (aws: us-east-1) Starting load generator with 500 workers
[2025-12-02T11:47:03Z] [[36minfo[0m] [load_generator_start] (alibaba: us-east-1) Starting load generator with 500 workers
[2025-12-02T11:47:13Z] [[36minfo[0m] [progress_update] aws-us-east-1-aws-json-512-512-343: 1699/2500 tasks started.alibaba-us-east-1-alibaba-json-512-512-993: 1668/2500 tasks started.azure-germanywestcentral-azure-json-512-512-299: 707/2500 tasks started.gcp-us-east1-gcp-json-512-512-91: 1063/2500 tasks started.
[2025-12-02T11:47:23Z] [[36minfo[0m] [progress_update] aws-us-east-1-aws-json-512-512-343: 2500/2500 tasks started.alibaba-us-east-1-alibaba-json-512-512-993: 2500/2500 tasks started.azure-germanywestcentral-azure-json-512-512-299: 718/2500 tasks started.gcp-us-east1-gcp-json-512-512-91: 2077/2500 tasks started.
[2025-12-02T11:47:29Z] [[36minfo[0m] [function_finished] Finished benchmarking function aws-json-512 and closed archiver
[2025-12-02T11:47:33Z] [[36minfo[0m] [progress_update] gcp-us-east1-gcp-json-512-512-91: 2500/2500 tasks started.aws-us-east-1-aws-json-512-512-343: 2500/2500 tasks started.alibaba-us-east-1-alibaba-json-512-512-993: 2500/2500 tasks started.azure-germanywestcentral-azure-json-512-512-299: 1370/2500 tasks started.
[2025-12-02T11:47:43Z] [[36minfo[0m] [progress_update] aws-us-east-1-aws-json-512-512-343: 2500/2500 tasks started.alibaba-us-east-1-alibaba-json-512-512-993: 2500/2500 tasks started.azure-germanywestcentral-azure-json-512-512-299: 1961/2500 tasks started.gcp-us-east1-gcp-json-512-512-91: 2500/2500 tasks started.
[2025-12-02T11:47:48Z] [[36minfo[0m] [function_finished] Finished benchmarking function gcp-json-512 and closed archiver
[2025-12-02T11:47:53Z] [[36minfo[0m] [progress_update] azure-germanywestcentral-azure-json-512-512-299: 2474/2500 tasks started.gcp-us-east1-gcp-json-512-512-91: 2500/2500 tasks started.aws-us-east-1-aws-json-512-512-343: 2500/2500 tasks started.alibaba-us-east-1-alibaba-json-512-512-993: 2500/2500 tasks started.
[2025-12-02T11:48:03Z] [[36minfo[0m] [progress_update] azure-germanywestcentral-azure-json-512-512-299: 2489/2500 tasks started.gcp-us-east1-gcp-json-512-512-91: 2500/2500 tasks started.aws-us-east-1-aws-json-512-512-343: 2500/2500 tasks started.alibaba-us-east-1-alibaba-json-512-512-993: 2500/2500 tasks started.
[2025-12-02T11:48:13Z] [[36minfo[0m] [progress_update] aws-us-east-1-aws-json-512-512-343: 2500/2500 tasks started.alibaba-us-east-1-alibaba-json-512-512-993: 2500/2500 tasks started.azure-germanywestcentral-azure-json-512-512-299: 2500/2500 tasks started.gcp-us-east1-gcp-json-512-512-91: 2500/2500 tasks started.
[2025-12-02T11:48:23Z] [[36minfo[0m] [progress_update] aws-us-east-1-aws-json-512-512-343: 2500/2500 tasks started.alibaba-us-east-1-alibaba-json-512-512-993: 2500/2500 tasks started.azure-germanywestcentral-azure-json-512-512-299: 2500/2500 tasks started.gcp-us-east1-gcp-json-512-512-91: 2500/2500 tasks started.
[2025-12-02T11:48:33Z] [[36minfo[0m] [progress_update] alibaba-us-east-1-alibaba-json-512-512-993: 2500/2500 tasks started.azure-germanywestcentral-azure-json-512-512-299: 2500/2500 tasks started.gcp-us-east1-gcp-json-512-512-91: 2500/2500 tasks started.aws-us-east-1-aws-json-512-512-343: 2500/2500 tasks started.
[2025-12-02T11:48:43Z] [[36minfo[0m] [progress_update] aws-us-east-1-aws-json-512-512-343: 2500/2500 tasks started.alibaba-us-east-1-alibaba-json-512-512-993: 2500/2500 tasks started.azure-germanywestcentral-azure-json-512-512-299: 2500/2500 tasks started.gcp-us-east1-gcp-json-512-512-91: 2500/2500 tasks started.
[2025-12-02T11:48:53Z] [[36minfo[0m] [progress_update] aws-us-east-1-aws-json-512-512-343: 2500/2500 tasks started.alibaba-us-east-1-alibaba-json-512-512-993: 2500/2500 tasks started.azure-germanywestcentral-azure-json-512-512-299: 2500/2500 tasks started.gcp-us-east1-gcp-json-512-512-91: 2500/2500 tasks started.
[2025-12-02T11:49:03Z] [[36minfo[0m] [progress_update] aws-us-east-1-aws-json-512-512-343: 2500/2500 tasks started.alibaba-us-east-1-alibaba-json-512-512-993: 2500/2500 tasks started.azure-germanywestcentral-azure-json-512-512-299: 2500/2500 tasks started.gcp-us-east1-gcp-json-512-512-91: 2500/2500 tasks started.
[2025-12-02T11:49:13Z] [[36minfo[0m] [progress_update] aws-us-east-1-aws-json-512-512-343: 2500/2500 tasks started.alibaba-us-east-1-alibaba-json-512-512-993: 2500/2500 tasks started.azure-germanywestcentral-azure-json-512-512-299: 2500/2500 tasks started.gcp-us-east1-gcp-json-512-512-91: 2500/2500 tasks started.
[2025-12-02T11:49:23Z] [[36minfo[0m] [progress_update] aws-us-east-1-aws-json-512-512-343: 2500/2500 tasks started.alibaba-us-east-1-alibaba-json-512-512-993: 2500/2500 tasks started.azure-germanywestcentral-azure-json-512-512-299: 2500/2500 tasks started.gcp-us-east1-gcp-json-512-512-91: 2500/2500 tasks started.
[2025-12-02T11:49:25Z] [[36minfo[0m] [function_finished] Finished benchmarking function alibaba-json-512 and closed archiver
[2025-12-02T11:49:33Z] [[36minfo[0m] [progress_update] aws-us-east-1-aws-json-512-512-343: 2500/2500 tasks started.alibaba-us-east-1-alibaba-json-512-512-993: 2500/2500 tasks started.azure-germanywestcentral-azure-json-512-512-299: 2500/2500 tasks started.gcp-us-east1-gcp-json-512-512-91: 2500/2500 tasks started.
[2025-12-02T11:49:43Z] [[36minfo[0m] [progress_update] aws-us-east-1-aws-json-512-512-343: 2500/2500 tasks started.alibaba-us-east-1-alibaba-json-512-512-993: 2500/2500 tasks started.azure-germanywestcentral-azure-json-512-512-299: 2500/2500 tasks started.gcp-us-east1-gcp-json-512-512-91: 2500/2500 tasks started.
[2025-12-02T11:49:53Z] [[36minfo[0m] [progress_update] aws-us-east-1-aws-json-512-512-343: 2500/2500 tasks started.alibaba-us-east-1-alibaba-json-512-512-993: 2500/2500 tasks started.azure-germanywestcentral-azure-json-512-512-299: 2500/2500 tasks started.gcp-us-east1-gcp-json-512-512-91: 2500/2500 tasks started.
[2025-12-02T11:50:03Z] [[36minfo[0m] [progress_update] alibaba-us-east-1-alibaba-json-512-512-993: 2500/2500 tasks started.azure-germanywestcentral-azure-json-512-512-299: 2500/2500 tasks started.gcp-us-east1-gcp-json-512-512-91: 2500/2500 tasks started.aws-us-east-1-aws-json-512-512-343: 2500/2500 tasks started.
[2025-12-02T11:50:13Z] [[36minfo[0m] [progress_update] azure-germanywestcentral-azure-json-512-512-299: 2500/2500 tasks started.gcp-us-east1-gcp-json-512-512-91: 2500/2500 tasks started.aws-us-east-1-aws-json-512-512-343: 2500/2500 tasks started.alibaba-us-east-1-alibaba-json-512-512-993: 2500/2500 tasks started.
[2025-12-02T11:50:23Z] [[36minfo[0m] [progress_update] aws-us-east-1-aws-json-512-512-343: 2500/2500 tasks started.alibaba-us-east-1-alibaba-json-512-512-993: 2500/2500 tasks started.azure-germanywestcentral-azure-json-512-512-299: 2500/2500 tasks started.gcp-us-east1-gcp-json-512-512-91: 2500/2500 tasks started.
[2025-12-02T11:50:33Z] [[36minfo[0m] [progress_update] aws-us-east-1-aws-json-512-512-343: 2500/2500 tasks started.alibaba-us-east-1-alibaba-json-512-512-993: 2500/2500 tasks started.azure-germanywestcentral-azure-json-512-512-299: 2500/2500 tasks started.gcp-us-east1-gcp-json-512-512-91: 2500/2500 tasks started.
[2025-12-02T11:50:43Z] [[36minfo[0m] [progress_update] alibaba-us-east-1-alibaba-json-512-512-993: 2500/2500 tasks started.azure-germanywestcentral-azure-json-512-512-299: 2500/2500 tasks started.gcp-us-east1-gcp-json-512-512-91: 2500/2500 tasks started.aws-us-east-1-aws-json-512-512-343: 2500/2500 tasks started.
[2025-12-02T11:50:53Z] [[36minfo[0m] [progress_update] aws-us-east-1-aws-json-512-512-343: 2500/2500 tasks started.alibaba-us-east-1-alibaba-json-512-512-993: 2500/2500 tasks started.azure-germanywestcentral-azure-json-512-512-299: 2500/2500 tasks started.gcp-us-east1-gcp-json-512-512-91: 2500/2500 tasks started.
[2025-12-02T11:51:03Z] [[36minfo[0m] [progress_update] aws-us-east-1-aws-json-512-512-343: 2500/2500 tasks started.alibaba-us-east-1-alibaba-json-512-512-993: 2500/2500 tasks started.azure-germanywestcentral-azure-json-512-512-299: 2500/2500 tasks started.gcp-us-east1-gcp-json-512-512-91: 2500/2500 tasks started.
[2025-12-02T11:51:13Z] [[36minfo[0m] [progress_update] gcp-us-east1-gcp-json-512-512-91: 2500/2500 tasks started.aws-us-east-1-aws-json-512-512-343: 2500/2500 tasks started.alibaba-us-east-1-alibaba-json-512-512-993: 2500/2500 tasks started.azure-germanywestcentral-azure-json-512-512-299: 2500/2500 tasks started.
[2025-12-02T11:51:23Z] [[36minfo[0m] [progress_update] alibaba-us-east-1-alibaba-json-512-512-993: 2500/2500 tasks started.azure-germanywestcentral-azure-json-512-512-299: 2500/2500 tasks started.gcp-us-east1-gcp-json-512-512-91: 2500/2500 tasks started.aws-us-east-1-aws-json-512-512-343: 2500/2500 tasks started.
[2025-12-02T11:51:33Z] [[36minfo[0m] [progress_update] gcp-us-east1-gcp-json-512-512-91: 2500/2500 tasks started.aws-us-east-1-aws-json-512-512-343: 2500/2500 tasks started.alibaba-us-east-1-alibaba-json-512-512-993: 2500/2500 tasks started.azure-germanywestcentral-azure-json-512-512-299: 2500/2500 tasks started.
[2025-12-02T11:51:43Z] [[36minfo[0m] [progress_update] aws-us-east-1-aws-json-512-512-343: 2500/2500 tasks started.alibaba-us-east-1-alibaba-json-512-512-993: 2500/2500 tasks started.azure-germanywestcentral-azure-json-512-512-299: 2500/2500 tasks started.gcp-us-east1-gcp-json-512-512-91: 2500/2500 tasks started.
[2025-12-02T11:51:53Z] [[36minfo[0m] [progress_update] azure-germanywestcentral-azure-json-512-512-299: 2500/2500 tasks started.gcp-us-east1-gcp-json-512-512-91: 2500/2500 tasks started.aws-us-east-1-aws-json-512-512-343: 2500/2500 tasks started.alibaba-us-east-1-alibaba-json-512-512-993: 2500/2500 tasks started.
[2025-12-02T11:52:03Z] [[36minfo[0m] [progress_update] gcp-us-east1-gcp-json-512-512-91: 2500/2500 tasks started.aws-us-east-1-aws-json-512-512-343: 2500/2500 tasks started.alibaba-us-east-1-alibaba-json-512-512-993: 2500/2500 tasks started.azure-germanywestcentral-azure-json-512-512-299: 2500/2500 tasks started.
[2025-12-02T11:52:04Z] [[31merror[0m] [task_execution] Error executing task azure-json-512: task azure-json-512 failed after 7 retries: <nil>
[2025-12-02T11:52:05Z] [[31merror[0m] [task_execution] Error executing task azure-json-512: task azure-json-512 failed after 7 retries: <nil>
[2025-12-02T11:52:07Z] [[31merror[0m] [task_execution] Error executing task azure-json-512: task azure-json-512 failed after 7 retries: <nil>
[2025-12-02T11:52:12Z] [[36minfo[0m] [function_finished] Finished benchmarking function azure-json-512 and closed archiver
[2025-12-02T11:52:13Z] [[36minfo[0m] [progress_update] azure-germanywestcentral-azure-json-512-512-299: 2500/2500 tasks started.gcp-us-east1-gcp-json-512-512-91: 2500/2500 tasks started.aws-us-east-1-aws-json-512-512-343: 2500/2500 tasks started.alibaba-us-east-1-alibaba-json-512-512-993: 2500/2500 tasks started.
[2025-12-02T11:52:14Z] [[36minfo[0m] [finish_timeline] Benchmark Timeline
[Tue Dec  2 11:52:14 UTC 2025] Finished benchmark 'json' successfully
[Tue Dec  2 11:52:14 UTC 2025] Sleeping 600 seconds before next workload...
