[Sat Nov 29 17:14:32 UTC 2025] Starting benchmark 'gemm' with config './configs/gemm.yaml'
Validating functions...
[2025-11-29T17:14:32Z] [[36minfo[0m] [executor_setup] Setting up executor for aws-us-east-1-aws-gemm-512-512-9
[2025-11-29T17:14:32Z] [[36minfo[0m] [executor_setup] Setting up executor for alibaba-us-east-1-alibaba-gemm-512-512-28
[2025-11-29T17:14:32Z] [[36minfo[0m] [executor_setup] Setting up executor for gcp-us-east1-gcp-gemm-512-512-108
[2025-11-29T17:14:32Z] [[36minfo[0m] [executor_setup] Setting up executor for azure-germanywestcentral-azure-gemm-512-512-211
[2025-11-29T17:14:32Z] [[0mwarning[0m] [[32mazure_limitations[0m] Azure can´t handle more than 300 parallel requests. Limiting to 300.
[2025-11-29T17:14:32Z] [[36minfo[0m] [start_timeline] Benchmark Timeline
[2025-11-29T17:14:32Z] [[36minfo[0m] [load_generator_start] (aws: us-east-1) Starting load generator with 500 workers
[2025-11-29T17:14:32Z] [[36minfo[0m] [load_generator_start] (gcp: us-east1) Starting load generator with 500 workers
[2025-11-29T17:14:32Z] [[36minfo[0m] [load_generator_start] (alibaba: us-east-1) Starting load generator with 500 workers
[2025-11-29T17:14:32Z] [[36minfo[0m] [load_generator_start] (azure: germanywestcentral) Starting load generator with 300 workers
[2025-11-29T17:14:42Z] [[36minfo[0m] [progress_update] aws-us-east-1-aws-gemm-512-512-9: 1702/2500 tasks started.alibaba-us-east-1-alibaba-gemm-512-512-28: 1262/2500 tasks started.gcp-us-east1-gcp-gemm-512-512-108: 1874/2500 tasks started.azure-germanywestcentral-azure-gemm-512-512-211: 669/2500 tasks started.
[2025-11-29T17:14:52Z] [[36minfo[0m] [progress_update] alibaba-us-east-1-alibaba-gemm-512-512-28: 2324/2500 tasks started.gcp-us-east1-gcp-gemm-512-512-108: 2500/2500 tasks started.azure-germanywestcentral-azure-gemm-512-512-211: 669/2500 tasks started.aws-us-east-1-aws-gemm-512-512-9: 2500/2500 tasks started.
[2025-11-29T17:15:02Z] [[36minfo[0m] [function_finished] Finished benchmarking function aws-gemm-512 and closed archiver
[2025-11-29T17:15:02Z] [[36minfo[0m] [progress_update] aws-us-east-1-aws-gemm-512-512-9: 2500/2500 tasks started.alibaba-us-east-1-alibaba-gemm-512-512-28: 2500/2500 tasks started.gcp-us-east1-gcp-gemm-512-512-108: 2500/2500 tasks started.azure-germanywestcentral-azure-gemm-512-512-211: 1249/2500 tasks started.
[2025-11-29T17:15:09Z] [[36minfo[0m] [function_finished] Finished benchmarking function gcp-gemm-512 and closed archiver
[2025-11-29T17:15:12Z] [[36minfo[0m] [progress_update] aws-us-east-1-aws-gemm-512-512-9: 2500/2500 tasks started.alibaba-us-east-1-alibaba-gemm-512-512-28: 2500/2500 tasks started.gcp-us-east1-gcp-gemm-512-512-108: 2500/2500 tasks started.azure-germanywestcentral-azure-gemm-512-512-211: 1787/2500 tasks started.
[2025-11-29T17:15:22Z] [[36minfo[0m] [progress_update] gcp-us-east1-gcp-gemm-512-512-108: 2500/2500 tasks started.azure-germanywestcentral-azure-gemm-512-512-211: 2389/2500 tasks started.aws-us-east-1-aws-gemm-512-512-9: 2500/2500 tasks started.alibaba-us-east-1-alibaba-gemm-512-512-28: 2500/2500 tasks started.
[2025-11-29T17:15:32Z] [[36minfo[0m] [progress_update] alibaba-us-east-1-alibaba-gemm-512-512-28: 2500/2500 tasks started.gcp-us-east1-gcp-gemm-512-512-108: 2500/2500 tasks started.azure-germanywestcentral-azure-gemm-512-512-211: 2408/2500 tasks started.aws-us-east-1-aws-gemm-512-512-9: 2500/2500 tasks started.
[2025-11-29T17:15:42Z] [[36minfo[0m] [progress_update] aws-us-east-1-aws-gemm-512-512-9: 2500/2500 tasks started.alibaba-us-east-1-alibaba-gemm-512-512-28: 2500/2500 tasks started.gcp-us-east1-gcp-gemm-512-512-108: 2500/2500 tasks started.azure-germanywestcentral-azure-gemm-512-512-211: 2461/2500 tasks started.
[2025-11-29T17:15:52Z] [[36minfo[0m] [progress_update] azure-germanywestcentral-azure-gemm-512-512-211: 2500/2500 tasks started.aws-us-east-1-aws-gemm-512-512-9: 2500/2500 tasks started.alibaba-us-east-1-alibaba-gemm-512-512-28: 2500/2500 tasks started.gcp-us-east1-gcp-gemm-512-512-108: 2500/2500 tasks started.
[2025-11-29T17:16:02Z] [[36minfo[0m] [progress_update] aws-us-east-1-aws-gemm-512-512-9: 2500/2500 tasks started.alibaba-us-east-1-alibaba-gemm-512-512-28: 2500/2500 tasks started.gcp-us-east1-gcp-gemm-512-512-108: 2500/2500 tasks started.azure-germanywestcentral-azure-gemm-512-512-211: 2500/2500 tasks started.
[2025-11-29T17:16:12Z] [[36minfo[0m] [progress_update] aws-us-east-1-aws-gemm-512-512-9: 2500/2500 tasks started.alibaba-us-east-1-alibaba-gemm-512-512-28: 2500/2500 tasks started.gcp-us-east1-gcp-gemm-512-512-108: 2500/2500 tasks started.azure-germanywestcentral-azure-gemm-512-512-211: 2500/2500 tasks started.
[2025-11-29T17:16:22Z] [[36minfo[0m] [progress_update] aws-us-east-1-aws-gemm-512-512-9: 2500/2500 tasks started.alibaba-us-east-1-alibaba-gemm-512-512-28: 2500/2500 tasks started.gcp-us-east1-gcp-gemm-512-512-108: 2500/2500 tasks started.azure-germanywestcentral-azure-gemm-512-512-211: 2500/2500 tasks started.
[2025-11-29T17:16:32Z] [[36minfo[0m] [progress_update] aws-us-east-1-aws-gemm-512-512-9: 2500/2500 tasks started.alibaba-us-east-1-alibaba-gemm-512-512-28: 2500/2500 tasks started.gcp-us-east1-gcp-gemm-512-512-108: 2500/2500 tasks started.azure-germanywestcentral-azure-gemm-512-512-211: 2500/2500 tasks started.
[2025-11-29T17:16:42Z] [[36minfo[0m] [progress_update] aws-us-east-1-aws-gemm-512-512-9: 2500/2500 tasks started.alibaba-us-east-1-alibaba-gemm-512-512-28: 2500/2500 tasks started.gcp-us-east1-gcp-gemm-512-512-108: 2500/2500 tasks started.azure-germanywestcentral-azure-gemm-512-512-211: 2500/2500 tasks started.
[2025-11-29T17:16:52Z] [[36minfo[0m] [progress_update] azure-germanywestcentral-azure-gemm-512-512-211: 2500/2500 tasks started.aws-us-east-1-aws-gemm-512-512-9: 2500/2500 tasks started.alibaba-us-east-1-alibaba-gemm-512-512-28: 2500/2500 tasks started.gcp-us-east1-gcp-gemm-512-512-108: 2500/2500 tasks started.
[2025-11-29T17:17:02Z] [[36minfo[0m] [progress_update] aws-us-east-1-aws-gemm-512-512-9: 2500/2500 tasks started.alibaba-us-east-1-alibaba-gemm-512-512-28: 2500/2500 tasks started.gcp-us-east1-gcp-gemm-512-512-108: 2500/2500 tasks started.azure-germanywestcentral-azure-gemm-512-512-211: 2500/2500 tasks started.
[2025-11-29T17:17:12Z] [[36minfo[0m] [progress_update] aws-us-east-1-aws-gemm-512-512-9: 2500/2500 tasks started.alibaba-us-east-1-alibaba-gemm-512-512-28: 2500/2500 tasks started.gcp-us-east1-gcp-gemm-512-512-108: 2500/2500 tasks started.azure-germanywestcentral-azure-gemm-512-512-211: 2500/2500 tasks started.
[2025-11-29T17:17:22Z] [[36minfo[0m] [progress_update] aws-us-east-1-aws-gemm-512-512-9: 2500/2500 tasks started.alibaba-us-east-1-alibaba-gemm-512-512-28: 2500/2500 tasks started.gcp-us-east1-gcp-gemm-512-512-108: 2500/2500 tasks started.azure-germanywestcentral-azure-gemm-512-512-211: 2500/2500 tasks started.
[2025-11-29T17:17:32Z] [[36minfo[0m] [progress_update] azure-germanywestcentral-azure-gemm-512-512-211: 2500/2500 tasks started.aws-us-east-1-aws-gemm-512-512-9: 2500/2500 tasks started.alibaba-us-east-1-alibaba-gemm-512-512-28: 2500/2500 tasks started.gcp-us-east1-gcp-gemm-512-512-108: 2500/2500 tasks started.
[2025-11-29T17:17:42Z] [[36minfo[0m] [progress_update] gcp-us-east1-gcp-gemm-512-512-108: 2500/2500 tasks started.azure-germanywestcentral-azure-gemm-512-512-211: 2500/2500 tasks started.aws-us-east-1-aws-gemm-512-512-9: 2500/2500 tasks started.alibaba-us-east-1-alibaba-gemm-512-512-28: 2500/2500 tasks started.
[2025-11-29T17:17:52Z] [[36minfo[0m] [progress_update] aws-us-east-1-aws-gemm-512-512-9: 2500/2500 tasks started.alibaba-us-east-1-alibaba-gemm-512-512-28: 2500/2500 tasks started.gcp-us-east1-gcp-gemm-512-512-108: 2500/2500 tasks started.azure-germanywestcentral-azure-gemm-512-512-211: 2500/2500 tasks started.
[2025-11-29T17:18:02Z] [[36minfo[0m] [progress_update] aws-us-east-1-aws-gemm-512-512-9: 2500/2500 tasks started.alibaba-us-east-1-alibaba-gemm-512-512-28: 2500/2500 tasks started.gcp-us-east1-gcp-gemm-512-512-108: 2500/2500 tasks started.azure-germanywestcentral-azure-gemm-512-512-211: 2500/2500 tasks started.
[2025-11-29T17:18:12Z] [[36minfo[0m] [progress_update] gcp-us-east1-gcp-gemm-512-512-108: 2500/2500 tasks started.azure-germanywestcentral-azure-gemm-512-512-211: 2500/2500 tasks started.aws-us-east-1-aws-gemm-512-512-9: 2500/2500 tasks started.alibaba-us-east-1-alibaba-gemm-512-512-28: 2500/2500 tasks started.
[2025-11-29T17:18:22Z] [[36minfo[0m] [progress_update] alibaba-us-east-1-alibaba-gemm-512-512-28: 2500/2500 tasks started.gcp-us-east1-gcp-gemm-512-512-108: 2500/2500 tasks started.azure-germanywestcentral-azure-gemm-512-512-211: 2500/2500 tasks started.aws-us-east-1-aws-gemm-512-512-9: 2500/2500 tasks started.
[2025-11-29T17:18:32Z] [[36minfo[0m] [progress_update] aws-us-east-1-aws-gemm-512-512-9: 2500/2500 tasks started.alibaba-us-east-1-alibaba-gemm-512-512-28: 2500/2500 tasks started.gcp-us-east1-gcp-gemm-512-512-108: 2500/2500 tasks started.azure-germanywestcentral-azure-gemm-512-512-211: 2500/2500 tasks started.
[2025-11-29T17:18:42Z] [[36minfo[0m] [progress_update] azure-germanywestcentral-azure-gemm-512-512-211: 2500/2500 tasks started.aws-us-east-1-aws-gemm-512-512-9: 2500/2500 tasks started.alibaba-us-east-1-alibaba-gemm-512-512-28: 2500/2500 tasks started.gcp-us-east1-gcp-gemm-512-512-108: 2500/2500 tasks started.
[2025-11-29T17:18:52Z] [[36minfo[0m] [progress_update] aws-us-east-1-aws-gemm-512-512-9: 2500/2500 tasks started.alibaba-us-east-1-alibaba-gemm-512-512-28: 2500/2500 tasks started.gcp-us-east1-gcp-gemm-512-512-108: 2500/2500 tasks started.azure-germanywestcentral-azure-gemm-512-512-211: 2500/2500 tasks started.
[2025-11-29T17:18:54Z] [[31merror[0m] [task_execution] Error executing task alibaba-gemm-512: task alibaba-gemm-512 failed after 7 retries: <nil>
[2025-11-29T17:18:59Z] [[36minfo[0m] [function_finished] Finished benchmarking function alibaba-gemm-512 and closed archiver
[2025-11-29T17:19:02Z] [[36minfo[0m] [progress_update] gcp-us-east1-gcp-gemm-512-512-108: 2500/2500 tasks started.azure-germanywestcentral-azure-gemm-512-512-211: 2500/2500 tasks started.aws-us-east-1-aws-gemm-512-512-9: 2500/2500 tasks started.alibaba-us-east-1-alibaba-gemm-512-512-28: 2500/2500 tasks started.
[2025-11-29T17:19:12Z] [[36minfo[0m] [progress_update] aws-us-east-1-aws-gemm-512-512-9: 2500/2500 tasks started.alibaba-us-east-1-alibaba-gemm-512-512-28: 2500/2500 tasks started.gcp-us-east1-gcp-gemm-512-512-108: 2500/2500 tasks started.azure-germanywestcentral-azure-gemm-512-512-211: 2500/2500 tasks started.
[2025-11-29T17:19:16Z] [[31merror[0m] [task_execution] Error executing task azure-gemm-512: task azure-gemm-512 failed after 7 retries: <nil>
[2025-11-29T17:19:22Z] [[36minfo[0m] [progress_update] gcp-us-east1-gcp-gemm-512-512-108: 2500/2500 tasks started.azure-germanywestcentral-azure-gemm-512-512-211: 2500/2500 tasks started.aws-us-east-1-aws-gemm-512-512-9: 2500/2500 tasks started.alibaba-us-east-1-alibaba-gemm-512-512-28: 2500/2500 tasks started.
[2025-11-29T17:19:30Z] [[31merror[0m] [task_execution] Error executing task azure-gemm-512: task azure-gemm-512 failed after 7 retries: <nil>
[2025-11-29T17:19:30Z] [[31merror[0m] [task_execution] Error executing task azure-gemm-512: task azure-gemm-512 failed after 7 retries: <nil>
[2025-11-29T17:19:31Z] [[31merror[0m] [task_execution] Error executing task azure-gemm-512: task azure-gemm-512 failed after 7 retries: <nil>
[2025-11-29T17:19:32Z] [[31merror[0m] [task_execution] Error executing task azure-gemm-512: task azure-gemm-512 failed after 7 retries: <nil>
[2025-11-29T17:19:32Z] [[31merror[0m] [task_execution] Error executing task azure-gemm-512: task azure-gemm-512 failed after 7 retries: <nil>
[2025-11-29T17:19:32Z] [[31merror[0m] [task_execution] Error executing task azure-gemm-512: task azure-gemm-512 failed after 7 retries: <nil>
[2025-11-29T17:19:32Z] [[36minfo[0m] [progress_update] aws-us-east-1-aws-gemm-512-512-9: 2500/2500 tasks started.alibaba-us-east-1-alibaba-gemm-512-512-28: 2500/2500 tasks started.gcp-us-east1-gcp-gemm-512-512-108: 2500/2500 tasks started.azure-germanywestcentral-azure-gemm-512-512-211: 2500/2500 tasks started.
[2025-11-29T17:19:32Z] [[31merror[0m] [task_execution] Error executing task azure-gemm-512: task azure-gemm-512 failed after 7 retries: <nil>
[2025-11-29T17:19:32Z] [[31merror[0m] [task_execution] Error executing task azure-gemm-512: task azure-gemm-512 failed after 7 retries: <nil>
[2025-11-29T17:19:32Z] [[31merror[0m] [task_execution] Error executing task azure-gemm-512: task azure-gemm-512 failed after 7 retries: <nil>
[2025-11-29T17:19:32Z] [[31merror[0m] [task_execution] Error executing task azure-gemm-512: task azure-gemm-512 failed after 7 retries: <nil>
[2025-11-29T17:19:32Z] [[31merror[0m] [task_execution] Error executing task azure-gemm-512: task azure-gemm-512 failed after 7 retries: <nil>
[2025-11-29T17:19:32Z] [[31merror[0m] [task_execution] Error executing task azure-gemm-512: task azure-gemm-512 failed after 7 retries: <nil>
[2025-11-29T17:19:32Z] [[31merror[0m] [task_execution] Error executing task azure-gemm-512: task azure-gemm-512 failed after 7 retries: <nil>
[2025-11-29T17:19:32Z] [[31merror[0m] [task_execution] Error executing task azure-gemm-512: task azure-gemm-512 failed after 7 retries: <nil>
[2025-11-29T17:19:33Z] [[31merror[0m] [task_execution] Error executing task azure-gemm-512: task azure-gemm-512 failed after 7 retries: <nil>
[2025-11-29T17:19:38Z] [[36minfo[0m] [function_finished] Finished benchmarking function azure-gemm-512 and closed archiver
[2025-11-29T17:19:40Z] [[36minfo[0m] [finish_timeline] Benchmark Timeline
[Sat Nov 29 17:19:40 UTC 2025] Finished benchmark 'gemm' successfully
[Sat Nov 29 17:19:40 UTC 2025] Sleeping 600 seconds before next workload...
