[Mon Dec  1 18:01:24 UTC 2025] Starting benchmark 'gzip' with config './configs/gzip.yaml'
Validating functions...
[2025-12-01T18:01:24Z] [[36minfo[0m] [executor_setup] Setting up executor for aws-us-east-1-aws-gzip-512-512-312
[2025-12-01T18:01:24Z] [[36minfo[0m] [executor_setup] Setting up executor for alibaba-us-east-1-alibaba-gzip-512-512-486
[2025-12-01T18:01:24Z] [[36minfo[0m] [executor_setup] Setting up executor for azure-germanywestcentral-azure-gzip-512-512-500
[2025-12-01T18:01:24Z] [[0mwarning[0m] [[32mazure_limitations[0m] Azure can´t handle more than 300 parallel requests. Limiting to 300.
[2025-12-01T18:01:24Z] [[36minfo[0m] [executor_setup] Setting up executor for gcp-us-east1-gcp-gzip-512-512-558
[2025-12-01T18:01:24Z] [[36minfo[0m] [start_timeline] Benchmark Timeline
[2025-12-01T18:01:24Z] [[36minfo[0m] [load_generator_start] (gcp: us-east1) Starting load generator with 300 workers
[2025-12-01T18:01:24Z] [[36minfo[0m] [load_generator_start] (aws: us-east-1) Starting load generator with 500 workers
[2025-12-01T18:01:24Z] [[36minfo[0m] [load_generator_start] (alibaba: us-east-1) Starting load generator with 500 workers
[2025-12-01T18:01:24Z] [[36minfo[0m] [load_generator_start] (azure: germanywestcentral) Starting load generator with 300 workers
[2025-12-01T18:01:34Z] [[36minfo[0m] [progress_update] aws-us-east-1-aws-gzip-512-512-312: 2056/2500 tasks started.alibaba-us-east-1-alibaba-gzip-512-512-486: 1828/2500 tasks started.azure-germanywestcentral-azure-gzip-512-512-500: 647/2500 tasks started.gcp-us-east1-gcp-gzip-512-512-558: 1085/2500 tasks started.
[2025-12-01T18:01:44Z] [[36minfo[0m] [progress_update] aws-us-east-1-aws-gzip-512-512-312: 2500/2500 tasks started.alibaba-us-east-1-alibaba-gzip-512-512-486: 2500/2500 tasks started.azure-germanywestcentral-azure-gzip-512-512-500: 647/2500 tasks started.gcp-us-east1-gcp-gzip-512-512-558: 2118/2500 tasks started.
[2025-12-01T18:01:52Z] [[36minfo[0m] [function_finished] Finished benchmarking function aws-gzip-512 and closed archiver
[2025-12-01T18:01:54Z] [[36minfo[0m] [progress_update] aws-us-east-1-aws-gzip-512-512-312: 2500/2500 tasks started.alibaba-us-east-1-alibaba-gzip-512-512-486: 2500/2500 tasks started.azure-germanywestcentral-azure-gzip-512-512-500: 1251/2500 tasks started.gcp-us-east1-gcp-gzip-512-512-558: 2500/2500 tasks started.
[2025-12-01T18:02:03Z] [[36minfo[0m] [function_finished] Finished benchmarking function gcp-gzip-512 and closed archiver
[2025-12-01T18:02:04Z] [[36minfo[0m] [progress_update] aws-us-east-1-aws-gzip-512-512-312: 2500/2500 tasks started.alibaba-us-east-1-alibaba-gzip-512-512-486: 2500/2500 tasks started.azure-germanywestcentral-azure-gzip-512-512-500: 1805/2500 tasks started.gcp-us-east1-gcp-gzip-512-512-558: 2500/2500 tasks started.
[2025-12-01T18:02:14Z] [[36minfo[0m] [progress_update] azure-germanywestcentral-azure-gzip-512-512-500: 2390/2500 tasks started.gcp-us-east1-gcp-gzip-512-512-558: 2500/2500 tasks started.aws-us-east-1-aws-gzip-512-512-312: 2500/2500 tasks started.alibaba-us-east-1-alibaba-gzip-512-512-486: 2500/2500 tasks started.
[2025-12-01T18:02:16Z] [[36minfo[0m] [function_finished] Finished benchmarking function alibaba-gzip-512 and closed archiver
[2025-12-01T18:02:24Z] [[36minfo[0m] [progress_update] aws-us-east-1-aws-gzip-512-512-312: 2500/2500 tasks started.alibaba-us-east-1-alibaba-gzip-512-512-486: 2500/2500 tasks started.azure-germanywestcentral-azure-gzip-512-512-500: 2411/2500 tasks started.gcp-us-east1-gcp-gzip-512-512-558: 2500/2500 tasks started.
[2025-12-01T18:02:34Z] [[36minfo[0m] [progress_update] aws-us-east-1-aws-gzip-512-512-312: 2500/2500 tasks started.alibaba-us-east-1-alibaba-gzip-512-512-486: 2500/2500 tasks started.azure-germanywestcentral-azure-gzip-512-512-500: 2462/2500 tasks started.gcp-us-east1-gcp-gzip-512-512-558: 2500/2500 tasks started.
[2025-12-01T18:02:44Z] [[36minfo[0m] [progress_update] aws-us-east-1-aws-gzip-512-512-312: 2500/2500 tasks started.alibaba-us-east-1-alibaba-gzip-512-512-486: 2500/2500 tasks started.azure-germanywestcentral-azure-gzip-512-512-500: 2500/2500 tasks started.gcp-us-east1-gcp-gzip-512-512-558: 2500/2500 tasks started.
[2025-12-01T18:02:54Z] [[36minfo[0m] [progress_update] azure-germanywestcentral-azure-gzip-512-512-500: 2500/2500 tasks started.gcp-us-east1-gcp-gzip-512-512-558: 2500/2500 tasks started.aws-us-east-1-aws-gzip-512-512-312: 2500/2500 tasks started.alibaba-us-east-1-alibaba-gzip-512-512-486: 2500/2500 tasks started.
[2025-12-01T18:03:04Z] [[36minfo[0m] [progress_update] aws-us-east-1-aws-gzip-512-512-312: 2500/2500 tasks started.alibaba-us-east-1-alibaba-gzip-512-512-486: 2500/2500 tasks started.azure-germanywestcentral-azure-gzip-512-512-500: 2500/2500 tasks started.gcp-us-east1-gcp-gzip-512-512-558: 2500/2500 tasks started.
[2025-12-01T18:03:14Z] [[36minfo[0m] [progress_update] aws-us-east-1-aws-gzip-512-512-312: 2500/2500 tasks started.alibaba-us-east-1-alibaba-gzip-512-512-486: 2500/2500 tasks started.azure-germanywestcentral-azure-gzip-512-512-500: 2500/2500 tasks started.gcp-us-east1-gcp-gzip-512-512-558: 2500/2500 tasks started.
[2025-12-01T18:03:24Z] [[36minfo[0m] [progress_update] azure-germanywestcentral-azure-gzip-512-512-500: 2500/2500 tasks started.gcp-us-east1-gcp-gzip-512-512-558: 2500/2500 tasks started.aws-us-east-1-aws-gzip-512-512-312: 2500/2500 tasks started.alibaba-us-east-1-alibaba-gzip-512-512-486: 2500/2500 tasks started.
[2025-12-01T18:03:34Z] [[36minfo[0m] [progress_update] alibaba-us-east-1-alibaba-gzip-512-512-486: 2500/2500 tasks started.azure-germanywestcentral-azure-gzip-512-512-500: 2500/2500 tasks started.gcp-us-east1-gcp-gzip-512-512-558: 2500/2500 tasks started.aws-us-east-1-aws-gzip-512-512-312: 2500/2500 tasks started.
[2025-12-01T18:03:44Z] [[36minfo[0m] [progress_update] gcp-us-east1-gcp-gzip-512-512-558: 2500/2500 tasks started.aws-us-east-1-aws-gzip-512-512-312: 2500/2500 tasks started.alibaba-us-east-1-alibaba-gzip-512-512-486: 2500/2500 tasks started.azure-germanywestcentral-azure-gzip-512-512-500: 2500/2500 tasks started.
[2025-12-01T18:03:54Z] [[36minfo[0m] [progress_update] aws-us-east-1-aws-gzip-512-512-312: 2500/2500 tasks started.alibaba-us-east-1-alibaba-gzip-512-512-486: 2500/2500 tasks started.azure-germanywestcentral-azure-gzip-512-512-500: 2500/2500 tasks started.gcp-us-east1-gcp-gzip-512-512-558: 2500/2500 tasks started.
[2025-12-01T18:04:04Z] [[36minfo[0m] [progress_update] aws-us-east-1-aws-gzip-512-512-312: 2500/2500 tasks started.alibaba-us-east-1-alibaba-gzip-512-512-486: 2500/2500 tasks started.azure-germanywestcentral-azure-gzip-512-512-500: 2500/2500 tasks started.gcp-us-east1-gcp-gzip-512-512-558: 2500/2500 tasks started.
[2025-12-01T18:04:14Z] [[36minfo[0m] [progress_update] aws-us-east-1-aws-gzip-512-512-312: 2500/2500 tasks started.alibaba-us-east-1-alibaba-gzip-512-512-486: 2500/2500 tasks started.azure-germanywestcentral-azure-gzip-512-512-500: 2500/2500 tasks started.gcp-us-east1-gcp-gzip-512-512-558: 2500/2500 tasks started.
[2025-12-01T18:04:24Z] [[36minfo[0m] [progress_update] aws-us-east-1-aws-gzip-512-512-312: 2500/2500 tasks started.alibaba-us-east-1-alibaba-gzip-512-512-486: 2500/2500 tasks started.azure-germanywestcentral-azure-gzip-512-512-500: 2500/2500 tasks started.gcp-us-east1-gcp-gzip-512-512-558: 2500/2500 tasks started.
[2025-12-01T18:04:34Z] [[36minfo[0m] [progress_update] aws-us-east-1-aws-gzip-512-512-312: 2500/2500 tasks started.alibaba-us-east-1-alibaba-gzip-512-512-486: 2500/2500 tasks started.azure-germanywestcentral-azure-gzip-512-512-500: 2500/2500 tasks started.gcp-us-east1-gcp-gzip-512-512-558: 2500/2500 tasks started.
[2025-12-01T18:04:44Z] [[36minfo[0m] [progress_update] aws-us-east-1-aws-gzip-512-512-312: 2500/2500 tasks started.alibaba-us-east-1-alibaba-gzip-512-512-486: 2500/2500 tasks started.azure-germanywestcentral-azure-gzip-512-512-500: 2500/2500 tasks started.gcp-us-east1-gcp-gzip-512-512-558: 2500/2500 tasks started.
[2025-12-01T18:04:54Z] [[36minfo[0m] [progress_update] gcp-us-east1-gcp-gzip-512-512-558: 2500/2500 tasks started.aws-us-east-1-aws-gzip-512-512-312: 2500/2500 tasks started.alibaba-us-east-1-alibaba-gzip-512-512-486: 2500/2500 tasks started.azure-germanywestcentral-azure-gzip-512-512-500: 2500/2500 tasks started.
[2025-12-01T18:05:04Z] [[36minfo[0m] [progress_update] aws-us-east-1-aws-gzip-512-512-312: 2500/2500 tasks started.alibaba-us-east-1-alibaba-gzip-512-512-486: 2500/2500 tasks started.azure-germanywestcentral-azure-gzip-512-512-500: 2500/2500 tasks started.gcp-us-east1-gcp-gzip-512-512-558: 2500/2500 tasks started.
[2025-12-01T18:05:14Z] [[36minfo[0m] [progress_update] aws-us-east-1-aws-gzip-512-512-312: 2500/2500 tasks started.alibaba-us-east-1-alibaba-gzip-512-512-486: 2500/2500 tasks started.azure-germanywestcentral-azure-gzip-512-512-500: 2500/2500 tasks started.gcp-us-east1-gcp-gzip-512-512-558: 2500/2500 tasks started.
[2025-12-01T18:05:24Z] [[36minfo[0m] [progress_update] gcp-us-east1-gcp-gzip-512-512-558: 2500/2500 tasks started.aws-us-east-1-aws-gzip-512-512-312: 2500/2500 tasks started.alibaba-us-east-1-alibaba-gzip-512-512-486: 2500/2500 tasks started.azure-germanywestcentral-azure-gzip-512-512-500: 2500/2500 tasks started.
[2025-12-01T18:05:34Z] [[36minfo[0m] [progress_update] alibaba-us-east-1-alibaba-gzip-512-512-486: 2500/2500 tasks started.azure-germanywestcentral-azure-gzip-512-512-500: 2500/2500 tasks started.gcp-us-east1-gcp-gzip-512-512-558: 2500/2500 tasks started.aws-us-east-1-aws-gzip-512-512-312: 2500/2500 tasks started.
[2025-12-01T18:05:44Z] [[36minfo[0m] [progress_update] aws-us-east-1-aws-gzip-512-512-312: 2500/2500 tasks started.alibaba-us-east-1-alibaba-gzip-512-512-486: 2500/2500 tasks started.azure-germanywestcentral-azure-gzip-512-512-500: 2500/2500 tasks started.gcp-us-east1-gcp-gzip-512-512-558: 2500/2500 tasks started.
[2025-12-01T18:05:54Z] [[36minfo[0m] [progress_update] gcp-us-east1-gcp-gzip-512-512-558: 2500/2500 tasks started.aws-us-east-1-aws-gzip-512-512-312: 2500/2500 tasks started.alibaba-us-east-1-alibaba-gzip-512-512-486: 2500/2500 tasks started.azure-germanywestcentral-azure-gzip-512-512-500: 2500/2500 tasks started.
[2025-12-01T18:06:02Z] [[31merror[0m] [task_execution] Error executing task azure-gzip-512: task azure-gzip-512 failed after 7 retries: <nil>
[2025-12-01T18:06:04Z] [[36minfo[0m] [progress_update] aws-us-east-1-aws-gzip-512-512-312: 2500/2500 tasks started.alibaba-us-east-1-alibaba-gzip-512-512-486: 2500/2500 tasks started.azure-germanywestcentral-azure-gzip-512-512-500: 2500/2500 tasks started.gcp-us-east1-gcp-gzip-512-512-558: 2500/2500 tasks started.
[2025-12-01T18:06:14Z] [[36minfo[0m] [progress_update] aws-us-east-1-aws-gzip-512-512-312: 2500/2500 tasks started.alibaba-us-east-1-alibaba-gzip-512-512-486: 2500/2500 tasks started.azure-germanywestcentral-azure-gzip-512-512-500: 2500/2500 tasks started.gcp-us-east1-gcp-gzip-512-512-558: 2500/2500 tasks started.
[2025-12-01T18:06:22Z] [[31merror[0m] [task_execution] Error executing task azure-gzip-512: task azure-gzip-512 failed after 7 retries: <nil>
[2025-12-01T18:06:22Z] [[31merror[0m] [task_execution] Error executing task azure-gzip-512: task azure-gzip-512 failed after 7 retries: <nil>
[2025-12-01T18:06:22Z] [[31merror[0m] [task_execution] Error executing task azure-gzip-512: task azure-gzip-512 failed after 7 retries: <nil>
[2025-12-01T18:06:22Z] [[31merror[0m] [task_execution] Error executing task azure-gzip-512: task azure-gzip-512 failed after 7 retries: <nil>
[2025-12-01T18:06:23Z] [[31merror[0m] [task_execution] Error executing task azure-gzip-512: task azure-gzip-512 failed after 7 retries: <nil>
[2025-12-01T18:06:23Z] [[31merror[0m] [task_execution] Error executing task azure-gzip-512: task azure-gzip-512 failed after 7 retries: <nil>
[2025-12-01T18:06:23Z] [[31merror[0m] [task_execution] Error executing task azure-gzip-512: task azure-gzip-512 failed after 7 retries: <nil>
[2025-12-01T18:06:23Z] [[31merror[0m] [task_execution] Error executing task azure-gzip-512: task azure-gzip-512 failed after 7 retries: <nil>
[2025-12-01T18:06:23Z] [[31merror[0m] [task_execution] Error executing task azure-gzip-512: task azure-gzip-512 failed after 7 retries: <nil>
[2025-12-01T18:06:24Z] [[31merror[0m] [task_execution] Error executing task azure-gzip-512: task azure-gzip-512 failed after 7 retries: <nil>
[2025-12-01T18:06:24Z] [[31merror[0m] [task_execution] Error executing task azure-gzip-512: task azure-gzip-512 failed after 7 retries: <nil>
[2025-12-01T18:06:24Z] [[31merror[0m] [task_execution] Error executing task azure-gzip-512: task azure-gzip-512 failed after 7 retries: <nil>
[2025-12-01T18:06:24Z] [[31merror[0m] [task_execution] Error executing task azure-gzip-512: task azure-gzip-512 failed after 7 retries: <nil>
[2025-12-01T18:06:24Z] [[31merror[0m] [task_execution] Error executing task azure-gzip-512: task azure-gzip-512 failed after 7 retries: <nil>
[2025-12-01T18:06:24Z] [[31merror[0m] [task_execution] Error executing task azure-gzip-512: task azure-gzip-512 failed after 7 retries: <nil>
[2025-12-01T18:06:24Z] [[36minfo[0m] [progress_update] aws-us-east-1-aws-gzip-512-512-312: 2500/2500 tasks started.alibaba-us-east-1-alibaba-gzip-512-512-486: 2500/2500 tasks started.azure-germanywestcentral-azure-gzip-512-512-500: 2500/2500 tasks started.gcp-us-east1-gcp-gzip-512-512-558: 2500/2500 tasks started.
[2025-12-01T18:06:24Z] [[31merror[0m] [task_execution] Error executing task azure-gzip-512: task azure-gzip-512 failed after 7 retries: <nil>
[2025-12-01T18:06:25Z] [[31merror[0m] [task_execution] Error executing task azure-gzip-512: task azure-gzip-512 failed after 7 retries: <nil>
[2025-12-01T18:06:25Z] [[31merror[0m] [task_execution] Error executing task azure-gzip-512: task azure-gzip-512 failed after 7 retries: <nil>
[2025-12-01T18:06:25Z] [[31merror[0m] [task_execution] Error executing task azure-gzip-512: task azure-gzip-512 failed after 7 retries: <nil>
[2025-12-01T18:06:25Z] [[31merror[0m] [task_execution] Error executing task azure-gzip-512: task azure-gzip-512 failed after 7 retries: <nil>
[2025-12-01T18:06:25Z] [[31merror[0m] [task_execution] Error executing task azure-gzip-512: task azure-gzip-512 failed after 7 retries: <nil>
[2025-12-01T18:06:26Z] [[31merror[0m] [task_execution] Error executing task azure-gzip-512: task azure-gzip-512 failed after 7 retries: <nil>
[2025-12-01T18:06:34Z] [[36minfo[0m] [progress_update] aws-us-east-1-aws-gzip-512-512-312: 2500/2500 tasks started.alibaba-us-east-1-alibaba-gzip-512-512-486: 2500/2500 tasks started.azure-germanywestcentral-azure-gzip-512-512-500: 2500/2500 tasks started.gcp-us-east1-gcp-gzip-512-512-558: 2500/2500 tasks started.
[2025-12-01T18:06:44Z] [[36minfo[0m] [progress_update] aws-us-east-1-aws-gzip-512-512-312: 2500/2500 tasks started.alibaba-us-east-1-alibaba-gzip-512-512-486: 2500/2500 tasks started.azure-germanywestcentral-azure-gzip-512-512-500: 2500/2500 tasks started.gcp-us-east1-gcp-gzip-512-512-558: 2500/2500 tasks started.
[2025-12-01T18:06:54Z] [[36minfo[0m] [progress_update] aws-us-east-1-aws-gzip-512-512-312: 2500/2500 tasks started.alibaba-us-east-1-alibaba-gzip-512-512-486: 2500/2500 tasks started.azure-germanywestcentral-azure-gzip-512-512-500: 2500/2500 tasks started.gcp-us-east1-gcp-gzip-512-512-558: 2500/2500 tasks started.
[2025-12-01T18:06:55Z] [[31merror[0m] [task_execution] Error executing task azure-gzip-512: task azure-gzip-512 failed after 7 retries: <nil>
[2025-12-01T18:06:55Z] [[31merror[0m] [task_execution] Error executing task azure-gzip-512: task azure-gzip-512 failed after 7 retries: <nil>
[2025-12-01T18:06:58Z] [[31merror[0m] [task_execution] Error executing task azure-gzip-512: task azure-gzip-512 failed after 7 retries: <nil>
[2025-12-01T18:07:03Z] [[36minfo[0m] [function_finished] Finished benchmarking function azure-gzip-512 and closed archiver
[2025-12-01T18:07:04Z] [[36minfo[0m] [progress_update] gcp-us-east1-gcp-gzip-512-512-558: 2500/2500 tasks started.aws-us-east-1-aws-gzip-512-512-312: 2500/2500 tasks started.alibaba-us-east-1-alibaba-gzip-512-512-486: 2500/2500 tasks started.azure-germanywestcentral-azure-gzip-512-512-500: 2500/2500 tasks started.
[2025-12-01T18:07:05Z] [[36minfo[0m] [finish_timeline] Benchmark Timeline
[Mon Dec  1 18:07:05 UTC 2025] Finished benchmark 'gzip' successfully
