[Fri Dec  5 05:31:57 UTC 2025] Starting benchmark 'gzip' with config './configs/gzip.yaml'
Validating functions...
[2025-12-05T05:31:57Z] [[36minfo[0m] [executor_setup] Setting up executor for aws-us-east-1-aws-gzip-512-512-911
[2025-12-05T05:31:57Z] [[36minfo[0m] [executor_setup] Setting up executor for alibaba-us-east-1-alibaba-gzip-512-512-701
[2025-12-05T05:31:57Z] [[36minfo[0m] [executor_setup] Setting up executor for azure-germanywestcentral-azure-gzip-512-512-956
[2025-12-05T05:31:57Z] [[0mwarning[0m] [[32mazure_limitations[0m] Azure can´t handle more than 300 parallel requests. Limiting to 300.
[2025-12-05T05:31:58Z] [[36minfo[0m] [executor_setup] Setting up executor for gcp-us-east1-gcp-gzip-512-512-303
[2025-12-05T05:31:58Z] [[36minfo[0m] [start_timeline] Benchmark Timeline
[2025-12-05T05:31:58Z] [[36minfo[0m] [load_generator_start] (gcp: us-east1) Starting load generator with 300 workers
[2025-12-05T05:31:58Z] [[36minfo[0m] [load_generator_start] (aws: us-east-1) Starting load generator with 500 workers
[2025-12-05T05:31:58Z] [[36minfo[0m] [load_generator_start] (alibaba: us-east-1) Starting load generator with 500 workers
[2025-12-05T05:31:58Z] [[36minfo[0m] [load_generator_start] (azure: germanywestcentral) Starting load generator with 300 workers
[2025-12-05T05:32:08Z] [[36minfo[0m] [progress_update] gcp-us-east1-gcp-gzip-512-512-303: 1102/2500 tasks started.aws-us-east-1-aws-gzip-512-512-911: 1929/2500 tasks started.alibaba-us-east-1-alibaba-gzip-512-512-701: 1722/2500 tasks started.azure-germanywestcentral-azure-gzip-512-512-956: 695/2500 tasks started.
[2025-12-05T05:32:18Z] [[36minfo[0m] [progress_update] aws-us-east-1-aws-gzip-512-512-911: 2500/2500 tasks started.alibaba-us-east-1-alibaba-gzip-512-512-701: 2500/2500 tasks started.azure-germanywestcentral-azure-gzip-512-512-956: 695/2500 tasks started.gcp-us-east1-gcp-gzip-512-512-303: 2150/2500 tasks started.
[2025-12-05T05:32:24Z] [[36minfo[0m] [function_finished] Finished benchmarking function aws-gzip-512 and closed archiver
[2025-12-05T05:32:28Z] [[36minfo[0m] [progress_update] aws-us-east-1-aws-gzip-512-512-911: 2500/2500 tasks started.alibaba-us-east-1-alibaba-gzip-512-512-701: 2500/2500 tasks started.azure-germanywestcentral-azure-gzip-512-512-956: 1106/2500 tasks started.gcp-us-east1-gcp-gzip-512-512-303: 2500/2500 tasks started.
[2025-12-05T05:32:37Z] [[36minfo[0m] [function_finished] Finished benchmarking function gcp-gzip-512 and closed archiver
[2025-12-05T05:32:38Z] [[36minfo[0m] [progress_update] azure-germanywestcentral-azure-gzip-512-512-956: 1713/2500 tasks started.gcp-us-east1-gcp-gzip-512-512-303: 2500/2500 tasks started.aws-us-east-1-aws-gzip-512-512-911: 2500/2500 tasks started.alibaba-us-east-1-alibaba-gzip-512-512-701: 2500/2500 tasks started.
[2025-12-05T05:32:48Z] [[36minfo[0m] [progress_update] aws-us-east-1-aws-gzip-512-512-911: 2500/2500 tasks started.alibaba-us-east-1-alibaba-gzip-512-512-701: 2500/2500 tasks started.azure-germanywestcentral-azure-gzip-512-512-956: 2126/2500 tasks started.gcp-us-east1-gcp-gzip-512-512-303: 2500/2500 tasks started.
[2025-12-05T05:32:58Z] [[36minfo[0m] [progress_update] gcp-us-east1-gcp-gzip-512-512-303: 2500/2500 tasks started.aws-us-east-1-aws-gzip-512-512-911: 2500/2500 tasks started.alibaba-us-east-1-alibaba-gzip-512-512-701: 2500/2500 tasks started.azure-germanywestcentral-azure-gzip-512-512-956: 2174/2500 tasks started.
[2025-12-05T05:33:08Z] [[36minfo[0m] [progress_update] aws-us-east-1-aws-gzip-512-512-911: 2500/2500 tasks started.alibaba-us-east-1-alibaba-gzip-512-512-701: 2500/2500 tasks started.azure-germanywestcentral-azure-gzip-512-512-956: 2178/2500 tasks started.gcp-us-east1-gcp-gzip-512-512-303: 2500/2500 tasks started.
[2025-12-05T05:33:18Z] [[36minfo[0m] [progress_update] azure-germanywestcentral-azure-gzip-512-512-956: 2178/2500 tasks started.gcp-us-east1-gcp-gzip-512-512-303: 2500/2500 tasks started.aws-us-east-1-aws-gzip-512-512-911: 2500/2500 tasks started.alibaba-us-east-1-alibaba-gzip-512-512-701: 2500/2500 tasks started.
[2025-12-05T05:33:28Z] [[36minfo[0m] [progress_update] aws-us-east-1-aws-gzip-512-512-911: 2500/2500 tasks started.alibaba-us-east-1-alibaba-gzip-512-512-701: 2500/2500 tasks started.azure-germanywestcentral-azure-gzip-512-512-956: 2178/2500 tasks started.gcp-us-east1-gcp-gzip-512-512-303: 2500/2500 tasks started.
[2025-12-05T05:33:38Z] [[36minfo[0m] [progress_update] aws-us-east-1-aws-gzip-512-512-911: 2500/2500 tasks started.alibaba-us-east-1-alibaba-gzip-512-512-701: 2500/2500 tasks started.azure-germanywestcentral-azure-gzip-512-512-956: 2182/2500 tasks started.gcp-us-east1-gcp-gzip-512-512-303: 2500/2500 tasks started.
[2025-12-05T05:33:48Z] [[36minfo[0m] [progress_update] azure-germanywestcentral-azure-gzip-512-512-956: 2449/2500 tasks started.gcp-us-east1-gcp-gzip-512-512-303: 2500/2500 tasks started.aws-us-east-1-aws-gzip-512-512-911: 2500/2500 tasks started.alibaba-us-east-1-alibaba-gzip-512-512-701: 2500/2500 tasks started.
[2025-12-05T05:33:58Z] [[36minfo[0m] [progress_update] aws-us-east-1-aws-gzip-512-512-911: 2500/2500 tasks started.alibaba-us-east-1-alibaba-gzip-512-512-701: 2500/2500 tasks started.azure-germanywestcentral-azure-gzip-512-512-956: 2500/2500 tasks started.gcp-us-east1-gcp-gzip-512-512-303: 2500/2500 tasks started.
[2025-12-05T05:34:08Z] [[36minfo[0m] [progress_update] gcp-us-east1-gcp-gzip-512-512-303: 2500/2500 tasks started.aws-us-east-1-aws-gzip-512-512-911: 2500/2500 tasks started.alibaba-us-east-1-alibaba-gzip-512-512-701: 2500/2500 tasks started.azure-germanywestcentral-azure-gzip-512-512-956: 2500/2500 tasks started.
[2025-12-05T05:34:18Z] [[36minfo[0m] [progress_update] aws-us-east-1-aws-gzip-512-512-911: 2500/2500 tasks started.alibaba-us-east-1-alibaba-gzip-512-512-701: 2500/2500 tasks started.azure-germanywestcentral-azure-gzip-512-512-956: 2500/2500 tasks started.gcp-us-east1-gcp-gzip-512-512-303: 2500/2500 tasks started.
[2025-12-05T05:34:21Z] [[36minfo[0m] [function_finished] Finished benchmarking function alibaba-gzip-512 and closed archiver
[2025-12-05T05:34:28Z] [[36minfo[0m] [progress_update] aws-us-east-1-aws-gzip-512-512-911: 2500/2500 tasks started.alibaba-us-east-1-alibaba-gzip-512-512-701: 2500/2500 tasks started.azure-germanywestcentral-azure-gzip-512-512-956: 2500/2500 tasks started.gcp-us-east1-gcp-gzip-512-512-303: 2500/2500 tasks started.
[2025-12-05T05:34:38Z] [[36minfo[0m] [progress_update] aws-us-east-1-aws-gzip-512-512-911: 2500/2500 tasks started.alibaba-us-east-1-alibaba-gzip-512-512-701: 2500/2500 tasks started.azure-germanywestcentral-azure-gzip-512-512-956: 2500/2500 tasks started.gcp-us-east1-gcp-gzip-512-512-303: 2500/2500 tasks started.
[2025-12-05T05:34:48Z] [[36minfo[0m] [progress_update] gcp-us-east1-gcp-gzip-512-512-303: 2500/2500 tasks started.aws-us-east-1-aws-gzip-512-512-911: 2500/2500 tasks started.alibaba-us-east-1-alibaba-gzip-512-512-701: 2500/2500 tasks started.azure-germanywestcentral-azure-gzip-512-512-956: 2500/2500 tasks started.
[2025-12-05T05:34:58Z] [[36minfo[0m] [progress_update] aws-us-east-1-aws-gzip-512-512-911: 2500/2500 tasks started.alibaba-us-east-1-alibaba-gzip-512-512-701: 2500/2500 tasks started.azure-germanywestcentral-azure-gzip-512-512-956: 2500/2500 tasks started.gcp-us-east1-gcp-gzip-512-512-303: 2500/2500 tasks started.
[2025-12-05T05:35:08Z] [[36minfo[0m] [progress_update] aws-us-east-1-aws-gzip-512-512-911: 2500/2500 tasks started.alibaba-us-east-1-alibaba-gzip-512-512-701: 2500/2500 tasks started.azure-germanywestcentral-azure-gzip-512-512-956: 2500/2500 tasks started.gcp-us-east1-gcp-gzip-512-512-303: 2500/2500 tasks started.
[2025-12-05T05:35:18Z] [[36minfo[0m] [progress_update] azure-germanywestcentral-azure-gzip-512-512-956: 2500/2500 tasks started.gcp-us-east1-gcp-gzip-512-512-303: 2500/2500 tasks started.aws-us-east-1-aws-gzip-512-512-911: 2500/2500 tasks started.alibaba-us-east-1-alibaba-gzip-512-512-701: 2500/2500 tasks started.
[2025-12-05T05:35:28Z] [[36minfo[0m] [progress_update] aws-us-east-1-aws-gzip-512-512-911: 2500/2500 tasks started.alibaba-us-east-1-alibaba-gzip-512-512-701: 2500/2500 tasks started.azure-germanywestcentral-azure-gzip-512-512-956: 2500/2500 tasks started.gcp-us-east1-gcp-gzip-512-512-303: 2500/2500 tasks started.
[2025-12-05T05:35:38Z] [[36minfo[0m] [progress_update] aws-us-east-1-aws-gzip-512-512-911: 2500/2500 tasks started.alibaba-us-east-1-alibaba-gzip-512-512-701: 2500/2500 tasks started.azure-germanywestcentral-azure-gzip-512-512-956: 2500/2500 tasks started.gcp-us-east1-gcp-gzip-512-512-303: 2500/2500 tasks started.
[2025-12-05T05:35:48Z] [[36minfo[0m] [progress_update] azure-germanywestcentral-azure-gzip-512-512-956: 2500/2500 tasks started.gcp-us-east1-gcp-gzip-512-512-303: 2500/2500 tasks started.aws-us-east-1-aws-gzip-512-512-911: 2500/2500 tasks started.alibaba-us-east-1-alibaba-gzip-512-512-701: 2500/2500 tasks started.
[2025-12-05T05:35:58Z] [[36minfo[0m] [progress_update] aws-us-east-1-aws-gzip-512-512-911: 2500/2500 tasks started.alibaba-us-east-1-alibaba-gzip-512-512-701: 2500/2500 tasks started.azure-germanywestcentral-azure-gzip-512-512-956: 2500/2500 tasks started.gcp-us-east1-gcp-gzip-512-512-303: 2500/2500 tasks started.
[2025-12-05T05:36:08Z] [[36minfo[0m] [progress_update] alibaba-us-east-1-alibaba-gzip-512-512-701: 2500/2500 tasks started.azure-germanywestcentral-azure-gzip-512-512-956: 2500/2500 tasks started.gcp-us-east1-gcp-gzip-512-512-303: 2500/2500 tasks started.aws-us-east-1-aws-gzip-512-512-911: 2500/2500 tasks started.
[2025-12-05T05:36:18Z] [[36minfo[0m] [progress_update] aws-us-east-1-aws-gzip-512-512-911: 2500/2500 tasks started.alibaba-us-east-1-alibaba-gzip-512-512-701: 2500/2500 tasks started.azure-germanywestcentral-azure-gzip-512-512-956: 2500/2500 tasks started.gcp-us-east1-gcp-gzip-512-512-303: 2500/2500 tasks started.
[2025-12-05T05:36:20Z] [[31merror[0m] [task_execution] Error executing task azure-gzip-512: task azure-gzip-512 failed after 7 retries: <nil>
[2025-12-05T05:36:20Z] [[31merror[0m] [task_execution] Error executing task azure-gzip-512: task azure-gzip-512 failed after 7 retries: <nil>
[2025-12-05T05:36:20Z] [[31merror[0m] [task_execution] Error executing task azure-gzip-512: task azure-gzip-512 failed after 7 retries: <nil>
[2025-12-05T05:36:20Z] [[31merror[0m] [task_execution] Error executing task azure-gzip-512: task azure-gzip-512 failed after 7 retries: <nil>
[2025-12-05T05:36:20Z] [[31merror[0m] [task_execution] Error executing task azure-gzip-512: task azure-gzip-512 failed after 7 retries: <nil>
[2025-12-05T05:36:28Z] [[36minfo[0m] [progress_update] azure-germanywestcentral-azure-gzip-512-512-956: 2500/2500 tasks started.gcp-us-east1-gcp-gzip-512-512-303: 2500/2500 tasks started.aws-us-east-1-aws-gzip-512-512-911: 2500/2500 tasks started.alibaba-us-east-1-alibaba-gzip-512-512-701: 2500/2500 tasks started.
[2025-12-05T05:36:35Z] [[31merror[0m] [task_execution] Error executing task azure-gzip-512: task azure-gzip-512 failed after 7 retries: <nil>
[2025-12-05T05:36:38Z] [[36minfo[0m] [progress_update] aws-us-east-1-aws-gzip-512-512-911: 2500/2500 tasks started.alibaba-us-east-1-alibaba-gzip-512-512-701: 2500/2500 tasks started.azure-germanywestcentral-azure-gzip-512-512-956: 2500/2500 tasks started.gcp-us-east1-gcp-gzip-512-512-303: 2500/2500 tasks started.
[2025-12-05T05:36:48Z] [[36minfo[0m] [progress_update] alibaba-us-east-1-alibaba-gzip-512-512-701: 2500/2500 tasks started.azure-germanywestcentral-azure-gzip-512-512-956: 2500/2500 tasks started.gcp-us-east1-gcp-gzip-512-512-303: 2500/2500 tasks started.aws-us-east-1-aws-gzip-512-512-911: 2500/2500 tasks started.
[2025-12-05T05:36:58Z] [[36minfo[0m] [progress_update] aws-us-east-1-aws-gzip-512-512-911: 2500/2500 tasks started.alibaba-us-east-1-alibaba-gzip-512-512-701: 2500/2500 tasks started.azure-germanywestcentral-azure-gzip-512-512-956: 2500/2500 tasks started.gcp-us-east1-gcp-gzip-512-512-303: 2500/2500 tasks started.
[2025-12-05T05:36:59Z] [[31merror[0m] [task_execution] Error executing task azure-gzip-512: task azure-gzip-512 failed after 7 retries: <nil>
[2025-12-05T05:37:01Z] [[31merror[0m] [task_execution] Error executing task azure-gzip-512: task azure-gzip-512 failed after 7 retries: <nil>
[2025-12-05T05:37:06Z] [[36minfo[0m] [function_finished] Finished benchmarking function azure-gzip-512 and closed archiver
[2025-12-05T05:37:08Z] [[36minfo[0m] [progress_update] aws-us-east-1-aws-gzip-512-512-911: 2500/2500 tasks started.alibaba-us-east-1-alibaba-gzip-512-512-701: 2500/2500 tasks started.azure-germanywestcentral-azure-gzip-512-512-956: 2500/2500 tasks started.gcp-us-east1-gcp-gzip-512-512-303: 2500/2500 tasks started.
[2025-12-05T05:37:08Z] [[36minfo[0m] [finish_timeline] Benchmark Timeline
[Fri Dec  5 05:37:08 UTC 2025] Finished benchmark 'gzip' successfully
[Fri Dec  5 05:37:08 UTC 2025] Sleeping 600 seconds before next workload...
