[Wed Dec  3 23:30:55 UTC 2025] Starting benchmark 'aesctr' with config './configs/aesCtr.yaml'
Validating functions...
[2025-12-03T23:30:55Z] [[36minfo[0m] [executor_setup] Setting up executor for aws-us-east-1-aws-aesCtr-512-512-327
[2025-12-03T23:30:55Z] [[36minfo[0m] [executor_setup] Setting up executor for alibaba-us-east-1-alibaba-aesCtr-512-512-117
[2025-12-03T23:30:55Z] [[36minfo[0m] [executor_setup] Setting up executor for azure-germanywestcentral-azure-aesCtr-512-512-258
[2025-12-03T23:30:55Z] [[0mwarning[0m] [[32mazure_limitations[0m] Azure can´t handle more than 300 parallel requests. Limiting to 300.
[2025-12-03T23:30:55Z] [[36minfo[0m] [executor_setup] Setting up executor for gcp-us-east1-gcp-aesCtr-512-512-726
[2025-12-03T23:30:55Z] [[36minfo[0m] [start_timeline] Benchmark Timeline
[2025-12-03T23:30:55Z] [[36minfo[0m] [load_generator_start] (gcp: us-east1) Starting load generator with 300 workers
[2025-12-03T23:30:55Z] [[36minfo[0m] [load_generator_start] (aws: us-east-1) Starting load generator with 500 workers
[2025-12-03T23:30:55Z] [[36minfo[0m] [load_generator_start] (alibaba: us-east-1) Starting load generator with 500 workers
[2025-12-03T23:30:56Z] [[36minfo[0m] [load_generator_start] (azure: germanywestcentral) Starting load generator with 300 workers
[2025-12-03T23:31:05Z] [[36minfo[0m] [progress_update] azure-germanywestcentral-azure-aesCtr-512-512-258: 641/2500 tasks started.gcp-us-east1-gcp-aesCtr-512-512-726: 611/2500 tasks started.aws-us-east-1-aws-aesCtr-512-512-327: 2127/2500 tasks started.alibaba-us-east-1-alibaba-aesCtr-512-512-117: 2500/2500 tasks started.
[2025-12-03T23:31:15Z] [[36minfo[0m] [progress_update] gcp-us-east1-gcp-aesCtr-512-512-726: 1173/2500 tasks started.aws-us-east-1-aws-aesCtr-512-512-327: 2500/2500 tasks started.alibaba-us-east-1-alibaba-aesCtr-512-512-117: 2500/2500 tasks started.azure-germanywestcentral-azure-aesCtr-512-512-258: 641/2500 tasks started.
[2025-12-03T23:31:19Z] [[36minfo[0m] [function_finished] Finished benchmarking function aws-aesCtr-512 and closed archiver
[2025-12-03T23:31:25Z] [[36minfo[0m] [progress_update] gcp-us-east1-gcp-aesCtr-512-512-726: 1732/2500 tasks started.aws-us-east-1-aws-aesCtr-512-512-327: 2500/2500 tasks started.alibaba-us-east-1-alibaba-aesCtr-512-512-117: 2500/2500 tasks started.azure-germanywestcentral-azure-aesCtr-512-512-258: 1444/2500 tasks started.
[2025-12-03T23:31:35Z] [[36minfo[0m] [progress_update] alibaba-us-east-1-alibaba-aesCtr-512-512-117: 2500/2500 tasks started.azure-germanywestcentral-azure-aesCtr-512-512-258: 1969/2500 tasks started.gcp-us-east1-gcp-aesCtr-512-512-726: 2281/2500 tasks started.aws-us-east-1-aws-aesCtr-512-512-327: 2500/2500 tasks started.
[2025-12-03T23:31:45Z] [[36minfo[0m] [progress_update] gcp-us-east1-gcp-aesCtr-512-512-726: 2500/2500 tasks started.aws-us-east-1-aws-aesCtr-512-512-327: 2500/2500 tasks started.alibaba-us-east-1-alibaba-aesCtr-512-512-117: 2500/2500 tasks started.azure-germanywestcentral-azure-aesCtr-512-512-258: 2185/2500 tasks started.
[2025-12-03T23:31:54Z] [[36minfo[0m] [function_finished] Finished benchmarking function gcp-aesCtr-512 and closed archiver
[2025-12-03T23:31:55Z] [[36minfo[0m] [progress_update] alibaba-us-east-1-alibaba-aesCtr-512-512-117: 2500/2500 tasks started.azure-germanywestcentral-azure-aesCtr-512-512-258: 2222/2500 tasks started.gcp-us-east1-gcp-aesCtr-512-512-726: 2500/2500 tasks started.aws-us-east-1-aws-aesCtr-512-512-327: 2500/2500 tasks started.
[2025-12-03T23:32:05Z] [[36minfo[0m] [progress_update] gcp-us-east1-gcp-aesCtr-512-512-726: 2500/2500 tasks started.aws-us-east-1-aws-aesCtr-512-512-327: 2500/2500 tasks started.alibaba-us-east-1-alibaba-aesCtr-512-512-117: 2500/2500 tasks started.azure-germanywestcentral-azure-aesCtr-512-512-258: 2444/2500 tasks started.
[2025-12-03T23:32:15Z] [[36minfo[0m] [progress_update] azure-germanywestcentral-azure-aesCtr-512-512-258: 2500/2500 tasks started.gcp-us-east1-gcp-aesCtr-512-512-726: 2500/2500 tasks started.aws-us-east-1-aws-aesCtr-512-512-327: 2500/2500 tasks started.alibaba-us-east-1-alibaba-aesCtr-512-512-117: 2500/2500 tasks started.
[2025-12-03T23:32:25Z] [[36minfo[0m] [progress_update] gcp-us-east1-gcp-aesCtr-512-512-726: 2500/2500 tasks started.aws-us-east-1-aws-aesCtr-512-512-327: 2500/2500 tasks started.alibaba-us-east-1-alibaba-aesCtr-512-512-117: 2500/2500 tasks started.azure-germanywestcentral-azure-aesCtr-512-512-258: 2500/2500 tasks started.
[2025-12-03T23:32:35Z] [[36minfo[0m] [progress_update] aws-us-east-1-aws-aesCtr-512-512-327: 2500/2500 tasks started.alibaba-us-east-1-alibaba-aesCtr-512-512-117: 2500/2500 tasks started.azure-germanywestcentral-azure-aesCtr-512-512-258: 2500/2500 tasks started.gcp-us-east1-gcp-aesCtr-512-512-726: 2500/2500 tasks started.
[2025-12-03T23:32:45Z] [[36minfo[0m] [progress_update] aws-us-east-1-aws-aesCtr-512-512-327: 2500/2500 tasks started.alibaba-us-east-1-alibaba-aesCtr-512-512-117: 2500/2500 tasks started.azure-germanywestcentral-azure-aesCtr-512-512-258: 2500/2500 tasks started.gcp-us-east1-gcp-aesCtr-512-512-726: 2500/2500 tasks started.
[2025-12-03T23:32:55Z] [[36minfo[0m] [progress_update] aws-us-east-1-aws-aesCtr-512-512-327: 2500/2500 tasks started.alibaba-us-east-1-alibaba-aesCtr-512-512-117: 2500/2500 tasks started.azure-germanywestcentral-azure-aesCtr-512-512-258: 2500/2500 tasks started.gcp-us-east1-gcp-aesCtr-512-512-726: 2500/2500 tasks started.
[2025-12-03T23:33:05Z] [[36minfo[0m] [progress_update] aws-us-east-1-aws-aesCtr-512-512-327: 2500/2500 tasks started.alibaba-us-east-1-alibaba-aesCtr-512-512-117: 2500/2500 tasks started.azure-germanywestcentral-azure-aesCtr-512-512-258: 2500/2500 tasks started.gcp-us-east1-gcp-aesCtr-512-512-726: 2500/2500 tasks started.
[2025-12-03T23:33:15Z] [[36minfo[0m] [progress_update] aws-us-east-1-aws-aesCtr-512-512-327: 2500/2500 tasks started.alibaba-us-east-1-alibaba-aesCtr-512-512-117: 2500/2500 tasks started.azure-germanywestcentral-azure-aesCtr-512-512-258: 2500/2500 tasks started.gcp-us-east1-gcp-aesCtr-512-512-726: 2500/2500 tasks started.
[2025-12-03T23:33:15Z] [[36minfo[0m] [function_finished] Finished benchmarking function alibaba-aesCtr-512 and closed archiver
[2025-12-03T23:33:25Z] [[36minfo[0m] [progress_update] aws-us-east-1-aws-aesCtr-512-512-327: 2500/2500 tasks started.alibaba-us-east-1-alibaba-aesCtr-512-512-117: 2500/2500 tasks started.azure-germanywestcentral-azure-aesCtr-512-512-258: 2500/2500 tasks started.gcp-us-east1-gcp-aesCtr-512-512-726: 2500/2500 tasks started.
[2025-12-03T23:33:35Z] [[36minfo[0m] [progress_update] alibaba-us-east-1-alibaba-aesCtr-512-512-117: 2500/2500 tasks started.azure-germanywestcentral-azure-aesCtr-512-512-258: 2500/2500 tasks started.gcp-us-east1-gcp-aesCtr-512-512-726: 2500/2500 tasks started.aws-us-east-1-aws-aesCtr-512-512-327: 2500/2500 tasks started.
[2025-12-03T23:33:45Z] [[36minfo[0m] [progress_update] alibaba-us-east-1-alibaba-aesCtr-512-512-117: 2500/2500 tasks started.azure-germanywestcentral-azure-aesCtr-512-512-258: 2500/2500 tasks started.gcp-us-east1-gcp-aesCtr-512-512-726: 2500/2500 tasks started.aws-us-east-1-aws-aesCtr-512-512-327: 2500/2500 tasks started.
[2025-12-03T23:33:55Z] [[36minfo[0m] [progress_update] alibaba-us-east-1-alibaba-aesCtr-512-512-117: 2500/2500 tasks started.azure-germanywestcentral-azure-aesCtr-512-512-258: 2500/2500 tasks started.gcp-us-east1-gcp-aesCtr-512-512-726: 2500/2500 tasks started.aws-us-east-1-aws-aesCtr-512-512-327: 2500/2500 tasks started.
[2025-12-03T23:34:05Z] [[36minfo[0m] [progress_update] aws-us-east-1-aws-aesCtr-512-512-327: 2500/2500 tasks started.alibaba-us-east-1-alibaba-aesCtr-512-512-117: 2500/2500 tasks started.azure-germanywestcentral-azure-aesCtr-512-512-258: 2500/2500 tasks started.gcp-us-east1-gcp-aesCtr-512-512-726: 2500/2500 tasks started.
[2025-12-03T23:34:15Z] [[36minfo[0m] [progress_update] aws-us-east-1-aws-aesCtr-512-512-327: 2500/2500 tasks started.alibaba-us-east-1-alibaba-aesCtr-512-512-117: 2500/2500 tasks started.azure-germanywestcentral-azure-aesCtr-512-512-258: 2500/2500 tasks started.gcp-us-east1-gcp-aesCtr-512-512-726: 2500/2500 tasks started.
[2025-12-03T23:34:25Z] [[36minfo[0m] [progress_update] aws-us-east-1-aws-aesCtr-512-512-327: 2500/2500 tasks started.alibaba-us-east-1-alibaba-aesCtr-512-512-117: 2500/2500 tasks started.azure-germanywestcentral-azure-aesCtr-512-512-258: 2500/2500 tasks started.gcp-us-east1-gcp-aesCtr-512-512-726: 2500/2500 tasks started.
[2025-12-03T23:34:35Z] [[36minfo[0m] [progress_update] aws-us-east-1-aws-aesCtr-512-512-327: 2500/2500 tasks started.alibaba-us-east-1-alibaba-aesCtr-512-512-117: 2500/2500 tasks started.azure-germanywestcentral-azure-aesCtr-512-512-258: 2500/2500 tasks started.gcp-us-east1-gcp-aesCtr-512-512-726: 2500/2500 tasks started.
[2025-12-03T23:34:45Z] [[36minfo[0m] [progress_update] alibaba-us-east-1-alibaba-aesCtr-512-512-117: 2500/2500 tasks started.azure-germanywestcentral-azure-aesCtr-512-512-258: 2500/2500 tasks started.gcp-us-east1-gcp-aesCtr-512-512-726: 2500/2500 tasks started.aws-us-east-1-aws-aesCtr-512-512-327: 2500/2500 tasks started.
[2025-12-03T23:34:55Z] [[36minfo[0m] [progress_update] aws-us-east-1-aws-aesCtr-512-512-327: 2500/2500 tasks started.alibaba-us-east-1-alibaba-aesCtr-512-512-117: 2500/2500 tasks started.azure-germanywestcentral-azure-aesCtr-512-512-258: 2500/2500 tasks started.gcp-us-east1-gcp-aesCtr-512-512-726: 2500/2500 tasks started.
[2025-12-03T23:35:05Z] [[36minfo[0m] [progress_update] gcp-us-east1-gcp-aesCtr-512-512-726: 2500/2500 tasks started.aws-us-east-1-aws-aesCtr-512-512-327: 2500/2500 tasks started.alibaba-us-east-1-alibaba-aesCtr-512-512-117: 2500/2500 tasks started.azure-germanywestcentral-azure-aesCtr-512-512-258: 2500/2500 tasks started.
[2025-12-03T23:35:15Z] [[36minfo[0m] [progress_update] alibaba-us-east-1-alibaba-aesCtr-512-512-117: 2500/2500 tasks started.azure-germanywestcentral-azure-aesCtr-512-512-258: 2500/2500 tasks started.gcp-us-east1-gcp-aesCtr-512-512-726: 2500/2500 tasks started.aws-us-east-1-aws-aesCtr-512-512-327: 2500/2500 tasks started.
[2025-12-03T23:35:18Z] [[31merror[0m] [task_execution] Error executing task azure-aesCtr-512: task azure-aesCtr-512 failed after 7 retries: <nil>
[2025-12-03T23:35:25Z] [[36minfo[0m] [progress_update] aws-us-east-1-aws-aesCtr-512-512-327: 2500/2500 tasks started.alibaba-us-east-1-alibaba-aesCtr-512-512-117: 2500/2500 tasks started.azure-germanywestcentral-azure-aesCtr-512-512-258: 2500/2500 tasks started.gcp-us-east1-gcp-aesCtr-512-512-726: 2500/2500 tasks started.
[2025-12-03T23:35:35Z] [[31merror[0m] [task_execution] Error executing task azure-aesCtr-512: task azure-aesCtr-512 failed after 7 retries: <nil>
[2025-12-03T23:35:35Z] [[36minfo[0m] [progress_update] azure-germanywestcentral-azure-aesCtr-512-512-258: 2500/2500 tasks started.gcp-us-east1-gcp-aesCtr-512-512-726: 2500/2500 tasks started.aws-us-east-1-aws-aesCtr-512-512-327: 2500/2500 tasks started.alibaba-us-east-1-alibaba-aesCtr-512-512-117: 2500/2500 tasks started.
[2025-12-03T23:35:45Z] [[36minfo[0m] [progress_update] aws-us-east-1-aws-aesCtr-512-512-327: 2500/2500 tasks started.alibaba-us-east-1-alibaba-aesCtr-512-512-117: 2500/2500 tasks started.azure-germanywestcentral-azure-aesCtr-512-512-258: 2500/2500 tasks started.gcp-us-east1-gcp-aesCtr-512-512-726: 2500/2500 tasks started.
[2025-12-03T23:35:51Z] [[31merror[0m] [task_execution] Error executing task azure-aesCtr-512: task azure-aesCtr-512 failed after 7 retries: <nil>
[2025-12-03T23:35:51Z] [[31merror[0m] [task_execution] Error executing task azure-aesCtr-512: task azure-aesCtr-512 failed after 7 retries: <nil>
[2025-12-03T23:35:51Z] [[31merror[0m] [task_execution] Error executing task azure-aesCtr-512: task azure-aesCtr-512 failed after 7 retries: <nil>
[2025-12-03T23:35:51Z] [[31merror[0m] [task_execution] Error executing task azure-aesCtr-512: task azure-aesCtr-512 failed after 7 retries: <nil>
[2025-12-03T23:35:51Z] [[31merror[0m] [task_execution] Error executing task azure-aesCtr-512: task azure-aesCtr-512 failed after 7 retries: <nil>
[2025-12-03T23:35:51Z] [[31merror[0m] [task_execution] Error executing task azure-aesCtr-512: task azure-aesCtr-512 failed after 7 retries: <nil>
[2025-12-03T23:35:51Z] [[31merror[0m] [task_execution] Error executing task azure-aesCtr-512: task azure-aesCtr-512 failed after 7 retries: <nil>
[2025-12-03T23:35:51Z] [[31merror[0m] [task_execution] Error executing task azure-aesCtr-512: task azure-aesCtr-512 failed after 7 retries: <nil>
[2025-12-03T23:35:51Z] [[31merror[0m] [task_execution] Error executing task azure-aesCtr-512: task azure-aesCtr-512 failed after 7 retries: <nil>
[2025-12-03T23:35:51Z] [[31merror[0m] [task_execution] Error executing task azure-aesCtr-512: task azure-aesCtr-512 failed after 7 retries: <nil>
[2025-12-03T23:35:51Z] [[31merror[0m] [task_execution] Error executing task azure-aesCtr-512: task azure-aesCtr-512 failed after 7 retries: <nil>
[2025-12-03T23:35:51Z] [[31merror[0m] [task_execution] Error executing task azure-aesCtr-512: task azure-aesCtr-512 failed after 7 retries: <nil>
[2025-12-03T23:35:51Z] [[31merror[0m] [task_execution] Error executing task azure-aesCtr-512: task azure-aesCtr-512 failed after 7 retries: <nil>
[2025-12-03T23:35:51Z] [[31merror[0m] [task_execution] Error executing task azure-aesCtr-512: task azure-aesCtr-512 failed after 7 retries: <nil>
[2025-12-03T23:35:51Z] [[31merror[0m] [task_execution] Error executing task azure-aesCtr-512: task azure-aesCtr-512 failed after 7 retries: <nil>
[2025-12-03T23:35:51Z] [[31merror[0m] [task_execution] Error executing task azure-aesCtr-512: task azure-aesCtr-512 failed after 7 retries: <nil>
[2025-12-03T23:35:51Z] [[31merror[0m] [task_execution] Error executing task azure-aesCtr-512: task azure-aesCtr-512 failed after 7 retries: <nil>
[2025-12-03T23:35:51Z] [[31merror[0m] [task_execution] Error executing task azure-aesCtr-512: task azure-aesCtr-512 failed after 7 retries: <nil>
[2025-12-03T23:35:51Z] [[31merror[0m] [task_execution] Error executing task azure-aesCtr-512: task azure-aesCtr-512 failed after 7 retries: <nil>
[2025-12-03T23:35:51Z] [[31merror[0m] [task_execution] Error executing task azure-aesCtr-512: task azure-aesCtr-512 failed after 7 retries: <nil>
[2025-12-03T23:35:51Z] [[31merror[0m] [task_execution] Error executing task azure-aesCtr-512: task azure-aesCtr-512 failed after 7 retries: <nil>
[2025-12-03T23:35:51Z] [[31merror[0m] [task_execution] Error executing task azure-aesCtr-512: task azure-aesCtr-512 failed after 7 retries: <nil>
[2025-12-03T23:35:51Z] [[31merror[0m] [task_execution] Error executing task azure-aesCtr-512: task azure-aesCtr-512 failed after 7 retries: <nil>
[2025-12-03T23:35:51Z] [[31merror[0m] [task_execution] Error executing task azure-aesCtr-512: task azure-aesCtr-512 failed after 7 retries: <nil>
[2025-12-03T23:35:51Z] [[31merror[0m] [task_execution] Error executing task azure-aesCtr-512: task azure-aesCtr-512 failed after 7 retries: <nil>
[2025-12-03T23:35:51Z] [[31merror[0m] [task_execution] Error executing task azure-aesCtr-512: task azure-aesCtr-512 failed after 7 retries: <nil>
[2025-12-03T23:35:51Z] [[31merror[0m] [task_execution] Error executing task azure-aesCtr-512: task azure-aesCtr-512 failed after 7 retries: <nil>
[2025-12-03T23:35:51Z] [[31merror[0m] [task_execution] Error executing task azure-aesCtr-512: task azure-aesCtr-512 failed after 7 retries: <nil>
[2025-12-03T23:35:51Z] [[31merror[0m] [task_execution] Error executing task azure-aesCtr-512: task azure-aesCtr-512 failed after 7 retries: <nil>
[2025-12-03T23:35:51Z] [[31merror[0m] [task_execution] Error executing task azure-aesCtr-512: task azure-aesCtr-512 failed after 7 retries: <nil>
[2025-12-03T23:35:51Z] [[31merror[0m] [task_execution] Error executing task azure-aesCtr-512: task azure-aesCtr-512 failed after 7 retries: <nil>
[2025-12-03T23:35:51Z] [[31merror[0m] [task_execution] Error executing task azure-aesCtr-512: task azure-aesCtr-512 failed after 7 retries: <nil>
[2025-12-03T23:35:51Z] [[31merror[0m] [task_execution] Error executing task azure-aesCtr-512: task azure-aesCtr-512 failed after 7 retries: <nil>
[2025-12-03T23:35:51Z] [[31merror[0m] [task_execution] Error executing task azure-aesCtr-512: task azure-aesCtr-512 failed after 7 retries: <nil>
[2025-12-03T23:35:51Z] [[31merror[0m] [task_execution] Error executing task azure-aesCtr-512: task azure-aesCtr-512 failed after 7 retries: <nil>
[2025-12-03T23:35:51Z] [[31merror[0m] [task_execution] Error executing task azure-aesCtr-512: task azure-aesCtr-512 failed after 7 retries: <nil>
[2025-12-03T23:35:51Z] [[31merror[0m] [task_execution] Error executing task azure-aesCtr-512: task azure-aesCtr-512 failed after 7 retries: <nil>
[2025-12-03T23:35:51Z] [[31merror[0m] [task_execution] Error executing task azure-aesCtr-512: task azure-aesCtr-512 failed after 7 retries: <nil>
[2025-12-03T23:35:51Z] [[31merror[0m] [task_execution] Error executing task azure-aesCtr-512: task azure-aesCtr-512 failed after 7 retries: <nil>
[2025-12-03T23:35:51Z] [[31merror[0m] [task_execution] Error executing task azure-aesCtr-512: task azure-aesCtr-512 failed after 7 retries: <nil>
[2025-12-03T23:35:51Z] [[31merror[0m] [task_execution] Error executing task azure-aesCtr-512: task azure-aesCtr-512 failed after 7 retries: <nil>
[2025-12-03T23:35:51Z] [[31merror[0m] [task_execution] Error executing task azure-aesCtr-512: task azure-aesCtr-512 failed after 7 retries: <nil>
[2025-12-03T23:35:51Z] [[31merror[0m] [task_execution] Error executing task azure-aesCtr-512: task azure-aesCtr-512 failed after 7 retries: <nil>
[2025-12-03T23:35:51Z] [[31merror[0m] [task_execution] Error executing task azure-aesCtr-512: task azure-aesCtr-512 failed after 7 retries: <nil>
[2025-12-03T23:35:51Z] [[31merror[0m] [task_execution] Error executing task azure-aesCtr-512: task azure-aesCtr-512 failed after 7 retries: <nil>
[2025-12-03T23:35:51Z] [[31merror[0m] [task_execution] Error executing task azure-aesCtr-512: task azure-aesCtr-512 failed after 7 retries: <nil>
[2025-12-03T23:35:52Z] [[31merror[0m] [task_execution] Error executing task azure-aesCtr-512: task azure-aesCtr-512 failed after 7 retries: <nil>
[2025-12-03T23:35:52Z] [[31merror[0m] [task_execution] Error executing task azure-aesCtr-512: task azure-aesCtr-512 failed after 7 retries: <nil>
[2025-12-03T23:35:52Z] [[31merror[0m] [task_execution] Error executing task azure-aesCtr-512: task azure-aesCtr-512 failed after 7 retries: <nil>
[2025-12-03T23:35:52Z] [[31merror[0m] [task_execution] Error executing task azure-aesCtr-512: task azure-aesCtr-512 failed after 7 retries: <nil>
[2025-12-03T23:35:52Z] [[31merror[0m] [task_execution] Error executing task azure-aesCtr-512: task azure-aesCtr-512 failed after 7 retries: <nil>
[2025-12-03T23:35:52Z] [[31merror[0m] [task_execution] Error executing task azure-aesCtr-512: task azure-aesCtr-512 failed after 7 retries: <nil>
[2025-12-03T23:35:52Z] [[31merror[0m] [task_execution] Error executing task azure-aesCtr-512: task azure-aesCtr-512 failed after 7 retries: <nil>
[2025-12-03T23:35:52Z] [[31merror[0m] [task_execution] Error executing task azure-aesCtr-512: task azure-aesCtr-512 failed after 7 retries: <nil>
[2025-12-03T23:35:52Z] [[31merror[0m] [task_execution] Error executing task azure-aesCtr-512: task azure-aesCtr-512 failed after 7 retries: <nil>
[2025-12-03T23:35:52Z] [[31merror[0m] [task_execution] Error executing task azure-aesCtr-512: task azure-aesCtr-512 failed after 7 retries: <nil>
[2025-12-03T23:35:52Z] [[31merror[0m] [task_execution] Error executing task azure-aesCtr-512: task azure-aesCtr-512 failed after 7 retries: <nil>
[2025-12-03T23:35:52Z] [[31merror[0m] [task_execution] Error executing task azure-aesCtr-512: task azure-aesCtr-512 failed after 7 retries: <nil>
[2025-12-03T23:35:52Z] [[31merror[0m] [task_execution] Error executing task azure-aesCtr-512: task azure-aesCtr-512 failed after 7 retries: <nil>
[2025-12-03T23:35:52Z] [[31merror[0m] [task_execution] Error executing task azure-aesCtr-512: task azure-aesCtr-512 failed after 7 retries: <nil>
[2025-12-03T23:35:52Z] [[31merror[0m] [task_execution] Error executing task azure-aesCtr-512: task azure-aesCtr-512 failed after 7 retries: <nil>
[2025-12-03T23:35:52Z] [[31merror[0m] [task_execution] Error executing task azure-aesCtr-512: task azure-aesCtr-512 failed after 7 retries: <nil>
[2025-12-03T23:35:52Z] [[31merror[0m] [task_execution] Error executing task azure-aesCtr-512: task azure-aesCtr-512 failed after 7 retries: <nil>
[2025-12-03T23:35:55Z] [[36minfo[0m] [progress_update] aws-us-east-1-aws-aesCtr-512-512-327: 2500/2500 tasks started.alibaba-us-east-1-alibaba-aesCtr-512-512-117: 2500/2500 tasks started.azure-germanywestcentral-azure-aesCtr-512-512-258: 2500/2500 tasks started.gcp-us-east1-gcp-aesCtr-512-512-726: 2500/2500 tasks started.
[2025-12-03T23:36:05Z] [[36minfo[0m] [progress_update] aws-us-east-1-aws-aesCtr-512-512-327: 2500/2500 tasks started.alibaba-us-east-1-alibaba-aesCtr-512-512-117: 2500/2500 tasks started.azure-germanywestcentral-azure-aesCtr-512-512-258: 2500/2500 tasks started.gcp-us-east1-gcp-aesCtr-512-512-726: 2500/2500 tasks started.
[2025-12-03T23:36:15Z] [[36minfo[0m] [progress_update] aws-us-east-1-aws-aesCtr-512-512-327: 2500/2500 tasks started.alibaba-us-east-1-alibaba-aesCtr-512-512-117: 2500/2500 tasks started.azure-germanywestcentral-azure-aesCtr-512-512-258: 2500/2500 tasks started.gcp-us-east1-gcp-aesCtr-512-512-726: 2500/2500 tasks started.
[2025-12-03T23:36:25Z] [[36minfo[0m] [progress_update] gcp-us-east1-gcp-aesCtr-512-512-726: 2500/2500 tasks started.aws-us-east-1-aws-aesCtr-512-512-327: 2500/2500 tasks started.alibaba-us-east-1-alibaba-aesCtr-512-512-117: 2500/2500 tasks started.azure-germanywestcentral-azure-aesCtr-512-512-258: 2500/2500 tasks started.
[2025-12-03T23:36:29Z] [[31merror[0m] [task_execution] Error executing task azure-aesCtr-512: task azure-aesCtr-512 failed after 7 retries: <nil>
[2025-12-03T23:36:34Z] [[36minfo[0m] [function_finished] Finished benchmarking function azure-aesCtr-512 and closed archiver
[2025-12-03T23:36:35Z] [[36minfo[0m] [progress_update] aws-us-east-1-aws-aesCtr-512-512-327: 2500/2500 tasks started.alibaba-us-east-1-alibaba-aesCtr-512-512-117: 2500/2500 tasks started.azure-germanywestcentral-azure-aesCtr-512-512-258: 2500/2500 tasks started.gcp-us-east1-gcp-aesCtr-512-512-726: 2500/2500 tasks started.
[2025-12-03T23:36:36Z] [[36minfo[0m] [finish_timeline] Benchmark Timeline
[Wed Dec  3 23:36:36 UTC 2025] Finished benchmark 'aesctr' successfully
[Wed Dec  3 23:36:36 UTC 2025] Sleeping 600 seconds before next workload...
