[Sun Nov 30 11:30:29 UTC 2025] Starting benchmark 'gzip' with config './configs/gzip.yaml'
Validating functions...
[2025-11-30T11:30:29Z] [[36minfo[0m] [executor_setup] Setting up executor for aws-us-east-1-aws-gzip-512-512-330
[2025-11-30T11:30:29Z] [[36minfo[0m] [executor_setup] Setting up executor for alibaba-us-east-1-alibaba-gzip-512-512-982
[2025-11-30T11:30:29Z] [[36minfo[0m] [executor_setup] Setting up executor for azure-germanywestcentral-azure-gzip-512-512-896
[2025-11-30T11:30:29Z] [[0mwarning[0m] [[32mazure_limitations[0m] Azure can´t handle more than 300 parallel requests. Limiting to 300.
[2025-11-30T11:30:29Z] [[36minfo[0m] [executor_setup] Setting up executor for gcp-us-east1-gcp-gzip-512-512-364
[2025-11-30T11:30:29Z] [[36minfo[0m] [start_timeline] Benchmark Timeline
[2025-11-30T11:30:29Z] [[36minfo[0m] [load_generator_start] (gcp: us-east1) Starting load generator with 300 workers
[2025-11-30T11:30:29Z] [[36minfo[0m] [load_generator_start] (aws: us-east-1) Starting load generator with 500 workers
[2025-11-30T11:30:29Z] [[36minfo[0m] [load_generator_start] (alibaba: us-east-1) Starting load generator with 500 workers
[2025-11-30T11:30:29Z] [[36minfo[0m] [load_generator_start] (azure: germanywestcentral) Starting load generator with 300 workers
[2025-11-30T11:30:39Z] [[36minfo[0m] [progress_update] gcp-us-east1-gcp-gzip-512-512-364: 1205/2500 tasks started.aws-us-east-1-aws-gzip-512-512-330: 2061/2500 tasks started.alibaba-us-east-1-alibaba-gzip-512-512-982: 1982/2500 tasks started.azure-germanywestcentral-azure-gzip-512-512-896: 651/2500 tasks started.
[2025-11-30T11:30:49Z] [[36minfo[0m] [progress_update] gcp-us-east1-gcp-gzip-512-512-364: 2271/2500 tasks started.aws-us-east-1-aws-gzip-512-512-330: 2500/2500 tasks started.alibaba-us-east-1-alibaba-gzip-512-512-982: 2500/2500 tasks started.azure-germanywestcentral-azure-gzip-512-512-896: 664/2500 tasks started.
[2025-11-30T11:30:54Z] [[36minfo[0m] [function_finished] Finished benchmarking function aws-gzip-512 and closed archiver
[2025-11-30T11:30:59Z] [[36minfo[0m] [progress_update] aws-us-east-1-aws-gzip-512-512-330: 2500/2500 tasks started.alibaba-us-east-1-alibaba-gzip-512-512-982: 2500/2500 tasks started.azure-germanywestcentral-azure-gzip-512-512-896: 1297/2500 tasks started.gcp-us-east1-gcp-gzip-512-512-364: 2500/2500 tasks started.
[2025-11-30T11:31:05Z] [[36minfo[0m] [function_finished] Finished benchmarking function gcp-gzip-512 and closed archiver
[2025-11-30T11:31:09Z] [[36minfo[0m] [progress_update] aws-us-east-1-aws-gzip-512-512-330: 2500/2500 tasks started.alibaba-us-east-1-alibaba-gzip-512-512-982: 2500/2500 tasks started.azure-germanywestcentral-azure-gzip-512-512-896: 1782/2500 tasks started.gcp-us-east1-gcp-gzip-512-512-364: 2500/2500 tasks started.
[2025-11-30T11:31:19Z] [[36minfo[0m] [progress_update] aws-us-east-1-aws-gzip-512-512-330: 2500/2500 tasks started.alibaba-us-east-1-alibaba-gzip-512-512-982: 2500/2500 tasks started.azure-germanywestcentral-azure-gzip-512-512-896: 2247/2500 tasks started.gcp-us-east1-gcp-gzip-512-512-364: 2500/2500 tasks started.
[2025-11-30T11:31:29Z] [[36minfo[0m] [progress_update] alibaba-us-east-1-alibaba-gzip-512-512-982: 2500/2500 tasks started.azure-germanywestcentral-azure-gzip-512-512-896: 2262/2500 tasks started.gcp-us-east1-gcp-gzip-512-512-364: 2500/2500 tasks started.aws-us-east-1-aws-gzip-512-512-330: 2500/2500 tasks started.
[2025-11-30T11:31:39Z] [[36minfo[0m] [progress_update] alibaba-us-east-1-alibaba-gzip-512-512-982: 2500/2500 tasks started.azure-germanywestcentral-azure-gzip-512-512-896: 2302/2500 tasks started.gcp-us-east1-gcp-gzip-512-512-364: 2500/2500 tasks started.aws-us-east-1-aws-gzip-512-512-330: 2500/2500 tasks started.
[2025-11-30T11:31:49Z] [[36minfo[0m] [progress_update] aws-us-east-1-aws-gzip-512-512-330: 2500/2500 tasks started.alibaba-us-east-1-alibaba-gzip-512-512-982: 2500/2500 tasks started.azure-germanywestcentral-azure-gzip-512-512-896: 2333/2500 tasks started.gcp-us-east1-gcp-gzip-512-512-364: 2500/2500 tasks started.
[2025-11-30T11:31:49Z] [[36minfo[0m] [function_finished] Finished benchmarking function alibaba-gzip-512 and closed archiver
[2025-11-30T11:31:59Z] [[36minfo[0m] [progress_update] aws-us-east-1-aws-gzip-512-512-330: 2500/2500 tasks started.alibaba-us-east-1-alibaba-gzip-512-512-982: 2500/2500 tasks started.azure-germanywestcentral-azure-gzip-512-512-896: 2351/2500 tasks started.gcp-us-east1-gcp-gzip-512-512-364: 2500/2500 tasks started.
[2025-11-30T11:32:09Z] [[36minfo[0m] [progress_update] aws-us-east-1-aws-gzip-512-512-330: 2500/2500 tasks started.alibaba-us-east-1-alibaba-gzip-512-512-982: 2500/2500 tasks started.azure-germanywestcentral-azure-gzip-512-512-896: 2357/2500 tasks started.gcp-us-east1-gcp-gzip-512-512-364: 2500/2500 tasks started.
[2025-11-30T11:32:19Z] [[36minfo[0m] [progress_update] aws-us-east-1-aws-gzip-512-512-330: 2500/2500 tasks started.alibaba-us-east-1-alibaba-gzip-512-512-982: 2500/2500 tasks started.azure-germanywestcentral-azure-gzip-512-512-896: 2407/2500 tasks started.gcp-us-east1-gcp-gzip-512-512-364: 2500/2500 tasks started.
[2025-11-30T11:32:29Z] [[36minfo[0m] [progress_update] azure-germanywestcentral-azure-gzip-512-512-896: 2500/2500 tasks started.gcp-us-east1-gcp-gzip-512-512-364: 2500/2500 tasks started.aws-us-east-1-aws-gzip-512-512-330: 2500/2500 tasks started.alibaba-us-east-1-alibaba-gzip-512-512-982: 2500/2500 tasks started.
[2025-11-30T11:32:39Z] [[36minfo[0m] [progress_update] aws-us-east-1-aws-gzip-512-512-330: 2500/2500 tasks started.alibaba-us-east-1-alibaba-gzip-512-512-982: 2500/2500 tasks started.azure-germanywestcentral-azure-gzip-512-512-896: 2500/2500 tasks started.gcp-us-east1-gcp-gzip-512-512-364: 2500/2500 tasks started.
[2025-11-30T11:32:49Z] [[36minfo[0m] [progress_update] gcp-us-east1-gcp-gzip-512-512-364: 2500/2500 tasks started.aws-us-east-1-aws-gzip-512-512-330: 2500/2500 tasks started.alibaba-us-east-1-alibaba-gzip-512-512-982: 2500/2500 tasks started.azure-germanywestcentral-azure-gzip-512-512-896: 2500/2500 tasks started.
[2025-11-30T11:32:59Z] [[36minfo[0m] [progress_update] gcp-us-east1-gcp-gzip-512-512-364: 2500/2500 tasks started.aws-us-east-1-aws-gzip-512-512-330: 2500/2500 tasks started.alibaba-us-east-1-alibaba-gzip-512-512-982: 2500/2500 tasks started.azure-germanywestcentral-azure-gzip-512-512-896: 2500/2500 tasks started.
[2025-11-30T11:33:09Z] [[36minfo[0m] [progress_update] aws-us-east-1-aws-gzip-512-512-330: 2500/2500 tasks started.alibaba-us-east-1-alibaba-gzip-512-512-982: 2500/2500 tasks started.azure-germanywestcentral-azure-gzip-512-512-896: 2500/2500 tasks started.gcp-us-east1-gcp-gzip-512-512-364: 2500/2500 tasks started.
[2025-11-30T11:33:19Z] [[36minfo[0m] [progress_update] alibaba-us-east-1-alibaba-gzip-512-512-982: 2500/2500 tasks started.azure-germanywestcentral-azure-gzip-512-512-896: 2500/2500 tasks started.gcp-us-east1-gcp-gzip-512-512-364: 2500/2500 tasks started.aws-us-east-1-aws-gzip-512-512-330: 2500/2500 tasks started.
[2025-11-30T11:33:29Z] [[36minfo[0m] [progress_update] aws-us-east-1-aws-gzip-512-512-330: 2500/2500 tasks started.alibaba-us-east-1-alibaba-gzip-512-512-982: 2500/2500 tasks started.azure-germanywestcentral-azure-gzip-512-512-896: 2500/2500 tasks started.gcp-us-east1-gcp-gzip-512-512-364: 2500/2500 tasks started.
[2025-11-30T11:33:39Z] [[36minfo[0m] [progress_update] gcp-us-east1-gcp-gzip-512-512-364: 2500/2500 tasks started.aws-us-east-1-aws-gzip-512-512-330: 2500/2500 tasks started.alibaba-us-east-1-alibaba-gzip-512-512-982: 2500/2500 tasks started.azure-germanywestcentral-azure-gzip-512-512-896: 2500/2500 tasks started.
[2025-11-30T11:33:49Z] [[36minfo[0m] [progress_update] aws-us-east-1-aws-gzip-512-512-330: 2500/2500 tasks started.alibaba-us-east-1-alibaba-gzip-512-512-982: 2500/2500 tasks started.azure-germanywestcentral-azure-gzip-512-512-896: 2500/2500 tasks started.gcp-us-east1-gcp-gzip-512-512-364: 2500/2500 tasks started.
[2025-11-30T11:33:59Z] [[36minfo[0m] [progress_update] aws-us-east-1-aws-gzip-512-512-330: 2500/2500 tasks started.alibaba-us-east-1-alibaba-gzip-512-512-982: 2500/2500 tasks started.azure-germanywestcentral-azure-gzip-512-512-896: 2500/2500 tasks started.gcp-us-east1-gcp-gzip-512-512-364: 2500/2500 tasks started.
[2025-11-30T11:34:09Z] [[36minfo[0m] [progress_update] aws-us-east-1-aws-gzip-512-512-330: 2500/2500 tasks started.alibaba-us-east-1-alibaba-gzip-512-512-982: 2500/2500 tasks started.azure-germanywestcentral-azure-gzip-512-512-896: 2500/2500 tasks started.gcp-us-east1-gcp-gzip-512-512-364: 2500/2500 tasks started.
[2025-11-30T11:34:19Z] [[36minfo[0m] [progress_update] gcp-us-east1-gcp-gzip-512-512-364: 2500/2500 tasks started.aws-us-east-1-aws-gzip-512-512-330: 2500/2500 tasks started.alibaba-us-east-1-alibaba-gzip-512-512-982: 2500/2500 tasks started.azure-germanywestcentral-azure-gzip-512-512-896: 2500/2500 tasks started.
[2025-11-30T11:34:29Z] [[36minfo[0m] [progress_update] aws-us-east-1-aws-gzip-512-512-330: 2500/2500 tasks started.alibaba-us-east-1-alibaba-gzip-512-512-982: 2500/2500 tasks started.azure-germanywestcentral-azure-gzip-512-512-896: 2500/2500 tasks started.gcp-us-east1-gcp-gzip-512-512-364: 2500/2500 tasks started.
[2025-11-30T11:34:39Z] [[36minfo[0m] [progress_update] gcp-us-east1-gcp-gzip-512-512-364: 2500/2500 tasks started.aws-us-east-1-aws-gzip-512-512-330: 2500/2500 tasks started.alibaba-us-east-1-alibaba-gzip-512-512-982: 2500/2500 tasks started.azure-germanywestcentral-azure-gzip-512-512-896: 2500/2500 tasks started.
[2025-11-30T11:34:49Z] [[36minfo[0m] [progress_update] aws-us-east-1-aws-gzip-512-512-330: 2500/2500 tasks started.alibaba-us-east-1-alibaba-gzip-512-512-982: 2500/2500 tasks started.azure-germanywestcentral-azure-gzip-512-512-896: 2500/2500 tasks started.gcp-us-east1-gcp-gzip-512-512-364: 2500/2500 tasks started.
[2025-11-30T11:34:59Z] [[36minfo[0m] [progress_update] alibaba-us-east-1-alibaba-gzip-512-512-982: 2500/2500 tasks started.azure-germanywestcentral-azure-gzip-512-512-896: 2500/2500 tasks started.gcp-us-east1-gcp-gzip-512-512-364: 2500/2500 tasks started.aws-us-east-1-aws-gzip-512-512-330: 2500/2500 tasks started.
[2025-11-30T11:35:09Z] [[36minfo[0m] [progress_update] aws-us-east-1-aws-gzip-512-512-330: 2500/2500 tasks started.alibaba-us-east-1-alibaba-gzip-512-512-982: 2500/2500 tasks started.azure-germanywestcentral-azure-gzip-512-512-896: 2500/2500 tasks started.gcp-us-east1-gcp-gzip-512-512-364: 2500/2500 tasks started.
[2025-11-30T11:35:19Z] [[36minfo[0m] [progress_update] alibaba-us-east-1-alibaba-gzip-512-512-982: 2500/2500 tasks started.azure-germanywestcentral-azure-gzip-512-512-896: 2500/2500 tasks started.gcp-us-east1-gcp-gzip-512-512-364: 2500/2500 tasks started.aws-us-east-1-aws-gzip-512-512-330: 2500/2500 tasks started.
[2025-11-30T11:35:28Z] [[31merror[0m] [task_execution] Error executing task azure-gzip-512: task azure-gzip-512 failed after 7 retries: <nil>
[2025-11-30T11:35:29Z] [[31merror[0m] [task_execution] Error executing task azure-gzip-512: task azure-gzip-512 failed after 7 retries: <nil>
[2025-11-30T11:35:29Z] [[31merror[0m] [task_execution] Error executing task azure-gzip-512: task azure-gzip-512 failed after 7 retries: <nil>
[2025-11-30T11:35:29Z] [[31merror[0m] [task_execution] Error executing task azure-gzip-512: task azure-gzip-512 failed after 7 retries: <nil>
[2025-11-30T11:35:29Z] [[31merror[0m] [task_execution] Error executing task azure-gzip-512: task azure-gzip-512 failed after 7 retries: <nil>
[2025-11-30T11:35:29Z] [[36minfo[0m] [progress_update] azure-germanywestcentral-azure-gzip-512-512-896: 2500/2500 tasks started.gcp-us-east1-gcp-gzip-512-512-364: 2500/2500 tasks started.aws-us-east-1-aws-gzip-512-512-330: 2500/2500 tasks started.alibaba-us-east-1-alibaba-gzip-512-512-982: 2500/2500 tasks started.
[2025-11-30T11:35:39Z] [[36minfo[0m] [progress_update] alibaba-us-east-1-alibaba-gzip-512-512-982: 2500/2500 tasks started.azure-germanywestcentral-azure-gzip-512-512-896: 2500/2500 tasks started.gcp-us-east1-gcp-gzip-512-512-364: 2500/2500 tasks started.aws-us-east-1-aws-gzip-512-512-330: 2500/2500 tasks started.
[2025-11-30T11:35:49Z] [[36minfo[0m] [progress_update] aws-us-east-1-aws-gzip-512-512-330: 2500/2500 tasks started.alibaba-us-east-1-alibaba-gzip-512-512-982: 2500/2500 tasks started.azure-germanywestcentral-azure-gzip-512-512-896: 2500/2500 tasks started.gcp-us-east1-gcp-gzip-512-512-364: 2500/2500 tasks started.
[2025-11-30T11:35:57Z] [[31merror[0m] [task_execution] Error executing task azure-gzip-512: task azure-gzip-512 failed after 7 retries: <nil>
[2025-11-30T11:35:59Z] [[36minfo[0m] [progress_update] aws-us-east-1-aws-gzip-512-512-330: 2500/2500 tasks started.alibaba-us-east-1-alibaba-gzip-512-512-982: 2500/2500 tasks started.azure-germanywestcentral-azure-gzip-512-512-896: 2500/2500 tasks started.gcp-us-east1-gcp-gzip-512-512-364: 2500/2500 tasks started.
[2025-11-30T11:36:01Z] [[31merror[0m] [task_execution] Error executing task azure-gzip-512: task azure-gzip-512 failed after 7 retries: <nil>
[2025-11-30T11:36:01Z] [[31merror[0m] [task_execution] Error executing task azure-gzip-512: task azure-gzip-512 failed after 7 retries: <nil>
[2025-11-30T11:36:06Z] [[36minfo[0m] [function_finished] Finished benchmarking function azure-gzip-512 and closed archiver
[2025-11-30T11:36:08Z] [[36minfo[0m] [finish_timeline] Benchmark Timeline
[Sun Nov 30 11:36:08 UTC 2025] Finished benchmark 'gzip' successfully
[Sun Nov 30 11:36:08 UTC 2025] Sleeping 600 seconds before next workload...
