[Fri Dec  5 17:15:06 UTC 2025] Starting benchmark 'gzip' with config './configs/gzip.yaml'
Validating functions...
[2025-12-05T17:15:06Z] [[36minfo[0m] [executor_setup] Setting up executor for aws-us-east-1-aws-gzip-512-512-551
[2025-12-05T17:15:06Z] [[36minfo[0m] [executor_setup] Setting up executor for alibaba-us-east-1-alibaba-gzip-512-512-109
[2025-12-05T17:15:06Z] [[36minfo[0m] [executor_setup] Setting up executor for azure-germanywestcentral-azure-gzip-512-512-271
[2025-12-05T17:15:06Z] [[0mwarning[0m] [[32mazure_limitations[0m] Azure can´t handle more than 300 parallel requests. Limiting to 300.
[2025-12-05T17:15:06Z] [[36minfo[0m] [executor_setup] Setting up executor for gcp-us-east1-gcp-gzip-512-512-615
[2025-12-05T17:15:06Z] [[36minfo[0m] [start_timeline] Benchmark Timeline
[2025-12-05T17:15:06Z] [[36minfo[0m] [load_generator_start] (gcp: us-east1) Starting load generator with 300 workers
[2025-12-05T17:15:06Z] [[36minfo[0m] [load_generator_start] (aws: us-east-1) Starting load generator with 500 workers
[2025-12-05T17:15:06Z] [[36minfo[0m] [load_generator_start] (alibaba: us-east-1) Starting load generator with 500 workers
[2025-12-05T17:15:06Z] [[36minfo[0m] [load_generator_start] (azure: germanywestcentral) Starting load generator with 300 workers
[2025-12-05T17:15:16Z] [[36minfo[0m] [progress_update] aws-us-east-1-aws-gzip-512-512-551: 1859/2500 tasks started.alibaba-us-east-1-alibaba-gzip-512-512-109: 1774/2500 tasks started.azure-germanywestcentral-azure-gzip-512-512-271: 606/2500 tasks started.gcp-us-east1-gcp-gzip-512-512-615: 1038/2500 tasks started.
[2025-12-05T17:15:26Z] [[36minfo[0m] [progress_update] azure-germanywestcentral-azure-gzip-512-512-271: 606/2500 tasks started.gcp-us-east1-gcp-gzip-512-512-615: 2071/2500 tasks started.aws-us-east-1-aws-gzip-512-512-551: 2500/2500 tasks started.alibaba-us-east-1-alibaba-gzip-512-512-109: 2500/2500 tasks started.
[2025-12-05T17:15:33Z] [[36minfo[0m] [function_finished] Finished benchmarking function aws-gzip-512 and closed archiver
[2025-12-05T17:15:36Z] [[36minfo[0m] [progress_update] aws-us-east-1-aws-gzip-512-512-551: 2500/2500 tasks started.alibaba-us-east-1-alibaba-gzip-512-512-109: 2500/2500 tasks started.azure-germanywestcentral-azure-gzip-512-512-271: 1306/2500 tasks started.gcp-us-east1-gcp-gzip-512-512-615: 2500/2500 tasks started.
[2025-12-05T17:15:46Z] [[36minfo[0m] [progress_update] alibaba-us-east-1-alibaba-gzip-512-512-109: 2500/2500 tasks started.azure-germanywestcentral-azure-gzip-512-512-271: 1854/2500 tasks started.gcp-us-east1-gcp-gzip-512-512-615: 2500/2500 tasks started.aws-us-east-1-aws-gzip-512-512-551: 2500/2500 tasks started.
[2025-12-05T17:15:51Z] [[36minfo[0m] [function_finished] Finished benchmarking function gcp-gzip-512 and closed archiver
[2025-12-05T17:15:56Z] [[36minfo[0m] [progress_update] azure-germanywestcentral-azure-gzip-512-512-271: 2313/2500 tasks started.gcp-us-east1-gcp-gzip-512-512-615: 2500/2500 tasks started.aws-us-east-1-aws-gzip-512-512-551: 2500/2500 tasks started.alibaba-us-east-1-alibaba-gzip-512-512-109: 2500/2500 tasks started.
[2025-12-05T17:16:01Z] [[36minfo[0m] [function_finished] Finished benchmarking function alibaba-gzip-512 and closed archiver
[2025-12-05T17:16:06Z] [[36minfo[0m] [progress_update] alibaba-us-east-1-alibaba-gzip-512-512-109: 2500/2500 tasks started.azure-germanywestcentral-azure-gzip-512-512-271: 2313/2500 tasks started.gcp-us-east1-gcp-gzip-512-512-615: 2500/2500 tasks started.aws-us-east-1-aws-gzip-512-512-551: 2500/2500 tasks started.
[2025-12-05T17:16:16Z] [[36minfo[0m] [progress_update] aws-us-east-1-aws-gzip-512-512-551: 2500/2500 tasks started.alibaba-us-east-1-alibaba-gzip-512-512-109: 2500/2500 tasks started.azure-germanywestcentral-azure-gzip-512-512-271: 2500/2500 tasks started.gcp-us-east1-gcp-gzip-512-512-615: 2500/2500 tasks started.
[2025-12-05T17:16:26Z] [[36minfo[0m] [progress_update] aws-us-east-1-aws-gzip-512-512-551: 2500/2500 tasks started.alibaba-us-east-1-alibaba-gzip-512-512-109: 2500/2500 tasks started.azure-germanywestcentral-azure-gzip-512-512-271: 2500/2500 tasks started.gcp-us-east1-gcp-gzip-512-512-615: 2500/2500 tasks started.
[2025-12-05T17:16:36Z] [[36minfo[0m] [progress_update] azure-germanywestcentral-azure-gzip-512-512-271: 2500/2500 tasks started.gcp-us-east1-gcp-gzip-512-512-615: 2500/2500 tasks started.aws-us-east-1-aws-gzip-512-512-551: 2500/2500 tasks started.alibaba-us-east-1-alibaba-gzip-512-512-109: 2500/2500 tasks started.
[2025-12-05T17:16:46Z] [[36minfo[0m] [progress_update] aws-us-east-1-aws-gzip-512-512-551: 2500/2500 tasks started.alibaba-us-east-1-alibaba-gzip-512-512-109: 2500/2500 tasks started.azure-germanywestcentral-azure-gzip-512-512-271: 2500/2500 tasks started.gcp-us-east1-gcp-gzip-512-512-615: 2500/2500 tasks started.
[2025-12-05T17:16:56Z] [[36minfo[0m] [progress_update] alibaba-us-east-1-alibaba-gzip-512-512-109: 2500/2500 tasks started.azure-germanywestcentral-azure-gzip-512-512-271: 2500/2500 tasks started.gcp-us-east1-gcp-gzip-512-512-615: 2500/2500 tasks started.aws-us-east-1-aws-gzip-512-512-551: 2500/2500 tasks started.
[2025-12-05T17:17:06Z] [[36minfo[0m] [progress_update] azure-germanywestcentral-azure-gzip-512-512-271: 2500/2500 tasks started.gcp-us-east1-gcp-gzip-512-512-615: 2500/2500 tasks started.aws-us-east-1-aws-gzip-512-512-551: 2500/2500 tasks started.alibaba-us-east-1-alibaba-gzip-512-512-109: 2500/2500 tasks started.
[2025-12-05T17:17:16Z] [[36minfo[0m] [progress_update] aws-us-east-1-aws-gzip-512-512-551: 2500/2500 tasks started.alibaba-us-east-1-alibaba-gzip-512-512-109: 2500/2500 tasks started.azure-germanywestcentral-azure-gzip-512-512-271: 2500/2500 tasks started.gcp-us-east1-gcp-gzip-512-512-615: 2500/2500 tasks started.
[2025-12-05T17:17:26Z] [[36minfo[0m] [progress_update] aws-us-east-1-aws-gzip-512-512-551: 2500/2500 tasks started.alibaba-us-east-1-alibaba-gzip-512-512-109: 2500/2500 tasks started.azure-germanywestcentral-azure-gzip-512-512-271: 2500/2500 tasks started.gcp-us-east1-gcp-gzip-512-512-615: 2500/2500 tasks started.
[2025-12-05T17:17:36Z] [[36minfo[0m] [progress_update] aws-us-east-1-aws-gzip-512-512-551: 2500/2500 tasks started.alibaba-us-east-1-alibaba-gzip-512-512-109: 2500/2500 tasks started.azure-germanywestcentral-azure-gzip-512-512-271: 2500/2500 tasks started.gcp-us-east1-gcp-gzip-512-512-615: 2500/2500 tasks started.
[2025-12-05T17:17:46Z] [[36minfo[0m] [progress_update] azure-germanywestcentral-azure-gzip-512-512-271: 2500/2500 tasks started.gcp-us-east1-gcp-gzip-512-512-615: 2500/2500 tasks started.aws-us-east-1-aws-gzip-512-512-551: 2500/2500 tasks started.alibaba-us-east-1-alibaba-gzip-512-512-109: 2500/2500 tasks started.
[2025-12-05T17:17:56Z] [[36minfo[0m] [progress_update] alibaba-us-east-1-alibaba-gzip-512-512-109: 2500/2500 tasks started.azure-germanywestcentral-azure-gzip-512-512-271: 2500/2500 tasks started.gcp-us-east1-gcp-gzip-512-512-615: 2500/2500 tasks started.aws-us-east-1-aws-gzip-512-512-551: 2500/2500 tasks started.
[2025-12-05T17:18:06Z] [[36minfo[0m] [progress_update] aws-us-east-1-aws-gzip-512-512-551: 2500/2500 tasks started.alibaba-us-east-1-alibaba-gzip-512-512-109: 2500/2500 tasks started.azure-germanywestcentral-azure-gzip-512-512-271: 2500/2500 tasks started.gcp-us-east1-gcp-gzip-512-512-615: 2500/2500 tasks started.
[2025-12-05T17:18:16Z] [[36minfo[0m] [progress_update] alibaba-us-east-1-alibaba-gzip-512-512-109: 2500/2500 tasks started.azure-germanywestcentral-azure-gzip-512-512-271: 2500/2500 tasks started.gcp-us-east1-gcp-gzip-512-512-615: 2500/2500 tasks started.aws-us-east-1-aws-gzip-512-512-551: 2500/2500 tasks started.
[2025-12-05T17:18:26Z] [[36minfo[0m] [progress_update] aws-us-east-1-aws-gzip-512-512-551: 2500/2500 tasks started.alibaba-us-east-1-alibaba-gzip-512-512-109: 2500/2500 tasks started.azure-germanywestcentral-azure-gzip-512-512-271: 2500/2500 tasks started.gcp-us-east1-gcp-gzip-512-512-615: 2500/2500 tasks started.
[2025-12-05T17:18:36Z] [[36minfo[0m] [progress_update] aws-us-east-1-aws-gzip-512-512-551: 2500/2500 tasks started.alibaba-us-east-1-alibaba-gzip-512-512-109: 2500/2500 tasks started.azure-germanywestcentral-azure-gzip-512-512-271: 2500/2500 tasks started.gcp-us-east1-gcp-gzip-512-512-615: 2500/2500 tasks started.
[2025-12-05T17:18:46Z] [[36minfo[0m] [progress_update] aws-us-east-1-aws-gzip-512-512-551: 2500/2500 tasks started.alibaba-us-east-1-alibaba-gzip-512-512-109: 2500/2500 tasks started.azure-germanywestcentral-azure-gzip-512-512-271: 2500/2500 tasks started.gcp-us-east1-gcp-gzip-512-512-615: 2500/2500 tasks started.
[2025-12-05T17:18:56Z] [[36minfo[0m] [progress_update] alibaba-us-east-1-alibaba-gzip-512-512-109: 2500/2500 tasks started.azure-germanywestcentral-azure-gzip-512-512-271: 2500/2500 tasks started.gcp-us-east1-gcp-gzip-512-512-615: 2500/2500 tasks started.aws-us-east-1-aws-gzip-512-512-551: 2500/2500 tasks started.
[2025-12-05T17:19:06Z] [[36minfo[0m] [progress_update] aws-us-east-1-aws-gzip-512-512-551: 2500/2500 tasks started.alibaba-us-east-1-alibaba-gzip-512-512-109: 2500/2500 tasks started.azure-germanywestcentral-azure-gzip-512-512-271: 2500/2500 tasks started.gcp-us-east1-gcp-gzip-512-512-615: 2500/2500 tasks started.
[2025-12-05T17:19:16Z] [[36minfo[0m] [progress_update] aws-us-east-1-aws-gzip-512-512-551: 2500/2500 tasks started.alibaba-us-east-1-alibaba-gzip-512-512-109: 2500/2500 tasks started.azure-germanywestcentral-azure-gzip-512-512-271: 2500/2500 tasks started.gcp-us-east1-gcp-gzip-512-512-615: 2500/2500 tasks started.
[2025-12-05T17:19:26Z] [[36minfo[0m] [progress_update] gcp-us-east1-gcp-gzip-512-512-615: 2500/2500 tasks started.aws-us-east-1-aws-gzip-512-512-551: 2500/2500 tasks started.alibaba-us-east-1-alibaba-gzip-512-512-109: 2500/2500 tasks started.azure-germanywestcentral-azure-gzip-512-512-271: 2500/2500 tasks started.
[2025-12-05T17:19:36Z] [[36minfo[0m] [progress_update] azure-germanywestcentral-azure-gzip-512-512-271: 2500/2500 tasks started.gcp-us-east1-gcp-gzip-512-512-615: 2500/2500 tasks started.aws-us-east-1-aws-gzip-512-512-551: 2500/2500 tasks started.alibaba-us-east-1-alibaba-gzip-512-512-109: 2500/2500 tasks started.
[2025-12-05T17:19:46Z] [[36minfo[0m] [progress_update] aws-us-east-1-aws-gzip-512-512-551: 2500/2500 tasks started.alibaba-us-east-1-alibaba-gzip-512-512-109: 2500/2500 tasks started.azure-germanywestcentral-azure-gzip-512-512-271: 2500/2500 tasks started.gcp-us-east1-gcp-gzip-512-512-615: 2500/2500 tasks started.
[2025-12-05T17:19:56Z] [[36minfo[0m] [progress_update] azure-germanywestcentral-azure-gzip-512-512-271: 2500/2500 tasks started.gcp-us-east1-gcp-gzip-512-512-615: 2500/2500 tasks started.aws-us-east-1-aws-gzip-512-512-551: 2500/2500 tasks started.alibaba-us-east-1-alibaba-gzip-512-512-109: 2500/2500 tasks started.
[2025-12-05T17:20:05Z] [[31merror[0m] [task_execution] Error executing task azure-gzip-512: task azure-gzip-512 failed after 7 retries: <nil>
[2025-12-05T17:20:05Z] [[31merror[0m] [task_execution] Error executing task azure-gzip-512: task azure-gzip-512 failed after 7 retries: <nil>
[2025-12-05T17:20:05Z] [[31merror[0m] [task_execution] Error executing task azure-gzip-512: task azure-gzip-512 failed after 7 retries: <nil>
[2025-12-05T17:20:05Z] [[31merror[0m] [task_execution] Error executing task azure-gzip-512: task azure-gzip-512 failed after 7 retries: <nil>
[2025-12-05T17:20:05Z] [[31merror[0m] [task_execution] Error executing task azure-gzip-512: task azure-gzip-512 failed after 7 retries: <nil>
[2025-12-05T17:20:05Z] [[31merror[0m] [task_execution] Error executing task azure-gzip-512: task azure-gzip-512 failed after 7 retries: <nil>
[2025-12-05T17:20:05Z] [[31merror[0m] [task_execution] Error executing task azure-gzip-512: task azure-gzip-512 failed after 7 retries: <nil>
[2025-12-05T17:20:05Z] [[31merror[0m] [task_execution] Error executing task azure-gzip-512: task azure-gzip-512 failed after 7 retries: <nil>
[2025-12-05T17:20:05Z] [[31merror[0m] [task_execution] Error executing task azure-gzip-512: task azure-gzip-512 failed after 7 retries: <nil>
[2025-12-05T17:20:05Z] [[31merror[0m] [task_execution] Error executing task azure-gzip-512: task azure-gzip-512 failed after 7 retries: <nil>
[2025-12-05T17:20:06Z] [[31merror[0m] [task_execution] Error executing task azure-gzip-512: task azure-gzip-512 failed after 7 retries: <nil>
[2025-12-05T17:20:06Z] [[31merror[0m] [task_execution] Error executing task azure-gzip-512: task azure-gzip-512 failed after 7 retries: <nil>
[2025-12-05T17:20:06Z] [[31merror[0m] [task_execution] Error executing task azure-gzip-512: task azure-gzip-512 failed after 7 retries: <nil>
[2025-12-05T17:20:06Z] [[31merror[0m] [task_execution] Error executing task azure-gzip-512: task azure-gzip-512 failed after 7 retries: <nil>
[2025-12-05T17:20:06Z] [[31merror[0m] [task_execution] Error executing task azure-gzip-512: task azure-gzip-512 failed after 7 retries: <nil>
[2025-12-05T17:20:06Z] [[31merror[0m] [task_execution] Error executing task azure-gzip-512: task azure-gzip-512 failed after 7 retries: <nil>
[2025-12-05T17:20:06Z] [[31merror[0m] [task_execution] Error executing task azure-gzip-512: task azure-gzip-512 failed after 7 retries: <nil>
[2025-12-05T17:20:06Z] [[31merror[0m] [task_execution] Error executing task azure-gzip-512: task azure-gzip-512 failed after 7 retries: <nil>
[2025-12-05T17:20:06Z] [[31merror[0m] [task_execution] Error executing task azure-gzip-512: task azure-gzip-512 failed after 7 retries: <nil>
[2025-12-05T17:20:06Z] [[31merror[0m] [task_execution] Error executing task azure-gzip-512: task azure-gzip-512 failed after 7 retries: <nil>
[2025-12-05T17:20:06Z] [[31merror[0m] [task_execution] Error executing task azure-gzip-512: task azure-gzip-512 failed after 7 retries: <nil>
[2025-12-05T17:20:06Z] [[31merror[0m] [task_execution] Error executing task azure-gzip-512: task azure-gzip-512 failed after 7 retries: <nil>
[2025-12-05T17:20:06Z] [[31merror[0m] [task_execution] Error executing task azure-gzip-512: task azure-gzip-512 failed after 7 retries: <nil>
[2025-12-05T17:20:06Z] [[31merror[0m] [task_execution] Error executing task azure-gzip-512: task azure-gzip-512 failed after 7 retries: <nil>
[2025-12-05T17:20:06Z] [[31merror[0m] [task_execution] Error executing task azure-gzip-512: task azure-gzip-512 failed after 7 retries: <nil>
[2025-12-05T17:20:06Z] [[36minfo[0m] [progress_update] aws-us-east-1-aws-gzip-512-512-551: 2500/2500 tasks started.alibaba-us-east-1-alibaba-gzip-512-512-109: 2500/2500 tasks started.azure-germanywestcentral-azure-gzip-512-512-271: 2500/2500 tasks started.gcp-us-east1-gcp-gzip-512-512-615: 2500/2500 tasks started.
[2025-12-05T17:20:07Z] [[31merror[0m] [task_execution] Error executing task azure-gzip-512: task azure-gzip-512 failed after 7 retries: <nil>
[2025-12-05T17:20:07Z] [[31merror[0m] [task_execution] Error executing task azure-gzip-512: task azure-gzip-512 failed after 7 retries: <nil>
[2025-12-05T17:20:07Z] [[31merror[0m] [task_execution] Error executing task azure-gzip-512: task azure-gzip-512 failed after 7 retries: <nil>
[2025-12-05T17:20:07Z] [[31merror[0m] [task_execution] Error executing task azure-gzip-512: task azure-gzip-512 failed after 7 retries: <nil>
[2025-12-05T17:20:07Z] [[31merror[0m] [task_execution] Error executing task azure-gzip-512: task azure-gzip-512 failed after 7 retries: <nil>
[2025-12-05T17:20:07Z] [[31merror[0m] [task_execution] Error executing task azure-gzip-512: task azure-gzip-512 failed after 7 retries: <nil>
[2025-12-05T17:20:07Z] [[31merror[0m] [task_execution] Error executing task azure-gzip-512: task azure-gzip-512 failed after 7 retries: <nil>
[2025-12-05T17:20:07Z] [[31merror[0m] [task_execution] Error executing task azure-gzip-512: task azure-gzip-512 failed after 7 retries: <nil>
[2025-12-05T17:20:07Z] [[31merror[0m] [task_execution] Error executing task azure-gzip-512: task azure-gzip-512 failed after 7 retries: <nil>
[2025-12-05T17:20:07Z] [[31merror[0m] [task_execution] Error executing task azure-gzip-512: task azure-gzip-512 failed after 7 retries: <nil>
[2025-12-05T17:20:07Z] [[31merror[0m] [task_execution] Error executing task azure-gzip-512: task azure-gzip-512 failed after 7 retries: <nil>
[2025-12-05T17:20:12Z] [[36minfo[0m] [function_finished] Finished benchmarking function azure-gzip-512 and closed archiver
[2025-12-05T17:20:14Z] [[36minfo[0m] [finish_timeline] Benchmark Timeline
[Fri Dec  5 17:20:14 UTC 2025] Finished benchmark 'gzip' successfully
[Fri Dec  5 17:20:14 UTC 2025] Sleeping 600 seconds before next workload...
