[Sun Nov 30 18:00:31 UTC 2025] Starting benchmark 'sha256' with config './configs/sha256.yaml'
Validating functions...
[2025-11-30T18:00:31Z] [[36minfo[0m] [executor_setup] Setting up executor for aws-us-east-1-aws-sha256-512-512-963
[2025-11-30T18:00:31Z] [[36minfo[0m] [executor_setup] Setting up executor for alibaba-us-east-1-alibaba-sha256-512-512-84
[2025-11-30T18:00:31Z] [[36minfo[0m] [executor_setup] Setting up executor for azure-germanywestcentral-azure-sha256-512-512-315
[2025-11-30T18:00:31Z] [[0mwarning[0m] [[32mazure_limitations[0m] Azure can´t handle more than 300 parallel requests. Limiting to 300.
[2025-11-30T18:00:31Z] [[36minfo[0m] [executor_setup] Setting up executor for gcp-us-east1-gcp-sha256-512-512-596
[2025-11-30T18:00:31Z] [[36minfo[0m] [start_timeline] Benchmark Timeline
[2025-11-30T18:00:31Z] [[36minfo[0m] [load_generator_start] (azure: germanywestcentral) Starting load generator with 300 workers
[2025-11-30T18:00:31Z] [[36minfo[0m] [load_generator_start] (alibaba: us-east-1) Starting load generator with 500 workers
[2025-11-30T18:00:31Z] [[36minfo[0m] [load_generator_start] (gcp: us-east1) Starting load generator with 300 workers
[2025-11-30T18:00:31Z] [[36minfo[0m] [load_generator_start] (aws: us-east-1) Starting load generator with 500 workers
[2025-11-30T18:00:41Z] [[36minfo[0m] [progress_update] alibaba-us-east-1-alibaba-sha256-512-512-84: 1406/2500 tasks started.azure-germanywestcentral-azure-sha256-512-512-315: 636/2500 tasks started.gcp-us-east1-gcp-sha256-512-512-596: 1509/2500 tasks started.aws-us-east-1-aws-sha256-512-512-963: 1686/2500 tasks started.
[2025-11-30T18:00:51Z] [[36minfo[0m] [progress_update] azure-germanywestcentral-azure-sha256-512-512-315: 715/2500 tasks started.gcp-us-east1-gcp-sha256-512-512-596: 2500/2500 tasks started.aws-us-east-1-aws-sha256-512-512-963: 2500/2500 tasks started.alibaba-us-east-1-alibaba-sha256-512-512-84: 2500/2500 tasks started.
[2025-11-30T18:01:01Z] [[36minfo[0m] [progress_update] aws-us-east-1-aws-sha256-512-512-963: 2500/2500 tasks started.alibaba-us-east-1-alibaba-sha256-512-512-84: 2500/2500 tasks started.azure-germanywestcentral-azure-sha256-512-512-315: 1537/2500 tasks started.gcp-us-east1-gcp-sha256-512-512-596: 2500/2500 tasks started.
[2025-11-30T18:01:02Z] [[36minfo[0m] [function_finished] Finished benchmarking function gcp-sha256-512 and closed archiver
[2025-11-30T18:01:03Z] [[36minfo[0m] [function_finished] Finished benchmarking function aws-sha256-512 and closed archiver
[2025-11-30T18:01:11Z] [[36minfo[0m] [progress_update] aws-us-east-1-aws-sha256-512-512-963: 2500/2500 tasks started.alibaba-us-east-1-alibaba-sha256-512-512-84: 2500/2500 tasks started.azure-germanywestcentral-azure-sha256-512-512-315: 2099/2500 tasks started.gcp-us-east1-gcp-sha256-512-512-596: 2500/2500 tasks started.
[2025-11-30T18:01:21Z] [[36minfo[0m] [progress_update] azure-germanywestcentral-azure-sha256-512-512-315: 2173/2500 tasks started.gcp-us-east1-gcp-sha256-512-512-596: 2500/2500 tasks started.aws-us-east-1-aws-sha256-512-512-963: 2500/2500 tasks started.alibaba-us-east-1-alibaba-sha256-512-512-84: 2500/2500 tasks started.
[2025-11-30T18:01:31Z] [[36minfo[0m] [progress_update] aws-us-east-1-aws-sha256-512-512-963: 2500/2500 tasks started.alibaba-us-east-1-alibaba-sha256-512-512-84: 2500/2500 tasks started.azure-germanywestcentral-azure-sha256-512-512-315: 2465/2500 tasks started.gcp-us-east1-gcp-sha256-512-512-596: 2500/2500 tasks started.
[2025-11-30T18:01:41Z] [[36minfo[0m] [progress_update] gcp-us-east1-gcp-sha256-512-512-596: 2500/2500 tasks started.aws-us-east-1-aws-sha256-512-512-963: 2500/2500 tasks started.alibaba-us-east-1-alibaba-sha256-512-512-84: 2500/2500 tasks started.azure-germanywestcentral-azure-sha256-512-512-315: 2500/2500 tasks started.
[2025-11-30T18:01:51Z] [[36minfo[0m] [progress_update] aws-us-east-1-aws-sha256-512-512-963: 2500/2500 tasks started.alibaba-us-east-1-alibaba-sha256-512-512-84: 2500/2500 tasks started.azure-germanywestcentral-azure-sha256-512-512-315: 2500/2500 tasks started.gcp-us-east1-gcp-sha256-512-512-596: 2500/2500 tasks started.
[2025-11-30T18:02:01Z] [[36minfo[0m] [progress_update] aws-us-east-1-aws-sha256-512-512-963: 2500/2500 tasks started.alibaba-us-east-1-alibaba-sha256-512-512-84: 2500/2500 tasks started.azure-germanywestcentral-azure-sha256-512-512-315: 2500/2500 tasks started.gcp-us-east1-gcp-sha256-512-512-596: 2500/2500 tasks started.
[2025-11-30T18:02:11Z] [[36minfo[0m] [progress_update] alibaba-us-east-1-alibaba-sha256-512-512-84: 2500/2500 tasks started.azure-germanywestcentral-azure-sha256-512-512-315: 2500/2500 tasks started.gcp-us-east1-gcp-sha256-512-512-596: 2500/2500 tasks started.aws-us-east-1-aws-sha256-512-512-963: 2500/2500 tasks started.
[2025-11-30T18:02:21Z] [[36minfo[0m] [progress_update] aws-us-east-1-aws-sha256-512-512-963: 2500/2500 tasks started.alibaba-us-east-1-alibaba-sha256-512-512-84: 2500/2500 tasks started.azure-germanywestcentral-azure-sha256-512-512-315: 2500/2500 tasks started.gcp-us-east1-gcp-sha256-512-512-596: 2500/2500 tasks started.
[2025-11-30T18:02:31Z] [[36minfo[0m] [progress_update] alibaba-us-east-1-alibaba-sha256-512-512-84: 2500/2500 tasks started.azure-germanywestcentral-azure-sha256-512-512-315: 2500/2500 tasks started.gcp-us-east1-gcp-sha256-512-512-596: 2500/2500 tasks started.aws-us-east-1-aws-sha256-512-512-963: 2500/2500 tasks started.
[2025-11-30T18:02:41Z] [[36minfo[0m] [progress_update] aws-us-east-1-aws-sha256-512-512-963: 2500/2500 tasks started.alibaba-us-east-1-alibaba-sha256-512-512-84: 2500/2500 tasks started.azure-germanywestcentral-azure-sha256-512-512-315: 2500/2500 tasks started.gcp-us-east1-gcp-sha256-512-512-596: 2500/2500 tasks started.
[2025-11-30T18:02:51Z] [[36minfo[0m] [progress_update] aws-us-east-1-aws-sha256-512-512-963: 2500/2500 tasks started.alibaba-us-east-1-alibaba-sha256-512-512-84: 2500/2500 tasks started.azure-germanywestcentral-azure-sha256-512-512-315: 2500/2500 tasks started.gcp-us-east1-gcp-sha256-512-512-596: 2500/2500 tasks started.
[2025-11-30T18:02:54Z] [[36minfo[0m] [function_finished] Finished benchmarking function alibaba-sha256-512 and closed archiver
[2025-11-30T18:03:01Z] [[36minfo[0m] [progress_update] gcp-us-east1-gcp-sha256-512-512-596: 2500/2500 tasks started.aws-us-east-1-aws-sha256-512-512-963: 2500/2500 tasks started.alibaba-us-east-1-alibaba-sha256-512-512-84: 2500/2500 tasks started.azure-germanywestcentral-azure-sha256-512-512-315: 2500/2500 tasks started.
[2025-11-30T18:03:11Z] [[36minfo[0m] [progress_update] alibaba-us-east-1-alibaba-sha256-512-512-84: 2500/2500 tasks started.azure-germanywestcentral-azure-sha256-512-512-315: 2500/2500 tasks started.gcp-us-east1-gcp-sha256-512-512-596: 2500/2500 tasks started.aws-us-east-1-aws-sha256-512-512-963: 2500/2500 tasks started.
[2025-11-30T18:03:21Z] [[36minfo[0m] [progress_update] alibaba-us-east-1-alibaba-sha256-512-512-84: 2500/2500 tasks started.azure-germanywestcentral-azure-sha256-512-512-315: 2500/2500 tasks started.gcp-us-east1-gcp-sha256-512-512-596: 2500/2500 tasks started.aws-us-east-1-aws-sha256-512-512-963: 2500/2500 tasks started.
[2025-11-30T18:03:31Z] [[36minfo[0m] [progress_update] aws-us-east-1-aws-sha256-512-512-963: 2500/2500 tasks started.alibaba-us-east-1-alibaba-sha256-512-512-84: 2500/2500 tasks started.azure-germanywestcentral-azure-sha256-512-512-315: 2500/2500 tasks started.gcp-us-east1-gcp-sha256-512-512-596: 2500/2500 tasks started.
[2025-11-30T18:03:41Z] [[36minfo[0m] [progress_update] gcp-us-east1-gcp-sha256-512-512-596: 2500/2500 tasks started.aws-us-east-1-aws-sha256-512-512-963: 2500/2500 tasks started.alibaba-us-east-1-alibaba-sha256-512-512-84: 2500/2500 tasks started.azure-germanywestcentral-azure-sha256-512-512-315: 2500/2500 tasks started.
[2025-11-30T18:03:51Z] [[36minfo[0m] [progress_update] aws-us-east-1-aws-sha256-512-512-963: 2500/2500 tasks started.alibaba-us-east-1-alibaba-sha256-512-512-84: 2500/2500 tasks started.azure-germanywestcentral-azure-sha256-512-512-315: 2500/2500 tasks started.gcp-us-east1-gcp-sha256-512-512-596: 2500/2500 tasks started.
[2025-11-30T18:04:01Z] [[36minfo[0m] [progress_update] alibaba-us-east-1-alibaba-sha256-512-512-84: 2500/2500 tasks started.azure-germanywestcentral-azure-sha256-512-512-315: 2500/2500 tasks started.gcp-us-east1-gcp-sha256-512-512-596: 2500/2500 tasks started.aws-us-east-1-aws-sha256-512-512-963: 2500/2500 tasks started.
[2025-11-30T18:04:11Z] [[36minfo[0m] [progress_update] aws-us-east-1-aws-sha256-512-512-963: 2500/2500 tasks started.alibaba-us-east-1-alibaba-sha256-512-512-84: 2500/2500 tasks started.azure-germanywestcentral-azure-sha256-512-512-315: 2500/2500 tasks started.gcp-us-east1-gcp-sha256-512-512-596: 2500/2500 tasks started.
[2025-11-30T18:04:21Z] [[36minfo[0m] [progress_update] aws-us-east-1-aws-sha256-512-512-963: 2500/2500 tasks started.alibaba-us-east-1-alibaba-sha256-512-512-84: 2500/2500 tasks started.azure-germanywestcentral-azure-sha256-512-512-315: 2500/2500 tasks started.gcp-us-east1-gcp-sha256-512-512-596: 2500/2500 tasks started.
[2025-11-30T18:04:31Z] [[36minfo[0m] [progress_update] alibaba-us-east-1-alibaba-sha256-512-512-84: 2500/2500 tasks started.azure-germanywestcentral-azure-sha256-512-512-315: 2500/2500 tasks started.gcp-us-east1-gcp-sha256-512-512-596: 2500/2500 tasks started.aws-us-east-1-aws-sha256-512-512-963: 2500/2500 tasks started.
[2025-11-30T18:04:41Z] [[36minfo[0m] [progress_update] gcp-us-east1-gcp-sha256-512-512-596: 2500/2500 tasks started.aws-us-east-1-aws-sha256-512-512-963: 2500/2500 tasks started.alibaba-us-east-1-alibaba-sha256-512-512-84: 2500/2500 tasks started.azure-germanywestcentral-azure-sha256-512-512-315: 2500/2500 tasks started.
[2025-11-30T18:04:51Z] [[36minfo[0m] [progress_update] azure-germanywestcentral-azure-sha256-512-512-315: 2500/2500 tasks started.gcp-us-east1-gcp-sha256-512-512-596: 2500/2500 tasks started.aws-us-east-1-aws-sha256-512-512-963: 2500/2500 tasks started.alibaba-us-east-1-alibaba-sha256-512-512-84: 2500/2500 tasks started.
[2025-11-30T18:05:01Z] [[36minfo[0m] [progress_update] alibaba-us-east-1-alibaba-sha256-512-512-84: 2500/2500 tasks started.azure-germanywestcentral-azure-sha256-512-512-315: 2500/2500 tasks started.gcp-us-east1-gcp-sha256-512-512-596: 2500/2500 tasks started.aws-us-east-1-aws-sha256-512-512-963: 2500/2500 tasks started.
[2025-11-30T18:05:11Z] [[36minfo[0m] [progress_update] aws-us-east-1-aws-sha256-512-512-963: 2500/2500 tasks started.alibaba-us-east-1-alibaba-sha256-512-512-84: 2500/2500 tasks started.azure-germanywestcentral-azure-sha256-512-512-315: 2500/2500 tasks started.gcp-us-east1-gcp-sha256-512-512-596: 2500/2500 tasks started.
[2025-11-30T18:05:21Z] [[36minfo[0m] [progress_update] aws-us-east-1-aws-sha256-512-512-963: 2500/2500 tasks started.alibaba-us-east-1-alibaba-sha256-512-512-84: 2500/2500 tasks started.azure-germanywestcentral-azure-sha256-512-512-315: 2500/2500 tasks started.gcp-us-east1-gcp-sha256-512-512-596: 2500/2500 tasks started.
[2025-11-30T18:05:24Z] [[31merror[0m] [task_execution] Error executing task azure-sha256-512: task azure-sha256-512 failed after 7 retries: <nil>
[2025-11-30T18:05:25Z] [[31merror[0m] [task_execution] Error executing task azure-sha256-512: task azure-sha256-512 failed after 7 retries: <nil>
[2025-11-30T18:05:25Z] [[31merror[0m] [task_execution] Error executing task azure-sha256-512: task azure-sha256-512 failed after 7 retries: <nil>
[2025-11-30T18:05:25Z] [[31merror[0m] [task_execution] Error executing task azure-sha256-512: task azure-sha256-512 failed after 7 retries: <nil>
[2025-11-30T18:05:25Z] [[31merror[0m] [task_execution] Error executing task azure-sha256-512: task azure-sha256-512 failed after 7 retries: <nil>
[2025-11-30T18:05:25Z] [[31merror[0m] [task_execution] Error executing task azure-sha256-512: task azure-sha256-512 failed after 7 retries: <nil>
[2025-11-30T18:05:25Z] [[31merror[0m] [task_execution] Error executing task azure-sha256-512: task azure-sha256-512 failed after 7 retries: <nil>
[2025-11-30T18:05:25Z] [[31merror[0m] [task_execution] Error executing task azure-sha256-512: task azure-sha256-512 failed after 7 retries: <nil>
[2025-11-30T18:05:25Z] [[31merror[0m] [task_execution] Error executing task azure-sha256-512: task azure-sha256-512 failed after 7 retries: <nil>
[2025-11-30T18:05:25Z] [[31merror[0m] [task_execution] Error executing task azure-sha256-512: task azure-sha256-512 failed after 7 retries: <nil>
[2025-11-30T18:05:26Z] [[31merror[0m] [task_execution] Error executing task azure-sha256-512: task azure-sha256-512 failed after 7 retries: <nil>
[2025-11-30T18:05:26Z] [[31merror[0m] [task_execution] Error executing task azure-sha256-512: task azure-sha256-512 failed after 7 retries: <nil>
[2025-11-30T18:05:31Z] [[36minfo[0m] [progress_update] aws-us-east-1-aws-sha256-512-512-963: 2500/2500 tasks started.alibaba-us-east-1-alibaba-sha256-512-512-84: 2500/2500 tasks started.azure-germanywestcentral-azure-sha256-512-512-315: 2500/2500 tasks started.gcp-us-east1-gcp-sha256-512-512-596: 2500/2500 tasks started.
[2025-11-30T18:05:41Z] [[36minfo[0m] [progress_update] gcp-us-east1-gcp-sha256-512-512-596: 2500/2500 tasks started.aws-us-east-1-aws-sha256-512-512-963: 2500/2500 tasks started.alibaba-us-east-1-alibaba-sha256-512-512-84: 2500/2500 tasks started.azure-germanywestcentral-azure-sha256-512-512-315: 2500/2500 tasks started.
[2025-11-30T18:05:51Z] [[36minfo[0m] [progress_update] aws-us-east-1-aws-sha256-512-512-963: 2500/2500 tasks started.alibaba-us-east-1-alibaba-sha256-512-512-84: 2500/2500 tasks started.azure-germanywestcentral-azure-sha256-512-512-315: 2500/2500 tasks started.gcp-us-east1-gcp-sha256-512-512-596: 2500/2500 tasks started.
[2025-11-30T18:05:55Z] [[31merror[0m] [task_execution] Error executing task azure-sha256-512: task azure-sha256-512 failed after 7 retries: <nil>
[2025-11-30T18:05:55Z] [[31merror[0m] [task_execution] Error executing task azure-sha256-512: task azure-sha256-512 failed after 7 retries: <nil>
[2025-11-30T18:06:00Z] [[36minfo[0m] [function_finished] Finished benchmarking function azure-sha256-512 and closed archiver
[2025-11-30T18:06:01Z] [[36minfo[0m] [progress_update] aws-us-east-1-aws-sha256-512-512-963: 2500/2500 tasks started.alibaba-us-east-1-alibaba-sha256-512-512-84: 2500/2500 tasks started.azure-germanywestcentral-azure-sha256-512-512-315: 2500/2500 tasks started.gcp-us-east1-gcp-sha256-512-512-596: 2500/2500 tasks started.
[2025-11-30T18:06:02Z] [[36minfo[0m] [finish_timeline] Benchmark Timeline
[Sun Nov 30 18:06:02 UTC 2025] Finished benchmark 'sha256' successfully
