[Thu Dec  4 00:01:06 UTC 2025] Starting benchmark 'gemm' with config './configs/gemm.yaml'
Validating functions...
[2025-12-04T00:01:06Z] [[36minfo[0m] [executor_setup] Setting up executor for aws-us-east-1-aws-gemm-512-512-558
[2025-12-04T00:01:06Z] [[36minfo[0m] [executor_setup] Setting up executor for alibaba-us-east-1-alibaba-gemm-512-512-697
[2025-12-04T00:01:06Z] [[36minfo[0m] [executor_setup] Setting up executor for gcp-us-east1-gcp-gemm-512-512-254
[2025-12-04T00:01:06Z] [[36minfo[0m] [executor_setup] Setting up executor for azure-germanywestcentral-azure-gemm-512-512-58
[2025-12-04T00:01:06Z] [[0mwarning[0m] [[32mazure_limitations[0m] Azure can´t handle more than 300 parallel requests. Limiting to 300.
[2025-12-04T00:01:06Z] [[36minfo[0m] [start_timeline] Benchmark Timeline
[2025-12-04T00:01:06Z] [[36minfo[0m] [load_generator_start] (gcp: us-east1) Starting load generator with 500 workers
[2025-12-04T00:01:06Z] [[36minfo[0m] [load_generator_start] (azure: germanywestcentral) Starting load generator with 300 workers
[2025-12-04T00:01:06Z] [[36minfo[0m] [load_generator_start] (aws: us-east-1) Starting load generator with 500 workers
[2025-12-04T00:01:06Z] [[36minfo[0m] [load_generator_start] (alibaba: us-east-1) Starting load generator with 500 workers
[2025-12-04T00:01:16Z] [[36minfo[0m] [progress_update] gcp-us-east1-gcp-gemm-512-512-254: 1791/2500 tasks started.azure-germanywestcentral-azure-gemm-512-512-58: 639/2500 tasks started.aws-us-east-1-aws-gemm-512-512-558: 1355/2500 tasks started.alibaba-us-east-1-alibaba-gemm-512-512-697: 1244/2500 tasks started.
[2025-12-04T00:01:26Z] [[36minfo[0m] [progress_update] gcp-us-east1-gcp-gemm-512-512-254: 2500/2500 tasks started.azure-germanywestcentral-azure-gemm-512-512-58: 640/2500 tasks started.aws-us-east-1-aws-gemm-512-512-558: 2500/2500 tasks started.alibaba-us-east-1-alibaba-gemm-512-512-697: 2061/2500 tasks started.
[2025-12-04T00:01:36Z] [[36minfo[0m] [progress_update] gcp-us-east1-gcp-gemm-512-512-254: 2500/2500 tasks started.azure-germanywestcentral-azure-gemm-512-512-58: 1326/2500 tasks started.aws-us-east-1-aws-gemm-512-512-558: 2500/2500 tasks started.alibaba-us-east-1-alibaba-gemm-512-512-697: 2500/2500 tasks started.
[2025-12-04T00:01:44Z] [[36minfo[0m] [function_finished] Finished benchmarking function gcp-gemm-512 and closed archiver
[2025-12-04T00:01:46Z] [[36minfo[0m] [progress_update] aws-us-east-1-aws-gemm-512-512-558: 2500/2500 tasks started.alibaba-us-east-1-alibaba-gemm-512-512-697: 2500/2500 tasks started.gcp-us-east1-gcp-gemm-512-512-254: 2500/2500 tasks started.azure-germanywestcentral-azure-gemm-512-512-58: 1882/2500 tasks started.
[2025-12-04T00:01:48Z] [[36minfo[0m] [function_finished] Finished benchmarking function aws-gemm-512 and closed archiver
[2025-12-04T00:01:56Z] [[36minfo[0m] [progress_update] aws-us-east-1-aws-gemm-512-512-558: 2500/2500 tasks started.alibaba-us-east-1-alibaba-gemm-512-512-697: 2500/2500 tasks started.gcp-us-east1-gcp-gemm-512-512-254: 2500/2500 tasks started.azure-germanywestcentral-azure-gemm-512-512-58: 2223/2500 tasks started.
[2025-12-04T00:02:06Z] [[36minfo[0m] [progress_update] gcp-us-east1-gcp-gemm-512-512-254: 2500/2500 tasks started.azure-germanywestcentral-azure-gemm-512-512-58: 2237/2500 tasks started.aws-us-east-1-aws-gemm-512-512-558: 2500/2500 tasks started.alibaba-us-east-1-alibaba-gemm-512-512-697: 2500/2500 tasks started.
[2025-12-04T00:02:16Z] [[36minfo[0m] [progress_update] azure-germanywestcentral-azure-gemm-512-512-58: 2342/2500 tasks started.aws-us-east-1-aws-gemm-512-512-558: 2500/2500 tasks started.alibaba-us-east-1-alibaba-gemm-512-512-697: 2500/2500 tasks started.gcp-us-east1-gcp-gemm-512-512-254: 2500/2500 tasks started.
[2025-12-04T00:02:26Z] [[36minfo[0m] [progress_update] gcp-us-east1-gcp-gemm-512-512-254: 2500/2500 tasks started.azure-germanywestcentral-azure-gemm-512-512-58: 2480/2500 tasks started.aws-us-east-1-aws-gemm-512-512-558: 2500/2500 tasks started.alibaba-us-east-1-alibaba-gemm-512-512-697: 2500/2500 tasks started.
[2025-12-04T00:02:36Z] [[36minfo[0m] [progress_update] gcp-us-east1-gcp-gemm-512-512-254: 2500/2500 tasks started.azure-germanywestcentral-azure-gemm-512-512-58: 2500/2500 tasks started.aws-us-east-1-aws-gemm-512-512-558: 2500/2500 tasks started.alibaba-us-east-1-alibaba-gemm-512-512-697: 2500/2500 tasks started.
[2025-12-04T00:02:46Z] [[36minfo[0m] [progress_update] aws-us-east-1-aws-gemm-512-512-558: 2500/2500 tasks started.alibaba-us-east-1-alibaba-gemm-512-512-697: 2500/2500 tasks started.gcp-us-east1-gcp-gemm-512-512-254: 2500/2500 tasks started.azure-germanywestcentral-azure-gemm-512-512-58: 2500/2500 tasks started.
[2025-12-04T00:02:56Z] [[36minfo[0m] [progress_update] gcp-us-east1-gcp-gemm-512-512-254: 2500/2500 tasks started.azure-germanywestcentral-azure-gemm-512-512-58: 2500/2500 tasks started.aws-us-east-1-aws-gemm-512-512-558: 2500/2500 tasks started.alibaba-us-east-1-alibaba-gemm-512-512-697: 2500/2500 tasks started.
[2025-12-04T00:03:06Z] [[36minfo[0m] [progress_update] aws-us-east-1-aws-gemm-512-512-558: 2500/2500 tasks started.alibaba-us-east-1-alibaba-gemm-512-512-697: 2500/2500 tasks started.gcp-us-east1-gcp-gemm-512-512-254: 2500/2500 tasks started.azure-germanywestcentral-azure-gemm-512-512-58: 2500/2500 tasks started.
[2025-12-04T00:03:16Z] [[36minfo[0m] [progress_update] aws-us-east-1-aws-gemm-512-512-558: 2500/2500 tasks started.alibaba-us-east-1-alibaba-gemm-512-512-697: 2500/2500 tasks started.gcp-us-east1-gcp-gemm-512-512-254: 2500/2500 tasks started.azure-germanywestcentral-azure-gemm-512-512-58: 2500/2500 tasks started.
[2025-12-04T00:03:26Z] [[36minfo[0m] [progress_update] aws-us-east-1-aws-gemm-512-512-558: 2500/2500 tasks started.alibaba-us-east-1-alibaba-gemm-512-512-697: 2500/2500 tasks started.gcp-us-east1-gcp-gemm-512-512-254: 2500/2500 tasks started.azure-germanywestcentral-azure-gemm-512-512-58: 2500/2500 tasks started.
[2025-12-04T00:03:36Z] [[36minfo[0m] [progress_update] aws-us-east-1-aws-gemm-512-512-558: 2500/2500 tasks started.alibaba-us-east-1-alibaba-gemm-512-512-697: 2500/2500 tasks started.gcp-us-east1-gcp-gemm-512-512-254: 2500/2500 tasks started.azure-germanywestcentral-azure-gemm-512-512-58: 2500/2500 tasks started.
[2025-12-04T00:03:46Z] [[36minfo[0m] [progress_update] alibaba-us-east-1-alibaba-gemm-512-512-697: 2500/2500 tasks started.gcp-us-east1-gcp-gemm-512-512-254: 2500/2500 tasks started.azure-germanywestcentral-azure-gemm-512-512-58: 2500/2500 tasks started.aws-us-east-1-aws-gemm-512-512-558: 2500/2500 tasks started.
[2025-12-04T00:03:56Z] [[36minfo[0m] [progress_update] aws-us-east-1-aws-gemm-512-512-558: 2500/2500 tasks started.alibaba-us-east-1-alibaba-gemm-512-512-697: 2500/2500 tasks started.gcp-us-east1-gcp-gemm-512-512-254: 2500/2500 tasks started.azure-germanywestcentral-azure-gemm-512-512-58: 2500/2500 tasks started.
[2025-12-04T00:04:06Z] [[36minfo[0m] [progress_update] aws-us-east-1-aws-gemm-512-512-558: 2500/2500 tasks started.alibaba-us-east-1-alibaba-gemm-512-512-697: 2500/2500 tasks started.gcp-us-east1-gcp-gemm-512-512-254: 2500/2500 tasks started.azure-germanywestcentral-azure-gemm-512-512-58: 2500/2500 tasks started.
[2025-12-04T00:04:16Z] [[36minfo[0m] [progress_update] azure-germanywestcentral-azure-gemm-512-512-58: 2500/2500 tasks started.aws-us-east-1-aws-gemm-512-512-558: 2500/2500 tasks started.alibaba-us-east-1-alibaba-gemm-512-512-697: 2500/2500 tasks started.gcp-us-east1-gcp-gemm-512-512-254: 2500/2500 tasks started.
[2025-12-04T00:04:26Z] [[36minfo[0m] [progress_update] gcp-us-east1-gcp-gemm-512-512-254: 2500/2500 tasks started.azure-germanywestcentral-azure-gemm-512-512-58: 2500/2500 tasks started.aws-us-east-1-aws-gemm-512-512-558: 2500/2500 tasks started.alibaba-us-east-1-alibaba-gemm-512-512-697: 2500/2500 tasks started.
[2025-12-04T00:04:36Z] [[36minfo[0m] [progress_update] aws-us-east-1-aws-gemm-512-512-558: 2500/2500 tasks started.alibaba-us-east-1-alibaba-gemm-512-512-697: 2500/2500 tasks started.gcp-us-east1-gcp-gemm-512-512-254: 2500/2500 tasks started.azure-germanywestcentral-azure-gemm-512-512-58: 2500/2500 tasks started.
[2025-12-04T00:04:46Z] [[36minfo[0m] [progress_update] aws-us-east-1-aws-gemm-512-512-558: 2500/2500 tasks started.alibaba-us-east-1-alibaba-gemm-512-512-697: 2500/2500 tasks started.gcp-us-east1-gcp-gemm-512-512-254: 2500/2500 tasks started.azure-germanywestcentral-azure-gemm-512-512-58: 2500/2500 tasks started.
[2025-12-04T00:04:56Z] [[36minfo[0m] [progress_update] alibaba-us-east-1-alibaba-gemm-512-512-697: 2500/2500 tasks started.gcp-us-east1-gcp-gemm-512-512-254: 2500/2500 tasks started.azure-germanywestcentral-azure-gemm-512-512-58: 2500/2500 tasks started.aws-us-east-1-aws-gemm-512-512-558: 2500/2500 tasks started.
[2025-12-04T00:05:06Z] [[36minfo[0m] [progress_update] aws-us-east-1-aws-gemm-512-512-558: 2500/2500 tasks started.alibaba-us-east-1-alibaba-gemm-512-512-697: 2500/2500 tasks started.gcp-us-east1-gcp-gemm-512-512-254: 2500/2500 tasks started.azure-germanywestcentral-azure-gemm-512-512-58: 2500/2500 tasks started.
[2025-12-04T00:05:16Z] [[36minfo[0m] [progress_update] aws-us-east-1-aws-gemm-512-512-558: 2500/2500 tasks started.alibaba-us-east-1-alibaba-gemm-512-512-697: 2500/2500 tasks started.gcp-us-east1-gcp-gemm-512-512-254: 2500/2500 tasks started.azure-germanywestcentral-azure-gemm-512-512-58: 2500/2500 tasks started.
[2025-12-04T00:05:26Z] [[36minfo[0m] [progress_update] gcp-us-east1-gcp-gemm-512-512-254: 2500/2500 tasks started.azure-germanywestcentral-azure-gemm-512-512-58: 2500/2500 tasks started.aws-us-east-1-aws-gemm-512-512-558: 2500/2500 tasks started.alibaba-us-east-1-alibaba-gemm-512-512-697: 2500/2500 tasks started.
[2025-12-04T00:05:30Z] [[31merror[0m] [task_execution] Error executing task alibaba-gemm-512: task alibaba-gemm-512 failed after 7 retries: <nil>
[2025-12-04T00:05:35Z] [[36minfo[0m] [function_finished] Finished benchmarking function alibaba-gemm-512 and closed archiver
[2025-12-04T00:05:36Z] [[36minfo[0m] [progress_update] aws-us-east-1-aws-gemm-512-512-558: 2500/2500 tasks started.alibaba-us-east-1-alibaba-gemm-512-512-697: 2500/2500 tasks started.gcp-us-east1-gcp-gemm-512-512-254: 2500/2500 tasks started.azure-germanywestcentral-azure-gemm-512-512-58: 2500/2500 tasks started.
[2025-12-04T00:05:46Z] [[36minfo[0m] [progress_update] aws-us-east-1-aws-gemm-512-512-558: 2500/2500 tasks started.alibaba-us-east-1-alibaba-gemm-512-512-697: 2500/2500 tasks started.gcp-us-east1-gcp-gemm-512-512-254: 2500/2500 tasks started.azure-germanywestcentral-azure-gemm-512-512-58: 2500/2500 tasks started.
[2025-12-04T00:05:56Z] [[36minfo[0m] [progress_update] aws-us-east-1-aws-gemm-512-512-558: 2500/2500 tasks started.alibaba-us-east-1-alibaba-gemm-512-512-697: 2500/2500 tasks started.gcp-us-east1-gcp-gemm-512-512-254: 2500/2500 tasks started.azure-germanywestcentral-azure-gemm-512-512-58: 2500/2500 tasks started.
[2025-12-04T00:06:02Z] [[31merror[0m] [task_execution] Error executing task azure-gemm-512: task azure-gemm-512 failed after 7 retries: <nil>
[2025-12-04T00:06:02Z] [[31merror[0m] [task_execution] Error executing task azure-gemm-512: task azure-gemm-512 failed after 7 retries: <nil>
[2025-12-04T00:06:02Z] [[31merror[0m] [task_execution] Error executing task azure-gemm-512: task azure-gemm-512 failed after 7 retries: <nil>
[2025-12-04T00:06:03Z] [[31merror[0m] [task_execution] Error executing task azure-gemm-512: task azure-gemm-512 failed after 7 retries: <nil>
[2025-12-04T00:06:03Z] [[31merror[0m] [task_execution] Error executing task azure-gemm-512: task azure-gemm-512 failed after 7 retries: <nil>
[2025-12-04T00:06:03Z] [[31merror[0m] [task_execution] Error executing task azure-gemm-512: task azure-gemm-512 failed after 7 retries: <nil>
[2025-12-04T00:06:03Z] [[31merror[0m] [task_execution] Error executing task azure-gemm-512: task azure-gemm-512 failed after 7 retries: <nil>
[2025-12-04T00:06:03Z] [[31merror[0m] [task_execution] Error executing task azure-gemm-512: task azure-gemm-512 failed after 7 retries: <nil>
[2025-12-04T00:06:03Z] [[31merror[0m] [task_execution] Error executing task azure-gemm-512: task azure-gemm-512 failed after 7 retries: <nil>
[2025-12-04T00:06:03Z] [[31merror[0m] [task_execution] Error executing task azure-gemm-512: task azure-gemm-512 failed after 7 retries: <nil>
[2025-12-04T00:06:03Z] [[31merror[0m] [task_execution] Error executing task azure-gemm-512: task azure-gemm-512 failed after 7 retries: <nil>
[2025-12-04T00:06:03Z] [[31merror[0m] [task_execution] Error executing task azure-gemm-512: task azure-gemm-512 failed after 7 retries: <nil>
[2025-12-04T00:06:03Z] [[31merror[0m] [task_execution] Error executing task azure-gemm-512: task azure-gemm-512 failed after 7 retries: <nil>
[2025-12-04T00:06:03Z] [[31merror[0m] [task_execution] Error executing task azure-gemm-512: task azure-gemm-512 failed after 7 retries: <nil>
[2025-12-04T00:06:03Z] [[31merror[0m] [task_execution] Error executing task azure-gemm-512: task azure-gemm-512 failed after 7 retries: <nil>
[2025-12-04T00:06:03Z] [[31merror[0m] [task_execution] Error executing task azure-gemm-512: task azure-gemm-512 failed after 7 retries: <nil>
[2025-12-04T00:06:03Z] [[31merror[0m] [task_execution] Error executing task azure-gemm-512: task azure-gemm-512 failed after 7 retries: <nil>
[2025-12-04T00:06:03Z] [[31merror[0m] [task_execution] Error executing task azure-gemm-512: task azure-gemm-512 failed after 7 retries: <nil>
[2025-12-04T00:06:03Z] [[31merror[0m] [task_execution] Error executing task azure-gemm-512: task azure-gemm-512 failed after 7 retries: <nil>
[2025-12-04T00:06:03Z] [[31merror[0m] [task_execution] Error executing task azure-gemm-512: task azure-gemm-512 failed after 7 retries: <nil>
[2025-12-04T00:06:04Z] [[31merror[0m] [task_execution] Error executing task azure-gemm-512: task azure-gemm-512 failed after 7 retries: <nil>
[2025-12-04T00:06:04Z] [[31merror[0m] [task_execution] Error executing task azure-gemm-512: task azure-gemm-512 failed after 7 retries: <nil>
[2025-12-04T00:06:04Z] [[31merror[0m] [task_execution] Error executing task azure-gemm-512: task azure-gemm-512 failed after 7 retries: <nil>
[2025-12-04T00:06:04Z] [[31merror[0m] [task_execution] Error executing task azure-gemm-512: task azure-gemm-512 failed after 7 retries: <nil>
[2025-12-04T00:06:04Z] [[31merror[0m] [task_execution] Error executing task azure-gemm-512: task azure-gemm-512 failed after 7 retries: <nil>
[2025-12-04T00:06:04Z] [[31merror[0m] [task_execution] Error executing task azure-gemm-512: task azure-gemm-512 failed after 7 retries: <nil>
[2025-12-04T00:06:04Z] [[31merror[0m] [task_execution] Error executing task azure-gemm-512: task azure-gemm-512 failed after 7 retries: <nil>
[2025-12-04T00:06:04Z] [[31merror[0m] [task_execution] Error executing task azure-gemm-512: task azure-gemm-512 failed after 7 retries: <nil>
[2025-12-04T00:06:04Z] [[31merror[0m] [task_execution] Error executing task azure-gemm-512: task azure-gemm-512 failed after 7 retries: <nil>
[2025-12-04T00:06:04Z] [[31merror[0m] [task_execution] Error executing task azure-gemm-512: task azure-gemm-512 failed after 7 retries: <nil>
[2025-12-04T00:06:04Z] [[31merror[0m] [task_execution] Error executing task azure-gemm-512: task azure-gemm-512 failed after 7 retries: <nil>
[2025-12-04T00:06:04Z] [[31merror[0m] [task_execution] Error executing task azure-gemm-512: task azure-gemm-512 failed after 7 retries: <nil>
[2025-12-04T00:06:04Z] [[31merror[0m] [task_execution] Error executing task azure-gemm-512: task azure-gemm-512 failed after 7 retries: <nil>
[2025-12-04T00:06:04Z] [[31merror[0m] [task_execution] Error executing task azure-gemm-512: task azure-gemm-512 failed after 7 retries: <nil>
[2025-12-04T00:06:04Z] [[31merror[0m] [task_execution] Error executing task azure-gemm-512: task azure-gemm-512 failed after 7 retries: <nil>
[2025-12-04T00:06:04Z] [[31merror[0m] [task_execution] Error executing task azure-gemm-512: task azure-gemm-512 failed after 7 retries: <nil>
[2025-12-04T00:06:05Z] [[31merror[0m] [task_execution] Error executing task azure-gemm-512: task azure-gemm-512 failed after 7 retries: <nil>
[2025-12-04T00:06:05Z] [[31merror[0m] [task_execution] Error executing task azure-gemm-512: task azure-gemm-512 failed after 7 retries: <nil>
[2025-12-04T00:06:05Z] [[31merror[0m] [task_execution] Error executing task azure-gemm-512: task azure-gemm-512 failed after 7 retries: <nil>
[2025-12-04T00:06:05Z] [[31merror[0m] [task_execution] Error executing task azure-gemm-512: task azure-gemm-512 failed after 7 retries: <nil>
[2025-12-04T00:06:06Z] [[31merror[0m] [task_execution] Error executing task azure-gemm-512: task azure-gemm-512 failed after 7 retries: <nil>
[2025-12-04T00:06:06Z] [[36minfo[0m] [progress_update] aws-us-east-1-aws-gemm-512-512-558: 2500/2500 tasks started.alibaba-us-east-1-alibaba-gemm-512-512-697: 2500/2500 tasks started.gcp-us-east1-gcp-gemm-512-512-254: 2500/2500 tasks started.azure-germanywestcentral-azure-gemm-512-512-58: 2500/2500 tasks started.
[2025-12-04T00:06:07Z] [[31merror[0m] [task_execution] Error executing task azure-gemm-512: task azure-gemm-512 failed after 7 retries: <nil>
[2025-12-04T00:06:07Z] [[31merror[0m] [task_execution] Error executing task azure-gemm-512: task azure-gemm-512 failed after 7 retries: <nil>
[2025-12-04T00:06:07Z] [[31merror[0m] [task_execution] Error executing task azure-gemm-512: task azure-gemm-512 failed after 7 retries: <nil>
[2025-12-04T00:06:07Z] [[31merror[0m] [task_execution] Error executing task azure-gemm-512: task azure-gemm-512 failed after 7 retries: <nil>
[2025-12-04T00:06:07Z] [[31merror[0m] [task_execution] Error executing task azure-gemm-512: task azure-gemm-512 failed after 7 retries: <nil>
[2025-12-04T00:06:07Z] [[31merror[0m] [task_execution] Error executing task azure-gemm-512: task azure-gemm-512 failed after 7 retries: <nil>
[2025-12-04T00:06:07Z] [[31merror[0m] [task_execution] Error executing task azure-gemm-512: task azure-gemm-512 failed after 7 retries: <nil>
[2025-12-04T00:06:08Z] [[31merror[0m] [task_execution] Error executing task azure-gemm-512: task azure-gemm-512 failed after 7 retries: <nil>
[2025-12-04T00:06:08Z] [[31merror[0m] [task_execution] Error executing task azure-gemm-512: task azure-gemm-512 failed after 7 retries: <nil>
[2025-12-04T00:06:16Z] [[36minfo[0m] [progress_update] azure-germanywestcentral-azure-gemm-512-512-58: 2500/2500 tasks started.aws-us-east-1-aws-gemm-512-512-558: 2500/2500 tasks started.alibaba-us-east-1-alibaba-gemm-512-512-697: 2500/2500 tasks started.gcp-us-east1-gcp-gemm-512-512-254: 2500/2500 tasks started.
[2025-12-04T00:06:26Z] [[36minfo[0m] [progress_update] azure-germanywestcentral-azure-gemm-512-512-58: 2500/2500 tasks started.aws-us-east-1-aws-gemm-512-512-558: 2500/2500 tasks started.alibaba-us-east-1-alibaba-gemm-512-512-697: 2500/2500 tasks started.gcp-us-east1-gcp-gemm-512-512-254: 2500/2500 tasks started.
[2025-12-04T00:06:32Z] [[31merror[0m] [task_execution] Error executing task azure-gemm-512: task azure-gemm-512 failed after 7 retries: <nil>
[2025-12-04T00:06:33Z] [[31merror[0m] [task_execution] Error executing task azure-gemm-512: task azure-gemm-512 failed after 7 retries: <nil>
[2025-12-04T00:06:34Z] [[31merror[0m] [task_execution] Error executing task azure-gemm-512: task azure-gemm-512 failed after 7 retries: <nil>
[2025-12-04T00:06:35Z] [[31merror[0m] [task_execution] Error executing task azure-gemm-512: task azure-gemm-512 failed after 7 retries: <nil>
[2025-12-04T00:06:35Z] [[31merror[0m] [task_execution] Error executing task azure-gemm-512: task azure-gemm-512 failed after 7 retries: <nil>
[2025-12-04T00:06:35Z] [[31merror[0m] [task_execution] Error executing task azure-gemm-512: task azure-gemm-512 failed after 7 retries: <nil>
[2025-12-04T00:06:36Z] [[36minfo[0m] [progress_update] aws-us-east-1-aws-gemm-512-512-558: 2500/2500 tasks started.alibaba-us-east-1-alibaba-gemm-512-512-697: 2500/2500 tasks started.gcp-us-east1-gcp-gemm-512-512-254: 2500/2500 tasks started.azure-germanywestcentral-azure-gemm-512-512-58: 2500/2500 tasks started.
[2025-12-04T00:06:36Z] [[31merror[0m] [task_execution] Error executing task azure-gemm-512: task azure-gemm-512 failed after 7 retries: <nil>
[2025-12-04T00:06:36Z] [[31merror[0m] [task_execution] Error executing task azure-gemm-512: task azure-gemm-512 failed after 7 retries: <nil>
[2025-12-04T00:06:37Z] [[31merror[0m] [task_execution] Error executing task azure-gemm-512: task azure-gemm-512 failed after 7 retries: <nil>
[2025-12-04T00:06:37Z] [[31merror[0m] [task_execution] Error executing task azure-gemm-512: task azure-gemm-512 failed after 7 retries: <nil>
[2025-12-04T00:06:40Z] [[31merror[0m] [task_execution] Error executing task azure-gemm-512: task azure-gemm-512 failed after 7 retries: <nil>
[2025-12-04T00:06:45Z] [[36minfo[0m] [function_finished] Finished benchmarking function azure-gemm-512 and closed archiver
[2025-12-04T00:06:46Z] [[36minfo[0m] [progress_update] aws-us-east-1-aws-gemm-512-512-558: 2500/2500 tasks started.alibaba-us-east-1-alibaba-gemm-512-512-697: 2500/2500 tasks started.gcp-us-east1-gcp-gemm-512-512-254: 2500/2500 tasks started.azure-germanywestcentral-azure-gemm-512-512-58: 2500/2500 tasks started.
[2025-12-04T00:06:47Z] [[36minfo[0m] [finish_timeline] Benchmark Timeline
[Thu Dec  4 00:06:47 UTC 2025] Finished benchmark 'gemm' successfully
