[Sat Dec  6 12:03:09 UTC 2025] Starting benchmark 'sha256' with config './configs/sha256.yaml'
Validating functions...
[2025-12-06T12:03:09Z] [[36minfo[0m] [executor_setup] Setting up executor for aws-us-east-1-aws-sha256-512-512-455
[2025-12-06T12:03:09Z] [[36minfo[0m] [executor_setup] Setting up executor for alibaba-us-east-1-alibaba-sha256-512-512-729
[2025-12-06T12:03:09Z] [[36minfo[0m] [executor_setup] Setting up executor for azure-germanywestcentral-azure-sha256-512-512-44
[2025-12-06T12:03:09Z] [[0mwarning[0m] [[32mazure_limitations[0m] Azure can´t handle more than 300 parallel requests. Limiting to 300.
[2025-12-06T12:03:09Z] [[36minfo[0m] [executor_setup] Setting up executor for gcp-us-east1-gcp-sha256-512-512-238
[2025-12-06T12:03:09Z] [[36minfo[0m] [start_timeline] Benchmark Timeline
[2025-12-06T12:03:09Z] [[36minfo[0m] [load_generator_start] (gcp: us-east1) Starting load generator with 300 workers
[2025-12-06T12:03:09Z] [[36minfo[0m] [load_generator_start] (aws: us-east-1) Starting load generator with 500 workers
[2025-12-06T12:03:09Z] [[36minfo[0m] [load_generator_start] (alibaba: us-east-1) Starting load generator with 500 workers
[2025-12-06T12:03:09Z] [[36minfo[0m] [load_generator_start] (azure: germanywestcentral) Starting load generator with 300 workers
[2025-12-06T12:03:19Z] [[36minfo[0m] [progress_update] aws-us-east-1-aws-sha256-512-512-455: 1701/2500 tasks started.alibaba-us-east-1-alibaba-sha256-512-512-729: 1582/2500 tasks started.azure-germanywestcentral-azure-sha256-512-512-44: 616/2500 tasks started.gcp-us-east1-gcp-sha256-512-512-238: 1553/2500 tasks started.
[2025-12-06T12:03:29Z] [[36minfo[0m] [progress_update] aws-us-east-1-aws-sha256-512-512-455: 2500/2500 tasks started.alibaba-us-east-1-alibaba-sha256-512-512-729: 2500/2500 tasks started.azure-germanywestcentral-azure-sha256-512-512-44: 674/2500 tasks started.gcp-us-east1-gcp-sha256-512-512-238: 2500/2500 tasks started.
[2025-12-06T12:03:34Z] [[36minfo[0m] [function_finished] Finished benchmarking function aws-sha256-512 and closed archiver
[2025-12-06T12:03:39Z] [[36minfo[0m] [progress_update] azure-germanywestcentral-azure-sha256-512-512-44: 1497/2500 tasks started.gcp-us-east1-gcp-sha256-512-512-238: 2500/2500 tasks started.aws-us-east-1-aws-sha256-512-512-455: 2500/2500 tasks started.alibaba-us-east-1-alibaba-sha256-512-512-729: 2500/2500 tasks started.
[2025-12-06T12:03:44Z] [[36minfo[0m] [function_finished] Finished benchmarking function gcp-sha256-512 and closed archiver
[2025-12-06T12:03:49Z] [[36minfo[0m] [progress_update] aws-us-east-1-aws-sha256-512-512-455: 2500/2500 tasks started.alibaba-us-east-1-alibaba-sha256-512-512-729: 2500/2500 tasks started.azure-germanywestcentral-azure-sha256-512-512-44: 1990/2500 tasks started.gcp-us-east1-gcp-sha256-512-512-238: 2500/2500 tasks started.
[2025-12-06T12:03:59Z] [[36minfo[0m] [progress_update] aws-us-east-1-aws-sha256-512-512-455: 2500/2500 tasks started.alibaba-us-east-1-alibaba-sha256-512-512-729: 2500/2500 tasks started.azure-germanywestcentral-azure-sha256-512-512-44: 2014/2500 tasks started.gcp-us-east1-gcp-sha256-512-512-238: 2500/2500 tasks started.
[2025-12-06T12:04:09Z] [[36minfo[0m] [progress_update] aws-us-east-1-aws-sha256-512-512-455: 2500/2500 tasks started.alibaba-us-east-1-alibaba-sha256-512-512-729: 2500/2500 tasks started.azure-germanywestcentral-azure-sha256-512-512-44: 2228/2500 tasks started.gcp-us-east1-gcp-sha256-512-512-238: 2500/2500 tasks started.
[2025-12-06T12:04:19Z] [[36minfo[0m] [progress_update] aws-us-east-1-aws-sha256-512-512-455: 2500/2500 tasks started.alibaba-us-east-1-alibaba-sha256-512-512-729: 2500/2500 tasks started.azure-germanywestcentral-azure-sha256-512-512-44: 2428/2500 tasks started.gcp-us-east1-gcp-sha256-512-512-238: 2500/2500 tasks started.
[2025-12-06T12:04:29Z] [[36minfo[0m] [progress_update] gcp-us-east1-gcp-sha256-512-512-238: 2500/2500 tasks started.aws-us-east-1-aws-sha256-512-512-455: 2500/2500 tasks started.alibaba-us-east-1-alibaba-sha256-512-512-729: 2500/2500 tasks started.azure-germanywestcentral-azure-sha256-512-512-44: 2500/2500 tasks started.
[2025-12-06T12:04:38Z] [[36minfo[0m] [function_finished] Finished benchmarking function alibaba-sha256-512 and closed archiver
[2025-12-06T12:04:39Z] [[36minfo[0m] [progress_update] aws-us-east-1-aws-sha256-512-512-455: 2500/2500 tasks started.alibaba-us-east-1-alibaba-sha256-512-512-729: 2500/2500 tasks started.azure-germanywestcentral-azure-sha256-512-512-44: 2500/2500 tasks started.gcp-us-east1-gcp-sha256-512-512-238: 2500/2500 tasks started.
[2025-12-06T12:04:49Z] [[36minfo[0m] [progress_update] azure-germanywestcentral-azure-sha256-512-512-44: 2500/2500 tasks started.gcp-us-east1-gcp-sha256-512-512-238: 2500/2500 tasks started.aws-us-east-1-aws-sha256-512-512-455: 2500/2500 tasks started.alibaba-us-east-1-alibaba-sha256-512-512-729: 2500/2500 tasks started.
[2025-12-06T12:04:59Z] [[36minfo[0m] [progress_update] aws-us-east-1-aws-sha256-512-512-455: 2500/2500 tasks started.alibaba-us-east-1-alibaba-sha256-512-512-729: 2500/2500 tasks started.azure-germanywestcentral-azure-sha256-512-512-44: 2500/2500 tasks started.gcp-us-east1-gcp-sha256-512-512-238: 2500/2500 tasks started.
[2025-12-06T12:05:09Z] [[36minfo[0m] [progress_update] aws-us-east-1-aws-sha256-512-512-455: 2500/2500 tasks started.alibaba-us-east-1-alibaba-sha256-512-512-729: 2500/2500 tasks started.azure-germanywestcentral-azure-sha256-512-512-44: 2500/2500 tasks started.gcp-us-east1-gcp-sha256-512-512-238: 2500/2500 tasks started.
[2025-12-06T12:05:19Z] [[36minfo[0m] [progress_update] aws-us-east-1-aws-sha256-512-512-455: 2500/2500 tasks started.alibaba-us-east-1-alibaba-sha256-512-512-729: 2500/2500 tasks started.azure-germanywestcentral-azure-sha256-512-512-44: 2500/2500 tasks started.gcp-us-east1-gcp-sha256-512-512-238: 2500/2500 tasks started.
[2025-12-06T12:05:29Z] [[36minfo[0m] [progress_update] alibaba-us-east-1-alibaba-sha256-512-512-729: 2500/2500 tasks started.azure-germanywestcentral-azure-sha256-512-512-44: 2500/2500 tasks started.gcp-us-east1-gcp-sha256-512-512-238: 2500/2500 tasks started.aws-us-east-1-aws-sha256-512-512-455: 2500/2500 tasks started.
[2025-12-06T12:05:39Z] [[36minfo[0m] [progress_update] aws-us-east-1-aws-sha256-512-512-455: 2500/2500 tasks started.alibaba-us-east-1-alibaba-sha256-512-512-729: 2500/2500 tasks started.azure-germanywestcentral-azure-sha256-512-512-44: 2500/2500 tasks started.gcp-us-east1-gcp-sha256-512-512-238: 2500/2500 tasks started.
[2025-12-06T12:05:49Z] [[36minfo[0m] [progress_update] azure-germanywestcentral-azure-sha256-512-512-44: 2500/2500 tasks started.gcp-us-east1-gcp-sha256-512-512-238: 2500/2500 tasks started.aws-us-east-1-aws-sha256-512-512-455: 2500/2500 tasks started.alibaba-us-east-1-alibaba-sha256-512-512-729: 2500/2500 tasks started.
[2025-12-06T12:05:59Z] [[36minfo[0m] [progress_update] aws-us-east-1-aws-sha256-512-512-455: 2500/2500 tasks started.alibaba-us-east-1-alibaba-sha256-512-512-729: 2500/2500 tasks started.azure-germanywestcentral-azure-sha256-512-512-44: 2500/2500 tasks started.gcp-us-east1-gcp-sha256-512-512-238: 2500/2500 tasks started.
[2025-12-06T12:06:09Z] [[36minfo[0m] [progress_update] aws-us-east-1-aws-sha256-512-512-455: 2500/2500 tasks started.alibaba-us-east-1-alibaba-sha256-512-512-729: 2500/2500 tasks started.azure-germanywestcentral-azure-sha256-512-512-44: 2500/2500 tasks started.gcp-us-east1-gcp-sha256-512-512-238: 2500/2500 tasks started.
[2025-12-06T12:06:19Z] [[36minfo[0m] [progress_update] aws-us-east-1-aws-sha256-512-512-455: 2500/2500 tasks started.alibaba-us-east-1-alibaba-sha256-512-512-729: 2500/2500 tasks started.azure-germanywestcentral-azure-sha256-512-512-44: 2500/2500 tasks started.gcp-us-east1-gcp-sha256-512-512-238: 2500/2500 tasks started.
[2025-12-06T12:06:29Z] [[36minfo[0m] [progress_update] gcp-us-east1-gcp-sha256-512-512-238: 2500/2500 tasks started.aws-us-east-1-aws-sha256-512-512-455: 2500/2500 tasks started.alibaba-us-east-1-alibaba-sha256-512-512-729: 2500/2500 tasks started.azure-germanywestcentral-azure-sha256-512-512-44: 2500/2500 tasks started.
[2025-12-06T12:06:39Z] [[36minfo[0m] [progress_update] aws-us-east-1-aws-sha256-512-512-455: 2500/2500 tasks started.alibaba-us-east-1-alibaba-sha256-512-512-729: 2500/2500 tasks started.azure-germanywestcentral-azure-sha256-512-512-44: 2500/2500 tasks started.gcp-us-east1-gcp-sha256-512-512-238: 2500/2500 tasks started.
[2025-12-06T12:06:49Z] [[36minfo[0m] [progress_update] azure-germanywestcentral-azure-sha256-512-512-44: 2500/2500 tasks started.gcp-us-east1-gcp-sha256-512-512-238: 2500/2500 tasks started.aws-us-east-1-aws-sha256-512-512-455: 2500/2500 tasks started.alibaba-us-east-1-alibaba-sha256-512-512-729: 2500/2500 tasks started.
[2025-12-06T12:06:59Z] [[36minfo[0m] [progress_update] aws-us-east-1-aws-sha256-512-512-455: 2500/2500 tasks started.alibaba-us-east-1-alibaba-sha256-512-512-729: 2500/2500 tasks started.azure-germanywestcentral-azure-sha256-512-512-44: 2500/2500 tasks started.gcp-us-east1-gcp-sha256-512-512-238: 2500/2500 tasks started.
[2025-12-06T12:07:09Z] [[36minfo[0m] [progress_update] alibaba-us-east-1-alibaba-sha256-512-512-729: 2500/2500 tasks started.azure-germanywestcentral-azure-sha256-512-512-44: 2500/2500 tasks started.gcp-us-east1-gcp-sha256-512-512-238: 2500/2500 tasks started.aws-us-east-1-aws-sha256-512-512-455: 2500/2500 tasks started.
[2025-12-06T12:07:19Z] [[36minfo[0m] [progress_update] aws-us-east-1-aws-sha256-512-512-455: 2500/2500 tasks started.alibaba-us-east-1-alibaba-sha256-512-512-729: 2500/2500 tasks started.azure-germanywestcentral-azure-sha256-512-512-44: 2500/2500 tasks started.gcp-us-east1-gcp-sha256-512-512-238: 2500/2500 tasks started.
[2025-12-06T12:07:29Z] [[36minfo[0m] [progress_update] aws-us-east-1-aws-sha256-512-512-455: 2500/2500 tasks started.alibaba-us-east-1-alibaba-sha256-512-512-729: 2500/2500 tasks started.azure-germanywestcentral-azure-sha256-512-512-44: 2500/2500 tasks started.gcp-us-east1-gcp-sha256-512-512-238: 2500/2500 tasks started.
[2025-12-06T12:07:29Z] [[31merror[0m] [task_execution] Error executing task azure-sha256-512: task azure-sha256-512 failed after 7 retries: <nil>
[2025-12-06T12:07:30Z] [[31merror[0m] [task_execution] Error executing task azure-sha256-512: task azure-sha256-512 failed after 7 retries: <nil>
[2025-12-06T12:07:30Z] [[31merror[0m] [task_execution] Error executing task azure-sha256-512: task azure-sha256-512 failed after 7 retries: <nil>
[2025-12-06T12:07:30Z] [[31merror[0m] [task_execution] Error executing task azure-sha256-512: task azure-sha256-512 failed after 7 retries: <nil>
[2025-12-06T12:07:30Z] [[31merror[0m] [task_execution] Error executing task azure-sha256-512: task azure-sha256-512 failed after 7 retries: <nil>
[2025-12-06T12:07:30Z] [[31merror[0m] [task_execution] Error executing task azure-sha256-512: task azure-sha256-512 failed after 7 retries: <nil>
[2025-12-06T12:07:30Z] [[31merror[0m] [task_execution] Error executing task azure-sha256-512: task azure-sha256-512 failed after 7 retries: <nil>
[2025-12-06T12:07:30Z] [[31merror[0m] [task_execution] Error executing task azure-sha256-512: task azure-sha256-512 failed after 7 retries: <nil>
[2025-12-06T12:07:30Z] [[31merror[0m] [task_execution] Error executing task azure-sha256-512: task azure-sha256-512 failed after 7 retries: <nil>
[2025-12-06T12:07:30Z] [[31merror[0m] [task_execution] Error executing task azure-sha256-512: task azure-sha256-512 failed after 7 retries: <nil>
[2025-12-06T12:07:30Z] [[31merror[0m] [task_execution] Error executing task azure-sha256-512: task azure-sha256-512 failed after 7 retries: <nil>
[2025-12-06T12:07:30Z] [[31merror[0m] [task_execution] Error executing task azure-sha256-512: task azure-sha256-512 failed after 7 retries: <nil>
[2025-12-06T12:07:30Z] [[31merror[0m] [task_execution] Error executing task azure-sha256-512: task azure-sha256-512 failed after 7 retries: <nil>
[2025-12-06T12:07:30Z] [[31merror[0m] [task_execution] Error executing task azure-sha256-512: task azure-sha256-512 failed after 7 retries: <nil>
[2025-12-06T12:07:30Z] [[31merror[0m] [task_execution] Error executing task azure-sha256-512: task azure-sha256-512 failed after 7 retries: <nil>
[2025-12-06T12:07:39Z] [[36minfo[0m] [progress_update] aws-us-east-1-aws-sha256-512-512-455: 2500/2500 tasks started.alibaba-us-east-1-alibaba-sha256-512-512-729: 2500/2500 tasks started.azure-germanywestcentral-azure-sha256-512-512-44: 2500/2500 tasks started.gcp-us-east1-gcp-sha256-512-512-238: 2500/2500 tasks started.
[2025-12-06T12:07:46Z] [[31merror[0m] [task_execution] Error executing task azure-sha256-512: task azure-sha256-512 failed after 7 retries: <nil>
[2025-12-06T12:07:49Z] [[36minfo[0m] [progress_update] aws-us-east-1-aws-sha256-512-512-455: 2500/2500 tasks started.alibaba-us-east-1-alibaba-sha256-512-512-729: 2500/2500 tasks started.azure-germanywestcentral-azure-sha256-512-512-44: 2500/2500 tasks started.gcp-us-east1-gcp-sha256-512-512-238: 2500/2500 tasks started.
[2025-12-06T12:07:59Z] [[36minfo[0m] [progress_update] aws-us-east-1-aws-sha256-512-512-455: 2500/2500 tasks started.alibaba-us-east-1-alibaba-sha256-512-512-729: 2500/2500 tasks started.azure-germanywestcentral-azure-sha256-512-512-44: 2500/2500 tasks started.gcp-us-east1-gcp-sha256-512-512-238: 2500/2500 tasks started.
[2025-12-06T12:08:02Z] [[31merror[0m] [task_execution] Error executing task azure-sha256-512: task azure-sha256-512 failed after 7 retries: <nil>
[2025-12-06T12:08:02Z] [[31merror[0m] [task_execution] Error executing task azure-sha256-512: task azure-sha256-512 failed after 7 retries: <nil>
[2025-12-06T12:08:02Z] [[31merror[0m] [task_execution] Error executing task azure-sha256-512: task azure-sha256-512 failed after 7 retries: <nil>
[2025-12-06T12:08:02Z] [[31merror[0m] [task_execution] Error executing task azure-sha256-512: task azure-sha256-512 failed after 7 retries: <nil>
[2025-12-06T12:08:02Z] [[31merror[0m] [task_execution] Error executing task azure-sha256-512: task azure-sha256-512 failed after 7 retries: <nil>
[2025-12-06T12:08:02Z] [[31merror[0m] [task_execution] Error executing task azure-sha256-512: task azure-sha256-512 failed after 7 retries: <nil>
[2025-12-06T12:08:02Z] [[31merror[0m] [task_execution] Error executing task azure-sha256-512: task azure-sha256-512 failed after 7 retries: <nil>
[2025-12-06T12:08:02Z] [[31merror[0m] [task_execution] Error executing task azure-sha256-512: task azure-sha256-512 failed after 7 retries: <nil>
[2025-12-06T12:08:02Z] [[31merror[0m] [task_execution] Error executing task azure-sha256-512: task azure-sha256-512 failed after 7 retries: <nil>
[2025-12-06T12:08:02Z] [[31merror[0m] [task_execution] Error executing task azure-sha256-512: task azure-sha256-512 failed after 7 retries: <nil>
[2025-12-06T12:08:02Z] [[31merror[0m] [task_execution] Error executing task azure-sha256-512: task azure-sha256-512 failed after 7 retries: <nil>
[2025-12-06T12:08:02Z] [[31merror[0m] [task_execution] Error executing task azure-sha256-512: task azure-sha256-512 failed after 7 retries: <nil>
[2025-12-06T12:08:02Z] [[31merror[0m] [task_execution] Error executing task azure-sha256-512: task azure-sha256-512 failed after 7 retries: <nil>
[2025-12-06T12:08:02Z] [[31merror[0m] [task_execution] Error executing task azure-sha256-512: task azure-sha256-512 failed after 7 retries: <nil>
[2025-12-06T12:08:02Z] [[31merror[0m] [task_execution] Error executing task azure-sha256-512: task azure-sha256-512 failed after 7 retries: <nil>
[2025-12-06T12:08:02Z] [[31merror[0m] [task_execution] Error executing task azure-sha256-512: task azure-sha256-512 failed after 7 retries: <nil>
[2025-12-06T12:08:02Z] [[31merror[0m] [task_execution] Error executing task azure-sha256-512: task azure-sha256-512 failed after 7 retries: <nil>
[2025-12-06T12:08:02Z] [[31merror[0m] [task_execution] Error executing task azure-sha256-512: task azure-sha256-512 failed after 7 retries: <nil>
[2025-12-06T12:08:02Z] [[31merror[0m] [task_execution] Error executing task azure-sha256-512: task azure-sha256-512 failed after 7 retries: <nil>
[2025-12-06T12:08:02Z] [[31merror[0m] [task_execution] Error executing task azure-sha256-512: task azure-sha256-512 failed after 7 retries: <nil>
[2025-12-06T12:08:02Z] [[31merror[0m] [task_execution] Error executing task azure-sha256-512: task azure-sha256-512 failed after 7 retries: <nil>
[2025-12-06T12:08:02Z] [[31merror[0m] [task_execution] Error executing task azure-sha256-512: task azure-sha256-512 failed after 7 retries: <nil>
[2025-12-06T12:08:02Z] [[31merror[0m] [task_execution] Error executing task azure-sha256-512: task azure-sha256-512 failed after 7 retries: <nil>
[2025-12-06T12:08:02Z] [[31merror[0m] [task_execution] Error executing task azure-sha256-512: task azure-sha256-512 failed after 7 retries: <nil>
[2025-12-06T12:08:02Z] [[31merror[0m] [task_execution] Error executing task azure-sha256-512: task azure-sha256-512 failed after 7 retries: <nil>
[2025-12-06T12:08:02Z] [[31merror[0m] [task_execution] Error executing task azure-sha256-512: task azure-sha256-512 failed after 7 retries: <nil>
[2025-12-06T12:08:02Z] [[31merror[0m] [task_execution] Error executing task azure-sha256-512: task azure-sha256-512 failed after 7 retries: <nil>
[2025-12-06T12:08:02Z] [[31merror[0m] [task_execution] Error executing task azure-sha256-512: task azure-sha256-512 failed after 7 retries: <nil>
[2025-12-06T12:08:02Z] [[31merror[0m] [task_execution] Error executing task azure-sha256-512: task azure-sha256-512 failed after 7 retries: <nil>
[2025-12-06T12:08:02Z] [[31merror[0m] [task_execution] Error executing task azure-sha256-512: task azure-sha256-512 failed after 7 retries: <nil>
[2025-12-06T12:08:02Z] [[31merror[0m] [task_execution] Error executing task azure-sha256-512: task azure-sha256-512 failed after 7 retries: <nil>
[2025-12-06T12:08:02Z] [[31merror[0m] [task_execution] Error executing task azure-sha256-512: task azure-sha256-512 failed after 7 retries: <nil>
[2025-12-06T12:08:03Z] [[31merror[0m] [task_execution] Error executing task azure-sha256-512: task azure-sha256-512 failed after 7 retries: <nil>
[2025-12-06T12:08:03Z] [[31merror[0m] [task_execution] Error executing task azure-sha256-512: task azure-sha256-512 failed after 7 retries: <nil>
[2025-12-06T12:08:03Z] [[31merror[0m] [task_execution] Error executing task azure-sha256-512: task azure-sha256-512 failed after 7 retries: <nil>
[2025-12-06T12:08:03Z] [[31merror[0m] [task_execution] Error executing task azure-sha256-512: task azure-sha256-512 failed after 7 retries: <nil>
[2025-12-06T12:08:03Z] [[31merror[0m] [task_execution] Error executing task azure-sha256-512: task azure-sha256-512 failed after 7 retries: <nil>
[2025-12-06T12:08:03Z] [[31merror[0m] [task_execution] Error executing task azure-sha256-512: task azure-sha256-512 failed after 7 retries: <nil>
[2025-12-06T12:08:03Z] [[31merror[0m] [task_execution] Error executing task azure-sha256-512: task azure-sha256-512 failed after 7 retries: <nil>
[2025-12-06T12:08:03Z] [[31merror[0m] [task_execution] Error executing task azure-sha256-512: task azure-sha256-512 failed after 7 retries: <nil>
[2025-12-06T12:08:03Z] [[31merror[0m] [task_execution] Error executing task azure-sha256-512: task azure-sha256-512 failed after 7 retries: <nil>
[2025-12-06T12:08:03Z] [[31merror[0m] [task_execution] Error executing task azure-sha256-512: task azure-sha256-512 failed after 7 retries: <nil>
[2025-12-06T12:08:03Z] [[31merror[0m] [task_execution] Error executing task azure-sha256-512: task azure-sha256-512 failed after 7 retries: <nil>
[2025-12-06T12:08:03Z] [[31merror[0m] [task_execution] Error executing task azure-sha256-512: task azure-sha256-512 failed after 7 retries: <nil>
[2025-12-06T12:08:08Z] [[36minfo[0m] [function_finished] Finished benchmarking function azure-sha256-512 and closed archiver
[2025-12-06T12:08:09Z] [[36minfo[0m] [progress_update] gcp-us-east1-gcp-sha256-512-512-238: 2500/2500 tasks started.aws-us-east-1-aws-sha256-512-512-455: 2500/2500 tasks started.alibaba-us-east-1-alibaba-sha256-512-512-729: 2500/2500 tasks started.azure-germanywestcentral-azure-sha256-512-512-44: 2500/2500 tasks started.
[2025-12-06T12:08:10Z] [[36minfo[0m] [finish_timeline] Benchmark Timeline
[Sat Dec  6 12:08:10 UTC 2025] Finished benchmark 'sha256' successfully
