[Sun Nov 30 11:59:41 UTC 2025] Starting benchmark 'sha256' with config './configs/sha256.yaml'
Validating functions...
[2025-11-30T11:59:41Z] [[36minfo[0m] [executor_setup] Setting up executor for aws-us-east-1-aws-sha256-512-512-141
[2025-11-30T11:59:41Z] [[36minfo[0m] [executor_setup] Setting up executor for alibaba-us-east-1-alibaba-sha256-512-512-344
[2025-11-30T11:59:41Z] [[36minfo[0m] [executor_setup] Setting up executor for azure-germanywestcentral-azure-sha256-512-512-56
[2025-11-30T11:59:41Z] [[0mwarning[0m] [[32mazure_limitations[0m] Azure can´t handle more than 300 parallel requests. Limiting to 300.
[2025-11-30T11:59:42Z] [[36minfo[0m] [executor_setup] Setting up executor for gcp-us-east1-gcp-sha256-512-512-317
[2025-11-30T11:59:42Z] [[36minfo[0m] [start_timeline] Benchmark Timeline
[2025-11-30T11:59:42Z] [[36minfo[0m] [load_generator_start] (gcp: us-east1) Starting load generator with 300 workers
[2025-11-30T11:59:42Z] [[36minfo[0m] [load_generator_start] (aws: us-east-1) Starting load generator with 500 workers
[2025-11-30T11:59:42Z] [[36minfo[0m] [load_generator_start] (alibaba: us-east-1) Starting load generator with 500 workers
[2025-11-30T11:59:42Z] [[36minfo[0m] [load_generator_start] (azure: germanywestcentral) Starting load generator with 300 workers
[2025-11-30T11:59:52Z] [[36minfo[0m] [progress_update] alibaba-us-east-1-alibaba-sha256-512-512-344: 1548/2500 tasks started.azure-germanywestcentral-azure-sha256-512-512-56: 631/2500 tasks started.gcp-us-east1-gcp-sha256-512-512-317: 1718/2500 tasks started.aws-us-east-1-aws-sha256-512-512-141: 1697/2500 tasks started.
[2025-11-30T12:00:02Z] [[36minfo[0m] [progress_update] azure-germanywestcentral-azure-sha256-512-512-56: 669/2500 tasks started.gcp-us-east1-gcp-sha256-512-512-317: 2500/2500 tasks started.aws-us-east-1-aws-sha256-512-512-141: 2500/2500 tasks started.alibaba-us-east-1-alibaba-sha256-512-512-344: 2500/2500 tasks started.
[2025-11-30T12:00:12Z] [[36minfo[0m] [progress_update] aws-us-east-1-aws-sha256-512-512-141: 2500/2500 tasks started.alibaba-us-east-1-alibaba-sha256-512-512-344: 2500/2500 tasks started.azure-germanywestcentral-azure-sha256-512-512-56: 1443/2500 tasks started.gcp-us-east1-gcp-sha256-512-512-317: 2500/2500 tasks started.
[2025-11-30T12:00:13Z] [[36minfo[0m] [function_finished] Finished benchmarking function aws-sha256-512 and closed archiver
[2025-11-30T12:00:18Z] [[36minfo[0m] [function_finished] Finished benchmarking function gcp-sha256-512 and closed archiver
[2025-11-30T12:00:22Z] [[36minfo[0m] [progress_update] gcp-us-east1-gcp-sha256-512-512-317: 2500/2500 tasks started.aws-us-east-1-aws-sha256-512-512-141: 2500/2500 tasks started.alibaba-us-east-1-alibaba-sha256-512-512-344: 2500/2500 tasks started.azure-germanywestcentral-azure-sha256-512-512-56: 1964/2500 tasks started.
[2025-11-30T12:00:32Z] [[36minfo[0m] [progress_update] aws-us-east-1-aws-sha256-512-512-141: 2500/2500 tasks started.alibaba-us-east-1-alibaba-sha256-512-512-344: 2500/2500 tasks started.azure-germanywestcentral-azure-sha256-512-512-56: 2078/2500 tasks started.gcp-us-east1-gcp-sha256-512-512-317: 2500/2500 tasks started.
[2025-11-30T12:00:42Z] [[36minfo[0m] [progress_update] aws-us-east-1-aws-sha256-512-512-141: 2500/2500 tasks started.alibaba-us-east-1-alibaba-sha256-512-512-344: 2500/2500 tasks started.azure-germanywestcentral-azure-sha256-512-512-56: 2270/2500 tasks started.gcp-us-east1-gcp-sha256-512-512-317: 2500/2500 tasks started.
[2025-11-30T12:00:52Z] [[36minfo[0m] [progress_update] aws-us-east-1-aws-sha256-512-512-141: 2500/2500 tasks started.alibaba-us-east-1-alibaba-sha256-512-512-344: 2500/2500 tasks started.azure-germanywestcentral-azure-sha256-512-512-56: 2500/2500 tasks started.gcp-us-east1-gcp-sha256-512-512-317: 2500/2500 tasks started.
[2025-11-30T12:01:02Z] [[36minfo[0m] [progress_update] azure-germanywestcentral-azure-sha256-512-512-56: 2500/2500 tasks started.gcp-us-east1-gcp-sha256-512-512-317: 2500/2500 tasks started.aws-us-east-1-aws-sha256-512-512-141: 2500/2500 tasks started.alibaba-us-east-1-alibaba-sha256-512-512-344: 2500/2500 tasks started.
[2025-11-30T12:01:12Z] [[36minfo[0m] [progress_update] alibaba-us-east-1-alibaba-sha256-512-512-344: 2500/2500 tasks started.azure-germanywestcentral-azure-sha256-512-512-56: 2500/2500 tasks started.gcp-us-east1-gcp-sha256-512-512-317: 2500/2500 tasks started.aws-us-east-1-aws-sha256-512-512-141: 2500/2500 tasks started.
[2025-11-30T12:01:22Z] [[36minfo[0m] [progress_update] aws-us-east-1-aws-sha256-512-512-141: 2500/2500 tasks started.alibaba-us-east-1-alibaba-sha256-512-512-344: 2500/2500 tasks started.azure-germanywestcentral-azure-sha256-512-512-56: 2500/2500 tasks started.gcp-us-east1-gcp-sha256-512-512-317: 2500/2500 tasks started.
[2025-11-30T12:01:32Z] [[36minfo[0m] [progress_update] aws-us-east-1-aws-sha256-512-512-141: 2500/2500 tasks started.alibaba-us-east-1-alibaba-sha256-512-512-344: 2500/2500 tasks started.azure-germanywestcentral-azure-sha256-512-512-56: 2500/2500 tasks started.gcp-us-east1-gcp-sha256-512-512-317: 2500/2500 tasks started.
[2025-11-30T12:01:42Z] [[36minfo[0m] [progress_update] gcp-us-east1-gcp-sha256-512-512-317: 2500/2500 tasks started.aws-us-east-1-aws-sha256-512-512-141: 2500/2500 tasks started.alibaba-us-east-1-alibaba-sha256-512-512-344: 2500/2500 tasks started.azure-germanywestcentral-azure-sha256-512-512-56: 2500/2500 tasks started.
[2025-11-30T12:01:52Z] [[36minfo[0m] [progress_update] aws-us-east-1-aws-sha256-512-512-141: 2500/2500 tasks started.alibaba-us-east-1-alibaba-sha256-512-512-344: 2500/2500 tasks started.azure-germanywestcentral-azure-sha256-512-512-56: 2500/2500 tasks started.gcp-us-east1-gcp-sha256-512-512-317: 2500/2500 tasks started.
[2025-11-30T12:02:02Z] [[36minfo[0m] [progress_update] aws-us-east-1-aws-sha256-512-512-141: 2500/2500 tasks started.alibaba-us-east-1-alibaba-sha256-512-512-344: 2500/2500 tasks started.azure-germanywestcentral-azure-sha256-512-512-56: 2500/2500 tasks started.gcp-us-east1-gcp-sha256-512-512-317: 2500/2500 tasks started.
[2025-11-30T12:02:06Z] [[36minfo[0m] [function_finished] Finished benchmarking function alibaba-sha256-512 and closed archiver
[2025-11-30T12:02:12Z] [[36minfo[0m] [progress_update] aws-us-east-1-aws-sha256-512-512-141: 2500/2500 tasks started.alibaba-us-east-1-alibaba-sha256-512-512-344: 2500/2500 tasks started.azure-germanywestcentral-azure-sha256-512-512-56: 2500/2500 tasks started.gcp-us-east1-gcp-sha256-512-512-317: 2500/2500 tasks started.
[2025-11-30T12:02:22Z] [[36minfo[0m] [progress_update] azure-germanywestcentral-azure-sha256-512-512-56: 2500/2500 tasks started.gcp-us-east1-gcp-sha256-512-512-317: 2500/2500 tasks started.aws-us-east-1-aws-sha256-512-512-141: 2500/2500 tasks started.alibaba-us-east-1-alibaba-sha256-512-512-344: 2500/2500 tasks started.
[2025-11-30T12:02:32Z] [[36minfo[0m] [progress_update] aws-us-east-1-aws-sha256-512-512-141: 2500/2500 tasks started.alibaba-us-east-1-alibaba-sha256-512-512-344: 2500/2500 tasks started.azure-germanywestcentral-azure-sha256-512-512-56: 2500/2500 tasks started.gcp-us-east1-gcp-sha256-512-512-317: 2500/2500 tasks started.
[2025-11-30T12:02:42Z] [[36minfo[0m] [progress_update] aws-us-east-1-aws-sha256-512-512-141: 2500/2500 tasks started.alibaba-us-east-1-alibaba-sha256-512-512-344: 2500/2500 tasks started.azure-germanywestcentral-azure-sha256-512-512-56: 2500/2500 tasks started.gcp-us-east1-gcp-sha256-512-512-317: 2500/2500 tasks started.
[2025-11-30T12:02:52Z] [[36minfo[0m] [progress_update] gcp-us-east1-gcp-sha256-512-512-317: 2500/2500 tasks started.aws-us-east-1-aws-sha256-512-512-141: 2500/2500 tasks started.alibaba-us-east-1-alibaba-sha256-512-512-344: 2500/2500 tasks started.azure-germanywestcentral-azure-sha256-512-512-56: 2500/2500 tasks started.
[2025-11-30T12:03:02Z] [[36minfo[0m] [progress_update] azure-germanywestcentral-azure-sha256-512-512-56: 2500/2500 tasks started.gcp-us-east1-gcp-sha256-512-512-317: 2500/2500 tasks started.aws-us-east-1-aws-sha256-512-512-141: 2500/2500 tasks started.alibaba-us-east-1-alibaba-sha256-512-512-344: 2500/2500 tasks started.
[2025-11-30T12:03:12Z] [[36minfo[0m] [progress_update] aws-us-east-1-aws-sha256-512-512-141: 2500/2500 tasks started.alibaba-us-east-1-alibaba-sha256-512-512-344: 2500/2500 tasks started.azure-germanywestcentral-azure-sha256-512-512-56: 2500/2500 tasks started.gcp-us-east1-gcp-sha256-512-512-317: 2500/2500 tasks started.
[2025-11-30T12:03:22Z] [[36minfo[0m] [progress_update] aws-us-east-1-aws-sha256-512-512-141: 2500/2500 tasks started.alibaba-us-east-1-alibaba-sha256-512-512-344: 2500/2500 tasks started.azure-germanywestcentral-azure-sha256-512-512-56: 2500/2500 tasks started.gcp-us-east1-gcp-sha256-512-512-317: 2500/2500 tasks started.
[2025-11-30T12:03:32Z] [[36minfo[0m] [progress_update] azure-germanywestcentral-azure-sha256-512-512-56: 2500/2500 tasks started.gcp-us-east1-gcp-sha256-512-512-317: 2500/2500 tasks started.aws-us-east-1-aws-sha256-512-512-141: 2500/2500 tasks started.alibaba-us-east-1-alibaba-sha256-512-512-344: 2500/2500 tasks started.
[2025-11-30T12:03:42Z] [[36minfo[0m] [progress_update] aws-us-east-1-aws-sha256-512-512-141: 2500/2500 tasks started.alibaba-us-east-1-alibaba-sha256-512-512-344: 2500/2500 tasks started.azure-germanywestcentral-azure-sha256-512-512-56: 2500/2500 tasks started.gcp-us-east1-gcp-sha256-512-512-317: 2500/2500 tasks started.
[2025-11-30T12:03:52Z] [[36minfo[0m] [progress_update] alibaba-us-east-1-alibaba-sha256-512-512-344: 2500/2500 tasks started.azure-germanywestcentral-azure-sha256-512-512-56: 2500/2500 tasks started.gcp-us-east1-gcp-sha256-512-512-317: 2500/2500 tasks started.aws-us-east-1-aws-sha256-512-512-141: 2500/2500 tasks started.
[2025-11-30T12:04:02Z] [[36minfo[0m] [progress_update] aws-us-east-1-aws-sha256-512-512-141: 2500/2500 tasks started.alibaba-us-east-1-alibaba-sha256-512-512-344: 2500/2500 tasks started.azure-germanywestcentral-azure-sha256-512-512-56: 2500/2500 tasks started.gcp-us-east1-gcp-sha256-512-512-317: 2500/2500 tasks started.
[2025-11-30T12:04:12Z] [[36minfo[0m] [progress_update] aws-us-east-1-aws-sha256-512-512-141: 2500/2500 tasks started.alibaba-us-east-1-alibaba-sha256-512-512-344: 2500/2500 tasks started.azure-germanywestcentral-azure-sha256-512-512-56: 2500/2500 tasks started.gcp-us-east1-gcp-sha256-512-512-317: 2500/2500 tasks started.
[2025-11-30T12:04:22Z] [[36minfo[0m] [progress_update] aws-us-east-1-aws-sha256-512-512-141: 2500/2500 tasks started.alibaba-us-east-1-alibaba-sha256-512-512-344: 2500/2500 tasks started.azure-germanywestcentral-azure-sha256-512-512-56: 2500/2500 tasks started.gcp-us-east1-gcp-sha256-512-512-317: 2500/2500 tasks started.
[2025-11-30T12:04:32Z] [[36minfo[0m] [progress_update] aws-us-east-1-aws-sha256-512-512-141: 2500/2500 tasks started.alibaba-us-east-1-alibaba-sha256-512-512-344: 2500/2500 tasks started.azure-germanywestcentral-azure-sha256-512-512-56: 2500/2500 tasks started.gcp-us-east1-gcp-sha256-512-512-317: 2500/2500 tasks started.
[2025-11-30T12:04:36Z] [[31merror[0m] [task_execution] Error executing task azure-sha256-512: task azure-sha256-512 failed after 7 retries: <nil>
[2025-11-30T12:04:36Z] [[31merror[0m] [task_execution] Error executing task azure-sha256-512: task azure-sha256-512 failed after 7 retries: <nil>
[2025-11-30T12:04:36Z] [[31merror[0m] [task_execution] Error executing task azure-sha256-512: task azure-sha256-512 failed after 7 retries: <nil>
[2025-11-30T12:04:36Z] [[31merror[0m] [task_execution] Error executing task azure-sha256-512: task azure-sha256-512 failed after 7 retries: <nil>
[2025-11-30T12:04:36Z] [[31merror[0m] [task_execution] Error executing task azure-sha256-512: task azure-sha256-512 failed after 7 retries: <nil>
[2025-11-30T12:04:36Z] [[31merror[0m] [task_execution] Error executing task azure-sha256-512: task azure-sha256-512 failed after 7 retries: <nil>
[2025-11-30T12:04:36Z] [[31merror[0m] [task_execution] Error executing task azure-sha256-512: task azure-sha256-512 failed after 7 retries: <nil>
[2025-11-30T12:04:36Z] [[31merror[0m] [task_execution] Error executing task azure-sha256-512: task azure-sha256-512 failed after 7 retries: <nil>
[2025-11-30T12:04:36Z] [[31merror[0m] [task_execution] Error executing task azure-sha256-512: task azure-sha256-512 failed after 7 retries: <nil>
[2025-11-30T12:04:37Z] [[31merror[0m] [task_execution] Error executing task azure-sha256-512: task azure-sha256-512 failed after 7 retries: <nil>
[2025-11-30T12:04:37Z] [[31merror[0m] [task_execution] Error executing task azure-sha256-512: task azure-sha256-512 failed after 7 retries: <nil>
[2025-11-30T12:04:37Z] [[31merror[0m] [task_execution] Error executing task azure-sha256-512: task azure-sha256-512 failed after 7 retries: <nil>
[2025-11-30T12:04:37Z] [[31merror[0m] [task_execution] Error executing task azure-sha256-512: task azure-sha256-512 failed after 7 retries: <nil>
[2025-11-30T12:04:37Z] [[31merror[0m] [task_execution] Error executing task azure-sha256-512: task azure-sha256-512 failed after 7 retries: <nil>
[2025-11-30T12:04:37Z] [[31merror[0m] [task_execution] Error executing task azure-sha256-512: task azure-sha256-512 failed after 7 retries: <nil>
[2025-11-30T12:04:37Z] [[31merror[0m] [task_execution] Error executing task azure-sha256-512: task azure-sha256-512 failed after 7 retries: <nil>
[2025-11-30T12:04:37Z] [[31merror[0m] [task_execution] Error executing task azure-sha256-512: task azure-sha256-512 failed after 7 retries: <nil>
[2025-11-30T12:04:42Z] [[36minfo[0m] [progress_update] azure-germanywestcentral-azure-sha256-512-512-56: 2500/2500 tasks started.gcp-us-east1-gcp-sha256-512-512-317: 2500/2500 tasks started.aws-us-east-1-aws-sha256-512-512-141: 2500/2500 tasks started.alibaba-us-east-1-alibaba-sha256-512-512-344: 2500/2500 tasks started.
[2025-11-30T12:04:52Z] [[36minfo[0m] [progress_update] gcp-us-east1-gcp-sha256-512-512-317: 2500/2500 tasks started.aws-us-east-1-aws-sha256-512-512-141: 2500/2500 tasks started.alibaba-us-east-1-alibaba-sha256-512-512-344: 2500/2500 tasks started.azure-germanywestcentral-azure-sha256-512-512-56: 2500/2500 tasks started.
[2025-11-30T12:05:02Z] [[36minfo[0m] [progress_update] aws-us-east-1-aws-sha256-512-512-141: 2500/2500 tasks started.alibaba-us-east-1-alibaba-sha256-512-512-344: 2500/2500 tasks started.azure-germanywestcentral-azure-sha256-512-512-56: 2500/2500 tasks started.gcp-us-east1-gcp-sha256-512-512-317: 2500/2500 tasks started.
[2025-11-30T12:05:06Z] [[31merror[0m] [task_execution] Error executing task azure-sha256-512: task azure-sha256-512 failed after 7 retries: <nil>
[2025-11-30T12:05:07Z] [[31merror[0m] [task_execution] Error executing task azure-sha256-512: task azure-sha256-512 failed after 7 retries: <nil>
[2025-11-30T12:05:12Z] [[36minfo[0m] [progress_update] gcp-us-east1-gcp-sha256-512-512-317: 2500/2500 tasks started.aws-us-east-1-aws-sha256-512-512-141: 2500/2500 tasks started.alibaba-us-east-1-alibaba-sha256-512-512-344: 2500/2500 tasks started.azure-germanywestcentral-azure-sha256-512-512-56: 2500/2500 tasks started.
[2025-11-30T12:05:12Z] [[36minfo[0m] [function_finished] Finished benchmarking function azure-sha256-512 and closed archiver
[2025-11-30T12:05:14Z] [[36minfo[0m] [finish_timeline] Benchmark Timeline
[Sun Nov 30 12:05:14 UTC 2025] Finished benchmark 'sha256' successfully
