[Wed Dec  3 17:15:41 UTC 2025] Starting benchmark 'gzip' with config './configs/gzip.yaml'
Validating functions...
[2025-12-03T17:15:41Z] [[36minfo[0m] [executor_setup] Setting up executor for aws-us-east-1-aws-gzip-512-512-63
[2025-12-03T17:15:41Z] [[36minfo[0m] [executor_setup] Setting up executor for alibaba-us-east-1-alibaba-gzip-512-512-70
[2025-12-03T17:15:41Z] [[36minfo[0m] [executor_setup] Setting up executor for azure-germanywestcentral-azure-gzip-512-512-43
[2025-12-03T17:15:41Z] [[0mwarning[0m] [[32mazure_limitations[0m] Azure can´t handle more than 300 parallel requests. Limiting to 300.
[2025-12-03T17:15:41Z] [[36minfo[0m] [executor_setup] Setting up executor for gcp-us-east1-gcp-gzip-512-512-225
[2025-12-03T17:15:41Z] [[36minfo[0m] [start_timeline] Benchmark Timeline
[2025-12-03T17:15:41Z] [[36minfo[0m] [load_generator_start] (aws: us-east-1) Starting load generator with 500 workers
[2025-12-03T17:15:41Z] [[36minfo[0m] [load_generator_start] (alibaba: us-east-1) Starting load generator with 500 workers
[2025-12-03T17:15:41Z] [[36minfo[0m] [load_generator_start] (azure: germanywestcentral) Starting load generator with 300 workers
[2025-12-03T17:15:41Z] [[36minfo[0m] [load_generator_start] (gcp: us-east1) Starting load generator with 300 workers
[2025-12-03T17:15:51Z] [[36minfo[0m] [progress_update] gcp-us-east1-gcp-gzip-512-512-225: 1115/2500 tasks started.aws-us-east-1-aws-gzip-512-512-63: 2079/2500 tasks started.alibaba-us-east-1-alibaba-gzip-512-512-70: 2051/2500 tasks started.azure-germanywestcentral-azure-gzip-512-512-43: 638/2500 tasks started.
[2025-12-03T17:16:01Z] [[36minfo[0m] [progress_update] aws-us-east-1-aws-gzip-512-512-63: 2500/2500 tasks started.alibaba-us-east-1-alibaba-gzip-512-512-70: 2500/2500 tasks started.azure-germanywestcentral-azure-gzip-512-512-43: 644/2500 tasks started.gcp-us-east1-gcp-gzip-512-512-225: 2191/2500 tasks started.
[2025-12-03T17:16:07Z] [[36minfo[0m] [function_finished] Finished benchmarking function aws-gzip-512 and closed archiver
[2025-12-03T17:16:11Z] [[36minfo[0m] [progress_update] aws-us-east-1-aws-gzip-512-512-63: 2500/2500 tasks started.alibaba-us-east-1-alibaba-gzip-512-512-70: 2500/2500 tasks started.azure-germanywestcentral-azure-gzip-512-512-43: 1346/2500 tasks started.gcp-us-east1-gcp-gzip-512-512-225: 2500/2500 tasks started.
[2025-12-03T17:16:21Z] [[36minfo[0m] [progress_update] gcp-us-east1-gcp-gzip-512-512-225: 2500/2500 tasks started.aws-us-east-1-aws-gzip-512-512-63: 2500/2500 tasks started.alibaba-us-east-1-alibaba-gzip-512-512-70: 2500/2500 tasks started.azure-germanywestcentral-azure-gzip-512-512-43: 1918/2500 tasks started.
[2025-12-03T17:16:31Z] [[36minfo[0m] [progress_update] aws-us-east-1-aws-gzip-512-512-63: 2500/2500 tasks started.alibaba-us-east-1-alibaba-gzip-512-512-70: 2500/2500 tasks started.azure-germanywestcentral-azure-gzip-512-512-43: 2341/2500 tasks started.gcp-us-east1-gcp-gzip-512-512-225: 2500/2500 tasks started.
[2025-12-03T17:16:33Z] [[36minfo[0m] [function_finished] Finished benchmarking function gcp-gzip-512 and closed archiver
[2025-12-03T17:16:41Z] [[36minfo[0m] [progress_update] alibaba-us-east-1-alibaba-gzip-512-512-70: 2500/2500 tasks started.azure-germanywestcentral-azure-gzip-512-512-43: 2344/2500 tasks started.gcp-us-east1-gcp-gzip-512-512-225: 2500/2500 tasks started.aws-us-east-1-aws-gzip-512-512-63: 2500/2500 tasks started.
[2025-12-03T17:16:51Z] [[36minfo[0m] [progress_update] aws-us-east-1-aws-gzip-512-512-63: 2500/2500 tasks started.alibaba-us-east-1-alibaba-gzip-512-512-70: 2500/2500 tasks started.azure-germanywestcentral-azure-gzip-512-512-43: 2359/2500 tasks started.gcp-us-east1-gcp-gzip-512-512-225: 2500/2500 tasks started.
[2025-12-03T17:17:01Z] [[36minfo[0m] [progress_update] gcp-us-east1-gcp-gzip-512-512-225: 2500/2500 tasks started.aws-us-east-1-aws-gzip-512-512-63: 2500/2500 tasks started.alibaba-us-east-1-alibaba-gzip-512-512-70: 2500/2500 tasks started.azure-germanywestcentral-azure-gzip-512-512-43: 2382/2500 tasks started.
[2025-12-03T17:17:11Z] [[36minfo[0m] [progress_update] aws-us-east-1-aws-gzip-512-512-63: 2500/2500 tasks started.alibaba-us-east-1-alibaba-gzip-512-512-70: 2500/2500 tasks started.azure-germanywestcentral-azure-gzip-512-512-43: 2400/2500 tasks started.gcp-us-east1-gcp-gzip-512-512-225: 2500/2500 tasks started.
[2025-12-03T17:17:21Z] [[36minfo[0m] [progress_update] azure-germanywestcentral-azure-gzip-512-512-43: 2460/2500 tasks started.gcp-us-east1-gcp-gzip-512-512-225: 2500/2500 tasks started.aws-us-east-1-aws-gzip-512-512-63: 2500/2500 tasks started.alibaba-us-east-1-alibaba-gzip-512-512-70: 2500/2500 tasks started.
[2025-12-03T17:17:31Z] [[36minfo[0m] [progress_update] aws-us-east-1-aws-gzip-512-512-63: 2500/2500 tasks started.alibaba-us-east-1-alibaba-gzip-512-512-70: 2500/2500 tasks started.azure-germanywestcentral-azure-gzip-512-512-43: 2500/2500 tasks started.gcp-us-east1-gcp-gzip-512-512-225: 2500/2500 tasks started.
[2025-12-03T17:17:41Z] [[36minfo[0m] [progress_update] aws-us-east-1-aws-gzip-512-512-63: 2500/2500 tasks started.alibaba-us-east-1-alibaba-gzip-512-512-70: 2500/2500 tasks started.azure-germanywestcentral-azure-gzip-512-512-43: 2500/2500 tasks started.gcp-us-east1-gcp-gzip-512-512-225: 2500/2500 tasks started.
[2025-12-03T17:17:51Z] [[36minfo[0m] [progress_update] gcp-us-east1-gcp-gzip-512-512-225: 2500/2500 tasks started.aws-us-east-1-aws-gzip-512-512-63: 2500/2500 tasks started.alibaba-us-east-1-alibaba-gzip-512-512-70: 2500/2500 tasks started.azure-germanywestcentral-azure-gzip-512-512-43: 2500/2500 tasks started.
[2025-12-03T17:18:01Z] [[36minfo[0m] [progress_update] aws-us-east-1-aws-gzip-512-512-63: 2500/2500 tasks started.alibaba-us-east-1-alibaba-gzip-512-512-70: 2500/2500 tasks started.azure-germanywestcentral-azure-gzip-512-512-43: 2500/2500 tasks started.gcp-us-east1-gcp-gzip-512-512-225: 2500/2500 tasks started.
[2025-12-03T17:18:04Z] [[36minfo[0m] [function_finished] Finished benchmarking function alibaba-gzip-512 and closed archiver
[2025-12-03T17:18:11Z] [[36minfo[0m] [progress_update] aws-us-east-1-aws-gzip-512-512-63: 2500/2500 tasks started.alibaba-us-east-1-alibaba-gzip-512-512-70: 2500/2500 tasks started.azure-germanywestcentral-azure-gzip-512-512-43: 2500/2500 tasks started.gcp-us-east1-gcp-gzip-512-512-225: 2500/2500 tasks started.
[2025-12-03T17:18:21Z] [[36minfo[0m] [progress_update] alibaba-us-east-1-alibaba-gzip-512-512-70: 2500/2500 tasks started.azure-germanywestcentral-azure-gzip-512-512-43: 2500/2500 tasks started.gcp-us-east1-gcp-gzip-512-512-225: 2500/2500 tasks started.aws-us-east-1-aws-gzip-512-512-63: 2500/2500 tasks started.
[2025-12-03T17:18:31Z] [[36minfo[0m] [progress_update] gcp-us-east1-gcp-gzip-512-512-225: 2500/2500 tasks started.aws-us-east-1-aws-gzip-512-512-63: 2500/2500 tasks started.alibaba-us-east-1-alibaba-gzip-512-512-70: 2500/2500 tasks started.azure-germanywestcentral-azure-gzip-512-512-43: 2500/2500 tasks started.
[2025-12-03T17:18:41Z] [[36minfo[0m] [progress_update] alibaba-us-east-1-alibaba-gzip-512-512-70: 2500/2500 tasks started.azure-germanywestcentral-azure-gzip-512-512-43: 2500/2500 tasks started.gcp-us-east1-gcp-gzip-512-512-225: 2500/2500 tasks started.aws-us-east-1-aws-gzip-512-512-63: 2500/2500 tasks started.
[2025-12-03T17:18:51Z] [[36minfo[0m] [progress_update] aws-us-east-1-aws-gzip-512-512-63: 2500/2500 tasks started.alibaba-us-east-1-alibaba-gzip-512-512-70: 2500/2500 tasks started.azure-germanywestcentral-azure-gzip-512-512-43: 2500/2500 tasks started.gcp-us-east1-gcp-gzip-512-512-225: 2500/2500 tasks started.
[2025-12-03T17:19:01Z] [[36minfo[0m] [progress_update] gcp-us-east1-gcp-gzip-512-512-225: 2500/2500 tasks started.aws-us-east-1-aws-gzip-512-512-63: 2500/2500 tasks started.alibaba-us-east-1-alibaba-gzip-512-512-70: 2500/2500 tasks started.azure-germanywestcentral-azure-gzip-512-512-43: 2500/2500 tasks started.
[2025-12-03T17:19:10Z] [[36minfo[0m] [function_finished] Finished benchmarking function azure-gzip-512 and closed archiver
[2025-12-03T17:19:11Z] [[36minfo[0m] [progress_update] alibaba-us-east-1-alibaba-gzip-512-512-70: 2500/2500 tasks started.azure-germanywestcentral-azure-gzip-512-512-43: 2500/2500 tasks started.gcp-us-east1-gcp-gzip-512-512-225: 2500/2500 tasks started.aws-us-east-1-aws-gzip-512-512-63: 2500/2500 tasks started.
[2025-12-03T17:19:12Z] [[36minfo[0m] [finish_timeline] Benchmark Timeline
[Wed Dec  3 17:19:12 UTC 2025] Finished benchmark 'gzip' successfully
[Wed Dec  3 17:19:12 UTC 2025] Sleeping 600 seconds before next workload...
