[Sat Dec  6 11:00:01 UTC 2025] Starting benchmark 'aesctr' with config './configs/aesCtr.yaml'
Validating functions...
[2025-12-06T11:00:01Z] [[36minfo[0m] [executor_setup] Setting up executor for aws-us-east-1-aws-aesCtr-512-512-735
[2025-12-06T11:00:01Z] [[36minfo[0m] [executor_setup] Setting up executor for alibaba-us-east-1-alibaba-aesCtr-512-512-685
[2025-12-06T11:00:01Z] [[36minfo[0m] [executor_setup] Setting up executor for azure-germanywestcentral-azure-aesCtr-512-512-708
[2025-12-06T11:00:01Z] [[0mwarning[0m] [[32mazure_limitations[0m] Azure can´t handle more than 300 parallel requests. Limiting to 300.
[2025-12-06T11:00:01Z] [[36minfo[0m] [executor_setup] Setting up executor for gcp-us-east1-gcp-aesCtr-512-512-829
[2025-12-06T11:00:01Z] [[36minfo[0m] [start_timeline] Benchmark Timeline
[2025-12-06T11:00:01Z] [[36minfo[0m] [load_generator_start] (gcp: us-east1) Starting load generator with 300 workers
[2025-12-06T11:00:01Z] [[36minfo[0m] [load_generator_start] (aws: us-east-1) Starting load generator with 500 workers
[2025-12-06T11:00:01Z] [[36minfo[0m] [load_generator_start] (alibaba: us-east-1) Starting load generator with 500 workers
[2025-12-06T11:00:01Z] [[36minfo[0m] [load_generator_start] (azure: germanywestcentral) Starting load generator with 300 workers
[2025-12-06T11:00:11Z] [[36minfo[0m] [progress_update] aws-us-east-1-aws-aesCtr-512-512-735: 2098/2500 tasks started.alibaba-us-east-1-alibaba-aesCtr-512-512-685: 2500/2500 tasks started.azure-germanywestcentral-azure-aesCtr-512-512-708: 613/2500 tasks started.gcp-us-east1-gcp-aesCtr-512-512-829: 478/2500 tasks started.
[2025-12-06T11:00:21Z] [[36minfo[0m] [progress_update] aws-us-east-1-aws-aesCtr-512-512-735: 2500/2500 tasks started.alibaba-us-east-1-alibaba-aesCtr-512-512-685: 2500/2500 tasks started.azure-germanywestcentral-azure-aesCtr-512-512-708: 613/2500 tasks started.gcp-us-east1-gcp-aesCtr-512-512-829: 989/2500 tasks started.
[2025-12-06T11:00:29Z] [[36minfo[0m] [function_finished] Finished benchmarking function aws-aesCtr-512 and closed archiver
[2025-12-06T11:00:31Z] [[36minfo[0m] [progress_update] aws-us-east-1-aws-aesCtr-512-512-735: 2500/2500 tasks started.alibaba-us-east-1-alibaba-aesCtr-512-512-685: 2500/2500 tasks started.azure-germanywestcentral-azure-aesCtr-512-512-708: 1386/2500 tasks started.gcp-us-east1-gcp-aesCtr-512-512-829: 1572/2500 tasks started.
[2025-12-06T11:00:41Z] [[36minfo[0m] [progress_update] aws-us-east-1-aws-aesCtr-512-512-735: 2500/2500 tasks started.alibaba-us-east-1-alibaba-aesCtr-512-512-685: 2500/2500 tasks started.azure-germanywestcentral-azure-aesCtr-512-512-708: 1904/2500 tasks started.gcp-us-east1-gcp-aesCtr-512-512-829: 2100/2500 tasks started.
[2025-12-06T11:00:51Z] [[36minfo[0m] [progress_update] aws-us-east-1-aws-aesCtr-512-512-735: 2500/2500 tasks started.alibaba-us-east-1-alibaba-aesCtr-512-512-685: 2500/2500 tasks started.azure-germanywestcentral-azure-aesCtr-512-512-708: 2121/2500 tasks started.gcp-us-east1-gcp-aesCtr-512-512-829: 2500/2500 tasks started.
[2025-12-06T11:01:01Z] [[36minfo[0m] [progress_update] gcp-us-east1-gcp-aesCtr-512-512-829: 2500/2500 tasks started.aws-us-east-1-aws-aesCtr-512-512-735: 2500/2500 tasks started.alibaba-us-east-1-alibaba-aesCtr-512-512-685: 2500/2500 tasks started.azure-germanywestcentral-azure-aesCtr-512-512-708: 2121/2500 tasks started.
[2025-12-06T11:01:11Z] [[36minfo[0m] [progress_update] aws-us-east-1-aws-aesCtr-512-512-735: 2500/2500 tasks started.alibaba-us-east-1-alibaba-aesCtr-512-512-685: 2500/2500 tasks started.azure-germanywestcentral-azure-aesCtr-512-512-708: 2244/2500 tasks started.gcp-us-east1-gcp-aesCtr-512-512-829: 2500/2500 tasks started.
[2025-12-06T11:01:17Z] [[36minfo[0m] [function_finished] Finished benchmarking function gcp-aesCtr-512 and closed archiver
[2025-12-06T11:01:17Z] [[36minfo[0m] [function_finished] Finished benchmarking function alibaba-aesCtr-512 and closed archiver
[2025-12-06T11:01:21Z] [[36minfo[0m] [progress_update] aws-us-east-1-aws-aesCtr-512-512-735: 2500/2500 tasks started.alibaba-us-east-1-alibaba-aesCtr-512-512-685: 2500/2500 tasks started.azure-germanywestcentral-azure-aesCtr-512-512-708: 2309/2500 tasks started.gcp-us-east1-gcp-aesCtr-512-512-829: 2500/2500 tasks started.
[2025-12-06T11:01:31Z] [[36minfo[0m] [progress_update] gcp-us-east1-gcp-aesCtr-512-512-829: 2500/2500 tasks started.aws-us-east-1-aws-aesCtr-512-512-735: 2500/2500 tasks started.alibaba-us-east-1-alibaba-aesCtr-512-512-685: 2500/2500 tasks started.azure-germanywestcentral-azure-aesCtr-512-512-708: 2355/2500 tasks started.
[2025-12-06T11:01:41Z] [[36minfo[0m] [progress_update] aws-us-east-1-aws-aesCtr-512-512-735: 2500/2500 tasks started.alibaba-us-east-1-alibaba-aesCtr-512-512-685: 2500/2500 tasks started.azure-germanywestcentral-azure-aesCtr-512-512-708: 2355/2500 tasks started.gcp-us-east1-gcp-aesCtr-512-512-829: 2500/2500 tasks started.
[2025-12-06T11:01:51Z] [[36minfo[0m] [progress_update] aws-us-east-1-aws-aesCtr-512-512-735: 2500/2500 tasks started.alibaba-us-east-1-alibaba-aesCtr-512-512-685: 2500/2500 tasks started.azure-germanywestcentral-azure-aesCtr-512-512-708: 2500/2500 tasks started.gcp-us-east1-gcp-aesCtr-512-512-829: 2500/2500 tasks started.
[2025-12-06T11:02:01Z] [[36minfo[0m] [progress_update] aws-us-east-1-aws-aesCtr-512-512-735: 2500/2500 tasks started.alibaba-us-east-1-alibaba-aesCtr-512-512-685: 2500/2500 tasks started.azure-germanywestcentral-azure-aesCtr-512-512-708: 2500/2500 tasks started.gcp-us-east1-gcp-aesCtr-512-512-829: 2500/2500 tasks started.
[2025-12-06T11:02:11Z] [[36minfo[0m] [progress_update] azure-germanywestcentral-azure-aesCtr-512-512-708: 2500/2500 tasks started.gcp-us-east1-gcp-aesCtr-512-512-829: 2500/2500 tasks started.aws-us-east-1-aws-aesCtr-512-512-735: 2500/2500 tasks started.alibaba-us-east-1-alibaba-aesCtr-512-512-685: 2500/2500 tasks started.
[2025-12-06T11:02:21Z] [[36minfo[0m] [progress_update] aws-us-east-1-aws-aesCtr-512-512-735: 2500/2500 tasks started.alibaba-us-east-1-alibaba-aesCtr-512-512-685: 2500/2500 tasks started.azure-germanywestcentral-azure-aesCtr-512-512-708: 2500/2500 tasks started.gcp-us-east1-gcp-aesCtr-512-512-829: 2500/2500 tasks started.
[2025-12-06T11:02:31Z] [[36minfo[0m] [progress_update] aws-us-east-1-aws-aesCtr-512-512-735: 2500/2500 tasks started.alibaba-us-east-1-alibaba-aesCtr-512-512-685: 2500/2500 tasks started.azure-germanywestcentral-azure-aesCtr-512-512-708: 2500/2500 tasks started.gcp-us-east1-gcp-aesCtr-512-512-829: 2500/2500 tasks started.
[2025-12-06T11:02:41Z] [[36minfo[0m] [progress_update] aws-us-east-1-aws-aesCtr-512-512-735: 2500/2500 tasks started.alibaba-us-east-1-alibaba-aesCtr-512-512-685: 2500/2500 tasks started.azure-germanywestcentral-azure-aesCtr-512-512-708: 2500/2500 tasks started.gcp-us-east1-gcp-aesCtr-512-512-829: 2500/2500 tasks started.
[2025-12-06T11:02:51Z] [[36minfo[0m] [progress_update] aws-us-east-1-aws-aesCtr-512-512-735: 2500/2500 tasks started.alibaba-us-east-1-alibaba-aesCtr-512-512-685: 2500/2500 tasks started.azure-germanywestcentral-azure-aesCtr-512-512-708: 2500/2500 tasks started.gcp-us-east1-gcp-aesCtr-512-512-829: 2500/2500 tasks started.
[2025-12-06T11:03:01Z] [[36minfo[0m] [progress_update] aws-us-east-1-aws-aesCtr-512-512-735: 2500/2500 tasks started.alibaba-us-east-1-alibaba-aesCtr-512-512-685: 2500/2500 tasks started.azure-germanywestcentral-azure-aesCtr-512-512-708: 2500/2500 tasks started.gcp-us-east1-gcp-aesCtr-512-512-829: 2500/2500 tasks started.
[2025-12-06T11:03:11Z] [[36minfo[0m] [progress_update] aws-us-east-1-aws-aesCtr-512-512-735: 2500/2500 tasks started.alibaba-us-east-1-alibaba-aesCtr-512-512-685: 2500/2500 tasks started.azure-germanywestcentral-azure-aesCtr-512-512-708: 2500/2500 tasks started.gcp-us-east1-gcp-aesCtr-512-512-829: 2500/2500 tasks started.
[2025-12-06T11:03:21Z] [[36minfo[0m] [progress_update] aws-us-east-1-aws-aesCtr-512-512-735: 2500/2500 tasks started.alibaba-us-east-1-alibaba-aesCtr-512-512-685: 2500/2500 tasks started.azure-germanywestcentral-azure-aesCtr-512-512-708: 2500/2500 tasks started.gcp-us-east1-gcp-aesCtr-512-512-829: 2500/2500 tasks started.
[2025-12-06T11:03:31Z] [[36minfo[0m] [progress_update] aws-us-east-1-aws-aesCtr-512-512-735: 2500/2500 tasks started.alibaba-us-east-1-alibaba-aesCtr-512-512-685: 2500/2500 tasks started.azure-germanywestcentral-azure-aesCtr-512-512-708: 2500/2500 tasks started.gcp-us-east1-gcp-aesCtr-512-512-829: 2500/2500 tasks started.
[2025-12-06T11:03:41Z] [[36minfo[0m] [progress_update] aws-us-east-1-aws-aesCtr-512-512-735: 2500/2500 tasks started.alibaba-us-east-1-alibaba-aesCtr-512-512-685: 2500/2500 tasks started.azure-germanywestcentral-azure-aesCtr-512-512-708: 2500/2500 tasks started.gcp-us-east1-gcp-aesCtr-512-512-829: 2500/2500 tasks started.
[2025-12-06T11:03:51Z] [[36minfo[0m] [progress_update] aws-us-east-1-aws-aesCtr-512-512-735: 2500/2500 tasks started.alibaba-us-east-1-alibaba-aesCtr-512-512-685: 2500/2500 tasks started.azure-germanywestcentral-azure-aesCtr-512-512-708: 2500/2500 tasks started.gcp-us-east1-gcp-aesCtr-512-512-829: 2500/2500 tasks started.
[2025-12-06T11:04:01Z] [[36minfo[0m] [progress_update] alibaba-us-east-1-alibaba-aesCtr-512-512-685: 2500/2500 tasks started.azure-germanywestcentral-azure-aesCtr-512-512-708: 2500/2500 tasks started.gcp-us-east1-gcp-aesCtr-512-512-829: 2500/2500 tasks started.aws-us-east-1-aws-aesCtr-512-512-735: 2500/2500 tasks started.
[2025-12-06T11:04:11Z] [[36minfo[0m] [progress_update] aws-us-east-1-aws-aesCtr-512-512-735: 2500/2500 tasks started.alibaba-us-east-1-alibaba-aesCtr-512-512-685: 2500/2500 tasks started.azure-germanywestcentral-azure-aesCtr-512-512-708: 2500/2500 tasks started.gcp-us-east1-gcp-aesCtr-512-512-829: 2500/2500 tasks started.
[2025-12-06T11:04:21Z] [[36minfo[0m] [progress_update] aws-us-east-1-aws-aesCtr-512-512-735: 2500/2500 tasks started.alibaba-us-east-1-alibaba-aesCtr-512-512-685: 2500/2500 tasks started.azure-germanywestcentral-azure-aesCtr-512-512-708: 2500/2500 tasks started.gcp-us-east1-gcp-aesCtr-512-512-829: 2500/2500 tasks started.
[2025-12-06T11:04:25Z] [[31merror[0m] [task_execution] Error executing task azure-aesCtr-512: task azure-aesCtr-512 failed after 7 retries: <nil>
[2025-12-06T11:04:31Z] [[36minfo[0m] [progress_update] aws-us-east-1-aws-aesCtr-512-512-735: 2500/2500 tasks started.alibaba-us-east-1-alibaba-aesCtr-512-512-685: 2500/2500 tasks started.azure-germanywestcentral-azure-aesCtr-512-512-708: 2500/2500 tasks started.gcp-us-east1-gcp-aesCtr-512-512-829: 2500/2500 tasks started.
[2025-12-06T11:04:41Z] [[36minfo[0m] [progress_update] aws-us-east-1-aws-aesCtr-512-512-735: 2500/2500 tasks started.alibaba-us-east-1-alibaba-aesCtr-512-512-685: 2500/2500 tasks started.azure-germanywestcentral-azure-aesCtr-512-512-708: 2500/2500 tasks started.gcp-us-east1-gcp-aesCtr-512-512-829: 2500/2500 tasks started.
[2025-12-06T11:04:51Z] [[36minfo[0m] [progress_update] alibaba-us-east-1-alibaba-aesCtr-512-512-685: 2500/2500 tasks started.azure-germanywestcentral-azure-aesCtr-512-512-708: 2500/2500 tasks started.gcp-us-east1-gcp-aesCtr-512-512-829: 2500/2500 tasks started.aws-us-east-1-aws-aesCtr-512-512-735: 2500/2500 tasks started.
[2025-12-06T11:04:57Z] [[31merror[0m] [task_execution] Error executing task azure-aesCtr-512: task azure-aesCtr-512 failed after 7 retries: <nil>
[2025-12-06T11:04:59Z] [[31merror[0m] [task_execution] Error executing task azure-aesCtr-512: task azure-aesCtr-512 failed after 7 retries: <nil>
[2025-12-06T11:04:59Z] [[31merror[0m] [task_execution] Error executing task azure-aesCtr-512: task azure-aesCtr-512 failed after 7 retries: <nil>
[2025-12-06T11:04:59Z] [[31merror[0m] [task_execution] Error executing task azure-aesCtr-512: task azure-aesCtr-512 failed after 7 retries: <nil>
[2025-12-06T11:05:00Z] [[31merror[0m] [task_execution] Error executing task azure-aesCtr-512: task azure-aesCtr-512 failed after 7 retries: <nil>
[2025-12-06T11:05:00Z] [[31merror[0m] [task_execution] Error executing task azure-aesCtr-512: task azure-aesCtr-512 failed after 7 retries: <nil>
[2025-12-06T11:05:01Z] [[36minfo[0m] [progress_update] aws-us-east-1-aws-aesCtr-512-512-735: 2500/2500 tasks started.alibaba-us-east-1-alibaba-aesCtr-512-512-685: 2500/2500 tasks started.azure-germanywestcentral-azure-aesCtr-512-512-708: 2500/2500 tasks started.gcp-us-east1-gcp-aesCtr-512-512-829: 2500/2500 tasks started.
[2025-12-06T11:05:11Z] [[36minfo[0m] [progress_update] alibaba-us-east-1-alibaba-aesCtr-512-512-685: 2500/2500 tasks started.azure-germanywestcentral-azure-aesCtr-512-512-708: 2500/2500 tasks started.gcp-us-east1-gcp-aesCtr-512-512-829: 2500/2500 tasks started.aws-us-east-1-aws-aesCtr-512-512-735: 2500/2500 tasks started.
[2025-12-06T11:05:21Z] [[36minfo[0m] [progress_update] alibaba-us-east-1-alibaba-aesCtr-512-512-685: 2500/2500 tasks started.azure-germanywestcentral-azure-aesCtr-512-512-708: 2500/2500 tasks started.gcp-us-east1-gcp-aesCtr-512-512-829: 2500/2500 tasks started.aws-us-east-1-aws-aesCtr-512-512-735: 2500/2500 tasks started.
[2025-12-06T11:05:24Z] [[31merror[0m] [task_execution] Error executing task azure-aesCtr-512: task azure-aesCtr-512 failed after 7 retries: <nil>
[2025-12-06T11:05:25Z] [[31merror[0m] [task_execution] Error executing task azure-aesCtr-512: task azure-aesCtr-512 failed after 7 retries: <nil>
[2025-12-06T11:05:25Z] [[31merror[0m] [task_execution] Error executing task azure-aesCtr-512: task azure-aesCtr-512 failed after 7 retries: <nil>
[2025-12-06T11:05:25Z] [[31merror[0m] [task_execution] Error executing task azure-aesCtr-512: task azure-aesCtr-512 failed after 7 retries: <nil>
[2025-12-06T11:05:26Z] [[31merror[0m] [task_execution] Error executing task azure-aesCtr-512: task azure-aesCtr-512 failed after 7 retries: <nil>
[2025-12-06T11:05:29Z] [[31merror[0m] [task_execution] Error executing task azure-aesCtr-512: task azure-aesCtr-512 failed after 7 retries: <nil>
[2025-12-06T11:05:29Z] [[31merror[0m] [task_execution] Error executing task azure-aesCtr-512: task azure-aesCtr-512 failed after 7 retries: <nil>
[2025-12-06T11:05:30Z] [[31merror[0m] [task_execution] Error executing task azure-aesCtr-512: task azure-aesCtr-512 failed after 7 retries: <nil>
[2025-12-06T11:05:30Z] [[31merror[0m] [task_execution] Error executing task azure-aesCtr-512: task azure-aesCtr-512 failed after 7 retries: <nil>
[2025-12-06T11:05:31Z] [[36minfo[0m] [progress_update] gcp-us-east1-gcp-aesCtr-512-512-829: 2500/2500 tasks started.aws-us-east-1-aws-aesCtr-512-512-735: 2500/2500 tasks started.alibaba-us-east-1-alibaba-aesCtr-512-512-685: 2500/2500 tasks started.azure-germanywestcentral-azure-aesCtr-512-512-708: 2500/2500 tasks started.
[2025-12-06T11:05:33Z] [[31merror[0m] [task_execution] Error executing task azure-aesCtr-512: task azure-aesCtr-512 failed after 7 retries: <nil>
[2025-12-06T11:05:34Z] [[31merror[0m] [task_execution] Error executing task azure-aesCtr-512: task azure-aesCtr-512 failed after 7 retries: <nil>
[2025-12-06T11:05:39Z] [[36minfo[0m] [function_finished] Finished benchmarking function azure-aesCtr-512 and closed archiver
[2025-12-06T11:05:41Z] [[36minfo[0m] [finish_timeline] Benchmark Timeline
[Sat Dec  6 11:05:41 UTC 2025] Finished benchmark 'aesctr' successfully
[Sat Dec  6 11:05:41 UTC 2025] Sleeping 600 seconds before next workload...
