[Thu Dec  4 11:46:43 UTC 2025] Starting benchmark 'json' with config './configs/json.yaml'
Validating functions...
[2025-12-04T11:46:43Z] [[36minfo[0m] [executor_setup] Setting up executor for aws-us-east-1-aws-json-512-512-418
[2025-12-04T11:46:43Z] [[36minfo[0m] [executor_setup] Setting up executor for alibaba-us-east-1-alibaba-json-512-512-59
[2025-12-04T11:46:43Z] [[36minfo[0m] [executor_setup] Setting up executor for azure-germanywestcentral-azure-json-512-512-375
[2025-12-04T11:46:43Z] [[0mwarning[0m] [[32mazure_limitations[0m] Azure can´t handle more than 300 parallel requests. Limiting to 300.
[2025-12-04T11:46:43Z] [[36minfo[0m] [executor_setup] Setting up executor for gcp-us-east1-gcp-json-512-512-886
[2025-12-04T11:46:43Z] [[36minfo[0m] [start_timeline] Benchmark Timeline
[2025-12-04T11:46:43Z] [[36minfo[0m] [load_generator_start] (gcp: us-east1) Starting load generator with 300 workers
[2025-12-04T11:46:43Z] [[36minfo[0m] [load_generator_start] (aws: us-east-1) Starting load generator with 500 workers
[2025-12-04T11:46:43Z] [[36minfo[0m] [load_generator_start] (alibaba: us-east-1) Starting load generator with 500 workers
[2025-12-04T11:46:43Z] [[36minfo[0m] [load_generator_start] (azure: germanywestcentral) Starting load generator with 300 workers
[2025-12-04T11:46:53Z] [[36minfo[0m] [progress_update] azure-germanywestcentral-azure-json-512-512-375: 680/2500 tasks started.gcp-us-east1-gcp-json-512-512-886: 896/2500 tasks started.aws-us-east-1-aws-json-512-512-418: 1722/2500 tasks started.alibaba-us-east-1-alibaba-json-512-512-59: 1733/2500 tasks started.
[2025-12-04T11:47:03Z] [[36minfo[0m] [progress_update] aws-us-east-1-aws-json-512-512-418: 2500/2500 tasks started.alibaba-us-east-1-alibaba-json-512-512-59: 2500/2500 tasks started.azure-germanywestcentral-azure-json-512-512-375: 686/2500 tasks started.gcp-us-east1-gcp-json-512-512-886: 1895/2500 tasks started.
[2025-12-04T11:47:08Z] [[36minfo[0m] [function_finished] Finished benchmarking function aws-json-512 and closed archiver
[2025-12-04T11:47:13Z] [[36minfo[0m] [progress_update] alibaba-us-east-1-alibaba-json-512-512-59: 2500/2500 tasks started.azure-germanywestcentral-azure-json-512-512-375: 1352/2500 tasks started.gcp-us-east1-gcp-json-512-512-886: 2500/2500 tasks started.aws-us-east-1-aws-json-512-512-418: 2500/2500 tasks started.
[2025-12-04T11:47:23Z] [[36minfo[0m] [progress_update] aws-us-east-1-aws-json-512-512-418: 2500/2500 tasks started.alibaba-us-east-1-alibaba-json-512-512-59: 2500/2500 tasks started.azure-germanywestcentral-azure-json-512-512-375: 1914/2500 tasks started.gcp-us-east1-gcp-json-512-512-886: 2500/2500 tasks started.
[2025-12-04T11:47:25Z] [[36minfo[0m] [function_finished] Finished benchmarking function gcp-json-512 and closed archiver
[2025-12-04T11:47:33Z] [[36minfo[0m] [progress_update] aws-us-east-1-aws-json-512-512-418: 2500/2500 tasks started.alibaba-us-east-1-alibaba-json-512-512-59: 2500/2500 tasks started.azure-germanywestcentral-azure-json-512-512-375: 2350/2500 tasks started.gcp-us-east1-gcp-json-512-512-886: 2500/2500 tasks started.
[2025-12-04T11:47:43Z] [[36minfo[0m] [progress_update] aws-us-east-1-aws-json-512-512-418: 2500/2500 tasks started.alibaba-us-east-1-alibaba-json-512-512-59: 2500/2500 tasks started.azure-germanywestcentral-azure-json-512-512-375: 2367/2500 tasks started.gcp-us-east1-gcp-json-512-512-886: 2500/2500 tasks started.
[2025-12-04T11:47:53Z] [[36minfo[0m] [progress_update] aws-us-east-1-aws-json-512-512-418: 2500/2500 tasks started.alibaba-us-east-1-alibaba-json-512-512-59: 2500/2500 tasks started.azure-germanywestcentral-azure-json-512-512-375: 2382/2500 tasks started.gcp-us-east1-gcp-json-512-512-886: 2500/2500 tasks started.
[2025-12-04T11:48:03Z] [[36minfo[0m] [progress_update] alibaba-us-east-1-alibaba-json-512-512-59: 2500/2500 tasks started.azure-germanywestcentral-azure-json-512-512-375: 2407/2500 tasks started.gcp-us-east1-gcp-json-512-512-886: 2500/2500 tasks started.aws-us-east-1-aws-json-512-512-418: 2500/2500 tasks started.
[2025-12-04T11:48:13Z] [[36minfo[0m] [progress_update] aws-us-east-1-aws-json-512-512-418: 2500/2500 tasks started.alibaba-us-east-1-alibaba-json-512-512-59: 2500/2500 tasks started.azure-germanywestcentral-azure-json-512-512-375: 2427/2500 tasks started.gcp-us-east1-gcp-json-512-512-886: 2500/2500 tasks started.
[2025-12-04T11:48:23Z] [[36minfo[0m] [progress_update] azure-germanywestcentral-azure-json-512-512-375: 2436/2500 tasks started.gcp-us-east1-gcp-json-512-512-886: 2500/2500 tasks started.aws-us-east-1-aws-json-512-512-418: 2500/2500 tasks started.alibaba-us-east-1-alibaba-json-512-512-59: 2500/2500 tasks started.
[2025-12-04T11:48:33Z] [[36minfo[0m] [progress_update] gcp-us-east1-gcp-json-512-512-886: 2500/2500 tasks started.aws-us-east-1-aws-json-512-512-418: 2500/2500 tasks started.alibaba-us-east-1-alibaba-json-512-512-59: 2500/2500 tasks started.azure-germanywestcentral-azure-json-512-512-375: 2500/2500 tasks started.
[2025-12-04T11:48:43Z] [[36minfo[0m] [progress_update] aws-us-east-1-aws-json-512-512-418: 2500/2500 tasks started.alibaba-us-east-1-alibaba-json-512-512-59: 2500/2500 tasks started.azure-germanywestcentral-azure-json-512-512-375: 2500/2500 tasks started.gcp-us-east1-gcp-json-512-512-886: 2500/2500 tasks started.
[2025-12-04T11:48:53Z] [[36minfo[0m] [progress_update] aws-us-east-1-aws-json-512-512-418: 2500/2500 tasks started.alibaba-us-east-1-alibaba-json-512-512-59: 2500/2500 tasks started.azure-germanywestcentral-azure-json-512-512-375: 2500/2500 tasks started.gcp-us-east1-gcp-json-512-512-886: 2500/2500 tasks started.
[2025-12-04T11:49:03Z] [[36minfo[0m] [progress_update] azure-germanywestcentral-azure-json-512-512-375: 2500/2500 tasks started.gcp-us-east1-gcp-json-512-512-886: 2500/2500 tasks started.aws-us-east-1-aws-json-512-512-418: 2500/2500 tasks started.alibaba-us-east-1-alibaba-json-512-512-59: 2500/2500 tasks started.
[2025-12-04T11:49:06Z] [[36minfo[0m] [function_finished] Finished benchmarking function alibaba-json-512 and closed archiver
[2025-12-04T11:49:13Z] [[36minfo[0m] [progress_update] gcp-us-east1-gcp-json-512-512-886: 2500/2500 tasks started.aws-us-east-1-aws-json-512-512-418: 2500/2500 tasks started.alibaba-us-east-1-alibaba-json-512-512-59: 2500/2500 tasks started.azure-germanywestcentral-azure-json-512-512-375: 2500/2500 tasks started.
[2025-12-04T11:49:23Z] [[36minfo[0m] [progress_update] gcp-us-east1-gcp-json-512-512-886: 2500/2500 tasks started.aws-us-east-1-aws-json-512-512-418: 2500/2500 tasks started.alibaba-us-east-1-alibaba-json-512-512-59: 2500/2500 tasks started.azure-germanywestcentral-azure-json-512-512-375: 2500/2500 tasks started.
[2025-12-04T11:49:33Z] [[36minfo[0m] [progress_update] aws-us-east-1-aws-json-512-512-418: 2500/2500 tasks started.alibaba-us-east-1-alibaba-json-512-512-59: 2500/2500 tasks started.azure-germanywestcentral-azure-json-512-512-375: 2500/2500 tasks started.gcp-us-east1-gcp-json-512-512-886: 2500/2500 tasks started.
[2025-12-04T11:49:43Z] [[36minfo[0m] [progress_update] aws-us-east-1-aws-json-512-512-418: 2500/2500 tasks started.alibaba-us-east-1-alibaba-json-512-512-59: 2500/2500 tasks started.azure-germanywestcentral-azure-json-512-512-375: 2500/2500 tasks started.gcp-us-east1-gcp-json-512-512-886: 2500/2500 tasks started.
[2025-12-04T11:49:53Z] [[36minfo[0m] [progress_update] alibaba-us-east-1-alibaba-json-512-512-59: 2500/2500 tasks started.azure-germanywestcentral-azure-json-512-512-375: 2500/2500 tasks started.gcp-us-east1-gcp-json-512-512-886: 2500/2500 tasks started.aws-us-east-1-aws-json-512-512-418: 2500/2500 tasks started.
[2025-12-04T11:50:03Z] [[36minfo[0m] [progress_update] aws-us-east-1-aws-json-512-512-418: 2500/2500 tasks started.alibaba-us-east-1-alibaba-json-512-512-59: 2500/2500 tasks started.azure-germanywestcentral-azure-json-512-512-375: 2500/2500 tasks started.gcp-us-east1-gcp-json-512-512-886: 2500/2500 tasks started.
[2025-12-04T11:50:13Z] [[36minfo[0m] [progress_update] aws-us-east-1-aws-json-512-512-418: 2500/2500 tasks started.alibaba-us-east-1-alibaba-json-512-512-59: 2500/2500 tasks started.azure-germanywestcentral-azure-json-512-512-375: 2500/2500 tasks started.gcp-us-east1-gcp-json-512-512-886: 2500/2500 tasks started.
[2025-12-04T11:50:14Z] [[36minfo[0m] [function_finished] Finished benchmarking function azure-json-512 and closed archiver
[2025-12-04T11:50:16Z] [[36minfo[0m] [finish_timeline] Benchmark Timeline
[Thu Dec  4 11:50:16 UTC 2025] Finished benchmark 'json' successfully
[Thu Dec  4 11:50:16 UTC 2025] Sleeping 600 seconds before next workload...
