[Sat Dec  6 17:46:10 UTC 2025] Starting benchmark 'json' with config './configs/json.yaml'
Validating functions...
[2025-12-06T17:46:10Z] [[36minfo[0m] [executor_setup] Setting up executor for aws-us-east-1-aws-json-512-512-537
[2025-12-06T17:46:10Z] [[36minfo[0m] [executor_setup] Setting up executor for alibaba-us-east-1-alibaba-json-512-512-708
[2025-12-06T17:46:10Z] [[36minfo[0m] [executor_setup] Setting up executor for azure-germanywestcentral-azure-json-512-512-326
[2025-12-06T17:46:10Z] [[0mwarning[0m] [[32mazure_limitations[0m] Azure can´t handle more than 300 parallel requests. Limiting to 300.
[2025-12-06T17:46:10Z] [[36minfo[0m] [executor_setup] Setting up executor for gcp-us-east1-gcp-json-512-512-854
[2025-12-06T17:46:10Z] [[36minfo[0m] [start_timeline] Benchmark Timeline
[2025-12-06T17:46:10Z] [[36minfo[0m] [load_generator_start] (alibaba: us-east-1) Starting load generator with 500 workers
[2025-12-06T17:46:10Z] [[36minfo[0m] [load_generator_start] (azure: germanywestcentral) Starting load generator with 300 workers
[2025-12-06T17:46:10Z] [[36minfo[0m] [load_generator_start] (gcp: us-east1) Starting load generator with 300 workers
[2025-12-06T17:46:10Z] [[36minfo[0m] [load_generator_start] (aws: us-east-1) Starting load generator with 500 workers
[2025-12-06T17:46:20Z] [[36minfo[0m] [progress_update] alibaba-us-east-1-alibaba-json-512-512-708: 1551/2500 tasks started.azure-germanywestcentral-azure-json-512-512-326: 696/2500 tasks started.gcp-us-east1-gcp-json-512-512-854: 986/2500 tasks started.aws-us-east-1-aws-json-512-512-537: 1718/2500 tasks started.
[2025-12-06T17:46:30Z] [[36minfo[0m] [progress_update] aws-us-east-1-aws-json-512-512-537: 2500/2500 tasks started.alibaba-us-east-1-alibaba-json-512-512-708: 2500/2500 tasks started.azure-germanywestcentral-azure-json-512-512-326: 716/2500 tasks started.gcp-us-east1-gcp-json-512-512-854: 1945/2500 tasks started.
[2025-12-06T17:46:35Z] [[36minfo[0m] [function_finished] Finished benchmarking function aws-json-512 and closed archiver
[2025-12-06T17:46:40Z] [[36minfo[0m] [progress_update] aws-us-east-1-aws-json-512-512-537: 2500/2500 tasks started.alibaba-us-east-1-alibaba-json-512-512-708: 2500/2500 tasks started.azure-germanywestcentral-azure-json-512-512-326: 1366/2500 tasks started.gcp-us-east1-gcp-json-512-512-854: 2500/2500 tasks started.
[2025-12-06T17:46:50Z] [[36minfo[0m] [progress_update] aws-us-east-1-aws-json-512-512-537: 2500/2500 tasks started.alibaba-us-east-1-alibaba-json-512-512-708: 2500/2500 tasks started.azure-germanywestcentral-azure-json-512-512-326: 1913/2500 tasks started.gcp-us-east1-gcp-json-512-512-854: 2500/2500 tasks started.
[2025-12-06T17:46:55Z] [[36minfo[0m] [function_finished] Finished benchmarking function gcp-json-512 and closed archiver
[2025-12-06T17:47:00Z] [[36minfo[0m] [progress_update] aws-us-east-1-aws-json-512-512-537: 2500/2500 tasks started.alibaba-us-east-1-alibaba-json-512-512-708: 2500/2500 tasks started.azure-germanywestcentral-azure-json-512-512-326: 2322/2500 tasks started.gcp-us-east1-gcp-json-512-512-854: 2500/2500 tasks started.
[2025-12-06T17:47:10Z] [[36minfo[0m] [progress_update] aws-us-east-1-aws-json-512-512-537: 2500/2500 tasks started.alibaba-us-east-1-alibaba-json-512-512-708: 2500/2500 tasks started.azure-germanywestcentral-azure-json-512-512-326: 2352/2500 tasks started.gcp-us-east1-gcp-json-512-512-854: 2500/2500 tasks started.
[2025-12-06T17:47:20Z] [[36minfo[0m] [progress_update] aws-us-east-1-aws-json-512-512-537: 2500/2500 tasks started.alibaba-us-east-1-alibaba-json-512-512-708: 2500/2500 tasks started.azure-germanywestcentral-azure-json-512-512-326: 2355/2500 tasks started.gcp-us-east1-gcp-json-512-512-854: 2500/2500 tasks started.
[2025-12-06T17:47:30Z] [[36minfo[0m] [progress_update] aws-us-east-1-aws-json-512-512-537: 2500/2500 tasks started.alibaba-us-east-1-alibaba-json-512-512-708: 2500/2500 tasks started.azure-germanywestcentral-azure-json-512-512-326: 2407/2500 tasks started.gcp-us-east1-gcp-json-512-512-854: 2500/2500 tasks started.
[2025-12-06T17:47:40Z] [[36minfo[0m] [progress_update] aws-us-east-1-aws-json-512-512-537: 2500/2500 tasks started.alibaba-us-east-1-alibaba-json-512-512-708: 2500/2500 tasks started.azure-germanywestcentral-azure-json-512-512-326: 2448/2500 tasks started.gcp-us-east1-gcp-json-512-512-854: 2500/2500 tasks started.
[2025-12-06T17:47:50Z] [[36minfo[0m] [progress_update] gcp-us-east1-gcp-json-512-512-854: 2500/2500 tasks started.aws-us-east-1-aws-json-512-512-537: 2500/2500 tasks started.alibaba-us-east-1-alibaba-json-512-512-708: 2500/2500 tasks started.azure-germanywestcentral-azure-json-512-512-326: 2490/2500 tasks started.
[2025-12-06T17:48:00Z] [[36minfo[0m] [progress_update] aws-us-east-1-aws-json-512-512-537: 2500/2500 tasks started.alibaba-us-east-1-alibaba-json-512-512-708: 2500/2500 tasks started.azure-germanywestcentral-azure-json-512-512-326: 2494/2500 tasks started.gcp-us-east1-gcp-json-512-512-854: 2500/2500 tasks started.
[2025-12-06T17:48:10Z] [[36minfo[0m] [progress_update] alibaba-us-east-1-alibaba-json-512-512-708: 2500/2500 tasks started.azure-germanywestcentral-azure-json-512-512-326: 2500/2500 tasks started.gcp-us-east1-gcp-json-512-512-854: 2500/2500 tasks started.aws-us-east-1-aws-json-512-512-537: 2500/2500 tasks started.
[2025-12-06T17:48:20Z] [[36minfo[0m] [progress_update] azure-germanywestcentral-azure-json-512-512-326: 2500/2500 tasks started.gcp-us-east1-gcp-json-512-512-854: 2500/2500 tasks started.aws-us-east-1-aws-json-512-512-537: 2500/2500 tasks started.alibaba-us-east-1-alibaba-json-512-512-708: 2500/2500 tasks started.
[2025-12-06T17:48:30Z] [[36minfo[0m] [progress_update] azure-germanywestcentral-azure-json-512-512-326: 2500/2500 tasks started.gcp-us-east1-gcp-json-512-512-854: 2500/2500 tasks started.aws-us-east-1-aws-json-512-512-537: 2500/2500 tasks started.alibaba-us-east-1-alibaba-json-512-512-708: 2500/2500 tasks started.
[2025-12-06T17:48:40Z] [[36minfo[0m] [progress_update] aws-us-east-1-aws-json-512-512-537: 2500/2500 tasks started.alibaba-us-east-1-alibaba-json-512-512-708: 2500/2500 tasks started.azure-germanywestcentral-azure-json-512-512-326: 2500/2500 tasks started.gcp-us-east1-gcp-json-512-512-854: 2500/2500 tasks started.
[2025-12-06T17:48:50Z] [[36minfo[0m] [progress_update] aws-us-east-1-aws-json-512-512-537: 2500/2500 tasks started.alibaba-us-east-1-alibaba-json-512-512-708: 2500/2500 tasks started.azure-germanywestcentral-azure-json-512-512-326: 2500/2500 tasks started.gcp-us-east1-gcp-json-512-512-854: 2500/2500 tasks started.
[2025-12-06T17:49:00Z] [[36minfo[0m] [progress_update] azure-germanywestcentral-azure-json-512-512-326: 2500/2500 tasks started.gcp-us-east1-gcp-json-512-512-854: 2500/2500 tasks started.aws-us-east-1-aws-json-512-512-537: 2500/2500 tasks started.alibaba-us-east-1-alibaba-json-512-512-708: 2500/2500 tasks started.
[2025-12-06T17:49:10Z] [[36minfo[0m] [progress_update] aws-us-east-1-aws-json-512-512-537: 2500/2500 tasks started.alibaba-us-east-1-alibaba-json-512-512-708: 2500/2500 tasks started.azure-germanywestcentral-azure-json-512-512-326: 2500/2500 tasks started.gcp-us-east1-gcp-json-512-512-854: 2500/2500 tasks started.
[2025-12-06T17:49:20Z] [[36minfo[0m] [progress_update] aws-us-east-1-aws-json-512-512-537: 2500/2500 tasks started.alibaba-us-east-1-alibaba-json-512-512-708: 2500/2500 tasks started.azure-germanywestcentral-azure-json-512-512-326: 2500/2500 tasks started.gcp-us-east1-gcp-json-512-512-854: 2500/2500 tasks started.
[2025-12-06T17:49:30Z] [[36minfo[0m] [progress_update] gcp-us-east1-gcp-json-512-512-854: 2500/2500 tasks started.aws-us-east-1-aws-json-512-512-537: 2500/2500 tasks started.alibaba-us-east-1-alibaba-json-512-512-708: 2500/2500 tasks started.azure-germanywestcentral-azure-json-512-512-326: 2500/2500 tasks started.
[2025-12-06T17:49:40Z] [[36minfo[0m] [progress_update] aws-us-east-1-aws-json-512-512-537: 2500/2500 tasks started.alibaba-us-east-1-alibaba-json-512-512-708: 2500/2500 tasks started.azure-germanywestcentral-azure-json-512-512-326: 2500/2500 tasks started.gcp-us-east1-gcp-json-512-512-854: 2500/2500 tasks started.
[2025-12-06T17:49:50Z] [[36minfo[0m] [progress_update] azure-germanywestcentral-azure-json-512-512-326: 2500/2500 tasks started.gcp-us-east1-gcp-json-512-512-854: 2500/2500 tasks started.aws-us-east-1-aws-json-512-512-537: 2500/2500 tasks started.alibaba-us-east-1-alibaba-json-512-512-708: 2500/2500 tasks started.
[2025-12-06T17:50:00Z] [[36minfo[0m] [progress_update] azure-germanywestcentral-azure-json-512-512-326: 2500/2500 tasks started.gcp-us-east1-gcp-json-512-512-854: 2500/2500 tasks started.aws-us-east-1-aws-json-512-512-537: 2500/2500 tasks started.alibaba-us-east-1-alibaba-json-512-512-708: 2500/2500 tasks started.
[2025-12-06T17:50:10Z] [[36minfo[0m] [progress_update] alibaba-us-east-1-alibaba-json-512-512-708: 2500/2500 tasks started.azure-germanywestcentral-azure-json-512-512-326: 2500/2500 tasks started.gcp-us-east1-gcp-json-512-512-854: 2500/2500 tasks started.aws-us-east-1-aws-json-512-512-537: 2500/2500 tasks started.
[2025-12-06T17:50:20Z] [[36minfo[0m] [progress_update] aws-us-east-1-aws-json-512-512-537: 2500/2500 tasks started.alibaba-us-east-1-alibaba-json-512-512-708: 2500/2500 tasks started.azure-germanywestcentral-azure-json-512-512-326: 2500/2500 tasks started.gcp-us-east1-gcp-json-512-512-854: 2500/2500 tasks started.
[2025-12-06T17:50:30Z] [[36minfo[0m] [progress_update] aws-us-east-1-aws-json-512-512-537: 2500/2500 tasks started.alibaba-us-east-1-alibaba-json-512-512-708: 2500/2500 tasks started.azure-germanywestcentral-azure-json-512-512-326: 2500/2500 tasks started.gcp-us-east1-gcp-json-512-512-854: 2500/2500 tasks started.
[2025-12-06T17:50:34Z] [[31merror[0m] [task_execution] Error executing task alibaba-json-512: task alibaba-json-512 failed after 7 retries: <nil>
[2025-12-06T17:50:39Z] [[36minfo[0m] [function_finished] Finished benchmarking function alibaba-json-512 and closed archiver
[2025-12-06T17:50:40Z] [[36minfo[0m] [progress_update] aws-us-east-1-aws-json-512-512-537: 2500/2500 tasks started.alibaba-us-east-1-alibaba-json-512-512-708: 2500/2500 tasks started.azure-germanywestcentral-azure-json-512-512-326: 2500/2500 tasks started.gcp-us-east1-gcp-json-512-512-854: 2500/2500 tasks started.
[2025-12-06T17:50:50Z] [[36minfo[0m] [progress_update] aws-us-east-1-aws-json-512-512-537: 2500/2500 tasks started.alibaba-us-east-1-alibaba-json-512-512-708: 2500/2500 tasks started.azure-germanywestcentral-azure-json-512-512-326: 2500/2500 tasks started.gcp-us-east1-gcp-json-512-512-854: 2500/2500 tasks started.
[2025-12-06T17:51:00Z] [[36minfo[0m] [progress_update] aws-us-east-1-aws-json-512-512-537: 2500/2500 tasks started.alibaba-us-east-1-alibaba-json-512-512-708: 2500/2500 tasks started.azure-germanywestcentral-azure-json-512-512-326: 2500/2500 tasks started.gcp-us-east1-gcp-json-512-512-854: 2500/2500 tasks started.
[2025-12-06T17:51:07Z] [[31merror[0m] [task_execution] Error executing task azure-json-512: task azure-json-512 failed after 7 retries: <nil>
[2025-12-06T17:51:08Z] [[31merror[0m] [task_execution] Error executing task azure-json-512: task azure-json-512 failed after 7 retries: <nil>
[2025-12-06T17:51:08Z] [[31merror[0m] [task_execution] Error executing task azure-json-512: task azure-json-512 failed after 7 retries: <nil>
[2025-12-06T17:51:08Z] [[31merror[0m] [task_execution] Error executing task azure-json-512: task azure-json-512 failed after 7 retries: <nil>
[2025-12-06T17:51:08Z] [[31merror[0m] [task_execution] Error executing task azure-json-512: task azure-json-512 failed after 7 retries: <nil>
[2025-12-06T17:51:08Z] [[31merror[0m] [task_execution] Error executing task azure-json-512: task azure-json-512 failed after 7 retries: <nil>
[2025-12-06T17:51:08Z] [[31merror[0m] [task_execution] Error executing task azure-json-512: task azure-json-512 failed after 7 retries: <nil>
[2025-12-06T17:51:08Z] [[31merror[0m] [task_execution] Error executing task azure-json-512: task azure-json-512 failed after 7 retries: <nil>
[2025-12-06T17:51:08Z] [[31merror[0m] [task_execution] Error executing task azure-json-512: task azure-json-512 failed after 7 retries: <nil>
[2025-12-06T17:51:08Z] [[31merror[0m] [task_execution] Error executing task azure-json-512: task azure-json-512 failed after 7 retries: <nil>
[2025-12-06T17:51:08Z] [[31merror[0m] [task_execution] Error executing task azure-json-512: task azure-json-512 failed after 7 retries: <nil>
[2025-12-06T17:51:09Z] [[31merror[0m] [task_execution] Error executing task azure-json-512: task azure-json-512 failed after 7 retries: <nil>
[2025-12-06T17:51:09Z] [[31merror[0m] [task_execution] Error executing task azure-json-512: task azure-json-512 failed after 7 retries: <nil>
[2025-12-06T17:51:09Z] [[31merror[0m] [task_execution] Error executing task azure-json-512: task azure-json-512 failed after 7 retries: <nil>
[2025-12-06T17:51:09Z] [[31merror[0m] [task_execution] Error executing task azure-json-512: task azure-json-512 failed after 7 retries: <nil>
[2025-12-06T17:51:09Z] [[31merror[0m] [task_execution] Error executing task azure-json-512: task azure-json-512 failed after 7 retries: <nil>
[2025-12-06T17:51:09Z] [[31merror[0m] [task_execution] Error executing task azure-json-512: task azure-json-512 failed after 7 retries: <nil>
[2025-12-06T17:51:09Z] [[31merror[0m] [task_execution] Error executing task azure-json-512: task azure-json-512 failed after 7 retries: <nil>
[2025-12-06T17:51:09Z] [[31merror[0m] [task_execution] Error executing task azure-json-512: task azure-json-512 failed after 7 retries: <nil>
[2025-12-06T17:51:09Z] [[31merror[0m] [task_execution] Error executing task azure-json-512: task azure-json-512 failed after 7 retries: <nil>
[2025-12-06T17:51:09Z] [[31merror[0m] [task_execution] Error executing task azure-json-512: task azure-json-512 failed after 7 retries: <nil>
[2025-12-06T17:51:09Z] [[31merror[0m] [task_execution] Error executing task azure-json-512: task azure-json-512 failed after 7 retries: <nil>
[2025-12-06T17:51:09Z] [[31merror[0m] [task_execution] Error executing task azure-json-512: task azure-json-512 failed after 7 retries: <nil>
[2025-12-06T17:51:09Z] [[31merror[0m] [task_execution] Error executing task azure-json-512: task azure-json-512 failed after 7 retries: <nil>
[2025-12-06T17:51:09Z] [[31merror[0m] [task_execution] Error executing task azure-json-512: task azure-json-512 failed after 7 retries: <nil>
[2025-12-06T17:51:09Z] [[31merror[0m] [task_execution] Error executing task azure-json-512: task azure-json-512 failed after 7 retries: <nil>
[2025-12-06T17:51:10Z] [[31merror[0m] [task_execution] Error executing task azure-json-512: task azure-json-512 failed after 7 retries: <nil>
[2025-12-06T17:51:10Z] [[31merror[0m] [task_execution] Error executing task azure-json-512: task azure-json-512 failed after 7 retries: <nil>
[2025-12-06T17:51:10Z] [[31merror[0m] [task_execution] Error executing task azure-json-512: task azure-json-512 failed after 7 retries: <nil>
[2025-12-06T17:51:10Z] [[31merror[0m] [task_execution] Error executing task azure-json-512: task azure-json-512 failed after 7 retries: <nil>
[2025-12-06T17:51:10Z] [[31merror[0m] [task_execution] Error executing task azure-json-512: task azure-json-512 failed after 7 retries: <nil>
[2025-12-06T17:51:10Z] [[31merror[0m] [task_execution] Error executing task azure-json-512: task azure-json-512 failed after 7 retries: <nil>
[2025-12-06T17:51:10Z] [[31merror[0m] [task_execution] Error executing task azure-json-512: task azure-json-512 failed after 7 retries: <nil>
[2025-12-06T17:51:10Z] [[31merror[0m] [task_execution] Error executing task azure-json-512: task azure-json-512 failed after 7 retries: <nil>
[2025-12-06T17:51:10Z] [[31merror[0m] [task_execution] Error executing task azure-json-512: task azure-json-512 failed after 7 retries: <nil>
[2025-12-06T17:51:10Z] [[31merror[0m] [task_execution] Error executing task azure-json-512: task azure-json-512 failed after 7 retries: <nil>
[2025-12-06T17:51:10Z] [[36minfo[0m] [progress_update] aws-us-east-1-aws-json-512-512-537: 2500/2500 tasks started.alibaba-us-east-1-alibaba-json-512-512-708: 2500/2500 tasks started.azure-germanywestcentral-azure-json-512-512-326: 2500/2500 tasks started.gcp-us-east1-gcp-json-512-512-854: 2500/2500 tasks started.
[2025-12-06T17:51:11Z] [[31merror[0m] [task_execution] Error executing task azure-json-512: task azure-json-512 failed after 7 retries: <nil>
[2025-12-06T17:51:11Z] [[31merror[0m] [task_execution] Error executing task azure-json-512: task azure-json-512 failed after 7 retries: <nil>
[2025-12-06T17:51:11Z] [[31merror[0m] [task_execution] Error executing task azure-json-512: task azure-json-512 failed after 7 retries: <nil>
[2025-12-06T17:51:11Z] [[31merror[0m] [task_execution] Error executing task azure-json-512: task azure-json-512 failed after 7 retries: <nil>
[2025-12-06T17:51:11Z] [[31merror[0m] [task_execution] Error executing task azure-json-512: task azure-json-512 failed after 7 retries: <nil>
[2025-12-06T17:51:11Z] [[31merror[0m] [task_execution] Error executing task azure-json-512: task azure-json-512 failed after 7 retries: <nil>
[2025-12-06T17:51:11Z] [[31merror[0m] [task_execution] Error executing task azure-json-512: task azure-json-512 failed after 7 retries: <nil>
[2025-12-06T17:51:11Z] [[31merror[0m] [task_execution] Error executing task azure-json-512: task azure-json-512 failed after 7 retries: <nil>
[2025-12-06T17:51:11Z] [[31merror[0m] [task_execution] Error executing task azure-json-512: task azure-json-512 failed after 7 retries: <nil>
[2025-12-06T17:51:11Z] [[31merror[0m] [task_execution] Error executing task azure-json-512: task azure-json-512 failed after 7 retries: <nil>
[2025-12-06T17:51:11Z] [[31merror[0m] [task_execution] Error executing task azure-json-512: task azure-json-512 failed after 7 retries: <nil>
[2025-12-06T17:51:11Z] [[31merror[0m] [task_execution] Error executing task azure-json-512: task azure-json-512 failed after 7 retries: <nil>
[2025-12-06T17:51:11Z] [[31merror[0m] [task_execution] Error executing task azure-json-512: task azure-json-512 failed after 7 retries: <nil>
[2025-12-06T17:51:11Z] [[31merror[0m] [task_execution] Error executing task azure-json-512: task azure-json-512 failed after 7 retries: <nil>
[2025-12-06T17:51:11Z] [[31merror[0m] [task_execution] Error executing task azure-json-512: task azure-json-512 failed after 7 retries: <nil>
[2025-12-06T17:51:12Z] [[31merror[0m] [task_execution] Error executing task azure-json-512: task azure-json-512 failed after 7 retries: <nil>
[2025-12-06T17:51:12Z] [[31merror[0m] [task_execution] Error executing task azure-json-512: task azure-json-512 failed after 7 retries: <nil>
[2025-12-06T17:51:12Z] [[31merror[0m] [task_execution] Error executing task azure-json-512: task azure-json-512 failed after 7 retries: <nil>
[2025-12-06T17:51:20Z] [[36minfo[0m] [progress_update] alibaba-us-east-1-alibaba-json-512-512-708: 2500/2500 tasks started.azure-germanywestcentral-azure-json-512-512-326: 2500/2500 tasks started.gcp-us-east1-gcp-json-512-512-854: 2500/2500 tasks started.aws-us-east-1-aws-json-512-512-537: 2500/2500 tasks started.
[2025-12-06T17:51:30Z] [[36minfo[0m] [progress_update] aws-us-east-1-aws-json-512-512-537: 2500/2500 tasks started.alibaba-us-east-1-alibaba-json-512-512-708: 2500/2500 tasks started.azure-germanywestcentral-azure-json-512-512-326: 2500/2500 tasks started.gcp-us-east1-gcp-json-512-512-854: 2500/2500 tasks started.
[2025-12-06T17:51:40Z] [[36minfo[0m] [progress_update] aws-us-east-1-aws-json-512-512-537: 2500/2500 tasks started.alibaba-us-east-1-alibaba-json-512-512-708: 2500/2500 tasks started.azure-germanywestcentral-azure-json-512-512-326: 2500/2500 tasks started.gcp-us-east1-gcp-json-512-512-854: 2500/2500 tasks started.
[2025-12-06T17:51:41Z] [[31merror[0m] [task_execution] Error executing task azure-json-512: task azure-json-512 failed after 7 retries: <nil>
[2025-12-06T17:51:41Z] [[31merror[0m] [task_execution] Error executing task azure-json-512: task azure-json-512 failed after 7 retries: <nil>
[2025-12-06T17:51:41Z] [[31merror[0m] [task_execution] Error executing task azure-json-512: task azure-json-512 failed after 7 retries: <nil>
[2025-12-06T17:51:46Z] [[36minfo[0m] [function_finished] Finished benchmarking function azure-json-512 and closed archiver
[2025-12-06T17:51:48Z] [[36minfo[0m] [finish_timeline] Benchmark Timeline
[Sat Dec  6 17:51:48 UTC 2025] Finished benchmark 'json' successfully
[Sat Dec  6 17:51:48 UTC 2025] Sleeping 600 seconds before next workload...
