[Fri Dec  5 05:16:20 UTC 2025] Starting benchmark 'aesctr' with config './configs/aesCtr.yaml'
Validating functions...
[2025-12-05T05:16:20Z] [[36minfo[0m] [executor_setup] Setting up executor for aws-us-east-1-aws-aesCtr-512-512-53
[2025-12-05T05:16:20Z] [[36minfo[0m] [executor_setup] Setting up executor for alibaba-us-east-1-alibaba-aesCtr-512-512-363
[2025-12-05T05:16:20Z] [[36minfo[0m] [executor_setup] Setting up executor for azure-germanywestcentral-azure-aesCtr-512-512-949
[2025-12-05T05:16:20Z] [[0mwarning[0m] [[32mazure_limitations[0m] Azure can´t handle more than 300 parallel requests. Limiting to 300.
[2025-12-05T05:16:21Z] [[36minfo[0m] [executor_setup] Setting up executor for gcp-us-east1-gcp-aesCtr-512-512-56
[2025-12-05T05:16:21Z] [[36minfo[0m] [start_timeline] Benchmark Timeline
[2025-12-05T05:16:21Z] [[36minfo[0m] [load_generator_start] (gcp: us-east1) Starting load generator with 300 workers
[2025-12-05T05:16:21Z] [[36minfo[0m] [load_generator_start] (aws: us-east-1) Starting load generator with 500 workers
[2025-12-05T05:16:21Z] [[36minfo[0m] [load_generator_start] (alibaba: us-east-1) Starting load generator with 500 workers
[2025-12-05T05:16:21Z] [[36minfo[0m] [load_generator_start] (azure: germanywestcentral) Starting load generator with 300 workers
[2025-12-05T05:16:31Z] [[36minfo[0m] [progress_update] aws-us-east-1-aws-aesCtr-512-512-53: 2121/2500 tasks started.alibaba-us-east-1-alibaba-aesCtr-512-512-363: 2500/2500 tasks started.azure-germanywestcentral-azure-aesCtr-512-512-949: 627/2500 tasks started.gcp-us-east1-gcp-aesCtr-512-512-56: 687/2500 tasks started.
[2025-12-05T05:16:41Z] [[36minfo[0m] [progress_update] aws-us-east-1-aws-aesCtr-512-512-53: 2500/2500 tasks started.alibaba-us-east-1-alibaba-aesCtr-512-512-363: 2500/2500 tasks started.azure-germanywestcentral-azure-aesCtr-512-512-949: 627/2500 tasks started.gcp-us-east1-gcp-aesCtr-512-512-56: 1253/2500 tasks started.
[2025-12-05T05:16:47Z] [[36minfo[0m] [function_finished] Finished benchmarking function aws-aesCtr-512 and closed archiver
[2025-12-05T05:16:51Z] [[36minfo[0m] [progress_update] aws-us-east-1-aws-aesCtr-512-512-53: 2500/2500 tasks started.alibaba-us-east-1-alibaba-aesCtr-512-512-363: 2500/2500 tasks started.azure-germanywestcentral-azure-aesCtr-512-512-949: 1379/2500 tasks started.gcp-us-east1-gcp-aesCtr-512-512-56: 1812/2500 tasks started.
[2025-12-05T05:17:01Z] [[36minfo[0m] [progress_update] alibaba-us-east-1-alibaba-aesCtr-512-512-363: 2500/2500 tasks started.azure-germanywestcentral-azure-aesCtr-512-512-949: 1870/2500 tasks started.gcp-us-east1-gcp-aesCtr-512-512-56: 2355/2500 tasks started.aws-us-east-1-aws-aesCtr-512-512-53: 2500/2500 tasks started.
[2025-12-05T05:17:11Z] [[36minfo[0m] [progress_update] aws-us-east-1-aws-aesCtr-512-512-53: 2500/2500 tasks started.alibaba-us-east-1-alibaba-aesCtr-512-512-363: 2500/2500 tasks started.azure-germanywestcentral-azure-aesCtr-512-512-949: 2225/2500 tasks started.gcp-us-east1-gcp-aesCtr-512-512-56: 2500/2500 tasks started.
[2025-12-05T05:17:19Z] [[36minfo[0m] [function_finished] Finished benchmarking function gcp-aesCtr-512 and closed archiver
[2025-12-05T05:17:21Z] [[36minfo[0m] [progress_update] alibaba-us-east-1-alibaba-aesCtr-512-512-363: 2500/2500 tasks started.azure-germanywestcentral-azure-aesCtr-512-512-949: 2240/2500 tasks started.gcp-us-east1-gcp-aesCtr-512-512-56: 2500/2500 tasks started.aws-us-east-1-aws-aesCtr-512-512-53: 2500/2500 tasks started.
[2025-12-05T05:17:31Z] [[36minfo[0m] [progress_update] aws-us-east-1-aws-aesCtr-512-512-53: 2500/2500 tasks started.alibaba-us-east-1-alibaba-aesCtr-512-512-363: 2500/2500 tasks started.azure-germanywestcentral-azure-aesCtr-512-512-949: 2320/2500 tasks started.gcp-us-east1-gcp-aesCtr-512-512-56: 2500/2500 tasks started.
[2025-12-05T05:17:37Z] [[36minfo[0m] [function_finished] Finished benchmarking function alibaba-aesCtr-512 and closed archiver
[2025-12-05T05:17:41Z] [[36minfo[0m] [progress_update] aws-us-east-1-aws-aesCtr-512-512-53: 2500/2500 tasks started.alibaba-us-east-1-alibaba-aesCtr-512-512-363: 2500/2500 tasks started.azure-germanywestcentral-azure-aesCtr-512-512-949: 2361/2500 tasks started.gcp-us-east1-gcp-aesCtr-512-512-56: 2500/2500 tasks started.
[2025-12-05T05:17:51Z] [[36minfo[0m] [progress_update] azure-germanywestcentral-azure-aesCtr-512-512-949: 2362/2500 tasks started.gcp-us-east1-gcp-aesCtr-512-512-56: 2500/2500 tasks started.aws-us-east-1-aws-aesCtr-512-512-53: 2500/2500 tasks started.alibaba-us-east-1-alibaba-aesCtr-512-512-363: 2500/2500 tasks started.
[2025-12-05T05:18:01Z] [[36minfo[0m] [progress_update] aws-us-east-1-aws-aesCtr-512-512-53: 2500/2500 tasks started.alibaba-us-east-1-alibaba-aesCtr-512-512-363: 2500/2500 tasks started.azure-germanywestcentral-azure-aesCtr-512-512-949: 2489/2500 tasks started.gcp-us-east1-gcp-aesCtr-512-512-56: 2500/2500 tasks started.
[2025-12-05T05:18:11Z] [[36minfo[0m] [progress_update] aws-us-east-1-aws-aesCtr-512-512-53: 2500/2500 tasks started.alibaba-us-east-1-alibaba-aesCtr-512-512-363: 2500/2500 tasks started.azure-germanywestcentral-azure-aesCtr-512-512-949: 2500/2500 tasks started.gcp-us-east1-gcp-aesCtr-512-512-56: 2500/2500 tasks started.
[2025-12-05T05:18:21Z] [[36minfo[0m] [progress_update] aws-us-east-1-aws-aesCtr-512-512-53: 2500/2500 tasks started.alibaba-us-east-1-alibaba-aesCtr-512-512-363: 2500/2500 tasks started.azure-germanywestcentral-azure-aesCtr-512-512-949: 2500/2500 tasks started.gcp-us-east1-gcp-aesCtr-512-512-56: 2500/2500 tasks started.
[2025-12-05T05:18:31Z] [[36minfo[0m] [progress_update] aws-us-east-1-aws-aesCtr-512-512-53: 2500/2500 tasks started.alibaba-us-east-1-alibaba-aesCtr-512-512-363: 2500/2500 tasks started.azure-germanywestcentral-azure-aesCtr-512-512-949: 2500/2500 tasks started.gcp-us-east1-gcp-aesCtr-512-512-56: 2500/2500 tasks started.
[2025-12-05T05:18:41Z] [[36minfo[0m] [progress_update] aws-us-east-1-aws-aesCtr-512-512-53: 2500/2500 tasks started.alibaba-us-east-1-alibaba-aesCtr-512-512-363: 2500/2500 tasks started.azure-germanywestcentral-azure-aesCtr-512-512-949: 2500/2500 tasks started.gcp-us-east1-gcp-aesCtr-512-512-56: 2500/2500 tasks started.
[2025-12-05T05:18:51Z] [[36minfo[0m] [progress_update] aws-us-east-1-aws-aesCtr-512-512-53: 2500/2500 tasks started.alibaba-us-east-1-alibaba-aesCtr-512-512-363: 2500/2500 tasks started.azure-germanywestcentral-azure-aesCtr-512-512-949: 2500/2500 tasks started.gcp-us-east1-gcp-aesCtr-512-512-56: 2500/2500 tasks started.
[2025-12-05T05:19:01Z] [[36minfo[0m] [progress_update] azure-germanywestcentral-azure-aesCtr-512-512-949: 2500/2500 tasks started.gcp-us-east1-gcp-aesCtr-512-512-56: 2500/2500 tasks started.aws-us-east-1-aws-aesCtr-512-512-53: 2500/2500 tasks started.alibaba-us-east-1-alibaba-aesCtr-512-512-363: 2500/2500 tasks started.
[2025-12-05T05:19:11Z] [[36minfo[0m] [progress_update] alibaba-us-east-1-alibaba-aesCtr-512-512-363: 2500/2500 tasks started.azure-germanywestcentral-azure-aesCtr-512-512-949: 2500/2500 tasks started.gcp-us-east1-gcp-aesCtr-512-512-56: 2500/2500 tasks started.aws-us-east-1-aws-aesCtr-512-512-53: 2500/2500 tasks started.
[2025-12-05T05:19:21Z] [[36minfo[0m] [progress_update] aws-us-east-1-aws-aesCtr-512-512-53: 2500/2500 tasks started.alibaba-us-east-1-alibaba-aesCtr-512-512-363: 2500/2500 tasks started.azure-germanywestcentral-azure-aesCtr-512-512-949: 2500/2500 tasks started.gcp-us-east1-gcp-aesCtr-512-512-56: 2500/2500 tasks started.
[2025-12-05T05:19:31Z] [[36minfo[0m] [progress_update] azure-germanywestcentral-azure-aesCtr-512-512-949: 2500/2500 tasks started.gcp-us-east1-gcp-aesCtr-512-512-56: 2500/2500 tasks started.aws-us-east-1-aws-aesCtr-512-512-53: 2500/2500 tasks started.alibaba-us-east-1-alibaba-aesCtr-512-512-363: 2500/2500 tasks started.
[2025-12-05T05:19:41Z] [[36minfo[0m] [progress_update] aws-us-east-1-aws-aesCtr-512-512-53: 2500/2500 tasks started.alibaba-us-east-1-alibaba-aesCtr-512-512-363: 2500/2500 tasks started.azure-germanywestcentral-azure-aesCtr-512-512-949: 2500/2500 tasks started.gcp-us-east1-gcp-aesCtr-512-512-56: 2500/2500 tasks started.
[2025-12-05T05:19:51Z] [[36minfo[0m] [progress_update] aws-us-east-1-aws-aesCtr-512-512-53: 2500/2500 tasks started.alibaba-us-east-1-alibaba-aesCtr-512-512-363: 2500/2500 tasks started.azure-germanywestcentral-azure-aesCtr-512-512-949: 2500/2500 tasks started.gcp-us-east1-gcp-aesCtr-512-512-56: 2500/2500 tasks started.
[2025-12-05T05:20:01Z] [[36minfo[0m] [progress_update] gcp-us-east1-gcp-aesCtr-512-512-56: 2500/2500 tasks started.aws-us-east-1-aws-aesCtr-512-512-53: 2500/2500 tasks started.alibaba-us-east-1-alibaba-aesCtr-512-512-363: 2500/2500 tasks started.azure-germanywestcentral-azure-aesCtr-512-512-949: 2500/2500 tasks started.
[2025-12-05T05:20:11Z] [[36minfo[0m] [progress_update] gcp-us-east1-gcp-aesCtr-512-512-56: 2500/2500 tasks started.aws-us-east-1-aws-aesCtr-512-512-53: 2500/2500 tasks started.alibaba-us-east-1-alibaba-aesCtr-512-512-363: 2500/2500 tasks started.azure-germanywestcentral-azure-aesCtr-512-512-949: 2500/2500 tasks started.
[2025-12-05T05:20:21Z] [[36minfo[0m] [progress_update] aws-us-east-1-aws-aesCtr-512-512-53: 2500/2500 tasks started.alibaba-us-east-1-alibaba-aesCtr-512-512-363: 2500/2500 tasks started.azure-germanywestcentral-azure-aesCtr-512-512-949: 2500/2500 tasks started.gcp-us-east1-gcp-aesCtr-512-512-56: 2500/2500 tasks started.
[2025-12-05T05:20:31Z] [[36minfo[0m] [progress_update] aws-us-east-1-aws-aesCtr-512-512-53: 2500/2500 tasks started.alibaba-us-east-1-alibaba-aesCtr-512-512-363: 2500/2500 tasks started.azure-germanywestcentral-azure-aesCtr-512-512-949: 2500/2500 tasks started.gcp-us-east1-gcp-aesCtr-512-512-56: 2500/2500 tasks started.
[2025-12-05T05:20:41Z] [[36minfo[0m] [progress_update] aws-us-east-1-aws-aesCtr-512-512-53: 2500/2500 tasks started.alibaba-us-east-1-alibaba-aesCtr-512-512-363: 2500/2500 tasks started.azure-germanywestcentral-azure-aesCtr-512-512-949: 2500/2500 tasks started.gcp-us-east1-gcp-aesCtr-512-512-56: 2500/2500 tasks started.
[2025-12-05T05:20:43Z] [[31merror[0m] [task_execution] Error executing task azure-aesCtr-512: task azure-aesCtr-512 failed after 7 retries: <nil>
[2025-12-05T05:20:43Z] [[31merror[0m] [task_execution] Error executing task azure-aesCtr-512: task azure-aesCtr-512 failed after 7 retries: <nil>
[2025-12-05T05:20:45Z] [[31merror[0m] [task_execution] Error executing task azure-aesCtr-512: task azure-aesCtr-512 failed after 7 retries: <nil>
[2025-12-05T05:20:51Z] [[36minfo[0m] [progress_update] aws-us-east-1-aws-aesCtr-512-512-53: 2500/2500 tasks started.alibaba-us-east-1-alibaba-aesCtr-512-512-363: 2500/2500 tasks started.azure-germanywestcentral-azure-aesCtr-512-512-949: 2500/2500 tasks started.gcp-us-east1-gcp-aesCtr-512-512-56: 2500/2500 tasks started.
[2025-12-05T05:21:01Z] [[36minfo[0m] [progress_update] alibaba-us-east-1-alibaba-aesCtr-512-512-363: 2500/2500 tasks started.azure-germanywestcentral-azure-aesCtr-512-512-949: 2500/2500 tasks started.gcp-us-east1-gcp-aesCtr-512-512-56: 2500/2500 tasks started.aws-us-east-1-aws-aesCtr-512-512-53: 2500/2500 tasks started.
[2025-12-05T05:21:11Z] [[36minfo[0m] [progress_update] gcp-us-east1-gcp-aesCtr-512-512-56: 2500/2500 tasks started.aws-us-east-1-aws-aesCtr-512-512-53: 2500/2500 tasks started.alibaba-us-east-1-alibaba-aesCtr-512-512-363: 2500/2500 tasks started.azure-germanywestcentral-azure-aesCtr-512-512-949: 2500/2500 tasks started.
[2025-12-05T05:21:18Z] [[31merror[0m] [task_execution] Error executing task azure-aesCtr-512: task azure-aesCtr-512 failed after 7 retries: <nil>
[2025-12-05T05:21:18Z] [[31merror[0m] [task_execution] Error executing task azure-aesCtr-512: task azure-aesCtr-512 failed after 7 retries: <nil>
[2025-12-05T05:21:19Z] [[31merror[0m] [task_execution] Error executing task azure-aesCtr-512: task azure-aesCtr-512 failed after 7 retries: <nil>
[2025-12-05T05:21:19Z] [[31merror[0m] [task_execution] Error executing task azure-aesCtr-512: task azure-aesCtr-512 failed after 7 retries: <nil>
[2025-12-05T05:21:19Z] [[31merror[0m] [task_execution] Error executing task azure-aesCtr-512: task azure-aesCtr-512 failed after 7 retries: <nil>
[2025-12-05T05:21:19Z] [[31merror[0m] [task_execution] Error executing task azure-aesCtr-512: task azure-aesCtr-512 failed after 7 retries: <nil>
[2025-12-05T05:21:20Z] [[31merror[0m] [task_execution] Error executing task azure-aesCtr-512: task azure-aesCtr-512 failed after 7 retries: <nil>
[2025-12-05T05:21:20Z] [[31merror[0m] [task_execution] Error executing task azure-aesCtr-512: task azure-aesCtr-512 failed after 7 retries: <nil>
[2025-12-05T05:21:21Z] [[36minfo[0m] [progress_update] aws-us-east-1-aws-aesCtr-512-512-53: 2500/2500 tasks started.alibaba-us-east-1-alibaba-aesCtr-512-512-363: 2500/2500 tasks started.azure-germanywestcentral-azure-aesCtr-512-512-949: 2500/2500 tasks started.gcp-us-east1-gcp-aesCtr-512-512-56: 2500/2500 tasks started.
[2025-12-05T05:21:22Z] [[31merror[0m] [task_execution] Error executing task azure-aesCtr-512: task azure-aesCtr-512 failed after 7 retries: <nil>
[2025-12-05T05:21:22Z] [[31merror[0m] [task_execution] Error executing task azure-aesCtr-512: task azure-aesCtr-512 failed after 7 retries: <nil>
[2025-12-05T05:21:31Z] [[36minfo[0m] [progress_update] aws-us-east-1-aws-aesCtr-512-512-53: 2500/2500 tasks started.alibaba-us-east-1-alibaba-aesCtr-512-512-363: 2500/2500 tasks started.azure-germanywestcentral-azure-aesCtr-512-512-949: 2500/2500 tasks started.gcp-us-east1-gcp-aesCtr-512-512-56: 2500/2500 tasks started.
[2025-12-05T05:21:41Z] [[36minfo[0m] [progress_update] aws-us-east-1-aws-aesCtr-512-512-53: 2500/2500 tasks started.alibaba-us-east-1-alibaba-aesCtr-512-512-363: 2500/2500 tasks started.azure-germanywestcentral-azure-aesCtr-512-512-949: 2500/2500 tasks started.gcp-us-east1-gcp-aesCtr-512-512-56: 2500/2500 tasks started.
[2025-12-05T05:21:48Z] [[31merror[0m] [task_execution] Error executing task azure-aesCtr-512: task azure-aesCtr-512 failed after 7 retries: <nil>
[2025-12-05T05:21:49Z] [[31merror[0m] [task_execution] Error executing task azure-aesCtr-512: task azure-aesCtr-512 failed after 7 retries: <nil>
[2025-12-05T05:21:49Z] [[31merror[0m] [task_execution] Error executing task azure-aesCtr-512: task azure-aesCtr-512 failed after 7 retries: <nil>
[2025-12-05T05:21:49Z] [[31merror[0m] [task_execution] Error executing task azure-aesCtr-512: task azure-aesCtr-512 failed after 7 retries: <nil>
[2025-12-05T05:21:49Z] [[31merror[0m] [task_execution] Error executing task azure-aesCtr-512: task azure-aesCtr-512 failed after 7 retries: <nil>
[2025-12-05T05:21:49Z] [[31merror[0m] [task_execution] Error executing task azure-aesCtr-512: task azure-aesCtr-512 failed after 7 retries: <nil>
[2025-12-05T05:21:49Z] [[31merror[0m] [task_execution] Error executing task azure-aesCtr-512: task azure-aesCtr-512 failed after 7 retries: <nil>
[2025-12-05T05:21:49Z] [[31merror[0m] [task_execution] Error executing task azure-aesCtr-512: task azure-aesCtr-512 failed after 7 retries: <nil>
[2025-12-05T05:21:50Z] [[31merror[0m] [task_execution] Error executing task azure-aesCtr-512: task azure-aesCtr-512 failed after 7 retries: <nil>
[2025-12-05T05:21:50Z] [[31merror[0m] [task_execution] Error executing task azure-aesCtr-512: task azure-aesCtr-512 failed after 7 retries: <nil>
[2025-12-05T05:21:50Z] [[31merror[0m] [task_execution] Error executing task azure-aesCtr-512: task azure-aesCtr-512 failed after 7 retries: <nil>
[2025-12-05T05:21:51Z] [[36minfo[0m] [progress_update] azure-germanywestcentral-azure-aesCtr-512-512-949: 2500/2500 tasks started.gcp-us-east1-gcp-aesCtr-512-512-56: 2500/2500 tasks started.aws-us-east-1-aws-aesCtr-512-512-53: 2500/2500 tasks started.alibaba-us-east-1-alibaba-aesCtr-512-512-363: 2500/2500 tasks started.
[2025-12-05T05:21:55Z] [[36minfo[0m] [function_finished] Finished benchmarking function azure-aesCtr-512 and closed archiver
[2025-12-05T05:21:57Z] [[36minfo[0m] [finish_timeline] Benchmark Timeline
[Fri Dec  5 05:21:57 UTC 2025] Finished benchmark 'aesctr' successfully
[Fri Dec  5 05:21:57 UTC 2025] Sleeping 600 seconds before next workload...
