[Mon Dec  1 11:30:50 UTC 2025] Starting benchmark 'aesctr' with config './configs/aesCtr.yaml'
Validating functions...
[2025-12-01T11:30:50Z] [[36minfo[0m] [executor_setup] Setting up executor for aws-us-east-1-aws-aesCtr-512-512-639
[2025-12-01T11:30:50Z] [[36minfo[0m] [executor_setup] Setting up executor for alibaba-us-east-1-alibaba-aesCtr-512-512-76
[2025-12-01T11:30:50Z] [[36minfo[0m] [executor_setup] Setting up executor for azure-germanywestcentral-azure-aesCtr-512-512-892
[2025-12-01T11:30:50Z] [[0mwarning[0m] [[32mazure_limitations[0m] Azure can´t handle more than 300 parallel requests. Limiting to 300.
[2025-12-01T11:30:50Z] [[36minfo[0m] [executor_setup] Setting up executor for gcp-us-east1-gcp-aesCtr-512-512-860
[2025-12-01T11:30:50Z] [[36minfo[0m] [start_timeline] Benchmark Timeline
[2025-12-01T11:30:50Z] [[36minfo[0m] [load_generator_start] (gcp: us-east1) Starting load generator with 300 workers
[2025-12-01T11:30:50Z] [[36minfo[0m] [load_generator_start] (aws: us-east-1) Starting load generator with 500 workers
[2025-12-01T11:30:50Z] [[36minfo[0m] [load_generator_start] (alibaba: us-east-1) Starting load generator with 500 workers
[2025-12-01T11:30:50Z] [[36minfo[0m] [load_generator_start] (azure: germanywestcentral) Starting load generator with 300 workers
[2025-12-01T11:31:00Z] [[36minfo[0m] [progress_update] aws-us-east-1-aws-aesCtr-512-512-639: 2151/2500 tasks started.alibaba-us-east-1-alibaba-aesCtr-512-512-76: 2378/2500 tasks started.azure-germanywestcentral-azure-aesCtr-512-512-892: 665/2500 tasks started.gcp-us-east1-gcp-aesCtr-512-512-860: 588/2500 tasks started.
[2025-12-01T11:31:10Z] [[36minfo[0m] [progress_update] aws-us-east-1-aws-aesCtr-512-512-639: 2500/2500 tasks started.alibaba-us-east-1-alibaba-aesCtr-512-512-76: 2500/2500 tasks started.azure-germanywestcentral-azure-aesCtr-512-512-892: 676/2500 tasks started.gcp-us-east1-gcp-aesCtr-512-512-860: 1163/2500 tasks started.
[2025-12-01T11:31:15Z] [[36minfo[0m] [function_finished] Finished benchmarking function aws-aesCtr-512 and closed archiver
[2025-12-01T11:31:20Z] [[36minfo[0m] [progress_update] gcp-us-east1-gcp-aesCtr-512-512-860: 1721/2500 tasks started.aws-us-east-1-aws-aesCtr-512-512-639: 2500/2500 tasks started.alibaba-us-east-1-alibaba-aesCtr-512-512-76: 2500/2500 tasks started.azure-germanywestcentral-azure-aesCtr-512-512-892: 1452/2500 tasks started.
[2025-12-01T11:31:30Z] [[36minfo[0m] [progress_update] aws-us-east-1-aws-aesCtr-512-512-639: 2500/2500 tasks started.alibaba-us-east-1-alibaba-aesCtr-512-512-76: 2500/2500 tasks started.azure-germanywestcentral-azure-aesCtr-512-512-892: 1974/2500 tasks started.gcp-us-east1-gcp-aesCtr-512-512-860: 2282/2500 tasks started.
[2025-12-01T11:31:40Z] [[36minfo[0m] [progress_update] azure-germanywestcentral-azure-aesCtr-512-512-892: 2246/2500 tasks started.gcp-us-east1-gcp-aesCtr-512-512-860: 2500/2500 tasks started.aws-us-east-1-aws-aesCtr-512-512-639: 2500/2500 tasks started.alibaba-us-east-1-alibaba-aesCtr-512-512-76: 2500/2500 tasks started.
[2025-12-01T11:31:50Z] [[36minfo[0m] [progress_update] azure-germanywestcentral-azure-aesCtr-512-512-892: 2255/2500 tasks started.gcp-us-east1-gcp-aesCtr-512-512-860: 2500/2500 tasks started.aws-us-east-1-aws-aesCtr-512-512-639: 2500/2500 tasks started.alibaba-us-east-1-alibaba-aesCtr-512-512-76: 2500/2500 tasks started.
[2025-12-01T11:31:56Z] [[36minfo[0m] [function_finished] Finished benchmarking function gcp-aesCtr-512 and closed archiver
[2025-12-01T11:32:00Z] [[36minfo[0m] [progress_update] gcp-us-east1-gcp-aesCtr-512-512-860: 2500/2500 tasks started.aws-us-east-1-aws-aesCtr-512-512-639: 2500/2500 tasks started.alibaba-us-east-1-alibaba-aesCtr-512-512-76: 2500/2500 tasks started.azure-germanywestcentral-azure-aesCtr-512-512-892: 2281/2500 tasks started.
[2025-12-01T11:32:07Z] [[36minfo[0m] [function_finished] Finished benchmarking function alibaba-aesCtr-512 and closed archiver
[2025-12-01T11:32:10Z] [[36minfo[0m] [progress_update] aws-us-east-1-aws-aesCtr-512-512-639: 2500/2500 tasks started.alibaba-us-east-1-alibaba-aesCtr-512-512-76: 2500/2500 tasks started.azure-germanywestcentral-azure-aesCtr-512-512-892: 2324/2500 tasks started.gcp-us-east1-gcp-aesCtr-512-512-860: 2500/2500 tasks started.
[2025-12-01T11:32:20Z] [[36minfo[0m] [progress_update] gcp-us-east1-gcp-aesCtr-512-512-860: 2500/2500 tasks started.aws-us-east-1-aws-aesCtr-512-512-639: 2500/2500 tasks started.alibaba-us-east-1-alibaba-aesCtr-512-512-76: 2500/2500 tasks started.azure-germanywestcentral-azure-aesCtr-512-512-892: 2349/2500 tasks started.
[2025-12-01T11:32:30Z] [[36minfo[0m] [progress_update] aws-us-east-1-aws-aesCtr-512-512-639: 2500/2500 tasks started.alibaba-us-east-1-alibaba-aesCtr-512-512-76: 2500/2500 tasks started.azure-germanywestcentral-azure-aesCtr-512-512-892: 2357/2500 tasks started.gcp-us-east1-gcp-aesCtr-512-512-860: 2500/2500 tasks started.
[2025-12-01T11:32:40Z] [[36minfo[0m] [progress_update] alibaba-us-east-1-alibaba-aesCtr-512-512-76: 2500/2500 tasks started.azure-germanywestcentral-azure-aesCtr-512-512-892: 2357/2500 tasks started.gcp-us-east1-gcp-aesCtr-512-512-860: 2500/2500 tasks started.aws-us-east-1-aws-aesCtr-512-512-639: 2500/2500 tasks started.
[2025-12-01T11:32:50Z] [[36minfo[0m] [progress_update] aws-us-east-1-aws-aesCtr-512-512-639: 2500/2500 tasks started.alibaba-us-east-1-alibaba-aesCtr-512-512-76: 2500/2500 tasks started.azure-germanywestcentral-azure-aesCtr-512-512-892: 2432/2500 tasks started.gcp-us-east1-gcp-aesCtr-512-512-860: 2500/2500 tasks started.
[2025-12-01T11:33:00Z] [[36minfo[0m] [progress_update] alibaba-us-east-1-alibaba-aesCtr-512-512-76: 2500/2500 tasks started.azure-germanywestcentral-azure-aesCtr-512-512-892: 2500/2500 tasks started.gcp-us-east1-gcp-aesCtr-512-512-860: 2500/2500 tasks started.aws-us-east-1-aws-aesCtr-512-512-639: 2500/2500 tasks started.
[2025-12-01T11:33:10Z] [[36minfo[0m] [progress_update] azure-germanywestcentral-azure-aesCtr-512-512-892: 2500/2500 tasks started.gcp-us-east1-gcp-aesCtr-512-512-860: 2500/2500 tasks started.aws-us-east-1-aws-aesCtr-512-512-639: 2500/2500 tasks started.alibaba-us-east-1-alibaba-aesCtr-512-512-76: 2500/2500 tasks started.
[2025-12-01T11:33:20Z] [[36minfo[0m] [progress_update] aws-us-east-1-aws-aesCtr-512-512-639: 2500/2500 tasks started.alibaba-us-east-1-alibaba-aesCtr-512-512-76: 2500/2500 tasks started.azure-germanywestcentral-azure-aesCtr-512-512-892: 2500/2500 tasks started.gcp-us-east1-gcp-aesCtr-512-512-860: 2500/2500 tasks started.
[2025-12-01T11:33:30Z] [[36minfo[0m] [progress_update] azure-germanywestcentral-azure-aesCtr-512-512-892: 2500/2500 tasks started.gcp-us-east1-gcp-aesCtr-512-512-860: 2500/2500 tasks started.aws-us-east-1-aws-aesCtr-512-512-639: 2500/2500 tasks started.alibaba-us-east-1-alibaba-aesCtr-512-512-76: 2500/2500 tasks started.
[2025-12-01T11:33:40Z] [[36minfo[0m] [progress_update] aws-us-east-1-aws-aesCtr-512-512-639: 2500/2500 tasks started.alibaba-us-east-1-alibaba-aesCtr-512-512-76: 2500/2500 tasks started.azure-germanywestcentral-azure-aesCtr-512-512-892: 2500/2500 tasks started.gcp-us-east1-gcp-aesCtr-512-512-860: 2500/2500 tasks started.
[2025-12-01T11:33:50Z] [[36minfo[0m] [progress_update] aws-us-east-1-aws-aesCtr-512-512-639: 2500/2500 tasks started.alibaba-us-east-1-alibaba-aesCtr-512-512-76: 2500/2500 tasks started.azure-germanywestcentral-azure-aesCtr-512-512-892: 2500/2500 tasks started.gcp-us-east1-gcp-aesCtr-512-512-860: 2500/2500 tasks started.
[2025-12-01T11:34:00Z] [[36minfo[0m] [progress_update] aws-us-east-1-aws-aesCtr-512-512-639: 2500/2500 tasks started.alibaba-us-east-1-alibaba-aesCtr-512-512-76: 2500/2500 tasks started.azure-germanywestcentral-azure-aesCtr-512-512-892: 2500/2500 tasks started.gcp-us-east1-gcp-aesCtr-512-512-860: 2500/2500 tasks started.
[2025-12-01T11:34:10Z] [[36minfo[0m] [progress_update] aws-us-east-1-aws-aesCtr-512-512-639: 2500/2500 tasks started.alibaba-us-east-1-alibaba-aesCtr-512-512-76: 2500/2500 tasks started.azure-germanywestcentral-azure-aesCtr-512-512-892: 2500/2500 tasks started.gcp-us-east1-gcp-aesCtr-512-512-860: 2500/2500 tasks started.
[2025-12-01T11:34:20Z] [[36minfo[0m] [progress_update] aws-us-east-1-aws-aesCtr-512-512-639: 2500/2500 tasks started.alibaba-us-east-1-alibaba-aesCtr-512-512-76: 2500/2500 tasks started.azure-germanywestcentral-azure-aesCtr-512-512-892: 2500/2500 tasks started.gcp-us-east1-gcp-aesCtr-512-512-860: 2500/2500 tasks started.
[2025-12-01T11:34:30Z] [[36minfo[0m] [progress_update] azure-germanywestcentral-azure-aesCtr-512-512-892: 2500/2500 tasks started.gcp-us-east1-gcp-aesCtr-512-512-860: 2500/2500 tasks started.aws-us-east-1-aws-aesCtr-512-512-639: 2500/2500 tasks started.alibaba-us-east-1-alibaba-aesCtr-512-512-76: 2500/2500 tasks started.
[2025-12-01T11:34:40Z] [[36minfo[0m] [progress_update] azure-germanywestcentral-azure-aesCtr-512-512-892: 2500/2500 tasks started.gcp-us-east1-gcp-aesCtr-512-512-860: 2500/2500 tasks started.aws-us-east-1-aws-aesCtr-512-512-639: 2500/2500 tasks started.alibaba-us-east-1-alibaba-aesCtr-512-512-76: 2500/2500 tasks started.
[2025-12-01T11:34:50Z] [[36minfo[0m] [progress_update] aws-us-east-1-aws-aesCtr-512-512-639: 2500/2500 tasks started.alibaba-us-east-1-alibaba-aesCtr-512-512-76: 2500/2500 tasks started.azure-germanywestcentral-azure-aesCtr-512-512-892: 2500/2500 tasks started.gcp-us-east1-gcp-aesCtr-512-512-860: 2500/2500 tasks started.
[2025-12-01T11:35:00Z] [[36minfo[0m] [progress_update] aws-us-east-1-aws-aesCtr-512-512-639: 2500/2500 tasks started.alibaba-us-east-1-alibaba-aesCtr-512-512-76: 2500/2500 tasks started.azure-germanywestcentral-azure-aesCtr-512-512-892: 2500/2500 tasks started.gcp-us-east1-gcp-aesCtr-512-512-860: 2500/2500 tasks started.
[2025-12-01T11:35:10Z] [[36minfo[0m] [progress_update] alibaba-us-east-1-alibaba-aesCtr-512-512-76: 2500/2500 tasks started.azure-germanywestcentral-azure-aesCtr-512-512-892: 2500/2500 tasks started.gcp-us-east1-gcp-aesCtr-512-512-860: 2500/2500 tasks started.aws-us-east-1-aws-aesCtr-512-512-639: 2500/2500 tasks started.
[2025-12-01T11:35:13Z] [[31merror[0m] [task_execution] Error executing task azure-aesCtr-512: task azure-aesCtr-512 failed after 7 retries: <nil>
[2025-12-01T11:35:20Z] [[36minfo[0m] [progress_update] aws-us-east-1-aws-aesCtr-512-512-639: 2500/2500 tasks started.alibaba-us-east-1-alibaba-aesCtr-512-512-76: 2500/2500 tasks started.azure-germanywestcentral-azure-aesCtr-512-512-892: 2500/2500 tasks started.gcp-us-east1-gcp-aesCtr-512-512-860: 2500/2500 tasks started.
[2025-12-01T11:35:30Z] [[36minfo[0m] [progress_update] aws-us-east-1-aws-aesCtr-512-512-639: 2500/2500 tasks started.alibaba-us-east-1-alibaba-aesCtr-512-512-76: 2500/2500 tasks started.azure-germanywestcentral-azure-aesCtr-512-512-892: 2500/2500 tasks started.gcp-us-east1-gcp-aesCtr-512-512-860: 2500/2500 tasks started.
[2025-12-01T11:35:36Z] [[31merror[0m] [task_execution] Error executing task azure-aesCtr-512: task azure-aesCtr-512 failed after 7 retries: <nil>
[2025-12-01T11:35:40Z] [[36minfo[0m] [progress_update] gcp-us-east1-gcp-aesCtr-512-512-860: 2500/2500 tasks started.aws-us-east-1-aws-aesCtr-512-512-639: 2500/2500 tasks started.alibaba-us-east-1-alibaba-aesCtr-512-512-76: 2500/2500 tasks started.azure-germanywestcentral-azure-aesCtr-512-512-892: 2500/2500 tasks started.
[2025-12-01T11:35:44Z] [[31merror[0m] [task_execution] Error executing task azure-aesCtr-512: task azure-aesCtr-512 failed after 7 retries: <nil>
[2025-12-01T11:35:44Z] [[31merror[0m] [task_execution] Error executing task azure-aesCtr-512: task azure-aesCtr-512 failed after 7 retries: <nil>
[2025-12-01T11:35:44Z] [[31merror[0m] [task_execution] Error executing task azure-aesCtr-512: task azure-aesCtr-512 failed after 7 retries: <nil>
[2025-12-01T11:35:44Z] [[31merror[0m] [task_execution] Error executing task azure-aesCtr-512: task azure-aesCtr-512 failed after 7 retries: <nil>
[2025-12-01T11:35:44Z] [[31merror[0m] [task_execution] Error executing task azure-aesCtr-512: task azure-aesCtr-512 failed after 7 retries: <nil>
[2025-12-01T11:35:45Z] [[31merror[0m] [task_execution] Error executing task azure-aesCtr-512: task azure-aesCtr-512 failed after 7 retries: <nil>
[2025-12-01T11:35:45Z] [[31merror[0m] [task_execution] Error executing task azure-aesCtr-512: task azure-aesCtr-512 failed after 7 retries: <nil>
[2025-12-01T11:35:45Z] [[31merror[0m] [task_execution] Error executing task azure-aesCtr-512: task azure-aesCtr-512 failed after 7 retries: <nil>
[2025-12-01T11:35:45Z] [[31merror[0m] [task_execution] Error executing task azure-aesCtr-512: task azure-aesCtr-512 failed after 7 retries: <nil>
[2025-12-01T11:35:45Z] [[31merror[0m] [task_execution] Error executing task azure-aesCtr-512: task azure-aesCtr-512 failed after 7 retries: <nil>
[2025-12-01T11:35:45Z] [[31merror[0m] [task_execution] Error executing task azure-aesCtr-512: task azure-aesCtr-512 failed after 7 retries: <nil>
[2025-12-01T11:35:45Z] [[31merror[0m] [task_execution] Error executing task azure-aesCtr-512: task azure-aesCtr-512 failed after 7 retries: <nil>
[2025-12-01T11:35:45Z] [[31merror[0m] [task_execution] Error executing task azure-aesCtr-512: task azure-aesCtr-512 failed after 7 retries: <nil>
[2025-12-01T11:35:45Z] [[31merror[0m] [task_execution] Error executing task azure-aesCtr-512: task azure-aesCtr-512 failed after 7 retries: <nil>
[2025-12-01T11:35:45Z] [[31merror[0m] [task_execution] Error executing task azure-aesCtr-512: task azure-aesCtr-512 failed after 7 retries: <nil>
[2025-12-01T11:35:45Z] [[31merror[0m] [task_execution] Error executing task azure-aesCtr-512: task azure-aesCtr-512 failed after 7 retries: <nil>
[2025-12-01T11:35:45Z] [[31merror[0m] [task_execution] Error executing task azure-aesCtr-512: task azure-aesCtr-512 failed after 7 retries: <nil>
[2025-12-01T11:35:45Z] [[31merror[0m] [task_execution] Error executing task azure-aesCtr-512: task azure-aesCtr-512 failed after 7 retries: <nil>
[2025-12-01T11:35:45Z] [[31merror[0m] [task_execution] Error executing task azure-aesCtr-512: task azure-aesCtr-512 failed after 7 retries: <nil>
[2025-12-01T11:35:45Z] [[31merror[0m] [task_execution] Error executing task azure-aesCtr-512: task azure-aesCtr-512 failed after 7 retries: <nil>
[2025-12-01T11:35:45Z] [[31merror[0m] [task_execution] Error executing task azure-aesCtr-512: task azure-aesCtr-512 failed after 7 retries: <nil>
[2025-12-01T11:35:45Z] [[31merror[0m] [task_execution] Error executing task azure-aesCtr-512: task azure-aesCtr-512 failed after 7 retries: <nil>
[2025-12-01T11:35:45Z] [[31merror[0m] [task_execution] Error executing task azure-aesCtr-512: task azure-aesCtr-512 failed after 7 retries: <nil>
[2025-12-01T11:35:45Z] [[31merror[0m] [task_execution] Error executing task azure-aesCtr-512: task azure-aesCtr-512 failed after 7 retries: <nil>
[2025-12-01T11:35:45Z] [[31merror[0m] [task_execution] Error executing task azure-aesCtr-512: task azure-aesCtr-512 failed after 7 retries: <nil>
[2025-12-01T11:35:45Z] [[31merror[0m] [task_execution] Error executing task azure-aesCtr-512: task azure-aesCtr-512 failed after 7 retries: <nil>
[2025-12-01T11:35:46Z] [[31merror[0m] [task_execution] Error executing task azure-aesCtr-512: task azure-aesCtr-512 failed after 7 retries: <nil>
[2025-12-01T11:35:46Z] [[31merror[0m] [task_execution] Error executing task azure-aesCtr-512: task azure-aesCtr-512 failed after 7 retries: <nil>
[2025-12-01T11:35:46Z] [[31merror[0m] [task_execution] Error executing task azure-aesCtr-512: task azure-aesCtr-512 failed after 7 retries: <nil>
[2025-12-01T11:35:46Z] [[31merror[0m] [task_execution] Error executing task azure-aesCtr-512: task azure-aesCtr-512 failed after 7 retries: <nil>
[2025-12-01T11:35:46Z] [[31merror[0m] [task_execution] Error executing task azure-aesCtr-512: task azure-aesCtr-512 failed after 7 retries: <nil>
[2025-12-01T11:35:46Z] [[31merror[0m] [task_execution] Error executing task azure-aesCtr-512: task azure-aesCtr-512 failed after 7 retries: <nil>
[2025-12-01T11:35:46Z] [[31merror[0m] [task_execution] Error executing task azure-aesCtr-512: task azure-aesCtr-512 failed after 7 retries: <nil>
[2025-12-01T11:35:46Z] [[31merror[0m] [task_execution] Error executing task azure-aesCtr-512: task azure-aesCtr-512 failed after 7 retries: <nil>
[2025-12-01T11:35:46Z] [[31merror[0m] [task_execution] Error executing task azure-aesCtr-512: task azure-aesCtr-512 failed after 7 retries: <nil>
[2025-12-01T11:35:46Z] [[31merror[0m] [task_execution] Error executing task azure-aesCtr-512: task azure-aesCtr-512 failed after 7 retries: <nil>
[2025-12-01T11:35:46Z] [[31merror[0m] [task_execution] Error executing task azure-aesCtr-512: task azure-aesCtr-512 failed after 7 retries: <nil>
[2025-12-01T11:35:46Z] [[31merror[0m] [task_execution] Error executing task azure-aesCtr-512: task azure-aesCtr-512 failed after 7 retries: <nil>
[2025-12-01T11:35:46Z] [[31merror[0m] [task_execution] Error executing task azure-aesCtr-512: task azure-aesCtr-512 failed after 7 retries: <nil>
[2025-12-01T11:35:46Z] [[31merror[0m] [task_execution] Error executing task azure-aesCtr-512: task azure-aesCtr-512 failed after 7 retries: <nil>
[2025-12-01T11:35:46Z] [[31merror[0m] [task_execution] Error executing task azure-aesCtr-512: task azure-aesCtr-512 failed after 7 retries: <nil>
[2025-12-01T11:35:46Z] [[31merror[0m] [task_execution] Error executing task azure-aesCtr-512: task azure-aesCtr-512 failed after 7 retries: <nil>
[2025-12-01T11:35:46Z] [[31merror[0m] [task_execution] Error executing task azure-aesCtr-512: task azure-aesCtr-512 failed after 7 retries: <nil>
[2025-12-01T11:35:46Z] [[31merror[0m] [task_execution] Error executing task azure-aesCtr-512: task azure-aesCtr-512 failed after 7 retries: <nil>
[2025-12-01T11:35:46Z] [[31merror[0m] [task_execution] Error executing task azure-aesCtr-512: task azure-aesCtr-512 failed after 7 retries: <nil>
[2025-12-01T11:35:46Z] [[31merror[0m] [task_execution] Error executing task azure-aesCtr-512: task azure-aesCtr-512 failed after 7 retries: <nil>
[2025-12-01T11:35:46Z] [[31merror[0m] [task_execution] Error executing task azure-aesCtr-512: task azure-aesCtr-512 failed after 7 retries: <nil>
[2025-12-01T11:35:46Z] [[31merror[0m] [task_execution] Error executing task azure-aesCtr-512: task azure-aesCtr-512 failed after 7 retries: <nil>
[2025-12-01T11:35:46Z] [[31merror[0m] [task_execution] Error executing task azure-aesCtr-512: task azure-aesCtr-512 failed after 7 retries: <nil>
[2025-12-01T11:35:46Z] [[31merror[0m] [task_execution] Error executing task azure-aesCtr-512: task azure-aesCtr-512 failed after 7 retries: <nil>
[2025-12-01T11:35:46Z] [[31merror[0m] [task_execution] Error executing task azure-aesCtr-512: task azure-aesCtr-512 failed after 7 retries: <nil>
[2025-12-01T11:35:46Z] [[31merror[0m] [task_execution] Error executing task azure-aesCtr-512: task azure-aesCtr-512 failed after 7 retries: <nil>
[2025-12-01T11:35:46Z] [[31merror[0m] [task_execution] Error executing task azure-aesCtr-512: task azure-aesCtr-512 failed after 7 retries: <nil>
[2025-12-01T11:35:46Z] [[31merror[0m] [task_execution] Error executing task azure-aesCtr-512: task azure-aesCtr-512 failed after 7 retries: <nil>
[2025-12-01T11:35:46Z] [[31merror[0m] [task_execution] Error executing task azure-aesCtr-512: task azure-aesCtr-512 failed after 7 retries: <nil>
[2025-12-01T11:35:46Z] [[31merror[0m] [task_execution] Error executing task azure-aesCtr-512: task azure-aesCtr-512 failed after 7 retries: <nil>
[2025-12-01T11:35:46Z] [[31merror[0m] [task_execution] Error executing task azure-aesCtr-512: task azure-aesCtr-512 failed after 7 retries: <nil>
[2025-12-01T11:35:46Z] [[31merror[0m] [task_execution] Error executing task azure-aesCtr-512: task azure-aesCtr-512 failed after 7 retries: <nil>
[2025-12-01T11:35:47Z] [[31merror[0m] [task_execution] Error executing task azure-aesCtr-512: task azure-aesCtr-512 failed after 7 retries: <nil>
[2025-12-01T11:35:47Z] [[31merror[0m] [task_execution] Error executing task azure-aesCtr-512: task azure-aesCtr-512 failed after 7 retries: <nil>
[2025-12-01T11:35:47Z] [[31merror[0m] [task_execution] Error executing task azure-aesCtr-512: task azure-aesCtr-512 failed after 7 retries: <nil>
[2025-12-01T11:35:47Z] [[31merror[0m] [task_execution] Error executing task azure-aesCtr-512: task azure-aesCtr-512 failed after 7 retries: <nil>
[2025-12-01T11:35:47Z] [[31merror[0m] [task_execution] Error executing task azure-aesCtr-512: task azure-aesCtr-512 failed after 7 retries: <nil>
[2025-12-01T11:35:47Z] [[31merror[0m] [task_execution] Error executing task azure-aesCtr-512: task azure-aesCtr-512 failed after 7 retries: <nil>
[2025-12-01T11:35:47Z] [[31merror[0m] [task_execution] Error executing task azure-aesCtr-512: task azure-aesCtr-512 failed after 7 retries: <nil>
[2025-12-01T11:35:47Z] [[31merror[0m] [task_execution] Error executing task azure-aesCtr-512: task azure-aesCtr-512 failed after 7 retries: <nil>
[2025-12-01T11:35:47Z] [[31merror[0m] [task_execution] Error executing task azure-aesCtr-512: task azure-aesCtr-512 failed after 7 retries: <nil>
[2025-12-01T11:35:47Z] [[31merror[0m] [task_execution] Error executing task azure-aesCtr-512: task azure-aesCtr-512 failed after 7 retries: <nil>
[2025-12-01T11:35:47Z] [[31merror[0m] [task_execution] Error executing task azure-aesCtr-512: task azure-aesCtr-512 failed after 7 retries: <nil>
[2025-12-01T11:35:47Z] [[31merror[0m] [task_execution] Error executing task azure-aesCtr-512: task azure-aesCtr-512 failed after 7 retries: <nil>
[2025-12-01T11:35:47Z] [[31merror[0m] [task_execution] Error executing task azure-aesCtr-512: task azure-aesCtr-512 failed after 7 retries: <nil>
[2025-12-01T11:35:47Z] [[31merror[0m] [task_execution] Error executing task azure-aesCtr-512: task azure-aesCtr-512 failed after 7 retries: <nil>
[2025-12-01T11:35:47Z] [[31merror[0m] [task_execution] Error executing task azure-aesCtr-512: task azure-aesCtr-512 failed after 7 retries: <nil>
[2025-12-01T11:35:47Z] [[31merror[0m] [task_execution] Error executing task azure-aesCtr-512: task azure-aesCtr-512 failed after 7 retries: <nil>
[2025-12-01T11:35:47Z] [[31merror[0m] [task_execution] Error executing task azure-aesCtr-512: task azure-aesCtr-512 failed after 7 retries: <nil>
[2025-12-01T11:35:47Z] [[31merror[0m] [task_execution] Error executing task azure-aesCtr-512: task azure-aesCtr-512 failed after 7 retries: <nil>
[2025-12-01T11:35:47Z] [[31merror[0m] [task_execution] Error executing task azure-aesCtr-512: task azure-aesCtr-512 failed after 7 retries: <nil>
[2025-12-01T11:35:47Z] [[31merror[0m] [task_execution] Error executing task azure-aesCtr-512: task azure-aesCtr-512 failed after 7 retries: <nil>
[2025-12-01T11:35:47Z] [[31merror[0m] [task_execution] Error executing task azure-aesCtr-512: task azure-aesCtr-512 failed after 7 retries: <nil>
[2025-12-01T11:35:47Z] [[31merror[0m] [task_execution] Error executing task azure-aesCtr-512: task azure-aesCtr-512 failed after 7 retries: <nil>
[2025-12-01T11:35:47Z] [[31merror[0m] [task_execution] Error executing task azure-aesCtr-512: task azure-aesCtr-512 failed after 7 retries: <nil>
[2025-12-01T11:35:47Z] [[31merror[0m] [task_execution] Error executing task azure-aesCtr-512: task azure-aesCtr-512 failed after 7 retries: <nil>
[2025-12-01T11:35:47Z] [[31merror[0m] [task_execution] Error executing task azure-aesCtr-512: task azure-aesCtr-512 failed after 7 retries: <nil>
[2025-12-01T11:35:48Z] [[31merror[0m] [task_execution] Error executing task azure-aesCtr-512: task azure-aesCtr-512 failed after 7 retries: <nil>
[2025-12-01T11:35:48Z] [[31merror[0m] [task_execution] Error executing task azure-aesCtr-512: task azure-aesCtr-512 failed after 7 retries: <nil>
[2025-12-01T11:35:48Z] [[31merror[0m] [task_execution] Error executing task azure-aesCtr-512: task azure-aesCtr-512 failed after 7 retries: <nil>
[2025-12-01T11:35:48Z] [[31merror[0m] [task_execution] Error executing task azure-aesCtr-512: task azure-aesCtr-512 failed after 7 retries: <nil>
[2025-12-01T11:35:48Z] [[31merror[0m] [task_execution] Error executing task azure-aesCtr-512: task azure-aesCtr-512 failed after 7 retries: <nil>
[2025-12-01T11:35:48Z] [[31merror[0m] [task_execution] Error executing task azure-aesCtr-512: task azure-aesCtr-512 failed after 7 retries: <nil>
[2025-12-01T11:35:48Z] [[31merror[0m] [task_execution] Error executing task azure-aesCtr-512: task azure-aesCtr-512 failed after 7 retries: <nil>
[2025-12-01T11:35:48Z] [[31merror[0m] [task_execution] Error executing task azure-aesCtr-512: task azure-aesCtr-512 failed after 7 retries: <nil>
[2025-12-01T11:35:48Z] [[31merror[0m] [task_execution] Error executing task azure-aesCtr-512: task azure-aesCtr-512 failed after 7 retries: <nil>
[2025-12-01T11:35:48Z] [[31merror[0m] [task_execution] Error executing task azure-aesCtr-512: task azure-aesCtr-512 failed after 7 retries: <nil>
[2025-12-01T11:35:48Z] [[31merror[0m] [task_execution] Error executing task azure-aesCtr-512: task azure-aesCtr-512 failed after 7 retries: <nil>
[2025-12-01T11:35:48Z] [[31merror[0m] [task_execution] Error executing task azure-aesCtr-512: task azure-aesCtr-512 failed after 7 retries: <nil>
[2025-12-01T11:35:48Z] [[31merror[0m] [task_execution] Error executing task azure-aesCtr-512: task azure-aesCtr-512 failed after 7 retries: <nil>
[2025-12-01T11:35:48Z] [[31merror[0m] [task_execution] Error executing task azure-aesCtr-512: task azure-aesCtr-512 failed after 7 retries: <nil>
[2025-12-01T11:35:48Z] [[31merror[0m] [task_execution] Error executing task azure-aesCtr-512: task azure-aesCtr-512 failed after 7 retries: <nil>
[2025-12-01T11:35:48Z] [[31merror[0m] [task_execution] Error executing task azure-aesCtr-512: task azure-aesCtr-512 failed after 7 retries: <nil>
[2025-12-01T11:35:48Z] [[31merror[0m] [task_execution] Error executing task azure-aesCtr-512: task azure-aesCtr-512 failed after 7 retries: <nil>
[2025-12-01T11:35:48Z] [[31merror[0m] [task_execution] Error executing task azure-aesCtr-512: task azure-aesCtr-512 failed after 7 retries: <nil>
[2025-12-01T11:35:48Z] [[31merror[0m] [task_execution] Error executing task azure-aesCtr-512: task azure-aesCtr-512 failed after 7 retries: <nil>
[2025-12-01T11:35:49Z] [[31merror[0m] [task_execution] Error executing task azure-aesCtr-512: task azure-aesCtr-512 failed after 7 retries: <nil>
[2025-12-01T11:35:49Z] [[31merror[0m] [task_execution] Error executing task azure-aesCtr-512: task azure-aesCtr-512 failed after 7 retries: <nil>
[2025-12-01T11:35:49Z] [[31merror[0m] [task_execution] Error executing task azure-aesCtr-512: task azure-aesCtr-512 failed after 7 retries: <nil>
[2025-12-01T11:35:49Z] [[31merror[0m] [task_execution] Error executing task azure-aesCtr-512: task azure-aesCtr-512 failed after 7 retries: <nil>
[2025-12-01T11:35:49Z] [[31merror[0m] [task_execution] Error executing task azure-aesCtr-512: task azure-aesCtr-512 failed after 7 retries: <nil>
[2025-12-01T11:35:49Z] [[31merror[0m] [task_execution] Error executing task azure-aesCtr-512: task azure-aesCtr-512 failed after 7 retries: <nil>
[2025-12-01T11:35:49Z] [[31merror[0m] [task_execution] Error executing task azure-aesCtr-512: task azure-aesCtr-512 failed after 7 retries: <nil>
[2025-12-01T11:35:49Z] [[31merror[0m] [task_execution] Error executing task azure-aesCtr-512: task azure-aesCtr-512 failed after 7 retries: <nil>
[2025-12-01T11:35:50Z] [[31merror[0m] [task_execution] Error executing task azure-aesCtr-512: task azure-aesCtr-512 failed after 7 retries: <nil>
[2025-12-01T11:35:50Z] [[31merror[0m] [task_execution] Error executing task azure-aesCtr-512: task azure-aesCtr-512 failed after 7 retries: <nil>
[2025-12-01T11:35:50Z] [[36minfo[0m] [progress_update] aws-us-east-1-aws-aesCtr-512-512-639: 2500/2500 tasks started.alibaba-us-east-1-alibaba-aesCtr-512-512-76: 2500/2500 tasks started.azure-germanywestcentral-azure-aesCtr-512-512-892: 2500/2500 tasks started.gcp-us-east1-gcp-aesCtr-512-512-860: 2500/2500 tasks started.
[2025-12-01T11:35:50Z] [[31merror[0m] [task_execution] Error executing task azure-aesCtr-512: task azure-aesCtr-512 failed after 7 retries: <nil>
[2025-12-01T11:35:50Z] [[31merror[0m] [task_execution] Error executing task azure-aesCtr-512: task azure-aesCtr-512 failed after 7 retries: <nil>
[2025-12-01T11:35:50Z] [[31merror[0m] [task_execution] Error executing task azure-aesCtr-512: task azure-aesCtr-512 failed after 7 retries: <nil>
[2025-12-01T11:35:50Z] [[31merror[0m] [task_execution] Error executing task azure-aesCtr-512: task azure-aesCtr-512 failed after 7 retries: <nil>
[2025-12-01T11:36:00Z] [[36minfo[0m] [progress_update] gcp-us-east1-gcp-aesCtr-512-512-860: 2500/2500 tasks started.aws-us-east-1-aws-aesCtr-512-512-639: 2500/2500 tasks started.alibaba-us-east-1-alibaba-aesCtr-512-512-76: 2500/2500 tasks started.azure-germanywestcentral-azure-aesCtr-512-512-892: 2500/2500 tasks started.
[2025-12-01T11:36:10Z] [[36minfo[0m] [progress_update] aws-us-east-1-aws-aesCtr-512-512-639: 2500/2500 tasks started.alibaba-us-east-1-alibaba-aesCtr-512-512-76: 2500/2500 tasks started.azure-germanywestcentral-azure-aesCtr-512-512-892: 2500/2500 tasks started.gcp-us-east1-gcp-aesCtr-512-512-860: 2500/2500 tasks started.
[2025-12-01T11:36:18Z] [[31merror[0m] [task_execution] Error executing task azure-aesCtr-512: task azure-aesCtr-512 failed after 7 retries: <nil>
[2025-12-01T11:36:19Z] [[31merror[0m] [task_execution] Error executing task azure-aesCtr-512: task azure-aesCtr-512 failed after 7 retries: <nil>
[2025-12-01T11:36:20Z] [[36minfo[0m] [progress_update] gcp-us-east1-gcp-aesCtr-512-512-860: 2500/2500 tasks started.aws-us-east-1-aws-aesCtr-512-512-639: 2500/2500 tasks started.alibaba-us-east-1-alibaba-aesCtr-512-512-76: 2500/2500 tasks started.azure-germanywestcentral-azure-aesCtr-512-512-892: 2500/2500 tasks started.
[2025-12-01T11:36:20Z] [[31merror[0m] [task_execution] Error executing task azure-aesCtr-512: task azure-aesCtr-512 failed after 7 retries: <nil>
[2025-12-01T11:36:22Z] [[31merror[0m] [task_execution] Error executing task azure-aesCtr-512: task azure-aesCtr-512 failed after 7 retries: <nil>
[2025-12-01T11:36:27Z] [[36minfo[0m] [function_finished] Finished benchmarking function azure-aesCtr-512 and closed archiver
[2025-12-01T11:36:29Z] [[36minfo[0m] [finish_timeline] Benchmark Timeline
[Mon Dec  1 11:36:29 UTC 2025] Finished benchmark 'aesctr' successfully
[Mon Dec  1 11:36:29 UTC 2025] Sleeping 600 seconds before next workload...
