[Thu Dec  4 05:45:29 UTC 2025] Starting benchmark 'sha256' with config './configs/sha256.yaml'
Validating functions...
[2025-12-04T05:45:29Z] [[36minfo[0m] [executor_setup] Setting up executor for aws-us-east-1-aws-sha256-512-512-491
[2025-12-04T05:45:29Z] [[36minfo[0m] [executor_setup] Setting up executor for alibaba-us-east-1-alibaba-sha256-512-512-236
[2025-12-04T05:45:29Z] [[36minfo[0m] [executor_setup] Setting up executor for azure-germanywestcentral-azure-sha256-512-512-851
[2025-12-04T05:45:29Z] [[0mwarning[0m] [[32mazure_limitations[0m] Azure can´t handle more than 300 parallel requests. Limiting to 300.
[2025-12-04T05:45:29Z] [[36minfo[0m] [executor_setup] Setting up executor for gcp-us-east1-gcp-sha256-512-512-563
[2025-12-04T05:45:29Z] [[36minfo[0m] [start_timeline] Benchmark Timeline
[2025-12-04T05:45:29Z] [[36minfo[0m] [load_generator_start] (gcp: us-east1) Starting load generator with 300 workers
[2025-12-04T05:45:29Z] [[36minfo[0m] [load_generator_start] (aws: us-east-1) Starting load generator with 500 workers
[2025-12-04T05:45:29Z] [[36minfo[0m] [load_generator_start] (alibaba: us-east-1) Starting load generator with 500 workers
[2025-12-04T05:45:29Z] [[36minfo[0m] [load_generator_start] (azure: germanywestcentral) Starting load generator with 300 workers
[2025-12-04T05:45:39Z] [[36minfo[0m] [progress_update] aws-us-east-1-aws-sha256-512-512-491: 1713/2500 tasks started.alibaba-us-east-1-alibaba-sha256-512-512-236: 1701/2500 tasks started.azure-germanywestcentral-azure-sha256-512-512-851: 617/2500 tasks started.gcp-us-east1-gcp-sha256-512-512-563: 1755/2500 tasks started.
[2025-12-04T05:45:49Z] [[36minfo[0m] [progress_update] aws-us-east-1-aws-sha256-512-512-491: 2500/2500 tasks started.alibaba-us-east-1-alibaba-sha256-512-512-236: 2500/2500 tasks started.azure-germanywestcentral-azure-sha256-512-512-851: 899/2500 tasks started.gcp-us-east1-gcp-sha256-512-512-563: 2500/2500 tasks started.
[2025-12-04T05:45:59Z] [[36minfo[0m] [progress_update] aws-us-east-1-aws-sha256-512-512-491: 2500/2500 tasks started.alibaba-us-east-1-alibaba-sha256-512-512-236: 2500/2500 tasks started.azure-germanywestcentral-azure-sha256-512-512-851: 1561/2500 tasks started.gcp-us-east1-gcp-sha256-512-512-563: 2500/2500 tasks started.
[2025-12-04T05:46:06Z] [[36minfo[0m] [function_finished] Finished benchmarking function gcp-sha256-512 and closed archiver
[2025-12-04T05:46:09Z] [[36minfo[0m] [function_finished] Finished benchmarking function aws-sha256-512 and closed archiver
[2025-12-04T05:46:09Z] [[36minfo[0m] [progress_update] aws-us-east-1-aws-sha256-512-512-491: 2500/2500 tasks started.alibaba-us-east-1-alibaba-sha256-512-512-236: 2500/2500 tasks started.azure-germanywestcentral-azure-sha256-512-512-851: 2185/2500 tasks started.gcp-us-east1-gcp-sha256-512-512-563: 2500/2500 tasks started.
[2025-12-04T05:46:19Z] [[36minfo[0m] [progress_update] aws-us-east-1-aws-sha256-512-512-491: 2500/2500 tasks started.alibaba-us-east-1-alibaba-sha256-512-512-236: 2500/2500 tasks started.azure-germanywestcentral-azure-sha256-512-512-851: 2212/2500 tasks started.gcp-us-east1-gcp-sha256-512-512-563: 2500/2500 tasks started.
[2025-12-04T05:46:29Z] [[36minfo[0m] [progress_update] azure-germanywestcentral-azure-sha256-512-512-851: 2500/2500 tasks started.gcp-us-east1-gcp-sha256-512-512-563: 2500/2500 tasks started.aws-us-east-1-aws-sha256-512-512-491: 2500/2500 tasks started.alibaba-us-east-1-alibaba-sha256-512-512-236: 2500/2500 tasks started.
[2025-12-04T05:46:39Z] [[36minfo[0m] [progress_update] gcp-us-east1-gcp-sha256-512-512-563: 2500/2500 tasks started.aws-us-east-1-aws-sha256-512-512-491: 2500/2500 tasks started.alibaba-us-east-1-alibaba-sha256-512-512-236: 2500/2500 tasks started.azure-germanywestcentral-azure-sha256-512-512-851: 2500/2500 tasks started.
[2025-12-04T05:46:49Z] [[36minfo[0m] [progress_update] aws-us-east-1-aws-sha256-512-512-491: 2500/2500 tasks started.alibaba-us-east-1-alibaba-sha256-512-512-236: 2500/2500 tasks started.azure-germanywestcentral-azure-sha256-512-512-851: 2500/2500 tasks started.gcp-us-east1-gcp-sha256-512-512-563: 2500/2500 tasks started.
[2025-12-04T05:46:59Z] [[36minfo[0m] [progress_update] aws-us-east-1-aws-sha256-512-512-491: 2500/2500 tasks started.alibaba-us-east-1-alibaba-sha256-512-512-236: 2500/2500 tasks started.azure-germanywestcentral-azure-sha256-512-512-851: 2500/2500 tasks started.gcp-us-east1-gcp-sha256-512-512-563: 2500/2500 tasks started.
[2025-12-04T05:47:09Z] [[36minfo[0m] [progress_update] azure-germanywestcentral-azure-sha256-512-512-851: 2500/2500 tasks started.gcp-us-east1-gcp-sha256-512-512-563: 2500/2500 tasks started.aws-us-east-1-aws-sha256-512-512-491: 2500/2500 tasks started.alibaba-us-east-1-alibaba-sha256-512-512-236: 2500/2500 tasks started.
[2025-12-04T05:47:19Z] [[36minfo[0m] [progress_update] aws-us-east-1-aws-sha256-512-512-491: 2500/2500 tasks started.alibaba-us-east-1-alibaba-sha256-512-512-236: 2500/2500 tasks started.azure-germanywestcentral-azure-sha256-512-512-851: 2500/2500 tasks started.gcp-us-east1-gcp-sha256-512-512-563: 2500/2500 tasks started.
[2025-12-04T05:47:29Z] [[36minfo[0m] [progress_update] azure-germanywestcentral-azure-sha256-512-512-851: 2500/2500 tasks started.gcp-us-east1-gcp-sha256-512-512-563: 2500/2500 tasks started.aws-us-east-1-aws-sha256-512-512-491: 2500/2500 tasks started.alibaba-us-east-1-alibaba-sha256-512-512-236: 2500/2500 tasks started.
[2025-12-04T05:47:39Z] [[36minfo[0m] [progress_update] aws-us-east-1-aws-sha256-512-512-491: 2500/2500 tasks started.alibaba-us-east-1-alibaba-sha256-512-512-236: 2500/2500 tasks started.azure-germanywestcentral-azure-sha256-512-512-851: 2500/2500 tasks started.gcp-us-east1-gcp-sha256-512-512-563: 2500/2500 tasks started.
[2025-12-04T05:47:49Z] [[36minfo[0m] [progress_update] alibaba-us-east-1-alibaba-sha256-512-512-236: 2500/2500 tasks started.azure-germanywestcentral-azure-sha256-512-512-851: 2500/2500 tasks started.gcp-us-east1-gcp-sha256-512-512-563: 2500/2500 tasks started.aws-us-east-1-aws-sha256-512-512-491: 2500/2500 tasks started.
[2025-12-04T05:47:57Z] [[36minfo[0m] [function_finished] Finished benchmarking function alibaba-sha256-512 and closed archiver
[2025-12-04T05:47:59Z] [[36minfo[0m] [progress_update] aws-us-east-1-aws-sha256-512-512-491: 2500/2500 tasks started.alibaba-us-east-1-alibaba-sha256-512-512-236: 2500/2500 tasks started.azure-germanywestcentral-azure-sha256-512-512-851: 2500/2500 tasks started.gcp-us-east1-gcp-sha256-512-512-563: 2500/2500 tasks started.
[2025-12-04T05:48:09Z] [[36minfo[0m] [progress_update] aws-us-east-1-aws-sha256-512-512-491: 2500/2500 tasks started.alibaba-us-east-1-alibaba-sha256-512-512-236: 2500/2500 tasks started.azure-germanywestcentral-azure-sha256-512-512-851: 2500/2500 tasks started.gcp-us-east1-gcp-sha256-512-512-563: 2500/2500 tasks started.
[2025-12-04T05:48:19Z] [[36minfo[0m] [progress_update] alibaba-us-east-1-alibaba-sha256-512-512-236: 2500/2500 tasks started.azure-germanywestcentral-azure-sha256-512-512-851: 2500/2500 tasks started.gcp-us-east1-gcp-sha256-512-512-563: 2500/2500 tasks started.aws-us-east-1-aws-sha256-512-512-491: 2500/2500 tasks started.
[2025-12-04T05:48:20Z] [[36minfo[0m] [function_finished] Finished benchmarking function azure-sha256-512 and closed archiver
[2025-12-04T05:48:22Z] [[36minfo[0m] [finish_timeline] Benchmark Timeline
[Thu Dec  4 05:48:22 UTC 2025] Finished benchmark 'sha256' successfully
[Thu Dec  4 05:48:22 UTC 2025] Sleeping 600 seconds before next workload...
