[Sun Dec  7 17:30:18 UTC 2025] Starting benchmark 'gemm' with config './configs/gemm.yaml'
Validating functions...
[2025-12-07T17:30:18Z] [[36minfo[0m] [executor_setup] Setting up executor for aws-us-east-1-aws-gemm-512-512-691
[2025-12-07T17:30:18Z] [[36minfo[0m] [executor_setup] Setting up executor for alibaba-us-east-1-alibaba-gemm-512-512-205
[2025-12-07T17:30:18Z] [[36minfo[0m] [executor_setup] Setting up executor for gcp-us-east1-gcp-gemm-512-512-898
[2025-12-07T17:30:18Z] [[36minfo[0m] [executor_setup] Setting up executor for azure-germanywestcentral-azure-gemm-512-512-562
[2025-12-07T17:30:18Z] [[0mwarning[0m] [[32mazure_limitations[0m] Azure can´t handle more than 300 parallel requests. Limiting to 300.
[2025-12-07T17:30:18Z] [[36minfo[0m] [start_timeline] Benchmark Timeline
[2025-12-07T17:30:18Z] [[36minfo[0m] [load_generator_start] (azure: germanywestcentral) Starting load generator with 300 workers
[2025-12-07T17:30:18Z] [[36minfo[0m] [load_generator_start] (aws: us-east-1) Starting load generator with 500 workers
[2025-12-07T17:30:18Z] [[36minfo[0m] [load_generator_start] (alibaba: us-east-1) Starting load generator with 500 workers
[2025-12-07T17:30:18Z] [[36minfo[0m] [load_generator_start] (gcp: us-east1) Starting load generator with 500 workers
[2025-12-07T17:30:28Z] [[36minfo[0m] [progress_update] aws-us-east-1-aws-gemm-512-512-691: 1487/2500 tasks started.alibaba-us-east-1-alibaba-gemm-512-512-205: 1336/2500 tasks started.gcp-us-east1-gcp-gemm-512-512-898: 1887/2500 tasks started.azure-germanywestcentral-azure-gemm-512-512-562: 662/2500 tasks started.
[2025-12-07T17:30:38Z] [[36minfo[0m] [progress_update] aws-us-east-1-aws-gemm-512-512-691: 2500/2500 tasks started.alibaba-us-east-1-alibaba-gemm-512-512-205: 2466/2500 tasks started.gcp-us-east1-gcp-gemm-512-512-898: 2500/2500 tasks started.azure-germanywestcentral-azure-gemm-512-512-562: 662/2500 tasks started.
[2025-12-07T17:30:47Z] [[36minfo[0m] [function_finished] Finished benchmarking function aws-gemm-512 and closed archiver
[2025-12-07T17:30:48Z] [[36minfo[0m] [progress_update] aws-us-east-1-aws-gemm-512-512-691: 2500/2500 tasks started.alibaba-us-east-1-alibaba-gemm-512-512-205: 2500/2500 tasks started.gcp-us-east1-gcp-gemm-512-512-898: 2500/2500 tasks started.azure-germanywestcentral-azure-gemm-512-512-562: 1379/2500 tasks started.
[2025-12-07T17:30:58Z] [[36minfo[0m] [progress_update] gcp-us-east1-gcp-gemm-512-512-898: 2500/2500 tasks started.azure-germanywestcentral-azure-gemm-512-512-562: 1959/2500 tasks started.aws-us-east-1-aws-gemm-512-512-691: 2500/2500 tasks started.alibaba-us-east-1-alibaba-gemm-512-512-205: 2500/2500 tasks started.
[2025-12-07T17:31:07Z] [[36minfo[0m] [function_finished] Finished benchmarking function gcp-gemm-512 and closed archiver
[2025-12-07T17:31:08Z] [[36minfo[0m] [progress_update] aws-us-east-1-aws-gemm-512-512-691: 2500/2500 tasks started.alibaba-us-east-1-alibaba-gemm-512-512-205: 2500/2500 tasks started.gcp-us-east1-gcp-gemm-512-512-898: 2500/2500 tasks started.azure-germanywestcentral-azure-gemm-512-512-562: 2348/2500 tasks started.
[2025-12-07T17:31:18Z] [[36minfo[0m] [progress_update] aws-us-east-1-aws-gemm-512-512-691: 2500/2500 tasks started.alibaba-us-east-1-alibaba-gemm-512-512-205: 2500/2500 tasks started.gcp-us-east1-gcp-gemm-512-512-898: 2500/2500 tasks started.azure-germanywestcentral-azure-gemm-512-512-562: 2353/2500 tasks started.
[2025-12-07T17:31:28Z] [[36minfo[0m] [progress_update] gcp-us-east1-gcp-gemm-512-512-898: 2500/2500 tasks started.azure-germanywestcentral-azure-gemm-512-512-562: 2426/2500 tasks started.aws-us-east-1-aws-gemm-512-512-691: 2500/2500 tasks started.alibaba-us-east-1-alibaba-gemm-512-512-205: 2500/2500 tasks started.
[2025-12-07T17:31:38Z] [[36minfo[0m] [progress_update] aws-us-east-1-aws-gemm-512-512-691: 2500/2500 tasks started.alibaba-us-east-1-alibaba-gemm-512-512-205: 2500/2500 tasks started.gcp-us-east1-gcp-gemm-512-512-898: 2500/2500 tasks started.azure-germanywestcentral-azure-gemm-512-512-562: 2500/2500 tasks started.
[2025-12-07T17:31:48Z] [[36minfo[0m] [progress_update] aws-us-east-1-aws-gemm-512-512-691: 2500/2500 tasks started.alibaba-us-east-1-alibaba-gemm-512-512-205: 2500/2500 tasks started.gcp-us-east1-gcp-gemm-512-512-898: 2500/2500 tasks started.azure-germanywestcentral-azure-gemm-512-512-562: 2500/2500 tasks started.
[2025-12-07T17:31:58Z] [[36minfo[0m] [progress_update] gcp-us-east1-gcp-gemm-512-512-898: 2500/2500 tasks started.azure-germanywestcentral-azure-gemm-512-512-562: 2500/2500 tasks started.aws-us-east-1-aws-gemm-512-512-691: 2500/2500 tasks started.alibaba-us-east-1-alibaba-gemm-512-512-205: 2500/2500 tasks started.
[2025-12-07T17:32:08Z] [[36minfo[0m] [progress_update] alibaba-us-east-1-alibaba-gemm-512-512-205: 2500/2500 tasks started.gcp-us-east1-gcp-gemm-512-512-898: 2500/2500 tasks started.azure-germanywestcentral-azure-gemm-512-512-562: 2500/2500 tasks started.aws-us-east-1-aws-gemm-512-512-691: 2500/2500 tasks started.
[2025-12-07T17:32:18Z] [[36minfo[0m] [progress_update] azure-germanywestcentral-azure-gemm-512-512-562: 2500/2500 tasks started.aws-us-east-1-aws-gemm-512-512-691: 2500/2500 tasks started.alibaba-us-east-1-alibaba-gemm-512-512-205: 2500/2500 tasks started.gcp-us-east1-gcp-gemm-512-512-898: 2500/2500 tasks started.
[2025-12-07T17:32:28Z] [[36minfo[0m] [progress_update] alibaba-us-east-1-alibaba-gemm-512-512-205: 2500/2500 tasks started.gcp-us-east1-gcp-gemm-512-512-898: 2500/2500 tasks started.azure-germanywestcentral-azure-gemm-512-512-562: 2500/2500 tasks started.aws-us-east-1-aws-gemm-512-512-691: 2500/2500 tasks started.
[2025-12-07T17:32:38Z] [[36minfo[0m] [progress_update] aws-us-east-1-aws-gemm-512-512-691: 2500/2500 tasks started.alibaba-us-east-1-alibaba-gemm-512-512-205: 2500/2500 tasks started.gcp-us-east1-gcp-gemm-512-512-898: 2500/2500 tasks started.azure-germanywestcentral-azure-gemm-512-512-562: 2500/2500 tasks started.
[2025-12-07T17:32:48Z] [[36minfo[0m] [progress_update] aws-us-east-1-aws-gemm-512-512-691: 2500/2500 tasks started.alibaba-us-east-1-alibaba-gemm-512-512-205: 2500/2500 tasks started.gcp-us-east1-gcp-gemm-512-512-898: 2500/2500 tasks started.azure-germanywestcentral-azure-gemm-512-512-562: 2500/2500 tasks started.
[2025-12-07T17:32:58Z] [[36minfo[0m] [progress_update] aws-us-east-1-aws-gemm-512-512-691: 2500/2500 tasks started.alibaba-us-east-1-alibaba-gemm-512-512-205: 2500/2500 tasks started.gcp-us-east1-gcp-gemm-512-512-898: 2500/2500 tasks started.azure-germanywestcentral-azure-gemm-512-512-562: 2500/2500 tasks started.
[2025-12-07T17:33:08Z] [[36minfo[0m] [progress_update] gcp-us-east1-gcp-gemm-512-512-898: 2500/2500 tasks started.azure-germanywestcentral-azure-gemm-512-512-562: 2500/2500 tasks started.aws-us-east-1-aws-gemm-512-512-691: 2500/2500 tasks started.alibaba-us-east-1-alibaba-gemm-512-512-205: 2500/2500 tasks started.
[2025-12-07T17:33:18Z] [[36minfo[0m] [progress_update] azure-germanywestcentral-azure-gemm-512-512-562: 2500/2500 tasks started.aws-us-east-1-aws-gemm-512-512-691: 2500/2500 tasks started.alibaba-us-east-1-alibaba-gemm-512-512-205: 2500/2500 tasks started.gcp-us-east1-gcp-gemm-512-512-898: 2500/2500 tasks started.
[2025-12-07T17:33:28Z] [[36minfo[0m] [progress_update] gcp-us-east1-gcp-gemm-512-512-898: 2500/2500 tasks started.azure-germanywestcentral-azure-gemm-512-512-562: 2500/2500 tasks started.aws-us-east-1-aws-gemm-512-512-691: 2500/2500 tasks started.alibaba-us-east-1-alibaba-gemm-512-512-205: 2500/2500 tasks started.
[2025-12-07T17:33:38Z] [[36minfo[0m] [progress_update] gcp-us-east1-gcp-gemm-512-512-898: 2500/2500 tasks started.azure-germanywestcentral-azure-gemm-512-512-562: 2500/2500 tasks started.aws-us-east-1-aws-gemm-512-512-691: 2500/2500 tasks started.alibaba-us-east-1-alibaba-gemm-512-512-205: 2500/2500 tasks started.
[2025-12-07T17:33:48Z] [[36minfo[0m] [progress_update] aws-us-east-1-aws-gemm-512-512-691: 2500/2500 tasks started.alibaba-us-east-1-alibaba-gemm-512-512-205: 2500/2500 tasks started.gcp-us-east1-gcp-gemm-512-512-898: 2500/2500 tasks started.azure-germanywestcentral-azure-gemm-512-512-562: 2500/2500 tasks started.
[2025-12-07T17:33:58Z] [[36minfo[0m] [progress_update] gcp-us-east1-gcp-gemm-512-512-898: 2500/2500 tasks started.azure-germanywestcentral-azure-gemm-512-512-562: 2500/2500 tasks started.aws-us-east-1-aws-gemm-512-512-691: 2500/2500 tasks started.alibaba-us-east-1-alibaba-gemm-512-512-205: 2500/2500 tasks started.
[2025-12-07T17:34:08Z] [[36minfo[0m] [progress_update] aws-us-east-1-aws-gemm-512-512-691: 2500/2500 tasks started.alibaba-us-east-1-alibaba-gemm-512-512-205: 2500/2500 tasks started.gcp-us-east1-gcp-gemm-512-512-898: 2500/2500 tasks started.azure-germanywestcentral-azure-gemm-512-512-562: 2500/2500 tasks started.
[2025-12-07T17:34:18Z] [[36minfo[0m] [progress_update] aws-us-east-1-aws-gemm-512-512-691: 2500/2500 tasks started.alibaba-us-east-1-alibaba-gemm-512-512-205: 2500/2500 tasks started.gcp-us-east1-gcp-gemm-512-512-898: 2500/2500 tasks started.azure-germanywestcentral-azure-gemm-512-512-562: 2500/2500 tasks started.
[2025-12-07T17:34:28Z] [[36minfo[0m] [progress_update] aws-us-east-1-aws-gemm-512-512-691: 2500/2500 tasks started.alibaba-us-east-1-alibaba-gemm-512-512-205: 2500/2500 tasks started.gcp-us-east1-gcp-gemm-512-512-898: 2500/2500 tasks started.azure-germanywestcentral-azure-gemm-512-512-562: 2500/2500 tasks started.
[2025-12-07T17:34:38Z] [[36minfo[0m] [progress_update] aws-us-east-1-aws-gemm-512-512-691: 2500/2500 tasks started.alibaba-us-east-1-alibaba-gemm-512-512-205: 2500/2500 tasks started.gcp-us-east1-gcp-gemm-512-512-898: 2500/2500 tasks started.azure-germanywestcentral-azure-gemm-512-512-562: 2500/2500 tasks started.
[2025-12-07T17:34:40Z] [[31merror[0m] [task_execution] Error executing task alibaba-gemm-512: task alibaba-gemm-512 failed after 7 retries: <nil>
[2025-12-07T17:34:45Z] [[36minfo[0m] [function_finished] Finished benchmarking function alibaba-gemm-512 and closed archiver
[2025-12-07T17:34:48Z] [[36minfo[0m] [progress_update] aws-us-east-1-aws-gemm-512-512-691: 2500/2500 tasks started.alibaba-us-east-1-alibaba-gemm-512-512-205: 2500/2500 tasks started.gcp-us-east1-gcp-gemm-512-512-898: 2500/2500 tasks started.azure-germanywestcentral-azure-gemm-512-512-562: 2500/2500 tasks started.
[2025-12-07T17:34:58Z] [[36minfo[0m] [progress_update] aws-us-east-1-aws-gemm-512-512-691: 2500/2500 tasks started.alibaba-us-east-1-alibaba-gemm-512-512-205: 2500/2500 tasks started.gcp-us-east1-gcp-gemm-512-512-898: 2500/2500 tasks started.azure-germanywestcentral-azure-gemm-512-512-562: 2500/2500 tasks started.
[2025-12-07T17:35:08Z] [[36minfo[0m] [progress_update] aws-us-east-1-aws-gemm-512-512-691: 2500/2500 tasks started.alibaba-us-east-1-alibaba-gemm-512-512-205: 2500/2500 tasks started.gcp-us-east1-gcp-gemm-512-512-898: 2500/2500 tasks started.azure-germanywestcentral-azure-gemm-512-512-562: 2500/2500 tasks started.
[2025-12-07T17:35:16Z] [[31merror[0m] [task_execution] Error executing task azure-gemm-512: task azure-gemm-512 failed after 7 retries: <nil>
[2025-12-07T17:35:17Z] [[31merror[0m] [task_execution] Error executing task azure-gemm-512: task azure-gemm-512 failed after 7 retries: <nil>
[2025-12-07T17:35:17Z] [[31merror[0m] [task_execution] Error executing task azure-gemm-512: task azure-gemm-512 failed after 7 retries: <nil>
[2025-12-07T17:35:17Z] [[31merror[0m] [task_execution] Error executing task azure-gemm-512: task azure-gemm-512 failed after 7 retries: <nil>
[2025-12-07T17:35:17Z] [[31merror[0m] [task_execution] Error executing task azure-gemm-512: task azure-gemm-512 failed after 7 retries: <nil>
[2025-12-07T17:35:17Z] [[31merror[0m] [task_execution] Error executing task azure-gemm-512: task azure-gemm-512 failed after 7 retries: <nil>
[2025-12-07T17:35:18Z] [[31merror[0m] [task_execution] Error executing task azure-gemm-512: task azure-gemm-512 failed after 7 retries: <nil>
[2025-12-07T17:35:18Z] [[31merror[0m] [task_execution] Error executing task azure-gemm-512: task azure-gemm-512 failed after 7 retries: <nil>
[2025-12-07T17:35:18Z] [[31merror[0m] [task_execution] Error executing task azure-gemm-512: task azure-gemm-512 failed after 7 retries: <nil>
[2025-12-07T17:35:18Z] [[36minfo[0m] [progress_update] aws-us-east-1-aws-gemm-512-512-691: 2500/2500 tasks started.alibaba-us-east-1-alibaba-gemm-512-512-205: 2500/2500 tasks started.gcp-us-east1-gcp-gemm-512-512-898: 2500/2500 tasks started.azure-germanywestcentral-azure-gemm-512-512-562: 2500/2500 tasks started.
[2025-12-07T17:35:18Z] [[31merror[0m] [task_execution] Error executing task azure-gemm-512: task azure-gemm-512 failed after 7 retries: <nil>
[2025-12-07T17:35:19Z] [[31merror[0m] [task_execution] Error executing task azure-gemm-512: task azure-gemm-512 failed after 7 retries: <nil>
[2025-12-07T17:35:19Z] [[31merror[0m] [task_execution] Error executing task azure-gemm-512: task azure-gemm-512 failed after 7 retries: <nil>
[2025-12-07T17:35:19Z] [[31merror[0m] [task_execution] Error executing task azure-gemm-512: task azure-gemm-512 failed after 7 retries: <nil>
[2025-12-07T17:35:19Z] [[31merror[0m] [task_execution] Error executing task azure-gemm-512: task azure-gemm-512 failed after 7 retries: <nil>
[2025-12-07T17:35:19Z] [[31merror[0m] [task_execution] Error executing task azure-gemm-512: task azure-gemm-512 failed after 7 retries: <nil>
[2025-12-07T17:35:28Z] [[36minfo[0m] [progress_update] aws-us-east-1-aws-gemm-512-512-691: 2500/2500 tasks started.alibaba-us-east-1-alibaba-gemm-512-512-205: 2500/2500 tasks started.gcp-us-east1-gcp-gemm-512-512-898: 2500/2500 tasks started.azure-germanywestcentral-azure-gemm-512-512-562: 2500/2500 tasks started.
[2025-12-07T17:35:38Z] [[36minfo[0m] [progress_update] aws-us-east-1-aws-gemm-512-512-691: 2500/2500 tasks started.alibaba-us-east-1-alibaba-gemm-512-512-205: 2500/2500 tasks started.gcp-us-east1-gcp-gemm-512-512-898: 2500/2500 tasks started.azure-germanywestcentral-azure-gemm-512-512-562: 2500/2500 tasks started.
[2025-12-07T17:35:47Z] [[31merror[0m] [task_execution] Error executing task azure-gemm-512: task azure-gemm-512 failed after 7 retries: <nil>
[2025-12-07T17:35:48Z] [[31merror[0m] [task_execution] Error executing task azure-gemm-512: task azure-gemm-512 failed after 7 retries: <nil>
[2025-12-07T17:35:48Z] [[36minfo[0m] [progress_update] aws-us-east-1-aws-gemm-512-512-691: 2500/2500 tasks started.alibaba-us-east-1-alibaba-gemm-512-512-205: 2500/2500 tasks started.gcp-us-east1-gcp-gemm-512-512-898: 2500/2500 tasks started.azure-germanywestcentral-azure-gemm-512-512-562: 2500/2500 tasks started.
[2025-12-07T17:35:51Z] [[31merror[0m] [task_execution] Error executing task azure-gemm-512: task azure-gemm-512 failed after 7 retries: <nil>
[2025-12-07T17:35:56Z] [[36minfo[0m] [function_finished] Finished benchmarking function azure-gemm-512 and closed archiver
[2025-12-07T17:35:58Z] [[36minfo[0m] [finish_timeline] Benchmark Timeline
[Sun Dec  7 17:35:58 UTC 2025] Finished benchmark 'gemm' successfully
[Sun Dec  7 17:35:58 UTC 2025] Sleeping 600 seconds before next workload...
