[Sun Dec  7 11:15:11 UTC 2025] Starting benchmark 'json' with config './configs/json.yaml'
Validating functions...
[2025-12-07T11:15:11Z] [[36minfo[0m] [executor_setup] Setting up executor for aws-us-east-1-aws-json-512-512-649
[2025-12-07T11:15:11Z] [[36minfo[0m] [executor_setup] Setting up executor for alibaba-us-east-1-alibaba-json-512-512-783
[2025-12-07T11:15:11Z] [[36minfo[0m] [executor_setup] Setting up executor for azure-germanywestcentral-azure-json-512-512-936
[2025-12-07T11:15:11Z] [[0mwarning[0m] [[32mazure_limitations[0m] Azure can´t handle more than 300 parallel requests. Limiting to 300.
[2025-12-07T11:15:11Z] [[36minfo[0m] [executor_setup] Setting up executor for gcp-us-east1-gcp-json-512-512-161
[2025-12-07T11:15:11Z] [[36minfo[0m] [start_timeline] Benchmark Timeline
[2025-12-07T11:15:11Z] [[36minfo[0m] [load_generator_start] (gcp: us-east1) Starting load generator with 300 workers
[2025-12-07T11:15:11Z] [[36minfo[0m] [load_generator_start] (aws: us-east-1) Starting load generator with 500 workers
[2025-12-07T11:15:11Z] [[36minfo[0m] [load_generator_start] (alibaba: us-east-1) Starting load generator with 500 workers
[2025-12-07T11:15:11Z] [[36minfo[0m] [load_generator_start] (azure: germanywestcentral) Starting load generator with 300 workers
[2025-12-07T11:15:21Z] [[36minfo[0m] [progress_update] azure-germanywestcentral-azure-json-512-512-936: 687/2500 tasks started.gcp-us-east1-gcp-json-512-512-161: 1113/2500 tasks started.aws-us-east-1-aws-json-512-512-649: 1708/2500 tasks started.alibaba-us-east-1-alibaba-json-512-512-783: 1648/2500 tasks started.
[2025-12-07T11:15:31Z] [[36minfo[0m] [progress_update] aws-us-east-1-aws-json-512-512-649: 2500/2500 tasks started.alibaba-us-east-1-alibaba-json-512-512-783: 2500/2500 tasks started.azure-germanywestcentral-azure-json-512-512-936: 700/2500 tasks started.gcp-us-east1-gcp-json-512-512-161: 2130/2500 tasks started.
[2025-12-07T11:15:37Z] [[36minfo[0m] [function_finished] Finished benchmarking function aws-json-512 and closed archiver
[2025-12-07T11:15:41Z] [[36minfo[0m] [progress_update] alibaba-us-east-1-alibaba-json-512-512-783: 2500/2500 tasks started.azure-germanywestcentral-azure-json-512-512-936: 1432/2500 tasks started.gcp-us-east1-gcp-json-512-512-161: 2500/2500 tasks started.aws-us-east-1-aws-json-512-512-649: 2500/2500 tasks started.
[2025-12-07T11:15:49Z] [[36minfo[0m] [function_finished] Finished benchmarking function gcp-json-512 and closed archiver
[2025-12-07T11:15:51Z] [[36minfo[0m] [progress_update] azure-germanywestcentral-azure-json-512-512-936: 2001/2500 tasks started.gcp-us-east1-gcp-json-512-512-161: 2500/2500 tasks started.aws-us-east-1-aws-json-512-512-649: 2500/2500 tasks started.alibaba-us-east-1-alibaba-json-512-512-783: 2500/2500 tasks started.
[2025-12-07T11:16:01Z] [[36minfo[0m] [progress_update] aws-us-east-1-aws-json-512-512-649: 2500/2500 tasks started.alibaba-us-east-1-alibaba-json-512-512-783: 2500/2500 tasks started.azure-germanywestcentral-azure-json-512-512-936: 2429/2500 tasks started.gcp-us-east1-gcp-json-512-512-161: 2500/2500 tasks started.
[2025-12-07T11:16:11Z] [[36minfo[0m] [progress_update] aws-us-east-1-aws-json-512-512-649: 2500/2500 tasks started.alibaba-us-east-1-alibaba-json-512-512-783: 2500/2500 tasks started.azure-germanywestcentral-azure-json-512-512-936: 2434/2500 tasks started.gcp-us-east1-gcp-json-512-512-161: 2500/2500 tasks started.
[2025-12-07T11:16:21Z] [[36minfo[0m] [progress_update] aws-us-east-1-aws-json-512-512-649: 2500/2500 tasks started.alibaba-us-east-1-alibaba-json-512-512-783: 2500/2500 tasks started.azure-germanywestcentral-azure-json-512-512-936: 2484/2500 tasks started.gcp-us-east1-gcp-json-512-512-161: 2500/2500 tasks started.
[2025-12-07T11:16:31Z] [[36minfo[0m] [progress_update] alibaba-us-east-1-alibaba-json-512-512-783: 2500/2500 tasks started.azure-germanywestcentral-azure-json-512-512-936: 2500/2500 tasks started.gcp-us-east1-gcp-json-512-512-161: 2500/2500 tasks started.aws-us-east-1-aws-json-512-512-649: 2500/2500 tasks started.
[2025-12-07T11:16:41Z] [[36minfo[0m] [progress_update] gcp-us-east1-gcp-json-512-512-161: 2500/2500 tasks started.aws-us-east-1-aws-json-512-512-649: 2500/2500 tasks started.alibaba-us-east-1-alibaba-json-512-512-783: 2500/2500 tasks started.azure-germanywestcentral-azure-json-512-512-936: 2500/2500 tasks started.
[2025-12-07T11:16:51Z] [[36minfo[0m] [progress_update] aws-us-east-1-aws-json-512-512-649: 2500/2500 tasks started.alibaba-us-east-1-alibaba-json-512-512-783: 2500/2500 tasks started.azure-germanywestcentral-azure-json-512-512-936: 2500/2500 tasks started.gcp-us-east1-gcp-json-512-512-161: 2500/2500 tasks started.
[2025-12-07T11:17:01Z] [[36minfo[0m] [progress_update] aws-us-east-1-aws-json-512-512-649: 2500/2500 tasks started.alibaba-us-east-1-alibaba-json-512-512-783: 2500/2500 tasks started.azure-germanywestcentral-azure-json-512-512-936: 2500/2500 tasks started.gcp-us-east1-gcp-json-512-512-161: 2500/2500 tasks started.
[2025-12-07T11:17:11Z] [[36minfo[0m] [progress_update] gcp-us-east1-gcp-json-512-512-161: 2500/2500 tasks started.aws-us-east-1-aws-json-512-512-649: 2500/2500 tasks started.alibaba-us-east-1-alibaba-json-512-512-783: 2500/2500 tasks started.azure-germanywestcentral-azure-json-512-512-936: 2500/2500 tasks started.
[2025-12-07T11:17:21Z] [[36minfo[0m] [progress_update] aws-us-east-1-aws-json-512-512-649: 2500/2500 tasks started.alibaba-us-east-1-alibaba-json-512-512-783: 2500/2500 tasks started.azure-germanywestcentral-azure-json-512-512-936: 2500/2500 tasks started.gcp-us-east1-gcp-json-512-512-161: 2500/2500 tasks started.
[2025-12-07T11:17:31Z] [[36minfo[0m] [progress_update] alibaba-us-east-1-alibaba-json-512-512-783: 2500/2500 tasks started.azure-germanywestcentral-azure-json-512-512-936: 2500/2500 tasks started.gcp-us-east1-gcp-json-512-512-161: 2500/2500 tasks started.aws-us-east-1-aws-json-512-512-649: 2500/2500 tasks started.
[2025-12-07T11:17:31Z] [[36minfo[0m] [function_finished] Finished benchmarking function alibaba-json-512 and closed archiver
[2025-12-07T11:17:41Z] [[36minfo[0m] [progress_update] aws-us-east-1-aws-json-512-512-649: 2500/2500 tasks started.alibaba-us-east-1-alibaba-json-512-512-783: 2500/2500 tasks started.azure-germanywestcentral-azure-json-512-512-936: 2500/2500 tasks started.gcp-us-east1-gcp-json-512-512-161: 2500/2500 tasks started.
[2025-12-07T11:17:51Z] [[36minfo[0m] [progress_update] aws-us-east-1-aws-json-512-512-649: 2500/2500 tasks started.alibaba-us-east-1-alibaba-json-512-512-783: 2500/2500 tasks started.azure-germanywestcentral-azure-json-512-512-936: 2500/2500 tasks started.gcp-us-east1-gcp-json-512-512-161: 2500/2500 tasks started.
[2025-12-07T11:18:01Z] [[36minfo[0m] [progress_update] aws-us-east-1-aws-json-512-512-649: 2500/2500 tasks started.alibaba-us-east-1-alibaba-json-512-512-783: 2500/2500 tasks started.azure-germanywestcentral-azure-json-512-512-936: 2500/2500 tasks started.gcp-us-east1-gcp-json-512-512-161: 2500/2500 tasks started.
[2025-12-07T11:18:11Z] [[36minfo[0m] [progress_update] azure-germanywestcentral-azure-json-512-512-936: 2500/2500 tasks started.gcp-us-east1-gcp-json-512-512-161: 2500/2500 tasks started.aws-us-east-1-aws-json-512-512-649: 2500/2500 tasks started.alibaba-us-east-1-alibaba-json-512-512-783: 2500/2500 tasks started.
[2025-12-07T11:18:21Z] [[36minfo[0m] [progress_update] aws-us-east-1-aws-json-512-512-649: 2500/2500 tasks started.alibaba-us-east-1-alibaba-json-512-512-783: 2500/2500 tasks started.azure-germanywestcentral-azure-json-512-512-936: 2500/2500 tasks started.gcp-us-east1-gcp-json-512-512-161: 2500/2500 tasks started.
[2025-12-07T11:18:31Z] [[36minfo[0m] [progress_update] azure-germanywestcentral-azure-json-512-512-936: 2500/2500 tasks started.gcp-us-east1-gcp-json-512-512-161: 2500/2500 tasks started.aws-us-east-1-aws-json-512-512-649: 2500/2500 tasks started.alibaba-us-east-1-alibaba-json-512-512-783: 2500/2500 tasks started.
[2025-12-07T11:18:41Z] [[36minfo[0m] [progress_update] aws-us-east-1-aws-json-512-512-649: 2500/2500 tasks started.alibaba-us-east-1-alibaba-json-512-512-783: 2500/2500 tasks started.azure-germanywestcentral-azure-json-512-512-936: 2500/2500 tasks started.gcp-us-east1-gcp-json-512-512-161: 2500/2500 tasks started.
[2025-12-07T11:18:51Z] [[36minfo[0m] [progress_update] alibaba-us-east-1-alibaba-json-512-512-783: 2500/2500 tasks started.azure-germanywestcentral-azure-json-512-512-936: 2500/2500 tasks started.gcp-us-east1-gcp-json-512-512-161: 2500/2500 tasks started.aws-us-east-1-aws-json-512-512-649: 2500/2500 tasks started.
[2025-12-07T11:19:01Z] [[36minfo[0m] [progress_update] aws-us-east-1-aws-json-512-512-649: 2500/2500 tasks started.alibaba-us-east-1-alibaba-json-512-512-783: 2500/2500 tasks started.azure-germanywestcentral-azure-json-512-512-936: 2500/2500 tasks started.gcp-us-east1-gcp-json-512-512-161: 2500/2500 tasks started.
[2025-12-07T11:19:11Z] [[36minfo[0m] [progress_update] aws-us-east-1-aws-json-512-512-649: 2500/2500 tasks started.alibaba-us-east-1-alibaba-json-512-512-783: 2500/2500 tasks started.azure-germanywestcentral-azure-json-512-512-936: 2500/2500 tasks started.gcp-us-east1-gcp-json-512-512-161: 2500/2500 tasks started.
[2025-12-07T11:19:21Z] [[36minfo[0m] [progress_update] aws-us-east-1-aws-json-512-512-649: 2500/2500 tasks started.alibaba-us-east-1-alibaba-json-512-512-783: 2500/2500 tasks started.azure-germanywestcentral-azure-json-512-512-936: 2500/2500 tasks started.gcp-us-east1-gcp-json-512-512-161: 2500/2500 tasks started.
[2025-12-07T11:19:31Z] [[36minfo[0m] [progress_update] aws-us-east-1-aws-json-512-512-649: 2500/2500 tasks started.alibaba-us-east-1-alibaba-json-512-512-783: 2500/2500 tasks started.azure-germanywestcentral-azure-json-512-512-936: 2500/2500 tasks started.gcp-us-east1-gcp-json-512-512-161: 2500/2500 tasks started.
[2025-12-07T11:19:41Z] [[36minfo[0m] [progress_update] aws-us-east-1-aws-json-512-512-649: 2500/2500 tasks started.alibaba-us-east-1-alibaba-json-512-512-783: 2500/2500 tasks started.azure-germanywestcentral-azure-json-512-512-936: 2500/2500 tasks started.gcp-us-east1-gcp-json-512-512-161: 2500/2500 tasks started.
[2025-12-07T11:19:51Z] [[36minfo[0m] [progress_update] aws-us-east-1-aws-json-512-512-649: 2500/2500 tasks started.alibaba-us-east-1-alibaba-json-512-512-783: 2500/2500 tasks started.azure-germanywestcentral-azure-json-512-512-936: 2500/2500 tasks started.gcp-us-east1-gcp-json-512-512-161: 2500/2500 tasks started.
[2025-12-07T11:20:01Z] [[36minfo[0m] [progress_update] aws-us-east-1-aws-json-512-512-649: 2500/2500 tasks started.alibaba-us-east-1-alibaba-json-512-512-783: 2500/2500 tasks started.azure-germanywestcentral-azure-json-512-512-936: 2500/2500 tasks started.gcp-us-east1-gcp-json-512-512-161: 2500/2500 tasks started.
[2025-12-07T11:20:09Z] [[31merror[0m] [task_execution] Error executing task azure-json-512: task azure-json-512 failed after 7 retries: <nil>
[2025-12-07T11:20:09Z] [[31merror[0m] [task_execution] Error executing task azure-json-512: task azure-json-512 failed after 7 retries: <nil>
[2025-12-07T11:20:09Z] [[31merror[0m] [task_execution] Error executing task azure-json-512: task azure-json-512 failed after 7 retries: <nil>
[2025-12-07T11:20:09Z] [[31merror[0m] [task_execution] Error executing task azure-json-512: task azure-json-512 failed after 7 retries: <nil>
[2025-12-07T11:20:09Z] [[31merror[0m] [task_execution] Error executing task azure-json-512: task azure-json-512 failed after 7 retries: <nil>
[2025-12-07T11:20:09Z] [[31merror[0m] [task_execution] Error executing task azure-json-512: task azure-json-512 failed after 7 retries: <nil>
[2025-12-07T11:20:09Z] [[31merror[0m] [task_execution] Error executing task azure-json-512: task azure-json-512 failed after 7 retries: <nil>
[2025-12-07T11:20:09Z] [[31merror[0m] [task_execution] Error executing task azure-json-512: task azure-json-512 failed after 7 retries: <nil>
[2025-12-07T11:20:09Z] [[31merror[0m] [task_execution] Error executing task azure-json-512: task azure-json-512 failed after 7 retries: <nil>
[2025-12-07T11:20:09Z] [[31merror[0m] [task_execution] Error executing task azure-json-512: task azure-json-512 failed after 7 retries: <nil>
[2025-12-07T11:20:10Z] [[31merror[0m] [task_execution] Error executing task azure-json-512: task azure-json-512 failed after 7 retries: <nil>
[2025-12-07T11:20:10Z] [[31merror[0m] [task_execution] Error executing task azure-json-512: task azure-json-512 failed after 7 retries: <nil>
[2025-12-07T11:20:10Z] [[31merror[0m] [task_execution] Error executing task azure-json-512: task azure-json-512 failed after 7 retries: <nil>
[2025-12-07T11:20:10Z] [[31merror[0m] [task_execution] Error executing task azure-json-512: task azure-json-512 failed after 7 retries: <nil>
[2025-12-07T11:20:10Z] [[31merror[0m] [task_execution] Error executing task azure-json-512: task azure-json-512 failed after 7 retries: <nil>
[2025-12-07T11:20:10Z] [[31merror[0m] [task_execution] Error executing task azure-json-512: task azure-json-512 failed after 7 retries: <nil>
[2025-12-07T11:20:10Z] [[31merror[0m] [task_execution] Error executing task azure-json-512: task azure-json-512 failed after 7 retries: <nil>
[2025-12-07T11:20:11Z] [[31merror[0m] [task_execution] Error executing task azure-json-512: task azure-json-512 failed after 7 retries: <nil>
[2025-12-07T11:20:11Z] [[31merror[0m] [task_execution] Error executing task azure-json-512: task azure-json-512 failed after 7 retries: <nil>
[2025-12-07T11:20:11Z] [[31merror[0m] [task_execution] Error executing task azure-json-512: task azure-json-512 failed after 7 retries: <nil>
[2025-12-07T11:20:11Z] [[31merror[0m] [task_execution] Error executing task azure-json-512: task azure-json-512 failed after 7 retries: <nil>
[2025-12-07T11:20:11Z] [[31merror[0m] [task_execution] Error executing task azure-json-512: task azure-json-512 failed after 7 retries: <nil>
[2025-12-07T11:20:11Z] [[31merror[0m] [task_execution] Error executing task azure-json-512: task azure-json-512 failed after 7 retries: <nil>
[2025-12-07T11:20:11Z] [[31merror[0m] [task_execution] Error executing task azure-json-512: task azure-json-512 failed after 7 retries: <nil>
[2025-12-07T11:20:11Z] [[31merror[0m] [task_execution] Error executing task azure-json-512: task azure-json-512 failed after 7 retries: <nil>
[2025-12-07T11:20:11Z] [[31merror[0m] [task_execution] Error executing task azure-json-512: task azure-json-512 failed after 7 retries: <nil>
[2025-12-07T11:20:11Z] [[31merror[0m] [task_execution] Error executing task azure-json-512: task azure-json-512 failed after 7 retries: <nil>
[2025-12-07T11:20:11Z] [[36minfo[0m] [progress_update] aws-us-east-1-aws-json-512-512-649: 2500/2500 tasks started.alibaba-us-east-1-alibaba-json-512-512-783: 2500/2500 tasks started.azure-germanywestcentral-azure-json-512-512-936: 2500/2500 tasks started.gcp-us-east1-gcp-json-512-512-161: 2500/2500 tasks started.
[2025-12-07T11:20:11Z] [[31merror[0m] [task_execution] Error executing task azure-json-512: task azure-json-512 failed after 7 retries: <nil>
[2025-12-07T11:20:11Z] [[31merror[0m] [task_execution] Error executing task azure-json-512: task azure-json-512 failed after 7 retries: <nil>
[2025-12-07T11:20:11Z] [[31merror[0m] [task_execution] Error executing task azure-json-512: task azure-json-512 failed after 7 retries: <nil>
[2025-12-07T11:20:11Z] [[31merror[0m] [task_execution] Error executing task azure-json-512: task azure-json-512 failed after 7 retries: <nil>
[2025-12-07T11:20:11Z] [[31merror[0m] [task_execution] Error executing task azure-json-512: task azure-json-512 failed after 7 retries: <nil>
[2025-12-07T11:20:11Z] [[31merror[0m] [task_execution] Error executing task azure-json-512: task azure-json-512 failed after 7 retries: <nil>
[2025-12-07T11:20:12Z] [[31merror[0m] [task_execution] Error executing task azure-json-512: task azure-json-512 failed after 7 retries: <nil>
[2025-12-07T11:20:12Z] [[31merror[0m] [task_execution] Error executing task azure-json-512: task azure-json-512 failed after 7 retries: <nil>
[2025-12-07T11:20:12Z] [[31merror[0m] [task_execution] Error executing task azure-json-512: task azure-json-512 failed after 7 retries: <nil>
[2025-12-07T11:20:12Z] [[31merror[0m] [task_execution] Error executing task azure-json-512: task azure-json-512 failed after 7 retries: <nil>
[2025-12-07T11:20:12Z] [[31merror[0m] [task_execution] Error executing task azure-json-512: task azure-json-512 failed after 7 retries: <nil>
[2025-12-07T11:20:12Z] [[31merror[0m] [task_execution] Error executing task azure-json-512: task azure-json-512 failed after 7 retries: <nil>
[2025-12-07T11:20:12Z] [[31merror[0m] [task_execution] Error executing task azure-json-512: task azure-json-512 failed after 7 retries: <nil>
[2025-12-07T11:20:21Z] [[36minfo[0m] [progress_update] aws-us-east-1-aws-json-512-512-649: 2500/2500 tasks started.alibaba-us-east-1-alibaba-json-512-512-783: 2500/2500 tasks started.azure-germanywestcentral-azure-json-512-512-936: 2500/2500 tasks started.gcp-us-east1-gcp-json-512-512-161: 2500/2500 tasks started.
[2025-12-07T11:20:31Z] [[36minfo[0m] [progress_update] aws-us-east-1-aws-json-512-512-649: 2500/2500 tasks started.alibaba-us-east-1-alibaba-json-512-512-783: 2500/2500 tasks started.azure-germanywestcentral-azure-json-512-512-936: 2500/2500 tasks started.gcp-us-east1-gcp-json-512-512-161: 2500/2500 tasks started.
[2025-12-07T11:20:38Z] [[31merror[0m] [task_execution] Error executing task azure-json-512: task azure-json-512 failed after 7 retries: <nil>
[2025-12-07T11:20:39Z] [[31merror[0m] [task_execution] Error executing task azure-json-512: task azure-json-512 failed after 7 retries: <nil>
[2025-12-07T11:20:41Z] [[36minfo[0m] [progress_update] azure-germanywestcentral-azure-json-512-512-936: 2500/2500 tasks started.gcp-us-east1-gcp-json-512-512-161: 2500/2500 tasks started.aws-us-east-1-aws-json-512-512-649: 2500/2500 tasks started.alibaba-us-east-1-alibaba-json-512-512-783: 2500/2500 tasks started.
[2025-12-07T11:20:44Z] [[36minfo[0m] [function_finished] Finished benchmarking function azure-json-512 and closed archiver
[2025-12-07T11:20:46Z] [[36minfo[0m] [finish_timeline] Benchmark Timeline
[Sun Dec  7 11:20:46 UTC 2025] Finished benchmark 'json' successfully
[Sun Dec  7 11:20:46 UTC 2025] Sleeping 600 seconds before next workload...
