[Thu Dec  4 11:31:35 UTC 2025] Starting benchmark 'gzip' with config './configs/gzip.yaml'
Validating functions...
[2025-12-04T11:31:35Z] [[36minfo[0m] [executor_setup] Setting up executor for aws-us-east-1-aws-gzip-512-512-940
[2025-12-04T11:31:35Z] [[36minfo[0m] [executor_setup] Setting up executor for alibaba-us-east-1-alibaba-gzip-512-512-113
[2025-12-04T11:31:35Z] [[36minfo[0m] [executor_setup] Setting up executor for azure-germanywestcentral-azure-gzip-512-512-178
[2025-12-04T11:31:35Z] [[0mwarning[0m] [[32mazure_limitations[0m] Azure can´t handle more than 300 parallel requests. Limiting to 300.
[2025-12-04T11:31:35Z] [[36minfo[0m] [executor_setup] Setting up executor for gcp-us-east1-gcp-gzip-512-512-214
[2025-12-04T11:31:35Z] [[36minfo[0m] [start_timeline] Benchmark Timeline
[2025-12-04T11:31:35Z] [[36minfo[0m] [load_generator_start] (aws: us-east-1) Starting load generator with 500 workers
[2025-12-04T11:31:35Z] [[36minfo[0m] [load_generator_start] (alibaba: us-east-1) Starting load generator with 500 workers
[2025-12-04T11:31:35Z] [[36minfo[0m] [load_generator_start] (azure: germanywestcentral) Starting load generator with 300 workers
[2025-12-04T11:31:35Z] [[36minfo[0m] [load_generator_start] (gcp: us-east1) Starting load generator with 300 workers
[2025-12-04T11:31:45Z] [[36minfo[0m] [progress_update] aws-us-east-1-aws-gzip-512-512-940: 2097/2500 tasks started.alibaba-us-east-1-alibaba-gzip-512-512-113: 1894/2500 tasks started.azure-germanywestcentral-azure-gzip-512-512-178: 697/2500 tasks started.gcp-us-east1-gcp-gzip-512-512-214: 976/2500 tasks started.
[2025-12-04T11:31:55Z] [[36minfo[0m] [progress_update] aws-us-east-1-aws-gzip-512-512-940: 2500/2500 tasks started.alibaba-us-east-1-alibaba-gzip-512-512-113: 2500/2500 tasks started.azure-germanywestcentral-azure-gzip-512-512-178: 697/2500 tasks started.gcp-us-east1-gcp-gzip-512-512-214: 2030/2500 tasks started.
[2025-12-04T11:31:59Z] [[36minfo[0m] [function_finished] Finished benchmarking function aws-gzip-512 and closed archiver
[2025-12-04T11:32:05Z] [[36minfo[0m] [progress_update] aws-us-east-1-aws-gzip-512-512-940: 2500/2500 tasks started.alibaba-us-east-1-alibaba-gzip-512-512-113: 2500/2500 tasks started.azure-germanywestcentral-azure-gzip-512-512-178: 1354/2500 tasks started.gcp-us-east1-gcp-gzip-512-512-214: 2500/2500 tasks started.
[2025-12-04T11:32:15Z] [[36minfo[0m] [progress_update] aws-us-east-1-aws-gzip-512-512-940: 2500/2500 tasks started.alibaba-us-east-1-alibaba-gzip-512-512-113: 2500/2500 tasks started.azure-germanywestcentral-azure-gzip-512-512-178: 1910/2500 tasks started.gcp-us-east1-gcp-gzip-512-512-214: 2500/2500 tasks started.
[2025-12-04T11:32:19Z] [[36minfo[0m] [function_finished] Finished benchmarking function gcp-gzip-512 and closed archiver
[2025-12-04T11:32:25Z] [[36minfo[0m] [progress_update] aws-us-east-1-aws-gzip-512-512-940: 2500/2500 tasks started.alibaba-us-east-1-alibaba-gzip-512-512-113: 2500/2500 tasks started.azure-germanywestcentral-azure-gzip-512-512-178: 2418/2500 tasks started.gcp-us-east1-gcp-gzip-512-512-214: 2500/2500 tasks started.
[2025-12-04T11:32:35Z] [[36minfo[0m] [progress_update] aws-us-east-1-aws-gzip-512-512-940: 2500/2500 tasks started.alibaba-us-east-1-alibaba-gzip-512-512-113: 2500/2500 tasks started.azure-germanywestcentral-azure-gzip-512-512-178: 2423/2500 tasks started.gcp-us-east1-gcp-gzip-512-512-214: 2500/2500 tasks started.
[2025-12-04T11:32:45Z] [[36minfo[0m] [progress_update] aws-us-east-1-aws-gzip-512-512-940: 2500/2500 tasks started.alibaba-us-east-1-alibaba-gzip-512-512-113: 2500/2500 tasks started.azure-germanywestcentral-azure-gzip-512-512-178: 2500/2500 tasks started.gcp-us-east1-gcp-gzip-512-512-214: 2500/2500 tasks started.
[2025-12-04T11:32:55Z] [[36minfo[0m] [progress_update] aws-us-east-1-aws-gzip-512-512-940: 2500/2500 tasks started.alibaba-us-east-1-alibaba-gzip-512-512-113: 2500/2500 tasks started.azure-germanywestcentral-azure-gzip-512-512-178: 2500/2500 tasks started.gcp-us-east1-gcp-gzip-512-512-214: 2500/2500 tasks started.
[2025-12-04T11:33:05Z] [[36minfo[0m] [progress_update] aws-us-east-1-aws-gzip-512-512-940: 2500/2500 tasks started.alibaba-us-east-1-alibaba-gzip-512-512-113: 2500/2500 tasks started.azure-germanywestcentral-azure-gzip-512-512-178: 2500/2500 tasks started.gcp-us-east1-gcp-gzip-512-512-214: 2500/2500 tasks started.
[2025-12-04T11:33:15Z] [[36minfo[0m] [progress_update] aws-us-east-1-aws-gzip-512-512-940: 2500/2500 tasks started.alibaba-us-east-1-alibaba-gzip-512-512-113: 2500/2500 tasks started.azure-germanywestcentral-azure-gzip-512-512-178: 2500/2500 tasks started.gcp-us-east1-gcp-gzip-512-512-214: 2500/2500 tasks started.
[2025-12-04T11:33:25Z] [[36minfo[0m] [progress_update] gcp-us-east1-gcp-gzip-512-512-214: 2500/2500 tasks started.aws-us-east-1-aws-gzip-512-512-940: 2500/2500 tasks started.alibaba-us-east-1-alibaba-gzip-512-512-113: 2500/2500 tasks started.azure-germanywestcentral-azure-gzip-512-512-178: 2500/2500 tasks started.
[2025-12-04T11:33:35Z] [[36minfo[0m] [progress_update] aws-us-east-1-aws-gzip-512-512-940: 2500/2500 tasks started.alibaba-us-east-1-alibaba-gzip-512-512-113: 2500/2500 tasks started.azure-germanywestcentral-azure-gzip-512-512-178: 2500/2500 tasks started.gcp-us-east1-gcp-gzip-512-512-214: 2500/2500 tasks started.
[2025-12-04T11:33:45Z] [[36minfo[0m] [progress_update] azure-germanywestcentral-azure-gzip-512-512-178: 2500/2500 tasks started.gcp-us-east1-gcp-gzip-512-512-214: 2500/2500 tasks started.aws-us-east-1-aws-gzip-512-512-940: 2500/2500 tasks started.alibaba-us-east-1-alibaba-gzip-512-512-113: 2500/2500 tasks started.
[2025-12-04T11:33:55Z] [[36minfo[0m] [progress_update] aws-us-east-1-aws-gzip-512-512-940: 2500/2500 tasks started.alibaba-us-east-1-alibaba-gzip-512-512-113: 2500/2500 tasks started.azure-germanywestcentral-azure-gzip-512-512-178: 2500/2500 tasks started.gcp-us-east1-gcp-gzip-512-512-214: 2500/2500 tasks started.
[2025-12-04T11:34:05Z] [[36minfo[0m] [progress_update] azure-germanywestcentral-azure-gzip-512-512-178: 2500/2500 tasks started.gcp-us-east1-gcp-gzip-512-512-214: 2500/2500 tasks started.aws-us-east-1-aws-gzip-512-512-940: 2500/2500 tasks started.alibaba-us-east-1-alibaba-gzip-512-512-113: 2500/2500 tasks started.
[2025-12-04T11:34:15Z] [[36minfo[0m] [progress_update] alibaba-us-east-1-alibaba-gzip-512-512-113: 2500/2500 tasks started.azure-germanywestcentral-azure-gzip-512-512-178: 2500/2500 tasks started.gcp-us-east1-gcp-gzip-512-512-214: 2500/2500 tasks started.aws-us-east-1-aws-gzip-512-512-940: 2500/2500 tasks started.
[2025-12-04T11:34:25Z] [[36minfo[0m] [progress_update] alibaba-us-east-1-alibaba-gzip-512-512-113: 2500/2500 tasks started.azure-germanywestcentral-azure-gzip-512-512-178: 2500/2500 tasks started.gcp-us-east1-gcp-gzip-512-512-214: 2500/2500 tasks started.aws-us-east-1-aws-gzip-512-512-940: 2500/2500 tasks started.
[2025-12-04T11:34:35Z] [[36minfo[0m] [progress_update] aws-us-east-1-aws-gzip-512-512-940: 2500/2500 tasks started.alibaba-us-east-1-alibaba-gzip-512-512-113: 2500/2500 tasks started.azure-germanywestcentral-azure-gzip-512-512-178: 2500/2500 tasks started.gcp-us-east1-gcp-gzip-512-512-214: 2500/2500 tasks started.
[2025-12-04T11:34:45Z] [[36minfo[0m] [progress_update] alibaba-us-east-1-alibaba-gzip-512-512-113: 2500/2500 tasks started.azure-germanywestcentral-azure-gzip-512-512-178: 2500/2500 tasks started.gcp-us-east1-gcp-gzip-512-512-214: 2500/2500 tasks started.aws-us-east-1-aws-gzip-512-512-940: 2500/2500 tasks started.
[2025-12-04T11:34:55Z] [[36minfo[0m] [progress_update] aws-us-east-1-aws-gzip-512-512-940: 2500/2500 tasks started.alibaba-us-east-1-alibaba-gzip-512-512-113: 2500/2500 tasks started.azure-germanywestcentral-azure-gzip-512-512-178: 2500/2500 tasks started.gcp-us-east1-gcp-gzip-512-512-214: 2500/2500 tasks started.
[2025-12-04T11:35:05Z] [[36minfo[0m] [progress_update] aws-us-east-1-aws-gzip-512-512-940: 2500/2500 tasks started.alibaba-us-east-1-alibaba-gzip-512-512-113: 2500/2500 tasks started.azure-germanywestcentral-azure-gzip-512-512-178: 2500/2500 tasks started.gcp-us-east1-gcp-gzip-512-512-214: 2500/2500 tasks started.
[2025-12-04T11:35:15Z] [[36minfo[0m] [progress_update] aws-us-east-1-aws-gzip-512-512-940: 2500/2500 tasks started.alibaba-us-east-1-alibaba-gzip-512-512-113: 2500/2500 tasks started.azure-germanywestcentral-azure-gzip-512-512-178: 2500/2500 tasks started.gcp-us-east1-gcp-gzip-512-512-214: 2500/2500 tasks started.
[2025-12-04T11:35:25Z] [[36minfo[0m] [progress_update] gcp-us-east1-gcp-gzip-512-512-214: 2500/2500 tasks started.aws-us-east-1-aws-gzip-512-512-940: 2500/2500 tasks started.alibaba-us-east-1-alibaba-gzip-512-512-113: 2500/2500 tasks started.azure-germanywestcentral-azure-gzip-512-512-178: 2500/2500 tasks started.
[2025-12-04T11:35:35Z] [[36minfo[0m] [progress_update] azure-germanywestcentral-azure-gzip-512-512-178: 2500/2500 tasks started.gcp-us-east1-gcp-gzip-512-512-214: 2500/2500 tasks started.aws-us-east-1-aws-gzip-512-512-940: 2500/2500 tasks started.alibaba-us-east-1-alibaba-gzip-512-512-113: 2500/2500 tasks started.
[2025-12-04T11:35:45Z] [[36minfo[0m] [progress_update] aws-us-east-1-aws-gzip-512-512-940: 2500/2500 tasks started.alibaba-us-east-1-alibaba-gzip-512-512-113: 2500/2500 tasks started.azure-germanywestcentral-azure-gzip-512-512-178: 2500/2500 tasks started.gcp-us-east1-gcp-gzip-512-512-214: 2500/2500 tasks started.
[2025-12-04T11:35:55Z] [[36minfo[0m] [progress_update] aws-us-east-1-aws-gzip-512-512-940: 2500/2500 tasks started.alibaba-us-east-1-alibaba-gzip-512-512-113: 2500/2500 tasks started.azure-germanywestcentral-azure-gzip-512-512-178: 2500/2500 tasks started.gcp-us-east1-gcp-gzip-512-512-214: 2500/2500 tasks started.
[2025-12-04T11:36:05Z] [[36minfo[0m] [progress_update] aws-us-east-1-aws-gzip-512-512-940: 2500/2500 tasks started.alibaba-us-east-1-alibaba-gzip-512-512-113: 2500/2500 tasks started.azure-germanywestcentral-azure-gzip-512-512-178: 2500/2500 tasks started.gcp-us-east1-gcp-gzip-512-512-214: 2500/2500 tasks started.
[2025-12-04T11:36:06Z] [[31merror[0m] [task_execution] Error executing task alibaba-gzip-512: task alibaba-gzip-512 failed after 7 retries: <nil>
[2025-12-04T11:36:11Z] [[36minfo[0m] [function_finished] Finished benchmarking function alibaba-gzip-512 and closed archiver
[2025-12-04T11:36:15Z] [[36minfo[0m] [progress_update] aws-us-east-1-aws-gzip-512-512-940: 2500/2500 tasks started.alibaba-us-east-1-alibaba-gzip-512-512-113: 2500/2500 tasks started.azure-germanywestcentral-azure-gzip-512-512-178: 2500/2500 tasks started.gcp-us-east1-gcp-gzip-512-512-214: 2500/2500 tasks started.
[2025-12-04T11:36:25Z] [[36minfo[0m] [progress_update] gcp-us-east1-gcp-gzip-512-512-214: 2500/2500 tasks started.aws-us-east-1-aws-gzip-512-512-940: 2500/2500 tasks started.alibaba-us-east-1-alibaba-gzip-512-512-113: 2500/2500 tasks started.azure-germanywestcentral-azure-gzip-512-512-178: 2500/2500 tasks started.
[2025-12-04T11:36:35Z] [[36minfo[0m] [progress_update] azure-germanywestcentral-azure-gzip-512-512-178: 2500/2500 tasks started.gcp-us-east1-gcp-gzip-512-512-214: 2500/2500 tasks started.aws-us-east-1-aws-gzip-512-512-940: 2500/2500 tasks started.alibaba-us-east-1-alibaba-gzip-512-512-113: 2500/2500 tasks started.
[2025-12-04T11:36:36Z] [[31merror[0m] [task_execution] Error executing task azure-gzip-512: task azure-gzip-512 failed after 7 retries: <nil>
[2025-12-04T11:36:36Z] [[31merror[0m] [task_execution] Error executing task azure-gzip-512: task azure-gzip-512 failed after 7 retries: <nil>
[2025-12-04T11:36:36Z] [[31merror[0m] [task_execution] Error executing task azure-gzip-512: task azure-gzip-512 failed after 7 retries: <nil>
[2025-12-04T11:36:36Z] [[31merror[0m] [task_execution] Error executing task azure-gzip-512: task azure-gzip-512 failed after 7 retries: <nil>
[2025-12-04T11:36:36Z] [[31merror[0m] [task_execution] Error executing task azure-gzip-512: task azure-gzip-512 failed after 7 retries: <nil>
[2025-12-04T11:36:36Z] [[31merror[0m] [task_execution] Error executing task azure-gzip-512: task azure-gzip-512 failed after 7 retries: <nil>
[2025-12-04T11:36:36Z] [[31merror[0m] [task_execution] Error executing task azure-gzip-512: task azure-gzip-512 failed after 7 retries: <nil>
[2025-12-04T11:36:36Z] [[31merror[0m] [task_execution] Error executing task azure-gzip-512: task azure-gzip-512 failed after 7 retries: <nil>
[2025-12-04T11:36:36Z] [[31merror[0m] [task_execution] Error executing task azure-gzip-512: task azure-gzip-512 failed after 7 retries: <nil>
[2025-12-04T11:36:36Z] [[31merror[0m] [task_execution] Error executing task azure-gzip-512: task azure-gzip-512 failed after 7 retries: <nil>
[2025-12-04T11:36:36Z] [[31merror[0m] [task_execution] Error executing task azure-gzip-512: task azure-gzip-512 failed after 7 retries: <nil>
[2025-12-04T11:36:36Z] [[31merror[0m] [task_execution] Error executing task azure-gzip-512: task azure-gzip-512 failed after 7 retries: <nil>
[2025-12-04T11:36:41Z] [[36minfo[0m] [function_finished] Finished benchmarking function azure-gzip-512 and closed archiver
[2025-12-04T11:36:43Z] [[36minfo[0m] [finish_timeline] Benchmark Timeline
[Thu Dec  4 11:36:43 UTC 2025] Finished benchmark 'gzip' successfully
[Thu Dec  4 11:36:43 UTC 2025] Sleeping 600 seconds before next workload...
