[Wed Dec  3 17:29:12 UTC 2025] Starting benchmark 'aesctr' with config './configs/aesCtr.yaml'
Validating functions...
[2025-12-03T17:29:12Z] [[36minfo[0m] [executor_setup] Setting up executor for aws-us-east-1-aws-aesCtr-512-512-433
[2025-12-03T17:29:12Z] [[36minfo[0m] [executor_setup] Setting up executor for alibaba-us-east-1-alibaba-aesCtr-512-512-890
[2025-12-03T17:29:12Z] [[36minfo[0m] [executor_setup] Setting up executor for azure-germanywestcentral-azure-aesCtr-512-512-599
[2025-12-03T17:29:12Z] [[0mwarning[0m] [[32mazure_limitations[0m] Azure can´t handle more than 300 parallel requests. Limiting to 300.
[2025-12-03T17:29:12Z] [[36minfo[0m] [executor_setup] Setting up executor for gcp-us-east1-gcp-aesCtr-512-512-130
[2025-12-03T17:29:12Z] [[36minfo[0m] [start_timeline] Benchmark Timeline
[2025-12-03T17:29:12Z] [[36minfo[0m] [load_generator_start] (gcp: us-east1) Starting load generator with 300 workers
[2025-12-03T17:29:12Z] [[36minfo[0m] [load_generator_start] (aws: us-east-1) Starting load generator with 500 workers
[2025-12-03T17:29:12Z] [[36minfo[0m] [load_generator_start] (alibaba: us-east-1) Starting load generator with 500 workers
[2025-12-03T17:29:12Z] [[36minfo[0m] [load_generator_start] (azure: germanywestcentral) Starting load generator with 300 workers
[2025-12-03T17:29:22Z] [[36minfo[0m] [progress_update] azure-germanywestcentral-azure-aesCtr-512-512-599: 646/2500 tasks started.gcp-us-east1-gcp-aesCtr-512-512-130: 632/2500 tasks started.aws-us-east-1-aws-aesCtr-512-512-433: 1953/2500 tasks started.alibaba-us-east-1-alibaba-aesCtr-512-512-890: 2500/2500 tasks started.
[2025-12-03T17:29:32Z] [[36minfo[0m] [progress_update] gcp-us-east1-gcp-aesCtr-512-512-130: 1209/2500 tasks started.aws-us-east-1-aws-aesCtr-512-512-433: 2500/2500 tasks started.alibaba-us-east-1-alibaba-aesCtr-512-512-890: 2500/2500 tasks started.azure-germanywestcentral-azure-aesCtr-512-512-599: 668/2500 tasks started.
[2025-12-03T17:29:40Z] [[36minfo[0m] [function_finished] Finished benchmarking function aws-aesCtr-512 and closed archiver
[2025-12-03T17:29:42Z] [[36minfo[0m] [progress_update] aws-us-east-1-aws-aesCtr-512-512-433: 2500/2500 tasks started.alibaba-us-east-1-alibaba-aesCtr-512-512-890: 2500/2500 tasks started.azure-germanywestcentral-azure-aesCtr-512-512-599: 1433/2500 tasks started.gcp-us-east1-gcp-aesCtr-512-512-130: 1776/2500 tasks started.
[2025-12-03T17:29:52Z] [[36minfo[0m] [progress_update] azure-germanywestcentral-azure-aesCtr-512-512-599: 1993/2500 tasks started.gcp-us-east1-gcp-aesCtr-512-512-130: 2328/2500 tasks started.aws-us-east-1-aws-aesCtr-512-512-433: 2500/2500 tasks started.alibaba-us-east-1-alibaba-aesCtr-512-512-890: 2500/2500 tasks started.
[2025-12-03T17:29:57Z] [[36minfo[0m] [function_finished] Finished benchmarking function alibaba-aesCtr-512 and closed archiver
[2025-12-03T17:30:02Z] [[36minfo[0m] [progress_update] azure-germanywestcentral-azure-aesCtr-512-512-599: 2236/2500 tasks started.gcp-us-east1-gcp-aesCtr-512-512-130: 2500/2500 tasks started.aws-us-east-1-aws-aesCtr-512-512-433: 2500/2500 tasks started.alibaba-us-east-1-alibaba-aesCtr-512-512-890: 2500/2500 tasks started.
[2025-12-03T17:30:12Z] [[36minfo[0m] [progress_update] aws-us-east-1-aws-aesCtr-512-512-433: 2500/2500 tasks started.alibaba-us-east-1-alibaba-aesCtr-512-512-890: 2500/2500 tasks started.azure-germanywestcentral-azure-aesCtr-512-512-599: 2241/2500 tasks started.gcp-us-east1-gcp-aesCtr-512-512-130: 2500/2500 tasks started.
[2025-12-03T17:30:13Z] [[36minfo[0m] [function_finished] Finished benchmarking function gcp-aesCtr-512 and closed archiver
[2025-12-03T17:30:22Z] [[36minfo[0m] [progress_update] aws-us-east-1-aws-aesCtr-512-512-433: 2500/2500 tasks started.alibaba-us-east-1-alibaba-aesCtr-512-512-890: 2500/2500 tasks started.azure-germanywestcentral-azure-aesCtr-512-512-599: 2249/2500 tasks started.gcp-us-east1-gcp-aesCtr-512-512-130: 2500/2500 tasks started.
[2025-12-03T17:30:32Z] [[36minfo[0m] [progress_update] aws-us-east-1-aws-aesCtr-512-512-433: 2500/2500 tasks started.alibaba-us-east-1-alibaba-aesCtr-512-512-890: 2500/2500 tasks started.azure-germanywestcentral-azure-aesCtr-512-512-599: 2260/2500 tasks started.gcp-us-east1-gcp-aesCtr-512-512-130: 2500/2500 tasks started.
[2025-12-03T17:30:42Z] [[36minfo[0m] [progress_update] aws-us-east-1-aws-aesCtr-512-512-433: 2500/2500 tasks started.alibaba-us-east-1-alibaba-aesCtr-512-512-890: 2500/2500 tasks started.azure-germanywestcentral-azure-aesCtr-512-512-599: 2266/2500 tasks started.gcp-us-east1-gcp-aesCtr-512-512-130: 2500/2500 tasks started.
[2025-12-03T17:30:52Z] [[36minfo[0m] [progress_update] gcp-us-east1-gcp-aesCtr-512-512-130: 2500/2500 tasks started.aws-us-east-1-aws-aesCtr-512-512-433: 2500/2500 tasks started.alibaba-us-east-1-alibaba-aesCtr-512-512-890: 2500/2500 tasks started.azure-germanywestcentral-azure-aesCtr-512-512-599: 2275/2500 tasks started.
[2025-12-03T17:31:02Z] [[36minfo[0m] [progress_update] alibaba-us-east-1-alibaba-aesCtr-512-512-890: 2500/2500 tasks started.azure-germanywestcentral-azure-aesCtr-512-512-599: 2500/2500 tasks started.gcp-us-east1-gcp-aesCtr-512-512-130: 2500/2500 tasks started.aws-us-east-1-aws-aesCtr-512-512-433: 2500/2500 tasks started.
[2025-12-03T17:31:12Z] [[36minfo[0m] [progress_update] aws-us-east-1-aws-aesCtr-512-512-433: 2500/2500 tasks started.alibaba-us-east-1-alibaba-aesCtr-512-512-890: 2500/2500 tasks started.azure-germanywestcentral-azure-aesCtr-512-512-599: 2500/2500 tasks started.gcp-us-east1-gcp-aesCtr-512-512-130: 2500/2500 tasks started.
[2025-12-03T17:31:22Z] [[36minfo[0m] [progress_update] aws-us-east-1-aws-aesCtr-512-512-433: 2500/2500 tasks started.alibaba-us-east-1-alibaba-aesCtr-512-512-890: 2500/2500 tasks started.azure-germanywestcentral-azure-aesCtr-512-512-599: 2500/2500 tasks started.gcp-us-east1-gcp-aesCtr-512-512-130: 2500/2500 tasks started.
[2025-12-03T17:31:32Z] [[36minfo[0m] [progress_update] azure-germanywestcentral-azure-aesCtr-512-512-599: 2500/2500 tasks started.gcp-us-east1-gcp-aesCtr-512-512-130: 2500/2500 tasks started.aws-us-east-1-aws-aesCtr-512-512-433: 2500/2500 tasks started.alibaba-us-east-1-alibaba-aesCtr-512-512-890: 2500/2500 tasks started.
[2025-12-03T17:31:42Z] [[36minfo[0m] [progress_update] azure-germanywestcentral-azure-aesCtr-512-512-599: 2500/2500 tasks started.gcp-us-east1-gcp-aesCtr-512-512-130: 2500/2500 tasks started.aws-us-east-1-aws-aesCtr-512-512-433: 2500/2500 tasks started.alibaba-us-east-1-alibaba-aesCtr-512-512-890: 2500/2500 tasks started.
[2025-12-03T17:31:52Z] [[36minfo[0m] [progress_update] aws-us-east-1-aws-aesCtr-512-512-433: 2500/2500 tasks started.alibaba-us-east-1-alibaba-aesCtr-512-512-890: 2500/2500 tasks started.azure-germanywestcentral-azure-aesCtr-512-512-599: 2500/2500 tasks started.gcp-us-east1-gcp-aesCtr-512-512-130: 2500/2500 tasks started.
[2025-12-03T17:32:02Z] [[36minfo[0m] [progress_update] alibaba-us-east-1-alibaba-aesCtr-512-512-890: 2500/2500 tasks started.azure-germanywestcentral-azure-aesCtr-512-512-599: 2500/2500 tasks started.gcp-us-east1-gcp-aesCtr-512-512-130: 2500/2500 tasks started.aws-us-east-1-aws-aesCtr-512-512-433: 2500/2500 tasks started.
[2025-12-03T17:32:12Z] [[36minfo[0m] [progress_update] azure-germanywestcentral-azure-aesCtr-512-512-599: 2500/2500 tasks started.gcp-us-east1-gcp-aesCtr-512-512-130: 2500/2500 tasks started.aws-us-east-1-aws-aesCtr-512-512-433: 2500/2500 tasks started.alibaba-us-east-1-alibaba-aesCtr-512-512-890: 2500/2500 tasks started.
[2025-12-03T17:32:22Z] [[36minfo[0m] [progress_update] aws-us-east-1-aws-aesCtr-512-512-433: 2500/2500 tasks started.alibaba-us-east-1-alibaba-aesCtr-512-512-890: 2500/2500 tasks started.azure-germanywestcentral-azure-aesCtr-512-512-599: 2500/2500 tasks started.gcp-us-east1-gcp-aesCtr-512-512-130: 2500/2500 tasks started.
[2025-12-03T17:32:32Z] [[36minfo[0m] [progress_update] alibaba-us-east-1-alibaba-aesCtr-512-512-890: 2500/2500 tasks started.azure-germanywestcentral-azure-aesCtr-512-512-599: 2500/2500 tasks started.gcp-us-east1-gcp-aesCtr-512-512-130: 2500/2500 tasks started.aws-us-east-1-aws-aesCtr-512-512-433: 2500/2500 tasks started.
[2025-12-03T17:32:42Z] [[36minfo[0m] [progress_update] aws-us-east-1-aws-aesCtr-512-512-433: 2500/2500 tasks started.alibaba-us-east-1-alibaba-aesCtr-512-512-890: 2500/2500 tasks started.azure-germanywestcentral-azure-aesCtr-512-512-599: 2500/2500 tasks started.gcp-us-east1-gcp-aesCtr-512-512-130: 2500/2500 tasks started.
[2025-12-03T17:32:52Z] [[36minfo[0m] [progress_update] aws-us-east-1-aws-aesCtr-512-512-433: 2500/2500 tasks started.alibaba-us-east-1-alibaba-aesCtr-512-512-890: 2500/2500 tasks started.azure-germanywestcentral-azure-aesCtr-512-512-599: 2500/2500 tasks started.gcp-us-east1-gcp-aesCtr-512-512-130: 2500/2500 tasks started.
[2025-12-03T17:33:02Z] [[36minfo[0m] [progress_update] aws-us-east-1-aws-aesCtr-512-512-433: 2500/2500 tasks started.alibaba-us-east-1-alibaba-aesCtr-512-512-890: 2500/2500 tasks started.azure-germanywestcentral-azure-aesCtr-512-512-599: 2500/2500 tasks started.gcp-us-east1-gcp-aesCtr-512-512-130: 2500/2500 tasks started.
[2025-12-03T17:33:12Z] [[36minfo[0m] [progress_update] aws-us-east-1-aws-aesCtr-512-512-433: 2500/2500 tasks started.alibaba-us-east-1-alibaba-aesCtr-512-512-890: 2500/2500 tasks started.azure-germanywestcentral-azure-aesCtr-512-512-599: 2500/2500 tasks started.gcp-us-east1-gcp-aesCtr-512-512-130: 2500/2500 tasks started.
[2025-12-03T17:33:22Z] [[36minfo[0m] [progress_update] aws-us-east-1-aws-aesCtr-512-512-433: 2500/2500 tasks started.alibaba-us-east-1-alibaba-aesCtr-512-512-890: 2500/2500 tasks started.azure-germanywestcentral-azure-aesCtr-512-512-599: 2500/2500 tasks started.gcp-us-east1-gcp-aesCtr-512-512-130: 2500/2500 tasks started.
[2025-12-03T17:33:32Z] [[36minfo[0m] [progress_update] azure-germanywestcentral-azure-aesCtr-512-512-599: 2500/2500 tasks started.gcp-us-east1-gcp-aesCtr-512-512-130: 2500/2500 tasks started.aws-us-east-1-aws-aesCtr-512-512-433: 2500/2500 tasks started.alibaba-us-east-1-alibaba-aesCtr-512-512-890: 2500/2500 tasks started.
[2025-12-03T17:33:33Z] [[31merror[0m] [task_execution] Error executing task azure-aesCtr-512: task azure-aesCtr-512 failed after 7 retries: <nil>
[2025-12-03T17:33:33Z] [[31merror[0m] [task_execution] Error executing task azure-aesCtr-512: task azure-aesCtr-512 failed after 7 retries: <nil>
[2025-12-03T17:33:34Z] [[31merror[0m] [task_execution] Error executing task azure-aesCtr-512: task azure-aesCtr-512 failed after 7 retries: <nil>
[2025-12-03T17:33:34Z] [[31merror[0m] [task_execution] Error executing task azure-aesCtr-512: task azure-aesCtr-512 failed after 7 retries: <nil>
[2025-12-03T17:33:34Z] [[31merror[0m] [task_execution] Error executing task azure-aesCtr-512: task azure-aesCtr-512 failed after 7 retries: <nil>
[2025-12-03T17:33:34Z] [[31merror[0m] [task_execution] Error executing task azure-aesCtr-512: task azure-aesCtr-512 failed after 7 retries: <nil>
[2025-12-03T17:33:34Z] [[31merror[0m] [task_execution] Error executing task azure-aesCtr-512: task azure-aesCtr-512 failed after 7 retries: <nil>
[2025-12-03T17:33:34Z] [[31merror[0m] [task_execution] Error executing task azure-aesCtr-512: task azure-aesCtr-512 failed after 7 retries: <nil>
[2025-12-03T17:33:34Z] [[31merror[0m] [task_execution] Error executing task azure-aesCtr-512: task azure-aesCtr-512 failed after 7 retries: <nil>
[2025-12-03T17:33:34Z] [[31merror[0m] [task_execution] Error executing task azure-aesCtr-512: task azure-aesCtr-512 failed after 7 retries: <nil>
[2025-12-03T17:33:42Z] [[36minfo[0m] [progress_update] alibaba-us-east-1-alibaba-aesCtr-512-512-890: 2500/2500 tasks started.azure-germanywestcentral-azure-aesCtr-512-512-599: 2500/2500 tasks started.gcp-us-east1-gcp-aesCtr-512-512-130: 2500/2500 tasks started.aws-us-east-1-aws-aesCtr-512-512-433: 2500/2500 tasks started.
[2025-12-03T17:33:52Z] [[36minfo[0m] [progress_update] aws-us-east-1-aws-aesCtr-512-512-433: 2500/2500 tasks started.alibaba-us-east-1-alibaba-aesCtr-512-512-890: 2500/2500 tasks started.azure-germanywestcentral-azure-aesCtr-512-512-599: 2500/2500 tasks started.gcp-us-east1-gcp-aesCtr-512-512-130: 2500/2500 tasks started.
[2025-12-03T17:34:02Z] [[36minfo[0m] [progress_update] aws-us-east-1-aws-aesCtr-512-512-433: 2500/2500 tasks started.alibaba-us-east-1-alibaba-aesCtr-512-512-890: 2500/2500 tasks started.azure-germanywestcentral-azure-aesCtr-512-512-599: 2500/2500 tasks started.gcp-us-east1-gcp-aesCtr-512-512-130: 2500/2500 tasks started.
[2025-12-03T17:34:07Z] [[31merror[0m] [task_execution] Error executing task azure-aesCtr-512: task azure-aesCtr-512 failed after 7 retries: <nil>
[2025-12-03T17:34:10Z] [[31merror[0m] [task_execution] Error executing task azure-aesCtr-512: task azure-aesCtr-512 failed after 7 retries: <nil>
[2025-12-03T17:34:12Z] [[36minfo[0m] [progress_update] alibaba-us-east-1-alibaba-aesCtr-512-512-890: 2500/2500 tasks started.azure-germanywestcentral-azure-aesCtr-512-512-599: 2500/2500 tasks started.gcp-us-east1-gcp-aesCtr-512-512-130: 2500/2500 tasks started.aws-us-east-1-aws-aesCtr-512-512-433: 2500/2500 tasks started.
[2025-12-03T17:34:22Z] [[36minfo[0m] [progress_update] aws-us-east-1-aws-aesCtr-512-512-433: 2500/2500 tasks started.alibaba-us-east-1-alibaba-aesCtr-512-512-890: 2500/2500 tasks started.azure-germanywestcentral-azure-aesCtr-512-512-599: 2500/2500 tasks started.gcp-us-east1-gcp-aesCtr-512-512-130: 2500/2500 tasks started.
[2025-12-03T17:34:32Z] [[36minfo[0m] [progress_update] aws-us-east-1-aws-aesCtr-512-512-433: 2500/2500 tasks started.alibaba-us-east-1-alibaba-aesCtr-512-512-890: 2500/2500 tasks started.azure-germanywestcentral-azure-aesCtr-512-512-599: 2500/2500 tasks started.gcp-us-east1-gcp-aesCtr-512-512-130: 2500/2500 tasks started.
[2025-12-03T17:34:38Z] [[31merror[0m] [task_execution] Error executing task azure-aesCtr-512: task azure-aesCtr-512 failed after 7 retries: <nil>
[2025-12-03T17:34:39Z] [[31merror[0m] [task_execution] Error executing task azure-aesCtr-512: task azure-aesCtr-512 failed after 7 retries: <nil>
[2025-12-03T17:34:42Z] [[36minfo[0m] [progress_update] alibaba-us-east-1-alibaba-aesCtr-512-512-890: 2500/2500 tasks started.azure-germanywestcentral-azure-aesCtr-512-512-599: 2500/2500 tasks started.gcp-us-east1-gcp-aesCtr-512-512-130: 2500/2500 tasks started.aws-us-east-1-aws-aesCtr-512-512-433: 2500/2500 tasks started.
[2025-12-03T17:34:44Z] [[36minfo[0m] [function_finished] Finished benchmarking function azure-aesCtr-512 and closed archiver
[2025-12-03T17:34:46Z] [[36minfo[0m] [finish_timeline] Benchmark Timeline
[Wed Dec  3 17:34:46 UTC 2025] Finished benchmark 'aesctr' successfully
[Wed Dec  3 17:34:46 UTC 2025] Sleeping 600 seconds before next workload...
