[Sun Dec  7 23:15:40 UTC 2025] Starting benchmark 'gzip' with config './configs/gzip.yaml'
Validating functions...
[2025-12-07T23:15:40Z] [[36minfo[0m] [executor_setup] Setting up executor for aws-us-east-1-aws-gzip-512-512-673
[2025-12-07T23:15:40Z] [[36minfo[0m] [executor_setup] Setting up executor for alibaba-us-east-1-alibaba-gzip-512-512-587
[2025-12-07T23:15:40Z] [[36minfo[0m] [executor_setup] Setting up executor for azure-germanywestcentral-azure-gzip-512-512-321
[2025-12-07T23:15:40Z] [[0mwarning[0m] [[32mazure_limitations[0m] Azure can´t handle more than 300 parallel requests. Limiting to 300.
[2025-12-07T23:15:41Z] [[36minfo[0m] [executor_setup] Setting up executor for gcp-us-east1-gcp-gzip-512-512-687
[2025-12-07T23:15:41Z] [[36minfo[0m] [start_timeline] Benchmark Timeline
[2025-12-07T23:15:41Z] [[36minfo[0m] [load_generator_start] (gcp: us-east1) Starting load generator with 300 workers
[2025-12-07T23:15:41Z] [[36minfo[0m] [load_generator_start] (aws: us-east-1) Starting load generator with 500 workers
[2025-12-07T23:15:41Z] [[36minfo[0m] [load_generator_start] (alibaba: us-east-1) Starting load generator with 500 workers
[2025-12-07T23:15:41Z] [[36minfo[0m] [load_generator_start] (azure: germanywestcentral) Starting load generator with 300 workers
[2025-12-07T23:15:51Z] [[36minfo[0m] [progress_update] aws-us-east-1-aws-gzip-512-512-673: 1926/2500 tasks started.alibaba-us-east-1-alibaba-gzip-512-512-587: 1626/2500 tasks started.azure-germanywestcentral-azure-gzip-512-512-321: 687/2500 tasks started.gcp-us-east1-gcp-gzip-512-512-687: 1162/2500 tasks started.
[2025-12-07T23:16:01Z] [[36minfo[0m] [progress_update] aws-us-east-1-aws-gzip-512-512-673: 2500/2500 tasks started.alibaba-us-east-1-alibaba-gzip-512-512-587: 2500/2500 tasks started.azure-germanywestcentral-azure-gzip-512-512-321: 687/2500 tasks started.gcp-us-east1-gcp-gzip-512-512-687: 2270/2500 tasks started.
[2025-12-07T23:16:07Z] [[36minfo[0m] [function_finished] Finished benchmarking function aws-gzip-512 and closed archiver
[2025-12-07T23:16:11Z] [[36minfo[0m] [progress_update] aws-us-east-1-aws-gzip-512-512-673: 2500/2500 tasks started.alibaba-us-east-1-alibaba-gzip-512-512-587: 2500/2500 tasks started.azure-germanywestcentral-azure-gzip-512-512-321: 1381/2500 tasks started.gcp-us-east1-gcp-gzip-512-512-687: 2500/2500 tasks started.
[2025-12-07T23:16:20Z] [[36minfo[0m] [function_finished] Finished benchmarking function gcp-gzip-512 and closed archiver
[2025-12-07T23:16:21Z] [[36minfo[0m] [progress_update] aws-us-east-1-aws-gzip-512-512-673: 2500/2500 tasks started.alibaba-us-east-1-alibaba-gzip-512-512-587: 2500/2500 tasks started.azure-germanywestcentral-azure-gzip-512-512-321: 1936/2500 tasks started.gcp-us-east1-gcp-gzip-512-512-687: 2500/2500 tasks started.
[2025-12-07T23:16:31Z] [[36minfo[0m] [progress_update] aws-us-east-1-aws-gzip-512-512-673: 2500/2500 tasks started.alibaba-us-east-1-alibaba-gzip-512-512-587: 2500/2500 tasks started.azure-germanywestcentral-azure-gzip-512-512-321: 2381/2500 tasks started.gcp-us-east1-gcp-gzip-512-512-687: 2500/2500 tasks started.
[2025-12-07T23:16:41Z] [[36minfo[0m] [progress_update] aws-us-east-1-aws-gzip-512-512-673: 2500/2500 tasks started.alibaba-us-east-1-alibaba-gzip-512-512-587: 2500/2500 tasks started.azure-germanywestcentral-azure-gzip-512-512-321: 2388/2500 tasks started.gcp-us-east1-gcp-gzip-512-512-687: 2500/2500 tasks started.
[2025-12-07T23:16:51Z] [[36minfo[0m] [progress_update] aws-us-east-1-aws-gzip-512-512-673: 2500/2500 tasks started.alibaba-us-east-1-alibaba-gzip-512-512-587: 2500/2500 tasks started.azure-germanywestcentral-azure-gzip-512-512-321: 2469/2500 tasks started.gcp-us-east1-gcp-gzip-512-512-687: 2500/2500 tasks started.
[2025-12-07T23:17:01Z] [[36minfo[0m] [progress_update] alibaba-us-east-1-alibaba-gzip-512-512-587: 2500/2500 tasks started.azure-germanywestcentral-azure-gzip-512-512-321: 2500/2500 tasks started.gcp-us-east1-gcp-gzip-512-512-687: 2500/2500 tasks started.aws-us-east-1-aws-gzip-512-512-673: 2500/2500 tasks started.
[2025-12-07T23:17:11Z] [[36minfo[0m] [progress_update] aws-us-east-1-aws-gzip-512-512-673: 2500/2500 tasks started.alibaba-us-east-1-alibaba-gzip-512-512-587: 2500/2500 tasks started.azure-germanywestcentral-azure-gzip-512-512-321: 2500/2500 tasks started.gcp-us-east1-gcp-gzip-512-512-687: 2500/2500 tasks started.
[2025-12-07T23:17:21Z] [[36minfo[0m] [progress_update] gcp-us-east1-gcp-gzip-512-512-687: 2500/2500 tasks started.aws-us-east-1-aws-gzip-512-512-673: 2500/2500 tasks started.alibaba-us-east-1-alibaba-gzip-512-512-587: 2500/2500 tasks started.azure-germanywestcentral-azure-gzip-512-512-321: 2500/2500 tasks started.
[2025-12-07T23:17:31Z] [[36minfo[0m] [progress_update] gcp-us-east1-gcp-gzip-512-512-687: 2500/2500 tasks started.aws-us-east-1-aws-gzip-512-512-673: 2500/2500 tasks started.alibaba-us-east-1-alibaba-gzip-512-512-587: 2500/2500 tasks started.azure-germanywestcentral-azure-gzip-512-512-321: 2500/2500 tasks started.
[2025-12-07T23:17:41Z] [[36minfo[0m] [progress_update] aws-us-east-1-aws-gzip-512-512-673: 2500/2500 tasks started.alibaba-us-east-1-alibaba-gzip-512-512-587: 2500/2500 tasks started.azure-germanywestcentral-azure-gzip-512-512-321: 2500/2500 tasks started.gcp-us-east1-gcp-gzip-512-512-687: 2500/2500 tasks started.
[2025-12-07T23:17:51Z] [[36minfo[0m] [progress_update] azure-germanywestcentral-azure-gzip-512-512-321: 2500/2500 tasks started.gcp-us-east1-gcp-gzip-512-512-687: 2500/2500 tasks started.aws-us-east-1-aws-gzip-512-512-673: 2500/2500 tasks started.alibaba-us-east-1-alibaba-gzip-512-512-587: 2500/2500 tasks started.
[2025-12-07T23:18:01Z] [[36minfo[0m] [progress_update] gcp-us-east1-gcp-gzip-512-512-687: 2500/2500 tasks started.aws-us-east-1-aws-gzip-512-512-673: 2500/2500 tasks started.alibaba-us-east-1-alibaba-gzip-512-512-587: 2500/2500 tasks started.azure-germanywestcentral-azure-gzip-512-512-321: 2500/2500 tasks started.
[2025-12-07T23:18:04Z] [[36minfo[0m] [function_finished] Finished benchmarking function alibaba-gzip-512 and closed archiver
[2025-12-07T23:18:11Z] [[36minfo[0m] [progress_update] gcp-us-east1-gcp-gzip-512-512-687: 2500/2500 tasks started.aws-us-east-1-aws-gzip-512-512-673: 2500/2500 tasks started.alibaba-us-east-1-alibaba-gzip-512-512-587: 2500/2500 tasks started.azure-germanywestcentral-azure-gzip-512-512-321: 2500/2500 tasks started.
[2025-12-07T23:18:21Z] [[36minfo[0m] [progress_update] aws-us-east-1-aws-gzip-512-512-673: 2500/2500 tasks started.alibaba-us-east-1-alibaba-gzip-512-512-587: 2500/2500 tasks started.azure-germanywestcentral-azure-gzip-512-512-321: 2500/2500 tasks started.gcp-us-east1-gcp-gzip-512-512-687: 2500/2500 tasks started.
[2025-12-07T23:18:31Z] [[36minfo[0m] [progress_update] aws-us-east-1-aws-gzip-512-512-673: 2500/2500 tasks started.alibaba-us-east-1-alibaba-gzip-512-512-587: 2500/2500 tasks started.azure-germanywestcentral-azure-gzip-512-512-321: 2500/2500 tasks started.gcp-us-east1-gcp-gzip-512-512-687: 2500/2500 tasks started.
[2025-12-07T23:18:41Z] [[36minfo[0m] [progress_update] aws-us-east-1-aws-gzip-512-512-673: 2500/2500 tasks started.alibaba-us-east-1-alibaba-gzip-512-512-587: 2500/2500 tasks started.azure-germanywestcentral-azure-gzip-512-512-321: 2500/2500 tasks started.gcp-us-east1-gcp-gzip-512-512-687: 2500/2500 tasks started.
[2025-12-07T23:18:51Z] [[36minfo[0m] [progress_update] gcp-us-east1-gcp-gzip-512-512-687: 2500/2500 tasks started.aws-us-east-1-aws-gzip-512-512-673: 2500/2500 tasks started.alibaba-us-east-1-alibaba-gzip-512-512-587: 2500/2500 tasks started.azure-germanywestcentral-azure-gzip-512-512-321: 2500/2500 tasks started.
[2025-12-07T23:19:01Z] [[36minfo[0m] [progress_update] aws-us-east-1-aws-gzip-512-512-673: 2500/2500 tasks started.alibaba-us-east-1-alibaba-gzip-512-512-587: 2500/2500 tasks started.azure-germanywestcentral-azure-gzip-512-512-321: 2500/2500 tasks started.gcp-us-east1-gcp-gzip-512-512-687: 2500/2500 tasks started.
[2025-12-07T23:19:11Z] [[36minfo[0m] [progress_update] aws-us-east-1-aws-gzip-512-512-673: 2500/2500 tasks started.alibaba-us-east-1-alibaba-gzip-512-512-587: 2500/2500 tasks started.azure-germanywestcentral-azure-gzip-512-512-321: 2500/2500 tasks started.gcp-us-east1-gcp-gzip-512-512-687: 2500/2500 tasks started.
[2025-12-07T23:19:21Z] [[36minfo[0m] [progress_update] aws-us-east-1-aws-gzip-512-512-673: 2500/2500 tasks started.alibaba-us-east-1-alibaba-gzip-512-512-587: 2500/2500 tasks started.azure-germanywestcentral-azure-gzip-512-512-321: 2500/2500 tasks started.gcp-us-east1-gcp-gzip-512-512-687: 2500/2500 tasks started.
[2025-12-07T23:19:31Z] [[36minfo[0m] [progress_update] azure-germanywestcentral-azure-gzip-512-512-321: 2500/2500 tasks started.gcp-us-east1-gcp-gzip-512-512-687: 2500/2500 tasks started.aws-us-east-1-aws-gzip-512-512-673: 2500/2500 tasks started.alibaba-us-east-1-alibaba-gzip-512-512-587: 2500/2500 tasks started.
[2025-12-07T23:19:41Z] [[36minfo[0m] [progress_update] aws-us-east-1-aws-gzip-512-512-673: 2500/2500 tasks started.alibaba-us-east-1-alibaba-gzip-512-512-587: 2500/2500 tasks started.azure-germanywestcentral-azure-gzip-512-512-321: 2500/2500 tasks started.gcp-us-east1-gcp-gzip-512-512-687: 2500/2500 tasks started.
[2025-12-07T23:19:51Z] [[36minfo[0m] [progress_update] azure-germanywestcentral-azure-gzip-512-512-321: 2500/2500 tasks started.gcp-us-east1-gcp-gzip-512-512-687: 2500/2500 tasks started.aws-us-east-1-aws-gzip-512-512-673: 2500/2500 tasks started.alibaba-us-east-1-alibaba-gzip-512-512-587: 2500/2500 tasks started.
[2025-12-07T23:20:01Z] [[36minfo[0m] [progress_update] aws-us-east-1-aws-gzip-512-512-673: 2500/2500 tasks started.alibaba-us-east-1-alibaba-gzip-512-512-587: 2500/2500 tasks started.azure-germanywestcentral-azure-gzip-512-512-321: 2500/2500 tasks started.gcp-us-east1-gcp-gzip-512-512-687: 2500/2500 tasks started.
[2025-12-07T23:20:11Z] [[36minfo[0m] [progress_update] aws-us-east-1-aws-gzip-512-512-673: 2500/2500 tasks started.alibaba-us-east-1-alibaba-gzip-512-512-587: 2500/2500 tasks started.azure-germanywestcentral-azure-gzip-512-512-321: 2500/2500 tasks started.gcp-us-east1-gcp-gzip-512-512-687: 2500/2500 tasks started.
[2025-12-07T23:20:21Z] [[36minfo[0m] [progress_update] aws-us-east-1-aws-gzip-512-512-673: 2500/2500 tasks started.alibaba-us-east-1-alibaba-gzip-512-512-587: 2500/2500 tasks started.azure-germanywestcentral-azure-gzip-512-512-321: 2500/2500 tasks started.gcp-us-east1-gcp-gzip-512-512-687: 2500/2500 tasks started.
[2025-12-07T23:20:31Z] [[36minfo[0m] [progress_update] aws-us-east-1-aws-gzip-512-512-673: 2500/2500 tasks started.alibaba-us-east-1-alibaba-gzip-512-512-587: 2500/2500 tasks started.azure-germanywestcentral-azure-gzip-512-512-321: 2500/2500 tasks started.gcp-us-east1-gcp-gzip-512-512-687: 2500/2500 tasks started.
[2025-12-07T23:20:39Z] [[31merror[0m] [task_execution] Error executing task azure-gzip-512: task azure-gzip-512 failed after 7 retries: <nil>
[2025-12-07T23:20:39Z] [[31merror[0m] [task_execution] Error executing task azure-gzip-512: task azure-gzip-512 failed after 7 retries: <nil>
[2025-12-07T23:20:39Z] [[31merror[0m] [task_execution] Error executing task azure-gzip-512: task azure-gzip-512 failed after 7 retries: <nil>
[2025-12-07T23:20:39Z] [[31merror[0m] [task_execution] Error executing task azure-gzip-512: task azure-gzip-512 failed after 7 retries: <nil>
[2025-12-07T23:20:39Z] [[31merror[0m] [task_execution] Error executing task azure-gzip-512: task azure-gzip-512 failed after 7 retries: <nil>
[2025-12-07T23:20:39Z] [[31merror[0m] [task_execution] Error executing task azure-gzip-512: task azure-gzip-512 failed after 7 retries: <nil>
[2025-12-07T23:20:39Z] [[31merror[0m] [task_execution] Error executing task azure-gzip-512: task azure-gzip-512 failed after 7 retries: <nil>
[2025-12-07T23:20:39Z] [[31merror[0m] [task_execution] Error executing task azure-gzip-512: task azure-gzip-512 failed after 7 retries: <nil>
[2025-12-07T23:20:39Z] [[31merror[0m] [task_execution] Error executing task azure-gzip-512: task azure-gzip-512 failed after 7 retries: <nil>
[2025-12-07T23:20:39Z] [[31merror[0m] [task_execution] Error executing task azure-gzip-512: task azure-gzip-512 failed after 7 retries: <nil>
[2025-12-07T23:20:39Z] [[31merror[0m] [task_execution] Error executing task azure-gzip-512: task azure-gzip-512 failed after 7 retries: <nil>
[2025-12-07T23:20:39Z] [[31merror[0m] [task_execution] Error executing task azure-gzip-512: task azure-gzip-512 failed after 7 retries: <nil>
[2025-12-07T23:20:39Z] [[31merror[0m] [task_execution] Error executing task azure-gzip-512: task azure-gzip-512 failed after 7 retries: <nil>
[2025-12-07T23:20:39Z] [[31merror[0m] [task_execution] Error executing task azure-gzip-512: task azure-gzip-512 failed after 7 retries: <nil>
[2025-12-07T23:20:39Z] [[31merror[0m] [task_execution] Error executing task azure-gzip-512: task azure-gzip-512 failed after 7 retries: <nil>
[2025-12-07T23:20:39Z] [[31merror[0m] [task_execution] Error executing task azure-gzip-512: task azure-gzip-512 failed after 7 retries: <nil>
[2025-12-07T23:20:39Z] [[31merror[0m] [task_execution] Error executing task azure-gzip-512: task azure-gzip-512 failed after 7 retries: <nil>
[2025-12-07T23:20:39Z] [[31merror[0m] [task_execution] Error executing task azure-gzip-512: task azure-gzip-512 failed after 7 retries: <nil>
[2025-12-07T23:20:39Z] [[31merror[0m] [task_execution] Error executing task azure-gzip-512: task azure-gzip-512 failed after 7 retries: <nil>
[2025-12-07T23:20:39Z] [[31merror[0m] [task_execution] Error executing task azure-gzip-512: task azure-gzip-512 failed after 7 retries: <nil>
[2025-12-07T23:20:40Z] [[31merror[0m] [task_execution] Error executing task azure-gzip-512: task azure-gzip-512 failed after 7 retries: <nil>
[2025-12-07T23:20:41Z] [[36minfo[0m] [progress_update] azure-germanywestcentral-azure-gzip-512-512-321: 2500/2500 tasks started.gcp-us-east1-gcp-gzip-512-512-687: 2500/2500 tasks started.aws-us-east-1-aws-gzip-512-512-673: 2500/2500 tasks started.alibaba-us-east-1-alibaba-gzip-512-512-587: 2500/2500 tasks started.
[2025-12-07T23:20:41Z] [[31merror[0m] [task_execution] Error executing task azure-gzip-512: task azure-gzip-512 failed after 7 retries: <nil>
[2025-12-07T23:20:41Z] [[31merror[0m] [task_execution] Error executing task azure-gzip-512: task azure-gzip-512 failed after 7 retries: <nil>
[2025-12-07T23:20:41Z] [[31merror[0m] [task_execution] Error executing task azure-gzip-512: task azure-gzip-512 failed after 7 retries: <nil>
[2025-12-07T23:20:41Z] [[31merror[0m] [task_execution] Error executing task azure-gzip-512: task azure-gzip-512 failed after 7 retries: <nil>
[2025-12-07T23:20:41Z] [[31merror[0m] [task_execution] Error executing task azure-gzip-512: task azure-gzip-512 failed after 7 retries: <nil>
[2025-12-07T23:20:41Z] [[31merror[0m] [task_execution] Error executing task azure-gzip-512: task azure-gzip-512 failed after 7 retries: <nil>
[2025-12-07T23:20:41Z] [[31merror[0m] [task_execution] Error executing task azure-gzip-512: task azure-gzip-512 failed after 7 retries: <nil>
[2025-12-07T23:20:41Z] [[31merror[0m] [task_execution] Error executing task azure-gzip-512: task azure-gzip-512 failed after 7 retries: <nil>
[2025-12-07T23:20:41Z] [[31merror[0m] [task_execution] Error executing task azure-gzip-512: task azure-gzip-512 failed after 7 retries: <nil>
[2025-12-07T23:20:41Z] [[31merror[0m] [task_execution] Error executing task azure-gzip-512: task azure-gzip-512 failed after 7 retries: <nil>
[2025-12-07T23:20:42Z] [[31merror[0m] [task_execution] Error executing task azure-gzip-512: task azure-gzip-512 failed after 7 retries: <nil>
[2025-12-07T23:20:43Z] [[31merror[0m] [task_execution] Error executing task azure-gzip-512: task azure-gzip-512 failed after 7 retries: <nil>
[2025-12-07T23:20:43Z] [[31merror[0m] [task_execution] Error executing task azure-gzip-512: task azure-gzip-512 failed after 7 retries: <nil>
[2025-12-07T23:20:51Z] [[36minfo[0m] [progress_update] gcp-us-east1-gcp-gzip-512-512-687: 2500/2500 tasks started.aws-us-east-1-aws-gzip-512-512-673: 2500/2500 tasks started.alibaba-us-east-1-alibaba-gzip-512-512-587: 2500/2500 tasks started.azure-germanywestcentral-azure-gzip-512-512-321: 2500/2500 tasks started.
[2025-12-07T23:21:01Z] [[36minfo[0m] [progress_update] aws-us-east-1-aws-gzip-512-512-673: 2500/2500 tasks started.alibaba-us-east-1-alibaba-gzip-512-512-587: 2500/2500 tasks started.azure-germanywestcentral-azure-gzip-512-512-321: 2500/2500 tasks started.gcp-us-east1-gcp-gzip-512-512-687: 2500/2500 tasks started.
[2025-12-07T23:21:11Z] [[36minfo[0m] [progress_update] aws-us-east-1-aws-gzip-512-512-673: 2500/2500 tasks started.alibaba-us-east-1-alibaba-gzip-512-512-587: 2500/2500 tasks started.azure-germanywestcentral-azure-gzip-512-512-321: 2500/2500 tasks started.gcp-us-east1-gcp-gzip-512-512-687: 2500/2500 tasks started.
[2025-12-07T23:21:12Z] [[31merror[0m] [task_execution] Error executing task azure-gzip-512: task azure-gzip-512 failed after 7 retries: <nil>
[2025-12-07T23:21:12Z] [[31merror[0m] [task_execution] Error executing task azure-gzip-512: task azure-gzip-512 failed after 7 retries: <nil>
[2025-12-07T23:21:13Z] [[31merror[0m] [task_execution] Error executing task azure-gzip-512: task azure-gzip-512 failed after 7 retries: <nil>
[2025-12-07T23:21:21Z] [[36minfo[0m] [progress_update] aws-us-east-1-aws-gzip-512-512-673: 2500/2500 tasks started.alibaba-us-east-1-alibaba-gzip-512-512-587: 2500/2500 tasks started.azure-germanywestcentral-azure-gzip-512-512-321: 2500/2500 tasks started.gcp-us-east1-gcp-gzip-512-512-687: 2500/2500 tasks started.
[2025-12-07T23:21:31Z] [[36minfo[0m] [progress_update] aws-us-east-1-aws-gzip-512-512-673: 2500/2500 tasks started.alibaba-us-east-1-alibaba-gzip-512-512-587: 2500/2500 tasks started.azure-germanywestcentral-azure-gzip-512-512-321: 2500/2500 tasks started.gcp-us-east1-gcp-gzip-512-512-687: 2500/2500 tasks started.
[2025-12-07T23:21:41Z] [[36minfo[0m] [progress_update] azure-germanywestcentral-azure-gzip-512-512-321: 2500/2500 tasks started.gcp-us-east1-gcp-gzip-512-512-687: 2500/2500 tasks started.aws-us-east-1-aws-gzip-512-512-673: 2500/2500 tasks started.alibaba-us-east-1-alibaba-gzip-512-512-587: 2500/2500 tasks started.
[2025-12-07T23:21:51Z] [[36minfo[0m] [progress_update] aws-us-east-1-aws-gzip-512-512-673: 2500/2500 tasks started.alibaba-us-east-1-alibaba-gzip-512-512-587: 2500/2500 tasks started.azure-germanywestcentral-azure-gzip-512-512-321: 2500/2500 tasks started.gcp-us-east1-gcp-gzip-512-512-687: 2500/2500 tasks started.
[2025-12-07T23:22:01Z] [[36minfo[0m] [progress_update] aws-us-east-1-aws-gzip-512-512-673: 2500/2500 tasks started.alibaba-us-east-1-alibaba-gzip-512-512-587: 2500/2500 tasks started.azure-germanywestcentral-azure-gzip-512-512-321: 2500/2500 tasks started.gcp-us-east1-gcp-gzip-512-512-687: 2500/2500 tasks started.
[2025-12-07T23:22:11Z] [[36minfo[0m] [progress_update] gcp-us-east1-gcp-gzip-512-512-687: 2500/2500 tasks started.aws-us-east-1-aws-gzip-512-512-673: 2500/2500 tasks started.alibaba-us-east-1-alibaba-gzip-512-512-587: 2500/2500 tasks started.azure-germanywestcentral-azure-gzip-512-512-321: 2500/2500 tasks started.
[2025-12-07T23:22:21Z] [[36minfo[0m] [progress_update] gcp-us-east1-gcp-gzip-512-512-687: 2500/2500 tasks started.aws-us-east-1-aws-gzip-512-512-673: 2500/2500 tasks started.alibaba-us-east-1-alibaba-gzip-512-512-587: 2500/2500 tasks started.azure-germanywestcentral-azure-gzip-512-512-321: 2500/2500 tasks started.
[2025-12-07T23:22:31Z] [[36minfo[0m] [progress_update] gcp-us-east1-gcp-gzip-512-512-687: 2500/2500 tasks started.aws-us-east-1-aws-gzip-512-512-673: 2500/2500 tasks started.alibaba-us-east-1-alibaba-gzip-512-512-587: 2500/2500 tasks started.azure-germanywestcentral-azure-gzip-512-512-321: 2500/2500 tasks started.
[2025-12-07T23:22:40Z] [[31merror[0m] [task_execution] Error executing task azure-gzip-512: task azure-gzip-512 failed after 7 retries: <nil>
[2025-12-07T23:22:41Z] [[36minfo[0m] [progress_update] aws-us-east-1-aws-gzip-512-512-673: 2500/2500 tasks started.alibaba-us-east-1-alibaba-gzip-512-512-587: 2500/2500 tasks started.azure-germanywestcentral-azure-gzip-512-512-321: 2500/2500 tasks started.gcp-us-east1-gcp-gzip-512-512-687: 2500/2500 tasks started.
[2025-12-07T23:22:45Z] [[36minfo[0m] [function_finished] Finished benchmarking function azure-gzip-512 and closed archiver
[2025-12-07T23:22:47Z] [[36minfo[0m] [finish_timeline] Benchmark Timeline
[Sun Dec  7 23:22:47 UTC 2025] Finished benchmark 'gzip' successfully
[Sun Dec  7 23:22:47 UTC 2025] Sleeping 600 seconds before next workload...
