[Sat Dec  6 23:29:18 UTC 2025] Starting benchmark 'sha256' with config './configs/sha256.yaml'
Validating functions...
[2025-12-06T23:29:18Z] [[36minfo[0m] [executor_setup] Setting up executor for aws-us-east-1-aws-sha256-512-512-597
[2025-12-06T23:29:18Z] [[36minfo[0m] [executor_setup] Setting up executor for alibaba-us-east-1-alibaba-sha256-512-512-349
[2025-12-06T23:29:18Z] [[36minfo[0m] [executor_setup] Setting up executor for azure-germanywestcentral-azure-sha256-512-512-613
[2025-12-06T23:29:18Z] [[0mwarning[0m] [[32mazure_limitations[0m] Azure can´t handle more than 300 parallel requests. Limiting to 300.
[2025-12-06T23:29:18Z] [[36minfo[0m] [executor_setup] Setting up executor for gcp-us-east1-gcp-sha256-512-512-556
[2025-12-06T23:29:18Z] [[36minfo[0m] [start_timeline] Benchmark Timeline
[2025-12-06T23:29:18Z] [[36minfo[0m] [load_generator_start] (gcp: us-east1) Starting load generator with 300 workers
[2025-12-06T23:29:18Z] [[36minfo[0m] [load_generator_start] (aws: us-east-1) Starting load generator with 500 workers
[2025-12-06T23:29:18Z] [[36minfo[0m] [load_generator_start] (alibaba: us-east-1) Starting load generator with 500 workers
[2025-12-06T23:29:18Z] [[36minfo[0m] [load_generator_start] (azure: germanywestcentral) Starting load generator with 300 workers
[2025-12-06T23:29:28Z] [[36minfo[0m] [progress_update] aws-us-east-1-aws-sha256-512-512-597: 1774/2500 tasks started.alibaba-us-east-1-alibaba-sha256-512-512-349: 1506/2500 tasks started.azure-germanywestcentral-azure-sha256-512-512-613: 642/2500 tasks started.gcp-us-east1-gcp-sha256-512-512-556: 1541/2500 tasks started.
[2025-12-06T23:29:38Z] [[36minfo[0m] [progress_update] aws-us-east-1-aws-sha256-512-512-597: 2500/2500 tasks started.alibaba-us-east-1-alibaba-sha256-512-512-349: 2500/2500 tasks started.azure-germanywestcentral-azure-sha256-512-512-613: 799/2500 tasks started.gcp-us-east1-gcp-sha256-512-512-556: 2500/2500 tasks started.
[2025-12-06T23:29:44Z] [[36minfo[0m] [function_finished] Finished benchmarking function aws-sha256-512 and closed archiver
[2025-12-06T23:29:48Z] [[36minfo[0m] [progress_update] azure-germanywestcentral-azure-sha256-512-512-613: 1592/2500 tasks started.gcp-us-east1-gcp-sha256-512-512-556: 2500/2500 tasks started.aws-us-east-1-aws-sha256-512-512-597: 2500/2500 tasks started.alibaba-us-east-1-alibaba-sha256-512-512-349: 2500/2500 tasks started.
[2025-12-06T23:29:55Z] [[36minfo[0m] [function_finished] Finished benchmarking function gcp-sha256-512 and closed archiver
[2025-12-06T23:29:58Z] [[36minfo[0m] [progress_update] aws-us-east-1-aws-sha256-512-512-597: 2500/2500 tasks started.alibaba-us-east-1-alibaba-sha256-512-512-349: 2500/2500 tasks started.azure-germanywestcentral-azure-sha256-512-512-613: 2129/2500 tasks started.gcp-us-east1-gcp-sha256-512-512-556: 2500/2500 tasks started.
[2025-12-06T23:30:08Z] [[36minfo[0m] [progress_update] alibaba-us-east-1-alibaba-sha256-512-512-349: 2500/2500 tasks started.azure-germanywestcentral-azure-sha256-512-512-613: 2167/2500 tasks started.gcp-us-east1-gcp-sha256-512-512-556: 2500/2500 tasks started.aws-us-east-1-aws-sha256-512-512-597: 2500/2500 tasks started.
[2025-12-06T23:30:18Z] [[36minfo[0m] [progress_update] aws-us-east-1-aws-sha256-512-512-597: 2500/2500 tasks started.alibaba-us-east-1-alibaba-sha256-512-512-349: 2500/2500 tasks started.azure-germanywestcentral-azure-sha256-512-512-613: 2304/2500 tasks started.gcp-us-east1-gcp-sha256-512-512-556: 2500/2500 tasks started.
[2025-12-06T23:30:28Z] [[36minfo[0m] [progress_update] aws-us-east-1-aws-sha256-512-512-597: 2500/2500 tasks started.alibaba-us-east-1-alibaba-sha256-512-512-349: 2500/2500 tasks started.azure-germanywestcentral-azure-sha256-512-512-613: 2500/2500 tasks started.gcp-us-east1-gcp-sha256-512-512-556: 2500/2500 tasks started.
[2025-12-06T23:30:38Z] [[36minfo[0m] [progress_update] aws-us-east-1-aws-sha256-512-512-597: 2500/2500 tasks started.alibaba-us-east-1-alibaba-sha256-512-512-349: 2500/2500 tasks started.azure-germanywestcentral-azure-sha256-512-512-613: 2500/2500 tasks started.gcp-us-east1-gcp-sha256-512-512-556: 2500/2500 tasks started.
[2025-12-06T23:30:48Z] [[36minfo[0m] [progress_update] aws-us-east-1-aws-sha256-512-512-597: 2500/2500 tasks started.alibaba-us-east-1-alibaba-sha256-512-512-349: 2500/2500 tasks started.azure-germanywestcentral-azure-sha256-512-512-613: 2500/2500 tasks started.gcp-us-east1-gcp-sha256-512-512-556: 2500/2500 tasks started.
[2025-12-06T23:30:50Z] [[36minfo[0m] [function_finished] Finished benchmarking function alibaba-sha256-512 and closed archiver
[2025-12-06T23:30:58Z] [[36minfo[0m] [progress_update] azure-germanywestcentral-azure-sha256-512-512-613: 2500/2500 tasks started.gcp-us-east1-gcp-sha256-512-512-556: 2500/2500 tasks started.aws-us-east-1-aws-sha256-512-512-597: 2500/2500 tasks started.alibaba-us-east-1-alibaba-sha256-512-512-349: 2500/2500 tasks started.
[2025-12-06T23:31:08Z] [[36minfo[0m] [progress_update] aws-us-east-1-aws-sha256-512-512-597: 2500/2500 tasks started.alibaba-us-east-1-alibaba-sha256-512-512-349: 2500/2500 tasks started.azure-germanywestcentral-azure-sha256-512-512-613: 2500/2500 tasks started.gcp-us-east1-gcp-sha256-512-512-556: 2500/2500 tasks started.
[2025-12-06T23:31:18Z] [[36minfo[0m] [progress_update] aws-us-east-1-aws-sha256-512-512-597: 2500/2500 tasks started.alibaba-us-east-1-alibaba-sha256-512-512-349: 2500/2500 tasks started.azure-germanywestcentral-azure-sha256-512-512-613: 2500/2500 tasks started.gcp-us-east1-gcp-sha256-512-512-556: 2500/2500 tasks started.
[2025-12-06T23:31:28Z] [[36minfo[0m] [progress_update] azure-germanywestcentral-azure-sha256-512-512-613: 2500/2500 tasks started.gcp-us-east1-gcp-sha256-512-512-556: 2500/2500 tasks started.aws-us-east-1-aws-sha256-512-512-597: 2500/2500 tasks started.alibaba-us-east-1-alibaba-sha256-512-512-349: 2500/2500 tasks started.
[2025-12-06T23:31:38Z] [[36minfo[0m] [progress_update] gcp-us-east1-gcp-sha256-512-512-556: 2500/2500 tasks started.aws-us-east-1-aws-sha256-512-512-597: 2500/2500 tasks started.alibaba-us-east-1-alibaba-sha256-512-512-349: 2500/2500 tasks started.azure-germanywestcentral-azure-sha256-512-512-613: 2500/2500 tasks started.
[2025-12-06T23:31:48Z] [[36minfo[0m] [progress_update] aws-us-east-1-aws-sha256-512-512-597: 2500/2500 tasks started.alibaba-us-east-1-alibaba-sha256-512-512-349: 2500/2500 tasks started.azure-germanywestcentral-azure-sha256-512-512-613: 2500/2500 tasks started.gcp-us-east1-gcp-sha256-512-512-556: 2500/2500 tasks started.
[2025-12-06T23:31:58Z] [[36minfo[0m] [progress_update] alibaba-us-east-1-alibaba-sha256-512-512-349: 2500/2500 tasks started.azure-germanywestcentral-azure-sha256-512-512-613: 2500/2500 tasks started.gcp-us-east1-gcp-sha256-512-512-556: 2500/2500 tasks started.aws-us-east-1-aws-sha256-512-512-597: 2500/2500 tasks started.
[2025-12-06T23:32:08Z] [[36minfo[0m] [progress_update] aws-us-east-1-aws-sha256-512-512-597: 2500/2500 tasks started.alibaba-us-east-1-alibaba-sha256-512-512-349: 2500/2500 tasks started.azure-germanywestcentral-azure-sha256-512-512-613: 2500/2500 tasks started.gcp-us-east1-gcp-sha256-512-512-556: 2500/2500 tasks started.
[2025-12-06T23:32:18Z] [[36minfo[0m] [progress_update] alibaba-us-east-1-alibaba-sha256-512-512-349: 2500/2500 tasks started.azure-germanywestcentral-azure-sha256-512-512-613: 2500/2500 tasks started.gcp-us-east1-gcp-sha256-512-512-556: 2500/2500 tasks started.aws-us-east-1-aws-sha256-512-512-597: 2500/2500 tasks started.
[2025-12-06T23:32:28Z] [[36minfo[0m] [progress_update] gcp-us-east1-gcp-sha256-512-512-556: 2500/2500 tasks started.aws-us-east-1-aws-sha256-512-512-597: 2500/2500 tasks started.alibaba-us-east-1-alibaba-sha256-512-512-349: 2500/2500 tasks started.azure-germanywestcentral-azure-sha256-512-512-613: 2500/2500 tasks started.
[2025-12-06T23:32:38Z] [[36minfo[0m] [progress_update] aws-us-east-1-aws-sha256-512-512-597: 2500/2500 tasks started.alibaba-us-east-1-alibaba-sha256-512-512-349: 2500/2500 tasks started.azure-germanywestcentral-azure-sha256-512-512-613: 2500/2500 tasks started.gcp-us-east1-gcp-sha256-512-512-556: 2500/2500 tasks started.
[2025-12-06T23:32:48Z] [[36minfo[0m] [progress_update] aws-us-east-1-aws-sha256-512-512-597: 2500/2500 tasks started.alibaba-us-east-1-alibaba-sha256-512-512-349: 2500/2500 tasks started.azure-germanywestcentral-azure-sha256-512-512-613: 2500/2500 tasks started.gcp-us-east1-gcp-sha256-512-512-556: 2500/2500 tasks started.
[2025-12-06T23:32:58Z] [[36minfo[0m] [progress_update] aws-us-east-1-aws-sha256-512-512-597: 2500/2500 tasks started.alibaba-us-east-1-alibaba-sha256-512-512-349: 2500/2500 tasks started.azure-germanywestcentral-azure-sha256-512-512-613: 2500/2500 tasks started.gcp-us-east1-gcp-sha256-512-512-556: 2500/2500 tasks started.
[2025-12-06T23:33:08Z] [[36minfo[0m] [progress_update] alibaba-us-east-1-alibaba-sha256-512-512-349: 2500/2500 tasks started.azure-germanywestcentral-azure-sha256-512-512-613: 2500/2500 tasks started.gcp-us-east1-gcp-sha256-512-512-556: 2500/2500 tasks started.aws-us-east-1-aws-sha256-512-512-597: 2500/2500 tasks started.
[2025-12-06T23:33:18Z] [[36minfo[0m] [progress_update] aws-us-east-1-aws-sha256-512-512-597: 2500/2500 tasks started.alibaba-us-east-1-alibaba-sha256-512-512-349: 2500/2500 tasks started.azure-germanywestcentral-azure-sha256-512-512-613: 2500/2500 tasks started.gcp-us-east1-gcp-sha256-512-512-556: 2500/2500 tasks started.
[2025-12-06T23:33:28Z] [[36minfo[0m] [progress_update] alibaba-us-east-1-alibaba-sha256-512-512-349: 2500/2500 tasks started.azure-germanywestcentral-azure-sha256-512-512-613: 2500/2500 tasks started.gcp-us-east1-gcp-sha256-512-512-556: 2500/2500 tasks started.aws-us-east-1-aws-sha256-512-512-597: 2500/2500 tasks started.
[2025-12-06T23:33:38Z] [[36minfo[0m] [progress_update] gcp-us-east1-gcp-sha256-512-512-556: 2500/2500 tasks started.aws-us-east-1-aws-sha256-512-512-597: 2500/2500 tasks started.alibaba-us-east-1-alibaba-sha256-512-512-349: 2500/2500 tasks started.azure-germanywestcentral-azure-sha256-512-512-613: 2500/2500 tasks started.
[2025-12-06T23:33:39Z] [[31merror[0m] [task_execution] Error executing task azure-sha256-512: task azure-sha256-512 failed after 7 retries: <nil>
[2025-12-06T23:33:39Z] [[31merror[0m] [task_execution] Error executing task azure-sha256-512: task azure-sha256-512 failed after 7 retries: <nil>
[2025-12-06T23:33:39Z] [[31merror[0m] [task_execution] Error executing task azure-sha256-512: task azure-sha256-512 failed after 7 retries: <nil>
[2025-12-06T23:33:39Z] [[31merror[0m] [task_execution] Error executing task azure-sha256-512: task azure-sha256-512 failed after 7 retries: <nil>
[2025-12-06T23:33:48Z] [[36minfo[0m] [progress_update] aws-us-east-1-aws-sha256-512-512-597: 2500/2500 tasks started.alibaba-us-east-1-alibaba-sha256-512-512-349: 2500/2500 tasks started.azure-germanywestcentral-azure-sha256-512-512-613: 2500/2500 tasks started.gcp-us-east1-gcp-sha256-512-512-556: 2500/2500 tasks started.
[2025-12-06T23:33:56Z] [[31merror[0m] [task_execution] Error executing task azure-sha256-512: task azure-sha256-512 failed after 7 retries: <nil>
[2025-12-06T23:33:58Z] [[36minfo[0m] [progress_update] aws-us-east-1-aws-sha256-512-512-597: 2500/2500 tasks started.alibaba-us-east-1-alibaba-sha256-512-512-349: 2500/2500 tasks started.azure-germanywestcentral-azure-sha256-512-512-613: 2500/2500 tasks started.gcp-us-east1-gcp-sha256-512-512-556: 2500/2500 tasks started.
[2025-12-06T23:34:08Z] [[36minfo[0m] [progress_update] gcp-us-east1-gcp-sha256-512-512-556: 2500/2500 tasks started.aws-us-east-1-aws-sha256-512-512-597: 2500/2500 tasks started.alibaba-us-east-1-alibaba-sha256-512-512-349: 2500/2500 tasks started.azure-germanywestcentral-azure-sha256-512-512-613: 2500/2500 tasks started.
[2025-12-06T23:34:12Z] [[31merror[0m] [task_execution] Error executing task azure-sha256-512: task azure-sha256-512 failed after 7 retries: <nil>
[2025-12-06T23:34:12Z] [[31merror[0m] [task_execution] Error executing task azure-sha256-512: task azure-sha256-512 failed after 7 retries: <nil>
[2025-12-06T23:34:12Z] [[31merror[0m] [task_execution] Error executing task azure-sha256-512: task azure-sha256-512 failed after 7 retries: <nil>
[2025-12-06T23:34:12Z] [[31merror[0m] [task_execution] Error executing task azure-sha256-512: task azure-sha256-512 failed after 7 retries: <nil>
[2025-12-06T23:34:12Z] [[31merror[0m] [task_execution] Error executing task azure-sha256-512: task azure-sha256-512 failed after 7 retries: <nil>
[2025-12-06T23:34:12Z] [[31merror[0m] [task_execution] Error executing task azure-sha256-512: task azure-sha256-512 failed after 7 retries: <nil>
[2025-12-06T23:34:12Z] [[31merror[0m] [task_execution] Error executing task azure-sha256-512: task azure-sha256-512 failed after 7 retries: <nil>
[2025-12-06T23:34:12Z] [[31merror[0m] [task_execution] Error executing task azure-sha256-512: task azure-sha256-512 failed after 7 retries: <nil>
[2025-12-06T23:34:12Z] [[31merror[0m] [task_execution] Error executing task azure-sha256-512: task azure-sha256-512 failed after 7 retries: <nil>
[2025-12-06T23:34:12Z] [[31merror[0m] [task_execution] Error executing task azure-sha256-512: task azure-sha256-512 failed after 7 retries: <nil>
[2025-12-06T23:34:12Z] [[31merror[0m] [task_execution] Error executing task azure-sha256-512: task azure-sha256-512 failed after 7 retries: <nil>
[2025-12-06T23:34:12Z] [[31merror[0m] [task_execution] Error executing task azure-sha256-512: task azure-sha256-512 failed after 7 retries: <nil>
[2025-12-06T23:34:12Z] [[31merror[0m] [task_execution] Error executing task azure-sha256-512: task azure-sha256-512 failed after 7 retries: <nil>
[2025-12-06T23:34:12Z] [[31merror[0m] [task_execution] Error executing task azure-sha256-512: task azure-sha256-512 failed after 7 retries: <nil>
[2025-12-06T23:34:12Z] [[31merror[0m] [task_execution] Error executing task azure-sha256-512: task azure-sha256-512 failed after 7 retries: <nil>
[2025-12-06T23:34:13Z] [[31merror[0m] [task_execution] Error executing task azure-sha256-512: task azure-sha256-512 failed after 7 retries: <nil>
[2025-12-06T23:34:13Z] [[31merror[0m] [task_execution] Error executing task azure-sha256-512: task azure-sha256-512 failed after 7 retries: <nil>
[2025-12-06T23:34:13Z] [[31merror[0m] [task_execution] Error executing task azure-sha256-512: task azure-sha256-512 failed after 7 retries: <nil>
[2025-12-06T23:34:13Z] [[31merror[0m] [task_execution] Error executing task azure-sha256-512: task azure-sha256-512 failed after 7 retries: <nil>
[2025-12-06T23:34:13Z] [[31merror[0m] [task_execution] Error executing task azure-sha256-512: task azure-sha256-512 failed after 7 retries: <nil>
[2025-12-06T23:34:13Z] [[31merror[0m] [task_execution] Error executing task azure-sha256-512: task azure-sha256-512 failed after 7 retries: <nil>
[2025-12-06T23:34:13Z] [[31merror[0m] [task_execution] Error executing task azure-sha256-512: task azure-sha256-512 failed after 7 retries: <nil>
[2025-12-06T23:34:13Z] [[31merror[0m] [task_execution] Error executing task azure-sha256-512: task azure-sha256-512 failed after 7 retries: <nil>
[2025-12-06T23:34:14Z] [[31merror[0m] [task_execution] Error executing task azure-sha256-512: task azure-sha256-512 failed after 7 retries: <nil>
[2025-12-06T23:34:16Z] [[31merror[0m] [task_execution] Error executing task azure-sha256-512: task azure-sha256-512 failed after 7 retries: <nil>
[2025-12-06T23:34:18Z] [[36minfo[0m] [progress_update] alibaba-us-east-1-alibaba-sha256-512-512-349: 2500/2500 tasks started.azure-germanywestcentral-azure-sha256-512-512-613: 2500/2500 tasks started.gcp-us-east1-gcp-sha256-512-512-556: 2500/2500 tasks started.aws-us-east-1-aws-sha256-512-512-597: 2500/2500 tasks started.
[2025-12-06T23:34:21Z] [[36minfo[0m] [function_finished] Finished benchmarking function azure-sha256-512 and closed archiver
[2025-12-06T23:34:23Z] [[36minfo[0m] [finish_timeline] Benchmark Timeline
[Sat Dec  6 23:34:23 UTC 2025] Finished benchmark 'sha256' successfully
[Sat Dec  6 23:34:23 UTC 2025] Sleeping 600 seconds before next workload...
