[Sun Dec  7 17:45:58 UTC 2025] Starting benchmark 'sha256' with config './configs/sha256.yaml'
Validating functions...
[2025-12-07T17:45:58Z] [[36minfo[0m] [executor_setup] Setting up executor for aws-us-east-1-aws-sha256-512-512-966
[2025-12-07T17:45:58Z] [[36minfo[0m] [executor_setup] Setting up executor for alibaba-us-east-1-alibaba-sha256-512-512-834
[2025-12-07T17:45:58Z] [[36minfo[0m] [executor_setup] Setting up executor for azure-germanywestcentral-azure-sha256-512-512-311
[2025-12-07T17:45:58Z] [[0mwarning[0m] [[32mazure_limitations[0m] Azure can´t handle more than 300 parallel requests. Limiting to 300.
[2025-12-07T17:45:58Z] [[36minfo[0m] [executor_setup] Setting up executor for gcp-us-east1-gcp-sha256-512-512-419
[2025-12-07T17:45:58Z] [[36minfo[0m] [start_timeline] Benchmark Timeline
[2025-12-07T17:45:58Z] [[36minfo[0m] [load_generator_start] (gcp: us-east1) Starting load generator with 300 workers
[2025-12-07T17:45:58Z] [[36minfo[0m] [load_generator_start] (aws: us-east-1) Starting load generator with 500 workers
[2025-12-07T17:45:58Z] [[36minfo[0m] [load_generator_start] (alibaba: us-east-1) Starting load generator with 500 workers
[2025-12-07T17:45:58Z] [[36minfo[0m] [load_generator_start] (azure: germanywestcentral) Starting load generator with 300 workers
[2025-12-07T17:46:08Z] [[36minfo[0m] [progress_update] azure-germanywestcentral-azure-sha256-512-512-311: 707/2500 tasks started.gcp-us-east1-gcp-sha256-512-512-419: 1354/2500 tasks started.aws-us-east-1-aws-sha256-512-512-966: 1670/2500 tasks started.alibaba-us-east-1-alibaba-sha256-512-512-834: 1456/2500 tasks started.
[2025-12-07T17:46:18Z] [[36minfo[0m] [progress_update] aws-us-east-1-aws-sha256-512-512-966: 2500/2500 tasks started.alibaba-us-east-1-alibaba-sha256-512-512-834: 2500/2500 tasks started.azure-germanywestcentral-azure-sha256-512-512-311: 762/2500 tasks started.gcp-us-east1-gcp-sha256-512-512-419: 2500/2500 tasks started.
[2025-12-07T17:46:25Z] [[36minfo[0m] [function_finished] Finished benchmarking function aws-sha256-512 and closed archiver
[2025-12-07T17:46:28Z] [[36minfo[0m] [progress_update] aws-us-east-1-aws-sha256-512-512-966: 2500/2500 tasks started.alibaba-us-east-1-alibaba-sha256-512-512-834: 2500/2500 tasks started.azure-germanywestcentral-azure-sha256-512-512-311: 1591/2500 tasks started.gcp-us-east1-gcp-sha256-512-512-419: 2500/2500 tasks started.
[2025-12-07T17:46:29Z] [[36minfo[0m] [function_finished] Finished benchmarking function gcp-sha256-512 and closed archiver
[2025-12-07T17:46:38Z] [[36minfo[0m] [progress_update] azure-germanywestcentral-azure-sha256-512-512-311: 2121/2500 tasks started.gcp-us-east1-gcp-sha256-512-512-419: 2500/2500 tasks started.aws-us-east-1-aws-sha256-512-512-966: 2500/2500 tasks started.alibaba-us-east-1-alibaba-sha256-512-512-834: 2500/2500 tasks started.
[2025-12-07T17:46:48Z] [[36minfo[0m] [progress_update] aws-us-east-1-aws-sha256-512-512-966: 2500/2500 tasks started.alibaba-us-east-1-alibaba-sha256-512-512-834: 2500/2500 tasks started.azure-germanywestcentral-azure-sha256-512-512-311: 2169/2500 tasks started.gcp-us-east1-gcp-sha256-512-512-419: 2500/2500 tasks started.
[2025-12-07T17:46:58Z] [[36minfo[0m] [progress_update] aws-us-east-1-aws-sha256-512-512-966: 2500/2500 tasks started.alibaba-us-east-1-alibaba-sha256-512-512-834: 2500/2500 tasks started.azure-germanywestcentral-azure-sha256-512-512-311: 2220/2500 tasks started.gcp-us-east1-gcp-sha256-512-512-419: 2500/2500 tasks started.
[2025-12-07T17:47:08Z] [[36minfo[0m] [progress_update] azure-germanywestcentral-azure-sha256-512-512-311: 2276/2500 tasks started.gcp-us-east1-gcp-sha256-512-512-419: 2500/2500 tasks started.aws-us-east-1-aws-sha256-512-512-966: 2500/2500 tasks started.alibaba-us-east-1-alibaba-sha256-512-512-834: 2500/2500 tasks started.
[2025-12-07T17:47:18Z] [[36minfo[0m] [progress_update] aws-us-east-1-aws-sha256-512-512-966: 2500/2500 tasks started.alibaba-us-east-1-alibaba-sha256-512-512-834: 2500/2500 tasks started.azure-germanywestcentral-azure-sha256-512-512-311: 2320/2500 tasks started.gcp-us-east1-gcp-sha256-512-512-419: 2500/2500 tasks started.
[2025-12-07T17:47:28Z] [[36minfo[0m] [progress_update] aws-us-east-1-aws-sha256-512-512-966: 2500/2500 tasks started.alibaba-us-east-1-alibaba-sha256-512-512-834: 2500/2500 tasks started.azure-germanywestcentral-azure-sha256-512-512-311: 2320/2500 tasks started.gcp-us-east1-gcp-sha256-512-512-419: 2500/2500 tasks started.
[2025-12-07T17:47:38Z] [[36minfo[0m] [progress_update] alibaba-us-east-1-alibaba-sha256-512-512-834: 2500/2500 tasks started.azure-germanywestcentral-azure-sha256-512-512-311: 2361/2500 tasks started.gcp-us-east1-gcp-sha256-512-512-419: 2500/2500 tasks started.aws-us-east-1-aws-sha256-512-512-966: 2500/2500 tasks started.
[2025-12-07T17:47:48Z] [[36minfo[0m] [progress_update] aws-us-east-1-aws-sha256-512-512-966: 2500/2500 tasks started.alibaba-us-east-1-alibaba-sha256-512-512-834: 2500/2500 tasks started.azure-germanywestcentral-azure-sha256-512-512-311: 2500/2500 tasks started.gcp-us-east1-gcp-sha256-512-512-419: 2500/2500 tasks started.
[2025-12-07T17:47:58Z] [[36minfo[0m] [progress_update] aws-us-east-1-aws-sha256-512-512-966: 2500/2500 tasks started.alibaba-us-east-1-alibaba-sha256-512-512-834: 2500/2500 tasks started.azure-germanywestcentral-azure-sha256-512-512-311: 2500/2500 tasks started.gcp-us-east1-gcp-sha256-512-512-419: 2500/2500 tasks started.
[2025-12-07T17:48:08Z] [[36minfo[0m] [progress_update] aws-us-east-1-aws-sha256-512-512-966: 2500/2500 tasks started.alibaba-us-east-1-alibaba-sha256-512-512-834: 2500/2500 tasks started.azure-germanywestcentral-azure-sha256-512-512-311: 2500/2500 tasks started.gcp-us-east1-gcp-sha256-512-512-419: 2500/2500 tasks started.
[2025-12-07T17:48:18Z] [[36minfo[0m] [progress_update] aws-us-east-1-aws-sha256-512-512-966: 2500/2500 tasks started.alibaba-us-east-1-alibaba-sha256-512-512-834: 2500/2500 tasks started.azure-germanywestcentral-azure-sha256-512-512-311: 2500/2500 tasks started.gcp-us-east1-gcp-sha256-512-512-419: 2500/2500 tasks started.
[2025-12-07T17:48:27Z] [[36minfo[0m] [function_finished] Finished benchmarking function alibaba-sha256-512 and closed archiver
[2025-12-07T17:48:28Z] [[36minfo[0m] [progress_update] aws-us-east-1-aws-sha256-512-512-966: 2500/2500 tasks started.alibaba-us-east-1-alibaba-sha256-512-512-834: 2500/2500 tasks started.azure-germanywestcentral-azure-sha256-512-512-311: 2500/2500 tasks started.gcp-us-east1-gcp-sha256-512-512-419: 2500/2500 tasks started.
[2025-12-07T17:48:38Z] [[36minfo[0m] [progress_update] gcp-us-east1-gcp-sha256-512-512-419: 2500/2500 tasks started.aws-us-east-1-aws-sha256-512-512-966: 2500/2500 tasks started.alibaba-us-east-1-alibaba-sha256-512-512-834: 2500/2500 tasks started.azure-germanywestcentral-azure-sha256-512-512-311: 2500/2500 tasks started.
[2025-12-07T17:48:48Z] [[36minfo[0m] [progress_update] aws-us-east-1-aws-sha256-512-512-966: 2500/2500 tasks started.alibaba-us-east-1-alibaba-sha256-512-512-834: 2500/2500 tasks started.azure-germanywestcentral-azure-sha256-512-512-311: 2500/2500 tasks started.gcp-us-east1-gcp-sha256-512-512-419: 2500/2500 tasks started.
[2025-12-07T17:48:58Z] [[36minfo[0m] [progress_update] aws-us-east-1-aws-sha256-512-512-966: 2500/2500 tasks started.alibaba-us-east-1-alibaba-sha256-512-512-834: 2500/2500 tasks started.azure-germanywestcentral-azure-sha256-512-512-311: 2500/2500 tasks started.gcp-us-east1-gcp-sha256-512-512-419: 2500/2500 tasks started.
[2025-12-07T17:49:08Z] [[36minfo[0m] [progress_update] alibaba-us-east-1-alibaba-sha256-512-512-834: 2500/2500 tasks started.azure-germanywestcentral-azure-sha256-512-512-311: 2500/2500 tasks started.gcp-us-east1-gcp-sha256-512-512-419: 2500/2500 tasks started.aws-us-east-1-aws-sha256-512-512-966: 2500/2500 tasks started.
[2025-12-07T17:49:18Z] [[36minfo[0m] [progress_update] aws-us-east-1-aws-sha256-512-512-966: 2500/2500 tasks started.alibaba-us-east-1-alibaba-sha256-512-512-834: 2500/2500 tasks started.azure-germanywestcentral-azure-sha256-512-512-311: 2500/2500 tasks started.gcp-us-east1-gcp-sha256-512-512-419: 2500/2500 tasks started.
[2025-12-07T17:49:28Z] [[36minfo[0m] [progress_update] aws-us-east-1-aws-sha256-512-512-966: 2500/2500 tasks started.alibaba-us-east-1-alibaba-sha256-512-512-834: 2500/2500 tasks started.azure-germanywestcentral-azure-sha256-512-512-311: 2500/2500 tasks started.gcp-us-east1-gcp-sha256-512-512-419: 2500/2500 tasks started.
[2025-12-07T17:49:38Z] [[36minfo[0m] [progress_update] aws-us-east-1-aws-sha256-512-512-966: 2500/2500 tasks started.alibaba-us-east-1-alibaba-sha256-512-512-834: 2500/2500 tasks started.azure-germanywestcentral-azure-sha256-512-512-311: 2500/2500 tasks started.gcp-us-east1-gcp-sha256-512-512-419: 2500/2500 tasks started.
[2025-12-07T17:49:48Z] [[36minfo[0m] [progress_update] aws-us-east-1-aws-sha256-512-512-966: 2500/2500 tasks started.alibaba-us-east-1-alibaba-sha256-512-512-834: 2500/2500 tasks started.azure-germanywestcentral-azure-sha256-512-512-311: 2500/2500 tasks started.gcp-us-east1-gcp-sha256-512-512-419: 2500/2500 tasks started.
[2025-12-07T17:49:58Z] [[36minfo[0m] [progress_update] alibaba-us-east-1-alibaba-sha256-512-512-834: 2500/2500 tasks started.azure-germanywestcentral-azure-sha256-512-512-311: 2500/2500 tasks started.gcp-us-east1-gcp-sha256-512-512-419: 2500/2500 tasks started.aws-us-east-1-aws-sha256-512-512-966: 2500/2500 tasks started.
[2025-12-07T17:50:08Z] [[36minfo[0m] [progress_update] alibaba-us-east-1-alibaba-sha256-512-512-834: 2500/2500 tasks started.azure-germanywestcentral-azure-sha256-512-512-311: 2500/2500 tasks started.gcp-us-east1-gcp-sha256-512-512-419: 2500/2500 tasks started.aws-us-east-1-aws-sha256-512-512-966: 2500/2500 tasks started.
[2025-12-07T17:50:18Z] [[36minfo[0m] [progress_update] gcp-us-east1-gcp-sha256-512-512-419: 2500/2500 tasks started.aws-us-east-1-aws-sha256-512-512-966: 2500/2500 tasks started.alibaba-us-east-1-alibaba-sha256-512-512-834: 2500/2500 tasks started.azure-germanywestcentral-azure-sha256-512-512-311: 2500/2500 tasks started.
[2025-12-07T17:50:18Z] [[31merror[0m] [task_execution] Error executing task azure-sha256-512: task azure-sha256-512 failed after 7 retries: <nil>
[2025-12-07T17:50:18Z] [[31merror[0m] [task_execution] Error executing task azure-sha256-512: task azure-sha256-512 failed after 7 retries: <nil>
[2025-12-07T17:50:18Z] [[31merror[0m] [task_execution] Error executing task azure-sha256-512: task azure-sha256-512 failed after 7 retries: <nil>
[2025-12-07T17:50:19Z] [[31merror[0m] [task_execution] Error executing task azure-sha256-512: task azure-sha256-512 failed after 7 retries: <nil>
[2025-12-07T17:50:19Z] [[31merror[0m] [task_execution] Error executing task azure-sha256-512: task azure-sha256-512 failed after 7 retries: <nil>
[2025-12-07T17:50:28Z] [[36minfo[0m] [progress_update] aws-us-east-1-aws-sha256-512-512-966: 2500/2500 tasks started.alibaba-us-east-1-alibaba-sha256-512-512-834: 2500/2500 tasks started.azure-germanywestcentral-azure-sha256-512-512-311: 2500/2500 tasks started.gcp-us-east1-gcp-sha256-512-512-419: 2500/2500 tasks started.
[2025-12-07T17:50:38Z] [[36minfo[0m] [progress_update] aws-us-east-1-aws-sha256-512-512-966: 2500/2500 tasks started.alibaba-us-east-1-alibaba-sha256-512-512-834: 2500/2500 tasks started.azure-germanywestcentral-azure-sha256-512-512-311: 2500/2500 tasks started.gcp-us-east1-gcp-sha256-512-512-419: 2500/2500 tasks started.
[2025-12-07T17:50:48Z] [[36minfo[0m] [progress_update] gcp-us-east1-gcp-sha256-512-512-419: 2500/2500 tasks started.aws-us-east-1-aws-sha256-512-512-966: 2500/2500 tasks started.alibaba-us-east-1-alibaba-sha256-512-512-834: 2500/2500 tasks started.azure-germanywestcentral-azure-sha256-512-512-311: 2500/2500 tasks started.
[2025-12-07T17:50:52Z] [[31merror[0m] [task_execution] Error executing task azure-sha256-512: task azure-sha256-512 failed after 7 retries: <nil>
[2025-12-07T17:50:52Z] [[31merror[0m] [task_execution] Error executing task azure-sha256-512: task azure-sha256-512 failed after 7 retries: <nil>
[2025-12-07T17:50:52Z] [[31merror[0m] [task_execution] Error executing task azure-sha256-512: task azure-sha256-512 failed after 7 retries: <nil>
[2025-12-07T17:50:53Z] [[31merror[0m] [task_execution] Error executing task azure-sha256-512: task azure-sha256-512 failed after 7 retries: <nil>
[2025-12-07T17:50:53Z] [[31merror[0m] [task_execution] Error executing task azure-sha256-512: task azure-sha256-512 failed after 7 retries: <nil>
[2025-12-07T17:50:53Z] [[31merror[0m] [task_execution] Error executing task azure-sha256-512: task azure-sha256-512 failed after 7 retries: <nil>
[2025-12-07T17:50:53Z] [[31merror[0m] [task_execution] Error executing task azure-sha256-512: task azure-sha256-512 failed after 7 retries: <nil>
[2025-12-07T17:50:53Z] [[31merror[0m] [task_execution] Error executing task azure-sha256-512: task azure-sha256-512 failed after 7 retries: <nil>
[2025-12-07T17:50:53Z] [[31merror[0m] [task_execution] Error executing task azure-sha256-512: task azure-sha256-512 failed after 7 retries: <nil>
[2025-12-07T17:50:53Z] [[31merror[0m] [task_execution] Error executing task azure-sha256-512: task azure-sha256-512 failed after 7 retries: <nil>
[2025-12-07T17:50:53Z] [[31merror[0m] [task_execution] Error executing task azure-sha256-512: task azure-sha256-512 failed after 7 retries: <nil>
[2025-12-07T17:50:53Z] [[31merror[0m] [task_execution] Error executing task azure-sha256-512: task azure-sha256-512 failed after 7 retries: <nil>
[2025-12-07T17:50:53Z] [[31merror[0m] [task_execution] Error executing task azure-sha256-512: task azure-sha256-512 failed after 7 retries: <nil>
[2025-12-07T17:50:53Z] [[31merror[0m] [task_execution] Error executing task azure-sha256-512: task azure-sha256-512 failed after 7 retries: <nil>
[2025-12-07T17:50:53Z] [[31merror[0m] [task_execution] Error executing task azure-sha256-512: task azure-sha256-512 failed after 7 retries: <nil>
[2025-12-07T17:50:53Z] [[31merror[0m] [task_execution] Error executing task azure-sha256-512: task azure-sha256-512 failed after 7 retries: <nil>
[2025-12-07T17:50:53Z] [[31merror[0m] [task_execution] Error executing task azure-sha256-512: task azure-sha256-512 failed after 7 retries: <nil>
[2025-12-07T17:50:53Z] [[31merror[0m] [task_execution] Error executing task azure-sha256-512: task azure-sha256-512 failed after 7 retries: <nil>
[2025-12-07T17:50:54Z] [[31merror[0m] [task_execution] Error executing task azure-sha256-512: task azure-sha256-512 failed after 7 retries: <nil>
[2025-12-07T17:50:58Z] [[36minfo[0m] [progress_update] gcp-us-east1-gcp-sha256-512-512-419: 2500/2500 tasks started.aws-us-east-1-aws-sha256-512-512-966: 2500/2500 tasks started.alibaba-us-east-1-alibaba-sha256-512-512-834: 2500/2500 tasks started.azure-germanywestcentral-azure-sha256-512-512-311: 2500/2500 tasks started.
[2025-12-07T17:51:08Z] [[36minfo[0m] [progress_update] azure-germanywestcentral-azure-sha256-512-512-311: 2500/2500 tasks started.gcp-us-east1-gcp-sha256-512-512-419: 2500/2500 tasks started.aws-us-east-1-aws-sha256-512-512-966: 2500/2500 tasks started.alibaba-us-east-1-alibaba-sha256-512-512-834: 2500/2500 tasks started.
[2025-12-07T17:51:14Z] [[31merror[0m] [task_execution] Error executing task azure-sha256-512: task azure-sha256-512 failed after 7 retries: <nil>
[2025-12-07T17:51:15Z] [[31merror[0m] [task_execution] Error executing task azure-sha256-512: task azure-sha256-512 failed after 7 retries: <nil>
[2025-12-07T17:51:16Z] [[31merror[0m] [task_execution] Error executing task azure-sha256-512: task azure-sha256-512 failed after 7 retries: <nil>
[2025-12-07T17:51:16Z] [[31merror[0m] [task_execution] Error executing task azure-sha256-512: task azure-sha256-512 failed after 7 retries: <nil>
[2025-12-07T17:51:17Z] [[31merror[0m] [task_execution] Error executing task azure-sha256-512: task azure-sha256-512 failed after 7 retries: <nil>
[2025-12-07T17:51:18Z] [[36minfo[0m] [progress_update] azure-germanywestcentral-azure-sha256-512-512-311: 2500/2500 tasks started.gcp-us-east1-gcp-sha256-512-512-419: 2500/2500 tasks started.aws-us-east-1-aws-sha256-512-512-966: 2500/2500 tasks started.alibaba-us-east-1-alibaba-sha256-512-512-834: 2500/2500 tasks started.
[2025-12-07T17:51:21Z] [[31merror[0m] [task_execution] Error executing task azure-sha256-512: task azure-sha256-512 failed after 7 retries: <nil>
[2025-12-07T17:51:22Z] [[31merror[0m] [task_execution] Error executing task azure-sha256-512: task azure-sha256-512 failed after 7 retries: <nil>
[2025-12-07T17:51:22Z] [[31merror[0m] [task_execution] Error executing task azure-sha256-512: task azure-sha256-512 failed after 7 retries: <nil>
[2025-12-07T17:51:27Z] [[36minfo[0m] [function_finished] Finished benchmarking function azure-sha256-512 and closed archiver
[2025-12-07T17:51:28Z] [[36minfo[0m] [progress_update] aws-us-east-1-aws-sha256-512-512-966: 2500/2500 tasks started.alibaba-us-east-1-alibaba-sha256-512-512-834: 2500/2500 tasks started.azure-germanywestcentral-azure-sha256-512-512-311: 2500/2500 tasks started.gcp-us-east1-gcp-sha256-512-512-419: 2500/2500 tasks started.
[2025-12-07T17:51:29Z] [[36minfo[0m] [finish_timeline] Benchmark Timeline
[Sun Dec  7 17:51:29 UTC 2025] Finished benchmark 'sha256' successfully
[Sun Dec  7 17:51:30 UTC 2025] Sleeping 600 seconds before next workload...
