[Thu Dec  4 17:15:46 UTC 2025] Starting benchmark 'gemm' with config './configs/gemm.yaml'
Validating functions...
[2025-12-04T17:15:46Z] [[36minfo[0m] [executor_setup] Setting up executor for aws-us-east-1-aws-gemm-512-512-370
[2025-12-04T17:15:46Z] [[36minfo[0m] [executor_setup] Setting up executor for alibaba-us-east-1-alibaba-gemm-512-512-822
[2025-12-04T17:15:46Z] [[36minfo[0m] [executor_setup] Setting up executor for gcp-us-east1-gcp-gemm-512-512-555
[2025-12-04T17:15:46Z] [[36minfo[0m] [executor_setup] Setting up executor for azure-germanywestcentral-azure-gemm-512-512-212
[2025-12-04T17:15:46Z] [[0mwarning[0m] [[32mazure_limitations[0m] Azure can´t handle more than 300 parallel requests. Limiting to 300.
[2025-12-04T17:15:46Z] [[36minfo[0m] [start_timeline] Benchmark Timeline
[2025-12-04T17:15:46Z] [[36minfo[0m] [load_generator_start] (aws: us-east-1) Starting load generator with 500 workers
[2025-12-04T17:15:46Z] [[36minfo[0m] [load_generator_start] (azure: germanywestcentral) Starting load generator with 300 workers
[2025-12-04T17:15:46Z] [[36minfo[0m] [load_generator_start] (alibaba: us-east-1) Starting load generator with 500 workers
[2025-12-04T17:15:46Z] [[36minfo[0m] [load_generator_start] (gcp: us-east1) Starting load generator with 500 workers
[2025-12-04T17:15:56Z] [[36minfo[0m] [progress_update] aws-us-east-1-aws-gemm-512-512-370: 1584/2500 tasks started.alibaba-us-east-1-alibaba-gemm-512-512-822: 1340/2500 tasks started.gcp-us-east1-gcp-gemm-512-512-555: 1535/2500 tasks started.azure-germanywestcentral-azure-gemm-512-512-212: 660/2500 tasks started.
[2025-12-04T17:16:06Z] [[36minfo[0m] [progress_update] aws-us-east-1-aws-gemm-512-512-370: 2500/2500 tasks started.alibaba-us-east-1-alibaba-gemm-512-512-822: 2500/2500 tasks started.gcp-us-east1-gcp-gemm-512-512-555: 2500/2500 tasks started.azure-germanywestcentral-azure-gemm-512-512-212: 667/2500 tasks started.
[2025-12-04T17:16:12Z] [[36minfo[0m] [function_finished] Finished benchmarking function aws-gemm-512 and closed archiver
[2025-12-04T17:16:16Z] [[36minfo[0m] [progress_update] alibaba-us-east-1-alibaba-gemm-512-512-822: 2500/2500 tasks started.gcp-us-east1-gcp-gemm-512-512-555: 2500/2500 tasks started.azure-germanywestcentral-azure-gemm-512-512-212: 1384/2500 tasks started.aws-us-east-1-aws-gemm-512-512-370: 2500/2500 tasks started.
[2025-12-04T17:16:26Z] [[36minfo[0m] [progress_update] aws-us-east-1-aws-gemm-512-512-370: 2500/2500 tasks started.alibaba-us-east-1-alibaba-gemm-512-512-822: 2500/2500 tasks started.gcp-us-east1-gcp-gemm-512-512-555: 2500/2500 tasks started.azure-germanywestcentral-azure-gemm-512-512-212: 1889/2500 tasks started.
[2025-12-04T17:16:36Z] [[36minfo[0m] [progress_update] azure-germanywestcentral-azure-gemm-512-512-212: 2263/2500 tasks started.aws-us-east-1-aws-gemm-512-512-370: 2500/2500 tasks started.alibaba-us-east-1-alibaba-gemm-512-512-822: 2500/2500 tasks started.gcp-us-east1-gcp-gemm-512-512-555: 2500/2500 tasks started.
[2025-12-04T17:16:41Z] [[36minfo[0m] [function_finished] Finished benchmarking function gcp-gemm-512 and closed archiver
[2025-12-04T17:16:46Z] [[36minfo[0m] [progress_update] aws-us-east-1-aws-gemm-512-512-370: 2500/2500 tasks started.alibaba-us-east-1-alibaba-gemm-512-512-822: 2500/2500 tasks started.gcp-us-east1-gcp-gemm-512-512-555: 2500/2500 tasks started.azure-germanywestcentral-azure-gemm-512-512-212: 2267/2500 tasks started.
[2025-12-04T17:16:56Z] [[36minfo[0m] [progress_update] aws-us-east-1-aws-gemm-512-512-370: 2500/2500 tasks started.alibaba-us-east-1-alibaba-gemm-512-512-822: 2500/2500 tasks started.gcp-us-east1-gcp-gemm-512-512-555: 2500/2500 tasks started.azure-germanywestcentral-azure-gemm-512-512-212: 2293/2500 tasks started.
[2025-12-04T17:17:06Z] [[36minfo[0m] [progress_update] azure-germanywestcentral-azure-gemm-512-512-212: 2335/2500 tasks started.aws-us-east-1-aws-gemm-512-512-370: 2500/2500 tasks started.alibaba-us-east-1-alibaba-gemm-512-512-822: 2500/2500 tasks started.gcp-us-east1-gcp-gemm-512-512-555: 2500/2500 tasks started.
[2025-12-04T17:17:16Z] [[36minfo[0m] [progress_update] aws-us-east-1-aws-gemm-512-512-370: 2500/2500 tasks started.alibaba-us-east-1-alibaba-gemm-512-512-822: 2500/2500 tasks started.gcp-us-east1-gcp-gemm-512-512-555: 2500/2500 tasks started.azure-germanywestcentral-azure-gemm-512-512-212: 2358/2500 tasks started.
[2025-12-04T17:17:26Z] [[36minfo[0m] [progress_update] aws-us-east-1-aws-gemm-512-512-370: 2500/2500 tasks started.alibaba-us-east-1-alibaba-gemm-512-512-822: 2500/2500 tasks started.gcp-us-east1-gcp-gemm-512-512-555: 2500/2500 tasks started.azure-germanywestcentral-azure-gemm-512-512-212: 2384/2500 tasks started.
[2025-12-04T17:17:36Z] [[36minfo[0m] [progress_update] aws-us-east-1-aws-gemm-512-512-370: 2500/2500 tasks started.alibaba-us-east-1-alibaba-gemm-512-512-822: 2500/2500 tasks started.gcp-us-east1-gcp-gemm-512-512-555: 2500/2500 tasks started.azure-germanywestcentral-azure-gemm-512-512-212: 2391/2500 tasks started.
[2025-12-04T17:17:46Z] [[36minfo[0m] [progress_update] aws-us-east-1-aws-gemm-512-512-370: 2500/2500 tasks started.alibaba-us-east-1-alibaba-gemm-512-512-822: 2500/2500 tasks started.gcp-us-east1-gcp-gemm-512-512-555: 2500/2500 tasks started.azure-germanywestcentral-azure-gemm-512-512-212: 2451/2500 tasks started.
[2025-12-04T17:17:56Z] [[36minfo[0m] [progress_update] aws-us-east-1-aws-gemm-512-512-370: 2500/2500 tasks started.alibaba-us-east-1-alibaba-gemm-512-512-822: 2500/2500 tasks started.gcp-us-east1-gcp-gemm-512-512-555: 2500/2500 tasks started.azure-germanywestcentral-azure-gemm-512-512-212: 2500/2500 tasks started.
[2025-12-04T17:18:06Z] [[36minfo[0m] [progress_update] aws-us-east-1-aws-gemm-512-512-370: 2500/2500 tasks started.alibaba-us-east-1-alibaba-gemm-512-512-822: 2500/2500 tasks started.gcp-us-east1-gcp-gemm-512-512-555: 2500/2500 tasks started.azure-germanywestcentral-azure-gemm-512-512-212: 2500/2500 tasks started.
[2025-12-04T17:18:12Z] [[36minfo[0m] [function_finished] Finished benchmarking function alibaba-gemm-512 and closed archiver
[2025-12-04T17:18:16Z] [[36minfo[0m] [progress_update] azure-germanywestcentral-azure-gemm-512-512-212: 2500/2500 tasks started.aws-us-east-1-aws-gemm-512-512-370: 2500/2500 tasks started.alibaba-us-east-1-alibaba-gemm-512-512-822: 2500/2500 tasks started.gcp-us-east1-gcp-gemm-512-512-555: 2500/2500 tasks started.
[2025-12-04T17:18:26Z] [[36minfo[0m] [progress_update] aws-us-east-1-aws-gemm-512-512-370: 2500/2500 tasks started.alibaba-us-east-1-alibaba-gemm-512-512-822: 2500/2500 tasks started.gcp-us-east1-gcp-gemm-512-512-555: 2500/2500 tasks started.azure-germanywestcentral-azure-gemm-512-512-212: 2500/2500 tasks started.
[2025-12-04T17:18:36Z] [[36minfo[0m] [progress_update] gcp-us-east1-gcp-gemm-512-512-555: 2500/2500 tasks started.azure-germanywestcentral-azure-gemm-512-512-212: 2500/2500 tasks started.aws-us-east-1-aws-gemm-512-512-370: 2500/2500 tasks started.alibaba-us-east-1-alibaba-gemm-512-512-822: 2500/2500 tasks started.
[2025-12-04T17:18:46Z] [[36minfo[0m] [progress_update] aws-us-east-1-aws-gemm-512-512-370: 2500/2500 tasks started.alibaba-us-east-1-alibaba-gemm-512-512-822: 2500/2500 tasks started.gcp-us-east1-gcp-gemm-512-512-555: 2500/2500 tasks started.azure-germanywestcentral-azure-gemm-512-512-212: 2500/2500 tasks started.
[2025-12-04T17:18:56Z] [[36minfo[0m] [progress_update] aws-us-east-1-aws-gemm-512-512-370: 2500/2500 tasks started.alibaba-us-east-1-alibaba-gemm-512-512-822: 2500/2500 tasks started.gcp-us-east1-gcp-gemm-512-512-555: 2500/2500 tasks started.azure-germanywestcentral-azure-gemm-512-512-212: 2500/2500 tasks started.
[2025-12-04T17:19:06Z] [[36minfo[0m] [progress_update] aws-us-east-1-aws-gemm-512-512-370: 2500/2500 tasks started.alibaba-us-east-1-alibaba-gemm-512-512-822: 2500/2500 tasks started.gcp-us-east1-gcp-gemm-512-512-555: 2500/2500 tasks started.azure-germanywestcentral-azure-gemm-512-512-212: 2500/2500 tasks started.
[2025-12-04T17:19:16Z] [[36minfo[0m] [progress_update] aws-us-east-1-aws-gemm-512-512-370: 2500/2500 tasks started.alibaba-us-east-1-alibaba-gemm-512-512-822: 2500/2500 tasks started.gcp-us-east1-gcp-gemm-512-512-555: 2500/2500 tasks started.azure-germanywestcentral-azure-gemm-512-512-212: 2500/2500 tasks started.
[2025-12-04T17:19:26Z] [[36minfo[0m] [progress_update] aws-us-east-1-aws-gemm-512-512-370: 2500/2500 tasks started.alibaba-us-east-1-alibaba-gemm-512-512-822: 2500/2500 tasks started.gcp-us-east1-gcp-gemm-512-512-555: 2500/2500 tasks started.azure-germanywestcentral-azure-gemm-512-512-212: 2500/2500 tasks started.
[2025-12-04T17:19:36Z] [[36minfo[0m] [progress_update] aws-us-east-1-aws-gemm-512-512-370: 2500/2500 tasks started.alibaba-us-east-1-alibaba-gemm-512-512-822: 2500/2500 tasks started.gcp-us-east1-gcp-gemm-512-512-555: 2500/2500 tasks started.azure-germanywestcentral-azure-gemm-512-512-212: 2500/2500 tasks started.
[2025-12-04T17:19:46Z] [[36minfo[0m] [progress_update] aws-us-east-1-aws-gemm-512-512-370: 2500/2500 tasks started.alibaba-us-east-1-alibaba-gemm-512-512-822: 2500/2500 tasks started.gcp-us-east1-gcp-gemm-512-512-555: 2500/2500 tasks started.azure-germanywestcentral-azure-gemm-512-512-212: 2500/2500 tasks started.
[2025-12-04T17:19:56Z] [[36minfo[0m] [progress_update] alibaba-us-east-1-alibaba-gemm-512-512-822: 2500/2500 tasks started.gcp-us-east1-gcp-gemm-512-512-555: 2500/2500 tasks started.azure-germanywestcentral-azure-gemm-512-512-212: 2500/2500 tasks started.aws-us-east-1-aws-gemm-512-512-370: 2500/2500 tasks started.
[2025-12-04T17:20:06Z] [[36minfo[0m] [progress_update] aws-us-east-1-aws-gemm-512-512-370: 2500/2500 tasks started.alibaba-us-east-1-alibaba-gemm-512-512-822: 2500/2500 tasks started.gcp-us-east1-gcp-gemm-512-512-555: 2500/2500 tasks started.azure-germanywestcentral-azure-gemm-512-512-212: 2500/2500 tasks started.
[2025-12-04T17:20:10Z] [[31merror[0m] [task_execution] Error executing task azure-gemm-512: task azure-gemm-512 failed after 7 retries: <nil>
[2025-12-04T17:20:16Z] [[36minfo[0m] [progress_update] gcp-us-east1-gcp-gemm-512-512-555: 2500/2500 tasks started.azure-germanywestcentral-azure-gemm-512-512-212: 2500/2500 tasks started.aws-us-east-1-aws-gemm-512-512-370: 2500/2500 tasks started.alibaba-us-east-1-alibaba-gemm-512-512-822: 2500/2500 tasks started.
[2025-12-04T17:20:24Z] [[31merror[0m] [task_execution] Error executing task azure-gemm-512: task azure-gemm-512 failed after 7 retries: <nil>
[2025-12-04T17:20:24Z] [[31merror[0m] [task_execution] Error executing task azure-gemm-512: task azure-gemm-512 failed after 7 retries: <nil>
[2025-12-04T17:20:25Z] [[31merror[0m] [task_execution] Error executing task azure-gemm-512: task azure-gemm-512 failed after 7 retries: <nil>
[2025-12-04T17:20:26Z] [[31merror[0m] [task_execution] Error executing task azure-gemm-512: task azure-gemm-512 failed after 7 retries: <nil>
[2025-12-04T17:20:26Z] [[31merror[0m] [task_execution] Error executing task azure-gemm-512: task azure-gemm-512 failed after 7 retries: <nil>
[2025-12-04T17:20:26Z] [[36minfo[0m] [progress_update] aws-us-east-1-aws-gemm-512-512-370: 2500/2500 tasks started.alibaba-us-east-1-alibaba-gemm-512-512-822: 2500/2500 tasks started.gcp-us-east1-gcp-gemm-512-512-555: 2500/2500 tasks started.azure-germanywestcentral-azure-gemm-512-512-212: 2500/2500 tasks started.
[2025-12-04T17:20:36Z] [[36minfo[0m] [progress_update] aws-us-east-1-aws-gemm-512-512-370: 2500/2500 tasks started.alibaba-us-east-1-alibaba-gemm-512-512-822: 2500/2500 tasks started.gcp-us-east1-gcp-gemm-512-512-555: 2500/2500 tasks started.azure-germanywestcentral-azure-gemm-512-512-212: 2500/2500 tasks started.
[2025-12-04T17:20:43Z] [[31merror[0m] [task_execution] Error executing task azure-gemm-512: task azure-gemm-512 failed after 7 retries: <nil>
[2025-12-04T17:20:43Z] [[31merror[0m] [task_execution] Error executing task azure-gemm-512: task azure-gemm-512 failed after 7 retries: <nil>
[2025-12-04T17:20:43Z] [[31merror[0m] [task_execution] Error executing task azure-gemm-512: task azure-gemm-512 failed after 7 retries: <nil>
[2025-12-04T17:20:43Z] [[31merror[0m] [task_execution] Error executing task azure-gemm-512: task azure-gemm-512 failed after 7 retries: <nil>
[2025-12-04T17:20:43Z] [[31merror[0m] [task_execution] Error executing task azure-gemm-512: task azure-gemm-512 failed after 7 retries: <nil>
[2025-12-04T17:20:43Z] [[31merror[0m] [task_execution] Error executing task azure-gemm-512: task azure-gemm-512 failed after 7 retries: <nil>
[2025-12-04T17:20:43Z] [[31merror[0m] [task_execution] Error executing task azure-gemm-512: task azure-gemm-512 failed after 7 retries: <nil>
[2025-12-04T17:20:43Z] [[31merror[0m] [task_execution] Error executing task azure-gemm-512: task azure-gemm-512 failed after 7 retries: <nil>
[2025-12-04T17:20:43Z] [[31merror[0m] [task_execution] Error executing task azure-gemm-512: task azure-gemm-512 failed after 7 retries: <nil>
[2025-12-04T17:20:43Z] [[31merror[0m] [task_execution] Error executing task azure-gemm-512: task azure-gemm-512 failed after 7 retries: <nil>
[2025-12-04T17:20:43Z] [[31merror[0m] [task_execution] Error executing task azure-gemm-512: task azure-gemm-512 failed after 7 retries: <nil>
[2025-12-04T17:20:43Z] [[31merror[0m] [task_execution] Error executing task azure-gemm-512: task azure-gemm-512 failed after 7 retries: <nil>
[2025-12-04T17:20:43Z] [[31merror[0m] [task_execution] Error executing task azure-gemm-512: task azure-gemm-512 failed after 7 retries: <nil>
[2025-12-04T17:20:43Z] [[31merror[0m] [task_execution] Error executing task azure-gemm-512: task azure-gemm-512 failed after 7 retries: <nil>
[2025-12-04T17:20:43Z] [[31merror[0m] [task_execution] Error executing task azure-gemm-512: task azure-gemm-512 failed after 7 retries: <nil>
[2025-12-04T17:20:43Z] [[31merror[0m] [task_execution] Error executing task azure-gemm-512: task azure-gemm-512 failed after 7 retries: <nil>
[2025-12-04T17:20:43Z] [[31merror[0m] [task_execution] Error executing task azure-gemm-512: task azure-gemm-512 failed after 7 retries: <nil>
[2025-12-04T17:20:43Z] [[31merror[0m] [task_execution] Error executing task azure-gemm-512: task azure-gemm-512 failed after 7 retries: <nil>
[2025-12-04T17:20:43Z] [[31merror[0m] [task_execution] Error executing task azure-gemm-512: task azure-gemm-512 failed after 7 retries: <nil>
[2025-12-04T17:20:43Z] [[31merror[0m] [task_execution] Error executing task azure-gemm-512: task azure-gemm-512 failed after 7 retries: <nil>
[2025-12-04T17:20:43Z] [[31merror[0m] [task_execution] Error executing task azure-gemm-512: task azure-gemm-512 failed after 7 retries: <nil>
[2025-12-04T17:20:43Z] [[31merror[0m] [task_execution] Error executing task azure-gemm-512: task azure-gemm-512 failed after 7 retries: <nil>
[2025-12-04T17:20:43Z] [[31merror[0m] [task_execution] Error executing task azure-gemm-512: task azure-gemm-512 failed after 7 retries: <nil>
[2025-12-04T17:20:43Z] [[31merror[0m] [task_execution] Error executing task azure-gemm-512: task azure-gemm-512 failed after 7 retries: <nil>
[2025-12-04T17:20:43Z] [[31merror[0m] [task_execution] Error executing task azure-gemm-512: task azure-gemm-512 failed after 7 retries: <nil>
[2025-12-04T17:20:43Z] [[31merror[0m] [task_execution] Error executing task azure-gemm-512: task azure-gemm-512 failed after 7 retries: <nil>
[2025-12-04T17:20:43Z] [[31merror[0m] [task_execution] Error executing task azure-gemm-512: task azure-gemm-512 failed after 7 retries: <nil>
[2025-12-04T17:20:43Z] [[31merror[0m] [task_execution] Error executing task azure-gemm-512: task azure-gemm-512 failed after 7 retries: <nil>
[2025-12-04T17:20:43Z] [[31merror[0m] [task_execution] Error executing task azure-gemm-512: task azure-gemm-512 failed after 7 retries: <nil>
[2025-12-04T17:20:43Z] [[31merror[0m] [task_execution] Error executing task azure-gemm-512: task azure-gemm-512 failed after 7 retries: <nil>
[2025-12-04T17:20:43Z] [[31merror[0m] [task_execution] Error executing task azure-gemm-512: task azure-gemm-512 failed after 7 retries: <nil>
[2025-12-04T17:20:43Z] [[31merror[0m] [task_execution] Error executing task azure-gemm-512: task azure-gemm-512 failed after 7 retries: <nil>
[2025-12-04T17:20:43Z] [[31merror[0m] [task_execution] Error executing task azure-gemm-512: task azure-gemm-512 failed after 7 retries: <nil>
[2025-12-04T17:20:43Z] [[31merror[0m] [task_execution] Error executing task azure-gemm-512: task azure-gemm-512 failed after 7 retries: <nil>
[2025-12-04T17:20:43Z] [[31merror[0m] [task_execution] Error executing task azure-gemm-512: task azure-gemm-512 failed after 7 retries: <nil>
[2025-12-04T17:20:43Z] [[31merror[0m] [task_execution] Error executing task azure-gemm-512: task azure-gemm-512 failed after 7 retries: <nil>
[2025-12-04T17:20:43Z] [[31merror[0m] [task_execution] Error executing task azure-gemm-512: task azure-gemm-512 failed after 7 retries: <nil>
[2025-12-04T17:20:43Z] [[31merror[0m] [task_execution] Error executing task azure-gemm-512: task azure-gemm-512 failed after 7 retries: <nil>
[2025-12-04T17:20:43Z] [[31merror[0m] [task_execution] Error executing task azure-gemm-512: task azure-gemm-512 failed after 7 retries: <nil>
[2025-12-04T17:20:43Z] [[31merror[0m] [task_execution] Error executing task azure-gemm-512: task azure-gemm-512 failed after 7 retries: <nil>
[2025-12-04T17:20:43Z] [[31merror[0m] [task_execution] Error executing task azure-gemm-512: task azure-gemm-512 failed after 7 retries: <nil>
[2025-12-04T17:20:43Z] [[31merror[0m] [task_execution] Error executing task azure-gemm-512: task azure-gemm-512 failed after 7 retries: <nil>
[2025-12-04T17:20:43Z] [[31merror[0m] [task_execution] Error executing task azure-gemm-512: task azure-gemm-512 failed after 7 retries: <nil>
[2025-12-04T17:20:43Z] [[31merror[0m] [task_execution] Error executing task azure-gemm-512: task azure-gemm-512 failed after 7 retries: <nil>
[2025-12-04T17:20:43Z] [[31merror[0m] [task_execution] Error executing task azure-gemm-512: task azure-gemm-512 failed after 7 retries: <nil>
[2025-12-04T17:20:43Z] [[31merror[0m] [task_execution] Error executing task azure-gemm-512: task azure-gemm-512 failed after 7 retries: <nil>
[2025-12-04T17:20:43Z] [[31merror[0m] [task_execution] Error executing task azure-gemm-512: task azure-gemm-512 failed after 7 retries: <nil>
[2025-12-04T17:20:43Z] [[31merror[0m] [task_execution] Error executing task azure-gemm-512: task azure-gemm-512 failed after 7 retries: <nil>
[2025-12-04T17:20:43Z] [[31merror[0m] [task_execution] Error executing task azure-gemm-512: task azure-gemm-512 failed after 7 retries: <nil>
[2025-12-04T17:20:43Z] [[31merror[0m] [task_execution] Error executing task azure-gemm-512: task azure-gemm-512 failed after 7 retries: <nil>
[2025-12-04T17:20:43Z] [[31merror[0m] [task_execution] Error executing task azure-gemm-512: task azure-gemm-512 failed after 7 retries: <nil>
[2025-12-04T17:20:43Z] [[31merror[0m] [task_execution] Error executing task azure-gemm-512: task azure-gemm-512 failed after 7 retries: <nil>
[2025-12-04T17:20:44Z] [[31merror[0m] [task_execution] Error executing task azure-gemm-512: task azure-gemm-512 failed after 7 retries: <nil>
[2025-12-04T17:20:44Z] [[31merror[0m] [task_execution] Error executing task azure-gemm-512: task azure-gemm-512 failed after 7 retries: <nil>
[2025-12-04T17:20:44Z] [[31merror[0m] [task_execution] Error executing task azure-gemm-512: task azure-gemm-512 failed after 7 retries: <nil>
[2025-12-04T17:20:44Z] [[31merror[0m] [task_execution] Error executing task azure-gemm-512: task azure-gemm-512 failed after 7 retries: <nil>
[2025-12-04T17:20:44Z] [[31merror[0m] [task_execution] Error executing task azure-gemm-512: task azure-gemm-512 failed after 7 retries: <nil>
[2025-12-04T17:20:44Z] [[31merror[0m] [task_execution] Error executing task azure-gemm-512: task azure-gemm-512 failed after 7 retries: <nil>
[2025-12-04T17:20:44Z] [[31merror[0m] [task_execution] Error executing task azure-gemm-512: task azure-gemm-512 failed after 7 retries: <nil>
[2025-12-04T17:20:45Z] [[31merror[0m] [task_execution] Error executing task azure-gemm-512: task azure-gemm-512 failed after 7 retries: <nil>
[2025-12-04T17:20:45Z] [[31merror[0m] [task_execution] Error executing task azure-gemm-512: task azure-gemm-512 failed after 7 retries: <nil>
[2025-12-04T17:20:45Z] [[31merror[0m] [task_execution] Error executing task azure-gemm-512: task azure-gemm-512 failed after 7 retries: <nil>
[2025-12-04T17:20:45Z] [[31merror[0m] [task_execution] Error executing task azure-gemm-512: task azure-gemm-512 failed after 7 retries: <nil>
[2025-12-04T17:20:45Z] [[31merror[0m] [task_execution] Error executing task azure-gemm-512: task azure-gemm-512 failed after 7 retries: <nil>
[2025-12-04T17:20:45Z] [[31merror[0m] [task_execution] Error executing task azure-gemm-512: task azure-gemm-512 failed after 7 retries: <nil>
[2025-12-04T17:20:45Z] [[31merror[0m] [task_execution] Error executing task azure-gemm-512: task azure-gemm-512 failed after 7 retries: <nil>
[2025-12-04T17:20:45Z] [[31merror[0m] [task_execution] Error executing task azure-gemm-512: task azure-gemm-512 failed after 7 retries: <nil>
[2025-12-04T17:20:45Z] [[31merror[0m] [task_execution] Error executing task azure-gemm-512: task azure-gemm-512 failed after 7 retries: <nil>
[2025-12-04T17:20:45Z] [[31merror[0m] [task_execution] Error executing task azure-gemm-512: task azure-gemm-512 failed after 7 retries: <nil>
[2025-12-04T17:20:45Z] [[31merror[0m] [task_execution] Error executing task azure-gemm-512: task azure-gemm-512 failed after 7 retries: <nil>
[2025-12-04T17:20:45Z] [[31merror[0m] [task_execution] Error executing task azure-gemm-512: task azure-gemm-512 failed after 7 retries: <nil>
[2025-12-04T17:20:45Z] [[31merror[0m] [task_execution] Error executing task azure-gemm-512: task azure-gemm-512 failed after 7 retries: <nil>
[2025-12-04T17:20:45Z] [[31merror[0m] [task_execution] Error executing task azure-gemm-512: task azure-gemm-512 failed after 7 retries: <nil>
[2025-12-04T17:20:45Z] [[31merror[0m] [task_execution] Error executing task azure-gemm-512: task azure-gemm-512 failed after 7 retries: <nil>
[2025-12-04T17:20:45Z] [[31merror[0m] [task_execution] Error executing task azure-gemm-512: task azure-gemm-512 failed after 7 retries: <nil>
[2025-12-04T17:20:45Z] [[31merror[0m] [task_execution] Error executing task azure-gemm-512: task azure-gemm-512 failed after 7 retries: <nil>
[2025-12-04T17:20:45Z] [[31merror[0m] [task_execution] Error executing task azure-gemm-512: task azure-gemm-512 failed after 7 retries: <nil>
[2025-12-04T17:20:45Z] [[31merror[0m] [task_execution] Error executing task azure-gemm-512: task azure-gemm-512 failed after 7 retries: <nil>
[2025-12-04T17:20:45Z] [[31merror[0m] [task_execution] Error executing task azure-gemm-512: task azure-gemm-512 failed after 7 retries: <nil>
[2025-12-04T17:20:45Z] [[31merror[0m] [task_execution] Error executing task azure-gemm-512: task azure-gemm-512 failed after 7 retries: <nil>
[2025-12-04T17:20:45Z] [[31merror[0m] [task_execution] Error executing task azure-gemm-512: task azure-gemm-512 failed after 7 retries: <nil>
[2025-12-04T17:20:45Z] [[31merror[0m] [task_execution] Error executing task azure-gemm-512: task azure-gemm-512 failed after 7 retries: <nil>
[2025-12-04T17:20:46Z] [[31merror[0m] [task_execution] Error executing task azure-gemm-512: task azure-gemm-512 failed after 7 retries: <nil>
[2025-12-04T17:20:46Z] [[31merror[0m] [task_execution] Error executing task azure-gemm-512: task azure-gemm-512 failed after 7 retries: <nil>
[2025-12-04T17:20:46Z] [[31merror[0m] [task_execution] Error executing task azure-gemm-512: task azure-gemm-512 failed after 7 retries: <nil>
[2025-12-04T17:20:46Z] [[31merror[0m] [task_execution] Error executing task azure-gemm-512: task azure-gemm-512 failed after 7 retries: <nil>
[2025-12-04T17:20:46Z] [[31merror[0m] [task_execution] Error executing task azure-gemm-512: task azure-gemm-512 failed after 7 retries: <nil>
[2025-12-04T17:20:46Z] [[31merror[0m] [task_execution] Error executing task azure-gemm-512: task azure-gemm-512 failed after 7 retries: <nil>
[2025-12-04T17:20:46Z] [[31merror[0m] [task_execution] Error executing task azure-gemm-512: task azure-gemm-512 failed after 7 retries: <nil>
[2025-12-04T17:20:46Z] [[31merror[0m] [task_execution] Error executing task azure-gemm-512: task azure-gemm-512 failed after 7 retries: <nil>
[2025-12-04T17:20:46Z] [[31merror[0m] [task_execution] Error executing task azure-gemm-512: task azure-gemm-512 failed after 7 retries: <nil>
[2025-12-04T17:20:46Z] [[31merror[0m] [task_execution] Error executing task azure-gemm-512: task azure-gemm-512 failed after 7 retries: <nil>
[2025-12-04T17:20:46Z] [[36minfo[0m] [progress_update] aws-us-east-1-aws-gemm-512-512-370: 2500/2500 tasks started.alibaba-us-east-1-alibaba-gemm-512-512-822: 2500/2500 tasks started.gcp-us-east1-gcp-gemm-512-512-555: 2500/2500 tasks started.azure-germanywestcentral-azure-gemm-512-512-212: 2500/2500 tasks started.
[2025-12-04T17:20:46Z] [[31merror[0m] [task_execution] Error executing task azure-gemm-512: task azure-gemm-512 failed after 7 retries: <nil>
[2025-12-04T17:20:46Z] [[31merror[0m] [task_execution] Error executing task azure-gemm-512: task azure-gemm-512 failed after 7 retries: <nil>
[2025-12-04T17:20:46Z] [[31merror[0m] [task_execution] Error executing task azure-gemm-512: task azure-gemm-512 failed after 7 retries: <nil>
[2025-12-04T17:20:46Z] [[31merror[0m] [task_execution] Error executing task azure-gemm-512: task azure-gemm-512 failed after 7 retries: <nil>
[2025-12-04T17:20:46Z] [[31merror[0m] [task_execution] Error executing task azure-gemm-512: task azure-gemm-512 failed after 7 retries: <nil>
[2025-12-04T17:20:46Z] [[31merror[0m] [task_execution] Error executing task azure-gemm-512: task azure-gemm-512 failed after 7 retries: <nil>
[2025-12-04T17:20:46Z] [[31merror[0m] [task_execution] Error executing task azure-gemm-512: task azure-gemm-512 failed after 7 retries: <nil>
[2025-12-04T17:20:46Z] [[31merror[0m] [task_execution] Error executing task azure-gemm-512: task azure-gemm-512 failed after 7 retries: <nil>
[2025-12-04T17:20:46Z] [[31merror[0m] [task_execution] Error executing task azure-gemm-512: task azure-gemm-512 failed after 7 retries: <nil>
[2025-12-04T17:20:47Z] [[31merror[0m] [task_execution] Error executing task azure-gemm-512: task azure-gemm-512 failed after 7 retries: <nil>
[2025-12-04T17:20:47Z] [[31merror[0m] [task_execution] Error executing task azure-gemm-512: task azure-gemm-512 failed after 7 retries: <nil>
[2025-12-04T17:20:47Z] [[31merror[0m] [task_execution] Error executing task azure-gemm-512: task azure-gemm-512 failed after 7 retries: <nil>
[2025-12-04T17:20:47Z] [[31merror[0m] [task_execution] Error executing task azure-gemm-512: task azure-gemm-512 failed after 7 retries: <nil>
[2025-12-04T17:20:47Z] [[31merror[0m] [task_execution] Error executing task azure-gemm-512: task azure-gemm-512 failed after 7 retries: <nil>
[2025-12-04T17:20:47Z] [[31merror[0m] [task_execution] Error executing task azure-gemm-512: task azure-gemm-512 failed after 7 retries: <nil>
[2025-12-04T17:20:47Z] [[31merror[0m] [task_execution] Error executing task azure-gemm-512: task azure-gemm-512 failed after 7 retries: <nil>
[2025-12-04T17:20:47Z] [[31merror[0m] [task_execution] Error executing task azure-gemm-512: task azure-gemm-512 failed after 7 retries: <nil>
[2025-12-04T17:20:47Z] [[31merror[0m] [task_execution] Error executing task azure-gemm-512: task azure-gemm-512 failed after 7 retries: <nil>
[2025-12-04T17:20:47Z] [[31merror[0m] [task_execution] Error executing task azure-gemm-512: task azure-gemm-512 failed after 7 retries: <nil>
[2025-12-04T17:20:47Z] [[31merror[0m] [task_execution] Error executing task azure-gemm-512: task azure-gemm-512 failed after 7 retries: <nil>
[2025-12-04T17:20:48Z] [[31merror[0m] [task_execution] Error executing task azure-gemm-512: task azure-gemm-512 failed after 7 retries: <nil>
[2025-12-04T17:20:48Z] [[31merror[0m] [task_execution] Error executing task azure-gemm-512: task azure-gemm-512 failed after 7 retries: <nil>
[2025-12-04T17:20:48Z] [[31merror[0m] [task_execution] Error executing task azure-gemm-512: task azure-gemm-512 failed after 7 retries: <nil>
[2025-12-04T17:20:48Z] [[31merror[0m] [task_execution] Error executing task azure-gemm-512: task azure-gemm-512 failed after 7 retries: <nil>
[2025-12-04T17:20:48Z] [[31merror[0m] [task_execution] Error executing task azure-gemm-512: task azure-gemm-512 failed after 7 retries: <nil>
[2025-12-04T17:20:48Z] [[31merror[0m] [task_execution] Error executing task azure-gemm-512: task azure-gemm-512 failed after 7 retries: <nil>
[2025-12-04T17:20:49Z] [[31merror[0m] [task_execution] Error executing task azure-gemm-512: task azure-gemm-512 failed after 7 retries: <nil>
[2025-12-04T17:20:56Z] [[36minfo[0m] [progress_update] aws-us-east-1-aws-gemm-512-512-370: 2500/2500 tasks started.alibaba-us-east-1-alibaba-gemm-512-512-822: 2500/2500 tasks started.gcp-us-east1-gcp-gemm-512-512-555: 2500/2500 tasks started.azure-germanywestcentral-azure-gemm-512-512-212: 2500/2500 tasks started.
[2025-12-04T17:21:06Z] [[36minfo[0m] [progress_update] azure-germanywestcentral-azure-gemm-512-512-212: 2500/2500 tasks started.aws-us-east-1-aws-gemm-512-512-370: 2500/2500 tasks started.alibaba-us-east-1-alibaba-gemm-512-512-822: 2500/2500 tasks started.gcp-us-east1-gcp-gemm-512-512-555: 2500/2500 tasks started.
[2025-12-04T17:21:13Z] [[31merror[0m] [task_execution] Error executing task azure-gemm-512: task azure-gemm-512 failed after 7 retries: <nil>
[2025-12-04T17:21:13Z] [[31merror[0m] [task_execution] Error executing task azure-gemm-512: task azure-gemm-512 failed after 7 retries: <nil>
[2025-12-04T17:21:13Z] [[31merror[0m] [task_execution] Error executing task azure-gemm-512: task azure-gemm-512 failed after 7 retries: <nil>
[2025-12-04T17:21:14Z] [[31merror[0m] [task_execution] Error executing task azure-gemm-512: task azure-gemm-512 failed after 7 retries: <nil>
[2025-12-04T17:21:14Z] [[31merror[0m] [task_execution] Error executing task azure-gemm-512: task azure-gemm-512 failed after 7 retries: <nil>
[2025-12-04T17:21:16Z] [[36minfo[0m] [progress_update] aws-us-east-1-aws-gemm-512-512-370: 2500/2500 tasks started.alibaba-us-east-1-alibaba-gemm-512-512-822: 2500/2500 tasks started.gcp-us-east1-gcp-gemm-512-512-555: 2500/2500 tasks started.azure-germanywestcentral-azure-gemm-512-512-212: 2500/2500 tasks started.
[2025-12-04T17:21:17Z] [[31merror[0m] [task_execution] Error executing task azure-gemm-512: task azure-gemm-512 failed after 7 retries: <nil>
[2025-12-04T17:21:17Z] [[31merror[0m] [task_execution] Error executing task azure-gemm-512: task azure-gemm-512 failed after 7 retries: <nil>
[2025-12-04T17:21:24Z] [[31merror[0m] [task_execution] Error executing task azure-gemm-512: task azure-gemm-512 failed after 7 retries: <nil>
[2025-12-04T17:21:26Z] [[36minfo[0m] [progress_update] azure-germanywestcentral-azure-gemm-512-512-212: 2500/2500 tasks started.aws-us-east-1-aws-gemm-512-512-370: 2500/2500 tasks started.alibaba-us-east-1-alibaba-gemm-512-512-822: 2500/2500 tasks started.gcp-us-east1-gcp-gemm-512-512-555: 2500/2500 tasks started.
[2025-12-04T17:21:31Z] [[31merror[0m] [task_execution] Error executing task azure-gemm-512: task azure-gemm-512 failed after 7 retries: <nil>
[2025-12-04T17:21:36Z] [[36minfo[0m] [progress_update] aws-us-east-1-aws-gemm-512-512-370: 2500/2500 tasks started.alibaba-us-east-1-alibaba-gemm-512-512-822: 2500/2500 tasks started.gcp-us-east1-gcp-gemm-512-512-555: 2500/2500 tasks started.azure-germanywestcentral-azure-gemm-512-512-212: 2500/2500 tasks started.
[2025-12-04T17:21:36Z] [[36minfo[0m] [function_finished] Finished benchmarking function azure-gemm-512 and closed archiver
[2025-12-04T17:21:38Z] [[36minfo[0m] [finish_timeline] Benchmark Timeline
[Thu Dec  4 17:21:38 UTC 2025] Finished benchmark 'gemm' successfully
[Thu Dec  4 17:21:38 UTC 2025] Sleeping 600 seconds before next workload...
