[Sat Dec  6 11:31:49 UTC 2025] Starting benchmark 'gemm' with config './configs/gemm.yaml'
Validating functions...
[2025-12-06T11:31:49Z] [[36minfo[0m] [executor_setup] Setting up executor for aws-us-east-1-aws-gemm-512-512-865
[2025-12-06T11:31:49Z] [[36minfo[0m] [executor_setup] Setting up executor for alibaba-us-east-1-alibaba-gemm-512-512-590
[2025-12-06T11:31:49Z] [[36minfo[0m] [executor_setup] Setting up executor for gcp-us-east1-gcp-gemm-512-512-10
[2025-12-06T11:31:49Z] [[36minfo[0m] [executor_setup] Setting up executor for azure-germanywestcentral-azure-gemm-512-512-401
[2025-12-06T11:31:49Z] [[0mwarning[0m] [[32mazure_limitations[0m] Azure can´t handle more than 300 parallel requests. Limiting to 300.
[2025-12-06T11:31:49Z] [[36minfo[0m] [start_timeline] Benchmark Timeline
[2025-12-06T11:31:49Z] [[36minfo[0m] [load_generator_start] (azure: germanywestcentral) Starting load generator with 300 workers
[2025-12-06T11:31:49Z] [[36minfo[0m] [load_generator_start] (aws: us-east-1) Starting load generator with 500 workers
[2025-12-06T11:31:49Z] [[36minfo[0m] [load_generator_start] (alibaba: us-east-1) Starting load generator with 500 workers
[2025-12-06T11:31:49Z] [[36minfo[0m] [load_generator_start] (gcp: us-east1) Starting load generator with 500 workers
[2025-12-06T11:31:59Z] [[36minfo[0m] [progress_update] gcp-us-east1-gcp-gemm-512-512-10: 1749/2500 tasks started.azure-germanywestcentral-azure-gemm-512-512-401: 683/2500 tasks started.aws-us-east-1-aws-gemm-512-512-865: 1559/2500 tasks started.alibaba-us-east-1-alibaba-gemm-512-512-590: 1268/2500 tasks started.
[2025-12-06T11:32:09Z] [[36minfo[0m] [progress_update] aws-us-east-1-aws-gemm-512-512-865: 2500/2500 tasks started.alibaba-us-east-1-alibaba-gemm-512-512-590: 2438/2500 tasks started.gcp-us-east1-gcp-gemm-512-512-10: 2500/2500 tasks started.azure-germanywestcentral-azure-gemm-512-512-401: 685/2500 tasks started.
[2025-12-06T11:32:19Z] [[36minfo[0m] [progress_update] aws-us-east-1-aws-gemm-512-512-865: 2500/2500 tasks started.alibaba-us-east-1-alibaba-gemm-512-512-590: 2500/2500 tasks started.gcp-us-east1-gcp-gemm-512-512-10: 2500/2500 tasks started.azure-germanywestcentral-azure-gemm-512-512-401: 1369/2500 tasks started.
[2025-12-06T11:32:20Z] [[36minfo[0m] [function_finished] Finished benchmarking function aws-gemm-512 and closed archiver
[2025-12-06T11:32:27Z] [[36minfo[0m] [function_finished] Finished benchmarking function gcp-gemm-512 and closed archiver
[2025-12-06T11:32:29Z] [[36minfo[0m] [progress_update] azure-germanywestcentral-azure-gemm-512-512-401: 1911/2500 tasks started.aws-us-east-1-aws-gemm-512-512-865: 2500/2500 tasks started.alibaba-us-east-1-alibaba-gemm-512-512-590: 2500/2500 tasks started.gcp-us-east1-gcp-gemm-512-512-10: 2500/2500 tasks started.
[2025-12-06T11:32:39Z] [[36minfo[0m] [progress_update] alibaba-us-east-1-alibaba-gemm-512-512-590: 2500/2500 tasks started.gcp-us-east1-gcp-gemm-512-512-10: 2500/2500 tasks started.azure-germanywestcentral-azure-gemm-512-512-401: 2423/2500 tasks started.aws-us-east-1-aws-gemm-512-512-865: 2500/2500 tasks started.
[2025-12-06T11:32:49Z] [[36minfo[0m] [progress_update] alibaba-us-east-1-alibaba-gemm-512-512-590: 2500/2500 tasks started.gcp-us-east1-gcp-gemm-512-512-10: 2500/2500 tasks started.azure-germanywestcentral-azure-gemm-512-512-401: 2434/2500 tasks started.aws-us-east-1-aws-gemm-512-512-865: 2500/2500 tasks started.
[2025-12-06T11:32:59Z] [[36minfo[0m] [progress_update] aws-us-east-1-aws-gemm-512-512-865: 2500/2500 tasks started.alibaba-us-east-1-alibaba-gemm-512-512-590: 2500/2500 tasks started.gcp-us-east1-gcp-gemm-512-512-10: 2500/2500 tasks started.azure-germanywestcentral-azure-gemm-512-512-401: 2481/2500 tasks started.
[2025-12-06T11:33:09Z] [[36minfo[0m] [progress_update] aws-us-east-1-aws-gemm-512-512-865: 2500/2500 tasks started.alibaba-us-east-1-alibaba-gemm-512-512-590: 2500/2500 tasks started.gcp-us-east1-gcp-gemm-512-512-10: 2500/2500 tasks started.azure-germanywestcentral-azure-gemm-512-512-401: 2500/2500 tasks started.
[2025-12-06T11:33:19Z] [[36minfo[0m] [progress_update] alibaba-us-east-1-alibaba-gemm-512-512-590: 2500/2500 tasks started.gcp-us-east1-gcp-gemm-512-512-10: 2500/2500 tasks started.azure-germanywestcentral-azure-gemm-512-512-401: 2500/2500 tasks started.aws-us-east-1-aws-gemm-512-512-865: 2500/2500 tasks started.
[2025-12-06T11:33:29Z] [[36minfo[0m] [progress_update] aws-us-east-1-aws-gemm-512-512-865: 2500/2500 tasks started.alibaba-us-east-1-alibaba-gemm-512-512-590: 2500/2500 tasks started.gcp-us-east1-gcp-gemm-512-512-10: 2500/2500 tasks started.azure-germanywestcentral-azure-gemm-512-512-401: 2500/2500 tasks started.
[2025-12-06T11:33:39Z] [[36minfo[0m] [progress_update] aws-us-east-1-aws-gemm-512-512-865: 2500/2500 tasks started.alibaba-us-east-1-alibaba-gemm-512-512-590: 2500/2500 tasks started.gcp-us-east1-gcp-gemm-512-512-10: 2500/2500 tasks started.azure-germanywestcentral-azure-gemm-512-512-401: 2500/2500 tasks started.
[2025-12-06T11:33:49Z] [[36minfo[0m] [progress_update] aws-us-east-1-aws-gemm-512-512-865: 2500/2500 tasks started.alibaba-us-east-1-alibaba-gemm-512-512-590: 2500/2500 tasks started.gcp-us-east1-gcp-gemm-512-512-10: 2500/2500 tasks started.azure-germanywestcentral-azure-gemm-512-512-401: 2500/2500 tasks started.
[2025-12-06T11:33:59Z] [[36minfo[0m] [progress_update] aws-us-east-1-aws-gemm-512-512-865: 2500/2500 tasks started.alibaba-us-east-1-alibaba-gemm-512-512-590: 2500/2500 tasks started.gcp-us-east1-gcp-gemm-512-512-10: 2500/2500 tasks started.azure-germanywestcentral-azure-gemm-512-512-401: 2500/2500 tasks started.
[2025-12-06T11:34:09Z] [[36minfo[0m] [progress_update] azure-germanywestcentral-azure-gemm-512-512-401: 2500/2500 tasks started.aws-us-east-1-aws-gemm-512-512-865: 2500/2500 tasks started.alibaba-us-east-1-alibaba-gemm-512-512-590: 2500/2500 tasks started.gcp-us-east1-gcp-gemm-512-512-10: 2500/2500 tasks started.
[2025-12-06T11:34:19Z] [[36minfo[0m] [function_finished] Finished benchmarking function alibaba-gemm-512 and closed archiver
[2025-12-06T11:34:19Z] [[36minfo[0m] [progress_update] aws-us-east-1-aws-gemm-512-512-865: 2500/2500 tasks started.alibaba-us-east-1-alibaba-gemm-512-512-590: 2500/2500 tasks started.gcp-us-east1-gcp-gemm-512-512-10: 2500/2500 tasks started.azure-germanywestcentral-azure-gemm-512-512-401: 2500/2500 tasks started.
[2025-12-06T11:34:29Z] [[36minfo[0m] [progress_update] azure-germanywestcentral-azure-gemm-512-512-401: 2500/2500 tasks started.aws-us-east-1-aws-gemm-512-512-865: 2500/2500 tasks started.alibaba-us-east-1-alibaba-gemm-512-512-590: 2500/2500 tasks started.gcp-us-east1-gcp-gemm-512-512-10: 2500/2500 tasks started.
[2025-12-06T11:34:39Z] [[36minfo[0m] [progress_update] aws-us-east-1-aws-gemm-512-512-865: 2500/2500 tasks started.alibaba-us-east-1-alibaba-gemm-512-512-590: 2500/2500 tasks started.gcp-us-east1-gcp-gemm-512-512-10: 2500/2500 tasks started.azure-germanywestcentral-azure-gemm-512-512-401: 2500/2500 tasks started.
[2025-12-06T11:34:49Z] [[36minfo[0m] [progress_update] aws-us-east-1-aws-gemm-512-512-865: 2500/2500 tasks started.alibaba-us-east-1-alibaba-gemm-512-512-590: 2500/2500 tasks started.gcp-us-east1-gcp-gemm-512-512-10: 2500/2500 tasks started.azure-germanywestcentral-azure-gemm-512-512-401: 2500/2500 tasks started.
[2025-12-06T11:34:59Z] [[36minfo[0m] [progress_update] aws-us-east-1-aws-gemm-512-512-865: 2500/2500 tasks started.alibaba-us-east-1-alibaba-gemm-512-512-590: 2500/2500 tasks started.gcp-us-east1-gcp-gemm-512-512-10: 2500/2500 tasks started.azure-germanywestcentral-azure-gemm-512-512-401: 2500/2500 tasks started.
[2025-12-06T11:35:09Z] [[36minfo[0m] [progress_update] aws-us-east-1-aws-gemm-512-512-865: 2500/2500 tasks started.alibaba-us-east-1-alibaba-gemm-512-512-590: 2500/2500 tasks started.gcp-us-east1-gcp-gemm-512-512-10: 2500/2500 tasks started.azure-germanywestcentral-azure-gemm-512-512-401: 2500/2500 tasks started.
[2025-12-06T11:35:19Z] [[36minfo[0m] [progress_update] alibaba-us-east-1-alibaba-gemm-512-512-590: 2500/2500 tasks started.gcp-us-east1-gcp-gemm-512-512-10: 2500/2500 tasks started.azure-germanywestcentral-azure-gemm-512-512-401: 2500/2500 tasks started.aws-us-east-1-aws-gemm-512-512-865: 2500/2500 tasks started.
[2025-12-06T11:35:29Z] [[36minfo[0m] [progress_update] gcp-us-east1-gcp-gemm-512-512-10: 2500/2500 tasks started.azure-germanywestcentral-azure-gemm-512-512-401: 2500/2500 tasks started.aws-us-east-1-aws-gemm-512-512-865: 2500/2500 tasks started.alibaba-us-east-1-alibaba-gemm-512-512-590: 2500/2500 tasks started.
[2025-12-06T11:35:39Z] [[36minfo[0m] [progress_update] aws-us-east-1-aws-gemm-512-512-865: 2500/2500 tasks started.alibaba-us-east-1-alibaba-gemm-512-512-590: 2500/2500 tasks started.gcp-us-east1-gcp-gemm-512-512-10: 2500/2500 tasks started.azure-germanywestcentral-azure-gemm-512-512-401: 2500/2500 tasks started.
[2025-12-06T11:35:49Z] [[36minfo[0m] [progress_update] aws-us-east-1-aws-gemm-512-512-865: 2500/2500 tasks started.alibaba-us-east-1-alibaba-gemm-512-512-590: 2500/2500 tasks started.gcp-us-east1-gcp-gemm-512-512-10: 2500/2500 tasks started.azure-germanywestcentral-azure-gemm-512-512-401: 2500/2500 tasks started.
[2025-12-06T11:35:59Z] [[36minfo[0m] [progress_update] aws-us-east-1-aws-gemm-512-512-865: 2500/2500 tasks started.alibaba-us-east-1-alibaba-gemm-512-512-590: 2500/2500 tasks started.gcp-us-east1-gcp-gemm-512-512-10: 2500/2500 tasks started.azure-germanywestcentral-azure-gemm-512-512-401: 2500/2500 tasks started.
[2025-12-06T11:36:09Z] [[36minfo[0m] [progress_update] alibaba-us-east-1-alibaba-gemm-512-512-590: 2500/2500 tasks started.gcp-us-east1-gcp-gemm-512-512-10: 2500/2500 tasks started.azure-germanywestcentral-azure-gemm-512-512-401: 2500/2500 tasks started.aws-us-east-1-aws-gemm-512-512-865: 2500/2500 tasks started.
[2025-12-06T11:36:19Z] [[36minfo[0m] [progress_update] gcp-us-east1-gcp-gemm-512-512-10: 2500/2500 tasks started.azure-germanywestcentral-azure-gemm-512-512-401: 2500/2500 tasks started.aws-us-east-1-aws-gemm-512-512-865: 2500/2500 tasks started.alibaba-us-east-1-alibaba-gemm-512-512-590: 2500/2500 tasks started.
[2025-12-06T11:36:29Z] [[36minfo[0m] [progress_update] gcp-us-east1-gcp-gemm-512-512-10: 2500/2500 tasks started.azure-germanywestcentral-azure-gemm-512-512-401: 2500/2500 tasks started.aws-us-east-1-aws-gemm-512-512-865: 2500/2500 tasks started.alibaba-us-east-1-alibaba-gemm-512-512-590: 2500/2500 tasks started.
[2025-12-06T11:36:39Z] [[36minfo[0m] [progress_update] gcp-us-east1-gcp-gemm-512-512-10: 2500/2500 tasks started.azure-germanywestcentral-azure-gemm-512-512-401: 2500/2500 tasks started.aws-us-east-1-aws-gemm-512-512-865: 2500/2500 tasks started.alibaba-us-east-1-alibaba-gemm-512-512-590: 2500/2500 tasks started.
[2025-12-06T11:36:49Z] [[36minfo[0m] [progress_update] aws-us-east-1-aws-gemm-512-512-865: 2500/2500 tasks started.alibaba-us-east-1-alibaba-gemm-512-512-590: 2500/2500 tasks started.gcp-us-east1-gcp-gemm-512-512-10: 2500/2500 tasks started.azure-germanywestcentral-azure-gemm-512-512-401: 2500/2500 tasks started.
[2025-12-06T11:36:50Z] [[31merror[0m] [task_execution] Error executing task azure-gemm-512: task azure-gemm-512 failed after 7 retries: <nil>
[2025-12-06T11:36:50Z] [[31merror[0m] [task_execution] Error executing task azure-gemm-512: task azure-gemm-512 failed after 7 retries: <nil>
[2025-12-06T11:36:50Z] [[31merror[0m] [task_execution] Error executing task azure-gemm-512: task azure-gemm-512 failed after 7 retries: <nil>
[2025-12-06T11:36:50Z] [[31merror[0m] [task_execution] Error executing task azure-gemm-512: task azure-gemm-512 failed after 7 retries: <nil>
[2025-12-06T11:36:50Z] [[31merror[0m] [task_execution] Error executing task azure-gemm-512: task azure-gemm-512 failed after 7 retries: <nil>
[2025-12-06T11:36:51Z] [[31merror[0m] [task_execution] Error executing task azure-gemm-512: task azure-gemm-512 failed after 7 retries: <nil>
[2025-12-06T11:36:51Z] [[31merror[0m] [task_execution] Error executing task azure-gemm-512: task azure-gemm-512 failed after 7 retries: <nil>
[2025-12-06T11:36:51Z] [[31merror[0m] [task_execution] Error executing task azure-gemm-512: task azure-gemm-512 failed after 7 retries: <nil>
[2025-12-06T11:36:51Z] [[31merror[0m] [task_execution] Error executing task azure-gemm-512: task azure-gemm-512 failed after 7 retries: <nil>
[2025-12-06T11:36:51Z] [[31merror[0m] [task_execution] Error executing task azure-gemm-512: task azure-gemm-512 failed after 7 retries: <nil>
[2025-12-06T11:36:51Z] [[31merror[0m] [task_execution] Error executing task azure-gemm-512: task azure-gemm-512 failed after 7 retries: <nil>
[2025-12-06T11:36:52Z] [[31merror[0m] [task_execution] Error executing task azure-gemm-512: task azure-gemm-512 failed after 7 retries: <nil>
[2025-12-06T11:36:57Z] [[36minfo[0m] [function_finished] Finished benchmarking function azure-gemm-512 and closed archiver
[2025-12-06T11:36:59Z] [[36minfo[0m] [finish_timeline] Benchmark Timeline
[Sat Dec  6 11:36:59 UTC 2025] Finished benchmark 'gemm' successfully
[Sat Dec  6 11:36:59 UTC 2025] Sleeping 600 seconds before next workload...
