[Mon Dec  1 23:30:43 UTC 2025] Starting benchmark 'json' with config './configs/json.yaml'
Validating functions...
[2025-12-01T23:30:43Z] [[36minfo[0m] [executor_setup] Setting up executor for aws-us-east-1-aws-json-512-512-656
[2025-12-01T23:30:43Z] [[36minfo[0m] [executor_setup] Setting up executor for alibaba-us-east-1-alibaba-json-512-512-4
[2025-12-01T23:30:43Z] [[36minfo[0m] [executor_setup] Setting up executor for azure-germanywestcentral-azure-json-512-512-176
[2025-12-01T23:30:43Z] [[0mwarning[0m] [[32mazure_limitations[0m] Azure can´t handle more than 300 parallel requests. Limiting to 300.
[2025-12-01T23:30:44Z] [[36minfo[0m] [executor_setup] Setting up executor for gcp-us-east1-gcp-json-512-512-51
[2025-12-01T23:30:44Z] [[36minfo[0m] [start_timeline] Benchmark Timeline
[2025-12-01T23:30:44Z] [[36minfo[0m] [load_generator_start] (aws: us-east-1) Starting load generator with 500 workers
[2025-12-01T23:30:44Z] [[36minfo[0m] [load_generator_start] (gcp: us-east1) Starting load generator with 300 workers
[2025-12-01T23:30:44Z] [[36minfo[0m] [load_generator_start] (alibaba: us-east-1) Starting load generator with 500 workers
[2025-12-01T23:30:44Z] [[36minfo[0m] [load_generator_start] (azure: germanywestcentral) Starting load generator with 300 workers
[2025-12-01T23:30:54Z] [[36minfo[0m] [progress_update] alibaba-us-east-1-alibaba-json-512-512-4: 1596/2500 tasks started.azure-germanywestcentral-azure-json-512-512-176: 634/2500 tasks started.gcp-us-east1-gcp-json-512-512-51: 1047/2500 tasks started.aws-us-east-1-aws-json-512-512-656: 1713/2500 tasks started.
[2025-12-01T23:31:04Z] [[36minfo[0m] [progress_update] azure-germanywestcentral-azure-json-512-512-176: 644/2500 tasks started.gcp-us-east1-gcp-json-512-512-51: 2027/2500 tasks started.aws-us-east-1-aws-json-512-512-656: 2500/2500 tasks started.alibaba-us-east-1-alibaba-json-512-512-4: 2500/2500 tasks started.
[2025-12-01T23:31:10Z] [[36minfo[0m] [function_finished] Finished benchmarking function aws-json-512 and closed archiver
[2025-12-01T23:31:14Z] [[36minfo[0m] [progress_update] azure-germanywestcentral-azure-json-512-512-176: 1290/2500 tasks started.gcp-us-east1-gcp-json-512-512-51: 2500/2500 tasks started.aws-us-east-1-aws-json-512-512-656: 2500/2500 tasks started.alibaba-us-east-1-alibaba-json-512-512-4: 2500/2500 tasks started.
[2025-12-01T23:31:24Z] [[36minfo[0m] [progress_update] aws-us-east-1-aws-json-512-512-656: 2500/2500 tasks started.alibaba-us-east-1-alibaba-json-512-512-4: 2500/2500 tasks started.azure-germanywestcentral-azure-json-512-512-176: 1817/2500 tasks started.gcp-us-east1-gcp-json-512-512-51: 2500/2500 tasks started.
[2025-12-01T23:31:34Z] [[36minfo[0m] [progress_update] aws-us-east-1-aws-json-512-512-656: 2500/2500 tasks started.alibaba-us-east-1-alibaba-json-512-512-4: 2500/2500 tasks started.azure-germanywestcentral-azure-json-512-512-176: 2228/2500 tasks started.gcp-us-east1-gcp-json-512-512-51: 2500/2500 tasks started.
[2025-12-01T23:31:37Z] [[36minfo[0m] [function_finished] Finished benchmarking function gcp-json-512 and closed archiver
[2025-12-01T23:31:44Z] [[36minfo[0m] [progress_update] aws-us-east-1-aws-json-512-512-656: 2500/2500 tasks started.alibaba-us-east-1-alibaba-json-512-512-4: 2500/2500 tasks started.azure-germanywestcentral-azure-json-512-512-176: 2241/2500 tasks started.gcp-us-east1-gcp-json-512-512-51: 2500/2500 tasks started.
[2025-12-01T23:31:54Z] [[36minfo[0m] [progress_update] gcp-us-east1-gcp-json-512-512-51: 2500/2500 tasks started.aws-us-east-1-aws-json-512-512-656: 2500/2500 tasks started.alibaba-us-east-1-alibaba-json-512-512-4: 2500/2500 tasks started.azure-germanywestcentral-azure-json-512-512-176: 2273/2500 tasks started.
[2025-12-01T23:32:04Z] [[36minfo[0m] [progress_update] azure-germanywestcentral-azure-json-512-512-176: 2340/2500 tasks started.gcp-us-east1-gcp-json-512-512-51: 2500/2500 tasks started.aws-us-east-1-aws-json-512-512-656: 2500/2500 tasks started.alibaba-us-east-1-alibaba-json-512-512-4: 2500/2500 tasks started.
[2025-12-01T23:32:14Z] [[36minfo[0m] [progress_update] aws-us-east-1-aws-json-512-512-656: 2500/2500 tasks started.alibaba-us-east-1-alibaba-json-512-512-4: 2500/2500 tasks started.azure-germanywestcentral-azure-json-512-512-176: 2377/2500 tasks started.gcp-us-east1-gcp-json-512-512-51: 2500/2500 tasks started.
[2025-12-01T23:32:24Z] [[36minfo[0m] [progress_update] azure-germanywestcentral-azure-json-512-512-176: 2459/2500 tasks started.gcp-us-east1-gcp-json-512-512-51: 2500/2500 tasks started.aws-us-east-1-aws-json-512-512-656: 2500/2500 tasks started.alibaba-us-east-1-alibaba-json-512-512-4: 2500/2500 tasks started.
[2025-12-01T23:32:34Z] [[36minfo[0m] [progress_update] azure-germanywestcentral-azure-json-512-512-176: 2500/2500 tasks started.gcp-us-east1-gcp-json-512-512-51: 2500/2500 tasks started.aws-us-east-1-aws-json-512-512-656: 2500/2500 tasks started.alibaba-us-east-1-alibaba-json-512-512-4: 2500/2500 tasks started.
[2025-12-01T23:32:44Z] [[36minfo[0m] [progress_update] aws-us-east-1-aws-json-512-512-656: 2500/2500 tasks started.alibaba-us-east-1-alibaba-json-512-512-4: 2500/2500 tasks started.azure-germanywestcentral-azure-json-512-512-176: 2500/2500 tasks started.gcp-us-east1-gcp-json-512-512-51: 2500/2500 tasks started.
[2025-12-01T23:32:54Z] [[36minfo[0m] [progress_update] aws-us-east-1-aws-json-512-512-656: 2500/2500 tasks started.alibaba-us-east-1-alibaba-json-512-512-4: 2500/2500 tasks started.azure-germanywestcentral-azure-json-512-512-176: 2500/2500 tasks started.gcp-us-east1-gcp-json-512-512-51: 2500/2500 tasks started.
[2025-12-01T23:33:04Z] [[36minfo[0m] [progress_update] alibaba-us-east-1-alibaba-json-512-512-4: 2500/2500 tasks started.azure-germanywestcentral-azure-json-512-512-176: 2500/2500 tasks started.gcp-us-east1-gcp-json-512-512-51: 2500/2500 tasks started.aws-us-east-1-aws-json-512-512-656: 2500/2500 tasks started.
[2025-12-01T23:33:05Z] [[36minfo[0m] [function_finished] Finished benchmarking function alibaba-json-512 and closed archiver
[2025-12-01T23:33:14Z] [[36minfo[0m] [progress_update] aws-us-east-1-aws-json-512-512-656: 2500/2500 tasks started.alibaba-us-east-1-alibaba-json-512-512-4: 2500/2500 tasks started.azure-germanywestcentral-azure-json-512-512-176: 2500/2500 tasks started.gcp-us-east1-gcp-json-512-512-51: 2500/2500 tasks started.
[2025-12-01T23:33:24Z] [[36minfo[0m] [progress_update] aws-us-east-1-aws-json-512-512-656: 2500/2500 tasks started.alibaba-us-east-1-alibaba-json-512-512-4: 2500/2500 tasks started.azure-germanywestcentral-azure-json-512-512-176: 2500/2500 tasks started.gcp-us-east1-gcp-json-512-512-51: 2500/2500 tasks started.
[2025-12-01T23:33:34Z] [[36minfo[0m] [progress_update] azure-germanywestcentral-azure-json-512-512-176: 2500/2500 tasks started.gcp-us-east1-gcp-json-512-512-51: 2500/2500 tasks started.aws-us-east-1-aws-json-512-512-656: 2500/2500 tasks started.alibaba-us-east-1-alibaba-json-512-512-4: 2500/2500 tasks started.
[2025-12-01T23:33:44Z] [[36minfo[0m] [progress_update] aws-us-east-1-aws-json-512-512-656: 2500/2500 tasks started.alibaba-us-east-1-alibaba-json-512-512-4: 2500/2500 tasks started.azure-germanywestcentral-azure-json-512-512-176: 2500/2500 tasks started.gcp-us-east1-gcp-json-512-512-51: 2500/2500 tasks started.
[2025-12-01T23:33:54Z] [[36minfo[0m] [progress_update] aws-us-east-1-aws-json-512-512-656: 2500/2500 tasks started.alibaba-us-east-1-alibaba-json-512-512-4: 2500/2500 tasks started.azure-germanywestcentral-azure-json-512-512-176: 2500/2500 tasks started.gcp-us-east1-gcp-json-512-512-51: 2500/2500 tasks started.
[2025-12-01T23:34:04Z] [[36minfo[0m] [progress_update] aws-us-east-1-aws-json-512-512-656: 2500/2500 tasks started.alibaba-us-east-1-alibaba-json-512-512-4: 2500/2500 tasks started.azure-germanywestcentral-azure-json-512-512-176: 2500/2500 tasks started.gcp-us-east1-gcp-json-512-512-51: 2500/2500 tasks started.
[2025-12-01T23:34:14Z] [[36minfo[0m] [progress_update] aws-us-east-1-aws-json-512-512-656: 2500/2500 tasks started.alibaba-us-east-1-alibaba-json-512-512-4: 2500/2500 tasks started.azure-germanywestcentral-azure-json-512-512-176: 2500/2500 tasks started.gcp-us-east1-gcp-json-512-512-51: 2500/2500 tasks started.
[2025-12-01T23:34:24Z] [[36minfo[0m] [progress_update] aws-us-east-1-aws-json-512-512-656: 2500/2500 tasks started.alibaba-us-east-1-alibaba-json-512-512-4: 2500/2500 tasks started.azure-germanywestcentral-azure-json-512-512-176: 2500/2500 tasks started.gcp-us-east1-gcp-json-512-512-51: 2500/2500 tasks started.
[2025-12-01T23:34:34Z] [[36minfo[0m] [progress_update] azure-germanywestcentral-azure-json-512-512-176: 2500/2500 tasks started.gcp-us-east1-gcp-json-512-512-51: 2500/2500 tasks started.aws-us-east-1-aws-json-512-512-656: 2500/2500 tasks started.alibaba-us-east-1-alibaba-json-512-512-4: 2500/2500 tasks started.
[2025-12-01T23:34:44Z] [[36minfo[0m] [progress_update] aws-us-east-1-aws-json-512-512-656: 2500/2500 tasks started.alibaba-us-east-1-alibaba-json-512-512-4: 2500/2500 tasks started.azure-germanywestcentral-azure-json-512-512-176: 2500/2500 tasks started.gcp-us-east1-gcp-json-512-512-51: 2500/2500 tasks started.
[2025-12-01T23:34:54Z] [[36minfo[0m] [progress_update] alibaba-us-east-1-alibaba-json-512-512-4: 2500/2500 tasks started.azure-germanywestcentral-azure-json-512-512-176: 2500/2500 tasks started.gcp-us-east1-gcp-json-512-512-51: 2500/2500 tasks started.aws-us-east-1-aws-json-512-512-656: 2500/2500 tasks started.
[2025-12-01T23:35:04Z] [[36minfo[0m] [progress_update] aws-us-east-1-aws-json-512-512-656: 2500/2500 tasks started.alibaba-us-east-1-alibaba-json-512-512-4: 2500/2500 tasks started.azure-germanywestcentral-azure-json-512-512-176: 2500/2500 tasks started.gcp-us-east1-gcp-json-512-512-51: 2500/2500 tasks started.
[2025-12-01T23:35:14Z] [[36minfo[0m] [progress_update] aws-us-east-1-aws-json-512-512-656: 2500/2500 tasks started.alibaba-us-east-1-alibaba-json-512-512-4: 2500/2500 tasks started.azure-germanywestcentral-azure-json-512-512-176: 2500/2500 tasks started.gcp-us-east1-gcp-json-512-512-51: 2500/2500 tasks started.
[2025-12-01T23:35:23Z] [[31merror[0m] [task_execution] Error executing task azure-json-512: task azure-json-512 failed after 7 retries: <nil>
[2025-12-01T23:35:23Z] [[31merror[0m] [task_execution] Error executing task azure-json-512: task azure-json-512 failed after 7 retries: <nil>
[2025-12-01T23:35:23Z] [[31merror[0m] [task_execution] Error executing task azure-json-512: task azure-json-512 failed after 7 retries: <nil>
[2025-12-01T23:35:23Z] [[31merror[0m] [task_execution] Error executing task azure-json-512: task azure-json-512 failed after 7 retries: <nil>
[2025-12-01T23:35:23Z] [[31merror[0m] [task_execution] Error executing task azure-json-512: task azure-json-512 failed after 7 retries: <nil>
[2025-12-01T23:35:23Z] [[31merror[0m] [task_execution] Error executing task azure-json-512: task azure-json-512 failed after 7 retries: <nil>
[2025-12-01T23:35:23Z] [[31merror[0m] [task_execution] Error executing task azure-json-512: task azure-json-512 failed after 7 retries: <nil>
[2025-12-01T23:35:23Z] [[31merror[0m] [task_execution] Error executing task azure-json-512: task azure-json-512 failed after 7 retries: <nil>
[2025-12-01T23:35:24Z] [[36minfo[0m] [progress_update] aws-us-east-1-aws-json-512-512-656: 2500/2500 tasks started.alibaba-us-east-1-alibaba-json-512-512-4: 2500/2500 tasks started.azure-germanywestcentral-azure-json-512-512-176: 2500/2500 tasks started.gcp-us-east1-gcp-json-512-512-51: 2500/2500 tasks started.
[2025-12-01T23:35:34Z] [[36minfo[0m] [progress_update] gcp-us-east1-gcp-json-512-512-51: 2500/2500 tasks started.aws-us-east-1-aws-json-512-512-656: 2500/2500 tasks started.alibaba-us-east-1-alibaba-json-512-512-4: 2500/2500 tasks started.azure-germanywestcentral-azure-json-512-512-176: 2500/2500 tasks started.
[2025-12-01T23:35:41Z] [[31merror[0m] [task_execution] Error executing task azure-json-512: task azure-json-512 failed after 7 retries: <nil>
[2025-12-01T23:35:41Z] [[31merror[0m] [task_execution] Error executing task azure-json-512: task azure-json-512 failed after 7 retries: <nil>
[2025-12-01T23:35:41Z] [[31merror[0m] [task_execution] Error executing task azure-json-512: task azure-json-512 failed after 7 retries: <nil>
[2025-12-01T23:35:41Z] [[31merror[0m] [task_execution] Error executing task azure-json-512: task azure-json-512 failed after 7 retries: <nil>
[2025-12-01T23:35:41Z] [[31merror[0m] [task_execution] Error executing task azure-json-512: task azure-json-512 failed after 7 retries: <nil>
[2025-12-01T23:35:41Z] [[31merror[0m] [task_execution] Error executing task azure-json-512: task azure-json-512 failed after 7 retries: <nil>
[2025-12-01T23:35:42Z] [[31merror[0m] [task_execution] Error executing task azure-json-512: task azure-json-512 failed after 7 retries: <nil>
[2025-12-01T23:35:42Z] [[31merror[0m] [task_execution] Error executing task azure-json-512: task azure-json-512 failed after 7 retries: <nil>
[2025-12-01T23:35:42Z] [[31merror[0m] [task_execution] Error executing task azure-json-512: task azure-json-512 failed after 7 retries: <nil>
[2025-12-01T23:35:42Z] [[31merror[0m] [task_execution] Error executing task azure-json-512: task azure-json-512 failed after 7 retries: <nil>
[2025-12-01T23:35:42Z] [[31merror[0m] [task_execution] Error executing task azure-json-512: task azure-json-512 failed after 7 retries: <nil>
[2025-12-01T23:35:42Z] [[31merror[0m] [task_execution] Error executing task azure-json-512: task azure-json-512 failed after 7 retries: <nil>
[2025-12-01T23:35:42Z] [[31merror[0m] [task_execution] Error executing task azure-json-512: task azure-json-512 failed after 7 retries: <nil>
[2025-12-01T23:35:42Z] [[31merror[0m] [task_execution] Error executing task azure-json-512: task azure-json-512 failed after 7 retries: <nil>
[2025-12-01T23:35:42Z] [[31merror[0m] [task_execution] Error executing task azure-json-512: task azure-json-512 failed after 7 retries: <nil>
[2025-12-01T23:35:42Z] [[31merror[0m] [task_execution] Error executing task azure-json-512: task azure-json-512 failed after 7 retries: <nil>
[2025-12-01T23:35:43Z] [[31merror[0m] [task_execution] Error executing task azure-json-512: task azure-json-512 failed after 7 retries: <nil>
[2025-12-01T23:35:43Z] [[31merror[0m] [task_execution] Error executing task azure-json-512: task azure-json-512 failed after 7 retries: <nil>
[2025-12-01T23:35:43Z] [[31merror[0m] [task_execution] Error executing task azure-json-512: task azure-json-512 failed after 7 retries: <nil>
[2025-12-01T23:35:43Z] [[31merror[0m] [task_execution] Error executing task azure-json-512: task azure-json-512 failed after 7 retries: <nil>
[2025-12-01T23:35:43Z] [[31merror[0m] [task_execution] Error executing task azure-json-512: task azure-json-512 failed after 7 retries: <nil>
[2025-12-01T23:35:43Z] [[31merror[0m] [task_execution] Error executing task azure-json-512: task azure-json-512 failed after 7 retries: <nil>
[2025-12-01T23:35:43Z] [[31merror[0m] [task_execution] Error executing task azure-json-512: task azure-json-512 failed after 7 retries: <nil>
[2025-12-01T23:35:43Z] [[31merror[0m] [task_execution] Error executing task azure-json-512: task azure-json-512 failed after 7 retries: <nil>
[2025-12-01T23:35:43Z] [[31merror[0m] [task_execution] Error executing task azure-json-512: task azure-json-512 failed after 7 retries: <nil>
[2025-12-01T23:35:43Z] [[31merror[0m] [task_execution] Error executing task azure-json-512: task azure-json-512 failed after 7 retries: <nil>
[2025-12-01T23:35:43Z] [[31merror[0m] [task_execution] Error executing task azure-json-512: task azure-json-512 failed after 7 retries: <nil>
[2025-12-01T23:35:43Z] [[31merror[0m] [task_execution] Error executing task azure-json-512: task azure-json-512 failed after 7 retries: <nil>
[2025-12-01T23:35:43Z] [[31merror[0m] [task_execution] Error executing task azure-json-512: task azure-json-512 failed after 7 retries: <nil>
[2025-12-01T23:35:43Z] [[31merror[0m] [task_execution] Error executing task azure-json-512: task azure-json-512 failed after 7 retries: <nil>
[2025-12-01T23:35:43Z] [[31merror[0m] [task_execution] Error executing task azure-json-512: task azure-json-512 failed after 7 retries: <nil>
[2025-12-01T23:35:43Z] [[31merror[0m] [task_execution] Error executing task azure-json-512: task azure-json-512 failed after 7 retries: <nil>
[2025-12-01T23:35:43Z] [[31merror[0m] [task_execution] Error executing task azure-json-512: task azure-json-512 failed after 7 retries: <nil>
[2025-12-01T23:35:43Z] [[31merror[0m] [task_execution] Error executing task azure-json-512: task azure-json-512 failed after 7 retries: <nil>
[2025-12-01T23:35:43Z] [[31merror[0m] [task_execution] Error executing task azure-json-512: task azure-json-512 failed after 7 retries: <nil>
[2025-12-01T23:35:43Z] [[31merror[0m] [task_execution] Error executing task azure-json-512: task azure-json-512 failed after 7 retries: <nil>
[2025-12-01T23:35:43Z] [[31merror[0m] [task_execution] Error executing task azure-json-512: task azure-json-512 failed after 7 retries: <nil>
[2025-12-01T23:35:43Z] [[31merror[0m] [task_execution] Error executing task azure-json-512: task azure-json-512 failed after 7 retries: <nil>
[2025-12-01T23:35:43Z] [[31merror[0m] [task_execution] Error executing task azure-json-512: task azure-json-512 failed after 7 retries: <nil>
[2025-12-01T23:35:43Z] [[31merror[0m] [task_execution] Error executing task azure-json-512: task azure-json-512 failed after 7 retries: <nil>
[2025-12-01T23:35:44Z] [[36minfo[0m] [progress_update] aws-us-east-1-aws-json-512-512-656: 2500/2500 tasks started.alibaba-us-east-1-alibaba-json-512-512-4: 2500/2500 tasks started.azure-germanywestcentral-azure-json-512-512-176: 2500/2500 tasks started.gcp-us-east1-gcp-json-512-512-51: 2500/2500 tasks started.
[2025-12-01T23:35:44Z] [[31merror[0m] [task_execution] Error executing task azure-json-512: task azure-json-512 failed after 7 retries: <nil>
[2025-12-01T23:35:44Z] [[31merror[0m] [task_execution] Error executing task azure-json-512: task azure-json-512 failed after 7 retries: <nil>
[2025-12-01T23:35:44Z] [[31merror[0m] [task_execution] Error executing task azure-json-512: task azure-json-512 failed after 7 retries: <nil>
[2025-12-01T23:35:45Z] [[31merror[0m] [task_execution] Error executing task azure-json-512: task azure-json-512 failed after 7 retries: <nil>
[2025-12-01T23:35:45Z] [[31merror[0m] [task_execution] Error executing task azure-json-512: task azure-json-512 failed after 7 retries: <nil>
[2025-12-01T23:35:45Z] [[31merror[0m] [task_execution] Error executing task azure-json-512: task azure-json-512 failed after 7 retries: <nil>
[2025-12-01T23:35:45Z] [[31merror[0m] [task_execution] Error executing task azure-json-512: task azure-json-512 failed after 7 retries: <nil>
[2025-12-01T23:35:45Z] [[31merror[0m] [task_execution] Error executing task azure-json-512: task azure-json-512 failed after 7 retries: <nil>
[2025-12-01T23:35:45Z] [[31merror[0m] [task_execution] Error executing task azure-json-512: task azure-json-512 failed after 7 retries: <nil>
[2025-12-01T23:35:46Z] [[31merror[0m] [task_execution] Error executing task azure-json-512: task azure-json-512 failed after 7 retries: <nil>
[2025-12-01T23:35:46Z] [[31merror[0m] [task_execution] Error executing task azure-json-512: task azure-json-512 failed after 7 retries: <nil>
[2025-12-01T23:35:46Z] [[31merror[0m] [task_execution] Error executing task azure-json-512: task azure-json-512 failed after 7 retries: <nil>
[2025-12-01T23:35:46Z] [[31merror[0m] [task_execution] Error executing task azure-json-512: task azure-json-512 failed after 7 retries: <nil>
[2025-12-01T23:35:46Z] [[31merror[0m] [task_execution] Error executing task azure-json-512: task azure-json-512 failed after 7 retries: <nil>
[2025-12-01T23:35:46Z] [[31merror[0m] [task_execution] Error executing task azure-json-512: task azure-json-512 failed after 7 retries: <nil>
[2025-12-01T23:35:46Z] [[31merror[0m] [task_execution] Error executing task azure-json-512: task azure-json-512 failed after 7 retries: <nil>
[2025-12-01T23:35:46Z] [[31merror[0m] [task_execution] Error executing task azure-json-512: task azure-json-512 failed after 7 retries: <nil>
[2025-12-01T23:35:46Z] [[31merror[0m] [task_execution] Error executing task azure-json-512: task azure-json-512 failed after 7 retries: <nil>
[2025-12-01T23:35:47Z] [[31merror[0m] [task_execution] Error executing task azure-json-512: task azure-json-512 failed after 7 retries: <nil>
[2025-12-01T23:35:47Z] [[31merror[0m] [task_execution] Error executing task azure-json-512: task azure-json-512 failed after 7 retries: <nil>
[2025-12-01T23:35:47Z] [[31merror[0m] [task_execution] Error executing task azure-json-512: task azure-json-512 failed after 7 retries: <nil>
[2025-12-01T23:35:48Z] [[31merror[0m] [task_execution] Error executing task azure-json-512: task azure-json-512 failed after 7 retries: <nil>
[2025-12-01T23:35:54Z] [[36minfo[0m] [progress_update] azure-germanywestcentral-azure-json-512-512-176: 2500/2500 tasks started.gcp-us-east1-gcp-json-512-512-51: 2500/2500 tasks started.aws-us-east-1-aws-json-512-512-656: 2500/2500 tasks started.alibaba-us-east-1-alibaba-json-512-512-4: 2500/2500 tasks started.
[2025-12-01T23:36:04Z] [[36minfo[0m] [progress_update] aws-us-east-1-aws-json-512-512-656: 2500/2500 tasks started.alibaba-us-east-1-alibaba-json-512-512-4: 2500/2500 tasks started.azure-germanywestcentral-azure-json-512-512-176: 2500/2500 tasks started.gcp-us-east1-gcp-json-512-512-51: 2500/2500 tasks started.
[2025-12-01T23:36:10Z] [[31merror[0m] [task_execution] Error executing task azure-json-512: task azure-json-512 failed after 7 retries: <nil>
[2025-12-01T23:36:10Z] [[31merror[0m] [task_execution] Error executing task azure-json-512: task azure-json-512 failed after 7 retries: <nil>
[2025-12-01T23:36:11Z] [[31merror[0m] [task_execution] Error executing task azure-json-512: task azure-json-512 failed after 7 retries: <nil>
[2025-12-01T23:36:11Z] [[31merror[0m] [task_execution] Error executing task azure-json-512: task azure-json-512 failed after 7 retries: <nil>
[2025-12-01T23:36:12Z] [[31merror[0m] [task_execution] Error executing task azure-json-512: task azure-json-512 failed after 7 retries: <nil>
[2025-12-01T23:36:12Z] [[31merror[0m] [task_execution] Error executing task azure-json-512: task azure-json-512 failed after 7 retries: <nil>
[2025-12-01T23:36:12Z] [[31merror[0m] [task_execution] Error executing task azure-json-512: task azure-json-512 failed after 7 retries: <nil>
[2025-12-01T23:36:13Z] [[31merror[0m] [task_execution] Error executing task azure-json-512: task azure-json-512 failed after 7 retries: <nil>
[2025-12-01T23:36:13Z] [[31merror[0m] [task_execution] Error executing task azure-json-512: task azure-json-512 failed after 7 retries: <nil>
[2025-12-01T23:36:13Z] [[31merror[0m] [task_execution] Error executing task azure-json-512: task azure-json-512 failed after 7 retries: <nil>
[2025-12-01T23:36:13Z] [[31merror[0m] [task_execution] Error executing task azure-json-512: task azure-json-512 failed after 7 retries: <nil>
[2025-12-01T23:36:14Z] [[36minfo[0m] [progress_update] gcp-us-east1-gcp-json-512-512-51: 2500/2500 tasks started.aws-us-east-1-aws-json-512-512-656: 2500/2500 tasks started.alibaba-us-east-1-alibaba-json-512-512-4: 2500/2500 tasks started.azure-germanywestcentral-azure-json-512-512-176: 2500/2500 tasks started.
[2025-12-01T23:36:18Z] [[36minfo[0m] [function_finished] Finished benchmarking function azure-json-512 and closed archiver
[2025-12-01T23:36:20Z] [[36minfo[0m] [finish_timeline] Benchmark Timeline
[Mon Dec  1 23:36:20 UTC 2025] Finished benchmark 'json' successfully
[Mon Dec  1 23:36:20 UTC 2025] Sleeping 600 seconds before next workload...
