[Sun Nov 30 17:00:01 UTC 2025] Starting benchmark 'json' with config './configs/json.yaml'
Validating functions...
[2025-11-30T17:00:01Z] [[36minfo[0m] [executor_setup] Setting up executor for aws-us-east-1-aws-json-512-512-505
[2025-11-30T17:00:01Z] [[36minfo[0m] [executor_setup] Setting up executor for alibaba-us-east-1-alibaba-json-512-512-438
[2025-11-30T17:00:01Z] [[36minfo[0m] [executor_setup] Setting up executor for azure-germanywestcentral-azure-json-512-512-536
[2025-11-30T17:00:01Z] [[0mwarning[0m] [[32mazure_limitations[0m] Azure can´t handle more than 300 parallel requests. Limiting to 300.
[2025-11-30T17:00:01Z] [[36minfo[0m] [executor_setup] Setting up executor for gcp-us-east1-gcp-json-512-512-969
[2025-11-30T17:00:01Z] [[36minfo[0m] [start_timeline] Benchmark Timeline
[2025-11-30T17:00:01Z] [[36minfo[0m] [load_generator_start] (azure: germanywestcentral) Starting load generator with 300 workers
[2025-11-30T17:00:01Z] [[36minfo[0m] [load_generator_start] (gcp: us-east1) Starting load generator with 300 workers
[2025-11-30T17:00:01Z] [[36minfo[0m] [load_generator_start] (aws: us-east-1) Starting load generator with 500 workers
[2025-11-30T17:00:01Z] [[36minfo[0m] [load_generator_start] (alibaba: us-east-1) Starting load generator with 500 workers
[2025-11-30T17:00:11Z] [[36minfo[0m] [progress_update] azure-germanywestcentral-azure-json-512-512-536: 689/2500 tasks started.gcp-us-east1-gcp-json-512-512-969: 1047/2500 tasks started.aws-us-east-1-aws-json-512-512-505: 1705/2500 tasks started.alibaba-us-east-1-alibaba-json-512-512-438: 1564/2500 tasks started.
[2025-11-30T17:00:21Z] [[36minfo[0m] [progress_update] gcp-us-east1-gcp-json-512-512-969: 2017/2500 tasks started.aws-us-east-1-aws-json-512-512-505: 2500/2500 tasks started.alibaba-us-east-1-alibaba-json-512-512-438: 2500/2500 tasks started.azure-germanywestcentral-azure-json-512-512-536: 693/2500 tasks started.
[2025-11-30T17:00:26Z] [[36minfo[0m] [function_finished] Finished benchmarking function aws-json-512 and closed archiver
[2025-11-30T17:00:31Z] [[36minfo[0m] [progress_update] aws-us-east-1-aws-json-512-512-505: 2500/2500 tasks started.alibaba-us-east-1-alibaba-json-512-512-438: 2500/2500 tasks started.azure-germanywestcentral-azure-json-512-512-536: 1326/2500 tasks started.gcp-us-east1-gcp-json-512-512-969: 2500/2500 tasks started.
[2025-11-30T17:00:41Z] [[36minfo[0m] [progress_update] azure-germanywestcentral-azure-json-512-512-536: 1872/2500 tasks started.gcp-us-east1-gcp-json-512-512-969: 2500/2500 tasks started.aws-us-east-1-aws-json-512-512-505: 2500/2500 tasks started.alibaba-us-east-1-alibaba-json-512-512-438: 2500/2500 tasks started.
[2025-11-30T17:00:44Z] [[36minfo[0m] [function_finished] Finished benchmarking function gcp-json-512 and closed archiver
[2025-11-30T17:00:51Z] [[36minfo[0m] [progress_update] aws-us-east-1-aws-json-512-512-505: 2500/2500 tasks started.alibaba-us-east-1-alibaba-json-512-512-438: 2500/2500 tasks started.azure-germanywestcentral-azure-json-512-512-536: 2426/2500 tasks started.gcp-us-east1-gcp-json-512-512-969: 2500/2500 tasks started.
[2025-11-30T17:01:01Z] [[36minfo[0m] [progress_update] aws-us-east-1-aws-json-512-512-505: 2500/2500 tasks started.alibaba-us-east-1-alibaba-json-512-512-438: 2500/2500 tasks started.azure-germanywestcentral-azure-json-512-512-536: 2442/2500 tasks started.gcp-us-east1-gcp-json-512-512-969: 2500/2500 tasks started.
[2025-11-30T17:01:11Z] [[36minfo[0m] [progress_update] gcp-us-east1-gcp-json-512-512-969: 2500/2500 tasks started.aws-us-east-1-aws-json-512-512-505: 2500/2500 tasks started.alibaba-us-east-1-alibaba-json-512-512-438: 2500/2500 tasks started.azure-germanywestcentral-azure-json-512-512-536: 2500/2500 tasks started.
[2025-11-30T17:01:21Z] [[36minfo[0m] [progress_update] aws-us-east-1-aws-json-512-512-505: 2500/2500 tasks started.alibaba-us-east-1-alibaba-json-512-512-438: 2500/2500 tasks started.azure-germanywestcentral-azure-json-512-512-536: 2500/2500 tasks started.gcp-us-east1-gcp-json-512-512-969: 2500/2500 tasks started.
[2025-11-30T17:01:31Z] [[36minfo[0m] [progress_update] alibaba-us-east-1-alibaba-json-512-512-438: 2500/2500 tasks started.azure-germanywestcentral-azure-json-512-512-536: 2500/2500 tasks started.gcp-us-east1-gcp-json-512-512-969: 2500/2500 tasks started.aws-us-east-1-aws-json-512-512-505: 2500/2500 tasks started.
[2025-11-30T17:01:41Z] [[36minfo[0m] [progress_update] aws-us-east-1-aws-json-512-512-505: 2500/2500 tasks started.alibaba-us-east-1-alibaba-json-512-512-438: 2500/2500 tasks started.azure-germanywestcentral-azure-json-512-512-536: 2500/2500 tasks started.gcp-us-east1-gcp-json-512-512-969: 2500/2500 tasks started.
[2025-11-30T17:01:51Z] [[36minfo[0m] [progress_update] alibaba-us-east-1-alibaba-json-512-512-438: 2500/2500 tasks started.azure-germanywestcentral-azure-json-512-512-536: 2500/2500 tasks started.gcp-us-east1-gcp-json-512-512-969: 2500/2500 tasks started.aws-us-east-1-aws-json-512-512-505: 2500/2500 tasks started.
[2025-11-30T17:02:01Z] [[36minfo[0m] [progress_update] aws-us-east-1-aws-json-512-512-505: 2500/2500 tasks started.alibaba-us-east-1-alibaba-json-512-512-438: 2500/2500 tasks started.azure-germanywestcentral-azure-json-512-512-536: 2500/2500 tasks started.gcp-us-east1-gcp-json-512-512-969: 2500/2500 tasks started.
[2025-11-30T17:02:11Z] [[36minfo[0m] [progress_update] aws-us-east-1-aws-json-512-512-505: 2500/2500 tasks started.alibaba-us-east-1-alibaba-json-512-512-438: 2500/2500 tasks started.azure-germanywestcentral-azure-json-512-512-536: 2500/2500 tasks started.gcp-us-east1-gcp-json-512-512-969: 2500/2500 tasks started.
[2025-11-30T17:02:21Z] [[36minfo[0m] [progress_update] azure-germanywestcentral-azure-json-512-512-536: 2500/2500 tasks started.gcp-us-east1-gcp-json-512-512-969: 2500/2500 tasks started.aws-us-east-1-aws-json-512-512-505: 2500/2500 tasks started.alibaba-us-east-1-alibaba-json-512-512-438: 2500/2500 tasks started.
[2025-11-30T17:02:31Z] [[36minfo[0m] [progress_update] aws-us-east-1-aws-json-512-512-505: 2500/2500 tasks started.alibaba-us-east-1-alibaba-json-512-512-438: 2500/2500 tasks started.azure-germanywestcentral-azure-json-512-512-536: 2500/2500 tasks started.gcp-us-east1-gcp-json-512-512-969: 2500/2500 tasks started.
[2025-11-30T17:02:41Z] [[36minfo[0m] [progress_update] azure-germanywestcentral-azure-json-512-512-536: 2500/2500 tasks started.gcp-us-east1-gcp-json-512-512-969: 2500/2500 tasks started.aws-us-east-1-aws-json-512-512-505: 2500/2500 tasks started.alibaba-us-east-1-alibaba-json-512-512-438: 2500/2500 tasks started.
[2025-11-30T17:02:51Z] [[36minfo[0m] [progress_update] aws-us-east-1-aws-json-512-512-505: 2500/2500 tasks started.alibaba-us-east-1-alibaba-json-512-512-438: 2500/2500 tasks started.azure-germanywestcentral-azure-json-512-512-536: 2500/2500 tasks started.gcp-us-east1-gcp-json-512-512-969: 2500/2500 tasks started.
[2025-11-30T17:03:01Z] [[36minfo[0m] [progress_update] aws-us-east-1-aws-json-512-512-505: 2500/2500 tasks started.alibaba-us-east-1-alibaba-json-512-512-438: 2500/2500 tasks started.azure-germanywestcentral-azure-json-512-512-536: 2500/2500 tasks started.gcp-us-east1-gcp-json-512-512-969: 2500/2500 tasks started.
[2025-11-30T17:03:11Z] [[36minfo[0m] [progress_update] aws-us-east-1-aws-json-512-512-505: 2500/2500 tasks started.alibaba-us-east-1-alibaba-json-512-512-438: 2500/2500 tasks started.azure-germanywestcentral-azure-json-512-512-536: 2500/2500 tasks started.gcp-us-east1-gcp-json-512-512-969: 2500/2500 tasks started.
[2025-11-30T17:03:21Z] [[36minfo[0m] [progress_update] alibaba-us-east-1-alibaba-json-512-512-438: 2500/2500 tasks started.azure-germanywestcentral-azure-json-512-512-536: 2500/2500 tasks started.gcp-us-east1-gcp-json-512-512-969: 2500/2500 tasks started.aws-us-east-1-aws-json-512-512-505: 2500/2500 tasks started.
[2025-11-30T17:03:31Z] [[36minfo[0m] [progress_update] gcp-us-east1-gcp-json-512-512-969: 2500/2500 tasks started.aws-us-east-1-aws-json-512-512-505: 2500/2500 tasks started.alibaba-us-east-1-alibaba-json-512-512-438: 2500/2500 tasks started.azure-germanywestcentral-azure-json-512-512-536: 2500/2500 tasks started.
[2025-11-30T17:03:41Z] [[36minfo[0m] [progress_update] aws-us-east-1-aws-json-512-512-505: 2500/2500 tasks started.alibaba-us-east-1-alibaba-json-512-512-438: 2500/2500 tasks started.azure-germanywestcentral-azure-json-512-512-536: 2500/2500 tasks started.gcp-us-east1-gcp-json-512-512-969: 2500/2500 tasks started.
[2025-11-30T17:03:51Z] [[36minfo[0m] [progress_update] aws-us-east-1-aws-json-512-512-505: 2500/2500 tasks started.alibaba-us-east-1-alibaba-json-512-512-438: 2500/2500 tasks started.azure-germanywestcentral-azure-json-512-512-536: 2500/2500 tasks started.gcp-us-east1-gcp-json-512-512-969: 2500/2500 tasks started.
[2025-11-30T17:04:01Z] [[36minfo[0m] [progress_update] aws-us-east-1-aws-json-512-512-505: 2500/2500 tasks started.alibaba-us-east-1-alibaba-json-512-512-438: 2500/2500 tasks started.azure-germanywestcentral-azure-json-512-512-536: 2500/2500 tasks started.gcp-us-east1-gcp-json-512-512-969: 2500/2500 tasks started.
[2025-11-30T17:04:11Z] [[36minfo[0m] [progress_update] gcp-us-east1-gcp-json-512-512-969: 2500/2500 tasks started.aws-us-east-1-aws-json-512-512-505: 2500/2500 tasks started.alibaba-us-east-1-alibaba-json-512-512-438: 2500/2500 tasks started.azure-germanywestcentral-azure-json-512-512-536: 2500/2500 tasks started.
[2025-11-30T17:04:21Z] [[36minfo[0m] [progress_update] aws-us-east-1-aws-json-512-512-505: 2500/2500 tasks started.alibaba-us-east-1-alibaba-json-512-512-438: 2500/2500 tasks started.azure-germanywestcentral-azure-json-512-512-536: 2500/2500 tasks started.gcp-us-east1-gcp-json-512-512-969: 2500/2500 tasks started.
[2025-11-30T17:04:30Z] [[31merror[0m] [task_execution] Error executing task alibaba-json-512: task alibaba-json-512 failed after 7 retries: <nil>
[2025-11-30T17:04:31Z] [[36minfo[0m] [progress_update] aws-us-east-1-aws-json-512-512-505: 2500/2500 tasks started.alibaba-us-east-1-alibaba-json-512-512-438: 2500/2500 tasks started.azure-germanywestcentral-azure-json-512-512-536: 2500/2500 tasks started.gcp-us-east1-gcp-json-512-512-969: 2500/2500 tasks started.
[2025-11-30T17:04:35Z] [[36minfo[0m] [function_finished] Finished benchmarking function alibaba-json-512 and closed archiver
[2025-11-30T17:04:41Z] [[36minfo[0m] [progress_update] aws-us-east-1-aws-json-512-512-505: 2500/2500 tasks started.alibaba-us-east-1-alibaba-json-512-512-438: 2500/2500 tasks started.azure-germanywestcentral-azure-json-512-512-536: 2500/2500 tasks started.gcp-us-east1-gcp-json-512-512-969: 2500/2500 tasks started.
[2025-11-30T17:04:51Z] [[36minfo[0m] [progress_update] aws-us-east-1-aws-json-512-512-505: 2500/2500 tasks started.alibaba-us-east-1-alibaba-json-512-512-438: 2500/2500 tasks started.azure-germanywestcentral-azure-json-512-512-536: 2500/2500 tasks started.gcp-us-east1-gcp-json-512-512-969: 2500/2500 tasks started.
[2025-11-30T17:05:01Z] [[36minfo[0m] [progress_update] aws-us-east-1-aws-json-512-512-505: 2500/2500 tasks started.alibaba-us-east-1-alibaba-json-512-512-438: 2500/2500 tasks started.azure-germanywestcentral-azure-json-512-512-536: 2500/2500 tasks started.gcp-us-east1-gcp-json-512-512-969: 2500/2500 tasks started.
[2025-11-30T17:05:01Z] [[31merror[0m] [task_execution] Error executing task azure-json-512: task azure-json-512 failed after 7 retries: <nil>
[2025-11-30T17:05:01Z] [[31merror[0m] [task_execution] Error executing task azure-json-512: task azure-json-512 failed after 7 retries: <nil>
[2025-11-30T17:05:01Z] [[31merror[0m] [task_execution] Error executing task azure-json-512: task azure-json-512 failed after 7 retries: <nil>
[2025-11-30T17:05:02Z] [[31merror[0m] [task_execution] Error executing task azure-json-512: task azure-json-512 failed after 7 retries: <nil>
[2025-11-30T17:05:02Z] [[31merror[0m] [task_execution] Error executing task azure-json-512: task azure-json-512 failed after 7 retries: <nil>
[2025-11-30T17:05:02Z] [[31merror[0m] [task_execution] Error executing task azure-json-512: task azure-json-512 failed after 7 retries: <nil>
[2025-11-30T17:05:03Z] [[31merror[0m] [task_execution] Error executing task azure-json-512: task azure-json-512 failed after 7 retries: <nil>
[2025-11-30T17:05:04Z] [[31merror[0m] [task_execution] Error executing task azure-json-512: task azure-json-512 failed after 7 retries: <nil>
[2025-11-30T17:05:09Z] [[36minfo[0m] [function_finished] Finished benchmarking function azure-json-512 and closed archiver
[2025-11-30T17:05:11Z] [[36minfo[0m] [progress_update] alibaba-us-east-1-alibaba-json-512-512-438: 2500/2500 tasks started.azure-germanywestcentral-azure-json-512-512-536: 2500/2500 tasks started.gcp-us-east1-gcp-json-512-512-969: 2500/2500 tasks started.aws-us-east-1-aws-json-512-512-505: 2500/2500 tasks started.
[2025-11-30T17:05:11Z] [[36minfo[0m] [finish_timeline] Benchmark Timeline
[Sun Nov 30 17:05:11 UTC 2025] Finished benchmark 'json' successfully
[Sun Nov 30 17:05:11 UTC 2025] Sleeping 600 seconds before next workload...
