[Fri Dec  5 17:45:46 UTC 2025] Starting benchmark 'gemm' with config './configs/gemm.yaml'
Validating functions...
[2025-12-05T17:45:46Z] [[36minfo[0m] [executor_setup] Setting up executor for aws-us-east-1-aws-gemm-512-512-486
[2025-12-05T17:45:46Z] [[36minfo[0m] [executor_setup] Setting up executor for alibaba-us-east-1-alibaba-gemm-512-512-574
[2025-12-05T17:45:46Z] [[36minfo[0m] [executor_setup] Setting up executor for gcp-us-east1-gcp-gemm-512-512-263
[2025-12-05T17:45:46Z] [[36minfo[0m] [executor_setup] Setting up executor for azure-germanywestcentral-azure-gemm-512-512-360
[2025-12-05T17:45:46Z] [[0mwarning[0m] [[32mazure_limitations[0m] Azure can´t handle more than 300 parallel requests. Limiting to 300.
[2025-12-05T17:45:46Z] [[36minfo[0m] [start_timeline] Benchmark Timeline
[2025-12-05T17:45:46Z] [[36minfo[0m] [load_generator_start] (azure: germanywestcentral) Starting load generator with 300 workers
[2025-12-05T17:45:46Z] [[36minfo[0m] [load_generator_start] (aws: us-east-1) Starting load generator with 500 workers
[2025-12-05T17:45:46Z] [[36minfo[0m] [load_generator_start] (alibaba: us-east-1) Starting load generator with 500 workers
[2025-12-05T17:45:46Z] [[36minfo[0m] [load_generator_start] (gcp: us-east1) Starting load generator with 500 workers
[2025-12-05T17:45:56Z] [[36minfo[0m] [progress_update] aws-us-east-1-aws-gemm-512-512-486: 1627/2500 tasks started.alibaba-us-east-1-alibaba-gemm-512-512-574: 1298/2500 tasks started.gcp-us-east1-gcp-gemm-512-512-263: 1785/2500 tasks started.azure-germanywestcentral-azure-gemm-512-512-360: 657/2500 tasks started.
[2025-12-05T17:46:06Z] [[36minfo[0m] [progress_update] azure-germanywestcentral-azure-gemm-512-512-360: 663/2500 tasks started.aws-us-east-1-aws-gemm-512-512-486: 2500/2500 tasks started.alibaba-us-east-1-alibaba-gemm-512-512-574: 2472/2500 tasks started.gcp-us-east1-gcp-gemm-512-512-263: 2500/2500 tasks started.
[2025-12-05T17:46:16Z] [[36minfo[0m] [progress_update] aws-us-east-1-aws-gemm-512-512-486: 2500/2500 tasks started.alibaba-us-east-1-alibaba-gemm-512-512-574: 2500/2500 tasks started.gcp-us-east1-gcp-gemm-512-512-263: 2500/2500 tasks started.azure-germanywestcentral-azure-gemm-512-512-360: 1307/2500 tasks started.
[2025-12-05T17:46:17Z] [[36minfo[0m] [function_finished] Finished benchmarking function aws-gemm-512 and closed archiver
[2025-12-05T17:46:24Z] [[36minfo[0m] [function_finished] Finished benchmarking function gcp-gemm-512 and closed archiver
[2025-12-05T17:46:26Z] [[36minfo[0m] [progress_update] aws-us-east-1-aws-gemm-512-512-486: 2500/2500 tasks started.alibaba-us-east-1-alibaba-gemm-512-512-574: 2500/2500 tasks started.gcp-us-east1-gcp-gemm-512-512-263: 2500/2500 tasks started.azure-germanywestcentral-azure-gemm-512-512-360: 1853/2500 tasks started.
[2025-12-05T17:46:36Z] [[36minfo[0m] [progress_update] aws-us-east-1-aws-gemm-512-512-486: 2500/2500 tasks started.alibaba-us-east-1-alibaba-gemm-512-512-574: 2500/2500 tasks started.gcp-us-east1-gcp-gemm-512-512-263: 2500/2500 tasks started.azure-germanywestcentral-azure-gemm-512-512-360: 2323/2500 tasks started.
[2025-12-05T17:46:46Z] [[36minfo[0m] [progress_update] aws-us-east-1-aws-gemm-512-512-486: 2500/2500 tasks started.alibaba-us-east-1-alibaba-gemm-512-512-574: 2500/2500 tasks started.gcp-us-east1-gcp-gemm-512-512-263: 2500/2500 tasks started.azure-germanywestcentral-azure-gemm-512-512-360: 2329/2500 tasks started.
[2025-12-05T17:46:56Z] [[36minfo[0m] [progress_update] aws-us-east-1-aws-gemm-512-512-486: 2500/2500 tasks started.alibaba-us-east-1-alibaba-gemm-512-512-574: 2500/2500 tasks started.gcp-us-east1-gcp-gemm-512-512-263: 2500/2500 tasks started.azure-germanywestcentral-azure-gemm-512-512-360: 2500/2500 tasks started.
[2025-12-05T17:47:06Z] [[36minfo[0m] [progress_update] aws-us-east-1-aws-gemm-512-512-486: 2500/2500 tasks started.alibaba-us-east-1-alibaba-gemm-512-512-574: 2500/2500 tasks started.gcp-us-east1-gcp-gemm-512-512-263: 2500/2500 tasks started.azure-germanywestcentral-azure-gemm-512-512-360: 2500/2500 tasks started.
[2025-12-05T17:47:16Z] [[36minfo[0m] [progress_update] alibaba-us-east-1-alibaba-gemm-512-512-574: 2500/2500 tasks started.gcp-us-east1-gcp-gemm-512-512-263: 2500/2500 tasks started.azure-germanywestcentral-azure-gemm-512-512-360: 2500/2500 tasks started.aws-us-east-1-aws-gemm-512-512-486: 2500/2500 tasks started.
[2025-12-05T17:47:26Z] [[36minfo[0m] [progress_update] aws-us-east-1-aws-gemm-512-512-486: 2500/2500 tasks started.alibaba-us-east-1-alibaba-gemm-512-512-574: 2500/2500 tasks started.gcp-us-east1-gcp-gemm-512-512-263: 2500/2500 tasks started.azure-germanywestcentral-azure-gemm-512-512-360: 2500/2500 tasks started.
[2025-12-05T17:47:36Z] [[36minfo[0m] [progress_update] gcp-us-east1-gcp-gemm-512-512-263: 2500/2500 tasks started.azure-germanywestcentral-azure-gemm-512-512-360: 2500/2500 tasks started.aws-us-east-1-aws-gemm-512-512-486: 2500/2500 tasks started.alibaba-us-east-1-alibaba-gemm-512-512-574: 2500/2500 tasks started.
[2025-12-05T17:47:46Z] [[36minfo[0m] [progress_update] aws-us-east-1-aws-gemm-512-512-486: 2500/2500 tasks started.alibaba-us-east-1-alibaba-gemm-512-512-574: 2500/2500 tasks started.gcp-us-east1-gcp-gemm-512-512-263: 2500/2500 tasks started.azure-germanywestcentral-azure-gemm-512-512-360: 2500/2500 tasks started.
[2025-12-05T17:47:56Z] [[36minfo[0m] [progress_update] gcp-us-east1-gcp-gemm-512-512-263: 2500/2500 tasks started.azure-germanywestcentral-azure-gemm-512-512-360: 2500/2500 tasks started.aws-us-east-1-aws-gemm-512-512-486: 2500/2500 tasks started.alibaba-us-east-1-alibaba-gemm-512-512-574: 2500/2500 tasks started.
[2025-12-05T17:48:06Z] [[36minfo[0m] [progress_update] aws-us-east-1-aws-gemm-512-512-486: 2500/2500 tasks started.alibaba-us-east-1-alibaba-gemm-512-512-574: 2500/2500 tasks started.gcp-us-east1-gcp-gemm-512-512-263: 2500/2500 tasks started.azure-germanywestcentral-azure-gemm-512-512-360: 2500/2500 tasks started.
[2025-12-05T17:48:16Z] [[36minfo[0m] [progress_update] gcp-us-east1-gcp-gemm-512-512-263: 2500/2500 tasks started.azure-germanywestcentral-azure-gemm-512-512-360: 2500/2500 tasks started.aws-us-east-1-aws-gemm-512-512-486: 2500/2500 tasks started.alibaba-us-east-1-alibaba-gemm-512-512-574: 2500/2500 tasks started.
[2025-12-05T17:48:18Z] [[36minfo[0m] [function_finished] Finished benchmarking function alibaba-gemm-512 and closed archiver
[2025-12-05T17:48:26Z] [[36minfo[0m] [progress_update] aws-us-east-1-aws-gemm-512-512-486: 2500/2500 tasks started.alibaba-us-east-1-alibaba-gemm-512-512-574: 2500/2500 tasks started.gcp-us-east1-gcp-gemm-512-512-263: 2500/2500 tasks started.azure-germanywestcentral-azure-gemm-512-512-360: 2500/2500 tasks started.
[2025-12-05T17:48:36Z] [[36minfo[0m] [progress_update] azure-germanywestcentral-azure-gemm-512-512-360: 2500/2500 tasks started.aws-us-east-1-aws-gemm-512-512-486: 2500/2500 tasks started.alibaba-us-east-1-alibaba-gemm-512-512-574: 2500/2500 tasks started.gcp-us-east1-gcp-gemm-512-512-263: 2500/2500 tasks started.
[2025-12-05T17:48:46Z] [[36minfo[0m] [progress_update] azure-germanywestcentral-azure-gemm-512-512-360: 2500/2500 tasks started.aws-us-east-1-aws-gemm-512-512-486: 2500/2500 tasks started.alibaba-us-east-1-alibaba-gemm-512-512-574: 2500/2500 tasks started.gcp-us-east1-gcp-gemm-512-512-263: 2500/2500 tasks started.
[2025-12-05T17:48:56Z] [[36minfo[0m] [progress_update] aws-us-east-1-aws-gemm-512-512-486: 2500/2500 tasks started.alibaba-us-east-1-alibaba-gemm-512-512-574: 2500/2500 tasks started.gcp-us-east1-gcp-gemm-512-512-263: 2500/2500 tasks started.azure-germanywestcentral-azure-gemm-512-512-360: 2500/2500 tasks started.
[2025-12-05T17:49:06Z] [[36minfo[0m] [progress_update] aws-us-east-1-aws-gemm-512-512-486: 2500/2500 tasks started.alibaba-us-east-1-alibaba-gemm-512-512-574: 2500/2500 tasks started.gcp-us-east1-gcp-gemm-512-512-263: 2500/2500 tasks started.azure-germanywestcentral-azure-gemm-512-512-360: 2500/2500 tasks started.
[2025-12-05T17:49:16Z] [[36minfo[0m] [progress_update] aws-us-east-1-aws-gemm-512-512-486: 2500/2500 tasks started.alibaba-us-east-1-alibaba-gemm-512-512-574: 2500/2500 tasks started.gcp-us-east1-gcp-gemm-512-512-263: 2500/2500 tasks started.azure-germanywestcentral-azure-gemm-512-512-360: 2500/2500 tasks started.
[2025-12-05T17:49:26Z] [[36minfo[0m] [progress_update] alibaba-us-east-1-alibaba-gemm-512-512-574: 2500/2500 tasks started.gcp-us-east1-gcp-gemm-512-512-263: 2500/2500 tasks started.azure-germanywestcentral-azure-gemm-512-512-360: 2500/2500 tasks started.aws-us-east-1-aws-gemm-512-512-486: 2500/2500 tasks started.
[2025-12-05T17:49:36Z] [[36minfo[0m] [progress_update] aws-us-east-1-aws-gemm-512-512-486: 2500/2500 tasks started.alibaba-us-east-1-alibaba-gemm-512-512-574: 2500/2500 tasks started.gcp-us-east1-gcp-gemm-512-512-263: 2500/2500 tasks started.azure-germanywestcentral-azure-gemm-512-512-360: 2500/2500 tasks started.
[2025-12-05T17:49:46Z] [[36minfo[0m] [progress_update] azure-germanywestcentral-azure-gemm-512-512-360: 2500/2500 tasks started.aws-us-east-1-aws-gemm-512-512-486: 2500/2500 tasks started.alibaba-us-east-1-alibaba-gemm-512-512-574: 2500/2500 tasks started.gcp-us-east1-gcp-gemm-512-512-263: 2500/2500 tasks started.
[2025-12-05T17:49:56Z] [[36minfo[0m] [progress_update] aws-us-east-1-aws-gemm-512-512-486: 2500/2500 tasks started.alibaba-us-east-1-alibaba-gemm-512-512-574: 2500/2500 tasks started.gcp-us-east1-gcp-gemm-512-512-263: 2500/2500 tasks started.azure-germanywestcentral-azure-gemm-512-512-360: 2500/2500 tasks started.
[2025-12-05T17:50:06Z] [[36minfo[0m] [progress_update] aws-us-east-1-aws-gemm-512-512-486: 2500/2500 tasks started.alibaba-us-east-1-alibaba-gemm-512-512-574: 2500/2500 tasks started.gcp-us-east1-gcp-gemm-512-512-263: 2500/2500 tasks started.azure-germanywestcentral-azure-gemm-512-512-360: 2500/2500 tasks started.
[2025-12-05T17:50:16Z] [[36minfo[0m] [progress_update] azure-germanywestcentral-azure-gemm-512-512-360: 2500/2500 tasks started.aws-us-east-1-aws-gemm-512-512-486: 2500/2500 tasks started.alibaba-us-east-1-alibaba-gemm-512-512-574: 2500/2500 tasks started.gcp-us-east1-gcp-gemm-512-512-263: 2500/2500 tasks started.
[2025-12-05T17:50:26Z] [[36minfo[0m] [progress_update] aws-us-east-1-aws-gemm-512-512-486: 2500/2500 tasks started.alibaba-us-east-1-alibaba-gemm-512-512-574: 2500/2500 tasks started.gcp-us-east1-gcp-gemm-512-512-263: 2500/2500 tasks started.azure-germanywestcentral-azure-gemm-512-512-360: 2500/2500 tasks started.
[2025-12-05T17:50:36Z] [[36minfo[0m] [progress_update] gcp-us-east1-gcp-gemm-512-512-263: 2500/2500 tasks started.azure-germanywestcentral-azure-gemm-512-512-360: 2500/2500 tasks started.aws-us-east-1-aws-gemm-512-512-486: 2500/2500 tasks started.alibaba-us-east-1-alibaba-gemm-512-512-574: 2500/2500 tasks started.
[2025-12-05T17:50:43Z] [[31merror[0m] [task_execution] Error executing task azure-gemm-512: task azure-gemm-512 failed after 7 retries: <nil>
[2025-12-05T17:50:45Z] [[31merror[0m] [task_execution] Error executing task azure-gemm-512: task azure-gemm-512 failed after 7 retries: <nil>
[2025-12-05T17:50:45Z] [[31merror[0m] [task_execution] Error executing task azure-gemm-512: task azure-gemm-512 failed after 7 retries: <nil>
[2025-12-05T17:50:45Z] [[31merror[0m] [task_execution] Error executing task azure-gemm-512: task azure-gemm-512 failed after 7 retries: <nil>
[2025-12-05T17:50:45Z] [[31merror[0m] [task_execution] Error executing task azure-gemm-512: task azure-gemm-512 failed after 7 retries: <nil>
[2025-12-05T17:50:45Z] [[31merror[0m] [task_execution] Error executing task azure-gemm-512: task azure-gemm-512 failed after 7 retries: <nil>
[2025-12-05T17:50:45Z] [[31merror[0m] [task_execution] Error executing task azure-gemm-512: task azure-gemm-512 failed after 7 retries: <nil>
[2025-12-05T17:50:45Z] [[31merror[0m] [task_execution] Error executing task azure-gemm-512: task azure-gemm-512 failed after 7 retries: <nil>
[2025-12-05T17:50:45Z] [[31merror[0m] [task_execution] Error executing task azure-gemm-512: task azure-gemm-512 failed after 7 retries: <nil>
[2025-12-05T17:50:45Z] [[31merror[0m] [task_execution] Error executing task azure-gemm-512: task azure-gemm-512 failed after 7 retries: <nil>
[2025-12-05T17:50:45Z] [[31merror[0m] [task_execution] Error executing task azure-gemm-512: task azure-gemm-512 failed after 7 retries: <nil>
[2025-12-05T17:50:45Z] [[31merror[0m] [task_execution] Error executing task azure-gemm-512: task azure-gemm-512 failed after 7 retries: <nil>
[2025-12-05T17:50:45Z] [[31merror[0m] [task_execution] Error executing task azure-gemm-512: task azure-gemm-512 failed after 7 retries: <nil>
[2025-12-05T17:50:45Z] [[31merror[0m] [task_execution] Error executing task azure-gemm-512: task azure-gemm-512 failed after 7 retries: <nil>
[2025-12-05T17:50:45Z] [[31merror[0m] [task_execution] Error executing task azure-gemm-512: task azure-gemm-512 failed after 7 retries: <nil>
[2025-12-05T17:50:45Z] [[31merror[0m] [task_execution] Error executing task azure-gemm-512: task azure-gemm-512 failed after 7 retries: <nil>
[2025-12-05T17:50:45Z] [[31merror[0m] [task_execution] Error executing task azure-gemm-512: task azure-gemm-512 failed after 7 retries: <nil>
[2025-12-05T17:50:46Z] [[31merror[0m] [task_execution] Error executing task azure-gemm-512: task azure-gemm-512 failed after 7 retries: <nil>
[2025-12-05T17:50:46Z] [[31merror[0m] [task_execution] Error executing task azure-gemm-512: task azure-gemm-512 failed after 7 retries: <nil>
[2025-12-05T17:50:46Z] [[31merror[0m] [task_execution] Error executing task azure-gemm-512: task azure-gemm-512 failed after 7 retries: <nil>
[2025-12-05T17:50:46Z] [[31merror[0m] [task_execution] Error executing task azure-gemm-512: task azure-gemm-512 failed after 7 retries: <nil>
[2025-12-05T17:50:46Z] [[31merror[0m] [task_execution] Error executing task azure-gemm-512: task azure-gemm-512 failed after 7 retries: <nil>
[2025-12-05T17:50:46Z] [[31merror[0m] [task_execution] Error executing task azure-gemm-512: task azure-gemm-512 failed after 7 retries: <nil>
[2025-12-05T17:50:46Z] [[36minfo[0m] [progress_update] gcp-us-east1-gcp-gemm-512-512-263: 2500/2500 tasks started.azure-germanywestcentral-azure-gemm-512-512-360: 2500/2500 tasks started.aws-us-east-1-aws-gemm-512-512-486: 2500/2500 tasks started.alibaba-us-east-1-alibaba-gemm-512-512-574: 2500/2500 tasks started.
[2025-12-05T17:50:46Z] [[31merror[0m] [task_execution] Error executing task azure-gemm-512: task azure-gemm-512 failed after 7 retries: <nil>
[2025-12-05T17:50:46Z] [[31merror[0m] [task_execution] Error executing task azure-gemm-512: task azure-gemm-512 failed after 7 retries: <nil>
[2025-12-05T17:50:46Z] [[31merror[0m] [task_execution] Error executing task azure-gemm-512: task azure-gemm-512 failed after 7 retries: <nil>
[2025-12-05T17:50:46Z] [[31merror[0m] [task_execution] Error executing task azure-gemm-512: task azure-gemm-512 failed after 7 retries: <nil>
[2025-12-05T17:50:46Z] [[31merror[0m] [task_execution] Error executing task azure-gemm-512: task azure-gemm-512 failed after 7 retries: <nil>
[2025-12-05T17:50:46Z] [[31merror[0m] [task_execution] Error executing task azure-gemm-512: task azure-gemm-512 failed after 7 retries: <nil>
[2025-12-05T17:50:46Z] [[31merror[0m] [task_execution] Error executing task azure-gemm-512: task azure-gemm-512 failed after 7 retries: <nil>
[2025-12-05T17:50:46Z] [[31merror[0m] [task_execution] Error executing task azure-gemm-512: task azure-gemm-512 failed after 7 retries: <nil>
[2025-12-05T17:50:46Z] [[31merror[0m] [task_execution] Error executing task azure-gemm-512: task azure-gemm-512 failed after 7 retries: <nil>
[2025-12-05T17:50:46Z] [[31merror[0m] [task_execution] Error executing task azure-gemm-512: task azure-gemm-512 failed after 7 retries: <nil>
[2025-12-05T17:50:46Z] [[31merror[0m] [task_execution] Error executing task azure-gemm-512: task azure-gemm-512 failed after 7 retries: <nil>
[2025-12-05T17:50:46Z] [[31merror[0m] [task_execution] Error executing task azure-gemm-512: task azure-gemm-512 failed after 7 retries: <nil>
[2025-12-05T17:50:47Z] [[31merror[0m] [task_execution] Error executing task azure-gemm-512: task azure-gemm-512 failed after 7 retries: <nil>
[2025-12-05T17:50:47Z] [[31merror[0m] [task_execution] Error executing task azure-gemm-512: task azure-gemm-512 failed after 7 retries: <nil>
[2025-12-05T17:50:47Z] [[31merror[0m] [task_execution] Error executing task azure-gemm-512: task azure-gemm-512 failed after 7 retries: <nil>
[2025-12-05T17:50:47Z] [[31merror[0m] [task_execution] Error executing task azure-gemm-512: task azure-gemm-512 failed after 7 retries: <nil>
[2025-12-05T17:50:47Z] [[31merror[0m] [task_execution] Error executing task azure-gemm-512: task azure-gemm-512 failed after 7 retries: <nil>
[2025-12-05T17:50:47Z] [[31merror[0m] [task_execution] Error executing task azure-gemm-512: task azure-gemm-512 failed after 7 retries: <nil>
[2025-12-05T17:50:47Z] [[31merror[0m] [task_execution] Error executing task azure-gemm-512: task azure-gemm-512 failed after 7 retries: <nil>
[2025-12-05T17:50:47Z] [[31merror[0m] [task_execution] Error executing task azure-gemm-512: task azure-gemm-512 failed after 7 retries: <nil>
[2025-12-05T17:50:52Z] [[36minfo[0m] [function_finished] Finished benchmarking function azure-gemm-512 and closed archiver
[2025-12-05T17:50:54Z] [[36minfo[0m] [finish_timeline] Benchmark Timeline
[Fri Dec  5 17:50:54 UTC 2025] Finished benchmark 'gemm' successfully
[Fri Dec  5 17:50:54 UTC 2025] Sleeping 600 seconds before next workload...
