[Mon Dec  1 17:00:02 UTC 2025] Starting benchmark 'gemm' with config './configs/gemm.yaml'
Validating functions...
[2025-12-01T17:00:02Z] [[36minfo[0m] [executor_setup] Setting up executor for aws-us-east-1-aws-gemm-512-512-690
[2025-12-01T17:00:02Z] [[36minfo[0m] [executor_setup] Setting up executor for alibaba-us-east-1-alibaba-gemm-512-512-646
[2025-12-01T17:00:02Z] [[36minfo[0m] [executor_setup] Setting up executor for gcp-us-east1-gcp-gemm-512-512-526
[2025-12-01T17:00:02Z] [[36minfo[0m] [executor_setup] Setting up executor for azure-germanywestcentral-azure-gemm-512-512-954
[2025-12-01T17:00:02Z] [[0mwarning[0m] [[32mazure_limitations[0m] Azure can´t handle more than 300 parallel requests. Limiting to 300.
[2025-12-01T17:00:02Z] [[36minfo[0m] [start_timeline] Benchmark Timeline
[2025-12-01T17:00:02Z] [[36minfo[0m] [load_generator_start] (alibaba: us-east-1) Starting load generator with 500 workers
[2025-12-01T17:00:02Z] [[36minfo[0m] [load_generator_start] (aws: us-east-1) Starting load generator with 500 workers
[2025-12-01T17:00:02Z] [[36minfo[0m] [load_generator_start] (gcp: us-east1) Starting load generator with 500 workers
[2025-12-01T17:00:02Z] [[36minfo[0m] [load_generator_start] (azure: germanywestcentral) Starting load generator with 300 workers
[2025-12-01T17:00:12Z] [[36minfo[0m] [progress_update] gcp-us-east1-gcp-gemm-512-512-526: 1856/2500 tasks started.azure-germanywestcentral-azure-gemm-512-512-954: 605/2500 tasks started.aws-us-east-1-aws-gemm-512-512-690: 1492/2500 tasks started.alibaba-us-east-1-alibaba-gemm-512-512-646: 1230/2500 tasks started.
[2025-12-01T17:00:22Z] [[36minfo[0m] [progress_update] aws-us-east-1-aws-gemm-512-512-690: 2500/2500 tasks started.alibaba-us-east-1-alibaba-gemm-512-512-646: 2202/2500 tasks started.gcp-us-east1-gcp-gemm-512-512-526: 2500/2500 tasks started.azure-germanywestcentral-azure-gemm-512-512-954: 605/2500 tasks started.
[2025-12-01T17:00:31Z] [[36minfo[0m] [function_finished] Finished benchmarking function aws-gemm-512 and closed archiver
[2025-12-01T17:00:32Z] [[36minfo[0m] [progress_update] aws-us-east-1-aws-gemm-512-512-690: 2500/2500 tasks started.alibaba-us-east-1-alibaba-gemm-512-512-646: 2500/2500 tasks started.gcp-us-east1-gcp-gemm-512-512-526: 2500/2500 tasks started.azure-germanywestcentral-azure-gemm-512-512-954: 1199/2500 tasks started.
[2025-12-01T17:00:42Z] [[36minfo[0m] [progress_update] aws-us-east-1-aws-gemm-512-512-690: 2500/2500 tasks started.alibaba-us-east-1-alibaba-gemm-512-512-646: 2500/2500 tasks started.gcp-us-east1-gcp-gemm-512-512-526: 2500/2500 tasks started.azure-germanywestcentral-azure-gemm-512-512-954: 1659/2500 tasks started.
[2025-12-01T17:00:52Z] [[36minfo[0m] [progress_update] gcp-us-east1-gcp-gemm-512-512-526: 2500/2500 tasks started.azure-germanywestcentral-azure-gemm-512-512-954: 2141/2500 tasks started.aws-us-east-1-aws-gemm-512-512-690: 2500/2500 tasks started.alibaba-us-east-1-alibaba-gemm-512-512-646: 2500/2500 tasks started.
[2025-12-01T17:00:52Z] [[36minfo[0m] [function_finished] Finished benchmarking function gcp-gemm-512 and closed archiver
[2025-12-01T17:01:02Z] [[36minfo[0m] [progress_update] gcp-us-east1-gcp-gemm-512-512-526: 2500/2500 tasks started.azure-germanywestcentral-azure-gemm-512-512-954: 2192/2500 tasks started.aws-us-east-1-aws-gemm-512-512-690: 2500/2500 tasks started.alibaba-us-east-1-alibaba-gemm-512-512-646: 2500/2500 tasks started.
[2025-12-01T17:01:12Z] [[36minfo[0m] [progress_update] azure-germanywestcentral-azure-gemm-512-512-954: 2214/2500 tasks started.aws-us-east-1-aws-gemm-512-512-690: 2500/2500 tasks started.alibaba-us-east-1-alibaba-gemm-512-512-646: 2500/2500 tasks started.gcp-us-east1-gcp-gemm-512-512-526: 2500/2500 tasks started.
[2025-12-01T17:01:22Z] [[36minfo[0m] [progress_update] alibaba-us-east-1-alibaba-gemm-512-512-646: 2500/2500 tasks started.gcp-us-east1-gcp-gemm-512-512-526: 2500/2500 tasks started.azure-germanywestcentral-azure-gemm-512-512-954: 2226/2500 tasks started.aws-us-east-1-aws-gemm-512-512-690: 2500/2500 tasks started.
[2025-12-01T17:01:32Z] [[36minfo[0m] [progress_update] aws-us-east-1-aws-gemm-512-512-690: 2500/2500 tasks started.alibaba-us-east-1-alibaba-gemm-512-512-646: 2500/2500 tasks started.gcp-us-east1-gcp-gemm-512-512-526: 2500/2500 tasks started.azure-germanywestcentral-azure-gemm-512-512-954: 2233/2500 tasks started.
[2025-12-01T17:01:42Z] [[36minfo[0m] [progress_update] azure-germanywestcentral-azure-gemm-512-512-954: 2239/2500 tasks started.aws-us-east-1-aws-gemm-512-512-690: 2500/2500 tasks started.alibaba-us-east-1-alibaba-gemm-512-512-646: 2500/2500 tasks started.gcp-us-east1-gcp-gemm-512-512-526: 2500/2500 tasks started.
[2025-12-01T17:01:52Z] [[36minfo[0m] [progress_update] aws-us-east-1-aws-gemm-512-512-690: 2500/2500 tasks started.alibaba-us-east-1-alibaba-gemm-512-512-646: 2500/2500 tasks started.gcp-us-east1-gcp-gemm-512-512-526: 2500/2500 tasks started.azure-germanywestcentral-azure-gemm-512-512-954: 2251/2500 tasks started.
[2025-12-01T17:02:02Z] [[36minfo[0m] [progress_update] aws-us-east-1-aws-gemm-512-512-690: 2500/2500 tasks started.alibaba-us-east-1-alibaba-gemm-512-512-646: 2500/2500 tasks started.gcp-us-east1-gcp-gemm-512-512-526: 2500/2500 tasks started.azure-germanywestcentral-azure-gemm-512-512-954: 2332/2500 tasks started.
[2025-12-01T17:02:12Z] [[36minfo[0m] [progress_update] alibaba-us-east-1-alibaba-gemm-512-512-646: 2500/2500 tasks started.gcp-us-east1-gcp-gemm-512-512-526: 2500/2500 tasks started.azure-germanywestcentral-azure-gemm-512-512-954: 2500/2500 tasks started.aws-us-east-1-aws-gemm-512-512-690: 2500/2500 tasks started.
[2025-12-01T17:02:22Z] [[36minfo[0m] [progress_update] alibaba-us-east-1-alibaba-gemm-512-512-646: 2500/2500 tasks started.gcp-us-east1-gcp-gemm-512-512-526: 2500/2500 tasks started.azure-germanywestcentral-azure-gemm-512-512-954: 2500/2500 tasks started.aws-us-east-1-aws-gemm-512-512-690: 2500/2500 tasks started.
[2025-12-01T17:02:32Z] [[36minfo[0m] [progress_update] aws-us-east-1-aws-gemm-512-512-690: 2500/2500 tasks started.alibaba-us-east-1-alibaba-gemm-512-512-646: 2500/2500 tasks started.gcp-us-east1-gcp-gemm-512-512-526: 2500/2500 tasks started.azure-germanywestcentral-azure-gemm-512-512-954: 2500/2500 tasks started.
[2025-12-01T17:02:42Z] [[36minfo[0m] [progress_update] aws-us-east-1-aws-gemm-512-512-690: 2500/2500 tasks started.alibaba-us-east-1-alibaba-gemm-512-512-646: 2500/2500 tasks started.gcp-us-east1-gcp-gemm-512-512-526: 2500/2500 tasks started.azure-germanywestcentral-azure-gemm-512-512-954: 2500/2500 tasks started.
[2025-12-01T17:02:52Z] [[36minfo[0m] [progress_update] aws-us-east-1-aws-gemm-512-512-690: 2500/2500 tasks started.alibaba-us-east-1-alibaba-gemm-512-512-646: 2500/2500 tasks started.gcp-us-east1-gcp-gemm-512-512-526: 2500/2500 tasks started.azure-germanywestcentral-azure-gemm-512-512-954: 2500/2500 tasks started.
[2025-12-01T17:03:02Z] [[36minfo[0m] [progress_update] gcp-us-east1-gcp-gemm-512-512-526: 2500/2500 tasks started.azure-germanywestcentral-azure-gemm-512-512-954: 2500/2500 tasks started.aws-us-east-1-aws-gemm-512-512-690: 2500/2500 tasks started.alibaba-us-east-1-alibaba-gemm-512-512-646: 2500/2500 tasks started.
[2025-12-01T17:03:12Z] [[36minfo[0m] [progress_update] azure-germanywestcentral-azure-gemm-512-512-954: 2500/2500 tasks started.aws-us-east-1-aws-gemm-512-512-690: 2500/2500 tasks started.alibaba-us-east-1-alibaba-gemm-512-512-646: 2500/2500 tasks started.gcp-us-east1-gcp-gemm-512-512-526: 2500/2500 tasks started.
[2025-12-01T17:03:22Z] [[36minfo[0m] [progress_update] azure-germanywestcentral-azure-gemm-512-512-954: 2500/2500 tasks started.aws-us-east-1-aws-gemm-512-512-690: 2500/2500 tasks started.alibaba-us-east-1-alibaba-gemm-512-512-646: 2500/2500 tasks started.gcp-us-east1-gcp-gemm-512-512-526: 2500/2500 tasks started.
[2025-12-01T17:03:32Z] [[36minfo[0m] [progress_update] gcp-us-east1-gcp-gemm-512-512-526: 2500/2500 tasks started.azure-germanywestcentral-azure-gemm-512-512-954: 2500/2500 tasks started.aws-us-east-1-aws-gemm-512-512-690: 2500/2500 tasks started.alibaba-us-east-1-alibaba-gemm-512-512-646: 2500/2500 tasks started.
[2025-12-01T17:03:42Z] [[36minfo[0m] [progress_update] aws-us-east-1-aws-gemm-512-512-690: 2500/2500 tasks started.alibaba-us-east-1-alibaba-gemm-512-512-646: 2500/2500 tasks started.gcp-us-east1-gcp-gemm-512-512-526: 2500/2500 tasks started.azure-germanywestcentral-azure-gemm-512-512-954: 2500/2500 tasks started.
[2025-12-01T17:03:52Z] [[36minfo[0m] [progress_update] azure-germanywestcentral-azure-gemm-512-512-954: 2500/2500 tasks started.aws-us-east-1-aws-gemm-512-512-690: 2500/2500 tasks started.alibaba-us-east-1-alibaba-gemm-512-512-646: 2500/2500 tasks started.gcp-us-east1-gcp-gemm-512-512-526: 2500/2500 tasks started.
[2025-12-01T17:04:02Z] [[36minfo[0m] [progress_update] aws-us-east-1-aws-gemm-512-512-690: 2500/2500 tasks started.alibaba-us-east-1-alibaba-gemm-512-512-646: 2500/2500 tasks started.gcp-us-east1-gcp-gemm-512-512-526: 2500/2500 tasks started.azure-germanywestcentral-azure-gemm-512-512-954: 2500/2500 tasks started.
[2025-12-01T17:04:12Z] [[36minfo[0m] [progress_update] alibaba-us-east-1-alibaba-gemm-512-512-646: 2500/2500 tasks started.gcp-us-east1-gcp-gemm-512-512-526: 2500/2500 tasks started.azure-germanywestcentral-azure-gemm-512-512-954: 2500/2500 tasks started.aws-us-east-1-aws-gemm-512-512-690: 2500/2500 tasks started.
[2025-12-01T17:04:22Z] [[36minfo[0m] [progress_update] aws-us-east-1-aws-gemm-512-512-690: 2500/2500 tasks started.alibaba-us-east-1-alibaba-gemm-512-512-646: 2500/2500 tasks started.gcp-us-east1-gcp-gemm-512-512-526: 2500/2500 tasks started.azure-germanywestcentral-azure-gemm-512-512-954: 2500/2500 tasks started.
[2025-12-01T17:04:25Z] [[31merror[0m] [task_execution] Error executing task alibaba-gemm-512: task alibaba-gemm-512 failed after 7 retries: <nil>
[2025-12-01T17:04:30Z] [[36minfo[0m] [function_finished] Finished benchmarking function alibaba-gemm-512 and closed archiver
[2025-12-01T17:04:32Z] [[36minfo[0m] [progress_update] alibaba-us-east-1-alibaba-gemm-512-512-646: 2500/2500 tasks started.gcp-us-east1-gcp-gemm-512-512-526: 2500/2500 tasks started.azure-germanywestcentral-azure-gemm-512-512-954: 2500/2500 tasks started.aws-us-east-1-aws-gemm-512-512-690: 2500/2500 tasks started.
[2025-12-01T17:04:39Z] [[31merror[0m] [task_execution] Error executing task azure-gemm-512: task azure-gemm-512 failed after 7 retries: <nil>
[2025-12-01T17:04:39Z] [[31merror[0m] [task_execution] Error executing task azure-gemm-512: task azure-gemm-512 failed after 7 retries: <nil>
[2025-12-01T17:04:40Z] [[31merror[0m] [task_execution] Error executing task azure-gemm-512: task azure-gemm-512 failed after 7 retries: <nil>
[2025-12-01T17:04:40Z] [[31merror[0m] [task_execution] Error executing task azure-gemm-512: task azure-gemm-512 failed after 7 retries: <nil>
[2025-12-01T17:04:40Z] [[31merror[0m] [task_execution] Error executing task azure-gemm-512: task azure-gemm-512 failed after 7 retries: <nil>
[2025-12-01T17:04:40Z] [[31merror[0m] [task_execution] Error executing task azure-gemm-512: task azure-gemm-512 failed after 7 retries: <nil>
[2025-12-01T17:04:40Z] [[31merror[0m] [task_execution] Error executing task azure-gemm-512: task azure-gemm-512 failed after 7 retries: <nil>
[2025-12-01T17:04:41Z] [[31merror[0m] [task_execution] Error executing task azure-gemm-512: task azure-gemm-512 failed after 7 retries: <nil>
[2025-12-01T17:04:41Z] [[31merror[0m] [task_execution] Error executing task azure-gemm-512: task azure-gemm-512 failed after 7 retries: <nil>
[2025-12-01T17:04:42Z] [[36minfo[0m] [progress_update] aws-us-east-1-aws-gemm-512-512-690: 2500/2500 tasks started.alibaba-us-east-1-alibaba-gemm-512-512-646: 2500/2500 tasks started.gcp-us-east1-gcp-gemm-512-512-526: 2500/2500 tasks started.azure-germanywestcentral-azure-gemm-512-512-954: 2500/2500 tasks started.
[2025-12-01T17:04:42Z] [[31merror[0m] [task_execution] Error executing task azure-gemm-512: task azure-gemm-512 failed after 7 retries: <nil>
[2025-12-01T17:04:42Z] [[31merror[0m] [task_execution] Error executing task azure-gemm-512: task azure-gemm-512 failed after 7 retries: <nil>
[2025-12-01T17:04:46Z] [[31merror[0m] [task_execution] Error executing task azure-gemm-512: task azure-gemm-512 failed after 7 retries: <nil>
[2025-12-01T17:04:49Z] [[31merror[0m] [task_execution] Error executing task azure-gemm-512: task azure-gemm-512 failed after 7 retries: <nil>
[2025-12-01T17:04:49Z] [[31merror[0m] [task_execution] Error executing task azure-gemm-512: task azure-gemm-512 failed after 7 retries: <nil>
[2025-12-01T17:04:52Z] [[36minfo[0m] [progress_update] aws-us-east-1-aws-gemm-512-512-690: 2500/2500 tasks started.alibaba-us-east-1-alibaba-gemm-512-512-646: 2500/2500 tasks started.gcp-us-east1-gcp-gemm-512-512-526: 2500/2500 tasks started.azure-germanywestcentral-azure-gemm-512-512-954: 2500/2500 tasks started.
[2025-12-01T17:04:59Z] [[31merror[0m] [task_execution] Error executing task azure-gemm-512: task azure-gemm-512 failed after 7 retries: <nil>
[2025-12-01T17:04:59Z] [[31merror[0m] [task_execution] Error executing task azure-gemm-512: task azure-gemm-512 failed after 7 retries: <nil>
[2025-12-01T17:04:59Z] [[31merror[0m] [task_execution] Error executing task azure-gemm-512: task azure-gemm-512 failed after 7 retries: <nil>
[2025-12-01T17:04:59Z] [[31merror[0m] [task_execution] Error executing task azure-gemm-512: task azure-gemm-512 failed after 7 retries: <nil>
[2025-12-01T17:04:59Z] [[31merror[0m] [task_execution] Error executing task azure-gemm-512: task azure-gemm-512 failed after 7 retries: <nil>
[2025-12-01T17:04:59Z] [[31merror[0m] [task_execution] Error executing task azure-gemm-512: task azure-gemm-512 failed after 7 retries: <nil>
[2025-12-01T17:05:00Z] [[31merror[0m] [task_execution] Error executing task azure-gemm-512: task azure-gemm-512 failed after 7 retries: <nil>
[2025-12-01T17:05:01Z] [[31merror[0m] [task_execution] Error executing task azure-gemm-512: task azure-gemm-512 failed after 7 retries: <nil>
[2025-12-01T17:05:01Z] [[31merror[0m] [task_execution] Error executing task azure-gemm-512: task azure-gemm-512 failed after 7 retries: <nil>
[2025-12-01T17:05:01Z] [[31merror[0m] [task_execution] Error executing task azure-gemm-512: task azure-gemm-512 failed after 7 retries: <nil>
[2025-12-01T17:05:01Z] [[31merror[0m] [task_execution] Error executing task azure-gemm-512: task azure-gemm-512 failed after 7 retries: <nil>
[2025-12-01T17:05:01Z] [[31merror[0m] [task_execution] Error executing task azure-gemm-512: task azure-gemm-512 failed after 7 retries: <nil>
[2025-12-01T17:05:01Z] [[31merror[0m] [task_execution] Error executing task azure-gemm-512: task azure-gemm-512 failed after 7 retries: <nil>
[2025-12-01T17:05:01Z] [[31merror[0m] [task_execution] Error executing task azure-gemm-512: task azure-gemm-512 failed after 7 retries: <nil>
[2025-12-01T17:05:01Z] [[31merror[0m] [task_execution] Error executing task azure-gemm-512: task azure-gemm-512 failed after 7 retries: <nil>
[2025-12-01T17:05:01Z] [[31merror[0m] [task_execution] Error executing task azure-gemm-512: task azure-gemm-512 failed after 7 retries: <nil>
[2025-12-01T17:05:01Z] [[31merror[0m] [task_execution] Error executing task azure-gemm-512: task azure-gemm-512 failed after 7 retries: <nil>
[2025-12-01T17:05:01Z] [[31merror[0m] [task_execution] Error executing task azure-gemm-512: task azure-gemm-512 failed after 7 retries: <nil>
[2025-12-01T17:05:01Z] [[31merror[0m] [task_execution] Error executing task azure-gemm-512: task azure-gemm-512 failed after 7 retries: <nil>
[2025-12-01T17:05:02Z] [[31merror[0m] [task_execution] Error executing task azure-gemm-512: task azure-gemm-512 failed after 7 retries: <nil>
[2025-12-01T17:05:02Z] [[31merror[0m] [task_execution] Error executing task azure-gemm-512: task azure-gemm-512 failed after 7 retries: <nil>
[2025-12-01T17:05:02Z] [[31merror[0m] [task_execution] Error executing task azure-gemm-512: task azure-gemm-512 failed after 7 retries: <nil>
[2025-12-01T17:05:02Z] [[31merror[0m] [task_execution] Error executing task azure-gemm-512: task azure-gemm-512 failed after 7 retries: <nil>
[2025-12-01T17:05:02Z] [[36minfo[0m] [progress_update] alibaba-us-east-1-alibaba-gemm-512-512-646: 2500/2500 tasks started.gcp-us-east1-gcp-gemm-512-512-526: 2500/2500 tasks started.azure-germanywestcentral-azure-gemm-512-512-954: 2500/2500 tasks started.aws-us-east-1-aws-gemm-512-512-690: 2500/2500 tasks started.
[2025-12-01T17:05:02Z] [[31merror[0m] [task_execution] Error executing task azure-gemm-512: task azure-gemm-512 failed after 7 retries: <nil>
[2025-12-01T17:05:02Z] [[31merror[0m] [task_execution] Error executing task azure-gemm-512: task azure-gemm-512 failed after 7 retries: <nil>
[2025-12-01T17:05:02Z] [[31merror[0m] [task_execution] Error executing task azure-gemm-512: task azure-gemm-512 failed after 7 retries: <nil>
[2025-12-01T17:05:03Z] [[31merror[0m] [task_execution] Error executing task azure-gemm-512: task azure-gemm-512 failed after 7 retries: <nil>
[2025-12-01T17:05:03Z] [[31merror[0m] [task_execution] Error executing task azure-gemm-512: task azure-gemm-512 failed after 7 retries: <nil>
[2025-12-01T17:05:03Z] [[31merror[0m] [task_execution] Error executing task azure-gemm-512: task azure-gemm-512 failed after 7 retries: <nil>
[2025-12-01T17:05:03Z] [[31merror[0m] [task_execution] Error executing task azure-gemm-512: task azure-gemm-512 failed after 7 retries: <nil>
[2025-12-01T17:05:03Z] [[31merror[0m] [task_execution] Error executing task azure-gemm-512: task azure-gemm-512 failed after 7 retries: <nil>
[2025-12-01T17:05:03Z] [[31merror[0m] [task_execution] Error executing task azure-gemm-512: task azure-gemm-512 failed after 7 retries: <nil>
[2025-12-01T17:05:03Z] [[31merror[0m] [task_execution] Error executing task azure-gemm-512: task azure-gemm-512 failed after 7 retries: <nil>
[2025-12-01T17:05:03Z] [[31merror[0m] [task_execution] Error executing task azure-gemm-512: task azure-gemm-512 failed after 7 retries: <nil>
[2025-12-01T17:05:03Z] [[31merror[0m] [task_execution] Error executing task azure-gemm-512: task azure-gemm-512 failed after 7 retries: <nil>
[2025-12-01T17:05:03Z] [[31merror[0m] [task_execution] Error executing task azure-gemm-512: task azure-gemm-512 failed after 7 retries: <nil>
[2025-12-01T17:05:03Z] [[31merror[0m] [task_execution] Error executing task azure-gemm-512: task azure-gemm-512 failed after 7 retries: <nil>
[2025-12-01T17:05:03Z] [[31merror[0m] [task_execution] Error executing task azure-gemm-512: task azure-gemm-512 failed after 7 retries: <nil>
[2025-12-01T17:05:04Z] [[31merror[0m] [task_execution] Error executing task azure-gemm-512: task azure-gemm-512 failed after 7 retries: <nil>
[2025-12-01T17:05:05Z] [[31merror[0m] [task_execution] Error executing task azure-gemm-512: task azure-gemm-512 failed after 7 retries: <nil>
[2025-12-01T17:05:06Z] [[31merror[0m] [task_execution] Error executing task azure-gemm-512: task azure-gemm-512 failed after 7 retries: <nil>
[2025-12-01T17:05:06Z] [[31merror[0m] [task_execution] Error executing task azure-gemm-512: task azure-gemm-512 failed after 7 retries: <nil>
[2025-12-01T17:05:07Z] [[31merror[0m] [task_execution] Error executing task azure-gemm-512: task azure-gemm-512 failed after 7 retries: <nil>
[2025-12-01T17:05:12Z] [[36minfo[0m] [progress_update] aws-us-east-1-aws-gemm-512-512-690: 2500/2500 tasks started.alibaba-us-east-1-alibaba-gemm-512-512-646: 2500/2500 tasks started.gcp-us-east1-gcp-gemm-512-512-526: 2500/2500 tasks started.azure-germanywestcentral-azure-gemm-512-512-954: 2500/2500 tasks started.
[2025-12-01T17:05:22Z] [[36minfo[0m] [progress_update] gcp-us-east1-gcp-gemm-512-512-526: 2500/2500 tasks started.azure-germanywestcentral-azure-gemm-512-512-954: 2500/2500 tasks started.aws-us-east-1-aws-gemm-512-512-690: 2500/2500 tasks started.alibaba-us-east-1-alibaba-gemm-512-512-646: 2500/2500 tasks started.
[2025-12-01T17:05:29Z] [[31merror[0m] [task_execution] Error executing task azure-gemm-512: task azure-gemm-512 failed after 7 retries: <nil>
[2025-12-01T17:05:32Z] [[31merror[0m] [task_execution] Error executing task azure-gemm-512: task azure-gemm-512 failed after 7 retries: <nil>
[2025-12-01T17:05:32Z] [[36minfo[0m] [progress_update] aws-us-east-1-aws-gemm-512-512-690: 2500/2500 tasks started.alibaba-us-east-1-alibaba-gemm-512-512-646: 2500/2500 tasks started.gcp-us-east1-gcp-gemm-512-512-526: 2500/2500 tasks started.azure-germanywestcentral-azure-gemm-512-512-954: 2500/2500 tasks started.
[2025-12-01T17:05:33Z] [[31merror[0m] [task_execution] Error executing task azure-gemm-512: task azure-gemm-512 failed after 7 retries: <nil>
[2025-12-01T17:05:34Z] [[31merror[0m] [task_execution] Error executing task azure-gemm-512: task azure-gemm-512 failed after 7 retries: <nil>
[2025-12-01T17:05:35Z] [[31merror[0m] [task_execution] Error executing task azure-gemm-512: task azure-gemm-512 failed after 7 retries: <nil>
[2025-12-01T17:05:38Z] [[31merror[0m] [task_execution] Error executing task azure-gemm-512: task azure-gemm-512 failed after 7 retries: <nil>
[2025-12-01T17:05:38Z] [[31merror[0m] [task_execution] Error executing task azure-gemm-512: task azure-gemm-512 failed after 7 retries: <nil>
[2025-12-01T17:05:42Z] [[36minfo[0m] [progress_update] azure-germanywestcentral-azure-gemm-512-512-954: 2500/2500 tasks started.aws-us-east-1-aws-gemm-512-512-690: 2500/2500 tasks started.alibaba-us-east-1-alibaba-gemm-512-512-646: 2500/2500 tasks started.gcp-us-east1-gcp-gemm-512-512-526: 2500/2500 tasks started.
[2025-12-01T17:05:43Z] [[36minfo[0m] [function_finished] Finished benchmarking function azure-gemm-512 and closed archiver
[2025-12-01T17:05:45Z] [[36minfo[0m] [finish_timeline] Benchmark Timeline
[Mon Dec  1 17:05:45 UTC 2025] Finished benchmark 'gemm' successfully
[Mon Dec  1 17:05:45 UTC 2025] Sleeping 600 seconds before next workload...
