[Sun Nov 30 23:15:35 UTC 2025] Starting benchmark 'sha256' with config './configs/sha256.yaml'
Validating functions...
[2025-11-30T23:15:35Z] [[36minfo[0m] [executor_setup] Setting up executor for aws-us-east-1-aws-sha256-512-512-777
[2025-11-30T23:15:35Z] [[36minfo[0m] [executor_setup] Setting up executor for alibaba-us-east-1-alibaba-sha256-512-512-830
[2025-11-30T23:15:35Z] [[36minfo[0m] [executor_setup] Setting up executor for azure-germanywestcentral-azure-sha256-512-512-938
[2025-11-30T23:15:35Z] [[0mwarning[0m] [[32mazure_limitations[0m] Azure can´t handle more than 300 parallel requests. Limiting to 300.
[2025-11-30T23:15:36Z] [[36minfo[0m] [executor_setup] Setting up executor for gcp-us-east1-gcp-sha256-512-512-652
[2025-11-30T23:15:36Z] [[36minfo[0m] [start_timeline] Benchmark Timeline
[2025-11-30T23:15:36Z] [[36minfo[0m] [load_generator_start] (gcp: us-east1) Starting load generator with 300 workers
[2025-11-30T23:15:36Z] [[36minfo[0m] [load_generator_start] (aws: us-east-1) Starting load generator with 500 workers
[2025-11-30T23:15:36Z] [[36minfo[0m] [load_generator_start] (alibaba: us-east-1) Starting load generator with 500 workers
[2025-11-30T23:15:36Z] [[36minfo[0m] [load_generator_start] (azure: germanywestcentral) Starting load generator with 300 workers
[2025-11-30T23:15:46Z] [[36minfo[0m] [progress_update] alibaba-us-east-1-alibaba-sha256-512-512-830: 1403/2500 tasks started.azure-germanywestcentral-azure-sha256-512-512-938: 635/2500 tasks started.gcp-us-east1-gcp-sha256-512-512-652: 1618/2500 tasks started.aws-us-east-1-aws-sha256-512-512-777: 1699/2500 tasks started.
[2025-11-30T23:15:56Z] [[36minfo[0m] [progress_update] aws-us-east-1-aws-sha256-512-512-777: 2500/2500 tasks started.alibaba-us-east-1-alibaba-sha256-512-512-830: 2500/2500 tasks started.azure-germanywestcentral-azure-sha256-512-512-938: 680/2500 tasks started.gcp-us-east1-gcp-sha256-512-512-652: 2500/2500 tasks started.
[2025-11-30T23:16:03Z] [[36minfo[0m] [function_finished] Finished benchmarking function aws-sha256-512 and closed archiver
[2025-11-30T23:16:06Z] [[36minfo[0m] [progress_update] gcp-us-east1-gcp-sha256-512-512-652: 2500/2500 tasks started.aws-us-east-1-aws-sha256-512-512-777: 2500/2500 tasks started.alibaba-us-east-1-alibaba-sha256-512-512-830: 2500/2500 tasks started.azure-germanywestcentral-azure-sha256-512-512-938: 1518/2500 tasks started.
[2025-11-30T23:16:13Z] [[36minfo[0m] [function_finished] Finished benchmarking function gcp-sha256-512 and closed archiver
[2025-11-30T23:16:16Z] [[36minfo[0m] [progress_update] aws-us-east-1-aws-sha256-512-512-777: 2500/2500 tasks started.alibaba-us-east-1-alibaba-sha256-512-512-830: 2500/2500 tasks started.azure-germanywestcentral-azure-sha256-512-512-938: 2111/2500 tasks started.gcp-us-east1-gcp-sha256-512-512-652: 2500/2500 tasks started.
[2025-11-30T23:16:26Z] [[36minfo[0m] [progress_update] aws-us-east-1-aws-sha256-512-512-777: 2500/2500 tasks started.alibaba-us-east-1-alibaba-sha256-512-512-830: 2500/2500 tasks started.azure-germanywestcentral-azure-sha256-512-512-938: 2263/2500 tasks started.gcp-us-east1-gcp-sha256-512-512-652: 2500/2500 tasks started.
[2025-11-30T23:16:36Z] [[36minfo[0m] [progress_update] alibaba-us-east-1-alibaba-sha256-512-512-830: 2500/2500 tasks started.azure-germanywestcentral-azure-sha256-512-512-938: 2322/2500 tasks started.gcp-us-east1-gcp-sha256-512-512-652: 2500/2500 tasks started.aws-us-east-1-aws-sha256-512-512-777: 2500/2500 tasks started.
[2025-11-30T23:16:46Z] [[36minfo[0m] [progress_update] aws-us-east-1-aws-sha256-512-512-777: 2500/2500 tasks started.alibaba-us-east-1-alibaba-sha256-512-512-830: 2500/2500 tasks started.azure-germanywestcentral-azure-sha256-512-512-938: 2486/2500 tasks started.gcp-us-east1-gcp-sha256-512-512-652: 2500/2500 tasks started.
[2025-11-30T23:16:56Z] [[36minfo[0m] [progress_update] aws-us-east-1-aws-sha256-512-512-777: 2500/2500 tasks started.alibaba-us-east-1-alibaba-sha256-512-512-830: 2500/2500 tasks started.azure-germanywestcentral-azure-sha256-512-512-938: 2500/2500 tasks started.gcp-us-east1-gcp-sha256-512-512-652: 2500/2500 tasks started.
[2025-11-30T23:17:06Z] [[36minfo[0m] [progress_update] aws-us-east-1-aws-sha256-512-512-777: 2500/2500 tasks started.alibaba-us-east-1-alibaba-sha256-512-512-830: 2500/2500 tasks started.azure-germanywestcentral-azure-sha256-512-512-938: 2500/2500 tasks started.gcp-us-east1-gcp-sha256-512-512-652: 2500/2500 tasks started.
[2025-11-30T23:17:16Z] [[36minfo[0m] [progress_update] aws-us-east-1-aws-sha256-512-512-777: 2500/2500 tasks started.alibaba-us-east-1-alibaba-sha256-512-512-830: 2500/2500 tasks started.azure-germanywestcentral-azure-sha256-512-512-938: 2500/2500 tasks started.gcp-us-east1-gcp-sha256-512-512-652: 2500/2500 tasks started.
[2025-11-30T23:17:26Z] [[36minfo[0m] [progress_update] alibaba-us-east-1-alibaba-sha256-512-512-830: 2500/2500 tasks started.azure-germanywestcentral-azure-sha256-512-512-938: 2500/2500 tasks started.gcp-us-east1-gcp-sha256-512-512-652: 2500/2500 tasks started.aws-us-east-1-aws-sha256-512-512-777: 2500/2500 tasks started.
[2025-11-30T23:17:36Z] [[36minfo[0m] [progress_update] aws-us-east-1-aws-sha256-512-512-777: 2500/2500 tasks started.alibaba-us-east-1-alibaba-sha256-512-512-830: 2500/2500 tasks started.azure-germanywestcentral-azure-sha256-512-512-938: 2500/2500 tasks started.gcp-us-east1-gcp-sha256-512-512-652: 2500/2500 tasks started.
[2025-11-30T23:17:46Z] [[36minfo[0m] [progress_update] aws-us-east-1-aws-sha256-512-512-777: 2500/2500 tasks started.alibaba-us-east-1-alibaba-sha256-512-512-830: 2500/2500 tasks started.azure-germanywestcentral-azure-sha256-512-512-938: 2500/2500 tasks started.gcp-us-east1-gcp-sha256-512-512-652: 2500/2500 tasks started.
[2025-11-30T23:17:56Z] [[36minfo[0m] [progress_update] aws-us-east-1-aws-sha256-512-512-777: 2500/2500 tasks started.alibaba-us-east-1-alibaba-sha256-512-512-830: 2500/2500 tasks started.azure-germanywestcentral-azure-sha256-512-512-938: 2500/2500 tasks started.gcp-us-east1-gcp-sha256-512-512-652: 2500/2500 tasks started.
[2025-11-30T23:17:59Z] [[36minfo[0m] [function_finished] Finished benchmarking function alibaba-sha256-512 and closed archiver
[2025-11-30T23:18:06Z] [[36minfo[0m] [progress_update] aws-us-east-1-aws-sha256-512-512-777: 2500/2500 tasks started.alibaba-us-east-1-alibaba-sha256-512-512-830: 2500/2500 tasks started.azure-germanywestcentral-azure-sha256-512-512-938: 2500/2500 tasks started.gcp-us-east1-gcp-sha256-512-512-652: 2500/2500 tasks started.
[2025-11-30T23:18:16Z] [[36minfo[0m] [progress_update] gcp-us-east1-gcp-sha256-512-512-652: 2500/2500 tasks started.aws-us-east-1-aws-sha256-512-512-777: 2500/2500 tasks started.alibaba-us-east-1-alibaba-sha256-512-512-830: 2500/2500 tasks started.azure-germanywestcentral-azure-sha256-512-512-938: 2500/2500 tasks started.
[2025-11-30T23:18:26Z] [[36minfo[0m] [progress_update] aws-us-east-1-aws-sha256-512-512-777: 2500/2500 tasks started.alibaba-us-east-1-alibaba-sha256-512-512-830: 2500/2500 tasks started.azure-germanywestcentral-azure-sha256-512-512-938: 2500/2500 tasks started.gcp-us-east1-gcp-sha256-512-512-652: 2500/2500 tasks started.
[2025-11-30T23:18:36Z] [[36minfo[0m] [progress_update] aws-us-east-1-aws-sha256-512-512-777: 2500/2500 tasks started.alibaba-us-east-1-alibaba-sha256-512-512-830: 2500/2500 tasks started.azure-germanywestcentral-azure-sha256-512-512-938: 2500/2500 tasks started.gcp-us-east1-gcp-sha256-512-512-652: 2500/2500 tasks started.
[2025-11-30T23:18:46Z] [[36minfo[0m] [progress_update] aws-us-east-1-aws-sha256-512-512-777: 2500/2500 tasks started.alibaba-us-east-1-alibaba-sha256-512-512-830: 2500/2500 tasks started.azure-germanywestcentral-azure-sha256-512-512-938: 2500/2500 tasks started.gcp-us-east1-gcp-sha256-512-512-652: 2500/2500 tasks started.
[2025-11-30T23:18:56Z] [[36minfo[0m] [progress_update] aws-us-east-1-aws-sha256-512-512-777: 2500/2500 tasks started.alibaba-us-east-1-alibaba-sha256-512-512-830: 2500/2500 tasks started.azure-germanywestcentral-azure-sha256-512-512-938: 2500/2500 tasks started.gcp-us-east1-gcp-sha256-512-512-652: 2500/2500 tasks started.
[2025-11-30T23:19:06Z] [[36minfo[0m] [progress_update] aws-us-east-1-aws-sha256-512-512-777: 2500/2500 tasks started.alibaba-us-east-1-alibaba-sha256-512-512-830: 2500/2500 tasks started.azure-germanywestcentral-azure-sha256-512-512-938: 2500/2500 tasks started.gcp-us-east1-gcp-sha256-512-512-652: 2500/2500 tasks started.
[2025-11-30T23:19:16Z] [[36minfo[0m] [progress_update] aws-us-east-1-aws-sha256-512-512-777: 2500/2500 tasks started.alibaba-us-east-1-alibaba-sha256-512-512-830: 2500/2500 tasks started.azure-germanywestcentral-azure-sha256-512-512-938: 2500/2500 tasks started.gcp-us-east1-gcp-sha256-512-512-652: 2500/2500 tasks started.
[2025-11-30T23:19:26Z] [[36minfo[0m] [progress_update] aws-us-east-1-aws-sha256-512-512-777: 2500/2500 tasks started.alibaba-us-east-1-alibaba-sha256-512-512-830: 2500/2500 tasks started.azure-germanywestcentral-azure-sha256-512-512-938: 2500/2500 tasks started.gcp-us-east1-gcp-sha256-512-512-652: 2500/2500 tasks started.
[2025-11-30T23:19:36Z] [[36minfo[0m] [progress_update] azure-germanywestcentral-azure-sha256-512-512-938: 2500/2500 tasks started.gcp-us-east1-gcp-sha256-512-512-652: 2500/2500 tasks started.aws-us-east-1-aws-sha256-512-512-777: 2500/2500 tasks started.alibaba-us-east-1-alibaba-sha256-512-512-830: 2500/2500 tasks started.
[2025-11-30T23:19:46Z] [[36minfo[0m] [progress_update] gcp-us-east1-gcp-sha256-512-512-652: 2500/2500 tasks started.aws-us-east-1-aws-sha256-512-512-777: 2500/2500 tasks started.alibaba-us-east-1-alibaba-sha256-512-512-830: 2500/2500 tasks started.azure-germanywestcentral-azure-sha256-512-512-938: 2500/2500 tasks started.
[2025-11-30T23:19:56Z] [[36minfo[0m] [progress_update] aws-us-east-1-aws-sha256-512-512-777: 2500/2500 tasks started.alibaba-us-east-1-alibaba-sha256-512-512-830: 2500/2500 tasks started.azure-germanywestcentral-azure-sha256-512-512-938: 2500/2500 tasks started.gcp-us-east1-gcp-sha256-512-512-652: 2500/2500 tasks started.
[2025-11-30T23:19:58Z] [[31merror[0m] [task_execution] Error executing task azure-sha256-512: task azure-sha256-512 failed after 7 retries: <nil>
[2025-11-30T23:19:58Z] [[31merror[0m] [task_execution] Error executing task azure-sha256-512: task azure-sha256-512 failed after 7 retries: <nil>
[2025-11-30T23:19:58Z] [[31merror[0m] [task_execution] Error executing task azure-sha256-512: task azure-sha256-512 failed after 7 retries: <nil>
[2025-11-30T23:19:58Z] [[31merror[0m] [task_execution] Error executing task azure-sha256-512: task azure-sha256-512 failed after 7 retries: <nil>
[2025-11-30T23:19:58Z] [[31merror[0m] [task_execution] Error executing task azure-sha256-512: task azure-sha256-512 failed after 7 retries: <nil>
[2025-11-30T23:19:58Z] [[31merror[0m] [task_execution] Error executing task azure-sha256-512: task azure-sha256-512 failed after 7 retries: <nil>
[2025-11-30T23:19:58Z] [[31merror[0m] [task_execution] Error executing task azure-sha256-512: task azure-sha256-512 failed after 7 retries: <nil>
[2025-11-30T23:19:58Z] [[31merror[0m] [task_execution] Error executing task azure-sha256-512: task azure-sha256-512 failed after 7 retries: <nil>
[2025-11-30T23:19:58Z] [[31merror[0m] [task_execution] Error executing task azure-sha256-512: task azure-sha256-512 failed after 7 retries: <nil>
[2025-11-30T23:19:58Z] [[31merror[0m] [task_execution] Error executing task azure-sha256-512: task azure-sha256-512 failed after 7 retries: <nil>
[2025-11-30T23:19:59Z] [[31merror[0m] [task_execution] Error executing task azure-sha256-512: task azure-sha256-512 failed after 7 retries: <nil>
[2025-11-30T23:20:06Z] [[36minfo[0m] [progress_update] alibaba-us-east-1-alibaba-sha256-512-512-830: 2500/2500 tasks started.azure-germanywestcentral-azure-sha256-512-512-938: 2500/2500 tasks started.gcp-us-east1-gcp-sha256-512-512-652: 2500/2500 tasks started.aws-us-east-1-aws-sha256-512-512-777: 2500/2500 tasks started.
[2025-11-30T23:20:16Z] [[36minfo[0m] [progress_update] aws-us-east-1-aws-sha256-512-512-777: 2500/2500 tasks started.alibaba-us-east-1-alibaba-sha256-512-512-830: 2500/2500 tasks started.azure-germanywestcentral-azure-sha256-512-512-938: 2500/2500 tasks started.gcp-us-east1-gcp-sha256-512-512-652: 2500/2500 tasks started.
[2025-11-30T23:20:16Z] [[31merror[0m] [task_execution] Error executing task azure-sha256-512: task azure-sha256-512 failed after 7 retries: <nil>
[2025-11-30T23:20:26Z] [[36minfo[0m] [progress_update] aws-us-east-1-aws-sha256-512-512-777: 2500/2500 tasks started.alibaba-us-east-1-alibaba-sha256-512-512-830: 2500/2500 tasks started.azure-germanywestcentral-azure-sha256-512-512-938: 2500/2500 tasks started.gcp-us-east1-gcp-sha256-512-512-652: 2500/2500 tasks started.
[2025-11-30T23:20:32Z] [[31merror[0m] [task_execution] Error executing task azure-sha256-512: task azure-sha256-512 failed after 7 retries: <nil>
[2025-11-30T23:20:32Z] [[31merror[0m] [task_execution] Error executing task azure-sha256-512: task azure-sha256-512 failed after 7 retries: <nil>
[2025-11-30T23:20:32Z] [[31merror[0m] [task_execution] Error executing task azure-sha256-512: task azure-sha256-512 failed after 7 retries: <nil>
[2025-11-30T23:20:36Z] [[36minfo[0m] [progress_update] azure-germanywestcentral-azure-sha256-512-512-938: 2500/2500 tasks started.gcp-us-east1-gcp-sha256-512-512-652: 2500/2500 tasks started.aws-us-east-1-aws-sha256-512-512-777: 2500/2500 tasks started.alibaba-us-east-1-alibaba-sha256-512-512-830: 2500/2500 tasks started.
[2025-11-30T23:20:37Z] [[36minfo[0m] [function_finished] Finished benchmarking function azure-sha256-512 and closed archiver
[2025-11-30T23:20:39Z] [[36minfo[0m] [finish_timeline] Benchmark Timeline
[Sun Nov 30 23:20:39 UTC 2025] Finished benchmark 'sha256' successfully
[Sun Nov 30 23:20:39 UTC 2025] Sleeping 600 seconds before next workload...
