[Thu Dec  4 23:45:48 UTC 2025] Starting benchmark 'gemm' with config './configs/gemm.yaml'
Validating functions...
[2025-12-04T23:45:48Z] [[36minfo[0m] [executor_setup] Setting up executor for aws-us-east-1-aws-gemm-512-512-649
[2025-12-04T23:45:48Z] [[36minfo[0m] [executor_setup] Setting up executor for alibaba-us-east-1-alibaba-gemm-512-512-938
[2025-12-04T23:45:48Z] [[36minfo[0m] [executor_setup] Setting up executor for gcp-us-east1-gcp-gemm-512-512-95
[2025-12-04T23:45:48Z] [[36minfo[0m] [executor_setup] Setting up executor for azure-germanywestcentral-azure-gemm-512-512-885
[2025-12-04T23:45:48Z] [[0mwarning[0m] [[32mazure_limitations[0m] Azure can´t handle more than 300 parallel requests. Limiting to 300.
[2025-12-04T23:45:48Z] [[36minfo[0m] [start_timeline] Benchmark Timeline
[2025-12-04T23:45:48Z] [[36minfo[0m] [load_generator_start] (aws: us-east-1) Starting load generator with 500 workers
[2025-12-04T23:45:48Z] [[36minfo[0m] [load_generator_start] (gcp: us-east1) Starting load generator with 500 workers
[2025-12-04T23:45:48Z] [[36minfo[0m] [load_generator_start] (azure: germanywestcentral) Starting load generator with 300 workers
[2025-12-04T23:45:48Z] [[36minfo[0m] [load_generator_start] (alibaba: us-east-1) Starting load generator with 500 workers
[2025-12-04T23:45:58Z] [[36minfo[0m] [progress_update] aws-us-east-1-aws-gemm-512-512-649: 1582/2500 tasks started.alibaba-us-east-1-alibaba-gemm-512-512-938: 1207/2500 tasks started.gcp-us-east1-gcp-gemm-512-512-95: 1836/2500 tasks started.azure-germanywestcentral-azure-gemm-512-512-885: 652/2500 tasks started.
[2025-12-04T23:46:08Z] [[36minfo[0m] [progress_update] aws-us-east-1-aws-gemm-512-512-649: 2500/2500 tasks started.alibaba-us-east-1-alibaba-gemm-512-512-938: 2125/2500 tasks started.gcp-us-east1-gcp-gemm-512-512-95: 2500/2500 tasks started.azure-germanywestcentral-azure-gemm-512-512-885: 656/2500 tasks started.
[2025-12-04T23:46:18Z] [[36minfo[0m] [progress_update] aws-us-east-1-aws-gemm-512-512-649: 2500/2500 tasks started.alibaba-us-east-1-alibaba-gemm-512-512-938: 2500/2500 tasks started.gcp-us-east1-gcp-gemm-512-512-95: 2500/2500 tasks started.azure-germanywestcentral-azure-gemm-512-512-885: 1353/2500 tasks started.
[2025-12-04T23:46:26Z] [[36minfo[0m] [function_finished] Finished benchmarking function gcp-gemm-512 and closed archiver
[2025-12-04T23:46:28Z] [[36minfo[0m] [progress_update] gcp-us-east1-gcp-gemm-512-512-95: 2500/2500 tasks started.azure-germanywestcentral-azure-gemm-512-512-885: 1948/2500 tasks started.aws-us-east-1-aws-gemm-512-512-649: 2500/2500 tasks started.alibaba-us-east-1-alibaba-gemm-512-512-938: 2500/2500 tasks started.
[2025-12-04T23:46:30Z] [[36minfo[0m] [function_finished] Finished benchmarking function aws-gemm-512 and closed archiver
[2025-12-04T23:46:38Z] [[36minfo[0m] [progress_update] aws-us-east-1-aws-gemm-512-512-649: 2500/2500 tasks started.alibaba-us-east-1-alibaba-gemm-512-512-938: 2500/2500 tasks started.gcp-us-east1-gcp-gemm-512-512-95: 2500/2500 tasks started.azure-germanywestcentral-azure-gemm-512-512-885: 2319/2500 tasks started.
[2025-12-04T23:46:48Z] [[36minfo[0m] [progress_update] aws-us-east-1-aws-gemm-512-512-649: 2500/2500 tasks started.alibaba-us-east-1-alibaba-gemm-512-512-938: 2500/2500 tasks started.gcp-us-east1-gcp-gemm-512-512-95: 2500/2500 tasks started.azure-germanywestcentral-azure-gemm-512-512-885: 2328/2500 tasks started.
[2025-12-04T23:46:58Z] [[36minfo[0m] [progress_update] aws-us-east-1-aws-gemm-512-512-649: 2500/2500 tasks started.alibaba-us-east-1-alibaba-gemm-512-512-938: 2500/2500 tasks started.gcp-us-east1-gcp-gemm-512-512-95: 2500/2500 tasks started.azure-germanywestcentral-azure-gemm-512-512-885: 2369/2500 tasks started.
[2025-12-04T23:47:08Z] [[36minfo[0m] [progress_update] gcp-us-east1-gcp-gemm-512-512-95: 2500/2500 tasks started.azure-germanywestcentral-azure-gemm-512-512-885: 2434/2500 tasks started.aws-us-east-1-aws-gemm-512-512-649: 2500/2500 tasks started.alibaba-us-east-1-alibaba-gemm-512-512-938: 2500/2500 tasks started.
[2025-12-04T23:47:18Z] [[36minfo[0m] [progress_update] aws-us-east-1-aws-gemm-512-512-649: 2500/2500 tasks started.alibaba-us-east-1-alibaba-gemm-512-512-938: 2500/2500 tasks started.gcp-us-east1-gcp-gemm-512-512-95: 2500/2500 tasks started.azure-germanywestcentral-azure-gemm-512-512-885: 2474/2500 tasks started.
[2025-12-04T23:47:28Z] [[36minfo[0m] [progress_update] azure-germanywestcentral-azure-gemm-512-512-885: 2498/2500 tasks started.aws-us-east-1-aws-gemm-512-512-649: 2500/2500 tasks started.alibaba-us-east-1-alibaba-gemm-512-512-938: 2500/2500 tasks started.gcp-us-east1-gcp-gemm-512-512-95: 2500/2500 tasks started.
[2025-12-04T23:47:38Z] [[36minfo[0m] [progress_update] aws-us-east-1-aws-gemm-512-512-649: 2500/2500 tasks started.alibaba-us-east-1-alibaba-gemm-512-512-938: 2500/2500 tasks started.gcp-us-east1-gcp-gemm-512-512-95: 2500/2500 tasks started.azure-germanywestcentral-azure-gemm-512-512-885: 2500/2500 tasks started.
[2025-12-04T23:47:48Z] [[36minfo[0m] [progress_update] aws-us-east-1-aws-gemm-512-512-649: 2500/2500 tasks started.alibaba-us-east-1-alibaba-gemm-512-512-938: 2500/2500 tasks started.gcp-us-east1-gcp-gemm-512-512-95: 2500/2500 tasks started.azure-germanywestcentral-azure-gemm-512-512-885: 2500/2500 tasks started.
[2025-12-04T23:47:58Z] [[36minfo[0m] [progress_update] aws-us-east-1-aws-gemm-512-512-649: 2500/2500 tasks started.alibaba-us-east-1-alibaba-gemm-512-512-938: 2500/2500 tasks started.gcp-us-east1-gcp-gemm-512-512-95: 2500/2500 tasks started.azure-germanywestcentral-azure-gemm-512-512-885: 2500/2500 tasks started.
[2025-12-04T23:48:08Z] [[36minfo[0m] [progress_update] alibaba-us-east-1-alibaba-gemm-512-512-938: 2500/2500 tasks started.gcp-us-east1-gcp-gemm-512-512-95: 2500/2500 tasks started.azure-germanywestcentral-azure-gemm-512-512-885: 2500/2500 tasks started.aws-us-east-1-aws-gemm-512-512-649: 2500/2500 tasks started.
[2025-12-04T23:48:18Z] [[36minfo[0m] [progress_update] aws-us-east-1-aws-gemm-512-512-649: 2500/2500 tasks started.alibaba-us-east-1-alibaba-gemm-512-512-938: 2500/2500 tasks started.gcp-us-east1-gcp-gemm-512-512-95: 2500/2500 tasks started.azure-germanywestcentral-azure-gemm-512-512-885: 2500/2500 tasks started.
[2025-12-04T23:48:28Z] [[36minfo[0m] [progress_update] aws-us-east-1-aws-gemm-512-512-649: 2500/2500 tasks started.alibaba-us-east-1-alibaba-gemm-512-512-938: 2500/2500 tasks started.gcp-us-east1-gcp-gemm-512-512-95: 2500/2500 tasks started.azure-germanywestcentral-azure-gemm-512-512-885: 2500/2500 tasks started.
[2025-12-04T23:48:38Z] [[36minfo[0m] [progress_update] aws-us-east-1-aws-gemm-512-512-649: 2500/2500 tasks started.alibaba-us-east-1-alibaba-gemm-512-512-938: 2500/2500 tasks started.gcp-us-east1-gcp-gemm-512-512-95: 2500/2500 tasks started.azure-germanywestcentral-azure-gemm-512-512-885: 2500/2500 tasks started.
[2025-12-04T23:48:48Z] [[36minfo[0m] [progress_update] aws-us-east-1-aws-gemm-512-512-649: 2500/2500 tasks started.alibaba-us-east-1-alibaba-gemm-512-512-938: 2500/2500 tasks started.gcp-us-east1-gcp-gemm-512-512-95: 2500/2500 tasks started.azure-germanywestcentral-azure-gemm-512-512-885: 2500/2500 tasks started.
[2025-12-04T23:48:58Z] [[36minfo[0m] [progress_update] aws-us-east-1-aws-gemm-512-512-649: 2500/2500 tasks started.alibaba-us-east-1-alibaba-gemm-512-512-938: 2500/2500 tasks started.gcp-us-east1-gcp-gemm-512-512-95: 2500/2500 tasks started.azure-germanywestcentral-azure-gemm-512-512-885: 2500/2500 tasks started.
[2025-12-04T23:49:08Z] [[36minfo[0m] [progress_update] aws-us-east-1-aws-gemm-512-512-649: 2500/2500 tasks started.alibaba-us-east-1-alibaba-gemm-512-512-938: 2500/2500 tasks started.gcp-us-east1-gcp-gemm-512-512-95: 2500/2500 tasks started.azure-germanywestcentral-azure-gemm-512-512-885: 2500/2500 tasks started.
[2025-12-04T23:49:18Z] [[36minfo[0m] [progress_update] aws-us-east-1-aws-gemm-512-512-649: 2500/2500 tasks started.alibaba-us-east-1-alibaba-gemm-512-512-938: 2500/2500 tasks started.gcp-us-east1-gcp-gemm-512-512-95: 2500/2500 tasks started.azure-germanywestcentral-azure-gemm-512-512-885: 2500/2500 tasks started.
[2025-12-04T23:49:28Z] [[36minfo[0m] [progress_update] aws-us-east-1-aws-gemm-512-512-649: 2500/2500 tasks started.alibaba-us-east-1-alibaba-gemm-512-512-938: 2500/2500 tasks started.gcp-us-east1-gcp-gemm-512-512-95: 2500/2500 tasks started.azure-germanywestcentral-azure-gemm-512-512-885: 2500/2500 tasks started.
[2025-12-04T23:49:38Z] [[36minfo[0m] [progress_update] aws-us-east-1-aws-gemm-512-512-649: 2500/2500 tasks started.alibaba-us-east-1-alibaba-gemm-512-512-938: 2500/2500 tasks started.gcp-us-east1-gcp-gemm-512-512-95: 2500/2500 tasks started.azure-germanywestcentral-azure-gemm-512-512-885: 2500/2500 tasks started.
[2025-12-04T23:49:48Z] [[36minfo[0m] [progress_update] azure-germanywestcentral-azure-gemm-512-512-885: 2500/2500 tasks started.aws-us-east-1-aws-gemm-512-512-649: 2500/2500 tasks started.alibaba-us-east-1-alibaba-gemm-512-512-938: 2500/2500 tasks started.gcp-us-east1-gcp-gemm-512-512-95: 2500/2500 tasks started.
[2025-12-04T23:49:58Z] [[36minfo[0m] [progress_update] aws-us-east-1-aws-gemm-512-512-649: 2500/2500 tasks started.alibaba-us-east-1-alibaba-gemm-512-512-938: 2500/2500 tasks started.gcp-us-east1-gcp-gemm-512-512-95: 2500/2500 tasks started.azure-germanywestcentral-azure-gemm-512-512-885: 2500/2500 tasks started.
[2025-12-04T23:50:08Z] [[36minfo[0m] [progress_update] azure-germanywestcentral-azure-gemm-512-512-885: 2500/2500 tasks started.aws-us-east-1-aws-gemm-512-512-649: 2500/2500 tasks started.alibaba-us-east-1-alibaba-gemm-512-512-938: 2500/2500 tasks started.gcp-us-east1-gcp-gemm-512-512-95: 2500/2500 tasks started.
[2025-12-04T23:50:18Z] [[36minfo[0m] [progress_update] aws-us-east-1-aws-gemm-512-512-649: 2500/2500 tasks started.alibaba-us-east-1-alibaba-gemm-512-512-938: 2500/2500 tasks started.gcp-us-east1-gcp-gemm-512-512-95: 2500/2500 tasks started.azure-germanywestcentral-azure-gemm-512-512-885: 2500/2500 tasks started.
[2025-12-04T23:50:19Z] [[31merror[0m] [task_execution] Error executing task alibaba-gemm-512: task alibaba-gemm-512 failed after 7 retries: <nil>
[2025-12-04T23:50:24Z] [[36minfo[0m] [function_finished] Finished benchmarking function alibaba-gemm-512 and closed archiver
[2025-12-04T23:50:27Z] [[31merror[0m] [task_execution] Error executing task azure-gemm-512: task azure-gemm-512 failed after 7 retries: <nil>
[2025-12-04T23:50:27Z] [[31merror[0m] [task_execution] Error executing task azure-gemm-512: task azure-gemm-512 failed after 7 retries: <nil>
[2025-12-04T23:50:28Z] [[36minfo[0m] [progress_update] gcp-us-east1-gcp-gemm-512-512-95: 2500/2500 tasks started.azure-germanywestcentral-azure-gemm-512-512-885: 2500/2500 tasks started.aws-us-east-1-aws-gemm-512-512-649: 2500/2500 tasks started.alibaba-us-east-1-alibaba-gemm-512-512-938: 2500/2500 tasks started.
[2025-12-04T23:50:38Z] [[36minfo[0m] [progress_update] aws-us-east-1-aws-gemm-512-512-649: 2500/2500 tasks started.alibaba-us-east-1-alibaba-gemm-512-512-938: 2500/2500 tasks started.gcp-us-east1-gcp-gemm-512-512-95: 2500/2500 tasks started.azure-germanywestcentral-azure-gemm-512-512-885: 2500/2500 tasks started.
[2025-12-04T23:50:44Z] [[31merror[0m] [task_execution] Error executing task azure-gemm-512: task azure-gemm-512 failed after 7 retries: <nil>
[2025-12-04T23:50:44Z] [[31merror[0m] [task_execution] Error executing task azure-gemm-512: task azure-gemm-512 failed after 7 retries: <nil>
[2025-12-04T23:50:45Z] [[31merror[0m] [task_execution] Error executing task azure-gemm-512: task azure-gemm-512 failed after 7 retries: <nil>
[2025-12-04T23:50:45Z] [[31merror[0m] [task_execution] Error executing task azure-gemm-512: task azure-gemm-512 failed after 7 retries: <nil>
[2025-12-04T23:50:45Z] [[31merror[0m] [task_execution] Error executing task azure-gemm-512: task azure-gemm-512 failed after 7 retries: <nil>
[2025-12-04T23:50:46Z] [[31merror[0m] [task_execution] Error executing task azure-gemm-512: task azure-gemm-512 failed after 7 retries: <nil>
[2025-12-04T23:50:46Z] [[31merror[0m] [task_execution] Error executing task azure-gemm-512: task azure-gemm-512 failed after 7 retries: <nil>
[2025-12-04T23:50:46Z] [[31merror[0m] [task_execution] Error executing task azure-gemm-512: task azure-gemm-512 failed after 7 retries: <nil>
[2025-12-04T23:50:46Z] [[31merror[0m] [task_execution] Error executing task azure-gemm-512: task azure-gemm-512 failed after 7 retries: <nil>
[2025-12-04T23:50:46Z] [[31merror[0m] [task_execution] Error executing task azure-gemm-512: task azure-gemm-512 failed after 7 retries: <nil>
[2025-12-04T23:50:46Z] [[31merror[0m] [task_execution] Error executing task azure-gemm-512: task azure-gemm-512 failed after 7 retries: <nil>
[2025-12-04T23:50:46Z] [[31merror[0m] [task_execution] Error executing task azure-gemm-512: task azure-gemm-512 failed after 7 retries: <nil>
[2025-12-04T23:50:46Z] [[31merror[0m] [task_execution] Error executing task azure-gemm-512: task azure-gemm-512 failed after 7 retries: <nil>
[2025-12-04T23:50:46Z] [[31merror[0m] [task_execution] Error executing task azure-gemm-512: task azure-gemm-512 failed after 7 retries: <nil>
[2025-12-04T23:50:46Z] [[31merror[0m] [task_execution] Error executing task azure-gemm-512: task azure-gemm-512 failed after 7 retries: <nil>
[2025-12-04T23:50:46Z] [[31merror[0m] [task_execution] Error executing task azure-gemm-512: task azure-gemm-512 failed after 7 retries: <nil>
[2025-12-04T23:50:46Z] [[31merror[0m] [task_execution] Error executing task azure-gemm-512: task azure-gemm-512 failed after 7 retries: <nil>
[2025-12-04T23:50:46Z] [[31merror[0m] [task_execution] Error executing task azure-gemm-512: task azure-gemm-512 failed after 7 retries: <nil>
[2025-12-04T23:50:46Z] [[31merror[0m] [task_execution] Error executing task azure-gemm-512: task azure-gemm-512 failed after 7 retries: <nil>
[2025-12-04T23:50:46Z] [[31merror[0m] [task_execution] Error executing task azure-gemm-512: task azure-gemm-512 failed after 7 retries: <nil>
[2025-12-04T23:50:46Z] [[31merror[0m] [task_execution] Error executing task azure-gemm-512: task azure-gemm-512 failed after 7 retries: <nil>
[2025-12-04T23:50:46Z] [[31merror[0m] [task_execution] Error executing task azure-gemm-512: task azure-gemm-512 failed after 7 retries: <nil>
[2025-12-04T23:50:46Z] [[31merror[0m] [task_execution] Error executing task azure-gemm-512: task azure-gemm-512 failed after 7 retries: <nil>
[2025-12-04T23:50:46Z] [[31merror[0m] [task_execution] Error executing task azure-gemm-512: task azure-gemm-512 failed after 7 retries: <nil>
[2025-12-04T23:50:47Z] [[31merror[0m] [task_execution] Error executing task azure-gemm-512: task azure-gemm-512 failed after 7 retries: <nil>
[2025-12-04T23:50:47Z] [[31merror[0m] [task_execution] Error executing task azure-gemm-512: task azure-gemm-512 failed after 7 retries: <nil>
[2025-12-04T23:50:47Z] [[31merror[0m] [task_execution] Error executing task azure-gemm-512: task azure-gemm-512 failed after 7 retries: <nil>
[2025-12-04T23:50:47Z] [[31merror[0m] [task_execution] Error executing task azure-gemm-512: task azure-gemm-512 failed after 7 retries: <nil>
[2025-12-04T23:50:47Z] [[31merror[0m] [task_execution] Error executing task azure-gemm-512: task azure-gemm-512 failed after 7 retries: <nil>
[2025-12-04T23:50:47Z] [[31merror[0m] [task_execution] Error executing task azure-gemm-512: task azure-gemm-512 failed after 7 retries: <nil>
[2025-12-04T23:50:47Z] [[31merror[0m] [task_execution] Error executing task azure-gemm-512: task azure-gemm-512 failed after 7 retries: <nil>
[2025-12-04T23:50:47Z] [[31merror[0m] [task_execution] Error executing task azure-gemm-512: task azure-gemm-512 failed after 7 retries: <nil>
[2025-12-04T23:50:47Z] [[31merror[0m] [task_execution] Error executing task azure-gemm-512: task azure-gemm-512 failed after 7 retries: <nil>
[2025-12-04T23:50:47Z] [[31merror[0m] [task_execution] Error executing task azure-gemm-512: task azure-gemm-512 failed after 7 retries: <nil>
[2025-12-04T23:50:47Z] [[31merror[0m] [task_execution] Error executing task azure-gemm-512: task azure-gemm-512 failed after 7 retries: <nil>
[2025-12-04T23:50:47Z] [[31merror[0m] [task_execution] Error executing task azure-gemm-512: task azure-gemm-512 failed after 7 retries: <nil>
[2025-12-04T23:50:47Z] [[31merror[0m] [task_execution] Error executing task azure-gemm-512: task azure-gemm-512 failed after 7 retries: <nil>
[2025-12-04T23:50:48Z] [[31merror[0m] [task_execution] Error executing task azure-gemm-512: task azure-gemm-512 failed after 7 retries: <nil>
[2025-12-04T23:50:48Z] [[31merror[0m] [task_execution] Error executing task azure-gemm-512: task azure-gemm-512 failed after 7 retries: <nil>
[2025-12-04T23:50:48Z] [[31merror[0m] [task_execution] Error executing task azure-gemm-512: task azure-gemm-512 failed after 7 retries: <nil>
[2025-12-04T23:50:48Z] [[36minfo[0m] [progress_update] gcp-us-east1-gcp-gemm-512-512-95: 2500/2500 tasks started.azure-germanywestcentral-azure-gemm-512-512-885: 2500/2500 tasks started.aws-us-east-1-aws-gemm-512-512-649: 2500/2500 tasks started.alibaba-us-east-1-alibaba-gemm-512-512-938: 2500/2500 tasks started.
[2025-12-04T23:50:49Z] [[31merror[0m] [task_execution] Error executing task azure-gemm-512: task azure-gemm-512 failed after 7 retries: <nil>
[2025-12-04T23:50:49Z] [[31merror[0m] [task_execution] Error executing task azure-gemm-512: task azure-gemm-512 failed after 7 retries: <nil>
[2025-12-04T23:50:49Z] [[31merror[0m] [task_execution] Error executing task azure-gemm-512: task azure-gemm-512 failed after 7 retries: <nil>
[2025-12-04T23:50:49Z] [[31merror[0m] [task_execution] Error executing task azure-gemm-512: task azure-gemm-512 failed after 7 retries: <nil>
[2025-12-04T23:50:49Z] [[31merror[0m] [task_execution] Error executing task azure-gemm-512: task azure-gemm-512 failed after 7 retries: <nil>
[2025-12-04T23:50:49Z] [[31merror[0m] [task_execution] Error executing task azure-gemm-512: task azure-gemm-512 failed after 7 retries: <nil>
[2025-12-04T23:50:50Z] [[31merror[0m] [task_execution] Error executing task azure-gemm-512: task azure-gemm-512 failed after 7 retries: <nil>
[2025-12-04T23:50:58Z] [[36minfo[0m] [progress_update] aws-us-east-1-aws-gemm-512-512-649: 2500/2500 tasks started.alibaba-us-east-1-alibaba-gemm-512-512-938: 2500/2500 tasks started.gcp-us-east1-gcp-gemm-512-512-95: 2500/2500 tasks started.azure-germanywestcentral-azure-gemm-512-512-885: 2500/2500 tasks started.
[2025-12-04T23:51:08Z] [[36minfo[0m] [progress_update] alibaba-us-east-1-alibaba-gemm-512-512-938: 2500/2500 tasks started.gcp-us-east1-gcp-gemm-512-512-95: 2500/2500 tasks started.azure-germanywestcentral-azure-gemm-512-512-885: 2500/2500 tasks started.aws-us-east-1-aws-gemm-512-512-649: 2500/2500 tasks started.
[2025-12-04T23:51:14Z] [[31merror[0m] [task_execution] Error executing task azure-gemm-512: task azure-gemm-512 failed after 7 retries: <nil>
[2025-12-04T23:51:14Z] [[31merror[0m] [task_execution] Error executing task azure-gemm-512: task azure-gemm-512 failed after 7 retries: <nil>
[2025-12-04T23:51:14Z] [[31merror[0m] [task_execution] Error executing task azure-gemm-512: task azure-gemm-512 failed after 7 retries: <nil>
[2025-12-04T23:51:15Z] [[31merror[0m] [task_execution] Error executing task azure-gemm-512: task azure-gemm-512 failed after 7 retries: <nil>
[2025-12-04T23:51:16Z] [[31merror[0m] [task_execution] Error executing task azure-gemm-512: task azure-gemm-512 failed after 7 retries: <nil>
[2025-12-04T23:51:16Z] [[31merror[0m] [task_execution] Error executing task azure-gemm-512: task azure-gemm-512 failed after 7 retries: <nil>
[2025-12-04T23:51:16Z] [[31merror[0m] [task_execution] Error executing task azure-gemm-512: task azure-gemm-512 failed after 7 retries: <nil>
[2025-12-04T23:51:16Z] [[31merror[0m] [task_execution] Error executing task azure-gemm-512: task azure-gemm-512 failed after 7 retries: <nil>
[2025-12-04T23:51:17Z] [[31merror[0m] [task_execution] Error executing task azure-gemm-512: task azure-gemm-512 failed after 7 retries: <nil>
[2025-12-04T23:51:17Z] [[31merror[0m] [task_execution] Error executing task azure-gemm-512: task azure-gemm-512 failed after 7 retries: <nil>
[2025-12-04T23:51:18Z] [[31merror[0m] [task_execution] Error executing task azure-gemm-512: task azure-gemm-512 failed after 7 retries: <nil>
[2025-12-04T23:51:18Z] [[36minfo[0m] [progress_update] aws-us-east-1-aws-gemm-512-512-649: 2500/2500 tasks started.alibaba-us-east-1-alibaba-gemm-512-512-938: 2500/2500 tasks started.gcp-us-east1-gcp-gemm-512-512-95: 2500/2500 tasks started.azure-germanywestcentral-azure-gemm-512-512-885: 2500/2500 tasks started.
[2025-12-04T23:51:18Z] [[31merror[0m] [task_execution] Error executing task azure-gemm-512: task azure-gemm-512 failed after 7 retries: <nil>
[2025-12-04T23:51:18Z] [[31merror[0m] [task_execution] Error executing task azure-gemm-512: task azure-gemm-512 failed after 7 retries: <nil>
[2025-12-04T23:51:18Z] [[31merror[0m] [task_execution] Error executing task azure-gemm-512: task azure-gemm-512 failed after 7 retries: <nil>
[2025-12-04T23:51:19Z] [[31merror[0m] [task_execution] Error executing task azure-gemm-512: task azure-gemm-512 failed after 7 retries: <nil>
[2025-12-04T23:51:24Z] [[36minfo[0m] [function_finished] Finished benchmarking function azure-gemm-512 and closed archiver
[2025-12-04T23:51:26Z] [[36minfo[0m] [finish_timeline] Benchmark Timeline
[Thu Dec  4 23:51:26 UTC 2025] Finished benchmark 'gemm' successfully
[Thu Dec  4 23:51:26 UTC 2025] Sleeping 600 seconds before next workload...
