[Sat Nov 29 18:06:12 UTC 2025] Starting benchmark 'gzip' with config './configs/gzip.yaml'
Validating functions...
[2025-11-29T18:06:12Z] [[36minfo[0m] [executor_setup] Setting up executor for aws-us-east-1-aws-gzip-512-512-724
[2025-11-29T18:06:12Z] [[36minfo[0m] [executor_setup] Setting up executor for alibaba-us-east-1-alibaba-gzip-512-512-919
[2025-11-29T18:06:12Z] [[36minfo[0m] [executor_setup] Setting up executor for azure-germanywestcentral-azure-gzip-512-512-172
[2025-11-29T18:06:12Z] [[0mwarning[0m] [[32mazure_limitations[0m] Azure can´t handle more than 300 parallel requests. Limiting to 300.
[2025-11-29T18:06:12Z] [[36minfo[0m] [executor_setup] Setting up executor for gcp-us-east1-gcp-gzip-512-512-43
[2025-11-29T18:06:12Z] [[36minfo[0m] [start_timeline] Benchmark Timeline
[2025-11-29T18:06:12Z] [[36minfo[0m] [load_generator_start] (gcp: us-east1) Starting load generator with 300 workers
[2025-11-29T18:06:12Z] [[36minfo[0m] [load_generator_start] (aws: us-east-1) Starting load generator with 500 workers
[2025-11-29T18:06:12Z] [[36minfo[0m] [load_generator_start] (alibaba: us-east-1) Starting load generator with 500 workers
[2025-11-29T18:06:12Z] [[36minfo[0m] [load_generator_start] (azure: germanywestcentral) Starting load generator with 300 workers
[2025-11-29T18:06:22Z] [[36minfo[0m] [progress_update] aws-us-east-1-aws-gzip-512-512-724: 2028/2500 tasks started.alibaba-us-east-1-alibaba-gzip-512-512-919: 1765/2500 tasks started.azure-germanywestcentral-azure-gzip-512-512-172: 701/2500 tasks started.gcp-us-east1-gcp-gzip-512-512-43: 1299/2500 tasks started.
[2025-11-29T18:06:32Z] [[36minfo[0m] [progress_update] gcp-us-east1-gcp-gzip-512-512-43: 2371/2500 tasks started.aws-us-east-1-aws-gzip-512-512-724: 2500/2500 tasks started.alibaba-us-east-1-alibaba-gzip-512-512-919: 2500/2500 tasks started.azure-germanywestcentral-azure-gzip-512-512-172: 701/2500 tasks started.
[2025-11-29T18:06:36Z] [[36minfo[0m] [function_finished] Finished benchmarking function aws-gzip-512 and closed archiver
[2025-11-29T18:06:42Z] [[36minfo[0m] [progress_update] alibaba-us-east-1-alibaba-gzip-512-512-919: 2500/2500 tasks started.azure-germanywestcentral-azure-gzip-512-512-172: 1341/2500 tasks started.gcp-us-east1-gcp-gzip-512-512-43: 2500/2500 tasks started.aws-us-east-1-aws-gzip-512-512-724: 2500/2500 tasks started.
[2025-11-29T18:06:51Z] [[36minfo[0m] [function_finished] Finished benchmarking function gcp-gzip-512 and closed archiver
[2025-11-29T18:06:52Z] [[36minfo[0m] [progress_update] aws-us-east-1-aws-gzip-512-512-724: 2500/2500 tasks started.alibaba-us-east-1-alibaba-gzip-512-512-919: 2500/2500 tasks started.azure-germanywestcentral-azure-gzip-512-512-172: 1932/2500 tasks started.gcp-us-east1-gcp-gzip-512-512-43: 2500/2500 tasks started.
[2025-11-29T18:07:02Z] [[36minfo[0m] [progress_update] aws-us-east-1-aws-gzip-512-512-724: 2500/2500 tasks started.alibaba-us-east-1-alibaba-gzip-512-512-919: 2500/2500 tasks started.azure-germanywestcentral-azure-gzip-512-512-172: 2473/2500 tasks started.gcp-us-east1-gcp-gzip-512-512-43: 2500/2500 tasks started.
[2025-11-29T18:07:12Z] [[36minfo[0m] [progress_update] aws-us-east-1-aws-gzip-512-512-724: 2500/2500 tasks started.alibaba-us-east-1-alibaba-gzip-512-512-919: 2500/2500 tasks started.azure-germanywestcentral-azure-gzip-512-512-172: 2484/2500 tasks started.gcp-us-east1-gcp-gzip-512-512-43: 2500/2500 tasks started.
[2025-11-29T18:07:22Z] [[36minfo[0m] [progress_update] azure-germanywestcentral-azure-gzip-512-512-172: 2500/2500 tasks started.gcp-us-east1-gcp-gzip-512-512-43: 2500/2500 tasks started.aws-us-east-1-aws-gzip-512-512-724: 2500/2500 tasks started.alibaba-us-east-1-alibaba-gzip-512-512-919: 2500/2500 tasks started.
[2025-11-29T18:07:32Z] [[36minfo[0m] [progress_update] alibaba-us-east-1-alibaba-gzip-512-512-919: 2500/2500 tasks started.azure-germanywestcentral-azure-gzip-512-512-172: 2500/2500 tasks started.gcp-us-east1-gcp-gzip-512-512-43: 2500/2500 tasks started.aws-us-east-1-aws-gzip-512-512-724: 2500/2500 tasks started.
[2025-11-29T18:07:42Z] [[36minfo[0m] [progress_update] aws-us-east-1-aws-gzip-512-512-724: 2500/2500 tasks started.alibaba-us-east-1-alibaba-gzip-512-512-919: 2500/2500 tasks started.azure-germanywestcentral-azure-gzip-512-512-172: 2500/2500 tasks started.gcp-us-east1-gcp-gzip-512-512-43: 2500/2500 tasks started.
[2025-11-29T18:07:52Z] [[36minfo[0m] [progress_update] aws-us-east-1-aws-gzip-512-512-724: 2500/2500 tasks started.alibaba-us-east-1-alibaba-gzip-512-512-919: 2500/2500 tasks started.azure-germanywestcentral-azure-gzip-512-512-172: 2500/2500 tasks started.gcp-us-east1-gcp-gzip-512-512-43: 2500/2500 tasks started.
[2025-11-29T18:08:02Z] [[36minfo[0m] [progress_update] azure-germanywestcentral-azure-gzip-512-512-172: 2500/2500 tasks started.gcp-us-east1-gcp-gzip-512-512-43: 2500/2500 tasks started.aws-us-east-1-aws-gzip-512-512-724: 2500/2500 tasks started.alibaba-us-east-1-alibaba-gzip-512-512-919: 2500/2500 tasks started.
[2025-11-29T18:08:12Z] [[36minfo[0m] [progress_update] aws-us-east-1-aws-gzip-512-512-724: 2500/2500 tasks started.alibaba-us-east-1-alibaba-gzip-512-512-919: 2500/2500 tasks started.azure-germanywestcentral-azure-gzip-512-512-172: 2500/2500 tasks started.gcp-us-east1-gcp-gzip-512-512-43: 2500/2500 tasks started.
[2025-11-29T18:08:22Z] [[36minfo[0m] [progress_update] gcp-us-east1-gcp-gzip-512-512-43: 2500/2500 tasks started.aws-us-east-1-aws-gzip-512-512-724: 2500/2500 tasks started.alibaba-us-east-1-alibaba-gzip-512-512-919: 2500/2500 tasks started.azure-germanywestcentral-azure-gzip-512-512-172: 2500/2500 tasks started.
[2025-11-29T18:08:32Z] [[36minfo[0m] [progress_update] aws-us-east-1-aws-gzip-512-512-724: 2500/2500 tasks started.alibaba-us-east-1-alibaba-gzip-512-512-919: 2500/2500 tasks started.azure-germanywestcentral-azure-gzip-512-512-172: 2500/2500 tasks started.gcp-us-east1-gcp-gzip-512-512-43: 2500/2500 tasks started.
[2025-11-29T18:08:42Z] [[36minfo[0m] [progress_update] aws-us-east-1-aws-gzip-512-512-724: 2500/2500 tasks started.alibaba-us-east-1-alibaba-gzip-512-512-919: 2500/2500 tasks started.azure-germanywestcentral-azure-gzip-512-512-172: 2500/2500 tasks started.gcp-us-east1-gcp-gzip-512-512-43: 2500/2500 tasks started.
[2025-11-29T18:08:52Z] [[36minfo[0m] [progress_update] aws-us-east-1-aws-gzip-512-512-724: 2500/2500 tasks started.alibaba-us-east-1-alibaba-gzip-512-512-919: 2500/2500 tasks started.azure-germanywestcentral-azure-gzip-512-512-172: 2500/2500 tasks started.gcp-us-east1-gcp-gzip-512-512-43: 2500/2500 tasks started.
[2025-11-29T18:09:02Z] [[36minfo[0m] [progress_update] aws-us-east-1-aws-gzip-512-512-724: 2500/2500 tasks started.alibaba-us-east-1-alibaba-gzip-512-512-919: 2500/2500 tasks started.azure-germanywestcentral-azure-gzip-512-512-172: 2500/2500 tasks started.gcp-us-east1-gcp-gzip-512-512-43: 2500/2500 tasks started.
[2025-11-29T18:09:12Z] [[36minfo[0m] [progress_update] aws-us-east-1-aws-gzip-512-512-724: 2500/2500 tasks started.alibaba-us-east-1-alibaba-gzip-512-512-919: 2500/2500 tasks started.azure-germanywestcentral-azure-gzip-512-512-172: 2500/2500 tasks started.gcp-us-east1-gcp-gzip-512-512-43: 2500/2500 tasks started.
[2025-11-29T18:09:22Z] [[36minfo[0m] [progress_update] aws-us-east-1-aws-gzip-512-512-724: 2500/2500 tasks started.alibaba-us-east-1-alibaba-gzip-512-512-919: 2500/2500 tasks started.azure-germanywestcentral-azure-gzip-512-512-172: 2500/2500 tasks started.gcp-us-east1-gcp-gzip-512-512-43: 2500/2500 tasks started.
[2025-11-29T18:09:32Z] [[36minfo[0m] [progress_update] aws-us-east-1-aws-gzip-512-512-724: 2500/2500 tasks started.alibaba-us-east-1-alibaba-gzip-512-512-919: 2500/2500 tasks started.azure-germanywestcentral-azure-gzip-512-512-172: 2500/2500 tasks started.gcp-us-east1-gcp-gzip-512-512-43: 2500/2500 tasks started.
[2025-11-29T18:09:42Z] [[36minfo[0m] [progress_update] alibaba-us-east-1-alibaba-gzip-512-512-919: 2500/2500 tasks started.azure-germanywestcentral-azure-gzip-512-512-172: 2500/2500 tasks started.gcp-us-east1-gcp-gzip-512-512-43: 2500/2500 tasks started.aws-us-east-1-aws-gzip-512-512-724: 2500/2500 tasks started.
[2025-11-29T18:09:52Z] [[36minfo[0m] [progress_update] azure-germanywestcentral-azure-gzip-512-512-172: 2500/2500 tasks started.gcp-us-east1-gcp-gzip-512-512-43: 2500/2500 tasks started.aws-us-east-1-aws-gzip-512-512-724: 2500/2500 tasks started.alibaba-us-east-1-alibaba-gzip-512-512-919: 2500/2500 tasks started.
[2025-11-29T18:10:02Z] [[36minfo[0m] [progress_update] azure-germanywestcentral-azure-gzip-512-512-172: 2500/2500 tasks started.gcp-us-east1-gcp-gzip-512-512-43: 2500/2500 tasks started.aws-us-east-1-aws-gzip-512-512-724: 2500/2500 tasks started.alibaba-us-east-1-alibaba-gzip-512-512-919: 2500/2500 tasks started.
[2025-11-29T18:10:12Z] [[36minfo[0m] [progress_update] azure-germanywestcentral-azure-gzip-512-512-172: 2500/2500 tasks started.gcp-us-east1-gcp-gzip-512-512-43: 2500/2500 tasks started.aws-us-east-1-aws-gzip-512-512-724: 2500/2500 tasks started.alibaba-us-east-1-alibaba-gzip-512-512-919: 2500/2500 tasks started.
[2025-11-29T18:10:22Z] [[36minfo[0m] [progress_update] aws-us-east-1-aws-gzip-512-512-724: 2500/2500 tasks started.alibaba-us-east-1-alibaba-gzip-512-512-919: 2500/2500 tasks started.azure-germanywestcentral-azure-gzip-512-512-172: 2500/2500 tasks started.gcp-us-east1-gcp-gzip-512-512-43: 2500/2500 tasks started.
[2025-11-29T18:10:32Z] [[36minfo[0m] [progress_update] gcp-us-east1-gcp-gzip-512-512-43: 2500/2500 tasks started.aws-us-east-1-aws-gzip-512-512-724: 2500/2500 tasks started.alibaba-us-east-1-alibaba-gzip-512-512-919: 2500/2500 tasks started.azure-germanywestcentral-azure-gzip-512-512-172: 2500/2500 tasks started.
[2025-11-29T18:10:35Z] [[31merror[0m] [task_execution] Error executing task alibaba-gzip-512: task alibaba-gzip-512 failed after 7 retries: <nil>
[2025-11-29T18:10:36Z] [[31merror[0m] [task_execution] Error executing task alibaba-gzip-512: task alibaba-gzip-512 failed after 7 retries: <nil>
[2025-11-29T18:10:41Z] [[36minfo[0m] [function_finished] Finished benchmarking function alibaba-gzip-512 and closed archiver
[2025-11-29T18:10:42Z] [[36minfo[0m] [progress_update] gcp-us-east1-gcp-gzip-512-512-43: 2500/2500 tasks started.aws-us-east-1-aws-gzip-512-512-724: 2500/2500 tasks started.alibaba-us-east-1-alibaba-gzip-512-512-919: 2500/2500 tasks started.azure-germanywestcentral-azure-gzip-512-512-172: 2500/2500 tasks started.
[2025-11-29T18:10:52Z] [[36minfo[0m] [progress_update] aws-us-east-1-aws-gzip-512-512-724: 2500/2500 tasks started.alibaba-us-east-1-alibaba-gzip-512-512-919: 2500/2500 tasks started.azure-germanywestcentral-azure-gzip-512-512-172: 2500/2500 tasks started.gcp-us-east1-gcp-gzip-512-512-43: 2500/2500 tasks started.
[2025-11-29T18:11:02Z] [[36minfo[0m] [progress_update] aws-us-east-1-aws-gzip-512-512-724: 2500/2500 tasks started.alibaba-us-east-1-alibaba-gzip-512-512-919: 2500/2500 tasks started.azure-germanywestcentral-azure-gzip-512-512-172: 2500/2500 tasks started.gcp-us-east1-gcp-gzip-512-512-43: 2500/2500 tasks started.
[2025-11-29T18:11:12Z] [[36minfo[0m] [progress_update] aws-us-east-1-aws-gzip-512-512-724: 2500/2500 tasks started.alibaba-us-east-1-alibaba-gzip-512-512-919: 2500/2500 tasks started.azure-germanywestcentral-azure-gzip-512-512-172: 2500/2500 tasks started.gcp-us-east1-gcp-gzip-512-512-43: 2500/2500 tasks started.
[2025-11-29T18:11:14Z] [[31merror[0m] [task_execution] Error executing task azure-gzip-512: task azure-gzip-512 failed after 7 retries: <nil>
[2025-11-29T18:11:15Z] [[31merror[0m] [task_execution] Error executing task azure-gzip-512: task azure-gzip-512 failed after 7 retries: <nil>
[2025-11-29T18:11:15Z] [[31merror[0m] [task_execution] Error executing task azure-gzip-512: task azure-gzip-512 failed after 7 retries: <nil>
[2025-11-29T18:11:15Z] [[31merror[0m] [task_execution] Error executing task azure-gzip-512: task azure-gzip-512 failed after 7 retries: <nil>
[2025-11-29T18:11:16Z] [[31merror[0m] [task_execution] Error executing task azure-gzip-512: task azure-gzip-512 failed after 7 retries: <nil>
[2025-11-29T18:11:16Z] [[31merror[0m] [task_execution] Error executing task azure-gzip-512: task azure-gzip-512 failed after 7 retries: <nil>
[2025-11-29T18:11:22Z] [[36minfo[0m] [progress_update] aws-us-east-1-aws-gzip-512-512-724: 2500/2500 tasks started.alibaba-us-east-1-alibaba-gzip-512-512-919: 2500/2500 tasks started.azure-germanywestcentral-azure-gzip-512-512-172: 2500/2500 tasks started.gcp-us-east1-gcp-gzip-512-512-43: 2500/2500 tasks started.
[2025-11-29T18:11:32Z] [[36minfo[0m] [progress_update] aws-us-east-1-aws-gzip-512-512-724: 2500/2500 tasks started.alibaba-us-east-1-alibaba-gzip-512-512-919: 2500/2500 tasks started.azure-germanywestcentral-azure-gzip-512-512-172: 2500/2500 tasks started.gcp-us-east1-gcp-gzip-512-512-43: 2500/2500 tasks started.
[2025-11-29T18:11:42Z] [[36minfo[0m] [progress_update] alibaba-us-east-1-alibaba-gzip-512-512-919: 2500/2500 tasks started.azure-germanywestcentral-azure-gzip-512-512-172: 2500/2500 tasks started.gcp-us-east1-gcp-gzip-512-512-43: 2500/2500 tasks started.aws-us-east-1-aws-gzip-512-512-724: 2500/2500 tasks started.
[2025-11-29T18:11:45Z] [[31merror[0m] [task_execution] Error executing task azure-gzip-512: task azure-gzip-512 failed after 7 retries: <nil>
[2025-11-29T18:11:50Z] [[36minfo[0m] [function_finished] Finished benchmarking function azure-gzip-512 and closed archiver
[2025-11-29T18:11:52Z] [[36minfo[0m] [progress_update] azure-germanywestcentral-azure-gzip-512-512-172: 2500/2500 tasks started.gcp-us-east1-gcp-gzip-512-512-43: 2500/2500 tasks started.aws-us-east-1-aws-gzip-512-512-724: 2500/2500 tasks started.alibaba-us-east-1-alibaba-gzip-512-512-919: 2500/2500 tasks started.
[2025-11-29T18:11:52Z] [[36minfo[0m] [finish_timeline] Benchmark Timeline
[Sat Nov 29 18:11:52 UTC 2025] Finished benchmark 'gzip' successfully
