[Sun Dec  7 11:30:46 UTC 2025] Starting benchmark 'sha256' with config './configs/sha256.yaml'
Validating functions...
[2025-12-07T11:30:46Z] [[36minfo[0m] [executor_setup] Setting up executor for aws-us-east-1-aws-sha256-512-512-197
[2025-12-07T11:30:46Z] [[36minfo[0m] [executor_setup] Setting up executor for alibaba-us-east-1-alibaba-sha256-512-512-568
[2025-12-07T11:30:46Z] [[36minfo[0m] [executor_setup] Setting up executor for azure-germanywestcentral-azure-sha256-512-512-204
[2025-12-07T11:30:46Z] [[0mwarning[0m] [[32mazure_limitations[0m] Azure can´t handle more than 300 parallel requests. Limiting to 300.
[2025-12-07T11:30:46Z] [[36minfo[0m] [executor_setup] Setting up executor for gcp-us-east1-gcp-sha256-512-512-882
[2025-12-07T11:30:46Z] [[36minfo[0m] [start_timeline] Benchmark Timeline
[2025-12-07T11:30:46Z] [[36minfo[0m] [load_generator_start] (gcp: us-east1) Starting load generator with 300 workers
[2025-12-07T11:30:46Z] [[36minfo[0m] [load_generator_start] (aws: us-east-1) Starting load generator with 500 workers
[2025-12-07T11:30:46Z] [[36minfo[0m] [load_generator_start] (alibaba: us-east-1) Starting load generator with 500 workers
[2025-12-07T11:30:46Z] [[36minfo[0m] [load_generator_start] (azure: germanywestcentral) Starting load generator with 300 workers
[2025-12-07T11:30:56Z] [[36minfo[0m] [progress_update] azure-germanywestcentral-azure-sha256-512-512-204: 680/2500 tasks started.gcp-us-east1-gcp-sha256-512-512-882: 1688/2500 tasks started.aws-us-east-1-aws-sha256-512-512-197: 1724/2500 tasks started.alibaba-us-east-1-alibaba-sha256-512-512-568: 1451/2500 tasks started.
[2025-12-07T11:31:06Z] [[36minfo[0m] [progress_update] aws-us-east-1-aws-sha256-512-512-197: 2500/2500 tasks started.alibaba-us-east-1-alibaba-sha256-512-512-568: 2500/2500 tasks started.azure-germanywestcentral-azure-sha256-512-512-204: 953/2500 tasks started.gcp-us-east1-gcp-sha256-512-512-882: 2500/2500 tasks started.
[2025-12-07T11:31:12Z] [[36minfo[0m] [function_finished] Finished benchmarking function aws-sha256-512 and closed archiver
[2025-12-07T11:31:16Z] [[36minfo[0m] [progress_update] aws-us-east-1-aws-sha256-512-512-197: 2500/2500 tasks started.alibaba-us-east-1-alibaba-sha256-512-512-568: 2500/2500 tasks started.azure-germanywestcentral-azure-sha256-512-512-204: 1655/2500 tasks started.gcp-us-east1-gcp-sha256-512-512-882: 2500/2500 tasks started.
[2025-12-07T11:31:16Z] [[36minfo[0m] [function_finished] Finished benchmarking function gcp-sha256-512 and closed archiver
[2025-12-07T11:31:26Z] [[36minfo[0m] [progress_update] aws-us-east-1-aws-sha256-512-512-197: 2500/2500 tasks started.alibaba-us-east-1-alibaba-sha256-512-512-568: 2500/2500 tasks started.azure-germanywestcentral-azure-sha256-512-512-204: 2233/2500 tasks started.gcp-us-east1-gcp-sha256-512-512-882: 2500/2500 tasks started.
[2025-12-07T11:31:36Z] [[36minfo[0m] [progress_update] aws-us-east-1-aws-sha256-512-512-197: 2500/2500 tasks started.alibaba-us-east-1-alibaba-sha256-512-512-568: 2500/2500 tasks started.azure-germanywestcentral-azure-sha256-512-512-204: 2263/2500 tasks started.gcp-us-east1-gcp-sha256-512-512-882: 2500/2500 tasks started.
[2025-12-07T11:31:46Z] [[36minfo[0m] [progress_update] aws-us-east-1-aws-sha256-512-512-197: 2500/2500 tasks started.alibaba-us-east-1-alibaba-sha256-512-512-568: 2500/2500 tasks started.azure-germanywestcentral-azure-sha256-512-512-204: 2283/2500 tasks started.gcp-us-east1-gcp-sha256-512-512-882: 2500/2500 tasks started.
[2025-12-07T11:31:56Z] [[36minfo[0m] [progress_update] gcp-us-east1-gcp-sha256-512-512-882: 2500/2500 tasks started.aws-us-east-1-aws-sha256-512-512-197: 2500/2500 tasks started.alibaba-us-east-1-alibaba-sha256-512-512-568: 2500/2500 tasks started.azure-germanywestcentral-azure-sha256-512-512-204: 2306/2500 tasks started.
[2025-12-07T11:32:06Z] [[36minfo[0m] [progress_update] aws-us-east-1-aws-sha256-512-512-197: 2500/2500 tasks started.alibaba-us-east-1-alibaba-sha256-512-512-568: 2500/2500 tasks started.azure-germanywestcentral-azure-sha256-512-512-204: 2320/2500 tasks started.gcp-us-east1-gcp-sha256-512-512-882: 2500/2500 tasks started.
[2025-12-07T11:32:16Z] [[36minfo[0m] [progress_update] aws-us-east-1-aws-sha256-512-512-197: 2500/2500 tasks started.alibaba-us-east-1-alibaba-sha256-512-512-568: 2500/2500 tasks started.azure-germanywestcentral-azure-sha256-512-512-204: 2321/2500 tasks started.gcp-us-east1-gcp-sha256-512-512-882: 2500/2500 tasks started.
[2025-12-07T11:32:26Z] [[36minfo[0m] [progress_update] aws-us-east-1-aws-sha256-512-512-197: 2500/2500 tasks started.alibaba-us-east-1-alibaba-sha256-512-512-568: 2500/2500 tasks started.azure-germanywestcentral-azure-sha256-512-512-204: 2345/2500 tasks started.gcp-us-east1-gcp-sha256-512-512-882: 2500/2500 tasks started.
[2025-12-07T11:32:36Z] [[36minfo[0m] [progress_update] aws-us-east-1-aws-sha256-512-512-197: 2500/2500 tasks started.alibaba-us-east-1-alibaba-sha256-512-512-568: 2500/2500 tasks started.azure-germanywestcentral-azure-sha256-512-512-204: 2500/2500 tasks started.gcp-us-east1-gcp-sha256-512-512-882: 2500/2500 tasks started.
[2025-12-07T11:32:46Z] [[36minfo[0m] [progress_update] aws-us-east-1-aws-sha256-512-512-197: 2500/2500 tasks started.alibaba-us-east-1-alibaba-sha256-512-512-568: 2500/2500 tasks started.azure-germanywestcentral-azure-sha256-512-512-204: 2500/2500 tasks started.gcp-us-east1-gcp-sha256-512-512-882: 2500/2500 tasks started.
[2025-12-07T11:32:56Z] [[36minfo[0m] [progress_update] aws-us-east-1-aws-sha256-512-512-197: 2500/2500 tasks started.alibaba-us-east-1-alibaba-sha256-512-512-568: 2500/2500 tasks started.azure-germanywestcentral-azure-sha256-512-512-204: 2500/2500 tasks started.gcp-us-east1-gcp-sha256-512-512-882: 2500/2500 tasks started.
[2025-12-07T11:33:06Z] [[36minfo[0m] [progress_update] alibaba-us-east-1-alibaba-sha256-512-512-568: 2500/2500 tasks started.azure-germanywestcentral-azure-sha256-512-512-204: 2500/2500 tasks started.gcp-us-east1-gcp-sha256-512-512-882: 2500/2500 tasks started.aws-us-east-1-aws-sha256-512-512-197: 2500/2500 tasks started.
[2025-12-07T11:33:16Z] [[36minfo[0m] [function_finished] Finished benchmarking function alibaba-sha256-512 and closed archiver
[2025-12-07T11:33:16Z] [[36minfo[0m] [progress_update] aws-us-east-1-aws-sha256-512-512-197: 2500/2500 tasks started.alibaba-us-east-1-alibaba-sha256-512-512-568: 2500/2500 tasks started.azure-germanywestcentral-azure-sha256-512-512-204: 2500/2500 tasks started.gcp-us-east1-gcp-sha256-512-512-882: 2500/2500 tasks started.
[2025-12-07T11:33:26Z] [[36minfo[0m] [progress_update] gcp-us-east1-gcp-sha256-512-512-882: 2500/2500 tasks started.aws-us-east-1-aws-sha256-512-512-197: 2500/2500 tasks started.alibaba-us-east-1-alibaba-sha256-512-512-568: 2500/2500 tasks started.azure-germanywestcentral-azure-sha256-512-512-204: 2500/2500 tasks started.
[2025-12-07T11:33:36Z] [[36minfo[0m] [progress_update] aws-us-east-1-aws-sha256-512-512-197: 2500/2500 tasks started.alibaba-us-east-1-alibaba-sha256-512-512-568: 2500/2500 tasks started.azure-germanywestcentral-azure-sha256-512-512-204: 2500/2500 tasks started.gcp-us-east1-gcp-sha256-512-512-882: 2500/2500 tasks started.
[2025-12-07T11:33:46Z] [[36minfo[0m] [progress_update] aws-us-east-1-aws-sha256-512-512-197: 2500/2500 tasks started.alibaba-us-east-1-alibaba-sha256-512-512-568: 2500/2500 tasks started.azure-germanywestcentral-azure-sha256-512-512-204: 2500/2500 tasks started.gcp-us-east1-gcp-sha256-512-512-882: 2500/2500 tasks started.
[2025-12-07T11:33:56Z] [[36minfo[0m] [progress_update] aws-us-east-1-aws-sha256-512-512-197: 2500/2500 tasks started.alibaba-us-east-1-alibaba-sha256-512-512-568: 2500/2500 tasks started.azure-germanywestcentral-azure-sha256-512-512-204: 2500/2500 tasks started.gcp-us-east1-gcp-sha256-512-512-882: 2500/2500 tasks started.
[2025-12-07T11:34:06Z] [[36minfo[0m] [progress_update] aws-us-east-1-aws-sha256-512-512-197: 2500/2500 tasks started.alibaba-us-east-1-alibaba-sha256-512-512-568: 2500/2500 tasks started.azure-germanywestcentral-azure-sha256-512-512-204: 2500/2500 tasks started.gcp-us-east1-gcp-sha256-512-512-882: 2500/2500 tasks started.
[2025-12-07T11:34:16Z] [[36minfo[0m] [progress_update] aws-us-east-1-aws-sha256-512-512-197: 2500/2500 tasks started.alibaba-us-east-1-alibaba-sha256-512-512-568: 2500/2500 tasks started.azure-germanywestcentral-azure-sha256-512-512-204: 2500/2500 tasks started.gcp-us-east1-gcp-sha256-512-512-882: 2500/2500 tasks started.
[2025-12-07T11:34:26Z] [[36minfo[0m] [progress_update] aws-us-east-1-aws-sha256-512-512-197: 2500/2500 tasks started.alibaba-us-east-1-alibaba-sha256-512-512-568: 2500/2500 tasks started.azure-germanywestcentral-azure-sha256-512-512-204: 2500/2500 tasks started.gcp-us-east1-gcp-sha256-512-512-882: 2500/2500 tasks started.
[2025-12-07T11:34:36Z] [[36minfo[0m] [progress_update] aws-us-east-1-aws-sha256-512-512-197: 2500/2500 tasks started.alibaba-us-east-1-alibaba-sha256-512-512-568: 2500/2500 tasks started.azure-germanywestcentral-azure-sha256-512-512-204: 2500/2500 tasks started.gcp-us-east1-gcp-sha256-512-512-882: 2500/2500 tasks started.
[2025-12-07T11:34:46Z] [[36minfo[0m] [progress_update] alibaba-us-east-1-alibaba-sha256-512-512-568: 2500/2500 tasks started.azure-germanywestcentral-azure-sha256-512-512-204: 2500/2500 tasks started.gcp-us-east1-gcp-sha256-512-512-882: 2500/2500 tasks started.aws-us-east-1-aws-sha256-512-512-197: 2500/2500 tasks started.
[2025-12-07T11:34:56Z] [[36minfo[0m] [progress_update] aws-us-east-1-aws-sha256-512-512-197: 2500/2500 tasks started.alibaba-us-east-1-alibaba-sha256-512-512-568: 2500/2500 tasks started.azure-germanywestcentral-azure-sha256-512-512-204: 2500/2500 tasks started.gcp-us-east1-gcp-sha256-512-512-882: 2500/2500 tasks started.
[2025-12-07T11:35:06Z] [[36minfo[0m] [progress_update] alibaba-us-east-1-alibaba-sha256-512-512-568: 2500/2500 tasks started.azure-germanywestcentral-azure-sha256-512-512-204: 2500/2500 tasks started.gcp-us-east1-gcp-sha256-512-512-882: 2500/2500 tasks started.aws-us-east-1-aws-sha256-512-512-197: 2500/2500 tasks started.
[2025-12-07T11:35:06Z] [[31merror[0m] [task_execution] Error executing task azure-sha256-512: task azure-sha256-512 failed after 7 retries: <nil>
[2025-12-07T11:35:06Z] [[31merror[0m] [task_execution] Error executing task azure-sha256-512: task azure-sha256-512 failed after 7 retries: <nil>
[2025-12-07T11:35:06Z] [[31merror[0m] [task_execution] Error executing task azure-sha256-512: task azure-sha256-512 failed after 7 retries: <nil>
[2025-12-07T11:35:06Z] [[31merror[0m] [task_execution] Error executing task azure-sha256-512: task azure-sha256-512 failed after 7 retries: <nil>
[2025-12-07T11:35:06Z] [[31merror[0m] [task_execution] Error executing task azure-sha256-512: task azure-sha256-512 failed after 7 retries: <nil>
[2025-12-07T11:35:16Z] [[36minfo[0m] [progress_update] azure-germanywestcentral-azure-sha256-512-512-204: 2500/2500 tasks started.gcp-us-east1-gcp-sha256-512-512-882: 2500/2500 tasks started.aws-us-east-1-aws-sha256-512-512-197: 2500/2500 tasks started.alibaba-us-east-1-alibaba-sha256-512-512-568: 2500/2500 tasks started.
[2025-12-07T11:35:24Z] [[31merror[0m] [task_execution] Error executing task azure-sha256-512: task azure-sha256-512 failed after 7 retries: <nil>
[2025-12-07T11:35:25Z] [[31merror[0m] [task_execution] Error executing task azure-sha256-512: task azure-sha256-512 failed after 7 retries: <nil>
[2025-12-07T11:35:25Z] [[31merror[0m] [task_execution] Error executing task azure-sha256-512: task azure-sha256-512 failed after 7 retries: <nil>
[2025-12-07T11:35:26Z] [[36minfo[0m] [progress_update] aws-us-east-1-aws-sha256-512-512-197: 2500/2500 tasks started.alibaba-us-east-1-alibaba-sha256-512-512-568: 2500/2500 tasks started.azure-germanywestcentral-azure-sha256-512-512-204: 2500/2500 tasks started.gcp-us-east1-gcp-sha256-512-512-882: 2500/2500 tasks started.
[2025-12-07T11:35:36Z] [[36minfo[0m] [progress_update] aws-us-east-1-aws-sha256-512-512-197: 2500/2500 tasks started.alibaba-us-east-1-alibaba-sha256-512-512-568: 2500/2500 tasks started.azure-germanywestcentral-azure-sha256-512-512-204: 2500/2500 tasks started.gcp-us-east1-gcp-sha256-512-512-882: 2500/2500 tasks started.
[2025-12-07T11:35:38Z] [[31merror[0m] [task_execution] Error executing task azure-sha256-512: task azure-sha256-512 failed after 7 retries: <nil>
[2025-12-07T11:35:39Z] [[31merror[0m] [task_execution] Error executing task azure-sha256-512: task azure-sha256-512 failed after 7 retries: <nil>
[2025-12-07T11:35:39Z] [[31merror[0m] [task_execution] Error executing task azure-sha256-512: task azure-sha256-512 failed after 7 retries: <nil>
[2025-12-07T11:35:39Z] [[31merror[0m] [task_execution] Error executing task azure-sha256-512: task azure-sha256-512 failed after 7 retries: <nil>
[2025-12-07T11:35:39Z] [[31merror[0m] [task_execution] Error executing task azure-sha256-512: task azure-sha256-512 failed after 7 retries: <nil>
[2025-12-07T11:35:39Z] [[31merror[0m] [task_execution] Error executing task azure-sha256-512: task azure-sha256-512 failed after 7 retries: <nil>
[2025-12-07T11:35:39Z] [[31merror[0m] [task_execution] Error executing task azure-sha256-512: task azure-sha256-512 failed after 7 retries: <nil>
[2025-12-07T11:35:39Z] [[31merror[0m] [task_execution] Error executing task azure-sha256-512: task azure-sha256-512 failed after 7 retries: <nil>
[2025-12-07T11:35:39Z] [[31merror[0m] [task_execution] Error executing task azure-sha256-512: task azure-sha256-512 failed after 7 retries: <nil>
[2025-12-07T11:35:39Z] [[31merror[0m] [task_execution] Error executing task azure-sha256-512: task azure-sha256-512 failed after 7 retries: <nil>
[2025-12-07T11:35:39Z] [[31merror[0m] [task_execution] Error executing task azure-sha256-512: task azure-sha256-512 failed after 7 retries: <nil>
[2025-12-07T11:35:39Z] [[31merror[0m] [task_execution] Error executing task azure-sha256-512: task azure-sha256-512 failed after 7 retries: <nil>
[2025-12-07T11:35:39Z] [[31merror[0m] [task_execution] Error executing task azure-sha256-512: task azure-sha256-512 failed after 7 retries: <nil>
[2025-12-07T11:35:39Z] [[31merror[0m] [task_execution] Error executing task azure-sha256-512: task azure-sha256-512 failed after 7 retries: <nil>
[2025-12-07T11:35:40Z] [[31merror[0m] [task_execution] Error executing task azure-sha256-512: task azure-sha256-512 failed after 7 retries: <nil>
[2025-12-07T11:35:40Z] [[31merror[0m] [task_execution] Error executing task azure-sha256-512: task azure-sha256-512 failed after 7 retries: <nil>
[2025-12-07T11:35:40Z] [[31merror[0m] [task_execution] Error executing task azure-sha256-512: task azure-sha256-512 failed after 7 retries: <nil>
[2025-12-07T11:35:40Z] [[31merror[0m] [task_execution] Error executing task azure-sha256-512: task azure-sha256-512 failed after 7 retries: <nil>
[2025-12-07T11:35:40Z] [[31merror[0m] [task_execution] Error executing task azure-sha256-512: task azure-sha256-512 failed after 7 retries: <nil>
[2025-12-07T11:35:40Z] [[31merror[0m] [task_execution] Error executing task azure-sha256-512: task azure-sha256-512 failed after 7 retries: <nil>
[2025-12-07T11:35:40Z] [[31merror[0m] [task_execution] Error executing task azure-sha256-512: task azure-sha256-512 failed after 7 retries: <nil>
[2025-12-07T11:35:40Z] [[31merror[0m] [task_execution] Error executing task azure-sha256-512: task azure-sha256-512 failed after 7 retries: <nil>
[2025-12-07T11:35:40Z] [[31merror[0m] [task_execution] Error executing task azure-sha256-512: task azure-sha256-512 failed after 7 retries: <nil>
[2025-12-07T11:35:41Z] [[31merror[0m] [task_execution] Error executing task azure-sha256-512: task azure-sha256-512 failed after 7 retries: <nil>
[2025-12-07T11:35:41Z] [[31merror[0m] [task_execution] Error executing task azure-sha256-512: task azure-sha256-512 failed after 7 retries: <nil>
[2025-12-07T11:35:41Z] [[31merror[0m] [task_execution] Error executing task azure-sha256-512: task azure-sha256-512 failed after 7 retries: <nil>
[2025-12-07T11:35:41Z] [[31merror[0m] [task_execution] Error executing task azure-sha256-512: task azure-sha256-512 failed after 7 retries: <nil>
[2025-12-07T11:35:41Z] [[31merror[0m] [task_execution] Error executing task azure-sha256-512: task azure-sha256-512 failed after 7 retries: <nil>
[2025-12-07T11:35:42Z] [[31merror[0m] [task_execution] Error executing task azure-sha256-512: task azure-sha256-512 failed after 7 retries: <nil>
[2025-12-07T11:35:46Z] [[36minfo[0m] [progress_update] aws-us-east-1-aws-sha256-512-512-197: 2500/2500 tasks started.alibaba-us-east-1-alibaba-sha256-512-512-568: 2500/2500 tasks started.azure-germanywestcentral-azure-sha256-512-512-204: 2500/2500 tasks started.gcp-us-east1-gcp-sha256-512-512-882: 2500/2500 tasks started.
[2025-12-07T11:35:47Z] [[36minfo[0m] [function_finished] Finished benchmarking function azure-sha256-512 and closed archiver
[2025-12-07T11:35:49Z] [[36minfo[0m] [finish_timeline] Benchmark Timeline
[Sun Dec  7 11:35:49 UTC 2025] Finished benchmark 'sha256' successfully
[Sun Dec  7 11:35:49 UTC 2025] Sleeping 600 seconds before next workload...
