[Sat Nov 29 23:15:04 UTC 2025] Starting benchmark 'gzip' with config './configs/gzip.yaml'
Validating functions...
[2025-11-29T23:15:04Z] [[36minfo[0m] [executor_setup] Setting up executor for aws-us-east-1-aws-gzip-512-512-840
[2025-11-29T23:15:04Z] [[36minfo[0m] [executor_setup] Setting up executor for alibaba-us-east-1-alibaba-gzip-512-512-941
[2025-11-29T23:15:04Z] [[36minfo[0m] [executor_setup] Setting up executor for azure-germanywestcentral-azure-gzip-512-512-817
[2025-11-29T23:15:04Z] [[0mwarning[0m] [[32mazure_limitations[0m] Azure can´t handle more than 300 parallel requests. Limiting to 300.
[2025-11-29T23:15:04Z] [[36minfo[0m] [executor_setup] Setting up executor for gcp-us-east1-gcp-gzip-512-512-833
[2025-11-29T23:15:04Z] [[36minfo[0m] [start_timeline] Benchmark Timeline
[2025-11-29T23:15:04Z] [[36minfo[0m] [load_generator_start] (aws: us-east-1) Starting load generator with 500 workers
[2025-11-29T23:15:04Z] [[36minfo[0m] [load_generator_start] (alibaba: us-east-1) Starting load generator with 500 workers
[2025-11-29T23:15:04Z] [[36minfo[0m] [load_generator_start] (azure: germanywestcentral) Starting load generator with 300 workers
[2025-11-29T23:15:04Z] [[36minfo[0m] [load_generator_start] (gcp: us-east1) Starting load generator with 300 workers
[2025-11-29T23:15:14Z] [[36minfo[0m] [progress_update] aws-us-east-1-aws-gzip-512-512-840: 2074/2500 tasks started.alibaba-us-east-1-alibaba-gzip-512-512-941: 1943/2500 tasks started.azure-germanywestcentral-azure-gzip-512-512-817: 694/2500 tasks started.gcp-us-east1-gcp-gzip-512-512-833: 1203/2500 tasks started.
[2025-11-29T23:15:24Z] [[36minfo[0m] [progress_update] aws-us-east-1-aws-gzip-512-512-840: 2500/2500 tasks started.alibaba-us-east-1-alibaba-gzip-512-512-941: 2500/2500 tasks started.azure-germanywestcentral-azure-gzip-512-512-817: 709/2500 tasks started.gcp-us-east1-gcp-gzip-512-512-833: 2304/2500 tasks started.
[2025-11-29T23:15:30Z] [[36minfo[0m] [function_finished] Finished benchmarking function aws-gzip-512 and closed archiver
[2025-11-29T23:15:34Z] [[36minfo[0m] [progress_update] aws-us-east-1-aws-gzip-512-512-840: 2500/2500 tasks started.alibaba-us-east-1-alibaba-gzip-512-512-941: 2500/2500 tasks started.azure-germanywestcentral-azure-gzip-512-512-817: 1370/2500 tasks started.gcp-us-east1-gcp-gzip-512-512-833: 2500/2500 tasks started.
[2025-11-29T23:15:43Z] [[36minfo[0m] [function_finished] Finished benchmarking function gcp-gzip-512 and closed archiver
[2025-11-29T23:15:44Z] [[36minfo[0m] [progress_update] aws-us-east-1-aws-gzip-512-512-840: 2500/2500 tasks started.alibaba-us-east-1-alibaba-gzip-512-512-941: 2500/2500 tasks started.azure-germanywestcentral-azure-gzip-512-512-817: 1829/2500 tasks started.gcp-us-east1-gcp-gzip-512-512-833: 2500/2500 tasks started.
[2025-11-29T23:15:54Z] [[36minfo[0m] [progress_update] aws-us-east-1-aws-gzip-512-512-840: 2500/2500 tasks started.alibaba-us-east-1-alibaba-gzip-512-512-941: 2500/2500 tasks started.azure-germanywestcentral-azure-gzip-512-512-817: 2366/2500 tasks started.gcp-us-east1-gcp-gzip-512-512-833: 2500/2500 tasks started.
[2025-11-29T23:16:04Z] [[36minfo[0m] [progress_update] gcp-us-east1-gcp-gzip-512-512-833: 2500/2500 tasks started.aws-us-east-1-aws-gzip-512-512-840: 2500/2500 tasks started.alibaba-us-east-1-alibaba-gzip-512-512-941: 2500/2500 tasks started.azure-germanywestcentral-azure-gzip-512-512-817: 2379/2500 tasks started.
[2025-11-29T23:16:14Z] [[36minfo[0m] [progress_update] aws-us-east-1-aws-gzip-512-512-840: 2500/2500 tasks started.alibaba-us-east-1-alibaba-gzip-512-512-941: 2500/2500 tasks started.azure-germanywestcentral-azure-gzip-512-512-817: 2476/2500 tasks started.gcp-us-east1-gcp-gzip-512-512-833: 2500/2500 tasks started.
[2025-11-29T23:16:24Z] [[36minfo[0m] [progress_update] aws-us-east-1-aws-gzip-512-512-840: 2500/2500 tasks started.alibaba-us-east-1-alibaba-gzip-512-512-941: 2500/2500 tasks started.azure-germanywestcentral-azure-gzip-512-512-817: 2500/2500 tasks started.gcp-us-east1-gcp-gzip-512-512-833: 2500/2500 tasks started.
[2025-11-29T23:16:34Z] [[36minfo[0m] [progress_update] aws-us-east-1-aws-gzip-512-512-840: 2500/2500 tasks started.alibaba-us-east-1-alibaba-gzip-512-512-941: 2500/2500 tasks started.azure-germanywestcentral-azure-gzip-512-512-817: 2500/2500 tasks started.gcp-us-east1-gcp-gzip-512-512-833: 2500/2500 tasks started.
[2025-11-29T23:16:44Z] [[36minfo[0m] [progress_update] aws-us-east-1-aws-gzip-512-512-840: 2500/2500 tasks started.alibaba-us-east-1-alibaba-gzip-512-512-941: 2500/2500 tasks started.azure-germanywestcentral-azure-gzip-512-512-817: 2500/2500 tasks started.gcp-us-east1-gcp-gzip-512-512-833: 2500/2500 tasks started.
[2025-11-29T23:16:54Z] [[36minfo[0m] [progress_update] aws-us-east-1-aws-gzip-512-512-840: 2500/2500 tasks started.alibaba-us-east-1-alibaba-gzip-512-512-941: 2500/2500 tasks started.azure-germanywestcentral-azure-gzip-512-512-817: 2500/2500 tasks started.gcp-us-east1-gcp-gzip-512-512-833: 2500/2500 tasks started.
[2025-11-29T23:17:04Z] [[36minfo[0m] [progress_update] azure-germanywestcentral-azure-gzip-512-512-817: 2500/2500 tasks started.gcp-us-east1-gcp-gzip-512-512-833: 2500/2500 tasks started.aws-us-east-1-aws-gzip-512-512-840: 2500/2500 tasks started.alibaba-us-east-1-alibaba-gzip-512-512-941: 2500/2500 tasks started.
[2025-11-29T23:17:14Z] [[36minfo[0m] [progress_update] aws-us-east-1-aws-gzip-512-512-840: 2500/2500 tasks started.alibaba-us-east-1-alibaba-gzip-512-512-941: 2500/2500 tasks started.azure-germanywestcentral-azure-gzip-512-512-817: 2500/2500 tasks started.gcp-us-east1-gcp-gzip-512-512-833: 2500/2500 tasks started.
[2025-11-29T23:17:24Z] [[36minfo[0m] [progress_update] aws-us-east-1-aws-gzip-512-512-840: 2500/2500 tasks started.alibaba-us-east-1-alibaba-gzip-512-512-941: 2500/2500 tasks started.azure-germanywestcentral-azure-gzip-512-512-817: 2500/2500 tasks started.gcp-us-east1-gcp-gzip-512-512-833: 2500/2500 tasks started.
[2025-11-29T23:17:34Z] [[36minfo[0m] [progress_update] aws-us-east-1-aws-gzip-512-512-840: 2500/2500 tasks started.alibaba-us-east-1-alibaba-gzip-512-512-941: 2500/2500 tasks started.azure-germanywestcentral-azure-gzip-512-512-817: 2500/2500 tasks started.gcp-us-east1-gcp-gzip-512-512-833: 2500/2500 tasks started.
[2025-11-29T23:17:44Z] [[36minfo[0m] [progress_update] azure-germanywestcentral-azure-gzip-512-512-817: 2500/2500 tasks started.gcp-us-east1-gcp-gzip-512-512-833: 2500/2500 tasks started.aws-us-east-1-aws-gzip-512-512-840: 2500/2500 tasks started.alibaba-us-east-1-alibaba-gzip-512-512-941: 2500/2500 tasks started.
[2025-11-29T23:17:54Z] [[36minfo[0m] [progress_update] aws-us-east-1-aws-gzip-512-512-840: 2500/2500 tasks started.alibaba-us-east-1-alibaba-gzip-512-512-941: 2500/2500 tasks started.azure-germanywestcentral-azure-gzip-512-512-817: 2500/2500 tasks started.gcp-us-east1-gcp-gzip-512-512-833: 2500/2500 tasks started.
[2025-11-29T23:18:04Z] [[36minfo[0m] [progress_update] gcp-us-east1-gcp-gzip-512-512-833: 2500/2500 tasks started.aws-us-east-1-aws-gzip-512-512-840: 2500/2500 tasks started.alibaba-us-east-1-alibaba-gzip-512-512-941: 2500/2500 tasks started.azure-germanywestcentral-azure-gzip-512-512-817: 2500/2500 tasks started.
[2025-11-29T23:18:14Z] [[36minfo[0m] [progress_update] aws-us-east-1-aws-gzip-512-512-840: 2500/2500 tasks started.alibaba-us-east-1-alibaba-gzip-512-512-941: 2500/2500 tasks started.azure-germanywestcentral-azure-gzip-512-512-817: 2500/2500 tasks started.gcp-us-east1-gcp-gzip-512-512-833: 2500/2500 tasks started.
[2025-11-29T23:18:24Z] [[36minfo[0m] [progress_update] aws-us-east-1-aws-gzip-512-512-840: 2500/2500 tasks started.alibaba-us-east-1-alibaba-gzip-512-512-941: 2500/2500 tasks started.azure-germanywestcentral-azure-gzip-512-512-817: 2500/2500 tasks started.gcp-us-east1-gcp-gzip-512-512-833: 2500/2500 tasks started.
[2025-11-29T23:18:34Z] [[36minfo[0m] [progress_update] aws-us-east-1-aws-gzip-512-512-840: 2500/2500 tasks started.alibaba-us-east-1-alibaba-gzip-512-512-941: 2500/2500 tasks started.azure-germanywestcentral-azure-gzip-512-512-817: 2500/2500 tasks started.gcp-us-east1-gcp-gzip-512-512-833: 2500/2500 tasks started.
[2025-11-29T23:18:44Z] [[36minfo[0m] [progress_update] gcp-us-east1-gcp-gzip-512-512-833: 2500/2500 tasks started.aws-us-east-1-aws-gzip-512-512-840: 2500/2500 tasks started.alibaba-us-east-1-alibaba-gzip-512-512-941: 2500/2500 tasks started.azure-germanywestcentral-azure-gzip-512-512-817: 2500/2500 tasks started.
[2025-11-29T23:18:54Z] [[36minfo[0m] [progress_update] gcp-us-east1-gcp-gzip-512-512-833: 2500/2500 tasks started.aws-us-east-1-aws-gzip-512-512-840: 2500/2500 tasks started.alibaba-us-east-1-alibaba-gzip-512-512-941: 2500/2500 tasks started.azure-germanywestcentral-azure-gzip-512-512-817: 2500/2500 tasks started.
[2025-11-29T23:19:04Z] [[36minfo[0m] [progress_update] gcp-us-east1-gcp-gzip-512-512-833: 2500/2500 tasks started.aws-us-east-1-aws-gzip-512-512-840: 2500/2500 tasks started.alibaba-us-east-1-alibaba-gzip-512-512-941: 2500/2500 tasks started.azure-germanywestcentral-azure-gzip-512-512-817: 2500/2500 tasks started.
[2025-11-29T23:19:14Z] [[36minfo[0m] [progress_update] azure-germanywestcentral-azure-gzip-512-512-817: 2500/2500 tasks started.gcp-us-east1-gcp-gzip-512-512-833: 2500/2500 tasks started.aws-us-east-1-aws-gzip-512-512-840: 2500/2500 tasks started.alibaba-us-east-1-alibaba-gzip-512-512-941: 2500/2500 tasks started.
[2025-11-29T23:19:24Z] [[36minfo[0m] [progress_update] alibaba-us-east-1-alibaba-gzip-512-512-941: 2500/2500 tasks started.azure-germanywestcentral-azure-gzip-512-512-817: 2500/2500 tasks started.gcp-us-east1-gcp-gzip-512-512-833: 2500/2500 tasks started.aws-us-east-1-aws-gzip-512-512-840: 2500/2500 tasks started.
[2025-11-29T23:19:27Z] [[31merror[0m] [task_execution] Error executing task alibaba-gzip-512: task alibaba-gzip-512 failed after 7 retries: <nil>
[2025-11-29T23:19:32Z] [[36minfo[0m] [function_finished] Finished benchmarking function alibaba-gzip-512 and closed archiver
[2025-11-29T23:19:34Z] [[36minfo[0m] [progress_update] aws-us-east-1-aws-gzip-512-512-840: 2500/2500 tasks started.alibaba-us-east-1-alibaba-gzip-512-512-941: 2500/2500 tasks started.azure-germanywestcentral-azure-gzip-512-512-817: 2500/2500 tasks started.gcp-us-east1-gcp-gzip-512-512-833: 2500/2500 tasks started.
[2025-11-29T23:19:44Z] [[36minfo[0m] [progress_update] aws-us-east-1-aws-gzip-512-512-840: 2500/2500 tasks started.alibaba-us-east-1-alibaba-gzip-512-512-941: 2500/2500 tasks started.azure-germanywestcentral-azure-gzip-512-512-817: 2500/2500 tasks started.gcp-us-east1-gcp-gzip-512-512-833: 2500/2500 tasks started.
[2025-11-29T23:19:44Z] [[31merror[0m] [task_execution] Error executing task azure-gzip-512: task azure-gzip-512 failed after 7 retries: <nil>
[2025-11-29T23:19:44Z] [[31merror[0m] [task_execution] Error executing task azure-gzip-512: task azure-gzip-512 failed after 7 retries: <nil>
[2025-11-29T23:19:44Z] [[31merror[0m] [task_execution] Error executing task azure-gzip-512: task azure-gzip-512 failed after 7 retries: <nil>
[2025-11-29T23:19:44Z] [[31merror[0m] [task_execution] Error executing task azure-gzip-512: task azure-gzip-512 failed after 7 retries: <nil>
[2025-11-29T23:19:54Z] [[36minfo[0m] [progress_update] azure-germanywestcentral-azure-gzip-512-512-817: 2500/2500 tasks started.gcp-us-east1-gcp-gzip-512-512-833: 2500/2500 tasks started.aws-us-east-1-aws-gzip-512-512-840: 2500/2500 tasks started.alibaba-us-east-1-alibaba-gzip-512-512-941: 2500/2500 tasks started.
[2025-11-29T23:20:01Z] [[31merror[0m] [task_execution] Error executing task azure-gzip-512: task azure-gzip-512 failed after 7 retries: <nil>
[2025-11-29T23:20:01Z] [[31merror[0m] [task_execution] Error executing task azure-gzip-512: task azure-gzip-512 failed after 7 retries: <nil>
[2025-11-29T23:20:01Z] [[31merror[0m] [task_execution] Error executing task azure-gzip-512: task azure-gzip-512 failed after 7 retries: <nil>
[2025-11-29T23:20:01Z] [[31merror[0m] [task_execution] Error executing task azure-gzip-512: task azure-gzip-512 failed after 7 retries: <nil>
[2025-11-29T23:20:02Z] [[31merror[0m] [task_execution] Error executing task azure-gzip-512: task azure-gzip-512 failed after 7 retries: <nil>
[2025-11-29T23:20:02Z] [[31merror[0m] [task_execution] Error executing task azure-gzip-512: task azure-gzip-512 failed after 7 retries: <nil>
[2025-11-29T23:20:02Z] [[31merror[0m] [task_execution] Error executing task azure-gzip-512: task azure-gzip-512 failed after 7 retries: <nil>
[2025-11-29T23:20:02Z] [[31merror[0m] [task_execution] Error executing task azure-gzip-512: task azure-gzip-512 failed after 7 retries: <nil>
[2025-11-29T23:20:02Z] [[31merror[0m] [task_execution] Error executing task azure-gzip-512: task azure-gzip-512 failed after 7 retries: <nil>
[2025-11-29T23:20:02Z] [[31merror[0m] [task_execution] Error executing task azure-gzip-512: task azure-gzip-512 failed after 7 retries: <nil>
[2025-11-29T23:20:02Z] [[31merror[0m] [task_execution] Error executing task azure-gzip-512: task azure-gzip-512 failed after 7 retries: <nil>
[2025-11-29T23:20:02Z] [[31merror[0m] [task_execution] Error executing task azure-gzip-512: task azure-gzip-512 failed after 7 retries: <nil>
[2025-11-29T23:20:03Z] [[31merror[0m] [task_execution] Error executing task azure-gzip-512: task azure-gzip-512 failed after 7 retries: <nil>
[2025-11-29T23:20:03Z] [[31merror[0m] [task_execution] Error executing task azure-gzip-512: task azure-gzip-512 failed after 7 retries: <nil>
[2025-11-29T23:20:03Z] [[31merror[0m] [task_execution] Error executing task azure-gzip-512: task azure-gzip-512 failed after 7 retries: <nil>
[2025-11-29T23:20:03Z] [[31merror[0m] [task_execution] Error executing task azure-gzip-512: task azure-gzip-512 failed after 7 retries: <nil>
[2025-11-29T23:20:03Z] [[31merror[0m] [task_execution] Error executing task azure-gzip-512: task azure-gzip-512 failed after 7 retries: <nil>
[2025-11-29T23:20:03Z] [[31merror[0m] [task_execution] Error executing task azure-gzip-512: task azure-gzip-512 failed after 7 retries: <nil>
[2025-11-29T23:20:03Z] [[31merror[0m] [task_execution] Error executing task azure-gzip-512: task azure-gzip-512 failed after 7 retries: <nil>
[2025-11-29T23:20:03Z] [[31merror[0m] [task_execution] Error executing task azure-gzip-512: task azure-gzip-512 failed after 7 retries: <nil>
[2025-11-29T23:20:03Z] [[31merror[0m] [task_execution] Error executing task azure-gzip-512: task azure-gzip-512 failed after 7 retries: <nil>
[2025-11-29T23:20:03Z] [[31merror[0m] [task_execution] Error executing task azure-gzip-512: task azure-gzip-512 failed after 7 retries: <nil>
[2025-11-29T23:20:04Z] [[31merror[0m] [task_execution] Error executing task azure-gzip-512: task azure-gzip-512 failed after 7 retries: <nil>
[2025-11-29T23:20:04Z] [[36minfo[0m] [progress_update] gcp-us-east1-gcp-gzip-512-512-833: 2500/2500 tasks started.aws-us-east-1-aws-gzip-512-512-840: 2500/2500 tasks started.alibaba-us-east-1-alibaba-gzip-512-512-941: 2500/2500 tasks started.azure-germanywestcentral-azure-gzip-512-512-817: 2500/2500 tasks started.
[2025-11-29T23:20:04Z] [[31merror[0m] [task_execution] Error executing task azure-gzip-512: task azure-gzip-512 failed after 7 retries: <nil>
[2025-11-29T23:20:04Z] [[31merror[0m] [task_execution] Error executing task azure-gzip-512: task azure-gzip-512 failed after 7 retries: <nil>
[2025-11-29T23:20:05Z] [[31merror[0m] [task_execution] Error executing task azure-gzip-512: task azure-gzip-512 failed after 7 retries: <nil>
[2025-11-29T23:20:05Z] [[31merror[0m] [task_execution] Error executing task azure-gzip-512: task azure-gzip-512 failed after 7 retries: <nil>
[2025-11-29T23:20:05Z] [[31merror[0m] [task_execution] Error executing task azure-gzip-512: task azure-gzip-512 failed after 7 retries: <nil>
[2025-11-29T23:20:05Z] [[31merror[0m] [task_execution] Error executing task azure-gzip-512: task azure-gzip-512 failed after 7 retries: <nil>
[2025-11-29T23:20:05Z] [[31merror[0m] [task_execution] Error executing task azure-gzip-512: task azure-gzip-512 failed after 7 retries: <nil>
[2025-11-29T23:20:05Z] [[31merror[0m] [task_execution] Error executing task azure-gzip-512: task azure-gzip-512 failed after 7 retries: <nil>
[2025-11-29T23:20:05Z] [[31merror[0m] [task_execution] Error executing task azure-gzip-512: task azure-gzip-512 failed after 7 retries: <nil>
[2025-11-29T23:20:10Z] [[36minfo[0m] [function_finished] Finished benchmarking function azure-gzip-512 and closed archiver
[2025-11-29T23:20:12Z] [[36minfo[0m] [finish_timeline] Benchmark Timeline
[Sat Nov 29 23:20:12 UTC 2025] Finished benchmark 'gzip' successfully
[Sat Nov 29 23:20:12 UTC 2025] Sleeping 600 seconds before next workload...
