[Sun Dec  7 23:47:59 UTC 2025] Starting benchmark 'sha256' with config './configs/sha256.yaml'
Validating functions...
[2025-12-07T23:47:59Z] [[36minfo[0m] [executor_setup] Setting up executor for aws-us-east-1-aws-sha256-512-512-530
[2025-12-07T23:47:59Z] [[36minfo[0m] [executor_setup] Setting up executor for alibaba-us-east-1-alibaba-sha256-512-512-354
[2025-12-07T23:47:59Z] [[36minfo[0m] [executor_setup] Setting up executor for azure-germanywestcentral-azure-sha256-512-512-752
[2025-12-07T23:47:59Z] [[0mwarning[0m] [[32mazure_limitations[0m] Azure can´t handle more than 300 parallel requests. Limiting to 300.
[2025-12-07T23:47:59Z] [[36minfo[0m] [executor_setup] Setting up executor for gcp-us-east1-gcp-sha256-512-512-214
[2025-12-07T23:47:59Z] [[36minfo[0m] [start_timeline] Benchmark Timeline
[2025-12-07T23:47:59Z] [[36minfo[0m] [load_generator_start] (gcp: us-east1) Starting load generator with 300 workers
[2025-12-07T23:47:59Z] [[36minfo[0m] [load_generator_start] (azure: germanywestcentral) Starting load generator with 300 workers
[2025-12-07T23:47:59Z] [[36minfo[0m] [load_generator_start] (aws: us-east-1) Starting load generator with 500 workers
[2025-12-07T23:48:00Z] [[36minfo[0m] [load_generator_start] (alibaba: us-east-1) Starting load generator with 500 workers
[2025-12-07T23:48:09Z] [[36minfo[0m] [progress_update] aws-us-east-1-aws-sha256-512-512-530: 1538/2500 tasks started.alibaba-us-east-1-alibaba-sha256-512-512-354: 1441/2500 tasks started.azure-germanywestcentral-azure-sha256-512-512-752: 731/2500 tasks started.gcp-us-east1-gcp-sha256-512-512-214: 1518/2500 tasks started.
[2025-12-07T23:48:19Z] [[36minfo[0m] [progress_update] azure-germanywestcentral-azure-sha256-512-512-752: 874/2500 tasks started.gcp-us-east1-gcp-sha256-512-512-214: 2500/2500 tasks started.aws-us-east-1-aws-sha256-512-512-530: 2500/2500 tasks started.alibaba-us-east-1-alibaba-sha256-512-512-354: 2500/2500 tasks started.
[2025-12-07T23:48:27Z] [[36minfo[0m] [function_finished] Finished benchmarking function aws-sha256-512 and closed archiver
[2025-12-07T23:48:29Z] [[36minfo[0m] [progress_update] aws-us-east-1-aws-sha256-512-512-530: 2500/2500 tasks started.alibaba-us-east-1-alibaba-sha256-512-512-354: 2500/2500 tasks started.azure-germanywestcentral-azure-sha256-512-512-752: 1703/2500 tasks started.gcp-us-east1-gcp-sha256-512-512-214: 2500/2500 tasks started.
[2025-12-07T23:48:38Z] [[36minfo[0m] [function_finished] Finished benchmarking function gcp-sha256-512 and closed archiver
[2025-12-07T23:48:39Z] [[36minfo[0m] [progress_update] alibaba-us-east-1-alibaba-sha256-512-512-354: 2500/2500 tasks started.azure-germanywestcentral-azure-sha256-512-512-752: 2310/2500 tasks started.gcp-us-east1-gcp-sha256-512-512-214: 2500/2500 tasks started.aws-us-east-1-aws-sha256-512-512-530: 2500/2500 tasks started.
[2025-12-07T23:48:49Z] [[36minfo[0m] [progress_update] aws-us-east-1-aws-sha256-512-512-530: 2500/2500 tasks started.alibaba-us-east-1-alibaba-sha256-512-512-354: 2500/2500 tasks started.azure-germanywestcentral-azure-sha256-512-512-752: 2351/2500 tasks started.gcp-us-east1-gcp-sha256-512-512-214: 2500/2500 tasks started.
[2025-12-07T23:48:59Z] [[36minfo[0m] [progress_update] aws-us-east-1-aws-sha256-512-512-530: 2500/2500 tasks started.alibaba-us-east-1-alibaba-sha256-512-512-354: 2500/2500 tasks started.azure-germanywestcentral-azure-sha256-512-512-752: 2500/2500 tasks started.gcp-us-east1-gcp-sha256-512-512-214: 2500/2500 tasks started.
[2025-12-07T23:49:09Z] [[36minfo[0m] [progress_update] gcp-us-east1-gcp-sha256-512-512-214: 2500/2500 tasks started.aws-us-east-1-aws-sha256-512-512-530: 2500/2500 tasks started.alibaba-us-east-1-alibaba-sha256-512-512-354: 2500/2500 tasks started.azure-germanywestcentral-azure-sha256-512-512-752: 2500/2500 tasks started.
[2025-12-07T23:49:19Z] [[36minfo[0m] [progress_update] aws-us-east-1-aws-sha256-512-512-530: 2500/2500 tasks started.alibaba-us-east-1-alibaba-sha256-512-512-354: 2500/2500 tasks started.azure-germanywestcentral-azure-sha256-512-512-752: 2500/2500 tasks started.gcp-us-east1-gcp-sha256-512-512-214: 2500/2500 tasks started.
[2025-12-07T23:49:29Z] [[36minfo[0m] [progress_update] azure-germanywestcentral-azure-sha256-512-512-752: 2500/2500 tasks started.gcp-us-east1-gcp-sha256-512-512-214: 2500/2500 tasks started.aws-us-east-1-aws-sha256-512-512-530: 2500/2500 tasks started.alibaba-us-east-1-alibaba-sha256-512-512-354: 2500/2500 tasks started.
[2025-12-07T23:49:39Z] [[36minfo[0m] [progress_update] azure-germanywestcentral-azure-sha256-512-512-752: 2500/2500 tasks started.gcp-us-east1-gcp-sha256-512-512-214: 2500/2500 tasks started.aws-us-east-1-aws-sha256-512-512-530: 2500/2500 tasks started.alibaba-us-east-1-alibaba-sha256-512-512-354: 2500/2500 tasks started.
[2025-12-07T23:49:49Z] [[36minfo[0m] [progress_update] gcp-us-east1-gcp-sha256-512-512-214: 2500/2500 tasks started.aws-us-east-1-aws-sha256-512-512-530: 2500/2500 tasks started.alibaba-us-east-1-alibaba-sha256-512-512-354: 2500/2500 tasks started.azure-germanywestcentral-azure-sha256-512-512-752: 2500/2500 tasks started.
[2025-12-07T23:49:59Z] [[36minfo[0m] [progress_update] aws-us-east-1-aws-sha256-512-512-530: 2500/2500 tasks started.alibaba-us-east-1-alibaba-sha256-512-512-354: 2500/2500 tasks started.azure-germanywestcentral-azure-sha256-512-512-752: 2500/2500 tasks started.gcp-us-east1-gcp-sha256-512-512-214: 2500/2500 tasks started.
[2025-12-07T23:50:09Z] [[36minfo[0m] [progress_update] aws-us-east-1-aws-sha256-512-512-530: 2500/2500 tasks started.alibaba-us-east-1-alibaba-sha256-512-512-354: 2500/2500 tasks started.azure-germanywestcentral-azure-sha256-512-512-752: 2500/2500 tasks started.gcp-us-east1-gcp-sha256-512-512-214: 2500/2500 tasks started.
[2025-12-07T23:50:19Z] [[36minfo[0m] [progress_update] aws-us-east-1-aws-sha256-512-512-530: 2500/2500 tasks started.alibaba-us-east-1-alibaba-sha256-512-512-354: 2500/2500 tasks started.azure-germanywestcentral-azure-sha256-512-512-752: 2500/2500 tasks started.gcp-us-east1-gcp-sha256-512-512-214: 2500/2500 tasks started.
[2025-12-07T23:50:29Z] [[36minfo[0m] [progress_update] azure-germanywestcentral-azure-sha256-512-512-752: 2500/2500 tasks started.gcp-us-east1-gcp-sha256-512-512-214: 2500/2500 tasks started.aws-us-east-1-aws-sha256-512-512-530: 2500/2500 tasks started.alibaba-us-east-1-alibaba-sha256-512-512-354: 2500/2500 tasks started.
[2025-12-07T23:50:39Z] [[36minfo[0m] [progress_update] aws-us-east-1-aws-sha256-512-512-530: 2500/2500 tasks started.alibaba-us-east-1-alibaba-sha256-512-512-354: 2500/2500 tasks started.azure-germanywestcentral-azure-sha256-512-512-752: 2500/2500 tasks started.gcp-us-east1-gcp-sha256-512-512-214: 2500/2500 tasks started.
[2025-12-07T23:50:49Z] [[36minfo[0m] [progress_update] aws-us-east-1-aws-sha256-512-512-530: 2500/2500 tasks started.alibaba-us-east-1-alibaba-sha256-512-512-354: 2500/2500 tasks started.azure-germanywestcentral-azure-sha256-512-512-752: 2500/2500 tasks started.gcp-us-east1-gcp-sha256-512-512-214: 2500/2500 tasks started.
[2025-12-07T23:50:59Z] [[36minfo[0m] [progress_update] gcp-us-east1-gcp-sha256-512-512-214: 2500/2500 tasks started.aws-us-east-1-aws-sha256-512-512-530: 2500/2500 tasks started.alibaba-us-east-1-alibaba-sha256-512-512-354: 2500/2500 tasks started.azure-germanywestcentral-azure-sha256-512-512-752: 2500/2500 tasks started.
[2025-12-07T23:51:09Z] [[36minfo[0m] [progress_update] aws-us-east-1-aws-sha256-512-512-530: 2500/2500 tasks started.alibaba-us-east-1-alibaba-sha256-512-512-354: 2500/2500 tasks started.azure-germanywestcentral-azure-sha256-512-512-752: 2500/2500 tasks started.gcp-us-east1-gcp-sha256-512-512-214: 2500/2500 tasks started.
[2025-12-07T23:51:19Z] [[36minfo[0m] [progress_update] aws-us-east-1-aws-sha256-512-512-530: 2500/2500 tasks started.alibaba-us-east-1-alibaba-sha256-512-512-354: 2500/2500 tasks started.azure-germanywestcentral-azure-sha256-512-512-752: 2500/2500 tasks started.gcp-us-east1-gcp-sha256-512-512-214: 2500/2500 tasks started.
[2025-12-07T23:51:29Z] [[36minfo[0m] [progress_update] aws-us-east-1-aws-sha256-512-512-530: 2500/2500 tasks started.alibaba-us-east-1-alibaba-sha256-512-512-354: 2500/2500 tasks started.azure-germanywestcentral-azure-sha256-512-512-752: 2500/2500 tasks started.gcp-us-east1-gcp-sha256-512-512-214: 2500/2500 tasks started.
[2025-12-07T23:51:39Z] [[36minfo[0m] [progress_update] aws-us-east-1-aws-sha256-512-512-530: 2500/2500 tasks started.alibaba-us-east-1-alibaba-sha256-512-512-354: 2500/2500 tasks started.azure-germanywestcentral-azure-sha256-512-512-752: 2500/2500 tasks started.gcp-us-east1-gcp-sha256-512-512-214: 2500/2500 tasks started.
[2025-12-07T23:51:49Z] [[36minfo[0m] [progress_update] gcp-us-east1-gcp-sha256-512-512-214: 2500/2500 tasks started.aws-us-east-1-aws-sha256-512-512-530: 2500/2500 tasks started.alibaba-us-east-1-alibaba-sha256-512-512-354: 2500/2500 tasks started.azure-germanywestcentral-azure-sha256-512-512-752: 2500/2500 tasks started.
[2025-12-07T23:51:59Z] [[36minfo[0m] [progress_update] aws-us-east-1-aws-sha256-512-512-530: 2500/2500 tasks started.alibaba-us-east-1-alibaba-sha256-512-512-354: 2500/2500 tasks started.azure-germanywestcentral-azure-sha256-512-512-752: 2500/2500 tasks started.gcp-us-east1-gcp-sha256-512-512-214: 2500/2500 tasks started.
[2025-12-07T23:52:09Z] [[36minfo[0m] [progress_update] aws-us-east-1-aws-sha256-512-512-530: 2500/2500 tasks started.alibaba-us-east-1-alibaba-sha256-512-512-354: 2500/2500 tasks started.azure-germanywestcentral-azure-sha256-512-512-752: 2500/2500 tasks started.gcp-us-east1-gcp-sha256-512-512-214: 2500/2500 tasks started.
[2025-12-07T23:52:19Z] [[36minfo[0m] [progress_update] alibaba-us-east-1-alibaba-sha256-512-512-354: 2500/2500 tasks started.azure-germanywestcentral-azure-sha256-512-512-752: 2500/2500 tasks started.gcp-us-east1-gcp-sha256-512-512-214: 2500/2500 tasks started.aws-us-east-1-aws-sha256-512-512-530: 2500/2500 tasks started.
[2025-12-07T23:52:20Z] [[31merror[0m] [task_execution] Error executing task alibaba-sha256-512: task alibaba-sha256-512 failed after 7 retries: <nil>
[2025-12-07T23:52:23Z] [[31merror[0m] [task_execution] Error executing task azure-sha256-512: task azure-sha256-512 failed after 7 retries: <nil>
[2025-12-07T23:52:23Z] [[31merror[0m] [task_execution] Error executing task azure-sha256-512: task azure-sha256-512 failed after 7 retries: <nil>
[2025-12-07T23:52:25Z] [[36minfo[0m] [function_finished] Finished benchmarking function alibaba-sha256-512 and closed archiver
[2025-12-07T23:52:29Z] [[36minfo[0m] [progress_update] aws-us-east-1-aws-sha256-512-512-530: 2500/2500 tasks started.alibaba-us-east-1-alibaba-sha256-512-512-354: 2500/2500 tasks started.azure-germanywestcentral-azure-sha256-512-512-752: 2500/2500 tasks started.gcp-us-east1-gcp-sha256-512-512-214: 2500/2500 tasks started.
[2025-12-07T23:52:39Z] [[36minfo[0m] [progress_update] gcp-us-east1-gcp-sha256-512-512-214: 2500/2500 tasks started.aws-us-east-1-aws-sha256-512-512-530: 2500/2500 tasks started.alibaba-us-east-1-alibaba-sha256-512-512-354: 2500/2500 tasks started.azure-germanywestcentral-azure-sha256-512-512-752: 2500/2500 tasks started.
[2025-12-07T23:52:49Z] [[36minfo[0m] [progress_update] gcp-us-east1-gcp-sha256-512-512-214: 2500/2500 tasks started.aws-us-east-1-aws-sha256-512-512-530: 2500/2500 tasks started.alibaba-us-east-1-alibaba-sha256-512-512-354: 2500/2500 tasks started.azure-germanywestcentral-azure-sha256-512-512-752: 2500/2500 tasks started.
[2025-12-07T23:52:54Z] [[31merror[0m] [task_execution] Error executing task azure-sha256-512: task azure-sha256-512 failed after 7 retries: <nil>
[2025-12-07T23:52:54Z] [[31merror[0m] [task_execution] Error executing task azure-sha256-512: task azure-sha256-512 failed after 7 retries: <nil>
[2025-12-07T23:52:54Z] [[31merror[0m] [task_execution] Error executing task azure-sha256-512: task azure-sha256-512 failed after 7 retries: <nil>
[2025-12-07T23:52:54Z] [[31merror[0m] [task_execution] Error executing task azure-sha256-512: task azure-sha256-512 failed after 7 retries: <nil>
[2025-12-07T23:52:54Z] [[31merror[0m] [task_execution] Error executing task azure-sha256-512: task azure-sha256-512 failed after 7 retries: <nil>
[2025-12-07T23:52:54Z] [[31merror[0m] [task_execution] Error executing task azure-sha256-512: task azure-sha256-512 failed after 7 retries: <nil>
[2025-12-07T23:52:54Z] [[31merror[0m] [task_execution] Error executing task azure-sha256-512: task azure-sha256-512 failed after 7 retries: <nil>
[2025-12-07T23:52:55Z] [[31merror[0m] [task_execution] Error executing task azure-sha256-512: task azure-sha256-512 failed after 7 retries: <nil>
[2025-12-07T23:52:55Z] [[31merror[0m] [task_execution] Error executing task azure-sha256-512: task azure-sha256-512 failed after 7 retries: <nil>
[2025-12-07T23:52:55Z] [[31merror[0m] [task_execution] Error executing task azure-sha256-512: task azure-sha256-512 failed after 7 retries: <nil>
[2025-12-07T23:52:55Z] [[31merror[0m] [task_execution] Error executing task azure-sha256-512: task azure-sha256-512 failed after 7 retries: <nil>
[2025-12-07T23:52:55Z] [[31merror[0m] [task_execution] Error executing task azure-sha256-512: task azure-sha256-512 failed after 7 retries: <nil>
[2025-12-07T23:52:55Z] [[31merror[0m] [task_execution] Error executing task azure-sha256-512: task azure-sha256-512 failed after 7 retries: <nil>
[2025-12-07T23:52:55Z] [[31merror[0m] [task_execution] Error executing task azure-sha256-512: task azure-sha256-512 failed after 7 retries: <nil>
[2025-12-07T23:52:59Z] [[36minfo[0m] [progress_update] aws-us-east-1-aws-sha256-512-512-530: 2500/2500 tasks started.alibaba-us-east-1-alibaba-sha256-512-512-354: 2500/2500 tasks started.azure-germanywestcentral-azure-sha256-512-512-752: 2500/2500 tasks started.gcp-us-east1-gcp-sha256-512-512-214: 2500/2500 tasks started.
[2025-12-07T23:53:09Z] [[36minfo[0m] [progress_update] alibaba-us-east-1-alibaba-sha256-512-512-354: 2500/2500 tasks started.azure-germanywestcentral-azure-sha256-512-512-752: 2500/2500 tasks started.gcp-us-east1-gcp-sha256-512-512-214: 2500/2500 tasks started.aws-us-east-1-aws-sha256-512-512-530: 2500/2500 tasks started.
[2025-12-07T23:53:19Z] [[36minfo[0m] [progress_update] azure-germanywestcentral-azure-sha256-512-512-752: 2500/2500 tasks started.gcp-us-east1-gcp-sha256-512-512-214: 2500/2500 tasks started.aws-us-east-1-aws-sha256-512-512-530: 2500/2500 tasks started.alibaba-us-east-1-alibaba-sha256-512-512-354: 2500/2500 tasks started.
[2025-12-07T23:53:25Z] [[31merror[0m] [task_execution] Error executing task azure-sha256-512: task azure-sha256-512 failed after 7 retries: <nil>
[2025-12-07T23:53:29Z] [[36minfo[0m] [progress_update] aws-us-east-1-aws-sha256-512-512-530: 2500/2500 tasks started.alibaba-us-east-1-alibaba-sha256-512-512-354: 2500/2500 tasks started.azure-germanywestcentral-azure-sha256-512-512-752: 2500/2500 tasks started.gcp-us-east1-gcp-sha256-512-512-214: 2500/2500 tasks started.
[2025-12-07T23:53:30Z] [[36minfo[0m] [function_finished] Finished benchmarking function azure-sha256-512 and closed archiver
[2025-12-07T23:53:32Z] [[36minfo[0m] [finish_timeline] Benchmark Timeline
[Sun Dec  7 23:53:32 UTC 2025] Finished benchmark 'sha256' successfully
[Sun Dec  7 23:53:32 UTC 2025] Sleeping 600 seconds before next workload...
