[Fri Dec  5 18:00:54 UTC 2025] Starting benchmark 'json' with config './configs/json.yaml'
Validating functions...
[2025-12-05T18:00:54Z] [[36minfo[0m] [executor_setup] Setting up executor for aws-us-east-1-aws-json-512-512-801
[2025-12-05T18:00:54Z] [[36minfo[0m] [executor_setup] Setting up executor for alibaba-us-east-1-alibaba-json-512-512-260
[2025-12-05T18:00:54Z] [[36minfo[0m] [executor_setup] Setting up executor for azure-germanywestcentral-azure-json-512-512-409
[2025-12-05T18:00:54Z] [[0mwarning[0m] [[32mazure_limitations[0m] Azure can´t handle more than 300 parallel requests. Limiting to 300.
[2025-12-05T18:00:54Z] [[36minfo[0m] [executor_setup] Setting up executor for gcp-us-east1-gcp-json-512-512-795
[2025-12-05T18:00:54Z] [[36minfo[0m] [start_timeline] Benchmark Timeline
[2025-12-05T18:00:54Z] [[36minfo[0m] [load_generator_start] (aws: us-east-1) Starting load generator with 500 workers
[2025-12-05T18:00:54Z] [[36minfo[0m] [load_generator_start] (alibaba: us-east-1) Starting load generator with 500 workers
[2025-12-05T18:00:54Z] [[36minfo[0m] [load_generator_start] (azure: germanywestcentral) Starting load generator with 300 workers
[2025-12-05T18:00:54Z] [[36minfo[0m] [load_generator_start] (gcp: us-east1) Starting load generator with 300 workers
[2025-12-05T18:01:04Z] [[36minfo[0m] [progress_update] aws-us-east-1-aws-json-512-512-801: 1701/2500 tasks started.alibaba-us-east-1-alibaba-json-512-512-260: 1748/2500 tasks started.azure-germanywestcentral-azure-json-512-512-409: 683/2500 tasks started.gcp-us-east1-gcp-json-512-512-795: 990/2500 tasks started.
[2025-12-05T18:01:14Z] [[36minfo[0m] [progress_update] gcp-us-east1-gcp-json-512-512-795: 1985/2500 tasks started.aws-us-east-1-aws-json-512-512-801: 2500/2500 tasks started.alibaba-us-east-1-alibaba-json-512-512-260: 2500/2500 tasks started.azure-germanywestcentral-azure-json-512-512-409: 687/2500 tasks started.
[2025-12-05T18:01:24Z] [[36minfo[0m] [progress_update] aws-us-east-1-aws-json-512-512-801: 2500/2500 tasks started.alibaba-us-east-1-alibaba-json-512-512-260: 2500/2500 tasks started.azure-germanywestcentral-azure-json-512-512-409: 1367/2500 tasks started.gcp-us-east1-gcp-json-512-512-795: 2500/2500 tasks started.
[2025-12-05T18:01:26Z] [[36minfo[0m] [function_finished] Finished benchmarking function aws-json-512 and closed archiver
[2025-12-05T18:01:34Z] [[36minfo[0m] [progress_update] aws-us-east-1-aws-json-512-512-801: 2500/2500 tasks started.alibaba-us-east-1-alibaba-json-512-512-260: 2500/2500 tasks started.azure-germanywestcentral-azure-json-512-512-409: 1901/2500 tasks started.gcp-us-east1-gcp-json-512-512-795: 2500/2500 tasks started.
[2025-12-05T18:01:43Z] [[36minfo[0m] [function_finished] Finished benchmarking function gcp-json-512 and closed archiver
[2025-12-05T18:01:44Z] [[36minfo[0m] [progress_update] aws-us-east-1-aws-json-512-512-801: 2500/2500 tasks started.alibaba-us-east-1-alibaba-json-512-512-260: 2500/2500 tasks started.azure-germanywestcentral-azure-json-512-512-409: 2363/2500 tasks started.gcp-us-east1-gcp-json-512-512-795: 2500/2500 tasks started.
[2025-12-05T18:01:54Z] [[36minfo[0m] [progress_update] aws-us-east-1-aws-json-512-512-801: 2500/2500 tasks started.alibaba-us-east-1-alibaba-json-512-512-260: 2500/2500 tasks started.azure-germanywestcentral-azure-json-512-512-409: 2375/2500 tasks started.gcp-us-east1-gcp-json-512-512-795: 2500/2500 tasks started.
[2025-12-05T18:02:04Z] [[36minfo[0m] [progress_update] aws-us-east-1-aws-json-512-512-801: 2500/2500 tasks started.alibaba-us-east-1-alibaba-json-512-512-260: 2500/2500 tasks started.azure-germanywestcentral-azure-json-512-512-409: 2403/2500 tasks started.gcp-us-east1-gcp-json-512-512-795: 2500/2500 tasks started.
[2025-12-05T18:02:14Z] [[36minfo[0m] [progress_update] aws-us-east-1-aws-json-512-512-801: 2500/2500 tasks started.alibaba-us-east-1-alibaba-json-512-512-260: 2500/2500 tasks started.azure-germanywestcentral-azure-json-512-512-409: 2486/2500 tasks started.gcp-us-east1-gcp-json-512-512-795: 2500/2500 tasks started.
[2025-12-05T18:02:24Z] [[36minfo[0m] [progress_update] gcp-us-east1-gcp-json-512-512-795: 2500/2500 tasks started.aws-us-east-1-aws-json-512-512-801: 2500/2500 tasks started.alibaba-us-east-1-alibaba-json-512-512-260: 2500/2500 tasks started.azure-germanywestcentral-azure-json-512-512-409: 2500/2500 tasks started.
[2025-12-05T18:02:34Z] [[36minfo[0m] [progress_update] azure-germanywestcentral-azure-json-512-512-409: 2500/2500 tasks started.gcp-us-east1-gcp-json-512-512-795: 2500/2500 tasks started.aws-us-east-1-aws-json-512-512-801: 2500/2500 tasks started.alibaba-us-east-1-alibaba-json-512-512-260: 2500/2500 tasks started.
[2025-12-05T18:02:44Z] [[36minfo[0m] [progress_update] aws-us-east-1-aws-json-512-512-801: 2500/2500 tasks started.alibaba-us-east-1-alibaba-json-512-512-260: 2500/2500 tasks started.azure-germanywestcentral-azure-json-512-512-409: 2500/2500 tasks started.gcp-us-east1-gcp-json-512-512-795: 2500/2500 tasks started.
[2025-12-05T18:02:54Z] [[36minfo[0m] [progress_update] aws-us-east-1-aws-json-512-512-801: 2500/2500 tasks started.alibaba-us-east-1-alibaba-json-512-512-260: 2500/2500 tasks started.azure-germanywestcentral-azure-json-512-512-409: 2500/2500 tasks started.gcp-us-east1-gcp-json-512-512-795: 2500/2500 tasks started.
[2025-12-05T18:03:04Z] [[36minfo[0m] [progress_update] aws-us-east-1-aws-json-512-512-801: 2500/2500 tasks started.alibaba-us-east-1-alibaba-json-512-512-260: 2500/2500 tasks started.azure-germanywestcentral-azure-json-512-512-409: 2500/2500 tasks started.gcp-us-east1-gcp-json-512-512-795: 2500/2500 tasks started.
[2025-12-05T18:03:14Z] [[36minfo[0m] [progress_update] aws-us-east-1-aws-json-512-512-801: 2500/2500 tasks started.alibaba-us-east-1-alibaba-json-512-512-260: 2500/2500 tasks started.azure-germanywestcentral-azure-json-512-512-409: 2500/2500 tasks started.gcp-us-east1-gcp-json-512-512-795: 2500/2500 tasks started.
[2025-12-05T18:03:24Z] [[36minfo[0m] [progress_update] aws-us-east-1-aws-json-512-512-801: 2500/2500 tasks started.alibaba-us-east-1-alibaba-json-512-512-260: 2500/2500 tasks started.azure-germanywestcentral-azure-json-512-512-409: 2500/2500 tasks started.gcp-us-east1-gcp-json-512-512-795: 2500/2500 tasks started.
[2025-12-05T18:03:34Z] [[36minfo[0m] [progress_update] aws-us-east-1-aws-json-512-512-801: 2500/2500 tasks started.alibaba-us-east-1-alibaba-json-512-512-260: 2500/2500 tasks started.azure-germanywestcentral-azure-json-512-512-409: 2500/2500 tasks started.gcp-us-east1-gcp-json-512-512-795: 2500/2500 tasks started.
[2025-12-05T18:03:44Z] [[36minfo[0m] [progress_update] aws-us-east-1-aws-json-512-512-801: 2500/2500 tasks started.alibaba-us-east-1-alibaba-json-512-512-260: 2500/2500 tasks started.azure-germanywestcentral-azure-json-512-512-409: 2500/2500 tasks started.gcp-us-east1-gcp-json-512-512-795: 2500/2500 tasks started.
[2025-12-05T18:03:54Z] [[36minfo[0m] [progress_update] azure-germanywestcentral-azure-json-512-512-409: 2500/2500 tasks started.gcp-us-east1-gcp-json-512-512-795: 2500/2500 tasks started.aws-us-east-1-aws-json-512-512-801: 2500/2500 tasks started.alibaba-us-east-1-alibaba-json-512-512-260: 2500/2500 tasks started.
[2025-12-05T18:04:04Z] [[36minfo[0m] [progress_update] azure-germanywestcentral-azure-json-512-512-409: 2500/2500 tasks started.gcp-us-east1-gcp-json-512-512-795: 2500/2500 tasks started.aws-us-east-1-aws-json-512-512-801: 2500/2500 tasks started.alibaba-us-east-1-alibaba-json-512-512-260: 2500/2500 tasks started.
[2025-12-05T18:04:14Z] [[36minfo[0m] [progress_update] azure-germanywestcentral-azure-json-512-512-409: 2500/2500 tasks started.gcp-us-east1-gcp-json-512-512-795: 2500/2500 tasks started.aws-us-east-1-aws-json-512-512-801: 2500/2500 tasks started.alibaba-us-east-1-alibaba-json-512-512-260: 2500/2500 tasks started.
[2025-12-05T18:04:24Z] [[36minfo[0m] [progress_update] aws-us-east-1-aws-json-512-512-801: 2500/2500 tasks started.alibaba-us-east-1-alibaba-json-512-512-260: 2500/2500 tasks started.azure-germanywestcentral-azure-json-512-512-409: 2500/2500 tasks started.gcp-us-east1-gcp-json-512-512-795: 2500/2500 tasks started.
[2025-12-05T18:04:34Z] [[36minfo[0m] [progress_update] aws-us-east-1-aws-json-512-512-801: 2500/2500 tasks started.alibaba-us-east-1-alibaba-json-512-512-260: 2500/2500 tasks started.azure-germanywestcentral-azure-json-512-512-409: 2500/2500 tasks started.gcp-us-east1-gcp-json-512-512-795: 2500/2500 tasks started.
[2025-12-05T18:04:44Z] [[36minfo[0m] [progress_update] aws-us-east-1-aws-json-512-512-801: 2500/2500 tasks started.alibaba-us-east-1-alibaba-json-512-512-260: 2500/2500 tasks started.azure-germanywestcentral-azure-json-512-512-409: 2500/2500 tasks started.gcp-us-east1-gcp-json-512-512-795: 2500/2500 tasks started.
[2025-12-05T18:04:54Z] [[36minfo[0m] [progress_update] azure-germanywestcentral-azure-json-512-512-409: 2500/2500 tasks started.gcp-us-east1-gcp-json-512-512-795: 2500/2500 tasks started.aws-us-east-1-aws-json-512-512-801: 2500/2500 tasks started.alibaba-us-east-1-alibaba-json-512-512-260: 2500/2500 tasks started.
[2025-12-05T18:05:04Z] [[36minfo[0m] [progress_update] azure-germanywestcentral-azure-json-512-512-409: 2500/2500 tasks started.gcp-us-east1-gcp-json-512-512-795: 2500/2500 tasks started.aws-us-east-1-aws-json-512-512-801: 2500/2500 tasks started.alibaba-us-east-1-alibaba-json-512-512-260: 2500/2500 tasks started.
[2025-12-05T18:05:14Z] [[36minfo[0m] [progress_update] aws-us-east-1-aws-json-512-512-801: 2500/2500 tasks started.alibaba-us-east-1-alibaba-json-512-512-260: 2500/2500 tasks started.azure-germanywestcentral-azure-json-512-512-409: 2500/2500 tasks started.gcp-us-east1-gcp-json-512-512-795: 2500/2500 tasks started.
[2025-12-05T18:05:17Z] [[31merror[0m] [task_execution] Error executing task alibaba-json-512: task alibaba-json-512 failed after 7 retries: <nil>
[2025-12-05T18:05:22Z] [[36minfo[0m] [function_finished] Finished benchmarking function alibaba-json-512 and closed archiver
[2025-12-05T18:05:24Z] [[36minfo[0m] [progress_update] alibaba-us-east-1-alibaba-json-512-512-260: 2500/2500 tasks started.azure-germanywestcentral-azure-json-512-512-409: 2500/2500 tasks started.gcp-us-east1-gcp-json-512-512-795: 2500/2500 tasks started.aws-us-east-1-aws-json-512-512-801: 2500/2500 tasks started.
[2025-12-05T18:05:34Z] [[36minfo[0m] [progress_update] aws-us-east-1-aws-json-512-512-801: 2500/2500 tasks started.alibaba-us-east-1-alibaba-json-512-512-260: 2500/2500 tasks started.azure-germanywestcentral-azure-json-512-512-409: 2500/2500 tasks started.gcp-us-east1-gcp-json-512-512-795: 2500/2500 tasks started.
[2025-12-05T18:05:44Z] [[36minfo[0m] [progress_update] azure-germanywestcentral-azure-json-512-512-409: 2500/2500 tasks started.gcp-us-east1-gcp-json-512-512-795: 2500/2500 tasks started.aws-us-east-1-aws-json-512-512-801: 2500/2500 tasks started.alibaba-us-east-1-alibaba-json-512-512-260: 2500/2500 tasks started.
[2025-12-05T18:05:49Z] [[31merror[0m] [task_execution] Error executing task azure-json-512: task azure-json-512 failed after 7 retries: <nil>
[2025-12-05T18:05:49Z] [[31merror[0m] [task_execution] Error executing task azure-json-512: task azure-json-512 failed after 7 retries: <nil>
[2025-12-05T18:05:49Z] [[31merror[0m] [task_execution] Error executing task azure-json-512: task azure-json-512 failed after 7 retries: <nil>
[2025-12-05T18:05:49Z] [[31merror[0m] [task_execution] Error executing task azure-json-512: task azure-json-512 failed after 7 retries: <nil>
[2025-12-05T18:05:49Z] [[31merror[0m] [task_execution] Error executing task azure-json-512: task azure-json-512 failed after 7 retries: <nil>
[2025-12-05T18:05:49Z] [[31merror[0m] [task_execution] Error executing task azure-json-512: task azure-json-512 failed after 7 retries: <nil>
[2025-12-05T18:05:49Z] [[31merror[0m] [task_execution] Error executing task azure-json-512: task azure-json-512 failed after 7 retries: <nil>
[2025-12-05T18:05:49Z] [[31merror[0m] [task_execution] Error executing task azure-json-512: task azure-json-512 failed after 7 retries: <nil>
[2025-12-05T18:05:50Z] [[31merror[0m] [task_execution] Error executing task azure-json-512: task azure-json-512 failed after 7 retries: <nil>
[2025-12-05T18:05:50Z] [[31merror[0m] [task_execution] Error executing task azure-json-512: task azure-json-512 failed after 7 retries: <nil>
[2025-12-05T18:05:50Z] [[31merror[0m] [task_execution] Error executing task azure-json-512: task azure-json-512 failed after 7 retries: <nil>
[2025-12-05T18:05:50Z] [[31merror[0m] [task_execution] Error executing task azure-json-512: task azure-json-512 failed after 7 retries: <nil>
[2025-12-05T18:05:50Z] [[31merror[0m] [task_execution] Error executing task azure-json-512: task azure-json-512 failed after 7 retries: <nil>
[2025-12-05T18:05:50Z] [[31merror[0m] [task_execution] Error executing task azure-json-512: task azure-json-512 failed after 7 retries: <nil>
[2025-12-05T18:05:50Z] [[31merror[0m] [task_execution] Error executing task azure-json-512: task azure-json-512 failed after 7 retries: <nil>
[2025-12-05T18:05:50Z] [[31merror[0m] [task_execution] Error executing task azure-json-512: task azure-json-512 failed after 7 retries: <nil>
[2025-12-05T18:05:50Z] [[31merror[0m] [task_execution] Error executing task azure-json-512: task azure-json-512 failed after 7 retries: <nil>
[2025-12-05T18:05:50Z] [[31merror[0m] [task_execution] Error executing task azure-json-512: task azure-json-512 failed after 7 retries: <nil>
[2025-12-05T18:05:51Z] [[31merror[0m] [task_execution] Error executing task azure-json-512: task azure-json-512 failed after 7 retries: <nil>
[2025-12-05T18:05:51Z] [[31merror[0m] [task_execution] Error executing task azure-json-512: task azure-json-512 failed after 7 retries: <nil>
[2025-12-05T18:05:51Z] [[31merror[0m] [task_execution] Error executing task azure-json-512: task azure-json-512 failed after 7 retries: <nil>
[2025-12-05T18:05:51Z] [[31merror[0m] [task_execution] Error executing task azure-json-512: task azure-json-512 failed after 7 retries: <nil>
[2025-12-05T18:05:51Z] [[31merror[0m] [task_execution] Error executing task azure-json-512: task azure-json-512 failed after 7 retries: <nil>
[2025-12-05T18:05:51Z] [[31merror[0m] [task_execution] Error executing task azure-json-512: task azure-json-512 failed after 7 retries: <nil>
[2025-12-05T18:05:51Z] [[31merror[0m] [task_execution] Error executing task azure-json-512: task azure-json-512 failed after 7 retries: <nil>
[2025-12-05T18:05:51Z] [[31merror[0m] [task_execution] Error executing task azure-json-512: task azure-json-512 failed after 7 retries: <nil>
[2025-12-05T18:05:51Z] [[31merror[0m] [task_execution] Error executing task azure-json-512: task azure-json-512 failed after 7 retries: <nil>
[2025-12-05T18:05:51Z] [[31merror[0m] [task_execution] Error executing task azure-json-512: task azure-json-512 failed after 7 retries: <nil>
[2025-12-05T18:05:52Z] [[31merror[0m] [task_execution] Error executing task azure-json-512: task azure-json-512 failed after 7 retries: <nil>
[2025-12-05T18:05:52Z] [[31merror[0m] [task_execution] Error executing task azure-json-512: task azure-json-512 failed after 7 retries: <nil>
[2025-12-05T18:05:52Z] [[31merror[0m] [task_execution] Error executing task azure-json-512: task azure-json-512 failed after 7 retries: <nil>
[2025-12-05T18:05:52Z] [[31merror[0m] [task_execution] Error executing task azure-json-512: task azure-json-512 failed after 7 retries: <nil>
[2025-12-05T18:05:52Z] [[31merror[0m] [task_execution] Error executing task azure-json-512: task azure-json-512 failed after 7 retries: <nil>
[2025-12-05T18:05:52Z] [[31merror[0m] [task_execution] Error executing task azure-json-512: task azure-json-512 failed after 7 retries: <nil>
[2025-12-05T18:05:52Z] [[31merror[0m] [task_execution] Error executing task azure-json-512: task azure-json-512 failed after 7 retries: <nil>
[2025-12-05T18:05:52Z] [[31merror[0m] [task_execution] Error executing task azure-json-512: task azure-json-512 failed after 7 retries: <nil>
[2025-12-05T18:05:52Z] [[31merror[0m] [task_execution] Error executing task azure-json-512: task azure-json-512 failed after 7 retries: <nil>
[2025-12-05T18:05:52Z] [[31merror[0m] [task_execution] Error executing task azure-json-512: task azure-json-512 failed after 7 retries: <nil>
[2025-12-05T18:05:52Z] [[31merror[0m] [task_execution] Error executing task azure-json-512: task azure-json-512 failed after 7 retries: <nil>
[2025-12-05T18:05:52Z] [[31merror[0m] [task_execution] Error executing task azure-json-512: task azure-json-512 failed after 7 retries: <nil>
[2025-12-05T18:05:52Z] [[31merror[0m] [task_execution] Error executing task azure-json-512: task azure-json-512 failed after 7 retries: <nil>
[2025-12-05T18:05:53Z] [[31merror[0m] [task_execution] Error executing task azure-json-512: task azure-json-512 failed after 7 retries: <nil>
[2025-12-05T18:05:53Z] [[31merror[0m] [task_execution] Error executing task azure-json-512: task azure-json-512 failed after 7 retries: <nil>
[2025-12-05T18:05:53Z] [[31merror[0m] [task_execution] Error executing task azure-json-512: task azure-json-512 failed after 7 retries: <nil>
[2025-12-05T18:05:53Z] [[31merror[0m] [task_execution] Error executing task azure-json-512: task azure-json-512 failed after 7 retries: <nil>
[2025-12-05T18:05:53Z] [[31merror[0m] [task_execution] Error executing task azure-json-512: task azure-json-512 failed after 7 retries: <nil>
[2025-12-05T18:05:53Z] [[31merror[0m] [task_execution] Error executing task azure-json-512: task azure-json-512 failed after 7 retries: <nil>
[2025-12-05T18:05:53Z] [[31merror[0m] [task_execution] Error executing task azure-json-512: task azure-json-512 failed after 7 retries: <nil>
[2025-12-05T18:05:53Z] [[31merror[0m] [task_execution] Error executing task azure-json-512: task azure-json-512 failed after 7 retries: <nil>
[2025-12-05T18:05:53Z] [[31merror[0m] [task_execution] Error executing task azure-json-512: task azure-json-512 failed after 7 retries: <nil>
[2025-12-05T18:05:53Z] [[31merror[0m] [task_execution] Error executing task azure-json-512: task azure-json-512 failed after 7 retries: <nil>
[2025-12-05T18:05:53Z] [[31merror[0m] [task_execution] Error executing task azure-json-512: task azure-json-512 failed after 7 retries: <nil>
[2025-12-05T18:05:53Z] [[31merror[0m] [task_execution] Error executing task azure-json-512: task azure-json-512 failed after 7 retries: <nil>
[2025-12-05T18:05:53Z] [[31merror[0m] [task_execution] Error executing task azure-json-512: task azure-json-512 failed after 7 retries: <nil>
[2025-12-05T18:05:53Z] [[31merror[0m] [task_execution] Error executing task azure-json-512: task azure-json-512 failed after 7 retries: <nil>
[2025-12-05T18:05:53Z] [[31merror[0m] [task_execution] Error executing task azure-json-512: task azure-json-512 failed after 7 retries: <nil>
[2025-12-05T18:05:53Z] [[31merror[0m] [task_execution] Error executing task azure-json-512: task azure-json-512 failed after 7 retries: <nil>
[2025-12-05T18:05:54Z] [[36minfo[0m] [progress_update] gcp-us-east1-gcp-json-512-512-795: 2500/2500 tasks started.aws-us-east-1-aws-json-512-512-801: 2500/2500 tasks started.alibaba-us-east-1-alibaba-json-512-512-260: 2500/2500 tasks started.azure-germanywestcentral-azure-json-512-512-409: 2500/2500 tasks started.
[2025-12-05T18:05:54Z] [[31merror[0m] [task_execution] Error executing task azure-json-512: task azure-json-512 failed after 7 retries: <nil>
[2025-12-05T18:05:54Z] [[31merror[0m] [task_execution] Error executing task azure-json-512: task azure-json-512 failed after 7 retries: <nil>
[2025-12-05T18:05:54Z] [[31merror[0m] [task_execution] Error executing task azure-json-512: task azure-json-512 failed after 7 retries: <nil>
[2025-12-05T18:05:54Z] [[31merror[0m] [task_execution] Error executing task azure-json-512: task azure-json-512 failed after 7 retries: <nil>
[2025-12-05T18:05:54Z] [[31merror[0m] [task_execution] Error executing task azure-json-512: task azure-json-512 failed after 7 retries: <nil>
[2025-12-05T18:05:55Z] [[31merror[0m] [task_execution] Error executing task azure-json-512: task azure-json-512 failed after 7 retries: <nil>
[2025-12-05T18:05:55Z] [[31merror[0m] [task_execution] Error executing task azure-json-512: task azure-json-512 failed after 7 retries: <nil>
[2025-12-05T18:05:55Z] [[31merror[0m] [task_execution] Error executing task azure-json-512: task azure-json-512 failed after 7 retries: <nil>
[2025-12-05T18:05:55Z] [[31merror[0m] [task_execution] Error executing task azure-json-512: task azure-json-512 failed after 7 retries: <nil>
[2025-12-05T18:05:55Z] [[31merror[0m] [task_execution] Error executing task azure-json-512: task azure-json-512 failed after 7 retries: <nil>
[2025-12-05T18:05:55Z] [[31merror[0m] [task_execution] Error executing task azure-json-512: task azure-json-512 failed after 7 retries: <nil>
[2025-12-05T18:05:55Z] [[31merror[0m] [task_execution] Error executing task azure-json-512: task azure-json-512 failed after 7 retries: <nil>
[2025-12-05T18:05:55Z] [[31merror[0m] [task_execution] Error executing task azure-json-512: task azure-json-512 failed after 7 retries: <nil>
[2025-12-05T18:05:55Z] [[31merror[0m] [task_execution] Error executing task azure-json-512: task azure-json-512 failed after 7 retries: <nil>
[2025-12-05T18:05:55Z] [[31merror[0m] [task_execution] Error executing task azure-json-512: task azure-json-512 failed after 7 retries: <nil>
[2025-12-05T18:05:55Z] [[31merror[0m] [task_execution] Error executing task azure-json-512: task azure-json-512 failed after 7 retries: <nil>
[2025-12-05T18:05:55Z] [[31merror[0m] [task_execution] Error executing task azure-json-512: task azure-json-512 failed after 7 retries: <nil>
[2025-12-05T18:05:55Z] [[31merror[0m] [task_execution] Error executing task azure-json-512: task azure-json-512 failed after 7 retries: <nil>
[2025-12-05T18:05:55Z] [[31merror[0m] [task_execution] Error executing task azure-json-512: task azure-json-512 failed after 7 retries: <nil>
[2025-12-05T18:05:55Z] [[31merror[0m] [task_execution] Error executing task azure-json-512: task azure-json-512 failed after 7 retries: <nil>
[2025-12-05T18:05:55Z] [[31merror[0m] [task_execution] Error executing task azure-json-512: task azure-json-512 failed after 7 retries: <nil>
[2025-12-05T18:05:56Z] [[31merror[0m] [task_execution] Error executing task azure-json-512: task azure-json-512 failed after 7 retries: <nil>
[2025-12-05T18:05:56Z] [[31merror[0m] [task_execution] Error executing task azure-json-512: task azure-json-512 failed after 7 retries: <nil>
[2025-12-05T18:05:56Z] [[31merror[0m] [task_execution] Error executing task azure-json-512: task azure-json-512 failed after 7 retries: <nil>
[2025-12-05T18:05:56Z] [[31merror[0m] [task_execution] Error executing task azure-json-512: task azure-json-512 failed after 7 retries: <nil>
[2025-12-05T18:05:56Z] [[31merror[0m] [task_execution] Error executing task azure-json-512: task azure-json-512 failed after 7 retries: <nil>
[2025-12-05T18:05:56Z] [[31merror[0m] [task_execution] Error executing task azure-json-512: task azure-json-512 failed after 7 retries: <nil>
[2025-12-05T18:05:56Z] [[31merror[0m] [task_execution] Error executing task azure-json-512: task azure-json-512 failed after 7 retries: <nil>
[2025-12-05T18:05:56Z] [[31merror[0m] [task_execution] Error executing task azure-json-512: task azure-json-512 failed after 7 retries: <nil>
[2025-12-05T18:05:56Z] [[31merror[0m] [task_execution] Error executing task azure-json-512: task azure-json-512 failed after 7 retries: <nil>
[2025-12-05T18:05:56Z] [[31merror[0m] [task_execution] Error executing task azure-json-512: task azure-json-512 failed after 7 retries: <nil>
[2025-12-05T18:05:56Z] [[31merror[0m] [task_execution] Error executing task azure-json-512: task azure-json-512 failed after 7 retries: <nil>
[2025-12-05T18:05:56Z] [[31merror[0m] [task_execution] Error executing task azure-json-512: task azure-json-512 failed after 7 retries: <nil>
[2025-12-05T18:05:56Z] [[31merror[0m] [task_execution] Error executing task azure-json-512: task azure-json-512 failed after 7 retries: <nil>
[2025-12-05T18:05:56Z] [[31merror[0m] [task_execution] Error executing task azure-json-512: task azure-json-512 failed after 7 retries: <nil>
[2025-12-05T18:05:56Z] [[31merror[0m] [task_execution] Error executing task azure-json-512: task azure-json-512 failed after 7 retries: <nil>
[2025-12-05T18:05:56Z] [[31merror[0m] [task_execution] Error executing task azure-json-512: task azure-json-512 failed after 7 retries: <nil>
[2025-12-05T18:05:56Z] [[31merror[0m] [task_execution] Error executing task azure-json-512: task azure-json-512 failed after 7 retries: <nil>
[2025-12-05T18:05:56Z] [[31merror[0m] [task_execution] Error executing task azure-json-512: task azure-json-512 failed after 7 retries: <nil>
[2025-12-05T18:05:56Z] [[31merror[0m] [task_execution] Error executing task azure-json-512: task azure-json-512 failed after 7 retries: <nil>
[2025-12-05T18:05:56Z] [[31merror[0m] [task_execution] Error executing task azure-json-512: task azure-json-512 failed after 7 retries: <nil>
[2025-12-05T18:05:56Z] [[31merror[0m] [task_execution] Error executing task azure-json-512: task azure-json-512 failed after 7 retries: <nil>
[2025-12-05T18:05:56Z] [[31merror[0m] [task_execution] Error executing task azure-json-512: task azure-json-512 failed after 7 retries: <nil>
[2025-12-05T18:05:56Z] [[31merror[0m] [task_execution] Error executing task azure-json-512: task azure-json-512 failed after 7 retries: <nil>
[2025-12-05T18:05:57Z] [[31merror[0m] [task_execution] Error executing task azure-json-512: task azure-json-512 failed after 7 retries: <nil>
[2025-12-05T18:05:57Z] [[31merror[0m] [task_execution] Error executing task azure-json-512: task azure-json-512 failed after 7 retries: <nil>
[2025-12-05T18:05:57Z] [[31merror[0m] [task_execution] Error executing task azure-json-512: task azure-json-512 failed after 7 retries: <nil>
[2025-12-05T18:05:57Z] [[31merror[0m] [task_execution] Error executing task azure-json-512: task azure-json-512 failed after 7 retries: <nil>
[2025-12-05T18:05:57Z] [[31merror[0m] [task_execution] Error executing task azure-json-512: task azure-json-512 failed after 7 retries: <nil>
[2025-12-05T18:05:58Z] [[31merror[0m] [task_execution] Error executing task azure-json-512: task azure-json-512 failed after 7 retries: <nil>
[2025-12-05T18:05:58Z] [[31merror[0m] [task_execution] Error executing task azure-json-512: task azure-json-512 failed after 7 retries: <nil>
[2025-12-05T18:05:59Z] [[31merror[0m] [task_execution] Error executing task azure-json-512: task azure-json-512 failed after 7 retries: <nil>
[2025-12-05T18:05:59Z] [[31merror[0m] [task_execution] Error executing task azure-json-512: task azure-json-512 failed after 7 retries: <nil>
[2025-12-05T18:05:59Z] [[31merror[0m] [task_execution] Error executing task azure-json-512: task azure-json-512 failed after 7 retries: <nil>
[2025-12-05T18:05:59Z] [[31merror[0m] [task_execution] Error executing task azure-json-512: task azure-json-512 failed after 7 retries: <nil>
[2025-12-05T18:06:04Z] [[36minfo[0m] [progress_update] aws-us-east-1-aws-json-512-512-801: 2500/2500 tasks started.alibaba-us-east-1-alibaba-json-512-512-260: 2500/2500 tasks started.azure-germanywestcentral-azure-json-512-512-409: 2500/2500 tasks started.gcp-us-east1-gcp-json-512-512-795: 2500/2500 tasks started.
[2025-12-05T18:06:14Z] [[36minfo[0m] [progress_update] gcp-us-east1-gcp-json-512-512-795: 2500/2500 tasks started.aws-us-east-1-aws-json-512-512-801: 2500/2500 tasks started.alibaba-us-east-1-alibaba-json-512-512-260: 2500/2500 tasks started.azure-germanywestcentral-azure-json-512-512-409: 2500/2500 tasks started.
[2025-12-05T18:06:23Z] [[31merror[0m] [task_execution] Error executing task azure-json-512: task azure-json-512 failed after 7 retries: <nil>
[2025-12-05T18:06:23Z] [[31merror[0m] [task_execution] Error executing task azure-json-512: task azure-json-512 failed after 7 retries: <nil>
[2025-12-05T18:06:23Z] [[31merror[0m] [task_execution] Error executing task azure-json-512: task azure-json-512 failed after 7 retries: <nil>
[2025-12-05T18:06:23Z] [[31merror[0m] [task_execution] Error executing task azure-json-512: task azure-json-512 failed after 7 retries: <nil>
[2025-12-05T18:06:24Z] [[36minfo[0m] [progress_update] aws-us-east-1-aws-json-512-512-801: 2500/2500 tasks started.alibaba-us-east-1-alibaba-json-512-512-260: 2500/2500 tasks started.azure-germanywestcentral-azure-json-512-512-409: 2500/2500 tasks started.gcp-us-east1-gcp-json-512-512-795: 2500/2500 tasks started.
[2025-12-05T18:06:28Z] [[36minfo[0m] [function_finished] Finished benchmarking function azure-json-512 and closed archiver
[2025-12-05T18:06:30Z] [[36minfo[0m] [finish_timeline] Benchmark Timeline
[Fri Dec  5 18:06:30 UTC 2025] Finished benchmark 'json' successfully
