[Tue Dec  2 05:31:17 UTC 2025] Starting benchmark 'json' with config './configs/json.yaml'
Validating functions...
[2025-12-02T05:31:17Z] [[36minfo[0m] [executor_setup] Setting up executor for aws-us-east-1-aws-json-512-512-271
[2025-12-02T05:31:17Z] [[36minfo[0m] [executor_setup] Setting up executor for alibaba-us-east-1-alibaba-json-512-512-220
[2025-12-02T05:31:17Z] [[36minfo[0m] [executor_setup] Setting up executor for azure-germanywestcentral-azure-json-512-512-128
[2025-12-02T05:31:17Z] [[0mwarning[0m] [[32mazure_limitations[0m] Azure can´t handle more than 300 parallel requests. Limiting to 300.
[2025-12-02T05:31:17Z] [[36minfo[0m] [executor_setup] Setting up executor for gcp-us-east1-gcp-json-512-512-88
[2025-12-02T05:31:17Z] [[36minfo[0m] [start_timeline] Benchmark Timeline
[2025-12-02T05:31:17Z] [[36minfo[0m] [load_generator_start] (gcp: us-east1) Starting load generator with 300 workers
[2025-12-02T05:31:17Z] [[36minfo[0m] [load_generator_start] (aws: us-east-1) Starting load generator with 500 workers
[2025-12-02T05:31:17Z] [[36minfo[0m] [load_generator_start] (alibaba: us-east-1) Starting load generator with 500 workers
[2025-12-02T05:31:17Z] [[36minfo[0m] [load_generator_start] (azure: germanywestcentral) Starting load generator with 300 workers
[2025-12-02T05:31:27Z] [[36minfo[0m] [progress_update] gcp-us-east1-gcp-json-512-512-88: 976/2500 tasks started.aws-us-east-1-aws-json-512-512-271: 1701/2500 tasks started.alibaba-us-east-1-alibaba-json-512-512-220: 1615/2500 tasks started.azure-germanywestcentral-azure-json-512-512-128: 703/2500 tasks started.
[2025-12-02T05:31:37Z] [[36minfo[0m] [progress_update] aws-us-east-1-aws-json-512-512-271: 2500/2500 tasks started.alibaba-us-east-1-alibaba-json-512-512-220: 2500/2500 tasks started.azure-germanywestcentral-azure-json-512-512-128: 706/2500 tasks started.gcp-us-east1-gcp-json-512-512-88: 1931/2500 tasks started.
[2025-12-02T05:31:47Z] [[36minfo[0m] [progress_update] aws-us-east-1-aws-json-512-512-271: 2500/2500 tasks started.alibaba-us-east-1-alibaba-json-512-512-220: 2500/2500 tasks started.azure-germanywestcentral-azure-json-512-512-128: 1302/2500 tasks started.gcp-us-east1-gcp-json-512-512-88: 2500/2500 tasks started.
[2025-12-02T05:31:48Z] [[36minfo[0m] [function_finished] Finished benchmarking function aws-json-512 and closed archiver
[2025-12-02T05:31:56Z] [[36minfo[0m] [function_finished] Finished benchmarking function gcp-json-512 and closed archiver
[2025-12-02T05:31:57Z] [[36minfo[0m] [progress_update] aws-us-east-1-aws-json-512-512-271: 2500/2500 tasks started.alibaba-us-east-1-alibaba-json-512-512-220: 2500/2500 tasks started.azure-germanywestcentral-azure-json-512-512-128: 1841/2500 tasks started.gcp-us-east1-gcp-json-512-512-88: 2500/2500 tasks started.
[2025-12-02T05:32:07Z] [[36minfo[0m] [progress_update] aws-us-east-1-aws-json-512-512-271: 2500/2500 tasks started.alibaba-us-east-1-alibaba-json-512-512-220: 2500/2500 tasks started.azure-germanywestcentral-azure-json-512-512-128: 2450/2500 tasks started.gcp-us-east1-gcp-json-512-512-88: 2500/2500 tasks started.
[2025-12-02T05:32:17Z] [[36minfo[0m] [progress_update] aws-us-east-1-aws-json-512-512-271: 2500/2500 tasks started.alibaba-us-east-1-alibaba-json-512-512-220: 2500/2500 tasks started.azure-germanywestcentral-azure-json-512-512-128: 2464/2500 tasks started.gcp-us-east1-gcp-json-512-512-88: 2500/2500 tasks started.
[2025-12-02T05:32:27Z] [[36minfo[0m] [progress_update] azure-germanywestcentral-azure-json-512-512-128: 2500/2500 tasks started.gcp-us-east1-gcp-json-512-512-88: 2500/2500 tasks started.aws-us-east-1-aws-json-512-512-271: 2500/2500 tasks started.alibaba-us-east-1-alibaba-json-512-512-220: 2500/2500 tasks started.
[2025-12-02T05:32:37Z] [[36minfo[0m] [progress_update] aws-us-east-1-aws-json-512-512-271: 2500/2500 tasks started.alibaba-us-east-1-alibaba-json-512-512-220: 2500/2500 tasks started.azure-germanywestcentral-azure-json-512-512-128: 2500/2500 tasks started.gcp-us-east1-gcp-json-512-512-88: 2500/2500 tasks started.
[2025-12-02T05:32:44Z] [[36minfo[0m] [function_finished] Finished benchmarking function alibaba-json-512 and closed archiver
[2025-12-02T05:32:47Z] [[36minfo[0m] [progress_update] gcp-us-east1-gcp-json-512-512-88: 2500/2500 tasks started.aws-us-east-1-aws-json-512-512-271: 2500/2500 tasks started.alibaba-us-east-1-alibaba-json-512-512-220: 2500/2500 tasks started.azure-germanywestcentral-azure-json-512-512-128: 2500/2500 tasks started.
[2025-12-02T05:32:57Z] [[36minfo[0m] [progress_update] azure-germanywestcentral-azure-json-512-512-128: 2500/2500 tasks started.gcp-us-east1-gcp-json-512-512-88: 2500/2500 tasks started.aws-us-east-1-aws-json-512-512-271: 2500/2500 tasks started.alibaba-us-east-1-alibaba-json-512-512-220: 2500/2500 tasks started.
[2025-12-02T05:33:07Z] [[36minfo[0m] [progress_update] aws-us-east-1-aws-json-512-512-271: 2500/2500 tasks started.alibaba-us-east-1-alibaba-json-512-512-220: 2500/2500 tasks started.azure-germanywestcentral-azure-json-512-512-128: 2500/2500 tasks started.gcp-us-east1-gcp-json-512-512-88: 2500/2500 tasks started.
[2025-12-02T05:33:17Z] [[36minfo[0m] [progress_update] azure-germanywestcentral-azure-json-512-512-128: 2500/2500 tasks started.gcp-us-east1-gcp-json-512-512-88: 2500/2500 tasks started.aws-us-east-1-aws-json-512-512-271: 2500/2500 tasks started.alibaba-us-east-1-alibaba-json-512-512-220: 2500/2500 tasks started.
[2025-12-02T05:33:27Z] [[36minfo[0m] [progress_update] aws-us-east-1-aws-json-512-512-271: 2500/2500 tasks started.alibaba-us-east-1-alibaba-json-512-512-220: 2500/2500 tasks started.azure-germanywestcentral-azure-json-512-512-128: 2500/2500 tasks started.gcp-us-east1-gcp-json-512-512-88: 2500/2500 tasks started.
[2025-12-02T05:33:37Z] [[36minfo[0m] [progress_update] aws-us-east-1-aws-json-512-512-271: 2500/2500 tasks started.alibaba-us-east-1-alibaba-json-512-512-220: 2500/2500 tasks started.azure-germanywestcentral-azure-json-512-512-128: 2500/2500 tasks started.gcp-us-east1-gcp-json-512-512-88: 2500/2500 tasks started.
[2025-12-02T05:33:47Z] [[36minfo[0m] [progress_update] aws-us-east-1-aws-json-512-512-271: 2500/2500 tasks started.alibaba-us-east-1-alibaba-json-512-512-220: 2500/2500 tasks started.azure-germanywestcentral-azure-json-512-512-128: 2500/2500 tasks started.gcp-us-east1-gcp-json-512-512-88: 2500/2500 tasks started.
[2025-12-02T05:33:57Z] [[36minfo[0m] [progress_update] gcp-us-east1-gcp-json-512-512-88: 2500/2500 tasks started.aws-us-east-1-aws-json-512-512-271: 2500/2500 tasks started.alibaba-us-east-1-alibaba-json-512-512-220: 2500/2500 tasks started.azure-germanywestcentral-azure-json-512-512-128: 2500/2500 tasks started.
[2025-12-02T05:34:07Z] [[36minfo[0m] [progress_update] aws-us-east-1-aws-json-512-512-271: 2500/2500 tasks started.alibaba-us-east-1-alibaba-json-512-512-220: 2500/2500 tasks started.azure-germanywestcentral-azure-json-512-512-128: 2500/2500 tasks started.gcp-us-east1-gcp-json-512-512-88: 2500/2500 tasks started.
[2025-12-02T05:34:17Z] [[36minfo[0m] [progress_update] aws-us-east-1-aws-json-512-512-271: 2500/2500 tasks started.alibaba-us-east-1-alibaba-json-512-512-220: 2500/2500 tasks started.azure-germanywestcentral-azure-json-512-512-128: 2500/2500 tasks started.gcp-us-east1-gcp-json-512-512-88: 2500/2500 tasks started.
[2025-12-02T05:34:27Z] [[36minfo[0m] [progress_update] aws-us-east-1-aws-json-512-512-271: 2500/2500 tasks started.alibaba-us-east-1-alibaba-json-512-512-220: 2500/2500 tasks started.azure-germanywestcentral-azure-json-512-512-128: 2500/2500 tasks started.gcp-us-east1-gcp-json-512-512-88: 2500/2500 tasks started.
[2025-12-02T05:34:37Z] [[36minfo[0m] [progress_update] aws-us-east-1-aws-json-512-512-271: 2500/2500 tasks started.alibaba-us-east-1-alibaba-json-512-512-220: 2500/2500 tasks started.azure-germanywestcentral-azure-json-512-512-128: 2500/2500 tasks started.gcp-us-east1-gcp-json-512-512-88: 2500/2500 tasks started.
[2025-12-02T05:34:47Z] [[36minfo[0m] [progress_update] aws-us-east-1-aws-json-512-512-271: 2500/2500 tasks started.alibaba-us-east-1-alibaba-json-512-512-220: 2500/2500 tasks started.azure-germanywestcentral-azure-json-512-512-128: 2500/2500 tasks started.gcp-us-east1-gcp-json-512-512-88: 2500/2500 tasks started.
[2025-12-02T05:34:57Z] [[36minfo[0m] [progress_update] aws-us-east-1-aws-json-512-512-271: 2500/2500 tasks started.alibaba-us-east-1-alibaba-json-512-512-220: 2500/2500 tasks started.azure-germanywestcentral-azure-json-512-512-128: 2500/2500 tasks started.gcp-us-east1-gcp-json-512-512-88: 2500/2500 tasks started.
[2025-12-02T05:35:07Z] [[36minfo[0m] [progress_update] gcp-us-east1-gcp-json-512-512-88: 2500/2500 tasks started.aws-us-east-1-aws-json-512-512-271: 2500/2500 tasks started.alibaba-us-east-1-alibaba-json-512-512-220: 2500/2500 tasks started.azure-germanywestcentral-azure-json-512-512-128: 2500/2500 tasks started.
[2025-12-02T05:35:17Z] [[36minfo[0m] [progress_update] gcp-us-east1-gcp-json-512-512-88: 2500/2500 tasks started.aws-us-east-1-aws-json-512-512-271: 2500/2500 tasks started.alibaba-us-east-1-alibaba-json-512-512-220: 2500/2500 tasks started.azure-germanywestcentral-azure-json-512-512-128: 2500/2500 tasks started.
[2025-12-02T05:35:27Z] [[36minfo[0m] [progress_update] aws-us-east-1-aws-json-512-512-271: 2500/2500 tasks started.alibaba-us-east-1-alibaba-json-512-512-220: 2500/2500 tasks started.azure-germanywestcentral-azure-json-512-512-128: 2500/2500 tasks started.gcp-us-east1-gcp-json-512-512-88: 2500/2500 tasks started.
[2025-12-02T05:35:37Z] [[36minfo[0m] [progress_update] azure-germanywestcentral-azure-json-512-512-128: 2500/2500 tasks started.gcp-us-east1-gcp-json-512-512-88: 2500/2500 tasks started.aws-us-east-1-aws-json-512-512-271: 2500/2500 tasks started.alibaba-us-east-1-alibaba-json-512-512-220: 2500/2500 tasks started.
[2025-12-02T05:35:47Z] [[36minfo[0m] [progress_update] aws-us-east-1-aws-json-512-512-271: 2500/2500 tasks started.alibaba-us-east-1-alibaba-json-512-512-220: 2500/2500 tasks started.azure-germanywestcentral-azure-json-512-512-128: 2500/2500 tasks started.gcp-us-east1-gcp-json-512-512-88: 2500/2500 tasks started.
[2025-12-02T05:35:57Z] [[36minfo[0m] [progress_update] aws-us-east-1-aws-json-512-512-271: 2500/2500 tasks started.alibaba-us-east-1-alibaba-json-512-512-220: 2500/2500 tasks started.azure-germanywestcentral-azure-json-512-512-128: 2500/2500 tasks started.gcp-us-east1-gcp-json-512-512-88: 2500/2500 tasks started.
[2025-12-02T05:36:00Z] [[31merror[0m] [task_execution] Error executing task azure-json-512: task azure-json-512 failed after 7 retries: <nil>
[2025-12-02T05:36:05Z] [[36minfo[0m] [function_finished] Finished benchmarking function azure-json-512 and closed archiver
[2025-12-02T05:36:07Z] [[36minfo[0m] [finish_timeline] Benchmark Timeline
[Tue Dec  2 05:36:07 UTC 2025] Finished benchmark 'json' successfully
[Tue Dec  2 05:36:07 UTC 2025] Sleeping 600 seconds before next workload...
