[Sat Dec  6 06:01:15 UTC 2025] Starting benchmark 'sha256' with config './configs/sha256.yaml'
Validating functions...
[2025-12-06T06:01:15Z] [[36minfo[0m] [executor_setup] Setting up executor for aws-us-east-1-aws-sha256-512-512-132
[2025-12-06T06:01:15Z] [[36minfo[0m] [executor_setup] Setting up executor for alibaba-us-east-1-alibaba-sha256-512-512-199
[2025-12-06T06:01:15Z] [[36minfo[0m] [executor_setup] Setting up executor for azure-germanywestcentral-azure-sha256-512-512-725
[2025-12-06T06:01:15Z] [[0mwarning[0m] [[32mazure_limitations[0m] Azure can´t handle more than 300 parallel requests. Limiting to 300.
[2025-12-06T06:01:15Z] [[36minfo[0m] [executor_setup] Setting up executor for gcp-us-east1-gcp-sha256-512-512-403
[2025-12-06T06:01:15Z] [[36minfo[0m] [start_timeline] Benchmark Timeline
[2025-12-06T06:01:15Z] [[36minfo[0m] [load_generator_start] (alibaba: us-east-1) Starting load generator with 500 workers
[2025-12-06T06:01:15Z] [[36minfo[0m] [load_generator_start] (azure: germanywestcentral) Starting load generator with 300 workers
[2025-12-06T06:01:15Z] [[36minfo[0m] [load_generator_start] (gcp: us-east1) Starting load generator with 300 workers
[2025-12-06T06:01:15Z] [[36minfo[0m] [load_generator_start] (aws: us-east-1) Starting load generator with 500 workers
[2025-12-06T06:01:25Z] [[36minfo[0m] [progress_update] azure-germanywestcentral-azure-sha256-512-512-725: 584/2500 tasks started.gcp-us-east1-gcp-sha256-512-512-403: 1626/2500 tasks started.aws-us-east-1-aws-sha256-512-512-132: 1733/2500 tasks started.alibaba-us-east-1-alibaba-sha256-512-512-199: 1476/2500 tasks started.
[2025-12-06T06:01:35Z] [[36minfo[0m] [progress_update] aws-us-east-1-aws-sha256-512-512-132: 2500/2500 tasks started.alibaba-us-east-1-alibaba-sha256-512-512-199: 2500/2500 tasks started.azure-germanywestcentral-azure-sha256-512-512-725: 631/2500 tasks started.gcp-us-east1-gcp-sha256-512-512-403: 2500/2500 tasks started.
[2025-12-06T06:01:42Z] [[36minfo[0m] [function_finished] Finished benchmarking function aws-sha256-512 and closed archiver
[2025-12-06T06:01:45Z] [[36minfo[0m] [progress_update] aws-us-east-1-aws-sha256-512-512-132: 2500/2500 tasks started.alibaba-us-east-1-alibaba-sha256-512-512-199: 2500/2500 tasks started.azure-germanywestcentral-azure-sha256-512-512-725: 1566/2500 tasks started.gcp-us-east1-gcp-sha256-512-512-403: 2500/2500 tasks started.
[2025-12-06T06:01:48Z] [[36minfo[0m] [function_finished] Finished benchmarking function gcp-sha256-512 and closed archiver
[2025-12-06T06:01:55Z] [[36minfo[0m] [progress_update] gcp-us-east1-gcp-sha256-512-512-403: 2500/2500 tasks started.aws-us-east-1-aws-sha256-512-512-132: 2500/2500 tasks started.alibaba-us-east-1-alibaba-sha256-512-512-199: 2500/2500 tasks started.azure-germanywestcentral-azure-sha256-512-512-725: 2059/2500 tasks started.
[2025-12-06T06:02:05Z] [[36minfo[0m] [progress_update] aws-us-east-1-aws-sha256-512-512-132: 2500/2500 tasks started.alibaba-us-east-1-alibaba-sha256-512-512-199: 2500/2500 tasks started.azure-germanywestcentral-azure-sha256-512-512-725: 2116/2500 tasks started.gcp-us-east1-gcp-sha256-512-512-403: 2500/2500 tasks started.
[2025-12-06T06:02:15Z] [[36minfo[0m] [progress_update] aws-us-east-1-aws-sha256-512-512-132: 2500/2500 tasks started.alibaba-us-east-1-alibaba-sha256-512-512-199: 2500/2500 tasks started.azure-germanywestcentral-azure-sha256-512-512-725: 2261/2500 tasks started.gcp-us-east1-gcp-sha256-512-512-403: 2500/2500 tasks started.
[2025-12-06T06:02:25Z] [[36minfo[0m] [progress_update] alibaba-us-east-1-alibaba-sha256-512-512-199: 2500/2500 tasks started.azure-germanywestcentral-azure-sha256-512-512-725: 2388/2500 tasks started.gcp-us-east1-gcp-sha256-512-512-403: 2500/2500 tasks started.aws-us-east-1-aws-sha256-512-512-132: 2500/2500 tasks started.
[2025-12-06T06:02:35Z] [[36minfo[0m] [progress_update] aws-us-east-1-aws-sha256-512-512-132: 2500/2500 tasks started.alibaba-us-east-1-alibaba-sha256-512-512-199: 2500/2500 tasks started.azure-germanywestcentral-azure-sha256-512-512-725: 2439/2500 tasks started.gcp-us-east1-gcp-sha256-512-512-403: 2500/2500 tasks started.
[2025-12-06T06:02:43Z] [[36minfo[0m] [function_finished] Finished benchmarking function alibaba-sha256-512 and closed archiver
[2025-12-06T06:02:45Z] [[36minfo[0m] [progress_update] aws-us-east-1-aws-sha256-512-512-132: 2500/2500 tasks started.alibaba-us-east-1-alibaba-sha256-512-512-199: 2500/2500 tasks started.azure-germanywestcentral-azure-sha256-512-512-725: 2448/2500 tasks started.gcp-us-east1-gcp-sha256-512-512-403: 2500/2500 tasks started.
[2025-12-06T06:02:55Z] [[36minfo[0m] [progress_update] aws-us-east-1-aws-sha256-512-512-132: 2500/2500 tasks started.alibaba-us-east-1-alibaba-sha256-512-512-199: 2500/2500 tasks started.azure-germanywestcentral-azure-sha256-512-512-725: 2452/2500 tasks started.gcp-us-east1-gcp-sha256-512-512-403: 2500/2500 tasks started.
[2025-12-06T06:03:05Z] [[36minfo[0m] [progress_update] aws-us-east-1-aws-sha256-512-512-132: 2500/2500 tasks started.alibaba-us-east-1-alibaba-sha256-512-512-199: 2500/2500 tasks started.azure-germanywestcentral-azure-sha256-512-512-725: 2461/2500 tasks started.gcp-us-east1-gcp-sha256-512-512-403: 2500/2500 tasks started.
[2025-12-06T06:03:15Z] [[36minfo[0m] [progress_update] aws-us-east-1-aws-sha256-512-512-132: 2500/2500 tasks started.alibaba-us-east-1-alibaba-sha256-512-512-199: 2500/2500 tasks started.azure-germanywestcentral-azure-sha256-512-512-725: 2465/2500 tasks started.gcp-us-east1-gcp-sha256-512-512-403: 2500/2500 tasks started.
[2025-12-06T06:03:25Z] [[36minfo[0m] [progress_update] aws-us-east-1-aws-sha256-512-512-132: 2500/2500 tasks started.alibaba-us-east-1-alibaba-sha256-512-512-199: 2500/2500 tasks started.azure-germanywestcentral-azure-sha256-512-512-725: 2500/2500 tasks started.gcp-us-east1-gcp-sha256-512-512-403: 2500/2500 tasks started.
[2025-12-06T06:03:35Z] [[36minfo[0m] [progress_update] alibaba-us-east-1-alibaba-sha256-512-512-199: 2500/2500 tasks started.azure-germanywestcentral-azure-sha256-512-512-725: 2500/2500 tasks started.gcp-us-east1-gcp-sha256-512-512-403: 2500/2500 tasks started.aws-us-east-1-aws-sha256-512-512-132: 2500/2500 tasks started.
[2025-12-06T06:03:45Z] [[36minfo[0m] [progress_update] aws-us-east-1-aws-sha256-512-512-132: 2500/2500 tasks started.alibaba-us-east-1-alibaba-sha256-512-512-199: 2500/2500 tasks started.azure-germanywestcentral-azure-sha256-512-512-725: 2500/2500 tasks started.gcp-us-east1-gcp-sha256-512-512-403: 2500/2500 tasks started.
[2025-12-06T06:03:55Z] [[36minfo[0m] [progress_update] aws-us-east-1-aws-sha256-512-512-132: 2500/2500 tasks started.alibaba-us-east-1-alibaba-sha256-512-512-199: 2500/2500 tasks started.azure-germanywestcentral-azure-sha256-512-512-725: 2500/2500 tasks started.gcp-us-east1-gcp-sha256-512-512-403: 2500/2500 tasks started.
[2025-12-06T06:04:05Z] [[36minfo[0m] [progress_update] aws-us-east-1-aws-sha256-512-512-132: 2500/2500 tasks started.alibaba-us-east-1-alibaba-sha256-512-512-199: 2500/2500 tasks started.azure-germanywestcentral-azure-sha256-512-512-725: 2500/2500 tasks started.gcp-us-east1-gcp-sha256-512-512-403: 2500/2500 tasks started.
[2025-12-06T06:04:15Z] [[36minfo[0m] [progress_update] aws-us-east-1-aws-sha256-512-512-132: 2500/2500 tasks started.alibaba-us-east-1-alibaba-sha256-512-512-199: 2500/2500 tasks started.azure-germanywestcentral-azure-sha256-512-512-725: 2500/2500 tasks started.gcp-us-east1-gcp-sha256-512-512-403: 2500/2500 tasks started.
[2025-12-06T06:04:25Z] [[36minfo[0m] [progress_update] aws-us-east-1-aws-sha256-512-512-132: 2500/2500 tasks started.alibaba-us-east-1-alibaba-sha256-512-512-199: 2500/2500 tasks started.azure-germanywestcentral-azure-sha256-512-512-725: 2500/2500 tasks started.gcp-us-east1-gcp-sha256-512-512-403: 2500/2500 tasks started.
[2025-12-06T06:04:35Z] [[36minfo[0m] [progress_update] gcp-us-east1-gcp-sha256-512-512-403: 2500/2500 tasks started.aws-us-east-1-aws-sha256-512-512-132: 2500/2500 tasks started.alibaba-us-east-1-alibaba-sha256-512-512-199: 2500/2500 tasks started.azure-germanywestcentral-azure-sha256-512-512-725: 2500/2500 tasks started.
[2025-12-06T06:04:45Z] [[36minfo[0m] [progress_update] aws-us-east-1-aws-sha256-512-512-132: 2500/2500 tasks started.alibaba-us-east-1-alibaba-sha256-512-512-199: 2500/2500 tasks started.azure-germanywestcentral-azure-sha256-512-512-725: 2500/2500 tasks started.gcp-us-east1-gcp-sha256-512-512-403: 2500/2500 tasks started.
[2025-12-06T06:04:55Z] [[36minfo[0m] [progress_update] gcp-us-east1-gcp-sha256-512-512-403: 2500/2500 tasks started.aws-us-east-1-aws-sha256-512-512-132: 2500/2500 tasks started.alibaba-us-east-1-alibaba-sha256-512-512-199: 2500/2500 tasks started.azure-germanywestcentral-azure-sha256-512-512-725: 2500/2500 tasks started.
[2025-12-06T06:05:05Z] [[36minfo[0m] [progress_update] aws-us-east-1-aws-sha256-512-512-132: 2500/2500 tasks started.alibaba-us-east-1-alibaba-sha256-512-512-199: 2500/2500 tasks started.azure-germanywestcentral-azure-sha256-512-512-725: 2500/2500 tasks started.gcp-us-east1-gcp-sha256-512-512-403: 2500/2500 tasks started.
[2025-12-06T06:05:15Z] [[36minfo[0m] [progress_update] alibaba-us-east-1-alibaba-sha256-512-512-199: 2500/2500 tasks started.azure-germanywestcentral-azure-sha256-512-512-725: 2500/2500 tasks started.gcp-us-east1-gcp-sha256-512-512-403: 2500/2500 tasks started.aws-us-east-1-aws-sha256-512-512-132: 2500/2500 tasks started.
[2025-12-06T06:05:25Z] [[36minfo[0m] [progress_update] gcp-us-east1-gcp-sha256-512-512-403: 2500/2500 tasks started.aws-us-east-1-aws-sha256-512-512-132: 2500/2500 tasks started.alibaba-us-east-1-alibaba-sha256-512-512-199: 2500/2500 tasks started.azure-germanywestcentral-azure-sha256-512-512-725: 2500/2500 tasks started.
[2025-12-06T06:05:35Z] [[36minfo[0m] [progress_update] aws-us-east-1-aws-sha256-512-512-132: 2500/2500 tasks started.alibaba-us-east-1-alibaba-sha256-512-512-199: 2500/2500 tasks started.azure-germanywestcentral-azure-sha256-512-512-725: 2500/2500 tasks started.gcp-us-east1-gcp-sha256-512-512-403: 2500/2500 tasks started.
[2025-12-06T06:05:37Z] [[31merror[0m] [task_execution] Error executing task azure-sha256-512: task azure-sha256-512 failed after 7 retries: <nil>
[2025-12-06T06:05:37Z] [[31merror[0m] [task_execution] Error executing task azure-sha256-512: task azure-sha256-512 failed after 7 retries: <nil>
[2025-12-06T06:05:37Z] [[31merror[0m] [task_execution] Error executing task azure-sha256-512: task azure-sha256-512 failed after 7 retries: <nil>
[2025-12-06T06:05:37Z] [[31merror[0m] [task_execution] Error executing task azure-sha256-512: task azure-sha256-512 failed after 7 retries: <nil>
[2025-12-06T06:05:45Z] [[36minfo[0m] [progress_update] aws-us-east-1-aws-sha256-512-512-132: 2500/2500 tasks started.alibaba-us-east-1-alibaba-sha256-512-512-199: 2500/2500 tasks started.azure-germanywestcentral-azure-sha256-512-512-725: 2500/2500 tasks started.gcp-us-east1-gcp-sha256-512-512-403: 2500/2500 tasks started.
[2025-12-06T06:05:52Z] [[31merror[0m] [task_execution] Error executing task azure-sha256-512: task azure-sha256-512 failed after 7 retries: <nil>
[2025-12-06T06:05:52Z] [[31merror[0m] [task_execution] Error executing task azure-sha256-512: task azure-sha256-512 failed after 7 retries: <nil>
[2025-12-06T06:05:52Z] [[31merror[0m] [task_execution] Error executing task azure-sha256-512: task azure-sha256-512 failed after 7 retries: <nil>
[2025-12-06T06:05:52Z] [[31merror[0m] [task_execution] Error executing task azure-sha256-512: task azure-sha256-512 failed after 7 retries: <nil>
[2025-12-06T06:05:52Z] [[31merror[0m] [task_execution] Error executing task azure-sha256-512: task azure-sha256-512 failed after 7 retries: <nil>
[2025-12-06T06:05:52Z] [[31merror[0m] [task_execution] Error executing task azure-sha256-512: task azure-sha256-512 failed after 7 retries: <nil>
[2025-12-06T06:05:52Z] [[31merror[0m] [task_execution] Error executing task azure-sha256-512: task azure-sha256-512 failed after 7 retries: <nil>
[2025-12-06T06:05:52Z] [[31merror[0m] [task_execution] Error executing task azure-sha256-512: task azure-sha256-512 failed after 7 retries: <nil>
[2025-12-06T06:05:52Z] [[31merror[0m] [task_execution] Error executing task azure-sha256-512: task azure-sha256-512 failed after 7 retries: <nil>
[2025-12-06T06:05:52Z] [[31merror[0m] [task_execution] Error executing task azure-sha256-512: task azure-sha256-512 failed after 7 retries: <nil>
[2025-12-06T06:05:52Z] [[31merror[0m] [task_execution] Error executing task azure-sha256-512: task azure-sha256-512 failed after 7 retries: <nil>
[2025-12-06T06:05:52Z] [[31merror[0m] [task_execution] Error executing task azure-sha256-512: task azure-sha256-512 failed after 7 retries: <nil>
[2025-12-06T06:05:52Z] [[31merror[0m] [task_execution] Error executing task azure-sha256-512: task azure-sha256-512 failed after 7 retries: <nil>
[2025-12-06T06:05:52Z] [[31merror[0m] [task_execution] Error executing task azure-sha256-512: task azure-sha256-512 failed after 7 retries: <nil>
[2025-12-06T06:05:52Z] [[31merror[0m] [task_execution] Error executing task azure-sha256-512: task azure-sha256-512 failed after 7 retries: <nil>
[2025-12-06T06:05:52Z] [[31merror[0m] [task_execution] Error executing task azure-sha256-512: task azure-sha256-512 failed after 7 retries: <nil>
[2025-12-06T06:05:52Z] [[31merror[0m] [task_execution] Error executing task azure-sha256-512: task azure-sha256-512 failed after 7 retries: <nil>
[2025-12-06T06:05:52Z] [[31merror[0m] [task_execution] Error executing task azure-sha256-512: task azure-sha256-512 failed after 7 retries: <nil>
[2025-12-06T06:05:52Z] [[31merror[0m] [task_execution] Error executing task azure-sha256-512: task azure-sha256-512 failed after 7 retries: <nil>
[2025-12-06T06:05:52Z] [[31merror[0m] [task_execution] Error executing task azure-sha256-512: task azure-sha256-512 failed after 7 retries: <nil>
[2025-12-06T06:05:52Z] [[31merror[0m] [task_execution] Error executing task azure-sha256-512: task azure-sha256-512 failed after 7 retries: <nil>
[2025-12-06T06:05:52Z] [[31merror[0m] [task_execution] Error executing task azure-sha256-512: task azure-sha256-512 failed after 7 retries: <nil>
[2025-12-06T06:05:52Z] [[31merror[0m] [task_execution] Error executing task azure-sha256-512: task azure-sha256-512 failed after 7 retries: <nil>
[2025-12-06T06:05:52Z] [[31merror[0m] [task_execution] Error executing task azure-sha256-512: task azure-sha256-512 failed after 7 retries: <nil>
[2025-12-06T06:05:52Z] [[31merror[0m] [task_execution] Error executing task azure-sha256-512: task azure-sha256-512 failed after 7 retries: <nil>
[2025-12-06T06:05:52Z] [[31merror[0m] [task_execution] Error executing task azure-sha256-512: task azure-sha256-512 failed after 7 retries: <nil>
[2025-12-06T06:05:52Z] [[31merror[0m] [task_execution] Error executing task azure-sha256-512: task azure-sha256-512 failed after 7 retries: <nil>
[2025-12-06T06:05:52Z] [[31merror[0m] [task_execution] Error executing task azure-sha256-512: task azure-sha256-512 failed after 7 retries: <nil>
[2025-12-06T06:05:52Z] [[31merror[0m] [task_execution] Error executing task azure-sha256-512: task azure-sha256-512 failed after 7 retries: <nil>
[2025-12-06T06:05:52Z] [[31merror[0m] [task_execution] Error executing task azure-sha256-512: task azure-sha256-512 failed after 7 retries: <nil>
[2025-12-06T06:05:52Z] [[31merror[0m] [task_execution] Error executing task azure-sha256-512: task azure-sha256-512 failed after 7 retries: <nil>
[2025-12-06T06:05:52Z] [[31merror[0m] [task_execution] Error executing task azure-sha256-512: task azure-sha256-512 failed after 7 retries: <nil>
[2025-12-06T06:05:52Z] [[31merror[0m] [task_execution] Error executing task azure-sha256-512: task azure-sha256-512 failed after 7 retries: <nil>
[2025-12-06T06:05:52Z] [[31merror[0m] [task_execution] Error executing task azure-sha256-512: task azure-sha256-512 failed after 7 retries: <nil>
[2025-12-06T06:05:52Z] [[31merror[0m] [task_execution] Error executing task azure-sha256-512: task azure-sha256-512 failed after 7 retries: <nil>
[2025-12-06T06:05:52Z] [[31merror[0m] [task_execution] Error executing task azure-sha256-512: task azure-sha256-512 failed after 7 retries: <nil>
[2025-12-06T06:05:52Z] [[31merror[0m] [task_execution] Error executing task azure-sha256-512: task azure-sha256-512 failed after 7 retries: <nil>
[2025-12-06T06:05:52Z] [[31merror[0m] [task_execution] Error executing task azure-sha256-512: task azure-sha256-512 failed after 7 retries: <nil>
[2025-12-06T06:05:52Z] [[31merror[0m] [task_execution] Error executing task azure-sha256-512: task azure-sha256-512 failed after 7 retries: <nil>
[2025-12-06T06:05:52Z] [[31merror[0m] [task_execution] Error executing task azure-sha256-512: task azure-sha256-512 failed after 7 retries: <nil>
[2025-12-06T06:05:53Z] [[31merror[0m] [task_execution] Error executing task azure-sha256-512: task azure-sha256-512 failed after 7 retries: <nil>
[2025-12-06T06:05:53Z] [[31merror[0m] [task_execution] Error executing task azure-sha256-512: task azure-sha256-512 failed after 7 retries: <nil>
[2025-12-06T06:05:53Z] [[31merror[0m] [task_execution] Error executing task azure-sha256-512: task azure-sha256-512 failed after 7 retries: <nil>
[2025-12-06T06:05:53Z] [[31merror[0m] [task_execution] Error executing task azure-sha256-512: task azure-sha256-512 failed after 7 retries: <nil>
[2025-12-06T06:05:53Z] [[31merror[0m] [task_execution] Error executing task azure-sha256-512: task azure-sha256-512 failed after 7 retries: <nil>
[2025-12-06T06:05:53Z] [[31merror[0m] [task_execution] Error executing task azure-sha256-512: task azure-sha256-512 failed after 7 retries: <nil>
[2025-12-06T06:05:53Z] [[31merror[0m] [task_execution] Error executing task azure-sha256-512: task azure-sha256-512 failed after 7 retries: <nil>
[2025-12-06T06:05:53Z] [[31merror[0m] [task_execution] Error executing task azure-sha256-512: task azure-sha256-512 failed after 7 retries: <nil>
[2025-12-06T06:05:53Z] [[31merror[0m] [task_execution] Error executing task azure-sha256-512: task azure-sha256-512 failed after 7 retries: <nil>
[2025-12-06T06:05:53Z] [[31merror[0m] [task_execution] Error executing task azure-sha256-512: task azure-sha256-512 failed after 7 retries: <nil>
[2025-12-06T06:05:53Z] [[31merror[0m] [task_execution] Error executing task azure-sha256-512: task azure-sha256-512 failed after 7 retries: <nil>
[2025-12-06T06:05:53Z] [[31merror[0m] [task_execution] Error executing task azure-sha256-512: task azure-sha256-512 failed after 7 retries: <nil>
[2025-12-06T06:05:53Z] [[31merror[0m] [task_execution] Error executing task azure-sha256-512: task azure-sha256-512 failed after 7 retries: <nil>
[2025-12-06T06:05:54Z] [[31merror[0m] [task_execution] Error executing task azure-sha256-512: task azure-sha256-512 failed after 7 retries: <nil>
[2025-12-06T06:05:55Z] [[31merror[0m] [task_execution] Error executing task azure-sha256-512: task azure-sha256-512 failed after 7 retries: <nil>
[2025-12-06T06:05:55Z] [[36minfo[0m] [progress_update] aws-us-east-1-aws-sha256-512-512-132: 2500/2500 tasks started.alibaba-us-east-1-alibaba-sha256-512-512-199: 2500/2500 tasks started.azure-germanywestcentral-azure-sha256-512-512-725: 2500/2500 tasks started.gcp-us-east1-gcp-sha256-512-512-403: 2500/2500 tasks started.
[2025-12-06T06:06:01Z] [[31merror[0m] [task_execution] Error executing task azure-sha256-512: task azure-sha256-512 failed after 7 retries: <nil>
[2025-12-06T06:06:01Z] [[31merror[0m] [task_execution] Error executing task azure-sha256-512: task azure-sha256-512 failed after 7 retries: <nil>
[2025-12-06T06:06:05Z] [[36minfo[0m] [progress_update] aws-us-east-1-aws-sha256-512-512-132: 2500/2500 tasks started.alibaba-us-east-1-alibaba-sha256-512-512-199: 2500/2500 tasks started.azure-germanywestcentral-azure-sha256-512-512-725: 2500/2500 tasks started.gcp-us-east1-gcp-sha256-512-512-403: 2500/2500 tasks started.
[2025-12-06T06:06:08Z] [[31merror[0m] [task_execution] Error executing task azure-sha256-512: task azure-sha256-512 failed after 7 retries: <nil>
[2025-12-06T06:06:08Z] [[31merror[0m] [task_execution] Error executing task azure-sha256-512: task azure-sha256-512 failed after 7 retries: <nil>
[2025-12-06T06:06:08Z] [[31merror[0m] [task_execution] Error executing task azure-sha256-512: task azure-sha256-512 failed after 7 retries: <nil>
[2025-12-06T06:06:08Z] [[31merror[0m] [task_execution] Error executing task azure-sha256-512: task azure-sha256-512 failed after 7 retries: <nil>
[2025-12-06T06:06:08Z] [[31merror[0m] [task_execution] Error executing task azure-sha256-512: task azure-sha256-512 failed after 7 retries: <nil>
[2025-12-06T06:06:08Z] [[31merror[0m] [task_execution] Error executing task azure-sha256-512: task azure-sha256-512 failed after 7 retries: <nil>
[2025-12-06T06:06:08Z] [[31merror[0m] [task_execution] Error executing task azure-sha256-512: task azure-sha256-512 failed after 7 retries: <nil>
[2025-12-06T06:06:09Z] [[31merror[0m] [task_execution] Error executing task azure-sha256-512: task azure-sha256-512 failed after 7 retries: <nil>
[2025-12-06T06:06:09Z] [[31merror[0m] [task_execution] Error executing task azure-sha256-512: task azure-sha256-512 failed after 7 retries: <nil>
[2025-12-06T06:06:09Z] [[31merror[0m] [task_execution] Error executing task azure-sha256-512: task azure-sha256-512 failed after 7 retries: <nil>
[2025-12-06T06:06:09Z] [[31merror[0m] [task_execution] Error executing task azure-sha256-512: task azure-sha256-512 failed after 7 retries: <nil>
[2025-12-06T06:06:09Z] [[31merror[0m] [task_execution] Error executing task azure-sha256-512: task azure-sha256-512 failed after 7 retries: <nil>
[2025-12-06T06:06:09Z] [[31merror[0m] [task_execution] Error executing task azure-sha256-512: task azure-sha256-512 failed after 7 retries: <nil>
[2025-12-06T06:06:09Z] [[31merror[0m] [task_execution] Error executing task azure-sha256-512: task azure-sha256-512 failed after 7 retries: <nil>
[2025-12-06T06:06:09Z] [[31merror[0m] [task_execution] Error executing task azure-sha256-512: task azure-sha256-512 failed after 7 retries: <nil>
[2025-12-06T06:06:09Z] [[31merror[0m] [task_execution] Error executing task azure-sha256-512: task azure-sha256-512 failed after 7 retries: <nil>
[2025-12-06T06:06:09Z] [[31merror[0m] [task_execution] Error executing task azure-sha256-512: task azure-sha256-512 failed after 7 retries: <nil>
[2025-12-06T06:06:09Z] [[31merror[0m] [task_execution] Error executing task azure-sha256-512: task azure-sha256-512 failed after 7 retries: <nil>
[2025-12-06T06:06:10Z] [[31merror[0m] [task_execution] Error executing task azure-sha256-512: task azure-sha256-512 failed after 7 retries: <nil>
[2025-12-06T06:06:10Z] [[31merror[0m] [task_execution] Error executing task azure-sha256-512: task azure-sha256-512 failed after 7 retries: <nil>
[2025-12-06T06:06:10Z] [[31merror[0m] [task_execution] Error executing task azure-sha256-512: task azure-sha256-512 failed after 7 retries: <nil>
[2025-12-06T06:06:10Z] [[31merror[0m] [task_execution] Error executing task azure-sha256-512: task azure-sha256-512 failed after 7 retries: <nil>
[2025-12-06T06:06:10Z] [[31merror[0m] [task_execution] Error executing task azure-sha256-512: task azure-sha256-512 failed after 7 retries: <nil>
[2025-12-06T06:06:10Z] [[31merror[0m] [task_execution] Error executing task azure-sha256-512: task azure-sha256-512 failed after 7 retries: <nil>
[2025-12-06T06:06:10Z] [[31merror[0m] [task_execution] Error executing task azure-sha256-512: task azure-sha256-512 failed after 7 retries: <nil>
[2025-12-06T06:06:10Z] [[31merror[0m] [task_execution] Error executing task azure-sha256-512: task azure-sha256-512 failed after 7 retries: <nil>
[2025-12-06T06:06:10Z] [[31merror[0m] [task_execution] Error executing task azure-sha256-512: task azure-sha256-512 failed after 7 retries: <nil>
[2025-12-06T06:06:10Z] [[31merror[0m] [task_execution] Error executing task azure-sha256-512: task azure-sha256-512 failed after 7 retries: <nil>
[2025-12-06T06:06:10Z] [[31merror[0m] [task_execution] Error executing task azure-sha256-512: task azure-sha256-512 failed after 7 retries: <nil>
[2025-12-06T06:06:10Z] [[31merror[0m] [task_execution] Error executing task azure-sha256-512: task azure-sha256-512 failed after 7 retries: <nil>
[2025-12-06T06:06:10Z] [[31merror[0m] [task_execution] Error executing task azure-sha256-512: task azure-sha256-512 failed after 7 retries: <nil>
[2025-12-06T06:06:10Z] [[31merror[0m] [task_execution] Error executing task azure-sha256-512: task azure-sha256-512 failed after 7 retries: <nil>
[2025-12-06T06:06:10Z] [[31merror[0m] [task_execution] Error executing task azure-sha256-512: task azure-sha256-512 failed after 7 retries: <nil>
[2025-12-06T06:06:10Z] [[31merror[0m] [task_execution] Error executing task azure-sha256-512: task azure-sha256-512 failed after 7 retries: <nil>
[2025-12-06T06:06:10Z] [[31merror[0m] [task_execution] Error executing task azure-sha256-512: task azure-sha256-512 failed after 7 retries: <nil>
[2025-12-06T06:06:10Z] [[31merror[0m] [task_execution] Error executing task azure-sha256-512: task azure-sha256-512 failed after 7 retries: <nil>
[2025-12-06T06:06:10Z] [[31merror[0m] [task_execution] Error executing task azure-sha256-512: task azure-sha256-512 failed after 7 retries: <nil>
[2025-12-06T06:06:10Z] [[31merror[0m] [task_execution] Error executing task azure-sha256-512: task azure-sha256-512 failed after 7 retries: <nil>
[2025-12-06T06:06:10Z] [[31merror[0m] [task_execution] Error executing task azure-sha256-512: task azure-sha256-512 failed after 7 retries: <nil>
[2025-12-06T06:06:10Z] [[31merror[0m] [task_execution] Error executing task azure-sha256-512: task azure-sha256-512 failed after 7 retries: <nil>
[2025-12-06T06:06:10Z] [[31merror[0m] [task_execution] Error executing task azure-sha256-512: task azure-sha256-512 failed after 7 retries: <nil>
[2025-12-06T06:06:11Z] [[31merror[0m] [task_execution] Error executing task azure-sha256-512: task azure-sha256-512 failed after 7 retries: <nil>
[2025-12-06T06:06:11Z] [[31merror[0m] [task_execution] Error executing task azure-sha256-512: task azure-sha256-512 failed after 7 retries: <nil>
[2025-12-06T06:06:11Z] [[31merror[0m] [task_execution] Error executing task azure-sha256-512: task azure-sha256-512 failed after 7 retries: <nil>
[2025-12-06T06:06:11Z] [[31merror[0m] [task_execution] Error executing task azure-sha256-512: task azure-sha256-512 failed after 7 retries: <nil>
[2025-12-06T06:06:11Z] [[31merror[0m] [task_execution] Error executing task azure-sha256-512: task azure-sha256-512 failed after 7 retries: <nil>
[2025-12-06T06:06:11Z] [[31merror[0m] [task_execution] Error executing task azure-sha256-512: task azure-sha256-512 failed after 7 retries: <nil>
[2025-12-06T06:06:11Z] [[31merror[0m] [task_execution] Error executing task azure-sha256-512: task azure-sha256-512 failed after 7 retries: <nil>
[2025-12-06T06:06:11Z] [[31merror[0m] [task_execution] Error executing task azure-sha256-512: task azure-sha256-512 failed after 7 retries: <nil>
[2025-12-06T06:06:11Z] [[31merror[0m] [task_execution] Error executing task azure-sha256-512: task azure-sha256-512 failed after 7 retries: <nil>
[2025-12-06T06:06:11Z] [[31merror[0m] [task_execution] Error executing task azure-sha256-512: task azure-sha256-512 failed after 7 retries: <nil>
[2025-12-06T06:06:15Z] [[36minfo[0m] [progress_update] aws-us-east-1-aws-sha256-512-512-132: 2500/2500 tasks started.alibaba-us-east-1-alibaba-sha256-512-512-199: 2500/2500 tasks started.azure-germanywestcentral-azure-sha256-512-512-725: 2500/2500 tasks started.gcp-us-east1-gcp-sha256-512-512-403: 2500/2500 tasks started.
[2025-12-06T06:06:25Z] [[36minfo[0m] [progress_update] aws-us-east-1-aws-sha256-512-512-132: 2500/2500 tasks started.alibaba-us-east-1-alibaba-sha256-512-512-199: 2500/2500 tasks started.azure-germanywestcentral-azure-sha256-512-512-725: 2500/2500 tasks started.gcp-us-east1-gcp-sha256-512-512-403: 2500/2500 tasks started.
[2025-12-06T06:06:35Z] [[36minfo[0m] [progress_update] aws-us-east-1-aws-sha256-512-512-132: 2500/2500 tasks started.alibaba-us-east-1-alibaba-sha256-512-512-199: 2500/2500 tasks started.azure-germanywestcentral-azure-sha256-512-512-725: 2500/2500 tasks started.gcp-us-east1-gcp-sha256-512-512-403: 2500/2500 tasks started.
[2025-12-06T06:06:38Z] [[31merror[0m] [task_execution] Error executing task azure-sha256-512: task azure-sha256-512 failed after 7 retries: <nil>
[2025-12-06T06:06:39Z] [[31merror[0m] [task_execution] Error executing task azure-sha256-512: task azure-sha256-512 failed after 7 retries: <nil>
[2025-12-06T06:06:40Z] [[31merror[0m] [task_execution] Error executing task azure-sha256-512: task azure-sha256-512 failed after 7 retries: <nil>
[2025-12-06T06:06:40Z] [[31merror[0m] [task_execution] Error executing task azure-sha256-512: task azure-sha256-512 failed after 7 retries: <nil>
[2025-12-06T06:06:41Z] [[31merror[0m] [task_execution] Error executing task azure-sha256-512: task azure-sha256-512 failed after 7 retries: <nil>
[2025-12-06T06:06:41Z] [[31merror[0m] [task_execution] Error executing task azure-sha256-512: task azure-sha256-512 failed after 7 retries: <nil>
[2025-12-06T06:06:41Z] [[31merror[0m] [task_execution] Error executing task azure-sha256-512: task azure-sha256-512 failed after 7 retries: <nil>
[2025-12-06T06:06:41Z] [[31merror[0m] [task_execution] Error executing task azure-sha256-512: task azure-sha256-512 failed after 7 retries: <nil>
[2025-12-06T06:06:45Z] [[31merror[0m] [task_execution] Error executing task azure-sha256-512: task azure-sha256-512 failed after 7 retries: <nil>
[2025-12-06T06:06:45Z] [[36minfo[0m] [progress_update] aws-us-east-1-aws-sha256-512-512-132: 2500/2500 tasks started.alibaba-us-east-1-alibaba-sha256-512-512-199: 2500/2500 tasks started.azure-germanywestcentral-azure-sha256-512-512-725: 2500/2500 tasks started.gcp-us-east1-gcp-sha256-512-512-403: 2500/2500 tasks started.
[2025-12-06T06:06:50Z] [[36minfo[0m] [function_finished] Finished benchmarking function azure-sha256-512 and closed archiver
[2025-12-06T06:06:52Z] [[36minfo[0m] [finish_timeline] Benchmark Timeline
[Sat Dec  6 06:06:52 UTC 2025] Finished benchmark 'sha256' successfully
