[Sun Nov 30 06:00:50 UTC 2025] Starting benchmark 'aesctr' with config './configs/aesCtr.yaml'
Validating functions...
[2025-11-30T06:00:50Z] [[36minfo[0m] [executor_setup] Setting up executor for aws-us-east-1-aws-aesCtr-512-512-482
[2025-11-30T06:00:50Z] [[36minfo[0m] [executor_setup] Setting up executor for alibaba-us-east-1-alibaba-aesCtr-512-512-867
[2025-11-30T06:00:50Z] [[36minfo[0m] [executor_setup] Setting up executor for azure-germanywestcentral-azure-aesCtr-512-512-943
[2025-11-30T06:00:50Z] [[0mwarning[0m] [[32mazure_limitations[0m] Azure can´t handle more than 300 parallel requests. Limiting to 300.
[2025-11-30T06:00:50Z] [[36minfo[0m] [executor_setup] Setting up executor for gcp-us-east1-gcp-aesCtr-512-512-738
[2025-11-30T06:00:50Z] [[36minfo[0m] [start_timeline] Benchmark Timeline
[2025-11-30T06:00:50Z] [[36minfo[0m] [load_generator_start] (aws: us-east-1) Starting load generator with 500 workers
[2025-11-30T06:00:50Z] [[36minfo[0m] [load_generator_start] (gcp: us-east1) Starting load generator with 300 workers
[2025-11-30T06:00:50Z] [[36minfo[0m] [load_generator_start] (alibaba: us-east-1) Starting load generator with 500 workers
[2025-11-30T06:00:50Z] [[36minfo[0m] [load_generator_start] (azure: germanywestcentral) Starting load generator with 300 workers
[2025-11-30T06:01:00Z] [[36minfo[0m] [progress_update] aws-us-east-1-aws-aesCtr-512-512-482: 2178/2500 tasks started.alibaba-us-east-1-alibaba-aesCtr-512-512-867: 2500/2500 tasks started.azure-germanywestcentral-azure-aesCtr-512-512-943: 610/2500 tasks started.gcp-us-east1-gcp-aesCtr-512-512-738: 622/2500 tasks started.
[2025-11-30T06:01:10Z] [[36minfo[0m] [progress_update] aws-us-east-1-aws-aesCtr-512-512-482: 2500/2500 tasks started.alibaba-us-east-1-alibaba-aesCtr-512-512-867: 2500/2500 tasks started.azure-germanywestcentral-azure-aesCtr-512-512-943: 619/2500 tasks started.gcp-us-east1-gcp-aesCtr-512-512-738: 1206/2500 tasks started.
[2025-11-30T06:01:16Z] [[36minfo[0m] [function_finished] Finished benchmarking function aws-aesCtr-512 and closed archiver
[2025-11-30T06:01:20Z] [[36minfo[0m] [progress_update] aws-us-east-1-aws-aesCtr-512-512-482: 2500/2500 tasks started.alibaba-us-east-1-alibaba-aesCtr-512-512-867: 2500/2500 tasks started.azure-germanywestcentral-azure-aesCtr-512-512-943: 1404/2500 tasks started.gcp-us-east1-gcp-aesCtr-512-512-738: 1790/2500 tasks started.
[2025-11-30T06:01:30Z] [[36minfo[0m] [progress_update] alibaba-us-east-1-alibaba-aesCtr-512-512-867: 2500/2500 tasks started.azure-germanywestcentral-azure-aesCtr-512-512-943: 1979/2500 tasks started.gcp-us-east1-gcp-aesCtr-512-512-738: 2353/2500 tasks started.aws-us-east-1-aws-aesCtr-512-512-482: 2500/2500 tasks started.
[2025-11-30T06:01:40Z] [[36minfo[0m] [progress_update] aws-us-east-1-aws-aesCtr-512-512-482: 2500/2500 tasks started.alibaba-us-east-1-alibaba-aesCtr-512-512-867: 2500/2500 tasks started.azure-germanywestcentral-azure-aesCtr-512-512-943: 2290/2500 tasks started.gcp-us-east1-gcp-aesCtr-512-512-738: 2500/2500 tasks started.
[2025-11-30T06:01:47Z] [[36minfo[0m] [function_finished] Finished benchmarking function gcp-aesCtr-512 and closed archiver
[2025-11-30T06:01:50Z] [[36minfo[0m] [progress_update] aws-us-east-1-aws-aesCtr-512-512-482: 2500/2500 tasks started.alibaba-us-east-1-alibaba-aesCtr-512-512-867: 2500/2500 tasks started.azure-germanywestcentral-azure-aesCtr-512-512-943: 2319/2500 tasks started.gcp-us-east1-gcp-aesCtr-512-512-738: 2500/2500 tasks started.
[2025-11-30T06:02:00Z] [[36minfo[0m] [progress_update] aws-us-east-1-aws-aesCtr-512-512-482: 2500/2500 tasks started.alibaba-us-east-1-alibaba-aesCtr-512-512-867: 2500/2500 tasks started.azure-germanywestcentral-azure-aesCtr-512-512-943: 2329/2500 tasks started.gcp-us-east1-gcp-aesCtr-512-512-738: 2500/2500 tasks started.
[2025-11-30T06:02:06Z] [[36minfo[0m] [function_finished] Finished benchmarking function alibaba-aesCtr-512 and closed archiver
[2025-11-30T06:02:10Z] [[36minfo[0m] [progress_update] aws-us-east-1-aws-aesCtr-512-512-482: 2500/2500 tasks started.alibaba-us-east-1-alibaba-aesCtr-512-512-867: 2500/2500 tasks started.azure-germanywestcentral-azure-aesCtr-512-512-943: 2337/2500 tasks started.gcp-us-east1-gcp-aesCtr-512-512-738: 2500/2500 tasks started.
[2025-11-30T06:02:20Z] [[36minfo[0m] [progress_update] aws-us-east-1-aws-aesCtr-512-512-482: 2500/2500 tasks started.alibaba-us-east-1-alibaba-aesCtr-512-512-867: 2500/2500 tasks started.azure-germanywestcentral-azure-aesCtr-512-512-943: 2345/2500 tasks started.gcp-us-east1-gcp-aesCtr-512-512-738: 2500/2500 tasks started.
[2025-11-30T06:02:30Z] [[36minfo[0m] [progress_update] gcp-us-east1-gcp-aesCtr-512-512-738: 2500/2500 tasks started.aws-us-east-1-aws-aesCtr-512-512-482: 2500/2500 tasks started.alibaba-us-east-1-alibaba-aesCtr-512-512-867: 2500/2500 tasks started.azure-germanywestcentral-azure-aesCtr-512-512-943: 2353/2500 tasks started.
[2025-11-30T06:02:40Z] [[36minfo[0m] [progress_update] azure-germanywestcentral-azure-aesCtr-512-512-943: 2500/2500 tasks started.gcp-us-east1-gcp-aesCtr-512-512-738: 2500/2500 tasks started.aws-us-east-1-aws-aesCtr-512-512-482: 2500/2500 tasks started.alibaba-us-east-1-alibaba-aesCtr-512-512-867: 2500/2500 tasks started.
[2025-11-30T06:02:50Z] [[36minfo[0m] [progress_update] aws-us-east-1-aws-aesCtr-512-512-482: 2500/2500 tasks started.alibaba-us-east-1-alibaba-aesCtr-512-512-867: 2500/2500 tasks started.azure-germanywestcentral-azure-aesCtr-512-512-943: 2500/2500 tasks started.gcp-us-east1-gcp-aesCtr-512-512-738: 2500/2500 tasks started.
[2025-11-30T06:03:00Z] [[36minfo[0m] [progress_update] aws-us-east-1-aws-aesCtr-512-512-482: 2500/2500 tasks started.alibaba-us-east-1-alibaba-aesCtr-512-512-867: 2500/2500 tasks started.azure-germanywestcentral-azure-aesCtr-512-512-943: 2500/2500 tasks started.gcp-us-east1-gcp-aesCtr-512-512-738: 2500/2500 tasks started.
[2025-11-30T06:03:10Z] [[36minfo[0m] [progress_update] aws-us-east-1-aws-aesCtr-512-512-482: 2500/2500 tasks started.alibaba-us-east-1-alibaba-aesCtr-512-512-867: 2500/2500 tasks started.azure-germanywestcentral-azure-aesCtr-512-512-943: 2500/2500 tasks started.gcp-us-east1-gcp-aesCtr-512-512-738: 2500/2500 tasks started.
[2025-11-30T06:03:20Z] [[36minfo[0m] [progress_update] azure-germanywestcentral-azure-aesCtr-512-512-943: 2500/2500 tasks started.gcp-us-east1-gcp-aesCtr-512-512-738: 2500/2500 tasks started.aws-us-east-1-aws-aesCtr-512-512-482: 2500/2500 tasks started.alibaba-us-east-1-alibaba-aesCtr-512-512-867: 2500/2500 tasks started.
[2025-11-30T06:03:30Z] [[36minfo[0m] [progress_update] aws-us-east-1-aws-aesCtr-512-512-482: 2500/2500 tasks started.alibaba-us-east-1-alibaba-aesCtr-512-512-867: 2500/2500 tasks started.azure-germanywestcentral-azure-aesCtr-512-512-943: 2500/2500 tasks started.gcp-us-east1-gcp-aesCtr-512-512-738: 2500/2500 tasks started.
[2025-11-30T06:03:40Z] [[36minfo[0m] [progress_update] alibaba-us-east-1-alibaba-aesCtr-512-512-867: 2500/2500 tasks started.azure-germanywestcentral-azure-aesCtr-512-512-943: 2500/2500 tasks started.gcp-us-east1-gcp-aesCtr-512-512-738: 2500/2500 tasks started.aws-us-east-1-aws-aesCtr-512-512-482: 2500/2500 tasks started.
[2025-11-30T06:03:50Z] [[36minfo[0m] [progress_update] aws-us-east-1-aws-aesCtr-512-512-482: 2500/2500 tasks started.alibaba-us-east-1-alibaba-aesCtr-512-512-867: 2500/2500 tasks started.azure-germanywestcentral-azure-aesCtr-512-512-943: 2500/2500 tasks started.gcp-us-east1-gcp-aesCtr-512-512-738: 2500/2500 tasks started.
[2025-11-30T06:04:00Z] [[36minfo[0m] [progress_update] aws-us-east-1-aws-aesCtr-512-512-482: 2500/2500 tasks started.alibaba-us-east-1-alibaba-aesCtr-512-512-867: 2500/2500 tasks started.azure-germanywestcentral-azure-aesCtr-512-512-943: 2500/2500 tasks started.gcp-us-east1-gcp-aesCtr-512-512-738: 2500/2500 tasks started.
[2025-11-30T06:04:10Z] [[36minfo[0m] [progress_update] aws-us-east-1-aws-aesCtr-512-512-482: 2500/2500 tasks started.alibaba-us-east-1-alibaba-aesCtr-512-512-867: 2500/2500 tasks started.azure-germanywestcentral-azure-aesCtr-512-512-943: 2500/2500 tasks started.gcp-us-east1-gcp-aesCtr-512-512-738: 2500/2500 tasks started.
[2025-11-30T06:04:20Z] [[36minfo[0m] [progress_update] aws-us-east-1-aws-aesCtr-512-512-482: 2500/2500 tasks started.alibaba-us-east-1-alibaba-aesCtr-512-512-867: 2500/2500 tasks started.azure-germanywestcentral-azure-aesCtr-512-512-943: 2500/2500 tasks started.gcp-us-east1-gcp-aesCtr-512-512-738: 2500/2500 tasks started.
[2025-11-30T06:04:30Z] [[36minfo[0m] [progress_update] aws-us-east-1-aws-aesCtr-512-512-482: 2500/2500 tasks started.alibaba-us-east-1-alibaba-aesCtr-512-512-867: 2500/2500 tasks started.azure-germanywestcentral-azure-aesCtr-512-512-943: 2500/2500 tasks started.gcp-us-east1-gcp-aesCtr-512-512-738: 2500/2500 tasks started.
[2025-11-30T06:04:40Z] [[36minfo[0m] [progress_update] alibaba-us-east-1-alibaba-aesCtr-512-512-867: 2500/2500 tasks started.azure-germanywestcentral-azure-aesCtr-512-512-943: 2500/2500 tasks started.gcp-us-east1-gcp-aesCtr-512-512-738: 2500/2500 tasks started.aws-us-east-1-aws-aesCtr-512-512-482: 2500/2500 tasks started.
[2025-11-30T06:04:50Z] [[36minfo[0m] [progress_update] aws-us-east-1-aws-aesCtr-512-512-482: 2500/2500 tasks started.alibaba-us-east-1-alibaba-aesCtr-512-512-867: 2500/2500 tasks started.azure-germanywestcentral-azure-aesCtr-512-512-943: 2500/2500 tasks started.gcp-us-east1-gcp-aesCtr-512-512-738: 2500/2500 tasks started.
[2025-11-30T06:05:00Z] [[36minfo[0m] [progress_update] azure-germanywestcentral-azure-aesCtr-512-512-943: 2500/2500 tasks started.gcp-us-east1-gcp-aesCtr-512-512-738: 2500/2500 tasks started.aws-us-east-1-aws-aesCtr-512-512-482: 2500/2500 tasks started.alibaba-us-east-1-alibaba-aesCtr-512-512-867: 2500/2500 tasks started.
[2025-11-30T06:05:10Z] [[36minfo[0m] [progress_update] aws-us-east-1-aws-aesCtr-512-512-482: 2500/2500 tasks started.alibaba-us-east-1-alibaba-aesCtr-512-512-867: 2500/2500 tasks started.azure-germanywestcentral-azure-aesCtr-512-512-943: 2500/2500 tasks started.gcp-us-east1-gcp-aesCtr-512-512-738: 2500/2500 tasks started.
[2025-11-30T06:05:20Z] [[36minfo[0m] [progress_update] alibaba-us-east-1-alibaba-aesCtr-512-512-867: 2500/2500 tasks started.azure-germanywestcentral-azure-aesCtr-512-512-943: 2500/2500 tasks started.gcp-us-east1-gcp-aesCtr-512-512-738: 2500/2500 tasks started.aws-us-east-1-aws-aesCtr-512-512-482: 2500/2500 tasks started.
[2025-11-30T06:05:30Z] [[36minfo[0m] [progress_update] gcp-us-east1-gcp-aesCtr-512-512-738: 2500/2500 tasks started.aws-us-east-1-aws-aesCtr-512-512-482: 2500/2500 tasks started.alibaba-us-east-1-alibaba-aesCtr-512-512-867: 2500/2500 tasks started.azure-germanywestcentral-azure-aesCtr-512-512-943: 2500/2500 tasks started.
[2025-11-30T06:05:31Z] [[31merror[0m] [task_execution] Error executing task azure-aesCtr-512: task azure-aesCtr-512 failed after 7 retries: <nil>
[2025-11-30T06:05:40Z] [[36minfo[0m] [progress_update] aws-us-east-1-aws-aesCtr-512-512-482: 2500/2500 tasks started.alibaba-us-east-1-alibaba-aesCtr-512-512-867: 2500/2500 tasks started.azure-germanywestcentral-azure-aesCtr-512-512-943: 2500/2500 tasks started.gcp-us-east1-gcp-aesCtr-512-512-738: 2500/2500 tasks started.
[2025-11-30T06:05:50Z] [[31merror[0m] [task_execution] Error executing task azure-aesCtr-512: task azure-aesCtr-512 failed after 7 retries: <nil>
[2025-11-30T06:05:50Z] [[36minfo[0m] [progress_update] aws-us-east-1-aws-aesCtr-512-512-482: 2500/2500 tasks started.alibaba-us-east-1-alibaba-aesCtr-512-512-867: 2500/2500 tasks started.azure-germanywestcentral-azure-aesCtr-512-512-943: 2500/2500 tasks started.gcp-us-east1-gcp-aesCtr-512-512-738: 2500/2500 tasks started.
[2025-11-30T06:06:00Z] [[36minfo[0m] [progress_update] aws-us-east-1-aws-aesCtr-512-512-482: 2500/2500 tasks started.alibaba-us-east-1-alibaba-aesCtr-512-512-867: 2500/2500 tasks started.azure-germanywestcentral-azure-aesCtr-512-512-943: 2500/2500 tasks started.gcp-us-east1-gcp-aesCtr-512-512-738: 2500/2500 tasks started.
[2025-11-30T06:06:03Z] [[31merror[0m] [task_execution] Error executing task azure-aesCtr-512: task azure-aesCtr-512 failed after 7 retries: <nil>
[2025-11-30T06:06:04Z] [[31merror[0m] [task_execution] Error executing task azure-aesCtr-512: task azure-aesCtr-512 failed after 7 retries: <nil>
[2025-11-30T06:06:04Z] [[31merror[0m] [task_execution] Error executing task azure-aesCtr-512: task azure-aesCtr-512 failed after 7 retries: <nil>
[2025-11-30T06:06:06Z] [[31merror[0m] [task_execution] Error executing task azure-aesCtr-512: task azure-aesCtr-512 failed after 7 retries: <nil>
[2025-11-30T06:06:10Z] [[36minfo[0m] [progress_update] azure-germanywestcentral-azure-aesCtr-512-512-943: 2500/2500 tasks started.gcp-us-east1-gcp-aesCtr-512-512-738: 2500/2500 tasks started.aws-us-east-1-aws-aesCtr-512-512-482: 2500/2500 tasks started.alibaba-us-east-1-alibaba-aesCtr-512-512-867: 2500/2500 tasks started.
[2025-11-30T06:06:13Z] [[31merror[0m] [task_execution] Error executing task azure-aesCtr-512: task azure-aesCtr-512 failed after 7 retries: <nil>
[2025-11-30T06:06:18Z] [[36minfo[0m] [function_finished] Finished benchmarking function azure-aesCtr-512 and closed archiver
[2025-11-30T06:06:20Z] [[36minfo[0m] [progress_update] aws-us-east-1-aws-aesCtr-512-512-482: 2500/2500 tasks started.alibaba-us-east-1-alibaba-aesCtr-512-512-867: 2500/2500 tasks started.azure-germanywestcentral-azure-aesCtr-512-512-943: 2500/2500 tasks started.gcp-us-east1-gcp-aesCtr-512-512-738: 2500/2500 tasks started.
[2025-11-30T06:06:20Z] [[36minfo[0m] [finish_timeline] Benchmark Timeline
[Sun Nov 30 06:06:20 UTC 2025] Finished benchmark 'aesctr' successfully
