[Sun Dec  7 05:30:48 UTC 2025] Starting benchmark 'aesctr' with config './configs/aesCtr.yaml'
Validating functions...
[2025-12-07T05:30:48Z] [[36minfo[0m] [executor_setup] Setting up executor for aws-us-east-1-aws-aesCtr-512-512-150
[2025-12-07T05:30:48Z] [[36minfo[0m] [executor_setup] Setting up executor for alibaba-us-east-1-alibaba-aesCtr-512-512-15
[2025-12-07T05:30:48Z] [[36minfo[0m] [executor_setup] Setting up executor for azure-germanywestcentral-azure-aesCtr-512-512-348
[2025-12-07T05:30:48Z] [[0mwarning[0m] [[32mazure_limitations[0m] Azure can´t handle more than 300 parallel requests. Limiting to 300.
[2025-12-07T05:30:48Z] [[36minfo[0m] [executor_setup] Setting up executor for gcp-us-east1-gcp-aesCtr-512-512-584
[2025-12-07T05:30:48Z] [[36minfo[0m] [start_timeline] Benchmark Timeline
[2025-12-07T05:30:48Z] [[36minfo[0m] [load_generator_start] (gcp: us-east1) Starting load generator with 300 workers
[2025-12-07T05:30:48Z] [[36minfo[0m] [load_generator_start] (aws: us-east-1) Starting load generator with 500 workers
[2025-12-07T05:30:48Z] [[36minfo[0m] [load_generator_start] (alibaba: us-east-1) Starting load generator with 500 workers
[2025-12-07T05:30:48Z] [[36minfo[0m] [load_generator_start] (azure: germanywestcentral) Starting load generator with 300 workers
[2025-12-07T05:30:58Z] [[36minfo[0m] [progress_update] alibaba-us-east-1-alibaba-aesCtr-512-512-15: 2500/2500 tasks started.azure-germanywestcentral-azure-aesCtr-512-512-348: 609/2500 tasks started.gcp-us-east1-gcp-aesCtr-512-512-584: 674/2500 tasks started.aws-us-east-1-aws-aesCtr-512-512-150: 2196/2500 tasks started.
[2025-12-07T05:31:08Z] [[36minfo[0m] [progress_update] aws-us-east-1-aws-aesCtr-512-512-150: 2500/2500 tasks started.alibaba-us-east-1-alibaba-aesCtr-512-512-15: 2500/2500 tasks started.azure-germanywestcentral-azure-aesCtr-512-512-348: 645/2500 tasks started.gcp-us-east1-gcp-aesCtr-512-512-584: 1231/2500 tasks started.
[2025-12-07T05:31:14Z] [[36minfo[0m] [function_finished] Finished benchmarking function aws-aesCtr-512 and closed archiver
[2025-12-07T05:31:18Z] [[36minfo[0m] [progress_update] aws-us-east-1-aws-aesCtr-512-512-150: 2500/2500 tasks started.alibaba-us-east-1-alibaba-aesCtr-512-512-15: 2500/2500 tasks started.azure-germanywestcentral-azure-aesCtr-512-512-348: 1405/2500 tasks started.gcp-us-east1-gcp-aesCtr-512-512-584: 1789/2500 tasks started.
[2025-12-07T05:31:28Z] [[36minfo[0m] [progress_update] aws-us-east-1-aws-aesCtr-512-512-150: 2500/2500 tasks started.alibaba-us-east-1-alibaba-aesCtr-512-512-15: 2500/2500 tasks started.azure-germanywestcentral-azure-aesCtr-512-512-348: 2039/2500 tasks started.gcp-us-east1-gcp-aesCtr-512-512-584: 2337/2500 tasks started.
[2025-12-07T05:31:38Z] [[36minfo[0m] [progress_update] alibaba-us-east-1-alibaba-aesCtr-512-512-15: 2500/2500 tasks started.azure-germanywestcentral-azure-aesCtr-512-512-348: 2207/2500 tasks started.gcp-us-east1-gcp-aesCtr-512-512-584: 2500/2500 tasks started.aws-us-east-1-aws-aesCtr-512-512-150: 2500/2500 tasks started.
[2025-12-07T05:31:48Z] [[36minfo[0m] [function_finished] Finished benchmarking function gcp-aesCtr-512 and closed archiver
[2025-12-07T05:31:48Z] [[36minfo[0m] [progress_update] aws-us-east-1-aws-aesCtr-512-512-150: 2500/2500 tasks started.alibaba-us-east-1-alibaba-aesCtr-512-512-15: 2500/2500 tasks started.azure-germanywestcentral-azure-aesCtr-512-512-348: 2217/2500 tasks started.gcp-us-east1-gcp-aesCtr-512-512-584: 2500/2500 tasks started.
[2025-12-07T05:31:58Z] [[36minfo[0m] [progress_update] alibaba-us-east-1-alibaba-aesCtr-512-512-15: 2500/2500 tasks started.azure-germanywestcentral-azure-aesCtr-512-512-348: 2239/2500 tasks started.gcp-us-east1-gcp-aesCtr-512-512-584: 2500/2500 tasks started.aws-us-east-1-aws-aesCtr-512-512-150: 2500/2500 tasks started.
[2025-12-07T05:32:08Z] [[36minfo[0m] [progress_update] aws-us-east-1-aws-aesCtr-512-512-150: 2500/2500 tasks started.alibaba-us-east-1-alibaba-aesCtr-512-512-15: 2500/2500 tasks started.azure-germanywestcentral-azure-aesCtr-512-512-348: 2245/2500 tasks started.gcp-us-east1-gcp-aesCtr-512-512-584: 2500/2500 tasks started.
[2025-12-07T05:32:18Z] [[36minfo[0m] [progress_update] aws-us-east-1-aws-aesCtr-512-512-150: 2500/2500 tasks started.alibaba-us-east-1-alibaba-aesCtr-512-512-15: 2500/2500 tasks started.azure-germanywestcentral-azure-aesCtr-512-512-348: 2253/2500 tasks started.gcp-us-east1-gcp-aesCtr-512-512-584: 2500/2500 tasks started.
[2025-12-07T05:32:28Z] [[36minfo[0m] [progress_update] aws-us-east-1-aws-aesCtr-512-512-150: 2500/2500 tasks started.alibaba-us-east-1-alibaba-aesCtr-512-512-15: 2500/2500 tasks started.azure-germanywestcentral-azure-aesCtr-512-512-348: 2278/2500 tasks started.gcp-us-east1-gcp-aesCtr-512-512-584: 2500/2500 tasks started.
[2025-12-07T05:32:38Z] [[36minfo[0m] [progress_update] gcp-us-east1-gcp-aesCtr-512-512-584: 2500/2500 tasks started.aws-us-east-1-aws-aesCtr-512-512-150: 2500/2500 tasks started.alibaba-us-east-1-alibaba-aesCtr-512-512-15: 2500/2500 tasks started.azure-germanywestcentral-azure-aesCtr-512-512-348: 2500/2500 tasks started.
[2025-12-07T05:32:42Z] [[36minfo[0m] [function_finished] Finished benchmarking function alibaba-aesCtr-512 and closed archiver
[2025-12-07T05:32:48Z] [[36minfo[0m] [progress_update] aws-us-east-1-aws-aesCtr-512-512-150: 2500/2500 tasks started.alibaba-us-east-1-alibaba-aesCtr-512-512-15: 2500/2500 tasks started.azure-germanywestcentral-azure-aesCtr-512-512-348: 2500/2500 tasks started.gcp-us-east1-gcp-aesCtr-512-512-584: 2500/2500 tasks started.
[2025-12-07T05:32:58Z] [[36minfo[0m] [progress_update] alibaba-us-east-1-alibaba-aesCtr-512-512-15: 2500/2500 tasks started.azure-germanywestcentral-azure-aesCtr-512-512-348: 2500/2500 tasks started.gcp-us-east1-gcp-aesCtr-512-512-584: 2500/2500 tasks started.aws-us-east-1-aws-aesCtr-512-512-150: 2500/2500 tasks started.
[2025-12-07T05:33:08Z] [[36minfo[0m] [progress_update] gcp-us-east1-gcp-aesCtr-512-512-584: 2500/2500 tasks started.aws-us-east-1-aws-aesCtr-512-512-150: 2500/2500 tasks started.alibaba-us-east-1-alibaba-aesCtr-512-512-15: 2500/2500 tasks started.azure-germanywestcentral-azure-aesCtr-512-512-348: 2500/2500 tasks started.
[2025-12-07T05:33:18Z] [[36minfo[0m] [progress_update] gcp-us-east1-gcp-aesCtr-512-512-584: 2500/2500 tasks started.aws-us-east-1-aws-aesCtr-512-512-150: 2500/2500 tasks started.alibaba-us-east-1-alibaba-aesCtr-512-512-15: 2500/2500 tasks started.azure-germanywestcentral-azure-aesCtr-512-512-348: 2500/2500 tasks started.
[2025-12-07T05:33:28Z] [[36minfo[0m] [progress_update] gcp-us-east1-gcp-aesCtr-512-512-584: 2500/2500 tasks started.aws-us-east-1-aws-aesCtr-512-512-150: 2500/2500 tasks started.alibaba-us-east-1-alibaba-aesCtr-512-512-15: 2500/2500 tasks started.azure-germanywestcentral-azure-aesCtr-512-512-348: 2500/2500 tasks started.
[2025-12-07T05:33:38Z] [[36minfo[0m] [progress_update] aws-us-east-1-aws-aesCtr-512-512-150: 2500/2500 tasks started.alibaba-us-east-1-alibaba-aesCtr-512-512-15: 2500/2500 tasks started.azure-germanywestcentral-azure-aesCtr-512-512-348: 2500/2500 tasks started.gcp-us-east1-gcp-aesCtr-512-512-584: 2500/2500 tasks started.
[2025-12-07T05:33:48Z] [[36minfo[0m] [progress_update] aws-us-east-1-aws-aesCtr-512-512-150: 2500/2500 tasks started.alibaba-us-east-1-alibaba-aesCtr-512-512-15: 2500/2500 tasks started.azure-germanywestcentral-azure-aesCtr-512-512-348: 2500/2500 tasks started.gcp-us-east1-gcp-aesCtr-512-512-584: 2500/2500 tasks started.
[2025-12-07T05:33:58Z] [[36minfo[0m] [progress_update] gcp-us-east1-gcp-aesCtr-512-512-584: 2500/2500 tasks started.aws-us-east-1-aws-aesCtr-512-512-150: 2500/2500 tasks started.alibaba-us-east-1-alibaba-aesCtr-512-512-15: 2500/2500 tasks started.azure-germanywestcentral-azure-aesCtr-512-512-348: 2500/2500 tasks started.
[2025-12-07T05:34:08Z] [[36minfo[0m] [progress_update] aws-us-east-1-aws-aesCtr-512-512-150: 2500/2500 tasks started.alibaba-us-east-1-alibaba-aesCtr-512-512-15: 2500/2500 tasks started.azure-germanywestcentral-azure-aesCtr-512-512-348: 2500/2500 tasks started.gcp-us-east1-gcp-aesCtr-512-512-584: 2500/2500 tasks started.
[2025-12-07T05:34:18Z] [[36minfo[0m] [progress_update] aws-us-east-1-aws-aesCtr-512-512-150: 2500/2500 tasks started.alibaba-us-east-1-alibaba-aesCtr-512-512-15: 2500/2500 tasks started.azure-germanywestcentral-azure-aesCtr-512-512-348: 2500/2500 tasks started.gcp-us-east1-gcp-aesCtr-512-512-584: 2500/2500 tasks started.
[2025-12-07T05:34:28Z] [[36minfo[0m] [progress_update] aws-us-east-1-aws-aesCtr-512-512-150: 2500/2500 tasks started.alibaba-us-east-1-alibaba-aesCtr-512-512-15: 2500/2500 tasks started.azure-germanywestcentral-azure-aesCtr-512-512-348: 2500/2500 tasks started.gcp-us-east1-gcp-aesCtr-512-512-584: 2500/2500 tasks started.
[2025-12-07T05:34:38Z] [[36minfo[0m] [progress_update] alibaba-us-east-1-alibaba-aesCtr-512-512-15: 2500/2500 tasks started.azure-germanywestcentral-azure-aesCtr-512-512-348: 2500/2500 tasks started.gcp-us-east1-gcp-aesCtr-512-512-584: 2500/2500 tasks started.aws-us-east-1-aws-aesCtr-512-512-150: 2500/2500 tasks started.
[2025-12-07T05:34:48Z] [[36minfo[0m] [progress_update] azure-germanywestcentral-azure-aesCtr-512-512-348: 2500/2500 tasks started.gcp-us-east1-gcp-aesCtr-512-512-584: 2500/2500 tasks started.aws-us-east-1-aws-aesCtr-512-512-150: 2500/2500 tasks started.alibaba-us-east-1-alibaba-aesCtr-512-512-15: 2500/2500 tasks started.
[2025-12-07T05:34:58Z] [[36minfo[0m] [progress_update] azure-germanywestcentral-azure-aesCtr-512-512-348: 2500/2500 tasks started.gcp-us-east1-gcp-aesCtr-512-512-584: 2500/2500 tasks started.aws-us-east-1-aws-aesCtr-512-512-150: 2500/2500 tasks started.alibaba-us-east-1-alibaba-aesCtr-512-512-15: 2500/2500 tasks started.
[2025-12-07T05:35:08Z] [[36minfo[0m] [progress_update] alibaba-us-east-1-alibaba-aesCtr-512-512-15: 2500/2500 tasks started.azure-germanywestcentral-azure-aesCtr-512-512-348: 2500/2500 tasks started.gcp-us-east1-gcp-aesCtr-512-512-584: 2500/2500 tasks started.aws-us-east-1-aws-aesCtr-512-512-150: 2500/2500 tasks started.
[2025-12-07T05:35:10Z] [[31merror[0m] [task_execution] Error executing task azure-aesCtr-512: task azure-aesCtr-512 failed after 7 retries: <nil>
[2025-12-07T05:35:10Z] [[31merror[0m] [task_execution] Error executing task azure-aesCtr-512: task azure-aesCtr-512 failed after 7 retries: <nil>
[2025-12-07T05:35:10Z] [[31merror[0m] [task_execution] Error executing task azure-aesCtr-512: task azure-aesCtr-512 failed after 7 retries: <nil>
[2025-12-07T05:35:10Z] [[31merror[0m] [task_execution] Error executing task azure-aesCtr-512: task azure-aesCtr-512 failed after 7 retries: <nil>
[2025-12-07T05:35:10Z] [[31merror[0m] [task_execution] Error executing task azure-aesCtr-512: task azure-aesCtr-512 failed after 7 retries: <nil>
[2025-12-07T05:35:10Z] [[31merror[0m] [task_execution] Error executing task azure-aesCtr-512: task azure-aesCtr-512 failed after 7 retries: <nil>
[2025-12-07T05:35:10Z] [[31merror[0m] [task_execution] Error executing task azure-aesCtr-512: task azure-aesCtr-512 failed after 7 retries: <nil>
[2025-12-07T05:35:10Z] [[31merror[0m] [task_execution] Error executing task azure-aesCtr-512: task azure-aesCtr-512 failed after 7 retries: <nil>
[2025-12-07T05:35:10Z] [[31merror[0m] [task_execution] Error executing task azure-aesCtr-512: task azure-aesCtr-512 failed after 7 retries: <nil>
[2025-12-07T05:35:10Z] [[31merror[0m] [task_execution] Error executing task azure-aesCtr-512: task azure-aesCtr-512 failed after 7 retries: <nil>
[2025-12-07T05:35:10Z] [[31merror[0m] [task_execution] Error executing task azure-aesCtr-512: task azure-aesCtr-512 failed after 7 retries: <nil>
[2025-12-07T05:35:10Z] [[31merror[0m] [task_execution] Error executing task azure-aesCtr-512: task azure-aesCtr-512 failed after 7 retries: <nil>
[2025-12-07T05:35:10Z] [[31merror[0m] [task_execution] Error executing task azure-aesCtr-512: task azure-aesCtr-512 failed after 7 retries: <nil>
[2025-12-07T05:35:10Z] [[31merror[0m] [task_execution] Error executing task azure-aesCtr-512: task azure-aesCtr-512 failed after 7 retries: <nil>
[2025-12-07T05:35:18Z] [[36minfo[0m] [progress_update] aws-us-east-1-aws-aesCtr-512-512-150: 2500/2500 tasks started.alibaba-us-east-1-alibaba-aesCtr-512-512-15: 2500/2500 tasks started.azure-germanywestcentral-azure-aesCtr-512-512-348: 2500/2500 tasks started.gcp-us-east1-gcp-aesCtr-512-512-584: 2500/2500 tasks started.
[2025-12-07T05:35:28Z] [[36minfo[0m] [progress_update] gcp-us-east1-gcp-aesCtr-512-512-584: 2500/2500 tasks started.aws-us-east-1-aws-aesCtr-512-512-150: 2500/2500 tasks started.alibaba-us-east-1-alibaba-aesCtr-512-512-15: 2500/2500 tasks started.azure-germanywestcentral-azure-aesCtr-512-512-348: 2500/2500 tasks started.
[2025-12-07T05:35:38Z] [[36minfo[0m] [progress_update] aws-us-east-1-aws-aesCtr-512-512-150: 2500/2500 tasks started.alibaba-us-east-1-alibaba-aesCtr-512-512-15: 2500/2500 tasks started.azure-germanywestcentral-azure-aesCtr-512-512-348: 2500/2500 tasks started.gcp-us-east1-gcp-aesCtr-512-512-584: 2500/2500 tasks started.
[2025-12-07T05:35:44Z] [[31merror[0m] [task_execution] Error executing task azure-aesCtr-512: task azure-aesCtr-512 failed after 7 retries: <nil>
[2025-12-07T05:35:46Z] [[31merror[0m] [task_execution] Error executing task azure-aesCtr-512: task azure-aesCtr-512 failed after 7 retries: <nil>
[2025-12-07T05:35:46Z] [[31merror[0m] [task_execution] Error executing task azure-aesCtr-512: task azure-aesCtr-512 failed after 7 retries: <nil>
[2025-12-07T05:35:46Z] [[31merror[0m] [task_execution] Error executing task azure-aesCtr-512: task azure-aesCtr-512 failed after 7 retries: <nil>
[2025-12-07T05:35:48Z] [[36minfo[0m] [progress_update] alibaba-us-east-1-alibaba-aesCtr-512-512-15: 2500/2500 tasks started.azure-germanywestcentral-azure-aesCtr-512-512-348: 2500/2500 tasks started.gcp-us-east1-gcp-aesCtr-512-512-584: 2500/2500 tasks started.aws-us-east-1-aws-aesCtr-512-512-150: 2500/2500 tasks started.
[2025-12-07T05:35:58Z] [[36minfo[0m] [progress_update] aws-us-east-1-aws-aesCtr-512-512-150: 2500/2500 tasks started.alibaba-us-east-1-alibaba-aesCtr-512-512-15: 2500/2500 tasks started.azure-germanywestcentral-azure-aesCtr-512-512-348: 2500/2500 tasks started.gcp-us-east1-gcp-aesCtr-512-512-584: 2500/2500 tasks started.
[2025-12-07T05:36:08Z] [[36minfo[0m] [progress_update] aws-us-east-1-aws-aesCtr-512-512-150: 2500/2500 tasks started.alibaba-us-east-1-alibaba-aesCtr-512-512-15: 2500/2500 tasks started.azure-germanywestcentral-azure-aesCtr-512-512-348: 2500/2500 tasks started.gcp-us-east1-gcp-aesCtr-512-512-584: 2500/2500 tasks started.
[2025-12-07T05:36:14Z] [[31merror[0m] [task_execution] Error executing task azure-aesCtr-512: task azure-aesCtr-512 failed after 7 retries: <nil>
[2025-12-07T05:36:16Z] [[31merror[0m] [task_execution] Error executing task azure-aesCtr-512: task azure-aesCtr-512 failed after 7 retries: <nil>
[2025-12-07T05:36:16Z] [[31merror[0m] [task_execution] Error executing task azure-aesCtr-512: task azure-aesCtr-512 failed after 7 retries: <nil>
[2025-12-07T05:36:18Z] [[31merror[0m] [task_execution] Error executing task azure-aesCtr-512: task azure-aesCtr-512 failed after 7 retries: <nil>
[2025-12-07T05:36:18Z] [[36minfo[0m] [progress_update] aws-us-east-1-aws-aesCtr-512-512-150: 2500/2500 tasks started.alibaba-us-east-1-alibaba-aesCtr-512-512-15: 2500/2500 tasks started.azure-germanywestcentral-azure-aesCtr-512-512-348: 2500/2500 tasks started.gcp-us-east1-gcp-aesCtr-512-512-584: 2500/2500 tasks started.
[2025-12-07T05:36:19Z] [[31merror[0m] [task_execution] Error executing task azure-aesCtr-512: task azure-aesCtr-512 failed after 7 retries: <nil>
[2025-12-07T05:36:24Z] [[36minfo[0m] [function_finished] Finished benchmarking function azure-aesCtr-512 and closed archiver
[2025-12-07T05:36:26Z] [[36minfo[0m] [finish_timeline] Benchmark Timeline
[Sun Dec  7 05:36:26 UTC 2025] Finished benchmark 'aesctr' successfully
[Sun Dec  7 05:36:26 UTC 2025] Sleeping 600 seconds before next workload...
