[Mon Dec  8 05:15:34 UTC 2025] Starting benchmark 'gemm' with config './configs/gemm.yaml'
Validating functions...
[2025-12-08T05:15:34Z] [[36minfo[0m] [executor_setup] Setting up executor for aws-us-east-1-aws-gemm-512-512-184
[2025-12-08T05:15:34Z] [[36minfo[0m] [executor_setup] Setting up executor for alibaba-us-east-1-alibaba-gemm-512-512-895
[2025-12-08T05:15:34Z] [[36minfo[0m] [executor_setup] Setting up executor for gcp-us-east1-gcp-gemm-512-512-961
[2025-12-08T05:15:34Z] [[36minfo[0m] [executor_setup] Setting up executor for azure-germanywestcentral-azure-gemm-512-512-429
[2025-12-08T05:15:34Z] [[0mwarning[0m] [[32mazure_limitations[0m] Azure can´t handle more than 300 parallel requests. Limiting to 300.
[2025-12-08T05:15:34Z] [[36minfo[0m] [start_timeline] Benchmark Timeline
[2025-12-08T05:15:34Z] [[36minfo[0m] [load_generator_start] (azure: germanywestcentral) Starting load generator with 300 workers
[2025-12-08T05:15:34Z] [[36minfo[0m] [load_generator_start] (alibaba: us-east-1) Starting load generator with 500 workers
[2025-12-08T05:15:34Z] [[36minfo[0m] [load_generator_start] (aws: us-east-1) Starting load generator with 500 workers
[2025-12-08T05:15:34Z] [[36minfo[0m] [load_generator_start] (gcp: us-east1) Starting load generator with 500 workers
[2025-12-08T05:15:44Z] [[36minfo[0m] [progress_update] aws-us-east-1-aws-gemm-512-512-184: 1697/2500 tasks started.alibaba-us-east-1-alibaba-gemm-512-512-895: 1336/2500 tasks started.gcp-us-east1-gcp-gemm-512-512-961: 1698/2500 tasks started.azure-germanywestcentral-azure-gemm-512-512-429: 638/2500 tasks started.
[2025-12-08T05:15:54Z] [[36minfo[0m] [progress_update] azure-germanywestcentral-azure-gemm-512-512-429: 642/2500 tasks started.aws-us-east-1-aws-gemm-512-512-184: 2500/2500 tasks started.alibaba-us-east-1-alibaba-gemm-512-512-895: 2438/2500 tasks started.gcp-us-east1-gcp-gemm-512-512-961: 2500/2500 tasks started.
[2025-12-08T05:16:04Z] [[36minfo[0m] [progress_update] aws-us-east-1-aws-gemm-512-512-184: 2500/2500 tasks started.alibaba-us-east-1-alibaba-gemm-512-512-895: 2500/2500 tasks started.gcp-us-east1-gcp-gemm-512-512-961: 2500/2500 tasks started.azure-germanywestcentral-azure-gemm-512-512-429: 1327/2500 tasks started.
[2025-12-08T05:16:10Z] [[36minfo[0m] [function_finished] Finished benchmarking function gcp-gemm-512 and closed archiver
[2025-12-08T05:16:14Z] [[36minfo[0m] [progress_update] alibaba-us-east-1-alibaba-gemm-512-512-895: 2500/2500 tasks started.gcp-us-east1-gcp-gemm-512-512-961: 2500/2500 tasks started.azure-germanywestcentral-azure-gemm-512-512-429: 1820/2500 tasks started.aws-us-east-1-aws-gemm-512-512-184: 2500/2500 tasks started.
[2025-12-08T05:16:15Z] [[36minfo[0m] [function_finished] Finished benchmarking function aws-gemm-512 and closed archiver
[2025-12-08T05:16:24Z] [[36minfo[0m] [progress_update] aws-us-east-1-aws-gemm-512-512-184: 2500/2500 tasks started.alibaba-us-east-1-alibaba-gemm-512-512-895: 2500/2500 tasks started.gcp-us-east1-gcp-gemm-512-512-961: 2500/2500 tasks started.azure-germanywestcentral-azure-gemm-512-512-429: 2286/2500 tasks started.
[2025-12-08T05:16:34Z] [[36minfo[0m] [progress_update] aws-us-east-1-aws-gemm-512-512-184: 2500/2500 tasks started.alibaba-us-east-1-alibaba-gemm-512-512-895: 2500/2500 tasks started.gcp-us-east1-gcp-gemm-512-512-961: 2500/2500 tasks started.azure-germanywestcentral-azure-gemm-512-512-429: 2301/2500 tasks started.
[2025-12-08T05:16:44Z] [[36minfo[0m] [progress_update] aws-us-east-1-aws-gemm-512-512-184: 2500/2500 tasks started.alibaba-us-east-1-alibaba-gemm-512-512-895: 2500/2500 tasks started.gcp-us-east1-gcp-gemm-512-512-961: 2500/2500 tasks started.azure-germanywestcentral-azure-gemm-512-512-429: 2374/2500 tasks started.
[2025-12-08T05:16:54Z] [[36minfo[0m] [progress_update] aws-us-east-1-aws-gemm-512-512-184: 2500/2500 tasks started.alibaba-us-east-1-alibaba-gemm-512-512-895: 2500/2500 tasks started.gcp-us-east1-gcp-gemm-512-512-961: 2500/2500 tasks started.azure-germanywestcentral-azure-gemm-512-512-429: 2500/2500 tasks started.
[2025-12-08T05:17:04Z] [[36minfo[0m] [progress_update] aws-us-east-1-aws-gemm-512-512-184: 2500/2500 tasks started.alibaba-us-east-1-alibaba-gemm-512-512-895: 2500/2500 tasks started.gcp-us-east1-gcp-gemm-512-512-961: 2500/2500 tasks started.azure-germanywestcentral-azure-gemm-512-512-429: 2500/2500 tasks started.
[2025-12-08T05:17:14Z] [[36minfo[0m] [progress_update] aws-us-east-1-aws-gemm-512-512-184: 2500/2500 tasks started.alibaba-us-east-1-alibaba-gemm-512-512-895: 2500/2500 tasks started.gcp-us-east1-gcp-gemm-512-512-961: 2500/2500 tasks started.azure-germanywestcentral-azure-gemm-512-512-429: 2500/2500 tasks started.
[2025-12-08T05:17:24Z] [[36minfo[0m] [progress_update] alibaba-us-east-1-alibaba-gemm-512-512-895: 2500/2500 tasks started.gcp-us-east1-gcp-gemm-512-512-961: 2500/2500 tasks started.azure-germanywestcentral-azure-gemm-512-512-429: 2500/2500 tasks started.aws-us-east-1-aws-gemm-512-512-184: 2500/2500 tasks started.
[2025-12-08T05:17:34Z] [[36minfo[0m] [progress_update] aws-us-east-1-aws-gemm-512-512-184: 2500/2500 tasks started.alibaba-us-east-1-alibaba-gemm-512-512-895: 2500/2500 tasks started.gcp-us-east1-gcp-gemm-512-512-961: 2500/2500 tasks started.azure-germanywestcentral-azure-gemm-512-512-429: 2500/2500 tasks started.
[2025-12-08T05:17:44Z] [[36minfo[0m] [progress_update] aws-us-east-1-aws-gemm-512-512-184: 2500/2500 tasks started.alibaba-us-east-1-alibaba-gemm-512-512-895: 2500/2500 tasks started.gcp-us-east1-gcp-gemm-512-512-961: 2500/2500 tasks started.azure-germanywestcentral-azure-gemm-512-512-429: 2500/2500 tasks started.
[2025-12-08T05:17:54Z] [[36minfo[0m] [progress_update] aws-us-east-1-aws-gemm-512-512-184: 2500/2500 tasks started.alibaba-us-east-1-alibaba-gemm-512-512-895: 2500/2500 tasks started.gcp-us-east1-gcp-gemm-512-512-961: 2500/2500 tasks started.azure-germanywestcentral-azure-gemm-512-512-429: 2500/2500 tasks started.
[2025-12-08T05:18:00Z] [[36minfo[0m] [function_finished] Finished benchmarking function alibaba-gemm-512 and closed archiver
[2025-12-08T05:18:04Z] [[36minfo[0m] [progress_update] aws-us-east-1-aws-gemm-512-512-184: 2500/2500 tasks started.alibaba-us-east-1-alibaba-gemm-512-512-895: 2500/2500 tasks started.gcp-us-east1-gcp-gemm-512-512-961: 2500/2500 tasks started.azure-germanywestcentral-azure-gemm-512-512-429: 2500/2500 tasks started.
[2025-12-08T05:18:14Z] [[36minfo[0m] [progress_update] aws-us-east-1-aws-gemm-512-512-184: 2500/2500 tasks started.alibaba-us-east-1-alibaba-gemm-512-512-895: 2500/2500 tasks started.gcp-us-east1-gcp-gemm-512-512-961: 2500/2500 tasks started.azure-germanywestcentral-azure-gemm-512-512-429: 2500/2500 tasks started.
[2025-12-08T05:18:24Z] [[36minfo[0m] [progress_update] aws-us-east-1-aws-gemm-512-512-184: 2500/2500 tasks started.alibaba-us-east-1-alibaba-gemm-512-512-895: 2500/2500 tasks started.gcp-us-east1-gcp-gemm-512-512-961: 2500/2500 tasks started.azure-germanywestcentral-azure-gemm-512-512-429: 2500/2500 tasks started.
[2025-12-08T05:18:34Z] [[36minfo[0m] [progress_update] aws-us-east-1-aws-gemm-512-512-184: 2500/2500 tasks started.alibaba-us-east-1-alibaba-gemm-512-512-895: 2500/2500 tasks started.gcp-us-east1-gcp-gemm-512-512-961: 2500/2500 tasks started.azure-germanywestcentral-azure-gemm-512-512-429: 2500/2500 tasks started.
[2025-12-08T05:18:44Z] [[36minfo[0m] [progress_update] azure-germanywestcentral-azure-gemm-512-512-429: 2500/2500 tasks started.aws-us-east-1-aws-gemm-512-512-184: 2500/2500 tasks started.alibaba-us-east-1-alibaba-gemm-512-512-895: 2500/2500 tasks started.gcp-us-east1-gcp-gemm-512-512-961: 2500/2500 tasks started.
[2025-12-08T05:18:54Z] [[36minfo[0m] [progress_update] aws-us-east-1-aws-gemm-512-512-184: 2500/2500 tasks started.alibaba-us-east-1-alibaba-gemm-512-512-895: 2500/2500 tasks started.gcp-us-east1-gcp-gemm-512-512-961: 2500/2500 tasks started.azure-germanywestcentral-azure-gemm-512-512-429: 2500/2500 tasks started.
[2025-12-08T05:19:04Z] [[36minfo[0m] [progress_update] azure-germanywestcentral-azure-gemm-512-512-429: 2500/2500 tasks started.aws-us-east-1-aws-gemm-512-512-184: 2500/2500 tasks started.alibaba-us-east-1-alibaba-gemm-512-512-895: 2500/2500 tasks started.gcp-us-east1-gcp-gemm-512-512-961: 2500/2500 tasks started.
[2025-12-08T05:19:14Z] [[36minfo[0m] [progress_update] aws-us-east-1-aws-gemm-512-512-184: 2500/2500 tasks started.alibaba-us-east-1-alibaba-gemm-512-512-895: 2500/2500 tasks started.gcp-us-east1-gcp-gemm-512-512-961: 2500/2500 tasks started.azure-germanywestcentral-azure-gemm-512-512-429: 2500/2500 tasks started.
[2025-12-08T05:19:24Z] [[36minfo[0m] [progress_update] alibaba-us-east-1-alibaba-gemm-512-512-895: 2500/2500 tasks started.gcp-us-east1-gcp-gemm-512-512-961: 2500/2500 tasks started.azure-germanywestcentral-azure-gemm-512-512-429: 2500/2500 tasks started.aws-us-east-1-aws-gemm-512-512-184: 2500/2500 tasks started.
[2025-12-08T05:19:34Z] [[36minfo[0m] [progress_update] aws-us-east-1-aws-gemm-512-512-184: 2500/2500 tasks started.alibaba-us-east-1-alibaba-gemm-512-512-895: 2500/2500 tasks started.gcp-us-east1-gcp-gemm-512-512-961: 2500/2500 tasks started.azure-germanywestcentral-azure-gemm-512-512-429: 2500/2500 tasks started.
[2025-12-08T05:19:44Z] [[36minfo[0m] [progress_update] aws-us-east-1-aws-gemm-512-512-184: 2500/2500 tasks started.alibaba-us-east-1-alibaba-gemm-512-512-895: 2500/2500 tasks started.gcp-us-east1-gcp-gemm-512-512-961: 2500/2500 tasks started.azure-germanywestcentral-azure-gemm-512-512-429: 2500/2500 tasks started.
[2025-12-08T05:19:54Z] [[36minfo[0m] [progress_update] aws-us-east-1-aws-gemm-512-512-184: 2500/2500 tasks started.alibaba-us-east-1-alibaba-gemm-512-512-895: 2500/2500 tasks started.gcp-us-east1-gcp-gemm-512-512-961: 2500/2500 tasks started.azure-germanywestcentral-azure-gemm-512-512-429: 2500/2500 tasks started.
[2025-12-08T05:19:59Z] [[31merror[0m] [task_execution] Error executing task azure-gemm-512: task azure-gemm-512 failed after 7 retries: <nil>
[2025-12-08T05:20:04Z] [[36minfo[0m] [progress_update] gcp-us-east1-gcp-gemm-512-512-961: 2500/2500 tasks started.azure-germanywestcentral-azure-gemm-512-512-429: 2500/2500 tasks started.aws-us-east-1-aws-gemm-512-512-184: 2500/2500 tasks started.alibaba-us-east-1-alibaba-gemm-512-512-895: 2500/2500 tasks started.
[2025-12-08T05:20:14Z] [[36minfo[0m] [progress_update] aws-us-east-1-aws-gemm-512-512-184: 2500/2500 tasks started.alibaba-us-east-1-alibaba-gemm-512-512-895: 2500/2500 tasks started.gcp-us-east1-gcp-gemm-512-512-961: 2500/2500 tasks started.azure-germanywestcentral-azure-gemm-512-512-429: 2500/2500 tasks started.
[2025-12-08T05:20:24Z] [[36minfo[0m] [progress_update] azure-germanywestcentral-azure-gemm-512-512-429: 2500/2500 tasks started.aws-us-east-1-aws-gemm-512-512-184: 2500/2500 tasks started.alibaba-us-east-1-alibaba-gemm-512-512-895: 2500/2500 tasks started.gcp-us-east1-gcp-gemm-512-512-961: 2500/2500 tasks started.
[2025-12-08T05:20:34Z] [[36minfo[0m] [progress_update] aws-us-east-1-aws-gemm-512-512-184: 2500/2500 tasks started.alibaba-us-east-1-alibaba-gemm-512-512-895: 2500/2500 tasks started.gcp-us-east1-gcp-gemm-512-512-961: 2500/2500 tasks started.azure-germanywestcentral-azure-gemm-512-512-429: 2500/2500 tasks started.
[2025-12-08T05:20:35Z] [[31merror[0m] [task_execution] Error executing task azure-gemm-512: task azure-gemm-512 failed after 7 retries: <nil>
[2025-12-08T05:20:40Z] [[36minfo[0m] [function_finished] Finished benchmarking function azure-gemm-512 and closed archiver
[2025-12-08T05:20:42Z] [[36minfo[0m] [finish_timeline] Benchmark Timeline
[Mon Dec  8 05:20:42 UTC 2025] Finished benchmark 'gemm' successfully
[Mon Dec  8 05:20:42 UTC 2025] Sleeping 600 seconds before next workload...
