[Sun Dec  7 05:15:39 UTC 2025] Starting benchmark 'gemm' with config './configs/gemm.yaml'
Validating functions...
[2025-12-07T05:15:39Z] [[36minfo[0m] [executor_setup] Setting up executor for aws-us-east-1-aws-gemm-512-512-246
[2025-12-07T05:15:39Z] [[36minfo[0m] [executor_setup] Setting up executor for alibaba-us-east-1-alibaba-gemm-512-512-992
[2025-12-07T05:15:39Z] [[36minfo[0m] [executor_setup] Setting up executor for gcp-us-east1-gcp-gemm-512-512-998
[2025-12-07T05:15:39Z] [[36minfo[0m] [executor_setup] Setting up executor for azure-germanywestcentral-azure-gemm-512-512-634
[2025-12-07T05:15:39Z] [[0mwarning[0m] [[32mazure_limitations[0m] Azure can´t handle more than 300 parallel requests. Limiting to 300.
[2025-12-07T05:15:39Z] [[36minfo[0m] [start_timeline] Benchmark Timeline
[2025-12-07T05:15:39Z] [[36minfo[0m] [load_generator_start] (aws: us-east-1) Starting load generator with 500 workers
[2025-12-07T05:15:39Z] [[36minfo[0m] [load_generator_start] (gcp: us-east1) Starting load generator with 500 workers
[2025-12-07T05:15:39Z] [[36minfo[0m] [load_generator_start] (azure: germanywestcentral) Starting load generator with 300 workers
[2025-12-07T05:15:39Z] [[36minfo[0m] [load_generator_start] (alibaba: us-east-1) Starting load generator with 500 workers
[2025-12-07T05:15:49Z] [[36minfo[0m] [progress_update] aws-us-east-1-aws-gemm-512-512-246: 1517/2500 tasks started.alibaba-us-east-1-alibaba-gemm-512-512-992: 1267/2500 tasks started.gcp-us-east1-gcp-gemm-512-512-998: 1776/2500 tasks started.azure-germanywestcentral-azure-gemm-512-512-634: 689/2500 tasks started.
[2025-12-07T05:15:59Z] [[36minfo[0m] [progress_update] azure-germanywestcentral-azure-gemm-512-512-634: 693/2500 tasks started.aws-us-east-1-aws-gemm-512-512-246: 2500/2500 tasks started.alibaba-us-east-1-alibaba-gemm-512-512-992: 2369/2500 tasks started.gcp-us-east1-gcp-gemm-512-512-998: 2500/2500 tasks started.
[2025-12-07T05:16:09Z] [[36minfo[0m] [progress_update] aws-us-east-1-aws-gemm-512-512-246: 2500/2500 tasks started.alibaba-us-east-1-alibaba-gemm-512-512-992: 2500/2500 tasks started.gcp-us-east1-gcp-gemm-512-512-998: 2500/2500 tasks started.azure-germanywestcentral-azure-gemm-512-512-634: 1391/2500 tasks started.
[2025-12-07T05:16:17Z] [[36minfo[0m] [function_finished] Finished benchmarking function gcp-gemm-512 and closed archiver
[2025-12-07T05:16:19Z] [[36minfo[0m] [progress_update] alibaba-us-east-1-alibaba-gemm-512-512-992: 2500/2500 tasks started.gcp-us-east1-gcp-gemm-512-512-998: 2500/2500 tasks started.azure-germanywestcentral-azure-gemm-512-512-634: 1971/2500 tasks started.aws-us-east-1-aws-gemm-512-512-246: 2500/2500 tasks started.
[2025-12-07T05:16:20Z] [[36minfo[0m] [function_finished] Finished benchmarking function aws-gemm-512 and closed archiver
[2025-12-07T05:16:29Z] [[36minfo[0m] [progress_update] alibaba-us-east-1-alibaba-gemm-512-512-992: 2500/2500 tasks started.gcp-us-east1-gcp-gemm-512-512-998: 2500/2500 tasks started.azure-germanywestcentral-azure-gemm-512-512-634: 2418/2500 tasks started.aws-us-east-1-aws-gemm-512-512-246: 2500/2500 tasks started.
[2025-12-07T05:16:39Z] [[36minfo[0m] [progress_update] alibaba-us-east-1-alibaba-gemm-512-512-992: 2500/2500 tasks started.gcp-us-east1-gcp-gemm-512-512-998: 2500/2500 tasks started.azure-germanywestcentral-azure-gemm-512-512-634: 2432/2500 tasks started.aws-us-east-1-aws-gemm-512-512-246: 2500/2500 tasks started.
[2025-12-07T05:16:49Z] [[36minfo[0m] [progress_update] aws-us-east-1-aws-gemm-512-512-246: 2500/2500 tasks started.alibaba-us-east-1-alibaba-gemm-512-512-992: 2500/2500 tasks started.gcp-us-east1-gcp-gemm-512-512-998: 2500/2500 tasks started.azure-germanywestcentral-azure-gemm-512-512-634: 2500/2500 tasks started.
[2025-12-07T05:16:59Z] [[36minfo[0m] [progress_update] aws-us-east-1-aws-gemm-512-512-246: 2500/2500 tasks started.alibaba-us-east-1-alibaba-gemm-512-512-992: 2500/2500 tasks started.gcp-us-east1-gcp-gemm-512-512-998: 2500/2500 tasks started.azure-germanywestcentral-azure-gemm-512-512-634: 2500/2500 tasks started.
[2025-12-07T05:17:09Z] [[36minfo[0m] [progress_update] aws-us-east-1-aws-gemm-512-512-246: 2500/2500 tasks started.alibaba-us-east-1-alibaba-gemm-512-512-992: 2500/2500 tasks started.gcp-us-east1-gcp-gemm-512-512-998: 2500/2500 tasks started.azure-germanywestcentral-azure-gemm-512-512-634: 2500/2500 tasks started.
[2025-12-07T05:17:19Z] [[36minfo[0m] [progress_update] aws-us-east-1-aws-gemm-512-512-246: 2500/2500 tasks started.alibaba-us-east-1-alibaba-gemm-512-512-992: 2500/2500 tasks started.gcp-us-east1-gcp-gemm-512-512-998: 2500/2500 tasks started.azure-germanywestcentral-azure-gemm-512-512-634: 2500/2500 tasks started.
[2025-12-07T05:17:29Z] [[36minfo[0m] [progress_update] alibaba-us-east-1-alibaba-gemm-512-512-992: 2500/2500 tasks started.gcp-us-east1-gcp-gemm-512-512-998: 2500/2500 tasks started.azure-germanywestcentral-azure-gemm-512-512-634: 2500/2500 tasks started.aws-us-east-1-aws-gemm-512-512-246: 2500/2500 tasks started.
[2025-12-07T05:17:39Z] [[36minfo[0m] [progress_update] aws-us-east-1-aws-gemm-512-512-246: 2500/2500 tasks started.alibaba-us-east-1-alibaba-gemm-512-512-992: 2500/2500 tasks started.gcp-us-east1-gcp-gemm-512-512-998: 2500/2500 tasks started.azure-germanywestcentral-azure-gemm-512-512-634: 2500/2500 tasks started.
[2025-12-07T05:17:49Z] [[36minfo[0m] [progress_update] aws-us-east-1-aws-gemm-512-512-246: 2500/2500 tasks started.alibaba-us-east-1-alibaba-gemm-512-512-992: 2500/2500 tasks started.gcp-us-east1-gcp-gemm-512-512-998: 2500/2500 tasks started.azure-germanywestcentral-azure-gemm-512-512-634: 2500/2500 tasks started.
[2025-12-07T05:17:59Z] [[36minfo[0m] [progress_update] gcp-us-east1-gcp-gemm-512-512-998: 2500/2500 tasks started.azure-germanywestcentral-azure-gemm-512-512-634: 2500/2500 tasks started.aws-us-east-1-aws-gemm-512-512-246: 2500/2500 tasks started.alibaba-us-east-1-alibaba-gemm-512-512-992: 2500/2500 tasks started.
[2025-12-07T05:18:09Z] [[36minfo[0m] [function_finished] Finished benchmarking function alibaba-gemm-512 and closed archiver
[2025-12-07T05:18:09Z] [[36minfo[0m] [progress_update] gcp-us-east1-gcp-gemm-512-512-998: 2500/2500 tasks started.azure-germanywestcentral-azure-gemm-512-512-634: 2500/2500 tasks started.aws-us-east-1-aws-gemm-512-512-246: 2500/2500 tasks started.alibaba-us-east-1-alibaba-gemm-512-512-992: 2500/2500 tasks started.
[2025-12-07T05:18:19Z] [[36minfo[0m] [progress_update] azure-germanywestcentral-azure-gemm-512-512-634: 2500/2500 tasks started.aws-us-east-1-aws-gemm-512-512-246: 2500/2500 tasks started.alibaba-us-east-1-alibaba-gemm-512-512-992: 2500/2500 tasks started.gcp-us-east1-gcp-gemm-512-512-998: 2500/2500 tasks started.
[2025-12-07T05:18:29Z] [[36minfo[0m] [progress_update] aws-us-east-1-aws-gemm-512-512-246: 2500/2500 tasks started.alibaba-us-east-1-alibaba-gemm-512-512-992: 2500/2500 tasks started.gcp-us-east1-gcp-gemm-512-512-998: 2500/2500 tasks started.azure-germanywestcentral-azure-gemm-512-512-634: 2500/2500 tasks started.
[2025-12-07T05:18:39Z] [[36minfo[0m] [progress_update] gcp-us-east1-gcp-gemm-512-512-998: 2500/2500 tasks started.azure-germanywestcentral-azure-gemm-512-512-634: 2500/2500 tasks started.aws-us-east-1-aws-gemm-512-512-246: 2500/2500 tasks started.alibaba-us-east-1-alibaba-gemm-512-512-992: 2500/2500 tasks started.
[2025-12-07T05:18:49Z] [[36minfo[0m] [progress_update] aws-us-east-1-aws-gemm-512-512-246: 2500/2500 tasks started.alibaba-us-east-1-alibaba-gemm-512-512-992: 2500/2500 tasks started.gcp-us-east1-gcp-gemm-512-512-998: 2500/2500 tasks started.azure-germanywestcentral-azure-gemm-512-512-634: 2500/2500 tasks started.
[2025-12-07T05:18:59Z] [[36minfo[0m] [progress_update] gcp-us-east1-gcp-gemm-512-512-998: 2500/2500 tasks started.azure-germanywestcentral-azure-gemm-512-512-634: 2500/2500 tasks started.aws-us-east-1-aws-gemm-512-512-246: 2500/2500 tasks started.alibaba-us-east-1-alibaba-gemm-512-512-992: 2500/2500 tasks started.
[2025-12-07T05:19:09Z] [[36minfo[0m] [progress_update] azure-germanywestcentral-azure-gemm-512-512-634: 2500/2500 tasks started.aws-us-east-1-aws-gemm-512-512-246: 2500/2500 tasks started.alibaba-us-east-1-alibaba-gemm-512-512-992: 2500/2500 tasks started.gcp-us-east1-gcp-gemm-512-512-998: 2500/2500 tasks started.
[2025-12-07T05:19:19Z] [[36minfo[0m] [progress_update] aws-us-east-1-aws-gemm-512-512-246: 2500/2500 tasks started.alibaba-us-east-1-alibaba-gemm-512-512-992: 2500/2500 tasks started.gcp-us-east1-gcp-gemm-512-512-998: 2500/2500 tasks started.azure-germanywestcentral-azure-gemm-512-512-634: 2500/2500 tasks started.
[2025-12-07T05:19:29Z] [[36minfo[0m] [progress_update] aws-us-east-1-aws-gemm-512-512-246: 2500/2500 tasks started.alibaba-us-east-1-alibaba-gemm-512-512-992: 2500/2500 tasks started.gcp-us-east1-gcp-gemm-512-512-998: 2500/2500 tasks started.azure-germanywestcentral-azure-gemm-512-512-634: 2500/2500 tasks started.
[2025-12-07T05:19:39Z] [[36minfo[0m] [progress_update] gcp-us-east1-gcp-gemm-512-512-998: 2500/2500 tasks started.azure-germanywestcentral-azure-gemm-512-512-634: 2500/2500 tasks started.aws-us-east-1-aws-gemm-512-512-246: 2500/2500 tasks started.alibaba-us-east-1-alibaba-gemm-512-512-992: 2500/2500 tasks started.
[2025-12-07T05:19:49Z] [[36minfo[0m] [progress_update] aws-us-east-1-aws-gemm-512-512-246: 2500/2500 tasks started.alibaba-us-east-1-alibaba-gemm-512-512-992: 2500/2500 tasks started.gcp-us-east1-gcp-gemm-512-512-998: 2500/2500 tasks started.azure-germanywestcentral-azure-gemm-512-512-634: 2500/2500 tasks started.
[2025-12-07T05:19:59Z] [[36minfo[0m] [progress_update] aws-us-east-1-aws-gemm-512-512-246: 2500/2500 tasks started.alibaba-us-east-1-alibaba-gemm-512-512-992: 2500/2500 tasks started.gcp-us-east1-gcp-gemm-512-512-998: 2500/2500 tasks started.azure-germanywestcentral-azure-gemm-512-512-634: 2500/2500 tasks started.
[2025-12-07T05:20:09Z] [[36minfo[0m] [progress_update] alibaba-us-east-1-alibaba-gemm-512-512-992: 2500/2500 tasks started.gcp-us-east1-gcp-gemm-512-512-998: 2500/2500 tasks started.azure-germanywestcentral-azure-gemm-512-512-634: 2500/2500 tasks started.aws-us-east-1-aws-gemm-512-512-246: 2500/2500 tasks started.
[2025-12-07T05:20:19Z] [[36minfo[0m] [progress_update] alibaba-us-east-1-alibaba-gemm-512-512-992: 2500/2500 tasks started.gcp-us-east1-gcp-gemm-512-512-998: 2500/2500 tasks started.azure-germanywestcentral-azure-gemm-512-512-634: 2500/2500 tasks started.aws-us-east-1-aws-gemm-512-512-246: 2500/2500 tasks started.
[2025-12-07T05:20:29Z] [[36minfo[0m] [progress_update] aws-us-east-1-aws-gemm-512-512-246: 2500/2500 tasks started.alibaba-us-east-1-alibaba-gemm-512-512-992: 2500/2500 tasks started.gcp-us-east1-gcp-gemm-512-512-998: 2500/2500 tasks started.azure-germanywestcentral-azure-gemm-512-512-634: 2500/2500 tasks started.
[2025-12-07T05:20:39Z] [[36minfo[0m] [progress_update] azure-germanywestcentral-azure-gemm-512-512-634: 2500/2500 tasks started.aws-us-east-1-aws-gemm-512-512-246: 2500/2500 tasks started.alibaba-us-east-1-alibaba-gemm-512-512-992: 2500/2500 tasks started.gcp-us-east1-gcp-gemm-512-512-998: 2500/2500 tasks started.
[2025-12-07T05:20:41Z] [[31merror[0m] [task_execution] Error executing task azure-gemm-512: task azure-gemm-512 failed after 7 retries: <nil>
[2025-12-07T05:20:46Z] [[36minfo[0m] [function_finished] Finished benchmarking function azure-gemm-512 and closed archiver
[2025-12-07T05:20:48Z] [[36minfo[0m] [finish_timeline] Benchmark Timeline
[Sun Dec  7 05:20:48 UTC 2025] Finished benchmark 'gemm' successfully
[Sun Dec  7 05:20:48 UTC 2025] Sleeping 600 seconds before next workload...
