[Fri Dec  5 06:02:08 UTC 2025] Starting benchmark 'gemm' with config './configs/gemm.yaml'
Validating functions...
[2025-12-05T06:02:08Z] [[36minfo[0m] [executor_setup] Setting up executor for aws-us-east-1-aws-gemm-512-512-995
[2025-12-05T06:02:08Z] [[36minfo[0m] [executor_setup] Setting up executor for alibaba-us-east-1-alibaba-gemm-512-512-346
[2025-12-05T06:02:08Z] [[36minfo[0m] [executor_setup] Setting up executor for gcp-us-east1-gcp-gemm-512-512-948
[2025-12-05T06:02:08Z] [[36minfo[0m] [executor_setup] Setting up executor for azure-germanywestcentral-azure-gemm-512-512-424
[2025-12-05T06:02:08Z] [[0mwarning[0m] [[32mazure_limitations[0m] Azure can´t handle more than 300 parallel requests. Limiting to 300.
[2025-12-05T06:02:08Z] [[36minfo[0m] [start_timeline] Benchmark Timeline
[2025-12-05T06:02:08Z] [[36minfo[0m] [load_generator_start] (azure: germanywestcentral) Starting load generator with 300 workers
[2025-12-05T06:02:08Z] [[36minfo[0m] [load_generator_start] (aws: us-east-1) Starting load generator with 500 workers
[2025-12-05T06:02:08Z] [[36minfo[0m] [load_generator_start] (alibaba: us-east-1) Starting load generator with 500 workers
[2025-12-05T06:02:08Z] [[36minfo[0m] [load_generator_start] (gcp: us-east1) Starting load generator with 500 workers
[2025-12-05T06:02:18Z] [[36minfo[0m] [progress_update] aws-us-east-1-aws-gemm-512-512-995: 1382/2500 tasks started.alibaba-us-east-1-alibaba-gemm-512-512-346: 1317/2500 tasks started.gcp-us-east1-gcp-gemm-512-512-948: 1725/2500 tasks started.azure-germanywestcentral-azure-gemm-512-512-424: 669/2500 tasks started.
[2025-12-05T06:02:28Z] [[36minfo[0m] [progress_update] aws-us-east-1-aws-gemm-512-512-995: 2500/2500 tasks started.alibaba-us-east-1-alibaba-gemm-512-512-346: 2500/2500 tasks started.gcp-us-east1-gcp-gemm-512-512-948: 2500/2500 tasks started.azure-germanywestcentral-azure-gemm-512-512-424: 669/2500 tasks started.
[2025-12-05T06:02:38Z] [[36minfo[0m] [progress_update] aws-us-east-1-aws-gemm-512-512-995: 2500/2500 tasks started.alibaba-us-east-1-alibaba-gemm-512-512-346: 2500/2500 tasks started.gcp-us-east1-gcp-gemm-512-512-948: 2500/2500 tasks started.azure-germanywestcentral-azure-gemm-512-512-424: 1336/2500 tasks started.
[2025-12-05T06:02:48Z] [[36minfo[0m] [progress_update] gcp-us-east1-gcp-gemm-512-512-948: 2500/2500 tasks started.azure-germanywestcentral-azure-gemm-512-512-424: 1925/2500 tasks started.aws-us-east-1-aws-gemm-512-512-995: 2500/2500 tasks started.alibaba-us-east-1-alibaba-gemm-512-512-346: 2500/2500 tasks started.
[2025-12-05T06:02:48Z] [[36minfo[0m] [function_finished] Finished benchmarking function gcp-gemm-512 and closed archiver
[2025-12-05T06:02:49Z] [[36minfo[0m] [function_finished] Finished benchmarking function aws-gemm-512 and closed archiver
[2025-12-05T06:02:58Z] [[36minfo[0m] [progress_update] aws-us-east-1-aws-gemm-512-512-995: 2500/2500 tasks started.alibaba-us-east-1-alibaba-gemm-512-512-346: 2500/2500 tasks started.gcp-us-east1-gcp-gemm-512-512-948: 2500/2500 tasks started.azure-germanywestcentral-azure-gemm-512-512-424: 2276/2500 tasks started.
[2025-12-05T06:03:08Z] [[36minfo[0m] [progress_update] aws-us-east-1-aws-gemm-512-512-995: 2500/2500 tasks started.alibaba-us-east-1-alibaba-gemm-512-512-346: 2500/2500 tasks started.gcp-us-east1-gcp-gemm-512-512-948: 2500/2500 tasks started.azure-germanywestcentral-azure-gemm-512-512-424: 2282/2500 tasks started.
[2025-12-05T06:03:18Z] [[36minfo[0m] [progress_update] aws-us-east-1-aws-gemm-512-512-995: 2500/2500 tasks started.alibaba-us-east-1-alibaba-gemm-512-512-346: 2500/2500 tasks started.gcp-us-east1-gcp-gemm-512-512-948: 2500/2500 tasks started.azure-germanywestcentral-azure-gemm-512-512-424: 2363/2500 tasks started.
[2025-12-05T06:03:28Z] [[36minfo[0m] [progress_update] azure-germanywestcentral-azure-gemm-512-512-424: 2484/2500 tasks started.aws-us-east-1-aws-gemm-512-512-995: 2500/2500 tasks started.alibaba-us-east-1-alibaba-gemm-512-512-346: 2500/2500 tasks started.gcp-us-east1-gcp-gemm-512-512-948: 2500/2500 tasks started.
[2025-12-05T06:03:38Z] [[36minfo[0m] [progress_update] aws-us-east-1-aws-gemm-512-512-995: 2500/2500 tasks started.alibaba-us-east-1-alibaba-gemm-512-512-346: 2500/2500 tasks started.gcp-us-east1-gcp-gemm-512-512-948: 2500/2500 tasks started.azure-germanywestcentral-azure-gemm-512-512-424: 2500/2500 tasks started.
[2025-12-05T06:03:48Z] [[36minfo[0m] [progress_update] gcp-us-east1-gcp-gemm-512-512-948: 2500/2500 tasks started.azure-germanywestcentral-azure-gemm-512-512-424: 2500/2500 tasks started.aws-us-east-1-aws-gemm-512-512-995: 2500/2500 tasks started.alibaba-us-east-1-alibaba-gemm-512-512-346: 2500/2500 tasks started.
[2025-12-05T06:03:58Z] [[36minfo[0m] [progress_update] aws-us-east-1-aws-gemm-512-512-995: 2500/2500 tasks started.alibaba-us-east-1-alibaba-gemm-512-512-346: 2500/2500 tasks started.gcp-us-east1-gcp-gemm-512-512-948: 2500/2500 tasks started.azure-germanywestcentral-azure-gemm-512-512-424: 2500/2500 tasks started.
[2025-12-05T06:04:08Z] [[36minfo[0m] [progress_update] aws-us-east-1-aws-gemm-512-512-995: 2500/2500 tasks started.alibaba-us-east-1-alibaba-gemm-512-512-346: 2500/2500 tasks started.gcp-us-east1-gcp-gemm-512-512-948: 2500/2500 tasks started.azure-germanywestcentral-azure-gemm-512-512-424: 2500/2500 tasks started.
[2025-12-05T06:04:18Z] [[36minfo[0m] [progress_update] aws-us-east-1-aws-gemm-512-512-995: 2500/2500 tasks started.alibaba-us-east-1-alibaba-gemm-512-512-346: 2500/2500 tasks started.gcp-us-east1-gcp-gemm-512-512-948: 2500/2500 tasks started.azure-germanywestcentral-azure-gemm-512-512-424: 2500/2500 tasks started.
[2025-12-05T06:04:28Z] [[36minfo[0m] [progress_update] gcp-us-east1-gcp-gemm-512-512-948: 2500/2500 tasks started.azure-germanywestcentral-azure-gemm-512-512-424: 2500/2500 tasks started.aws-us-east-1-aws-gemm-512-512-995: 2500/2500 tasks started.alibaba-us-east-1-alibaba-gemm-512-512-346: 2500/2500 tasks started.
[2025-12-05T06:04:38Z] [[36minfo[0m] [progress_update] gcp-us-east1-gcp-gemm-512-512-948: 2500/2500 tasks started.azure-germanywestcentral-azure-gemm-512-512-424: 2500/2500 tasks started.aws-us-east-1-aws-gemm-512-512-995: 2500/2500 tasks started.alibaba-us-east-1-alibaba-gemm-512-512-346: 2500/2500 tasks started.
[2025-12-05T06:04:48Z] [[36minfo[0m] [progress_update] azure-germanywestcentral-azure-gemm-512-512-424: 2500/2500 tasks started.aws-us-east-1-aws-gemm-512-512-995: 2500/2500 tasks started.alibaba-us-east-1-alibaba-gemm-512-512-346: 2500/2500 tasks started.gcp-us-east1-gcp-gemm-512-512-948: 2500/2500 tasks started.
[2025-12-05T06:04:58Z] [[36minfo[0m] [progress_update] gcp-us-east1-gcp-gemm-512-512-948: 2500/2500 tasks started.azure-germanywestcentral-azure-gemm-512-512-424: 2500/2500 tasks started.aws-us-east-1-aws-gemm-512-512-995: 2500/2500 tasks started.alibaba-us-east-1-alibaba-gemm-512-512-346: 2500/2500 tasks started.
[2025-12-05T06:05:08Z] [[36minfo[0m] [progress_update] aws-us-east-1-aws-gemm-512-512-995: 2500/2500 tasks started.alibaba-us-east-1-alibaba-gemm-512-512-346: 2500/2500 tasks started.gcp-us-east1-gcp-gemm-512-512-948: 2500/2500 tasks started.azure-germanywestcentral-azure-gemm-512-512-424: 2500/2500 tasks started.
[2025-12-05T06:05:18Z] [[36minfo[0m] [progress_update] aws-us-east-1-aws-gemm-512-512-995: 2500/2500 tasks started.alibaba-us-east-1-alibaba-gemm-512-512-346: 2500/2500 tasks started.gcp-us-east1-gcp-gemm-512-512-948: 2500/2500 tasks started.azure-germanywestcentral-azure-gemm-512-512-424: 2500/2500 tasks started.
[2025-12-05T06:05:28Z] [[36minfo[0m] [progress_update] aws-us-east-1-aws-gemm-512-512-995: 2500/2500 tasks started.alibaba-us-east-1-alibaba-gemm-512-512-346: 2500/2500 tasks started.gcp-us-east1-gcp-gemm-512-512-948: 2500/2500 tasks started.azure-germanywestcentral-azure-gemm-512-512-424: 2500/2500 tasks started.
[2025-12-05T06:05:38Z] [[36minfo[0m] [progress_update] alibaba-us-east-1-alibaba-gemm-512-512-346: 2500/2500 tasks started.gcp-us-east1-gcp-gemm-512-512-948: 2500/2500 tasks started.azure-germanywestcentral-azure-gemm-512-512-424: 2500/2500 tasks started.aws-us-east-1-aws-gemm-512-512-995: 2500/2500 tasks started.
[2025-12-05T06:05:48Z] [[36minfo[0m] [progress_update] alibaba-us-east-1-alibaba-gemm-512-512-346: 2500/2500 tasks started.gcp-us-east1-gcp-gemm-512-512-948: 2500/2500 tasks started.azure-germanywestcentral-azure-gemm-512-512-424: 2500/2500 tasks started.aws-us-east-1-aws-gemm-512-512-995: 2500/2500 tasks started.
[2025-12-05T06:05:58Z] [[36minfo[0m] [progress_update] aws-us-east-1-aws-gemm-512-512-995: 2500/2500 tasks started.alibaba-us-east-1-alibaba-gemm-512-512-346: 2500/2500 tasks started.gcp-us-east1-gcp-gemm-512-512-948: 2500/2500 tasks started.azure-germanywestcentral-azure-gemm-512-512-424: 2500/2500 tasks started.
[2025-12-05T06:06:08Z] [[36minfo[0m] [progress_update] aws-us-east-1-aws-gemm-512-512-995: 2500/2500 tasks started.alibaba-us-east-1-alibaba-gemm-512-512-346: 2500/2500 tasks started.gcp-us-east1-gcp-gemm-512-512-948: 2500/2500 tasks started.azure-germanywestcentral-azure-gemm-512-512-424: 2500/2500 tasks started.
[2025-12-05T06:06:18Z] [[36minfo[0m] [progress_update] gcp-us-east1-gcp-gemm-512-512-948: 2500/2500 tasks started.azure-germanywestcentral-azure-gemm-512-512-424: 2500/2500 tasks started.aws-us-east-1-aws-gemm-512-512-995: 2500/2500 tasks started.alibaba-us-east-1-alibaba-gemm-512-512-346: 2500/2500 tasks started.
[2025-12-05T06:06:28Z] [[36minfo[0m] [progress_update] aws-us-east-1-aws-gemm-512-512-995: 2500/2500 tasks started.alibaba-us-east-1-alibaba-gemm-512-512-346: 2500/2500 tasks started.gcp-us-east1-gcp-gemm-512-512-948: 2500/2500 tasks started.azure-germanywestcentral-azure-gemm-512-512-424: 2500/2500 tasks started.
[2025-12-05T06:06:33Z] [[31merror[0m] [task_execution] Error executing task alibaba-gemm-512: task alibaba-gemm-512 failed after 7 retries: <nil>
[2025-12-05T06:06:38Z] [[36minfo[0m] [function_finished] Finished benchmarking function alibaba-gemm-512 and closed archiver
[2025-12-05T06:06:38Z] [[36minfo[0m] [progress_update] aws-us-east-1-aws-gemm-512-512-995: 2500/2500 tasks started.alibaba-us-east-1-alibaba-gemm-512-512-346: 2500/2500 tasks started.gcp-us-east1-gcp-gemm-512-512-948: 2500/2500 tasks started.azure-germanywestcentral-azure-gemm-512-512-424: 2500/2500 tasks started.
[2025-12-05T06:06:48Z] [[36minfo[0m] [progress_update] alibaba-us-east-1-alibaba-gemm-512-512-346: 2500/2500 tasks started.gcp-us-east1-gcp-gemm-512-512-948: 2500/2500 tasks started.azure-germanywestcentral-azure-gemm-512-512-424: 2500/2500 tasks started.aws-us-east-1-aws-gemm-512-512-995: 2500/2500 tasks started.
[2025-12-05T06:06:58Z] [[36minfo[0m] [progress_update] aws-us-east-1-aws-gemm-512-512-995: 2500/2500 tasks started.alibaba-us-east-1-alibaba-gemm-512-512-346: 2500/2500 tasks started.gcp-us-east1-gcp-gemm-512-512-948: 2500/2500 tasks started.azure-germanywestcentral-azure-gemm-512-512-424: 2500/2500 tasks started.
[2025-12-05T06:07:04Z] [[31merror[0m] [task_execution] Error executing task azure-gemm-512: task azure-gemm-512 failed after 7 retries: <nil>
[2025-12-05T06:07:04Z] [[31merror[0m] [task_execution] Error executing task azure-gemm-512: task azure-gemm-512 failed after 7 retries: <nil>
[2025-12-05T06:07:04Z] [[31merror[0m] [task_execution] Error executing task azure-gemm-512: task azure-gemm-512 failed after 7 retries: <nil>
[2025-12-05T06:07:04Z] [[31merror[0m] [task_execution] Error executing task azure-gemm-512: task azure-gemm-512 failed after 7 retries: <nil>
[2025-12-05T06:07:04Z] [[31merror[0m] [task_execution] Error executing task azure-gemm-512: task azure-gemm-512 failed after 7 retries: <nil>
[2025-12-05T06:07:04Z] [[31merror[0m] [task_execution] Error executing task azure-gemm-512: task azure-gemm-512 failed after 7 retries: <nil>
[2025-12-05T06:07:04Z] [[31merror[0m] [task_execution] Error executing task azure-gemm-512: task azure-gemm-512 failed after 7 retries: <nil>
[2025-12-05T06:07:04Z] [[31merror[0m] [task_execution] Error executing task azure-gemm-512: task azure-gemm-512 failed after 7 retries: <nil>
[2025-12-05T06:07:04Z] [[31merror[0m] [task_execution] Error executing task azure-gemm-512: task azure-gemm-512 failed after 7 retries: <nil>
[2025-12-05T06:07:04Z] [[31merror[0m] [task_execution] Error executing task azure-gemm-512: task azure-gemm-512 failed after 7 retries: <nil>
[2025-12-05T06:07:04Z] [[31merror[0m] [task_execution] Error executing task azure-gemm-512: task azure-gemm-512 failed after 7 retries: <nil>
[2025-12-05T06:07:04Z] [[31merror[0m] [task_execution] Error executing task azure-gemm-512: task azure-gemm-512 failed after 7 retries: <nil>
[2025-12-05T06:07:04Z] [[31merror[0m] [task_execution] Error executing task azure-gemm-512: task azure-gemm-512 failed after 7 retries: <nil>
[2025-12-05T06:07:04Z] [[31merror[0m] [task_execution] Error executing task azure-gemm-512: task azure-gemm-512 failed after 7 retries: <nil>
[2025-12-05T06:07:04Z] [[31merror[0m] [task_execution] Error executing task azure-gemm-512: task azure-gemm-512 failed after 7 retries: <nil>
[2025-12-05T06:07:04Z] [[31merror[0m] [task_execution] Error executing task azure-gemm-512: task azure-gemm-512 failed after 7 retries: <nil>
[2025-12-05T06:07:04Z] [[31merror[0m] [task_execution] Error executing task azure-gemm-512: task azure-gemm-512 failed after 7 retries: <nil>
[2025-12-05T06:07:05Z] [[31merror[0m] [task_execution] Error executing task azure-gemm-512: task azure-gemm-512 failed after 7 retries: <nil>
[2025-12-05T06:07:05Z] [[31merror[0m] [task_execution] Error executing task azure-gemm-512: task azure-gemm-512 failed after 7 retries: <nil>
[2025-12-05T06:07:05Z] [[31merror[0m] [task_execution] Error executing task azure-gemm-512: task azure-gemm-512 failed after 7 retries: <nil>
[2025-12-05T06:07:05Z] [[31merror[0m] [task_execution] Error executing task azure-gemm-512: task azure-gemm-512 failed after 7 retries: <nil>
[2025-12-05T06:07:05Z] [[31merror[0m] [task_execution] Error executing task azure-gemm-512: task azure-gemm-512 failed after 7 retries: <nil>
[2025-12-05T06:07:05Z] [[31merror[0m] [task_execution] Error executing task azure-gemm-512: task azure-gemm-512 failed after 7 retries: <nil>
[2025-12-05T06:07:06Z] [[31merror[0m] [task_execution] Error executing task azure-gemm-512: task azure-gemm-512 failed after 7 retries: <nil>
[2025-12-05T06:07:06Z] [[31merror[0m] [task_execution] Error executing task azure-gemm-512: task azure-gemm-512 failed after 7 retries: <nil>
[2025-12-05T06:07:06Z] [[31merror[0m] [task_execution] Error executing task azure-gemm-512: task azure-gemm-512 failed after 7 retries: <nil>
[2025-12-05T06:07:06Z] [[31merror[0m] [task_execution] Error executing task azure-gemm-512: task azure-gemm-512 failed after 7 retries: <nil>
[2025-12-05T06:07:06Z] [[31merror[0m] [task_execution] Error executing task azure-gemm-512: task azure-gemm-512 failed after 7 retries: <nil>
[2025-12-05T06:07:06Z] [[31merror[0m] [task_execution] Error executing task azure-gemm-512: task azure-gemm-512 failed after 7 retries: <nil>
[2025-12-05T06:07:06Z] [[31merror[0m] [task_execution] Error executing task azure-gemm-512: task azure-gemm-512 failed after 7 retries: <nil>
[2025-12-05T06:07:06Z] [[31merror[0m] [task_execution] Error executing task azure-gemm-512: task azure-gemm-512 failed after 7 retries: <nil>
[2025-12-05T06:07:06Z] [[31merror[0m] [task_execution] Error executing task azure-gemm-512: task azure-gemm-512 failed after 7 retries: <nil>
[2025-12-05T06:07:06Z] [[31merror[0m] [task_execution] Error executing task azure-gemm-512: task azure-gemm-512 failed after 7 retries: <nil>
[2025-12-05T06:07:06Z] [[31merror[0m] [task_execution] Error executing task azure-gemm-512: task azure-gemm-512 failed after 7 retries: <nil>
[2025-12-05T06:07:06Z] [[31merror[0m] [task_execution] Error executing task azure-gemm-512: task azure-gemm-512 failed after 7 retries: <nil>
[2025-12-05T06:07:06Z] [[31merror[0m] [task_execution] Error executing task azure-gemm-512: task azure-gemm-512 failed after 7 retries: <nil>
[2025-12-05T06:07:06Z] [[31merror[0m] [task_execution] Error executing task azure-gemm-512: task azure-gemm-512 failed after 7 retries: <nil>
[2025-12-05T06:07:06Z] [[31merror[0m] [task_execution] Error executing task azure-gemm-512: task azure-gemm-512 failed after 7 retries: <nil>
[2025-12-05T06:07:06Z] [[31merror[0m] [task_execution] Error executing task azure-gemm-512: task azure-gemm-512 failed after 7 retries: <nil>
[2025-12-05T06:07:06Z] [[31merror[0m] [task_execution] Error executing task azure-gemm-512: task azure-gemm-512 failed after 7 retries: <nil>
[2025-12-05T06:07:06Z] [[31merror[0m] [task_execution] Error executing task azure-gemm-512: task azure-gemm-512 failed after 7 retries: <nil>
[2025-12-05T06:07:06Z] [[31merror[0m] [task_execution] Error executing task azure-gemm-512: task azure-gemm-512 failed after 7 retries: <nil>
[2025-12-05T06:07:07Z] [[31merror[0m] [task_execution] Error executing task azure-gemm-512: task azure-gemm-512 failed after 7 retries: <nil>
[2025-12-05T06:07:07Z] [[31merror[0m] [task_execution] Error executing task azure-gemm-512: task azure-gemm-512 failed after 7 retries: <nil>
[2025-12-05T06:07:07Z] [[31merror[0m] [task_execution] Error executing task azure-gemm-512: task azure-gemm-512 failed after 7 retries: <nil>
[2025-12-05T06:07:07Z] [[31merror[0m] [task_execution] Error executing task azure-gemm-512: task azure-gemm-512 failed after 7 retries: <nil>
[2025-12-05T06:07:07Z] [[31merror[0m] [task_execution] Error executing task azure-gemm-512: task azure-gemm-512 failed after 7 retries: <nil>
[2025-12-05T06:07:07Z] [[31merror[0m] [task_execution] Error executing task azure-gemm-512: task azure-gemm-512 failed after 7 retries: <nil>
[2025-12-05T06:07:07Z] [[31merror[0m] [task_execution] Error executing task azure-gemm-512: task azure-gemm-512 failed after 7 retries: <nil>
[2025-12-05T06:07:07Z] [[31merror[0m] [task_execution] Error executing task azure-gemm-512: task azure-gemm-512 failed after 7 retries: <nil>
[2025-12-05T06:07:07Z] [[31merror[0m] [task_execution] Error executing task azure-gemm-512: task azure-gemm-512 failed after 7 retries: <nil>
[2025-12-05T06:07:07Z] [[31merror[0m] [task_execution] Error executing task azure-gemm-512: task azure-gemm-512 failed after 7 retries: <nil>
[2025-12-05T06:07:07Z] [[31merror[0m] [task_execution] Error executing task azure-gemm-512: task azure-gemm-512 failed after 7 retries: <nil>
[2025-12-05T06:07:08Z] [[31merror[0m] [task_execution] Error executing task azure-gemm-512: task azure-gemm-512 failed after 7 retries: <nil>
[2025-12-05T06:07:08Z] [[36minfo[0m] [progress_update] azure-germanywestcentral-azure-gemm-512-512-424: 2500/2500 tasks started.aws-us-east-1-aws-gemm-512-512-995: 2500/2500 tasks started.alibaba-us-east-1-alibaba-gemm-512-512-346: 2500/2500 tasks started.gcp-us-east1-gcp-gemm-512-512-948: 2500/2500 tasks started.
[2025-12-05T06:07:08Z] [[31merror[0m] [task_execution] Error executing task azure-gemm-512: task azure-gemm-512 failed after 7 retries: <nil>
[2025-12-05T06:07:08Z] [[31merror[0m] [task_execution] Error executing task azure-gemm-512: task azure-gemm-512 failed after 7 retries: <nil>
[2025-12-05T06:07:08Z] [[31merror[0m] [task_execution] Error executing task azure-gemm-512: task azure-gemm-512 failed after 7 retries: <nil>
[2025-12-05T06:07:08Z] [[31merror[0m] [task_execution] Error executing task azure-gemm-512: task azure-gemm-512 failed after 7 retries: <nil>
[2025-12-05T06:07:08Z] [[31merror[0m] [task_execution] Error executing task azure-gemm-512: task azure-gemm-512 failed after 7 retries: <nil>
[2025-12-05T06:07:08Z] [[31merror[0m] [task_execution] Error executing task azure-gemm-512: task azure-gemm-512 failed after 7 retries: <nil>
[2025-12-05T06:07:08Z] [[31merror[0m] [task_execution] Error executing task azure-gemm-512: task azure-gemm-512 failed after 7 retries: <nil>
[2025-12-05T06:07:08Z] [[31merror[0m] [task_execution] Error executing task azure-gemm-512: task azure-gemm-512 failed after 7 retries: <nil>
[2025-12-05T06:07:08Z] [[31merror[0m] [task_execution] Error executing task azure-gemm-512: task azure-gemm-512 failed after 7 retries: <nil>
[2025-12-05T06:07:08Z] [[31merror[0m] [task_execution] Error executing task azure-gemm-512: task azure-gemm-512 failed after 7 retries: <nil>
[2025-12-05T06:07:08Z] [[31merror[0m] [task_execution] Error executing task azure-gemm-512: task azure-gemm-512 failed after 7 retries: <nil>
[2025-12-05T06:07:08Z] [[31merror[0m] [task_execution] Error executing task azure-gemm-512: task azure-gemm-512 failed after 7 retries: <nil>
[2025-12-05T06:07:08Z] [[31merror[0m] [task_execution] Error executing task azure-gemm-512: task azure-gemm-512 failed after 7 retries: <nil>
[2025-12-05T06:07:08Z] [[31merror[0m] [task_execution] Error executing task azure-gemm-512: task azure-gemm-512 failed after 7 retries: <nil>
[2025-12-05T06:07:08Z] [[31merror[0m] [task_execution] Error executing task azure-gemm-512: task azure-gemm-512 failed after 7 retries: <nil>
[2025-12-05T06:07:08Z] [[31merror[0m] [task_execution] Error executing task azure-gemm-512: task azure-gemm-512 failed after 7 retries: <nil>
[2025-12-05T06:07:08Z] [[31merror[0m] [task_execution] Error executing task azure-gemm-512: task azure-gemm-512 failed after 7 retries: <nil>
[2025-12-05T06:07:09Z] [[31merror[0m] [task_execution] Error executing task azure-gemm-512: task azure-gemm-512 failed after 7 retries: <nil>
[2025-12-05T06:07:09Z] [[31merror[0m] [task_execution] Error executing task azure-gemm-512: task azure-gemm-512 failed after 7 retries: <nil>
[2025-12-05T06:07:09Z] [[31merror[0m] [task_execution] Error executing task azure-gemm-512: task azure-gemm-512 failed after 7 retries: <nil>
[2025-12-05T06:07:09Z] [[31merror[0m] [task_execution] Error executing task azure-gemm-512: task azure-gemm-512 failed after 7 retries: <nil>
[2025-12-05T06:07:09Z] [[31merror[0m] [task_execution] Error executing task azure-gemm-512: task azure-gemm-512 failed after 7 retries: <nil>
[2025-12-05T06:07:09Z] [[31merror[0m] [task_execution] Error executing task azure-gemm-512: task azure-gemm-512 failed after 7 retries: <nil>
[2025-12-05T06:07:09Z] [[31merror[0m] [task_execution] Error executing task azure-gemm-512: task azure-gemm-512 failed after 7 retries: <nil>
[2025-12-05T06:07:09Z] [[31merror[0m] [task_execution] Error executing task azure-gemm-512: task azure-gemm-512 failed after 7 retries: <nil>
[2025-12-05T06:07:09Z] [[31merror[0m] [task_execution] Error executing task azure-gemm-512: task azure-gemm-512 failed after 7 retries: <nil>
[2025-12-05T06:07:09Z] [[31merror[0m] [task_execution] Error executing task azure-gemm-512: task azure-gemm-512 failed after 7 retries: <nil>
[2025-12-05T06:07:09Z] [[31merror[0m] [task_execution] Error executing task azure-gemm-512: task azure-gemm-512 failed after 7 retries: <nil>
[2025-12-05T06:07:09Z] [[31merror[0m] [task_execution] Error executing task azure-gemm-512: task azure-gemm-512 failed after 7 retries: <nil>
[2025-12-05T06:07:10Z] [[31merror[0m] [task_execution] Error executing task azure-gemm-512: task azure-gemm-512 failed after 7 retries: <nil>
[2025-12-05T06:07:10Z] [[31merror[0m] [task_execution] Error executing task azure-gemm-512: task azure-gemm-512 failed after 7 retries: <nil>
[2025-12-05T06:07:10Z] [[31merror[0m] [task_execution] Error executing task azure-gemm-512: task azure-gemm-512 failed after 7 retries: <nil>
[2025-12-05T06:07:15Z] [[36minfo[0m] [function_finished] Finished benchmarking function azure-gemm-512 and closed archiver
[2025-12-05T06:07:17Z] [[36minfo[0m] [finish_timeline] Benchmark Timeline
[Fri Dec  5 06:07:17 UTC 2025] Finished benchmark 'gemm' successfully
