[Sun Dec  7 06:03:35 UTC 2025] Starting benchmark 'sha256' with config './configs/sha256.yaml'
Validating functions...
[2025-12-07T06:03:35Z] [[36minfo[0m] [executor_setup] Setting up executor for aws-us-east-1-aws-sha256-512-512-942
[2025-12-07T06:03:35Z] [[36minfo[0m] [executor_setup] Setting up executor for alibaba-us-east-1-alibaba-sha256-512-512-84
[2025-12-07T06:03:35Z] [[36minfo[0m] [executor_setup] Setting up executor for azure-germanywestcentral-azure-sha256-512-512-910
[2025-12-07T06:03:35Z] [[0mwarning[0m] [[32mazure_limitations[0m] Azure can´t handle more than 300 parallel requests. Limiting to 300.
[2025-12-07T06:03:35Z] [[36minfo[0m] [executor_setup] Setting up executor for gcp-us-east1-gcp-sha256-512-512-45
[2025-12-07T06:03:35Z] [[36minfo[0m] [start_timeline] Benchmark Timeline
[2025-12-07T06:03:35Z] [[36minfo[0m] [load_generator_start] (alibaba: us-east-1) Starting load generator with 500 workers
[2025-12-07T06:03:35Z] [[36minfo[0m] [load_generator_start] (azure: germanywestcentral) Starting load generator with 300 workers
[2025-12-07T06:03:35Z] [[36minfo[0m] [load_generator_start] (gcp: us-east1) Starting load generator with 300 workers
[2025-12-07T06:03:35Z] [[36minfo[0m] [load_generator_start] (aws: us-east-1) Starting load generator with 500 workers
[2025-12-07T06:03:45Z] [[36minfo[0m] [progress_update] aws-us-east-1-aws-sha256-512-512-942: 1682/2500 tasks started.alibaba-us-east-1-alibaba-sha256-512-512-84: 1421/2500 tasks started.azure-germanywestcentral-azure-sha256-512-512-910: 652/2500 tasks started.gcp-us-east1-gcp-sha256-512-512-45: 1624/2500 tasks started.
[2025-12-07T06:03:55Z] [[36minfo[0m] [progress_update] azure-germanywestcentral-azure-sha256-512-512-910: 854/2500 tasks started.gcp-us-east1-gcp-sha256-512-512-45: 2500/2500 tasks started.aws-us-east-1-aws-sha256-512-512-942: 2500/2500 tasks started.alibaba-us-east-1-alibaba-sha256-512-512-84: 2500/2500 tasks started.
[2025-12-07T06:04:04Z] [[36minfo[0m] [function_finished] Finished benchmarking function gcp-sha256-512 and closed archiver
[2025-12-07T06:04:04Z] [[36minfo[0m] [function_finished] Finished benchmarking function aws-sha256-512 and closed archiver
[2025-12-07T06:04:05Z] [[36minfo[0m] [progress_update] aws-us-east-1-aws-sha256-512-512-942: 2500/2500 tasks started.alibaba-us-east-1-alibaba-sha256-512-512-84: 2500/2500 tasks started.azure-germanywestcentral-azure-sha256-512-512-910: 1581/2500 tasks started.gcp-us-east1-gcp-sha256-512-512-45: 2500/2500 tasks started.
[2025-12-07T06:04:15Z] [[36minfo[0m] [progress_update] aws-us-east-1-aws-sha256-512-512-942: 2500/2500 tasks started.alibaba-us-east-1-alibaba-sha256-512-512-84: 2500/2500 tasks started.azure-germanywestcentral-azure-sha256-512-512-910: 2063/2500 tasks started.gcp-us-east1-gcp-sha256-512-512-45: 2500/2500 tasks started.
[2025-12-07T06:04:25Z] [[36minfo[0m] [progress_update] aws-us-east-1-aws-sha256-512-512-942: 2500/2500 tasks started.alibaba-us-east-1-alibaba-sha256-512-512-84: 2500/2500 tasks started.azure-germanywestcentral-azure-sha256-512-512-910: 2085/2500 tasks started.gcp-us-east1-gcp-sha256-512-512-45: 2500/2500 tasks started.
[2025-12-07T06:04:35Z] [[36minfo[0m] [progress_update] alibaba-us-east-1-alibaba-sha256-512-512-84: 2500/2500 tasks started.azure-germanywestcentral-azure-sha256-512-512-910: 2363/2500 tasks started.gcp-us-east1-gcp-sha256-512-512-45: 2500/2500 tasks started.aws-us-east-1-aws-sha256-512-512-942: 2500/2500 tasks started.
[2025-12-07T06:04:45Z] [[36minfo[0m] [progress_update] alibaba-us-east-1-alibaba-sha256-512-512-84: 2500/2500 tasks started.azure-germanywestcentral-azure-sha256-512-512-910: 2500/2500 tasks started.gcp-us-east1-gcp-sha256-512-512-45: 2500/2500 tasks started.aws-us-east-1-aws-sha256-512-512-942: 2500/2500 tasks started.
[2025-12-07T06:04:55Z] [[36minfo[0m] [progress_update] alibaba-us-east-1-alibaba-sha256-512-512-84: 2500/2500 tasks started.azure-germanywestcentral-azure-sha256-512-512-910: 2500/2500 tasks started.gcp-us-east1-gcp-sha256-512-512-45: 2500/2500 tasks started.aws-us-east-1-aws-sha256-512-512-942: 2500/2500 tasks started.
[2025-12-07T06:05:05Z] [[36minfo[0m] [progress_update] aws-us-east-1-aws-sha256-512-512-942: 2500/2500 tasks started.alibaba-us-east-1-alibaba-sha256-512-512-84: 2500/2500 tasks started.azure-germanywestcentral-azure-sha256-512-512-910: 2500/2500 tasks started.gcp-us-east1-gcp-sha256-512-512-45: 2500/2500 tasks started.
[2025-12-07T06:05:15Z] [[36minfo[0m] [progress_update] azure-germanywestcentral-azure-sha256-512-512-910: 2500/2500 tasks started.gcp-us-east1-gcp-sha256-512-512-45: 2500/2500 tasks started.aws-us-east-1-aws-sha256-512-512-942: 2500/2500 tasks started.alibaba-us-east-1-alibaba-sha256-512-512-84: 2500/2500 tasks started.
[2025-12-07T06:05:25Z] [[36minfo[0m] [progress_update] gcp-us-east1-gcp-sha256-512-512-45: 2500/2500 tasks started.aws-us-east-1-aws-sha256-512-512-942: 2500/2500 tasks started.alibaba-us-east-1-alibaba-sha256-512-512-84: 2500/2500 tasks started.azure-germanywestcentral-azure-sha256-512-512-910: 2500/2500 tasks started.
[2025-12-07T06:05:35Z] [[36minfo[0m] [progress_update] alibaba-us-east-1-alibaba-sha256-512-512-84: 2500/2500 tasks started.azure-germanywestcentral-azure-sha256-512-512-910: 2500/2500 tasks started.gcp-us-east1-gcp-sha256-512-512-45: 2500/2500 tasks started.aws-us-east-1-aws-sha256-512-512-942: 2500/2500 tasks started.
[2025-12-07T06:05:45Z] [[36minfo[0m] [progress_update] aws-us-east-1-aws-sha256-512-512-942: 2500/2500 tasks started.alibaba-us-east-1-alibaba-sha256-512-512-84: 2500/2500 tasks started.azure-germanywestcentral-azure-sha256-512-512-910: 2500/2500 tasks started.gcp-us-east1-gcp-sha256-512-512-45: 2500/2500 tasks started.
[2025-12-07T06:05:55Z] [[36minfo[0m] [progress_update] aws-us-east-1-aws-sha256-512-512-942: 2500/2500 tasks started.alibaba-us-east-1-alibaba-sha256-512-512-84: 2500/2500 tasks started.azure-germanywestcentral-azure-sha256-512-512-910: 2500/2500 tasks started.gcp-us-east1-gcp-sha256-512-512-45: 2500/2500 tasks started.
[2025-12-07T06:06:00Z] [[36minfo[0m] [function_finished] Finished benchmarking function alibaba-sha256-512 and closed archiver
[2025-12-07T06:06:05Z] [[36minfo[0m] [progress_update] aws-us-east-1-aws-sha256-512-512-942: 2500/2500 tasks started.alibaba-us-east-1-alibaba-sha256-512-512-84: 2500/2500 tasks started.azure-germanywestcentral-azure-sha256-512-512-910: 2500/2500 tasks started.gcp-us-east1-gcp-sha256-512-512-45: 2500/2500 tasks started.
[2025-12-07T06:06:15Z] [[36minfo[0m] [progress_update] gcp-us-east1-gcp-sha256-512-512-45: 2500/2500 tasks started.aws-us-east-1-aws-sha256-512-512-942: 2500/2500 tasks started.alibaba-us-east-1-alibaba-sha256-512-512-84: 2500/2500 tasks started.azure-germanywestcentral-azure-sha256-512-512-910: 2500/2500 tasks started.
[2025-12-07T06:06:25Z] [[36minfo[0m] [progress_update] aws-us-east-1-aws-sha256-512-512-942: 2500/2500 tasks started.alibaba-us-east-1-alibaba-sha256-512-512-84: 2500/2500 tasks started.azure-germanywestcentral-azure-sha256-512-512-910: 2500/2500 tasks started.gcp-us-east1-gcp-sha256-512-512-45: 2500/2500 tasks started.
[2025-12-07T06:06:35Z] [[36minfo[0m] [progress_update] aws-us-east-1-aws-sha256-512-512-942: 2500/2500 tasks started.alibaba-us-east-1-alibaba-sha256-512-512-84: 2500/2500 tasks started.azure-germanywestcentral-azure-sha256-512-512-910: 2500/2500 tasks started.gcp-us-east1-gcp-sha256-512-512-45: 2500/2500 tasks started.
[2025-12-07T06:06:45Z] [[36minfo[0m] [progress_update] gcp-us-east1-gcp-sha256-512-512-45: 2500/2500 tasks started.aws-us-east-1-aws-sha256-512-512-942: 2500/2500 tasks started.alibaba-us-east-1-alibaba-sha256-512-512-84: 2500/2500 tasks started.azure-germanywestcentral-azure-sha256-512-512-910: 2500/2500 tasks started.
[2025-12-07T06:06:55Z] [[36minfo[0m] [progress_update] aws-us-east-1-aws-sha256-512-512-942: 2500/2500 tasks started.alibaba-us-east-1-alibaba-sha256-512-512-84: 2500/2500 tasks started.azure-germanywestcentral-azure-sha256-512-512-910: 2500/2500 tasks started.gcp-us-east1-gcp-sha256-512-512-45: 2500/2500 tasks started.
[2025-12-07T06:07:05Z] [[36minfo[0m] [progress_update] aws-us-east-1-aws-sha256-512-512-942: 2500/2500 tasks started.alibaba-us-east-1-alibaba-sha256-512-512-84: 2500/2500 tasks started.azure-germanywestcentral-azure-sha256-512-512-910: 2500/2500 tasks started.gcp-us-east1-gcp-sha256-512-512-45: 2500/2500 tasks started.
[2025-12-07T06:07:15Z] [[36minfo[0m] [progress_update] azure-germanywestcentral-azure-sha256-512-512-910: 2500/2500 tasks started.gcp-us-east1-gcp-sha256-512-512-45: 2500/2500 tasks started.aws-us-east-1-aws-sha256-512-512-942: 2500/2500 tasks started.alibaba-us-east-1-alibaba-sha256-512-512-84: 2500/2500 tasks started.
[2025-12-07T06:07:25Z] [[36minfo[0m] [progress_update] alibaba-us-east-1-alibaba-sha256-512-512-84: 2500/2500 tasks started.azure-germanywestcentral-azure-sha256-512-512-910: 2500/2500 tasks started.gcp-us-east1-gcp-sha256-512-512-45: 2500/2500 tasks started.aws-us-east-1-aws-sha256-512-512-942: 2500/2500 tasks started.
[2025-12-07T06:07:35Z] [[36minfo[0m] [progress_update] aws-us-east-1-aws-sha256-512-512-942: 2500/2500 tasks started.alibaba-us-east-1-alibaba-sha256-512-512-84: 2500/2500 tasks started.azure-germanywestcentral-azure-sha256-512-512-910: 2500/2500 tasks started.gcp-us-east1-gcp-sha256-512-512-45: 2500/2500 tasks started.
[2025-12-07T06:07:45Z] [[36minfo[0m] [progress_update] azure-germanywestcentral-azure-sha256-512-512-910: 2500/2500 tasks started.gcp-us-east1-gcp-sha256-512-512-45: 2500/2500 tasks started.aws-us-east-1-aws-sha256-512-512-942: 2500/2500 tasks started.alibaba-us-east-1-alibaba-sha256-512-512-84: 2500/2500 tasks started.
[2025-12-07T06:07:55Z] [[36minfo[0m] [progress_update] aws-us-east-1-aws-sha256-512-512-942: 2500/2500 tasks started.alibaba-us-east-1-alibaba-sha256-512-512-84: 2500/2500 tasks started.azure-germanywestcentral-azure-sha256-512-512-910: 2500/2500 tasks started.gcp-us-east1-gcp-sha256-512-512-45: 2500/2500 tasks started.
[2025-12-07T06:08:05Z] [[36minfo[0m] [progress_update] alibaba-us-east-1-alibaba-sha256-512-512-84: 2500/2500 tasks started.azure-germanywestcentral-azure-sha256-512-512-910: 2500/2500 tasks started.gcp-us-east1-gcp-sha256-512-512-45: 2500/2500 tasks started.aws-us-east-1-aws-sha256-512-512-942: 2500/2500 tasks started.
[2025-12-07T06:08:12Z] [[31merror[0m] [task_execution] Error executing task azure-sha256-512: task azure-sha256-512 failed after 7 retries: <nil>
[2025-12-07T06:08:12Z] [[31merror[0m] [task_execution] Error executing task azure-sha256-512: task azure-sha256-512 failed after 7 retries: <nil>
[2025-12-07T06:08:15Z] [[36minfo[0m] [progress_update] aws-us-east-1-aws-sha256-512-512-942: 2500/2500 tasks started.alibaba-us-east-1-alibaba-sha256-512-512-84: 2500/2500 tasks started.azure-germanywestcentral-azure-sha256-512-512-910: 2500/2500 tasks started.gcp-us-east1-gcp-sha256-512-512-45: 2500/2500 tasks started.
[2025-12-07T06:08:25Z] [[36minfo[0m] [progress_update] alibaba-us-east-1-alibaba-sha256-512-512-84: 2500/2500 tasks started.azure-germanywestcentral-azure-sha256-512-512-910: 2500/2500 tasks started.gcp-us-east1-gcp-sha256-512-512-45: 2500/2500 tasks started.aws-us-east-1-aws-sha256-512-512-942: 2500/2500 tasks started.
[2025-12-07T06:08:27Z] [[31merror[0m] [task_execution] Error executing task azure-sha256-512: task azure-sha256-512 failed after 7 retries: <nil>
[2025-12-07T06:08:27Z] [[31merror[0m] [task_execution] Error executing task azure-sha256-512: task azure-sha256-512 failed after 7 retries: <nil>
[2025-12-07T06:08:27Z] [[31merror[0m] [task_execution] Error executing task azure-sha256-512: task azure-sha256-512 failed after 7 retries: <nil>
[2025-12-07T06:08:27Z] [[31merror[0m] [task_execution] Error executing task azure-sha256-512: task azure-sha256-512 failed after 7 retries: <nil>
[2025-12-07T06:08:27Z] [[31merror[0m] [task_execution] Error executing task azure-sha256-512: task azure-sha256-512 failed after 7 retries: <nil>
[2025-12-07T06:08:27Z] [[31merror[0m] [task_execution] Error executing task azure-sha256-512: task azure-sha256-512 failed after 7 retries: <nil>
[2025-12-07T06:08:27Z] [[31merror[0m] [task_execution] Error executing task azure-sha256-512: task azure-sha256-512 failed after 7 retries: <nil>
[2025-12-07T06:08:27Z] [[31merror[0m] [task_execution] Error executing task azure-sha256-512: task azure-sha256-512 failed after 7 retries: <nil>
[2025-12-07T06:08:28Z] [[31merror[0m] [task_execution] Error executing task azure-sha256-512: task azure-sha256-512 failed after 7 retries: <nil>
[2025-12-07T06:08:28Z] [[31merror[0m] [task_execution] Error executing task azure-sha256-512: task azure-sha256-512 failed after 7 retries: <nil>
[2025-12-07T06:08:28Z] [[31merror[0m] [task_execution] Error executing task azure-sha256-512: task azure-sha256-512 failed after 7 retries: <nil>
[2025-12-07T06:08:28Z] [[31merror[0m] [task_execution] Error executing task azure-sha256-512: task azure-sha256-512 failed after 7 retries: <nil>
[2025-12-07T06:08:28Z] [[31merror[0m] [task_execution] Error executing task azure-sha256-512: task azure-sha256-512 failed after 7 retries: <nil>
[2025-12-07T06:08:33Z] [[36minfo[0m] [function_finished] Finished benchmarking function azure-sha256-512 and closed archiver
[2025-12-07T06:08:35Z] [[36minfo[0m] [progress_update] alibaba-us-east-1-alibaba-sha256-512-512-84: 2500/2500 tasks started.azure-germanywestcentral-azure-sha256-512-512-910: 2500/2500 tasks started.gcp-us-east1-gcp-sha256-512-512-45: 2500/2500 tasks started.aws-us-east-1-aws-sha256-512-512-942: 2500/2500 tasks started.
[2025-12-07T06:08:35Z] [[36minfo[0m] [finish_timeline] Benchmark Timeline
[Sun Dec  7 06:08:35 UTC 2025] Finished benchmark 'sha256' successfully
