[Sat Dec  6 05:15:16 UTC 2025] Starting benchmark 'json' with config './configs/json.yaml'
Validating functions...
[2025-12-06T05:15:16Z] [[36minfo[0m] [executor_setup] Setting up executor for aws-us-east-1-aws-json-512-512-92
[2025-12-06T05:15:16Z] [[36minfo[0m] [executor_setup] Setting up executor for alibaba-us-east-1-alibaba-json-512-512-60
[2025-12-06T05:15:16Z] [[36minfo[0m] [executor_setup] Setting up executor for azure-germanywestcentral-azure-json-512-512-81
[2025-12-06T05:15:16Z] [[0mwarning[0m] [[32mazure_limitations[0m] Azure can´t handle more than 300 parallel requests. Limiting to 300.
[2025-12-06T05:15:16Z] [[36minfo[0m] [executor_setup] Setting up executor for gcp-us-east1-gcp-json-512-512-45
[2025-12-06T05:15:16Z] [[36minfo[0m] [start_timeline] Benchmark Timeline
[2025-12-06T05:15:16Z] [[36minfo[0m] [load_generator_start] (azure: germanywestcentral) Starting load generator with 300 workers
[2025-12-06T05:15:16Z] [[36minfo[0m] [load_generator_start] (gcp: us-east1) Starting load generator with 300 workers
[2025-12-06T05:15:16Z] [[36minfo[0m] [load_generator_start] (aws: us-east-1) Starting load generator with 500 workers
[2025-12-06T05:15:16Z] [[36minfo[0m] [load_generator_start] (alibaba: us-east-1) Starting load generator with 500 workers
[2025-12-06T05:15:26Z] [[36minfo[0m] [progress_update] azure-germanywestcentral-azure-json-512-512-81: 669/2500 tasks started.gcp-us-east1-gcp-json-512-512-45: 1066/2500 tasks started.aws-us-east-1-aws-json-512-512-92: 1707/2500 tasks started.alibaba-us-east-1-alibaba-json-512-512-60: 1777/2500 tasks started.
[2025-12-06T05:15:36Z] [[36minfo[0m] [progress_update] azure-germanywestcentral-azure-json-512-512-81: 687/2500 tasks started.gcp-us-east1-gcp-json-512-512-45: 2080/2500 tasks started.aws-us-east-1-aws-json-512-512-92: 2500/2500 tasks started.alibaba-us-east-1-alibaba-json-512-512-60: 2500/2500 tasks started.
[2025-12-06T05:15:40Z] [[36minfo[0m] [function_finished] Finished benchmarking function aws-json-512 and closed archiver
[2025-12-06T05:15:46Z] [[36minfo[0m] [progress_update] aws-us-east-1-aws-json-512-512-92: 2500/2500 tasks started.alibaba-us-east-1-alibaba-json-512-512-60: 2500/2500 tasks started.azure-germanywestcentral-azure-json-512-512-81: 1379/2500 tasks started.gcp-us-east1-gcp-json-512-512-45: 2500/2500 tasks started.
[2025-12-06T05:15:56Z] [[36minfo[0m] [progress_update] aws-us-east-1-aws-json-512-512-92: 2500/2500 tasks started.alibaba-us-east-1-alibaba-json-512-512-60: 2500/2500 tasks started.azure-germanywestcentral-azure-json-512-512-81: 1916/2500 tasks started.gcp-us-east1-gcp-json-512-512-45: 2500/2500 tasks started.
[2025-12-06T05:16:00Z] [[36minfo[0m] [function_finished] Finished benchmarking function gcp-json-512 and closed archiver
[2025-12-06T05:16:06Z] [[36minfo[0m] [progress_update] aws-us-east-1-aws-json-512-512-92: 2500/2500 tasks started.alibaba-us-east-1-alibaba-json-512-512-60: 2500/2500 tasks started.azure-germanywestcentral-azure-json-512-512-81: 2247/2500 tasks started.gcp-us-east1-gcp-json-512-512-45: 2500/2500 tasks started.
[2025-12-06T05:16:16Z] [[36minfo[0m] [progress_update] aws-us-east-1-aws-json-512-512-92: 2500/2500 tasks started.alibaba-us-east-1-alibaba-json-512-512-60: 2500/2500 tasks started.azure-germanywestcentral-azure-json-512-512-81: 2250/2500 tasks started.gcp-us-east1-gcp-json-512-512-45: 2500/2500 tasks started.
[2025-12-06T05:16:26Z] [[36minfo[0m] [progress_update] aws-us-east-1-aws-json-512-512-92: 2500/2500 tasks started.alibaba-us-east-1-alibaba-json-512-512-60: 2500/2500 tasks started.azure-germanywestcentral-azure-json-512-512-81: 2262/2500 tasks started.gcp-us-east1-gcp-json-512-512-45: 2500/2500 tasks started.
[2025-12-06T05:16:36Z] [[36minfo[0m] [progress_update] aws-us-east-1-aws-json-512-512-92: 2500/2500 tasks started.alibaba-us-east-1-alibaba-json-512-512-60: 2500/2500 tasks started.azure-germanywestcentral-azure-json-512-512-81: 2290/2500 tasks started.gcp-us-east1-gcp-json-512-512-45: 2500/2500 tasks started.
[2025-12-06T05:16:46Z] [[36minfo[0m] [progress_update] aws-us-east-1-aws-json-512-512-92: 2500/2500 tasks started.alibaba-us-east-1-alibaba-json-512-512-60: 2500/2500 tasks started.azure-germanywestcentral-azure-json-512-512-81: 2304/2500 tasks started.gcp-us-east1-gcp-json-512-512-45: 2500/2500 tasks started.
[2025-12-06T05:16:56Z] [[36minfo[0m] [progress_update] alibaba-us-east-1-alibaba-json-512-512-60: 2500/2500 tasks started.azure-germanywestcentral-azure-json-512-512-81: 2314/2500 tasks started.gcp-us-east1-gcp-json-512-512-45: 2500/2500 tasks started.aws-us-east-1-aws-json-512-512-92: 2500/2500 tasks started.
[2025-12-06T05:17:06Z] [[36minfo[0m] [progress_update] gcp-us-east1-gcp-json-512-512-45: 2500/2500 tasks started.aws-us-east-1-aws-json-512-512-92: 2500/2500 tasks started.alibaba-us-east-1-alibaba-json-512-512-60: 2500/2500 tasks started.azure-germanywestcentral-azure-json-512-512-81: 2348/2500 tasks started.
[2025-12-06T05:17:16Z] [[36minfo[0m] [progress_update] aws-us-east-1-aws-json-512-512-92: 2500/2500 tasks started.alibaba-us-east-1-alibaba-json-512-512-60: 2500/2500 tasks started.azure-germanywestcentral-azure-json-512-512-81: 2500/2500 tasks started.gcp-us-east1-gcp-json-512-512-45: 2500/2500 tasks started.
[2025-12-06T05:17:26Z] [[36minfo[0m] [progress_update] alibaba-us-east-1-alibaba-json-512-512-60: 2500/2500 tasks started.azure-germanywestcentral-azure-json-512-512-81: 2500/2500 tasks started.gcp-us-east1-gcp-json-512-512-45: 2500/2500 tasks started.aws-us-east-1-aws-json-512-512-92: 2500/2500 tasks started.
[2025-12-06T05:17:36Z] [[36minfo[0m] [progress_update] aws-us-east-1-aws-json-512-512-92: 2500/2500 tasks started.alibaba-us-east-1-alibaba-json-512-512-60: 2500/2500 tasks started.azure-germanywestcentral-azure-json-512-512-81: 2500/2500 tasks started.gcp-us-east1-gcp-json-512-512-45: 2500/2500 tasks started.
[2025-12-06T05:17:46Z] [[36minfo[0m] [function_finished] Finished benchmarking function alibaba-json-512 and closed archiver
[2025-12-06T05:17:46Z] [[36minfo[0m] [progress_update] aws-us-east-1-aws-json-512-512-92: 2500/2500 tasks started.alibaba-us-east-1-alibaba-json-512-512-60: 2500/2500 tasks started.azure-germanywestcentral-azure-json-512-512-81: 2500/2500 tasks started.gcp-us-east1-gcp-json-512-512-45: 2500/2500 tasks started.
[2025-12-06T05:17:56Z] [[36minfo[0m] [progress_update] alibaba-us-east-1-alibaba-json-512-512-60: 2500/2500 tasks started.azure-germanywestcentral-azure-json-512-512-81: 2500/2500 tasks started.gcp-us-east1-gcp-json-512-512-45: 2500/2500 tasks started.aws-us-east-1-aws-json-512-512-92: 2500/2500 tasks started.
[2025-12-06T05:18:06Z] [[36minfo[0m] [progress_update] aws-us-east-1-aws-json-512-512-92: 2500/2500 tasks started.alibaba-us-east-1-alibaba-json-512-512-60: 2500/2500 tasks started.azure-germanywestcentral-azure-json-512-512-81: 2500/2500 tasks started.gcp-us-east1-gcp-json-512-512-45: 2500/2500 tasks started.
[2025-12-06T05:18:16Z] [[36minfo[0m] [progress_update] aws-us-east-1-aws-json-512-512-92: 2500/2500 tasks started.alibaba-us-east-1-alibaba-json-512-512-60: 2500/2500 tasks started.azure-germanywestcentral-azure-json-512-512-81: 2500/2500 tasks started.gcp-us-east1-gcp-json-512-512-45: 2500/2500 tasks started.
[2025-12-06T05:18:26Z] [[36minfo[0m] [progress_update] aws-us-east-1-aws-json-512-512-92: 2500/2500 tasks started.alibaba-us-east-1-alibaba-json-512-512-60: 2500/2500 tasks started.azure-germanywestcentral-azure-json-512-512-81: 2500/2500 tasks started.gcp-us-east1-gcp-json-512-512-45: 2500/2500 tasks started.
[2025-12-06T05:18:36Z] [[36minfo[0m] [progress_update] aws-us-east-1-aws-json-512-512-92: 2500/2500 tasks started.alibaba-us-east-1-alibaba-json-512-512-60: 2500/2500 tasks started.azure-germanywestcentral-azure-json-512-512-81: 2500/2500 tasks started.gcp-us-east1-gcp-json-512-512-45: 2500/2500 tasks started.
[2025-12-06T05:18:46Z] [[36minfo[0m] [progress_update] aws-us-east-1-aws-json-512-512-92: 2500/2500 tasks started.alibaba-us-east-1-alibaba-json-512-512-60: 2500/2500 tasks started.azure-germanywestcentral-azure-json-512-512-81: 2500/2500 tasks started.gcp-us-east1-gcp-json-512-512-45: 2500/2500 tasks started.
[2025-12-06T05:18:56Z] [[36minfo[0m] [progress_update] aws-us-east-1-aws-json-512-512-92: 2500/2500 tasks started.alibaba-us-east-1-alibaba-json-512-512-60: 2500/2500 tasks started.azure-germanywestcentral-azure-json-512-512-81: 2500/2500 tasks started.gcp-us-east1-gcp-json-512-512-45: 2500/2500 tasks started.
[2025-12-06T05:19:06Z] [[36minfo[0m] [progress_update] aws-us-east-1-aws-json-512-512-92: 2500/2500 tasks started.alibaba-us-east-1-alibaba-json-512-512-60: 2500/2500 tasks started.azure-germanywestcentral-azure-json-512-512-81: 2500/2500 tasks started.gcp-us-east1-gcp-json-512-512-45: 2500/2500 tasks started.
[2025-12-06T05:19:16Z] [[36minfo[0m] [progress_update] gcp-us-east1-gcp-json-512-512-45: 2500/2500 tasks started.aws-us-east-1-aws-json-512-512-92: 2500/2500 tasks started.alibaba-us-east-1-alibaba-json-512-512-60: 2500/2500 tasks started.azure-germanywestcentral-azure-json-512-512-81: 2500/2500 tasks started.
[2025-12-06T05:19:26Z] [[36minfo[0m] [progress_update] aws-us-east-1-aws-json-512-512-92: 2500/2500 tasks started.alibaba-us-east-1-alibaba-json-512-512-60: 2500/2500 tasks started.azure-germanywestcentral-azure-json-512-512-81: 2500/2500 tasks started.gcp-us-east1-gcp-json-512-512-45: 2500/2500 tasks started.
[2025-12-06T05:19:36Z] [[36minfo[0m] [progress_update] aws-us-east-1-aws-json-512-512-92: 2500/2500 tasks started.alibaba-us-east-1-alibaba-json-512-512-60: 2500/2500 tasks started.azure-germanywestcentral-azure-json-512-512-81: 2500/2500 tasks started.gcp-us-east1-gcp-json-512-512-45: 2500/2500 tasks started.
[2025-12-06T05:19:46Z] [[36minfo[0m] [progress_update] aws-us-east-1-aws-json-512-512-92: 2500/2500 tasks started.alibaba-us-east-1-alibaba-json-512-512-60: 2500/2500 tasks started.azure-germanywestcentral-azure-json-512-512-81: 2500/2500 tasks started.gcp-us-east1-gcp-json-512-512-45: 2500/2500 tasks started.
[2025-12-06T05:19:53Z] [[31merror[0m] [task_execution] Error executing task azure-json-512: task azure-json-512 failed after 7 retries: <nil>
[2025-12-06T05:19:53Z] [[31merror[0m] [task_execution] Error executing task azure-json-512: task azure-json-512 failed after 7 retries: <nil>
[2025-12-06T05:19:53Z] [[31merror[0m] [task_execution] Error executing task azure-json-512: task azure-json-512 failed after 7 retries: <nil>
[2025-12-06T05:19:53Z] [[31merror[0m] [task_execution] Error executing task azure-json-512: task azure-json-512 failed after 7 retries: <nil>
[2025-12-06T05:19:53Z] [[31merror[0m] [task_execution] Error executing task azure-json-512: task azure-json-512 failed after 7 retries: <nil>
[2025-12-06T05:19:53Z] [[31merror[0m] [task_execution] Error executing task azure-json-512: task azure-json-512 failed after 7 retries: <nil>
[2025-12-06T05:19:53Z] [[31merror[0m] [task_execution] Error executing task azure-json-512: task azure-json-512 failed after 7 retries: <nil>
[2025-12-06T05:19:53Z] [[31merror[0m] [task_execution] Error executing task azure-json-512: task azure-json-512 failed after 7 retries: <nil>
[2025-12-06T05:19:53Z] [[31merror[0m] [task_execution] Error executing task azure-json-512: task azure-json-512 failed after 7 retries: <nil>
[2025-12-06T05:19:53Z] [[31merror[0m] [task_execution] Error executing task azure-json-512: task azure-json-512 failed after 7 retries: <nil>
[2025-12-06T05:19:54Z] [[31merror[0m] [task_execution] Error executing task azure-json-512: task azure-json-512 failed after 7 retries: <nil>
[2025-12-06T05:19:54Z] [[31merror[0m] [task_execution] Error executing task azure-json-512: task azure-json-512 failed after 7 retries: <nil>
[2025-12-06T05:19:54Z] [[31merror[0m] [task_execution] Error executing task azure-json-512: task azure-json-512 failed after 7 retries: <nil>
[2025-12-06T05:19:54Z] [[31merror[0m] [task_execution] Error executing task azure-json-512: task azure-json-512 failed after 7 retries: <nil>
[2025-12-06T05:19:54Z] [[31merror[0m] [task_execution] Error executing task azure-json-512: task azure-json-512 failed after 7 retries: <nil>
[2025-12-06T05:19:54Z] [[31merror[0m] [task_execution] Error executing task azure-json-512: task azure-json-512 failed after 7 retries: <nil>
[2025-12-06T05:19:54Z] [[31merror[0m] [task_execution] Error executing task azure-json-512: task azure-json-512 failed after 7 retries: <nil>
[2025-12-06T05:19:55Z] [[31merror[0m] [task_execution] Error executing task azure-json-512: task azure-json-512 failed after 7 retries: <nil>
[2025-12-06T05:19:56Z] [[36minfo[0m] [progress_update] aws-us-east-1-aws-json-512-512-92: 2500/2500 tasks started.alibaba-us-east-1-alibaba-json-512-512-60: 2500/2500 tasks started.azure-germanywestcentral-azure-json-512-512-81: 2500/2500 tasks started.gcp-us-east1-gcp-json-512-512-45: 2500/2500 tasks started.
[2025-12-06T05:20:06Z] [[36minfo[0m] [progress_update] aws-us-east-1-aws-json-512-512-92: 2500/2500 tasks started.alibaba-us-east-1-alibaba-json-512-512-60: 2500/2500 tasks started.azure-germanywestcentral-azure-json-512-512-81: 2500/2500 tasks started.gcp-us-east1-gcp-json-512-512-45: 2500/2500 tasks started.
[2025-12-06T05:20:11Z] [[31merror[0m] [task_execution] Error executing task azure-json-512: task azure-json-512 failed after 7 retries: <nil>
[2025-12-06T05:20:11Z] [[31merror[0m] [task_execution] Error executing task azure-json-512: task azure-json-512 failed after 7 retries: <nil>
[2025-12-06T05:20:11Z] [[31merror[0m] [task_execution] Error executing task azure-json-512: task azure-json-512 failed after 7 retries: <nil>
[2025-12-06T05:20:11Z] [[31merror[0m] [task_execution] Error executing task azure-json-512: task azure-json-512 failed after 7 retries: <nil>
[2025-12-06T05:20:11Z] [[31merror[0m] [task_execution] Error executing task azure-json-512: task azure-json-512 failed after 7 retries: <nil>
[2025-12-06T05:20:11Z] [[31merror[0m] [task_execution] Error executing task azure-json-512: task azure-json-512 failed after 7 retries: <nil>
[2025-12-06T05:20:11Z] [[31merror[0m] [task_execution] Error executing task azure-json-512: task azure-json-512 failed after 7 retries: <nil>
[2025-12-06T05:20:11Z] [[31merror[0m] [task_execution] Error executing task azure-json-512: task azure-json-512 failed after 7 retries: <nil>
[2025-12-06T05:20:11Z] [[31merror[0m] [task_execution] Error executing task azure-json-512: task azure-json-512 failed after 7 retries: <nil>
[2025-12-06T05:20:11Z] [[31merror[0m] [task_execution] Error executing task azure-json-512: task azure-json-512 failed after 7 retries: <nil>
[2025-12-06T05:20:11Z] [[31merror[0m] [task_execution] Error executing task azure-json-512: task azure-json-512 failed after 7 retries: <nil>
[2025-12-06T05:20:12Z] [[31merror[0m] [task_execution] Error executing task azure-json-512: task azure-json-512 failed after 7 retries: <nil>
[2025-12-06T05:20:12Z] [[31merror[0m] [task_execution] Error executing task azure-json-512: task azure-json-512 failed after 7 retries: <nil>
[2025-12-06T05:20:12Z] [[31merror[0m] [task_execution] Error executing task azure-json-512: task azure-json-512 failed after 7 retries: <nil>
[2025-12-06T05:20:12Z] [[31merror[0m] [task_execution] Error executing task azure-json-512: task azure-json-512 failed after 7 retries: <nil>
[2025-12-06T05:20:12Z] [[31merror[0m] [task_execution] Error executing task azure-json-512: task azure-json-512 failed after 7 retries: <nil>
[2025-12-06T05:20:12Z] [[31merror[0m] [task_execution] Error executing task azure-json-512: task azure-json-512 failed after 7 retries: <nil>
[2025-12-06T05:20:12Z] [[31merror[0m] [task_execution] Error executing task azure-json-512: task azure-json-512 failed after 7 retries: <nil>
[2025-12-06T05:20:12Z] [[31merror[0m] [task_execution] Error executing task azure-json-512: task azure-json-512 failed after 7 retries: <nil>
[2025-12-06T05:20:12Z] [[31merror[0m] [task_execution] Error executing task azure-json-512: task azure-json-512 failed after 7 retries: <nil>
[2025-12-06T05:20:12Z] [[31merror[0m] [task_execution] Error executing task azure-json-512: task azure-json-512 failed after 7 retries: <nil>
[2025-12-06T05:20:12Z] [[31merror[0m] [task_execution] Error executing task azure-json-512: task azure-json-512 failed after 7 retries: <nil>
[2025-12-06T05:20:12Z] [[31merror[0m] [task_execution] Error executing task azure-json-512: task azure-json-512 failed after 7 retries: <nil>
[2025-12-06T05:20:12Z] [[31merror[0m] [task_execution] Error executing task azure-json-512: task azure-json-512 failed after 7 retries: <nil>
[2025-12-06T05:20:12Z] [[31merror[0m] [task_execution] Error executing task azure-json-512: task azure-json-512 failed after 7 retries: <nil>
[2025-12-06T05:20:12Z] [[31merror[0m] [task_execution] Error executing task azure-json-512: task azure-json-512 failed after 7 retries: <nil>
[2025-12-06T05:20:12Z] [[31merror[0m] [task_execution] Error executing task azure-json-512: task azure-json-512 failed after 7 retries: <nil>
[2025-12-06T05:20:13Z] [[31merror[0m] [task_execution] Error executing task azure-json-512: task azure-json-512 failed after 7 retries: <nil>
[2025-12-06T05:20:13Z] [[31merror[0m] [task_execution] Error executing task azure-json-512: task azure-json-512 failed after 7 retries: <nil>
[2025-12-06T05:20:13Z] [[31merror[0m] [task_execution] Error executing task azure-json-512: task azure-json-512 failed after 7 retries: <nil>
[2025-12-06T05:20:13Z] [[31merror[0m] [task_execution] Error executing task azure-json-512: task azure-json-512 failed after 7 retries: <nil>
[2025-12-06T05:20:13Z] [[31merror[0m] [task_execution] Error executing task azure-json-512: task azure-json-512 failed after 7 retries: <nil>
[2025-12-06T05:20:13Z] [[31merror[0m] [task_execution] Error executing task azure-json-512: task azure-json-512 failed after 7 retries: <nil>
[2025-12-06T05:20:13Z] [[31merror[0m] [task_execution] Error executing task azure-json-512: task azure-json-512 failed after 7 retries: <nil>
[2025-12-06T05:20:13Z] [[31merror[0m] [task_execution] Error executing task azure-json-512: task azure-json-512 failed after 7 retries: <nil>
[2025-12-06T05:20:13Z] [[31merror[0m] [task_execution] Error executing task azure-json-512: task azure-json-512 failed after 7 retries: <nil>
[2025-12-06T05:20:13Z] [[31merror[0m] [task_execution] Error executing task azure-json-512: task azure-json-512 failed after 7 retries: <nil>
[2025-12-06T05:20:13Z] [[31merror[0m] [task_execution] Error executing task azure-json-512: task azure-json-512 failed after 7 retries: <nil>
[2025-12-06T05:20:13Z] [[31merror[0m] [task_execution] Error executing task azure-json-512: task azure-json-512 failed after 7 retries: <nil>
[2025-12-06T05:20:13Z] [[31merror[0m] [task_execution] Error executing task azure-json-512: task azure-json-512 failed after 7 retries: <nil>
[2025-12-06T05:20:13Z] [[31merror[0m] [task_execution] Error executing task azure-json-512: task azure-json-512 failed after 7 retries: <nil>
[2025-12-06T05:20:13Z] [[31merror[0m] [task_execution] Error executing task azure-json-512: task azure-json-512 failed after 7 retries: <nil>
[2025-12-06T05:20:13Z] [[31merror[0m] [task_execution] Error executing task azure-json-512: task azure-json-512 failed after 7 retries: <nil>
[2025-12-06T05:20:13Z] [[31merror[0m] [task_execution] Error executing task azure-json-512: task azure-json-512 failed after 7 retries: <nil>
[2025-12-06T05:20:14Z] [[31merror[0m] [task_execution] Error executing task azure-json-512: task azure-json-512 failed after 7 retries: <nil>
[2025-12-06T05:20:14Z] [[31merror[0m] [task_execution] Error executing task azure-json-512: task azure-json-512 failed after 7 retries: <nil>
[2025-12-06T05:20:14Z] [[31merror[0m] [task_execution] Error executing task azure-json-512: task azure-json-512 failed after 7 retries: <nil>
[2025-12-06T05:20:14Z] [[31merror[0m] [task_execution] Error executing task azure-json-512: task azure-json-512 failed after 7 retries: <nil>
[2025-12-06T05:20:14Z] [[31merror[0m] [task_execution] Error executing task azure-json-512: task azure-json-512 failed after 7 retries: <nil>
[2025-12-06T05:20:14Z] [[31merror[0m] [task_execution] Error executing task azure-json-512: task azure-json-512 failed after 7 retries: <nil>
[2025-12-06T05:20:14Z] [[31merror[0m] [task_execution] Error executing task azure-json-512: task azure-json-512 failed after 7 retries: <nil>
[2025-12-06T05:20:14Z] [[31merror[0m] [task_execution] Error executing task azure-json-512: task azure-json-512 failed after 7 retries: <nil>
[2025-12-06T05:20:14Z] [[31merror[0m] [task_execution] Error executing task azure-json-512: task azure-json-512 failed after 7 retries: <nil>
[2025-12-06T05:20:14Z] [[31merror[0m] [task_execution] Error executing task azure-json-512: task azure-json-512 failed after 7 retries: <nil>
[2025-12-06T05:20:14Z] [[31merror[0m] [task_execution] Error executing task azure-json-512: task azure-json-512 failed after 7 retries: <nil>
[2025-12-06T05:20:14Z] [[31merror[0m] [task_execution] Error executing task azure-json-512: task azure-json-512 failed after 7 retries: <nil>
[2025-12-06T05:20:14Z] [[31merror[0m] [task_execution] Error executing task azure-json-512: task azure-json-512 failed after 7 retries: <nil>
[2025-12-06T05:20:14Z] [[31merror[0m] [task_execution] Error executing task azure-json-512: task azure-json-512 failed after 7 retries: <nil>
[2025-12-06T05:20:14Z] [[31merror[0m] [task_execution] Error executing task azure-json-512: task azure-json-512 failed after 7 retries: <nil>
[2025-12-06T05:20:15Z] [[31merror[0m] [task_execution] Error executing task azure-json-512: task azure-json-512 failed after 7 retries: <nil>
[2025-12-06T05:20:15Z] [[31merror[0m] [task_execution] Error executing task azure-json-512: task azure-json-512 failed after 7 retries: <nil>
[2025-12-06T05:20:15Z] [[31merror[0m] [task_execution] Error executing task azure-json-512: task azure-json-512 failed after 7 retries: <nil>
[2025-12-06T05:20:15Z] [[31merror[0m] [task_execution] Error executing task azure-json-512: task azure-json-512 failed after 7 retries: <nil>
[2025-12-06T05:20:15Z] [[31merror[0m] [task_execution] Error executing task azure-json-512: task azure-json-512 failed after 7 retries: <nil>
[2025-12-06T05:20:15Z] [[31merror[0m] [task_execution] Error executing task azure-json-512: task azure-json-512 failed after 7 retries: <nil>
[2025-12-06T05:20:15Z] [[31merror[0m] [task_execution] Error executing task azure-json-512: task azure-json-512 failed after 7 retries: <nil>
[2025-12-06T05:20:15Z] [[31merror[0m] [task_execution] Error executing task azure-json-512: task azure-json-512 failed after 7 retries: <nil>
[2025-12-06T05:20:15Z] [[31merror[0m] [task_execution] Error executing task azure-json-512: task azure-json-512 failed after 7 retries: <nil>
[2025-12-06T05:20:15Z] [[31merror[0m] [task_execution] Error executing task azure-json-512: task azure-json-512 failed after 7 retries: <nil>
[2025-12-06T05:20:15Z] [[31merror[0m] [task_execution] Error executing task azure-json-512: task azure-json-512 failed after 7 retries: <nil>
[2025-12-06T05:20:15Z] [[31merror[0m] [task_execution] Error executing task azure-json-512: task azure-json-512 failed after 7 retries: <nil>
[2025-12-06T05:20:15Z] [[31merror[0m] [task_execution] Error executing task azure-json-512: task azure-json-512 failed after 7 retries: <nil>
[2025-12-06T05:20:16Z] [[36minfo[0m] [progress_update] aws-us-east-1-aws-json-512-512-92: 2500/2500 tasks started.alibaba-us-east-1-alibaba-json-512-512-60: 2500/2500 tasks started.azure-germanywestcentral-azure-json-512-512-81: 2500/2500 tasks started.gcp-us-east1-gcp-json-512-512-45: 2500/2500 tasks started.
[2025-12-06T05:20:20Z] [[36minfo[0m] [function_finished] Finished benchmarking function azure-json-512 and closed archiver
[2025-12-06T05:20:22Z] [[36minfo[0m] [finish_timeline] Benchmark Timeline
[Sat Dec  6 05:20:22 UTC 2025] Finished benchmark 'json' successfully
[Sat Dec  6 05:20:22 UTC 2025] Sleeping 600 seconds before next workload...
