[Sun Nov 30 05:30:07 UTC 2025] Starting benchmark 'json' with config './configs/json.yaml'
Validating functions...
[2025-11-30T05:30:07Z] [[36minfo[0m] [executor_setup] Setting up executor for aws-us-east-1-aws-json-512-512-236
[2025-11-30T05:30:07Z] [[36minfo[0m] [executor_setup] Setting up executor for alibaba-us-east-1-alibaba-json-512-512-784
[2025-11-30T05:30:07Z] [[36minfo[0m] [executor_setup] Setting up executor for azure-germanywestcentral-azure-json-512-512-302
[2025-11-30T05:30:07Z] [[0mwarning[0m] [[32mazure_limitations[0m] Azure can´t handle more than 300 parallel requests. Limiting to 300.
[2025-11-30T05:30:07Z] [[36minfo[0m] [executor_setup] Setting up executor for gcp-us-east1-gcp-json-512-512-63
[2025-11-30T05:30:07Z] [[36minfo[0m] [start_timeline] Benchmark Timeline
[2025-11-30T05:30:07Z] [[36minfo[0m] [load_generator_start] (aws: us-east-1) Starting load generator with 500 workers
[2025-11-30T05:30:08Z] [[36minfo[0m] [load_generator_start] (alibaba: us-east-1) Starting load generator with 500 workers
[2025-11-30T05:30:08Z] [[36minfo[0m] [load_generator_start] (azure: germanywestcentral) Starting load generator with 300 workers
[2025-11-30T05:30:08Z] [[36minfo[0m] [load_generator_start] (gcp: us-east1) Starting load generator with 300 workers
[2025-11-30T05:30:18Z] [[36minfo[0m] [progress_update] aws-us-east-1-aws-json-512-512-236: 1711/2500 tasks started.alibaba-us-east-1-alibaba-json-512-512-784: 1604/2500 tasks started.azure-germanywestcentral-azure-json-512-512-302: 659/2500 tasks started.gcp-us-east1-gcp-json-512-512-63: 986/2500 tasks started.
[2025-11-30T05:30:28Z] [[36minfo[0m] [progress_update] aws-us-east-1-aws-json-512-512-236: 2500/2500 tasks started.alibaba-us-east-1-alibaba-json-512-512-784: 2500/2500 tasks started.azure-germanywestcentral-azure-json-512-512-302: 660/2500 tasks started.gcp-us-east1-gcp-json-512-512-63: 1977/2500 tasks started.
[2025-11-30T05:30:33Z] [[36minfo[0m] [function_finished] Finished benchmarking function aws-json-512 and closed archiver
[2025-11-30T05:30:38Z] [[36minfo[0m] [progress_update] aws-us-east-1-aws-json-512-512-236: 2500/2500 tasks started.alibaba-us-east-1-alibaba-json-512-512-784: 2500/2500 tasks started.azure-germanywestcentral-azure-json-512-512-302: 1234/2500 tasks started.gcp-us-east1-gcp-json-512-512-63: 2500/2500 tasks started.
[2025-11-30T05:30:48Z] [[36minfo[0m] [progress_update] aws-us-east-1-aws-json-512-512-236: 2500/2500 tasks started.alibaba-us-east-1-alibaba-json-512-512-784: 2500/2500 tasks started.azure-germanywestcentral-azure-json-512-512-302: 1698/2500 tasks started.gcp-us-east1-gcp-json-512-512-63: 2500/2500 tasks started.
[2025-11-30T05:30:58Z] [[36minfo[0m] [progress_update] aws-us-east-1-aws-json-512-512-236: 2500/2500 tasks started.alibaba-us-east-1-alibaba-json-512-512-784: 2500/2500 tasks started.azure-germanywestcentral-azure-json-512-512-302: 2313/2500 tasks started.gcp-us-east1-gcp-json-512-512-63: 2500/2500 tasks started.
[2025-11-30T05:30:58Z] [[36minfo[0m] [function_finished] Finished benchmarking function gcp-json-512 and closed archiver
[2025-11-30T05:31:08Z] [[36minfo[0m] [progress_update] aws-us-east-1-aws-json-512-512-236: 2500/2500 tasks started.alibaba-us-east-1-alibaba-json-512-512-784: 2500/2500 tasks started.azure-germanywestcentral-azure-json-512-512-302: 2340/2500 tasks started.gcp-us-east1-gcp-json-512-512-63: 2500/2500 tasks started.
[2025-11-30T05:31:18Z] [[36minfo[0m] [progress_update] azure-germanywestcentral-azure-json-512-512-302: 2360/2500 tasks started.gcp-us-east1-gcp-json-512-512-63: 2500/2500 tasks started.aws-us-east-1-aws-json-512-512-236: 2500/2500 tasks started.alibaba-us-east-1-alibaba-json-512-512-784: 2500/2500 tasks started.
[2025-11-30T05:31:28Z] [[36minfo[0m] [progress_update] aws-us-east-1-aws-json-512-512-236: 2500/2500 tasks started.alibaba-us-east-1-alibaba-json-512-512-784: 2500/2500 tasks started.azure-germanywestcentral-azure-json-512-512-302: 2380/2500 tasks started.gcp-us-east1-gcp-json-512-512-63: 2500/2500 tasks started.
[2025-11-30T05:31:38Z] [[36minfo[0m] [progress_update] aws-us-east-1-aws-json-512-512-236: 2500/2500 tasks started.alibaba-us-east-1-alibaba-json-512-512-784: 2500/2500 tasks started.azure-germanywestcentral-azure-json-512-512-302: 2395/2500 tasks started.gcp-us-east1-gcp-json-512-512-63: 2500/2500 tasks started.
[2025-11-30T05:31:48Z] [[36minfo[0m] [progress_update] aws-us-east-1-aws-json-512-512-236: 2500/2500 tasks started.alibaba-us-east-1-alibaba-json-512-512-784: 2500/2500 tasks started.azure-germanywestcentral-azure-json-512-512-302: 2398/2500 tasks started.gcp-us-east1-gcp-json-512-512-63: 2500/2500 tasks started.
[2025-11-30T05:31:58Z] [[36minfo[0m] [progress_update] aws-us-east-1-aws-json-512-512-236: 2500/2500 tasks started.alibaba-us-east-1-alibaba-json-512-512-784: 2500/2500 tasks started.azure-germanywestcentral-azure-json-512-512-302: 2465/2500 tasks started.gcp-us-east1-gcp-json-512-512-63: 2500/2500 tasks started.
[2025-11-30T05:32:08Z] [[36minfo[0m] [progress_update] azure-germanywestcentral-azure-json-512-512-302: 2500/2500 tasks started.gcp-us-east1-gcp-json-512-512-63: 2500/2500 tasks started.aws-us-east-1-aws-json-512-512-236: 2500/2500 tasks started.alibaba-us-east-1-alibaba-json-512-512-784: 2500/2500 tasks started.
[2025-11-30T05:32:18Z] [[36minfo[0m] [progress_update] aws-us-east-1-aws-json-512-512-236: 2500/2500 tasks started.alibaba-us-east-1-alibaba-json-512-512-784: 2500/2500 tasks started.azure-germanywestcentral-azure-json-512-512-302: 2500/2500 tasks started.gcp-us-east1-gcp-json-512-512-63: 2500/2500 tasks started.
[2025-11-30T05:32:28Z] [[36minfo[0m] [progress_update] aws-us-east-1-aws-json-512-512-236: 2500/2500 tasks started.alibaba-us-east-1-alibaba-json-512-512-784: 2500/2500 tasks started.azure-germanywestcentral-azure-json-512-512-302: 2500/2500 tasks started.gcp-us-east1-gcp-json-512-512-63: 2500/2500 tasks started.
[2025-11-30T05:32:35Z] [[36minfo[0m] [function_finished] Finished benchmarking function alibaba-json-512 and closed archiver
[2025-11-30T05:32:38Z] [[36minfo[0m] [progress_update] aws-us-east-1-aws-json-512-512-236: 2500/2500 tasks started.alibaba-us-east-1-alibaba-json-512-512-784: 2500/2500 tasks started.azure-germanywestcentral-azure-json-512-512-302: 2500/2500 tasks started.gcp-us-east1-gcp-json-512-512-63: 2500/2500 tasks started.
[2025-11-30T05:32:48Z] [[36minfo[0m] [progress_update] alibaba-us-east-1-alibaba-json-512-512-784: 2500/2500 tasks started.azure-germanywestcentral-azure-json-512-512-302: 2500/2500 tasks started.gcp-us-east1-gcp-json-512-512-63: 2500/2500 tasks started.aws-us-east-1-aws-json-512-512-236: 2500/2500 tasks started.
[2025-11-30T05:32:58Z] [[36minfo[0m] [progress_update] alibaba-us-east-1-alibaba-json-512-512-784: 2500/2500 tasks started.azure-germanywestcentral-azure-json-512-512-302: 2500/2500 tasks started.gcp-us-east1-gcp-json-512-512-63: 2500/2500 tasks started.aws-us-east-1-aws-json-512-512-236: 2500/2500 tasks started.
[2025-11-30T05:33:08Z] [[36minfo[0m] [progress_update] aws-us-east-1-aws-json-512-512-236: 2500/2500 tasks started.alibaba-us-east-1-alibaba-json-512-512-784: 2500/2500 tasks started.azure-germanywestcentral-azure-json-512-512-302: 2500/2500 tasks started.gcp-us-east1-gcp-json-512-512-63: 2500/2500 tasks started.
[2025-11-30T05:33:18Z] [[36minfo[0m] [progress_update] alibaba-us-east-1-alibaba-json-512-512-784: 2500/2500 tasks started.azure-germanywestcentral-azure-json-512-512-302: 2500/2500 tasks started.gcp-us-east1-gcp-json-512-512-63: 2500/2500 tasks started.aws-us-east-1-aws-json-512-512-236: 2500/2500 tasks started.
[2025-11-30T05:33:28Z] [[36minfo[0m] [progress_update] aws-us-east-1-aws-json-512-512-236: 2500/2500 tasks started.alibaba-us-east-1-alibaba-json-512-512-784: 2500/2500 tasks started.azure-germanywestcentral-azure-json-512-512-302: 2500/2500 tasks started.gcp-us-east1-gcp-json-512-512-63: 2500/2500 tasks started.
[2025-11-30T05:33:38Z] [[36minfo[0m] [progress_update] aws-us-east-1-aws-json-512-512-236: 2500/2500 tasks started.alibaba-us-east-1-alibaba-json-512-512-784: 2500/2500 tasks started.azure-germanywestcentral-azure-json-512-512-302: 2500/2500 tasks started.gcp-us-east1-gcp-json-512-512-63: 2500/2500 tasks started.
[2025-11-30T05:33:48Z] [[36minfo[0m] [progress_update] aws-us-east-1-aws-json-512-512-236: 2500/2500 tasks started.alibaba-us-east-1-alibaba-json-512-512-784: 2500/2500 tasks started.azure-germanywestcentral-azure-json-512-512-302: 2500/2500 tasks started.gcp-us-east1-gcp-json-512-512-63: 2500/2500 tasks started.
[2025-11-30T05:33:58Z] [[36minfo[0m] [progress_update] azure-germanywestcentral-azure-json-512-512-302: 2500/2500 tasks started.gcp-us-east1-gcp-json-512-512-63: 2500/2500 tasks started.aws-us-east-1-aws-json-512-512-236: 2500/2500 tasks started.alibaba-us-east-1-alibaba-json-512-512-784: 2500/2500 tasks started.
[2025-11-30T05:34:08Z] [[36minfo[0m] [progress_update] azure-germanywestcentral-azure-json-512-512-302: 2500/2500 tasks started.gcp-us-east1-gcp-json-512-512-63: 2500/2500 tasks started.aws-us-east-1-aws-json-512-512-236: 2500/2500 tasks started.alibaba-us-east-1-alibaba-json-512-512-784: 2500/2500 tasks started.
[2025-11-30T05:34:18Z] [[36minfo[0m] [progress_update] azure-germanywestcentral-azure-json-512-512-302: 2500/2500 tasks started.gcp-us-east1-gcp-json-512-512-63: 2500/2500 tasks started.aws-us-east-1-aws-json-512-512-236: 2500/2500 tasks started.alibaba-us-east-1-alibaba-json-512-512-784: 2500/2500 tasks started.
[2025-11-30T05:34:28Z] [[36minfo[0m] [progress_update] aws-us-east-1-aws-json-512-512-236: 2500/2500 tasks started.alibaba-us-east-1-alibaba-json-512-512-784: 2500/2500 tasks started.azure-germanywestcentral-azure-json-512-512-302: 2500/2500 tasks started.gcp-us-east1-gcp-json-512-512-63: 2500/2500 tasks started.
[2025-11-30T05:34:32Z] [[31merror[0m] [task_execution] Error executing task azure-json-512: task azure-json-512 failed after 7 retries: <nil>
[2025-11-30T05:34:38Z] [[36minfo[0m] [progress_update] aws-us-east-1-aws-json-512-512-236: 2500/2500 tasks started.alibaba-us-east-1-alibaba-json-512-512-784: 2500/2500 tasks started.azure-germanywestcentral-azure-json-512-512-302: 2500/2500 tasks started.gcp-us-east1-gcp-json-512-512-63: 2500/2500 tasks started.
[2025-11-30T05:34:46Z] [[31merror[0m] [task_execution] Error executing task azure-json-512: task azure-json-512 failed after 7 retries: <nil>
[2025-11-30T05:34:48Z] [[36minfo[0m] [progress_update] aws-us-east-1-aws-json-512-512-236: 2500/2500 tasks started.alibaba-us-east-1-alibaba-json-512-512-784: 2500/2500 tasks started.azure-germanywestcentral-azure-json-512-512-302: 2500/2500 tasks started.gcp-us-east1-gcp-json-512-512-63: 2500/2500 tasks started.
[2025-11-30T05:34:48Z] [[31merror[0m] [task_execution] Error executing task azure-json-512: task azure-json-512 failed after 7 retries: <nil>
[2025-11-30T05:34:48Z] [[31merror[0m] [task_execution] Error executing task azure-json-512: task azure-json-512 failed after 7 retries: <nil>
[2025-11-30T05:34:48Z] [[31merror[0m] [task_execution] Error executing task azure-json-512: task azure-json-512 failed after 7 retries: <nil>
[2025-11-30T05:34:48Z] [[31merror[0m] [task_execution] Error executing task azure-json-512: task azure-json-512 failed after 7 retries: <nil>
[2025-11-30T05:34:48Z] [[31merror[0m] [task_execution] Error executing task azure-json-512: task azure-json-512 failed after 7 retries: <nil>
[2025-11-30T05:34:48Z] [[31merror[0m] [task_execution] Error executing task azure-json-512: task azure-json-512 failed after 7 retries: <nil>
[2025-11-30T05:34:48Z] [[31merror[0m] [task_execution] Error executing task azure-json-512: task azure-json-512 failed after 7 retries: <nil>
[2025-11-30T05:34:58Z] [[36minfo[0m] [progress_update] aws-us-east-1-aws-json-512-512-236: 2500/2500 tasks started.alibaba-us-east-1-alibaba-json-512-512-784: 2500/2500 tasks started.azure-germanywestcentral-azure-json-512-512-302: 2500/2500 tasks started.gcp-us-east1-gcp-json-512-512-63: 2500/2500 tasks started.
[2025-11-30T05:35:08Z] [[36minfo[0m] [progress_update] aws-us-east-1-aws-json-512-512-236: 2500/2500 tasks started.alibaba-us-east-1-alibaba-json-512-512-784: 2500/2500 tasks started.azure-germanywestcentral-azure-json-512-512-302: 2500/2500 tasks started.gcp-us-east1-gcp-json-512-512-63: 2500/2500 tasks started.
[2025-11-30T05:35:12Z] [[31merror[0m] [task_execution] Error executing task azure-json-512: task azure-json-512 failed after 7 retries: <nil>
[2025-11-30T05:35:12Z] [[31merror[0m] [task_execution] Error executing task azure-json-512: task azure-json-512 failed after 7 retries: <nil>
[2025-11-30T05:35:14Z] [[31merror[0m] [task_execution] Error executing task azure-json-512: task azure-json-512 failed after 7 retries: <nil>
[2025-11-30T05:35:18Z] [[36minfo[0m] [progress_update] azure-germanywestcentral-azure-json-512-512-302: 2500/2500 tasks started.gcp-us-east1-gcp-json-512-512-63: 2500/2500 tasks started.aws-us-east-1-aws-json-512-512-236: 2500/2500 tasks started.alibaba-us-east-1-alibaba-json-512-512-784: 2500/2500 tasks started.
[2025-11-30T05:35:28Z] [[36minfo[0m] [progress_update] aws-us-east-1-aws-json-512-512-236: 2500/2500 tasks started.alibaba-us-east-1-alibaba-json-512-512-784: 2500/2500 tasks started.azure-germanywestcentral-azure-json-512-512-302: 2500/2500 tasks started.gcp-us-east1-gcp-json-512-512-63: 2500/2500 tasks started.
[2025-11-30T05:35:36Z] [[31merror[0m] [task_execution] Error executing task azure-json-512: task azure-json-512 failed after 7 retries: <nil>
[2025-11-30T05:35:36Z] [[31merror[0m] [task_execution] Error executing task azure-json-512: task azure-json-512 failed after 7 retries: <nil>
[2025-11-30T05:35:38Z] [[36minfo[0m] [progress_update] aws-us-east-1-aws-json-512-512-236: 2500/2500 tasks started.alibaba-us-east-1-alibaba-json-512-512-784: 2500/2500 tasks started.azure-germanywestcentral-azure-json-512-512-302: 2500/2500 tasks started.gcp-us-east1-gcp-json-512-512-63: 2500/2500 tasks started.
[2025-11-30T05:35:38Z] [[31merror[0m] [task_execution] Error executing task azure-json-512: task azure-json-512 failed after 7 retries: <nil>
[2025-11-30T05:35:43Z] [[36minfo[0m] [function_finished] Finished benchmarking function azure-json-512 and closed archiver
[2025-11-30T05:35:45Z] [[36minfo[0m] [finish_timeline] Benchmark Timeline
[Sun Nov 30 05:35:45 UTC 2025] Finished benchmark 'json' successfully
[Sun Nov 30 05:35:45 UTC 2025] Sleeping 600 seconds before next workload...
