[Sun Nov 30 17:45:25 UTC 2025] Starting benchmark 'gzip' with config './configs/gzip.yaml'
Validating functions...
[2025-11-30T17:45:25Z] [[36minfo[0m] [executor_setup] Setting up executor for aws-us-east-1-aws-gzip-512-512-807
[2025-11-30T17:45:25Z] [[36minfo[0m] [executor_setup] Setting up executor for alibaba-us-east-1-alibaba-gzip-512-512-374
[2025-11-30T17:45:25Z] [[36minfo[0m] [executor_setup] Setting up executor for azure-germanywestcentral-azure-gzip-512-512-825
[2025-11-30T17:45:25Z] [[0mwarning[0m] [[32mazure_limitations[0m] Azure can´t handle more than 300 parallel requests. Limiting to 300.
[2025-11-30T17:45:25Z] [[36minfo[0m] [executor_setup] Setting up executor for gcp-us-east1-gcp-gzip-512-512-175
[2025-11-30T17:45:25Z] [[36minfo[0m] [start_timeline] Benchmark Timeline
[2025-11-30T17:45:25Z] [[36minfo[0m] [load_generator_start] (gcp: us-east1) Starting load generator with 300 workers
[2025-11-30T17:45:25Z] [[36minfo[0m] [load_generator_start] (aws: us-east-1) Starting load generator with 500 workers
[2025-11-30T17:45:25Z] [[36minfo[0m] [load_generator_start] (alibaba: us-east-1) Starting load generator with 500 workers
[2025-11-30T17:45:25Z] [[36minfo[0m] [load_generator_start] (azure: germanywestcentral) Starting load generator with 300 workers
[2025-11-30T17:45:35Z] [[36minfo[0m] [progress_update] aws-us-east-1-aws-gzip-512-512-807: 2026/2500 tasks started.alibaba-us-east-1-alibaba-gzip-512-512-374: 1914/2500 tasks started.azure-germanywestcentral-azure-gzip-512-512-825: 689/2500 tasks started.gcp-us-east1-gcp-gzip-512-512-175: 1173/2500 tasks started.
[2025-11-30T17:45:45Z] [[36minfo[0m] [progress_update] aws-us-east-1-aws-gzip-512-512-807: 2500/2500 tasks started.alibaba-us-east-1-alibaba-gzip-512-512-374: 2500/2500 tasks started.azure-germanywestcentral-azure-gzip-512-512-825: 706/2500 tasks started.gcp-us-east1-gcp-gzip-512-512-175: 2209/2500 tasks started.
[2025-11-30T17:45:49Z] [[36minfo[0m] [function_finished] Finished benchmarking function aws-gzip-512 and closed archiver
[2025-11-30T17:45:55Z] [[36minfo[0m] [progress_update] aws-us-east-1-aws-gzip-512-512-807: 2500/2500 tasks started.alibaba-us-east-1-alibaba-gzip-512-512-374: 2500/2500 tasks started.azure-germanywestcentral-azure-gzip-512-512-825: 1382/2500 tasks started.gcp-us-east1-gcp-gzip-512-512-175: 2500/2500 tasks started.
[2025-11-30T17:46:03Z] [[36minfo[0m] [function_finished] Finished benchmarking function gcp-gzip-512 and closed archiver
[2025-11-30T17:46:05Z] [[36minfo[0m] [progress_update] aws-us-east-1-aws-gzip-512-512-807: 2500/2500 tasks started.alibaba-us-east-1-alibaba-gzip-512-512-374: 2500/2500 tasks started.azure-germanywestcentral-azure-gzip-512-512-825: 1990/2500 tasks started.gcp-us-east1-gcp-gzip-512-512-175: 2500/2500 tasks started.
[2025-11-30T17:46:15Z] [[36minfo[0m] [progress_update] aws-us-east-1-aws-gzip-512-512-807: 2500/2500 tasks started.alibaba-us-east-1-alibaba-gzip-512-512-374: 2500/2500 tasks started.azure-germanywestcentral-azure-gzip-512-512-825: 2384/2500 tasks started.gcp-us-east1-gcp-gzip-512-512-175: 2500/2500 tasks started.
[2025-11-30T17:46:25Z] [[36minfo[0m] [progress_update] gcp-us-east1-gcp-gzip-512-512-175: 2500/2500 tasks started.aws-us-east-1-aws-gzip-512-512-807: 2500/2500 tasks started.alibaba-us-east-1-alibaba-gzip-512-512-374: 2500/2500 tasks started.azure-germanywestcentral-azure-gzip-512-512-825: 2396/2500 tasks started.
[2025-11-30T17:46:35Z] [[36minfo[0m] [progress_update] aws-us-east-1-aws-gzip-512-512-807: 2500/2500 tasks started.alibaba-us-east-1-alibaba-gzip-512-512-374: 2500/2500 tasks started.azure-germanywestcentral-azure-gzip-512-512-825: 2439/2500 tasks started.gcp-us-east1-gcp-gzip-512-512-175: 2500/2500 tasks started.
[2025-11-30T17:46:45Z] [[36minfo[0m] [progress_update] azure-germanywestcentral-azure-gzip-512-512-825: 2485/2500 tasks started.gcp-us-east1-gcp-gzip-512-512-175: 2500/2500 tasks started.aws-us-east-1-aws-gzip-512-512-807: 2500/2500 tasks started.alibaba-us-east-1-alibaba-gzip-512-512-374: 2500/2500 tasks started.
[2025-11-30T17:46:55Z] [[36minfo[0m] [progress_update] gcp-us-east1-gcp-gzip-512-512-175: 2500/2500 tasks started.aws-us-east-1-aws-gzip-512-512-807: 2500/2500 tasks started.alibaba-us-east-1-alibaba-gzip-512-512-374: 2500/2500 tasks started.azure-germanywestcentral-azure-gzip-512-512-825: 2500/2500 tasks started.
[2025-11-30T17:47:05Z] [[36minfo[0m] [progress_update] aws-us-east-1-aws-gzip-512-512-807: 2500/2500 tasks started.alibaba-us-east-1-alibaba-gzip-512-512-374: 2500/2500 tasks started.azure-germanywestcentral-azure-gzip-512-512-825: 2500/2500 tasks started.gcp-us-east1-gcp-gzip-512-512-175: 2500/2500 tasks started.
[2025-11-30T17:47:15Z] [[36minfo[0m] [progress_update] aws-us-east-1-aws-gzip-512-512-807: 2500/2500 tasks started.alibaba-us-east-1-alibaba-gzip-512-512-374: 2500/2500 tasks started.azure-germanywestcentral-azure-gzip-512-512-825: 2500/2500 tasks started.gcp-us-east1-gcp-gzip-512-512-175: 2500/2500 tasks started.
[2025-11-30T17:47:25Z] [[36minfo[0m] [progress_update] azure-germanywestcentral-azure-gzip-512-512-825: 2500/2500 tasks started.gcp-us-east1-gcp-gzip-512-512-175: 2500/2500 tasks started.aws-us-east-1-aws-gzip-512-512-807: 2500/2500 tasks started.alibaba-us-east-1-alibaba-gzip-512-512-374: 2500/2500 tasks started.
[2025-11-30T17:47:35Z] [[36minfo[0m] [progress_update] gcp-us-east1-gcp-gzip-512-512-175: 2500/2500 tasks started.aws-us-east-1-aws-gzip-512-512-807: 2500/2500 tasks started.alibaba-us-east-1-alibaba-gzip-512-512-374: 2500/2500 tasks started.azure-germanywestcentral-azure-gzip-512-512-825: 2500/2500 tasks started.
[2025-11-30T17:47:45Z] [[36minfo[0m] [progress_update] aws-us-east-1-aws-gzip-512-512-807: 2500/2500 tasks started.alibaba-us-east-1-alibaba-gzip-512-512-374: 2500/2500 tasks started.azure-germanywestcentral-azure-gzip-512-512-825: 2500/2500 tasks started.gcp-us-east1-gcp-gzip-512-512-175: 2500/2500 tasks started.
[2025-11-30T17:47:53Z] [[36minfo[0m] [function_finished] Finished benchmarking function alibaba-gzip-512 and closed archiver
[2025-11-30T17:47:55Z] [[36minfo[0m] [progress_update] aws-us-east-1-aws-gzip-512-512-807: 2500/2500 tasks started.alibaba-us-east-1-alibaba-gzip-512-512-374: 2500/2500 tasks started.azure-germanywestcentral-azure-gzip-512-512-825: 2500/2500 tasks started.gcp-us-east1-gcp-gzip-512-512-175: 2500/2500 tasks started.
[2025-11-30T17:48:05Z] [[36minfo[0m] [progress_update] alibaba-us-east-1-alibaba-gzip-512-512-374: 2500/2500 tasks started.azure-germanywestcentral-azure-gzip-512-512-825: 2500/2500 tasks started.gcp-us-east1-gcp-gzip-512-512-175: 2500/2500 tasks started.aws-us-east-1-aws-gzip-512-512-807: 2500/2500 tasks started.
[2025-11-30T17:48:15Z] [[36minfo[0m] [progress_update] aws-us-east-1-aws-gzip-512-512-807: 2500/2500 tasks started.alibaba-us-east-1-alibaba-gzip-512-512-374: 2500/2500 tasks started.azure-germanywestcentral-azure-gzip-512-512-825: 2500/2500 tasks started.gcp-us-east1-gcp-gzip-512-512-175: 2500/2500 tasks started.
[2025-11-30T17:48:25Z] [[36minfo[0m] [progress_update] aws-us-east-1-aws-gzip-512-512-807: 2500/2500 tasks started.alibaba-us-east-1-alibaba-gzip-512-512-374: 2500/2500 tasks started.azure-germanywestcentral-azure-gzip-512-512-825: 2500/2500 tasks started.gcp-us-east1-gcp-gzip-512-512-175: 2500/2500 tasks started.
[2025-11-30T17:48:35Z] [[36minfo[0m] [progress_update] alibaba-us-east-1-alibaba-gzip-512-512-374: 2500/2500 tasks started.azure-germanywestcentral-azure-gzip-512-512-825: 2500/2500 tasks started.gcp-us-east1-gcp-gzip-512-512-175: 2500/2500 tasks started.aws-us-east-1-aws-gzip-512-512-807: 2500/2500 tasks started.
[2025-11-30T17:48:45Z] [[36minfo[0m] [progress_update] aws-us-east-1-aws-gzip-512-512-807: 2500/2500 tasks started.alibaba-us-east-1-alibaba-gzip-512-512-374: 2500/2500 tasks started.azure-germanywestcentral-azure-gzip-512-512-825: 2500/2500 tasks started.gcp-us-east1-gcp-gzip-512-512-175: 2500/2500 tasks started.
[2025-11-30T17:48:55Z] [[36minfo[0m] [progress_update] aws-us-east-1-aws-gzip-512-512-807: 2500/2500 tasks started.alibaba-us-east-1-alibaba-gzip-512-512-374: 2500/2500 tasks started.azure-germanywestcentral-azure-gzip-512-512-825: 2500/2500 tasks started.gcp-us-east1-gcp-gzip-512-512-175: 2500/2500 tasks started.
[2025-11-30T17:49:05Z] [[36minfo[0m] [progress_update] aws-us-east-1-aws-gzip-512-512-807: 2500/2500 tasks started.alibaba-us-east-1-alibaba-gzip-512-512-374: 2500/2500 tasks started.azure-germanywestcentral-azure-gzip-512-512-825: 2500/2500 tasks started.gcp-us-east1-gcp-gzip-512-512-175: 2500/2500 tasks started.
[2025-11-30T17:49:15Z] [[36minfo[0m] [progress_update] aws-us-east-1-aws-gzip-512-512-807: 2500/2500 tasks started.alibaba-us-east-1-alibaba-gzip-512-512-374: 2500/2500 tasks started.azure-germanywestcentral-azure-gzip-512-512-825: 2500/2500 tasks started.gcp-us-east1-gcp-gzip-512-512-175: 2500/2500 tasks started.
[2025-11-30T17:49:25Z] [[36minfo[0m] [progress_update] aws-us-east-1-aws-gzip-512-512-807: 2500/2500 tasks started.alibaba-us-east-1-alibaba-gzip-512-512-374: 2500/2500 tasks started.azure-germanywestcentral-azure-gzip-512-512-825: 2500/2500 tasks started.gcp-us-east1-gcp-gzip-512-512-175: 2500/2500 tasks started.
[2025-11-30T17:49:35Z] [[36minfo[0m] [progress_update] azure-germanywestcentral-azure-gzip-512-512-825: 2500/2500 tasks started.gcp-us-east1-gcp-gzip-512-512-175: 2500/2500 tasks started.aws-us-east-1-aws-gzip-512-512-807: 2500/2500 tasks started.alibaba-us-east-1-alibaba-gzip-512-512-374: 2500/2500 tasks started.
[2025-11-30T17:49:45Z] [[36minfo[0m] [progress_update] aws-us-east-1-aws-gzip-512-512-807: 2500/2500 tasks started.alibaba-us-east-1-alibaba-gzip-512-512-374: 2500/2500 tasks started.azure-germanywestcentral-azure-gzip-512-512-825: 2500/2500 tasks started.gcp-us-east1-gcp-gzip-512-512-175: 2500/2500 tasks started.
[2025-11-30T17:49:55Z] [[36minfo[0m] [progress_update] alibaba-us-east-1-alibaba-gzip-512-512-374: 2500/2500 tasks started.azure-germanywestcentral-azure-gzip-512-512-825: 2500/2500 tasks started.gcp-us-east1-gcp-gzip-512-512-175: 2500/2500 tasks started.aws-us-east-1-aws-gzip-512-512-807: 2500/2500 tasks started.
[2025-11-30T17:50:05Z] [[36minfo[0m] [progress_update] aws-us-east-1-aws-gzip-512-512-807: 2500/2500 tasks started.alibaba-us-east-1-alibaba-gzip-512-512-374: 2500/2500 tasks started.azure-germanywestcentral-azure-gzip-512-512-825: 2500/2500 tasks started.gcp-us-east1-gcp-gzip-512-512-175: 2500/2500 tasks started.
[2025-11-30T17:50:15Z] [[36minfo[0m] [progress_update] aws-us-east-1-aws-gzip-512-512-807: 2500/2500 tasks started.alibaba-us-east-1-alibaba-gzip-512-512-374: 2500/2500 tasks started.azure-germanywestcentral-azure-gzip-512-512-825: 2500/2500 tasks started.gcp-us-east1-gcp-gzip-512-512-175: 2500/2500 tasks started.
[2025-11-30T17:50:19Z] [[31merror[0m] [task_execution] Error executing task azure-gzip-512: task azure-gzip-512 failed after 7 retries: <nil>
[2025-11-30T17:50:19Z] [[31merror[0m] [task_execution] Error executing task azure-gzip-512: task azure-gzip-512 failed after 7 retries: <nil>
[2025-11-30T17:50:20Z] [[31merror[0m] [task_execution] Error executing task azure-gzip-512: task azure-gzip-512 failed after 7 retries: <nil>
[2025-11-30T17:50:20Z] [[31merror[0m] [task_execution] Error executing task azure-gzip-512: task azure-gzip-512 failed after 7 retries: <nil>
[2025-11-30T17:50:20Z] [[31merror[0m] [task_execution] Error executing task azure-gzip-512: task azure-gzip-512 failed after 7 retries: <nil>
[2025-11-30T17:50:20Z] [[31merror[0m] [task_execution] Error executing task azure-gzip-512: task azure-gzip-512 failed after 7 retries: <nil>
[2025-11-30T17:50:20Z] [[31merror[0m] [task_execution] Error executing task azure-gzip-512: task azure-gzip-512 failed after 7 retries: <nil>
[2025-11-30T17:50:20Z] [[31merror[0m] [task_execution] Error executing task azure-gzip-512: task azure-gzip-512 failed after 7 retries: <nil>
[2025-11-30T17:50:20Z] [[31merror[0m] [task_execution] Error executing task azure-gzip-512: task azure-gzip-512 failed after 7 retries: <nil>
[2025-11-30T17:50:20Z] [[31merror[0m] [task_execution] Error executing task azure-gzip-512: task azure-gzip-512 failed after 7 retries: <nil>
[2025-11-30T17:50:20Z] [[31merror[0m] [task_execution] Error executing task azure-gzip-512: task azure-gzip-512 failed after 7 retries: <nil>
[2025-11-30T17:50:20Z] [[31merror[0m] [task_execution] Error executing task azure-gzip-512: task azure-gzip-512 failed after 7 retries: <nil>
[2025-11-30T17:50:21Z] [[31merror[0m] [task_execution] Error executing task azure-gzip-512: task azure-gzip-512 failed after 7 retries: <nil>
[2025-11-30T17:50:23Z] [[31merror[0m] [task_execution] Error executing task azure-gzip-512: task azure-gzip-512 failed after 7 retries: <nil>
[2025-11-30T17:50:23Z] [[31merror[0m] [task_execution] Error executing task azure-gzip-512: task azure-gzip-512 failed after 7 retries: <nil>
[2025-11-30T17:50:23Z] [[31merror[0m] [task_execution] Error executing task azure-gzip-512: task azure-gzip-512 failed after 7 retries: <nil>
[2025-11-30T17:50:23Z] [[31merror[0m] [task_execution] Error executing task azure-gzip-512: task azure-gzip-512 failed after 7 retries: <nil>
[2025-11-30T17:50:24Z] [[31merror[0m] [task_execution] Error executing task azure-gzip-512: task azure-gzip-512 failed after 7 retries: <nil>
[2025-11-30T17:50:25Z] [[36minfo[0m] [progress_update] aws-us-east-1-aws-gzip-512-512-807: 2500/2500 tasks started.alibaba-us-east-1-alibaba-gzip-512-512-374: 2500/2500 tasks started.azure-germanywestcentral-azure-gzip-512-512-825: 2500/2500 tasks started.gcp-us-east1-gcp-gzip-512-512-175: 2500/2500 tasks started.
[2025-11-30T17:50:29Z] [[36minfo[0m] [function_finished] Finished benchmarking function azure-gzip-512 and closed archiver
[2025-11-30T17:50:31Z] [[36minfo[0m] [finish_timeline] Benchmark Timeline
[Sun Nov 30 17:50:31 UTC 2025] Finished benchmark 'gzip' successfully
[Sun Nov 30 17:50:31 UTC 2025] Sleeping 600 seconds before next workload...
