[Mon Dec  1 11:15:42 UTC 2025] Starting benchmark 'gzip' with config './configs/gzip.yaml'
Validating functions...
[2025-12-01T11:15:42Z] [[36minfo[0m] [executor_setup] Setting up executor for aws-us-east-1-aws-gzip-512-512-639
[2025-12-01T11:15:42Z] [[36minfo[0m] [executor_setup] Setting up executor for alibaba-us-east-1-alibaba-gzip-512-512-963
[2025-12-01T11:15:42Z] [[36minfo[0m] [executor_setup] Setting up executor for azure-germanywestcentral-azure-gzip-512-512-32
[2025-12-01T11:15:42Z] [[0mwarning[0m] [[32mazure_limitations[0m] Azure can´t handle more than 300 parallel requests. Limiting to 300.
[2025-12-01T11:15:42Z] [[36minfo[0m] [executor_setup] Setting up executor for gcp-us-east1-gcp-gzip-512-512-898
[2025-12-01T11:15:42Z] [[36minfo[0m] [start_timeline] Benchmark Timeline
[2025-12-01T11:15:42Z] [[36minfo[0m] [load_generator_start] (gcp: us-east1) Starting load generator with 300 workers
[2025-12-01T11:15:42Z] [[36minfo[0m] [load_generator_start] (aws: us-east-1) Starting load generator with 500 workers
[2025-12-01T11:15:42Z] [[36minfo[0m] [load_generator_start] (alibaba: us-east-1) Starting load generator with 500 workers
[2025-12-01T11:15:42Z] [[36minfo[0m] [load_generator_start] (azure: germanywestcentral) Starting load generator with 300 workers
[2025-12-01T11:15:52Z] [[36minfo[0m] [progress_update] aws-us-east-1-aws-gzip-512-512-639: 2097/2500 tasks started.alibaba-us-east-1-alibaba-gzip-512-512-963: 1903/2500 tasks started.azure-germanywestcentral-azure-gzip-512-512-32: 639/2500 tasks started.gcp-us-east1-gcp-gzip-512-512-898: 1167/2500 tasks started.
[2025-12-01T11:16:02Z] [[36minfo[0m] [progress_update] alibaba-us-east-1-alibaba-gzip-512-512-963: 2500/2500 tasks started.azure-germanywestcentral-azure-gzip-512-512-32: 672/2500 tasks started.gcp-us-east1-gcp-gzip-512-512-898: 2263/2500 tasks started.aws-us-east-1-aws-gzip-512-512-639: 2500/2500 tasks started.
[2025-12-01T11:16:07Z] [[36minfo[0m] [function_finished] Finished benchmarking function aws-gzip-512 and closed archiver
[2025-12-01T11:16:12Z] [[36minfo[0m] [progress_update] aws-us-east-1-aws-gzip-512-512-639: 2500/2500 tasks started.alibaba-us-east-1-alibaba-gzip-512-512-963: 2500/2500 tasks started.azure-germanywestcentral-azure-gzip-512-512-32: 1336/2500 tasks started.gcp-us-east1-gcp-gzip-512-512-898: 2500/2500 tasks started.
[2025-12-01T11:16:22Z] [[36minfo[0m] [progress_update] aws-us-east-1-aws-gzip-512-512-639: 2500/2500 tasks started.alibaba-us-east-1-alibaba-gzip-512-512-963: 2500/2500 tasks started.azure-germanywestcentral-azure-gzip-512-512-32: 1910/2500 tasks started.gcp-us-east1-gcp-gzip-512-512-898: 2500/2500 tasks started.
[2025-12-01T11:16:23Z] [[36minfo[0m] [function_finished] Finished benchmarking function gcp-gzip-512 and closed archiver
[2025-12-01T11:16:32Z] [[36minfo[0m] [progress_update] alibaba-us-east-1-alibaba-gzip-512-512-963: 2500/2500 tasks started.azure-germanywestcentral-azure-gzip-512-512-32: 2378/2500 tasks started.gcp-us-east1-gcp-gzip-512-512-898: 2500/2500 tasks started.aws-us-east-1-aws-gzip-512-512-639: 2500/2500 tasks started.
[2025-12-01T11:16:42Z] [[36minfo[0m] [progress_update] aws-us-east-1-aws-gzip-512-512-639: 2500/2500 tasks started.alibaba-us-east-1-alibaba-gzip-512-512-963: 2500/2500 tasks started.azure-germanywestcentral-azure-gzip-512-512-32: 2391/2500 tasks started.gcp-us-east1-gcp-gzip-512-512-898: 2500/2500 tasks started.
[2025-12-01T11:16:52Z] [[36minfo[0m] [progress_update] aws-us-east-1-aws-gzip-512-512-639: 2500/2500 tasks started.alibaba-us-east-1-alibaba-gzip-512-512-963: 2500/2500 tasks started.azure-germanywestcentral-azure-gzip-512-512-32: 2456/2500 tasks started.gcp-us-east1-gcp-gzip-512-512-898: 2500/2500 tasks started.
[2025-12-01T11:17:02Z] [[36minfo[0m] [progress_update] aws-us-east-1-aws-gzip-512-512-639: 2500/2500 tasks started.alibaba-us-east-1-alibaba-gzip-512-512-963: 2500/2500 tasks started.azure-germanywestcentral-azure-gzip-512-512-32: 2500/2500 tasks started.gcp-us-east1-gcp-gzip-512-512-898: 2500/2500 tasks started.
[2025-12-01T11:17:12Z] [[36minfo[0m] [progress_update] gcp-us-east1-gcp-gzip-512-512-898: 2500/2500 tasks started.aws-us-east-1-aws-gzip-512-512-639: 2500/2500 tasks started.alibaba-us-east-1-alibaba-gzip-512-512-963: 2500/2500 tasks started.azure-germanywestcentral-azure-gzip-512-512-32: 2500/2500 tasks started.
[2025-12-01T11:17:22Z] [[36minfo[0m] [progress_update] aws-us-east-1-aws-gzip-512-512-639: 2500/2500 tasks started.alibaba-us-east-1-alibaba-gzip-512-512-963: 2500/2500 tasks started.azure-germanywestcentral-azure-gzip-512-512-32: 2500/2500 tasks started.gcp-us-east1-gcp-gzip-512-512-898: 2500/2500 tasks started.
[2025-12-01T11:17:32Z] [[36minfo[0m] [progress_update] aws-us-east-1-aws-gzip-512-512-639: 2500/2500 tasks started.alibaba-us-east-1-alibaba-gzip-512-512-963: 2500/2500 tasks started.azure-germanywestcentral-azure-gzip-512-512-32: 2500/2500 tasks started.gcp-us-east1-gcp-gzip-512-512-898: 2500/2500 tasks started.
[2025-12-01T11:17:42Z] [[36minfo[0m] [progress_update] azure-germanywestcentral-azure-gzip-512-512-32: 2500/2500 tasks started.gcp-us-east1-gcp-gzip-512-512-898: 2500/2500 tasks started.aws-us-east-1-aws-gzip-512-512-639: 2500/2500 tasks started.alibaba-us-east-1-alibaba-gzip-512-512-963: 2500/2500 tasks started.
[2025-12-01T11:17:52Z] [[36minfo[0m] [progress_update] aws-us-east-1-aws-gzip-512-512-639: 2500/2500 tasks started.alibaba-us-east-1-alibaba-gzip-512-512-963: 2500/2500 tasks started.azure-germanywestcentral-azure-gzip-512-512-32: 2500/2500 tasks started.gcp-us-east1-gcp-gzip-512-512-898: 2500/2500 tasks started.
[2025-12-01T11:18:02Z] [[36minfo[0m] [function_finished] Finished benchmarking function alibaba-gzip-512 and closed archiver
[2025-12-01T11:18:02Z] [[36minfo[0m] [progress_update] azure-germanywestcentral-azure-gzip-512-512-32: 2500/2500 tasks started.gcp-us-east1-gcp-gzip-512-512-898: 2500/2500 tasks started.aws-us-east-1-aws-gzip-512-512-639: 2500/2500 tasks started.alibaba-us-east-1-alibaba-gzip-512-512-963: 2500/2500 tasks started.
[2025-12-01T11:18:12Z] [[36minfo[0m] [progress_update] alibaba-us-east-1-alibaba-gzip-512-512-963: 2500/2500 tasks started.azure-germanywestcentral-azure-gzip-512-512-32: 2500/2500 tasks started.gcp-us-east1-gcp-gzip-512-512-898: 2500/2500 tasks started.aws-us-east-1-aws-gzip-512-512-639: 2500/2500 tasks started.
[2025-12-01T11:18:22Z] [[36minfo[0m] [progress_update] aws-us-east-1-aws-gzip-512-512-639: 2500/2500 tasks started.alibaba-us-east-1-alibaba-gzip-512-512-963: 2500/2500 tasks started.azure-germanywestcentral-azure-gzip-512-512-32: 2500/2500 tasks started.gcp-us-east1-gcp-gzip-512-512-898: 2500/2500 tasks started.
[2025-12-01T11:18:32Z] [[36minfo[0m] [progress_update] aws-us-east-1-aws-gzip-512-512-639: 2500/2500 tasks started.alibaba-us-east-1-alibaba-gzip-512-512-963: 2500/2500 tasks started.azure-germanywestcentral-azure-gzip-512-512-32: 2500/2500 tasks started.gcp-us-east1-gcp-gzip-512-512-898: 2500/2500 tasks started.
[2025-12-01T11:18:42Z] [[36minfo[0m] [progress_update] aws-us-east-1-aws-gzip-512-512-639: 2500/2500 tasks started.alibaba-us-east-1-alibaba-gzip-512-512-963: 2500/2500 tasks started.azure-germanywestcentral-azure-gzip-512-512-32: 2500/2500 tasks started.gcp-us-east1-gcp-gzip-512-512-898: 2500/2500 tasks started.
[2025-12-01T11:18:52Z] [[36minfo[0m] [progress_update] aws-us-east-1-aws-gzip-512-512-639: 2500/2500 tasks started.alibaba-us-east-1-alibaba-gzip-512-512-963: 2500/2500 tasks started.azure-germanywestcentral-azure-gzip-512-512-32: 2500/2500 tasks started.gcp-us-east1-gcp-gzip-512-512-898: 2500/2500 tasks started.
[2025-12-01T11:19:02Z] [[36minfo[0m] [progress_update] aws-us-east-1-aws-gzip-512-512-639: 2500/2500 tasks started.alibaba-us-east-1-alibaba-gzip-512-512-963: 2500/2500 tasks started.azure-germanywestcentral-azure-gzip-512-512-32: 2500/2500 tasks started.gcp-us-east1-gcp-gzip-512-512-898: 2500/2500 tasks started.
[2025-12-01T11:19:12Z] [[36minfo[0m] [progress_update] azure-germanywestcentral-azure-gzip-512-512-32: 2500/2500 tasks started.gcp-us-east1-gcp-gzip-512-512-898: 2500/2500 tasks started.aws-us-east-1-aws-gzip-512-512-639: 2500/2500 tasks started.alibaba-us-east-1-alibaba-gzip-512-512-963: 2500/2500 tasks started.
[2025-12-01T11:19:22Z] [[36minfo[0m] [progress_update] azure-germanywestcentral-azure-gzip-512-512-32: 2500/2500 tasks started.gcp-us-east1-gcp-gzip-512-512-898: 2500/2500 tasks started.aws-us-east-1-aws-gzip-512-512-639: 2500/2500 tasks started.alibaba-us-east-1-alibaba-gzip-512-512-963: 2500/2500 tasks started.
[2025-12-01T11:19:32Z] [[36minfo[0m] [progress_update] azure-germanywestcentral-azure-gzip-512-512-32: 2500/2500 tasks started.gcp-us-east1-gcp-gzip-512-512-898: 2500/2500 tasks started.aws-us-east-1-aws-gzip-512-512-639: 2500/2500 tasks started.alibaba-us-east-1-alibaba-gzip-512-512-963: 2500/2500 tasks started.
[2025-12-01T11:19:42Z] [[36minfo[0m] [progress_update] aws-us-east-1-aws-gzip-512-512-639: 2500/2500 tasks started.alibaba-us-east-1-alibaba-gzip-512-512-963: 2500/2500 tasks started.azure-germanywestcentral-azure-gzip-512-512-32: 2500/2500 tasks started.gcp-us-east1-gcp-gzip-512-512-898: 2500/2500 tasks started.
[2025-12-01T11:19:52Z] [[36minfo[0m] [progress_update] gcp-us-east1-gcp-gzip-512-512-898: 2500/2500 tasks started.aws-us-east-1-aws-gzip-512-512-639: 2500/2500 tasks started.alibaba-us-east-1-alibaba-gzip-512-512-963: 2500/2500 tasks started.azure-germanywestcentral-azure-gzip-512-512-32: 2500/2500 tasks started.
[2025-12-01T11:20:02Z] [[36minfo[0m] [progress_update] aws-us-east-1-aws-gzip-512-512-639: 2500/2500 tasks started.alibaba-us-east-1-alibaba-gzip-512-512-963: 2500/2500 tasks started.azure-germanywestcentral-azure-gzip-512-512-32: 2500/2500 tasks started.gcp-us-east1-gcp-gzip-512-512-898: 2500/2500 tasks started.
[2025-12-01T11:20:12Z] [[36minfo[0m] [progress_update] aws-us-east-1-aws-gzip-512-512-639: 2500/2500 tasks started.alibaba-us-east-1-alibaba-gzip-512-512-963: 2500/2500 tasks started.azure-germanywestcentral-azure-gzip-512-512-32: 2500/2500 tasks started.gcp-us-east1-gcp-gzip-512-512-898: 2500/2500 tasks started.
[2025-12-01T11:20:22Z] [[36minfo[0m] [progress_update] aws-us-east-1-aws-gzip-512-512-639: 2500/2500 tasks started.alibaba-us-east-1-alibaba-gzip-512-512-963: 2500/2500 tasks started.azure-germanywestcentral-azure-gzip-512-512-32: 2500/2500 tasks started.gcp-us-east1-gcp-gzip-512-512-898: 2500/2500 tasks started.
[2025-12-01T11:20:32Z] [[36minfo[0m] [progress_update] aws-us-east-1-aws-gzip-512-512-639: 2500/2500 tasks started.alibaba-us-east-1-alibaba-gzip-512-512-963: 2500/2500 tasks started.azure-germanywestcentral-azure-gzip-512-512-32: 2500/2500 tasks started.gcp-us-east1-gcp-gzip-512-512-898: 2500/2500 tasks started.
[2025-12-01T11:20:39Z] [[31merror[0m] [task_execution] Error executing task azure-gzip-512: task azure-gzip-512 failed after 7 retries: <nil>
[2025-12-01T11:20:41Z] [[31merror[0m] [task_execution] Error executing task azure-gzip-512: task azure-gzip-512 failed after 7 retries: <nil>
[2025-12-01T11:20:41Z] [[31merror[0m] [task_execution] Error executing task azure-gzip-512: task azure-gzip-512 failed after 7 retries: <nil>
[2025-12-01T11:20:41Z] [[31merror[0m] [task_execution] Error executing task azure-gzip-512: task azure-gzip-512 failed after 7 retries: <nil>
[2025-12-01T11:20:41Z] [[31merror[0m] [task_execution] Error executing task azure-gzip-512: task azure-gzip-512 failed after 7 retries: <nil>
[2025-12-01T11:20:41Z] [[31merror[0m] [task_execution] Error executing task azure-gzip-512: task azure-gzip-512 failed after 7 retries: <nil>
[2025-12-01T11:20:41Z] [[31merror[0m] [task_execution] Error executing task azure-gzip-512: task azure-gzip-512 failed after 7 retries: <nil>
[2025-12-01T11:20:41Z] [[31merror[0m] [task_execution] Error executing task azure-gzip-512: task azure-gzip-512 failed after 7 retries: <nil>
[2025-12-01T11:20:41Z] [[31merror[0m] [task_execution] Error executing task azure-gzip-512: task azure-gzip-512 failed after 7 retries: <nil>
[2025-12-01T11:20:41Z] [[31merror[0m] [task_execution] Error executing task azure-gzip-512: task azure-gzip-512 failed after 7 retries: <nil>
[2025-12-01T11:20:41Z] [[31merror[0m] [task_execution] Error executing task azure-gzip-512: task azure-gzip-512 failed after 7 retries: <nil>
[2025-12-01T11:20:42Z] [[31merror[0m] [task_execution] Error executing task azure-gzip-512: task azure-gzip-512 failed after 7 retries: <nil>
[2025-12-01T11:20:42Z] [[31merror[0m] [task_execution] Error executing task azure-gzip-512: task azure-gzip-512 failed after 7 retries: <nil>
[2025-12-01T11:20:42Z] [[31merror[0m] [task_execution] Error executing task azure-gzip-512: task azure-gzip-512 failed after 7 retries: <nil>
[2025-12-01T11:20:42Z] [[31merror[0m] [task_execution] Error executing task azure-gzip-512: task azure-gzip-512 failed after 7 retries: <nil>
[2025-12-01T11:20:42Z] [[31merror[0m] [task_execution] Error executing task azure-gzip-512: task azure-gzip-512 failed after 7 retries: <nil>
[2025-12-01T11:20:42Z] [[31merror[0m] [task_execution] Error executing task azure-gzip-512: task azure-gzip-512 failed after 7 retries: <nil>
[2025-12-01T11:20:42Z] [[31merror[0m] [task_execution] Error executing task azure-gzip-512: task azure-gzip-512 failed after 7 retries: <nil>
[2025-12-01T11:20:42Z] [[31merror[0m] [task_execution] Error executing task azure-gzip-512: task azure-gzip-512 failed after 7 retries: <nil>
[2025-12-01T11:20:42Z] [[36minfo[0m] [progress_update] aws-us-east-1-aws-gzip-512-512-639: 2500/2500 tasks started.alibaba-us-east-1-alibaba-gzip-512-512-963: 2500/2500 tasks started.azure-germanywestcentral-azure-gzip-512-512-32: 2500/2500 tasks started.gcp-us-east1-gcp-gzip-512-512-898: 2500/2500 tasks started.
[2025-12-01T11:20:43Z] [[31merror[0m] [task_execution] Error executing task azure-gzip-512: task azure-gzip-512 failed after 7 retries: <nil>
[2025-12-01T11:20:48Z] [[36minfo[0m] [function_finished] Finished benchmarking function azure-gzip-512 and closed archiver
[2025-12-01T11:20:50Z] [[36minfo[0m] [finish_timeline] Benchmark Timeline
[Mon Dec  1 11:20:50 UTC 2025] Finished benchmark 'gzip' successfully
[Mon Dec  1 11:20:50 UTC 2025] Sleeping 600 seconds before next workload...
