[Thu Dec  4 23:30:14 UTC 2025] Starting benchmark 'json' with config './configs/json.yaml'
Validating functions...
[2025-12-04T23:30:14Z] [[36minfo[0m] [executor_setup] Setting up executor for aws-us-east-1-aws-json-512-512-242
[2025-12-04T23:30:14Z] [[36minfo[0m] [executor_setup] Setting up executor for alibaba-us-east-1-alibaba-json-512-512-927
[2025-12-04T23:30:14Z] [[36minfo[0m] [executor_setup] Setting up executor for azure-germanywestcentral-azure-json-512-512-96
[2025-12-04T23:30:14Z] [[0mwarning[0m] [[32mazure_limitations[0m] Azure can´t handle more than 300 parallel requests. Limiting to 300.
[2025-12-04T23:30:14Z] [[36minfo[0m] [executor_setup] Setting up executor for gcp-us-east1-gcp-json-512-512-751
[2025-12-04T23:30:14Z] [[36minfo[0m] [start_timeline] Benchmark Timeline
[2025-12-04T23:30:14Z] [[36minfo[0m] [load_generator_start] (aws: us-east-1) Starting load generator with 500 workers
[2025-12-04T23:30:14Z] [[36minfo[0m] [load_generator_start] (alibaba: us-east-1) Starting load generator with 500 workers
[2025-12-04T23:30:14Z] [[36minfo[0m] [load_generator_start] (azure: germanywestcentral) Starting load generator with 300 workers
[2025-12-04T23:30:14Z] [[36minfo[0m] [load_generator_start] (gcp: us-east1) Starting load generator with 300 workers
[2025-12-04T23:30:24Z] [[36minfo[0m] [progress_update] aws-us-east-1-aws-json-512-512-242: 1704/2500 tasks started.alibaba-us-east-1-alibaba-json-512-512-927: 1527/2500 tasks started.azure-germanywestcentral-azure-json-512-512-96: 658/2500 tasks started.gcp-us-east1-gcp-json-512-512-751: 971/2500 tasks started.
[2025-12-04T23:30:34Z] [[36minfo[0m] [progress_update] azure-germanywestcentral-azure-json-512-512-96: 665/2500 tasks started.gcp-us-east1-gcp-json-512-512-751: 1984/2500 tasks started.aws-us-east-1-aws-json-512-512-242: 2500/2500 tasks started.alibaba-us-east-1-alibaba-json-512-512-927: 2500/2500 tasks started.
[2025-12-04T23:30:39Z] [[36minfo[0m] [function_finished] Finished benchmarking function aws-json-512 and closed archiver
[2025-12-04T23:30:44Z] [[36minfo[0m] [progress_update] aws-us-east-1-aws-json-512-512-242: 2500/2500 tasks started.alibaba-us-east-1-alibaba-json-512-512-927: 2500/2500 tasks started.azure-germanywestcentral-azure-json-512-512-96: 1368/2500 tasks started.gcp-us-east1-gcp-json-512-512-751: 2500/2500 tasks started.
[2025-12-04T23:30:53Z] [[36minfo[0m] [function_finished] Finished benchmarking function gcp-json-512 and closed archiver
[2025-12-04T23:30:54Z] [[36minfo[0m] [progress_update] aws-us-east-1-aws-json-512-512-242: 2500/2500 tasks started.alibaba-us-east-1-alibaba-json-512-512-927: 2500/2500 tasks started.azure-germanywestcentral-azure-json-512-512-96: 1915/2500 tasks started.gcp-us-east1-gcp-json-512-512-751: 2500/2500 tasks started.
[2025-12-04T23:31:04Z] [[36minfo[0m] [progress_update] aws-us-east-1-aws-json-512-512-242: 2500/2500 tasks started.alibaba-us-east-1-alibaba-json-512-512-927: 2500/2500 tasks started.azure-germanywestcentral-azure-json-512-512-96: 2367/2500 tasks started.gcp-us-east1-gcp-json-512-512-751: 2500/2500 tasks started.
[2025-12-04T23:31:14Z] [[36minfo[0m] [progress_update] aws-us-east-1-aws-json-512-512-242: 2500/2500 tasks started.alibaba-us-east-1-alibaba-json-512-512-927: 2500/2500 tasks started.azure-germanywestcentral-azure-json-512-512-96: 2371/2500 tasks started.gcp-us-east1-gcp-json-512-512-751: 2500/2500 tasks started.
[2025-12-04T23:31:24Z] [[36minfo[0m] [progress_update] aws-us-east-1-aws-json-512-512-242: 2500/2500 tasks started.alibaba-us-east-1-alibaba-json-512-512-927: 2500/2500 tasks started.azure-germanywestcentral-azure-json-512-512-96: 2393/2500 tasks started.gcp-us-east1-gcp-json-512-512-751: 2500/2500 tasks started.
[2025-12-04T23:31:34Z] [[36minfo[0m] [progress_update] gcp-us-east1-gcp-json-512-512-751: 2500/2500 tasks started.aws-us-east-1-aws-json-512-512-242: 2500/2500 tasks started.alibaba-us-east-1-alibaba-json-512-512-927: 2500/2500 tasks started.azure-germanywestcentral-azure-json-512-512-96: 2421/2500 tasks started.
[2025-12-04T23:31:44Z] [[36minfo[0m] [progress_update] azure-germanywestcentral-azure-json-512-512-96: 2447/2500 tasks started.gcp-us-east1-gcp-json-512-512-751: 2500/2500 tasks started.aws-us-east-1-aws-json-512-512-242: 2500/2500 tasks started.alibaba-us-east-1-alibaba-json-512-512-927: 2500/2500 tasks started.
[2025-12-04T23:31:54Z] [[36minfo[0m] [progress_update] aws-us-east-1-aws-json-512-512-242: 2500/2500 tasks started.alibaba-us-east-1-alibaba-json-512-512-927: 2500/2500 tasks started.azure-germanywestcentral-azure-json-512-512-96: 2500/2500 tasks started.gcp-us-east1-gcp-json-512-512-751: 2500/2500 tasks started.
[2025-12-04T23:32:04Z] [[36minfo[0m] [progress_update] aws-us-east-1-aws-json-512-512-242: 2500/2500 tasks started.alibaba-us-east-1-alibaba-json-512-512-927: 2500/2500 tasks started.azure-germanywestcentral-azure-json-512-512-96: 2500/2500 tasks started.gcp-us-east1-gcp-json-512-512-751: 2500/2500 tasks started.
[2025-12-04T23:32:14Z] [[36minfo[0m] [progress_update] aws-us-east-1-aws-json-512-512-242: 2500/2500 tasks started.alibaba-us-east-1-alibaba-json-512-512-927: 2500/2500 tasks started.azure-germanywestcentral-azure-json-512-512-96: 2500/2500 tasks started.gcp-us-east1-gcp-json-512-512-751: 2500/2500 tasks started.
[2025-12-04T23:32:24Z] [[36minfo[0m] [progress_update] aws-us-east-1-aws-json-512-512-242: 2500/2500 tasks started.alibaba-us-east-1-alibaba-json-512-512-927: 2500/2500 tasks started.azure-germanywestcentral-azure-json-512-512-96: 2500/2500 tasks started.gcp-us-east1-gcp-json-512-512-751: 2500/2500 tasks started.
[2025-12-04T23:32:34Z] [[36minfo[0m] [progress_update] aws-us-east-1-aws-json-512-512-242: 2500/2500 tasks started.alibaba-us-east-1-alibaba-json-512-512-927: 2500/2500 tasks started.azure-germanywestcentral-azure-json-512-512-96: 2500/2500 tasks started.gcp-us-east1-gcp-json-512-512-751: 2500/2500 tasks started.
[2025-12-04T23:32:36Z] [[36minfo[0m] [function_finished] Finished benchmarking function alibaba-json-512 and closed archiver
[2025-12-04T23:32:44Z] [[36minfo[0m] [progress_update] alibaba-us-east-1-alibaba-json-512-512-927: 2500/2500 tasks started.azure-germanywestcentral-azure-json-512-512-96: 2500/2500 tasks started.gcp-us-east1-gcp-json-512-512-751: 2500/2500 tasks started.aws-us-east-1-aws-json-512-512-242: 2500/2500 tasks started.
[2025-12-04T23:32:54Z] [[36minfo[0m] [progress_update] aws-us-east-1-aws-json-512-512-242: 2500/2500 tasks started.alibaba-us-east-1-alibaba-json-512-512-927: 2500/2500 tasks started.azure-germanywestcentral-azure-json-512-512-96: 2500/2500 tasks started.gcp-us-east1-gcp-json-512-512-751: 2500/2500 tasks started.
[2025-12-04T23:33:04Z] [[36minfo[0m] [progress_update] alibaba-us-east-1-alibaba-json-512-512-927: 2500/2500 tasks started.azure-germanywestcentral-azure-json-512-512-96: 2500/2500 tasks started.gcp-us-east1-gcp-json-512-512-751: 2500/2500 tasks started.aws-us-east-1-aws-json-512-512-242: 2500/2500 tasks started.
[2025-12-04T23:33:14Z] [[36minfo[0m] [progress_update] aws-us-east-1-aws-json-512-512-242: 2500/2500 tasks started.alibaba-us-east-1-alibaba-json-512-512-927: 2500/2500 tasks started.azure-germanywestcentral-azure-json-512-512-96: 2500/2500 tasks started.gcp-us-east1-gcp-json-512-512-751: 2500/2500 tasks started.
[2025-12-04T23:33:24Z] [[36minfo[0m] [progress_update] aws-us-east-1-aws-json-512-512-242: 2500/2500 tasks started.alibaba-us-east-1-alibaba-json-512-512-927: 2500/2500 tasks started.azure-germanywestcentral-azure-json-512-512-96: 2500/2500 tasks started.gcp-us-east1-gcp-json-512-512-751: 2500/2500 tasks started.
[2025-12-04T23:33:34Z] [[36minfo[0m] [progress_update] azure-germanywestcentral-azure-json-512-512-96: 2500/2500 tasks started.gcp-us-east1-gcp-json-512-512-751: 2500/2500 tasks started.aws-us-east-1-aws-json-512-512-242: 2500/2500 tasks started.alibaba-us-east-1-alibaba-json-512-512-927: 2500/2500 tasks started.
[2025-12-04T23:33:44Z] [[36minfo[0m] [progress_update] aws-us-east-1-aws-json-512-512-242: 2500/2500 tasks started.alibaba-us-east-1-alibaba-json-512-512-927: 2500/2500 tasks started.azure-germanywestcentral-azure-json-512-512-96: 2500/2500 tasks started.gcp-us-east1-gcp-json-512-512-751: 2500/2500 tasks started.
[2025-12-04T23:33:54Z] [[36minfo[0m] [progress_update] alibaba-us-east-1-alibaba-json-512-512-927: 2500/2500 tasks started.azure-germanywestcentral-azure-json-512-512-96: 2500/2500 tasks started.gcp-us-east1-gcp-json-512-512-751: 2500/2500 tasks started.aws-us-east-1-aws-json-512-512-242: 2500/2500 tasks started.
[2025-12-04T23:34:04Z] [[36minfo[0m] [progress_update] aws-us-east-1-aws-json-512-512-242: 2500/2500 tasks started.alibaba-us-east-1-alibaba-json-512-512-927: 2500/2500 tasks started.azure-germanywestcentral-azure-json-512-512-96: 2500/2500 tasks started.gcp-us-east1-gcp-json-512-512-751: 2500/2500 tasks started.
[2025-12-04T23:34:14Z] [[36minfo[0m] [progress_update] azure-germanywestcentral-azure-json-512-512-96: 2500/2500 tasks started.gcp-us-east1-gcp-json-512-512-751: 2500/2500 tasks started.aws-us-east-1-aws-json-512-512-242: 2500/2500 tasks started.alibaba-us-east-1-alibaba-json-512-512-927: 2500/2500 tasks started.
[2025-12-04T23:34:24Z] [[36minfo[0m] [progress_update] aws-us-east-1-aws-json-512-512-242: 2500/2500 tasks started.alibaba-us-east-1-alibaba-json-512-512-927: 2500/2500 tasks started.azure-germanywestcentral-azure-json-512-512-96: 2500/2500 tasks started.gcp-us-east1-gcp-json-512-512-751: 2500/2500 tasks started.
[2025-12-04T23:34:34Z] [[36minfo[0m] [progress_update] aws-us-east-1-aws-json-512-512-242: 2500/2500 tasks started.alibaba-us-east-1-alibaba-json-512-512-927: 2500/2500 tasks started.azure-germanywestcentral-azure-json-512-512-96: 2500/2500 tasks started.gcp-us-east1-gcp-json-512-512-751: 2500/2500 tasks started.
[2025-12-04T23:34:35Z] [[31merror[0m] [task_execution] Error executing task azure-json-512: task azure-json-512 failed after 7 retries: <nil>
[2025-12-04T23:34:44Z] [[36minfo[0m] [progress_update] aws-us-east-1-aws-json-512-512-242: 2500/2500 tasks started.alibaba-us-east-1-alibaba-json-512-512-927: 2500/2500 tasks started.azure-germanywestcentral-azure-json-512-512-96: 2500/2500 tasks started.gcp-us-east1-gcp-json-512-512-751: 2500/2500 tasks started.
[2025-12-04T23:34:54Z] [[36minfo[0m] [progress_update] alibaba-us-east-1-alibaba-json-512-512-927: 2500/2500 tasks started.azure-germanywestcentral-azure-json-512-512-96: 2500/2500 tasks started.gcp-us-east1-gcp-json-512-512-751: 2500/2500 tasks started.aws-us-east-1-aws-json-512-512-242: 2500/2500 tasks started.
[2025-12-04T23:35:04Z] [[36minfo[0m] [progress_update] aws-us-east-1-aws-json-512-512-242: 2500/2500 tasks started.alibaba-us-east-1-alibaba-json-512-512-927: 2500/2500 tasks started.azure-germanywestcentral-azure-json-512-512-96: 2500/2500 tasks started.gcp-us-east1-gcp-json-512-512-751: 2500/2500 tasks started.
[2025-12-04T23:35:11Z] [[31merror[0m] [task_execution] Error executing task azure-json-512: task azure-json-512 failed after 7 retries: <nil>
[2025-12-04T23:35:11Z] [[31merror[0m] [task_execution] Error executing task azure-json-512: task azure-json-512 failed after 7 retries: <nil>
[2025-12-04T23:35:11Z] [[31merror[0m] [task_execution] Error executing task azure-json-512: task azure-json-512 failed after 7 retries: <nil>
[2025-12-04T23:35:11Z] [[31merror[0m] [task_execution] Error executing task azure-json-512: task azure-json-512 failed after 7 retries: <nil>
[2025-12-04T23:35:11Z] [[31merror[0m] [task_execution] Error executing task azure-json-512: task azure-json-512 failed after 7 retries: <nil>
[2025-12-04T23:35:12Z] [[31merror[0m] [task_execution] Error executing task azure-json-512: task azure-json-512 failed after 7 retries: <nil>
[2025-12-04T23:35:12Z] [[31merror[0m] [task_execution] Error executing task azure-json-512: task azure-json-512 failed after 7 retries: <nil>
[2025-12-04T23:35:12Z] [[31merror[0m] [task_execution] Error executing task azure-json-512: task azure-json-512 failed after 7 retries: <nil>
[2025-12-04T23:35:13Z] [[31merror[0m] [task_execution] Error executing task azure-json-512: task azure-json-512 failed after 7 retries: <nil>
[2025-12-04T23:35:13Z] [[31merror[0m] [task_execution] Error executing task azure-json-512: task azure-json-512 failed after 7 retries: <nil>
[2025-12-04T23:35:13Z] [[31merror[0m] [task_execution] Error executing task azure-json-512: task azure-json-512 failed after 7 retries: <nil>
[2025-12-04T23:35:13Z] [[31merror[0m] [task_execution] Error executing task azure-json-512: task azure-json-512 failed after 7 retries: <nil>
[2025-12-04T23:35:14Z] [[31merror[0m] [task_execution] Error executing task azure-json-512: task azure-json-512 failed after 7 retries: <nil>
[2025-12-04T23:35:14Z] [[31merror[0m] [task_execution] Error executing task azure-json-512: task azure-json-512 failed after 7 retries: <nil>
[2025-12-04T23:35:14Z] [[36minfo[0m] [progress_update] aws-us-east-1-aws-json-512-512-242: 2500/2500 tasks started.alibaba-us-east-1-alibaba-json-512-512-927: 2500/2500 tasks started.azure-germanywestcentral-azure-json-512-512-96: 2500/2500 tasks started.gcp-us-east1-gcp-json-512-512-751: 2500/2500 tasks started.
[2025-12-04T23:35:14Z] [[31merror[0m] [task_execution] Error executing task azure-json-512: task azure-json-512 failed after 7 retries: <nil>
[2025-12-04T23:35:14Z] [[31merror[0m] [task_execution] Error executing task azure-json-512: task azure-json-512 failed after 7 retries: <nil>
[2025-12-04T23:35:15Z] [[31merror[0m] [task_execution] Error executing task azure-json-512: task azure-json-512 failed after 7 retries: <nil>
[2025-12-04T23:35:15Z] [[31merror[0m] [task_execution] Error executing task azure-json-512: task azure-json-512 failed after 7 retries: <nil>
[2025-12-04T23:35:16Z] [[31merror[0m] [task_execution] Error executing task azure-json-512: task azure-json-512 failed after 7 retries: <nil>
[2025-12-04T23:35:17Z] [[31merror[0m] [task_execution] Error executing task azure-json-512: task azure-json-512 failed after 7 retries: <nil>
[2025-12-04T23:35:24Z] [[36minfo[0m] [progress_update] aws-us-east-1-aws-json-512-512-242: 2500/2500 tasks started.alibaba-us-east-1-alibaba-json-512-512-927: 2500/2500 tasks started.azure-germanywestcentral-azure-json-512-512-96: 2500/2500 tasks started.gcp-us-east1-gcp-json-512-512-751: 2500/2500 tasks started.
[2025-12-04T23:35:34Z] [[36minfo[0m] [progress_update] alibaba-us-east-1-alibaba-json-512-512-927: 2500/2500 tasks started.azure-germanywestcentral-azure-json-512-512-96: 2500/2500 tasks started.gcp-us-east1-gcp-json-512-512-751: 2500/2500 tasks started.aws-us-east-1-aws-json-512-512-242: 2500/2500 tasks started.
[2025-12-04T23:35:41Z] [[31merror[0m] [task_execution] Error executing task azure-json-512: task azure-json-512 failed after 7 retries: <nil>
[2025-12-04T23:35:41Z] [[31merror[0m] [task_execution] Error executing task azure-json-512: task azure-json-512 failed after 7 retries: <nil>
[2025-12-04T23:35:44Z] [[36minfo[0m] [progress_update] gcp-us-east1-gcp-json-512-512-751: 2500/2500 tasks started.aws-us-east-1-aws-json-512-512-242: 2500/2500 tasks started.alibaba-us-east-1-alibaba-json-512-512-927: 2500/2500 tasks started.azure-germanywestcentral-azure-json-512-512-96: 2500/2500 tasks started.
[2025-12-04T23:35:46Z] [[36minfo[0m] [function_finished] Finished benchmarking function azure-json-512 and closed archiver
[2025-12-04T23:35:48Z] [[36minfo[0m] [finish_timeline] Benchmark Timeline
[Thu Dec  4 23:35:48 UTC 2025] Finished benchmark 'json' successfully
[Thu Dec  4 23:35:48 UTC 2025] Sleeping 600 seconds before next workload...
