[Sat Nov 29 17:00:01 UTC 2025] Starting benchmark 'sha256' with config './configs/sha256.yaml'
Validating functions...
[2025-11-29T17:00:01Z] [[36minfo[0m] [executor_setup] Setting up executor for aws-us-east-1-aws-sha256-512-512-241
[2025-11-29T17:00:01Z] [[36minfo[0m] [executor_setup] Setting up executor for alibaba-us-east-1-alibaba-sha256-512-512-215
[2025-11-29T17:00:01Z] [[36minfo[0m] [executor_setup] Setting up executor for azure-germanywestcentral-azure-sha256-512-512-545
[2025-11-29T17:00:01Z] [[0mwarning[0m] [[32mazure_limitations[0m] Azure can´t handle more than 300 parallel requests. Limiting to 300.
[2025-11-29T17:00:01Z] [[36minfo[0m] [executor_setup] Setting up executor for gcp-us-east1-gcp-sha256-512-512-611
[2025-11-29T17:00:01Z] [[36minfo[0m] [start_timeline] Benchmark Timeline
[2025-11-29T17:00:01Z] [[36minfo[0m] [load_generator_start] (gcp: us-east1) Starting load generator with 300 workers
[2025-11-29T17:00:01Z] [[36minfo[0m] [load_generator_start] (aws: us-east-1) Starting load generator with 500 workers
[2025-11-29T17:00:01Z] [[36minfo[0m] [load_generator_start] (alibaba: us-east-1) Starting load generator with 500 workers
[2025-11-29T17:00:01Z] [[36minfo[0m] [load_generator_start] (azure: germanywestcentral) Starting load generator with 300 workers
[2025-11-29T17:00:11Z] [[36minfo[0m] [progress_update] aws-us-east-1-aws-sha256-512-512-241: 1703/2500 tasks started.alibaba-us-east-1-alibaba-sha256-512-512-215: 1479/2500 tasks started.azure-germanywestcentral-azure-sha256-512-512-545: 562/2500 tasks started.gcp-us-east1-gcp-sha256-512-512-611: 1638/2500 tasks started.
[2025-11-29T17:00:21Z] [[36minfo[0m] [progress_update] aws-us-east-1-aws-sha256-512-512-241: 2500/2500 tasks started.alibaba-us-east-1-alibaba-sha256-512-512-215: 2500/2500 tasks started.azure-germanywestcentral-azure-sha256-512-512-545: 586/2500 tasks started.gcp-us-east1-gcp-sha256-512-512-611: 2500/2500 tasks started.
[2025-11-29T17:00:31Z] [[36minfo[0m] [progress_update] aws-us-east-1-aws-sha256-512-512-241: 2500/2500 tasks started.alibaba-us-east-1-alibaba-sha256-512-512-215: 2500/2500 tasks started.azure-germanywestcentral-azure-sha256-512-512-545: 1408/2500 tasks started.gcp-us-east1-gcp-sha256-512-512-611: 2500/2500 tasks started.
[2025-11-29T17:00:33Z] [[36minfo[0m] [function_finished] Finished benchmarking function aws-sha256-512 and closed archiver
[2025-11-29T17:00:35Z] [[36minfo[0m] [function_finished] Finished benchmarking function gcp-sha256-512 and closed archiver
[2025-11-29T17:00:41Z] [[36minfo[0m] [progress_update] aws-us-east-1-aws-sha256-512-512-241: 2500/2500 tasks started.alibaba-us-east-1-alibaba-sha256-512-512-215: 2500/2500 tasks started.azure-germanywestcentral-azure-sha256-512-512-545: 1914/2500 tasks started.gcp-us-east1-gcp-sha256-512-512-611: 2500/2500 tasks started.
[2025-11-29T17:00:51Z] [[36minfo[0m] [progress_update] alibaba-us-east-1-alibaba-sha256-512-512-215: 2500/2500 tasks started.azure-germanywestcentral-azure-sha256-512-512-545: 2040/2500 tasks started.gcp-us-east1-gcp-sha256-512-512-611: 2500/2500 tasks started.aws-us-east-1-aws-sha256-512-512-241: 2500/2500 tasks started.
[2025-11-29T17:01:01Z] [[36minfo[0m] [progress_update] azure-germanywestcentral-azure-sha256-512-512-545: 2333/2500 tasks started.gcp-us-east1-gcp-sha256-512-512-611: 2500/2500 tasks started.aws-us-east-1-aws-sha256-512-512-241: 2500/2500 tasks started.alibaba-us-east-1-alibaba-sha256-512-512-215: 2500/2500 tasks started.
[2025-11-29T17:01:11Z] [[36minfo[0m] [progress_update] aws-us-east-1-aws-sha256-512-512-241: 2500/2500 tasks started.alibaba-us-east-1-alibaba-sha256-512-512-215: 2500/2500 tasks started.azure-germanywestcentral-azure-sha256-512-512-545: 2500/2500 tasks started.gcp-us-east1-gcp-sha256-512-512-611: 2500/2500 tasks started.
[2025-11-29T17:01:21Z] [[36minfo[0m] [progress_update] aws-us-east-1-aws-sha256-512-512-241: 2500/2500 tasks started.alibaba-us-east-1-alibaba-sha256-512-512-215: 2500/2500 tasks started.azure-germanywestcentral-azure-sha256-512-512-545: 2500/2500 tasks started.gcp-us-east1-gcp-sha256-512-512-611: 2500/2500 tasks started.
[2025-11-29T17:01:31Z] [[36minfo[0m] [progress_update] aws-us-east-1-aws-sha256-512-512-241: 2500/2500 tasks started.alibaba-us-east-1-alibaba-sha256-512-512-215: 2500/2500 tasks started.azure-germanywestcentral-azure-sha256-512-512-545: 2500/2500 tasks started.gcp-us-east1-gcp-sha256-512-512-611: 2500/2500 tasks started.
[2025-11-29T17:01:41Z] [[36minfo[0m] [progress_update] aws-us-east-1-aws-sha256-512-512-241: 2500/2500 tasks started.alibaba-us-east-1-alibaba-sha256-512-512-215: 2500/2500 tasks started.azure-germanywestcentral-azure-sha256-512-512-545: 2500/2500 tasks started.gcp-us-east1-gcp-sha256-512-512-611: 2500/2500 tasks started.
[2025-11-29T17:01:51Z] [[36minfo[0m] [progress_update] aws-us-east-1-aws-sha256-512-512-241: 2500/2500 tasks started.alibaba-us-east-1-alibaba-sha256-512-512-215: 2500/2500 tasks started.azure-germanywestcentral-azure-sha256-512-512-545: 2500/2500 tasks started.gcp-us-east1-gcp-sha256-512-512-611: 2500/2500 tasks started.
[2025-11-29T17:02:01Z] [[36minfo[0m] [progress_update] azure-germanywestcentral-azure-sha256-512-512-545: 2500/2500 tasks started.gcp-us-east1-gcp-sha256-512-512-611: 2500/2500 tasks started.aws-us-east-1-aws-sha256-512-512-241: 2500/2500 tasks started.alibaba-us-east-1-alibaba-sha256-512-512-215: 2500/2500 tasks started.
[2025-11-29T17:02:11Z] [[36minfo[0m] [progress_update] azure-germanywestcentral-azure-sha256-512-512-545: 2500/2500 tasks started.gcp-us-east1-gcp-sha256-512-512-611: 2500/2500 tasks started.aws-us-east-1-aws-sha256-512-512-241: 2500/2500 tasks started.alibaba-us-east-1-alibaba-sha256-512-512-215: 2500/2500 tasks started.
[2025-11-29T17:02:21Z] [[36minfo[0m] [progress_update] aws-us-east-1-aws-sha256-512-512-241: 2500/2500 tasks started.alibaba-us-east-1-alibaba-sha256-512-512-215: 2500/2500 tasks started.azure-germanywestcentral-azure-sha256-512-512-545: 2500/2500 tasks started.gcp-us-east1-gcp-sha256-512-512-611: 2500/2500 tasks started.
[2025-11-29T17:02:31Z] [[36minfo[0m] [progress_update] aws-us-east-1-aws-sha256-512-512-241: 2500/2500 tasks started.alibaba-us-east-1-alibaba-sha256-512-512-215: 2500/2500 tasks started.azure-germanywestcentral-azure-sha256-512-512-545: 2500/2500 tasks started.gcp-us-east1-gcp-sha256-512-512-611: 2500/2500 tasks started.
[2025-11-29T17:02:41Z] [[36minfo[0m] [progress_update] azure-germanywestcentral-azure-sha256-512-512-545: 2500/2500 tasks started.gcp-us-east1-gcp-sha256-512-512-611: 2500/2500 tasks started.aws-us-east-1-aws-sha256-512-512-241: 2500/2500 tasks started.alibaba-us-east-1-alibaba-sha256-512-512-215: 2500/2500 tasks started.
[2025-11-29T17:02:51Z] [[36minfo[0m] [progress_update] alibaba-us-east-1-alibaba-sha256-512-512-215: 2500/2500 tasks started.azure-germanywestcentral-azure-sha256-512-512-545: 2500/2500 tasks started.gcp-us-east1-gcp-sha256-512-512-611: 2500/2500 tasks started.aws-us-east-1-aws-sha256-512-512-241: 2500/2500 tasks started.
[2025-11-29T17:03:01Z] [[36minfo[0m] [progress_update] gcp-us-east1-gcp-sha256-512-512-611: 2500/2500 tasks started.aws-us-east-1-aws-sha256-512-512-241: 2500/2500 tasks started.alibaba-us-east-1-alibaba-sha256-512-512-215: 2500/2500 tasks started.azure-germanywestcentral-azure-sha256-512-512-545: 2500/2500 tasks started.
[2025-11-29T17:03:11Z] [[36minfo[0m] [progress_update] gcp-us-east1-gcp-sha256-512-512-611: 2500/2500 tasks started.aws-us-east-1-aws-sha256-512-512-241: 2500/2500 tasks started.alibaba-us-east-1-alibaba-sha256-512-512-215: 2500/2500 tasks started.azure-germanywestcentral-azure-sha256-512-512-545: 2500/2500 tasks started.
[2025-11-29T17:03:21Z] [[36minfo[0m] [progress_update] alibaba-us-east-1-alibaba-sha256-512-512-215: 2500/2500 tasks started.azure-germanywestcentral-azure-sha256-512-512-545: 2500/2500 tasks started.gcp-us-east1-gcp-sha256-512-512-611: 2500/2500 tasks started.aws-us-east-1-aws-sha256-512-512-241: 2500/2500 tasks started.
[2025-11-29T17:03:31Z] [[36minfo[0m] [progress_update] aws-us-east-1-aws-sha256-512-512-241: 2500/2500 tasks started.alibaba-us-east-1-alibaba-sha256-512-512-215: 2500/2500 tasks started.azure-germanywestcentral-azure-sha256-512-512-545: 2500/2500 tasks started.gcp-us-east1-gcp-sha256-512-512-611: 2500/2500 tasks started.
[2025-11-29T17:03:41Z] [[36minfo[0m] [progress_update] azure-germanywestcentral-azure-sha256-512-512-545: 2500/2500 tasks started.gcp-us-east1-gcp-sha256-512-512-611: 2500/2500 tasks started.aws-us-east-1-aws-sha256-512-512-241: 2500/2500 tasks started.alibaba-us-east-1-alibaba-sha256-512-512-215: 2500/2500 tasks started.
[2025-11-29T17:03:51Z] [[36minfo[0m] [progress_update] aws-us-east-1-aws-sha256-512-512-241: 2500/2500 tasks started.alibaba-us-east-1-alibaba-sha256-512-512-215: 2500/2500 tasks started.azure-germanywestcentral-azure-sha256-512-512-545: 2500/2500 tasks started.gcp-us-east1-gcp-sha256-512-512-611: 2500/2500 tasks started.
[2025-11-29T17:04:01Z] [[36minfo[0m] [progress_update] gcp-us-east1-gcp-sha256-512-512-611: 2500/2500 tasks started.aws-us-east-1-aws-sha256-512-512-241: 2500/2500 tasks started.alibaba-us-east-1-alibaba-sha256-512-512-215: 2500/2500 tasks started.azure-germanywestcentral-azure-sha256-512-512-545: 2500/2500 tasks started.
[2025-11-29T17:04:11Z] [[36minfo[0m] [progress_update] aws-us-east-1-aws-sha256-512-512-241: 2500/2500 tasks started.alibaba-us-east-1-alibaba-sha256-512-512-215: 2500/2500 tasks started.azure-germanywestcentral-azure-sha256-512-512-545: 2500/2500 tasks started.gcp-us-east1-gcp-sha256-512-512-611: 2500/2500 tasks started.
[2025-11-29T17:04:21Z] [[36minfo[0m] [progress_update] aws-us-east-1-aws-sha256-512-512-241: 2500/2500 tasks started.alibaba-us-east-1-alibaba-sha256-512-512-215: 2500/2500 tasks started.azure-germanywestcentral-azure-sha256-512-512-545: 2500/2500 tasks started.gcp-us-east1-gcp-sha256-512-512-611: 2500/2500 tasks started.
[2025-11-29T17:04:24Z] [[31merror[0m] [task_execution] Error executing task azure-sha256-512: task azure-sha256-512 failed after 7 retries: <nil>
[2025-11-29T17:04:25Z] [[31merror[0m] [task_execution] Error executing task alibaba-sha256-512: task alibaba-sha256-512 failed after 7 retries: <nil>
[2025-11-29T17:04:29Z] [[36minfo[0m] [function_finished] Finished benchmarking function azure-sha256-512 and closed archiver
[2025-11-29T17:04:30Z] [[36minfo[0m] [function_finished] Finished benchmarking function alibaba-sha256-512 and closed archiver
[2025-11-29T17:04:31Z] [[36minfo[0m] [progress_update] aws-us-east-1-aws-sha256-512-512-241: 2500/2500 tasks started.alibaba-us-east-1-alibaba-sha256-512-512-215: 2500/2500 tasks started.azure-germanywestcentral-azure-sha256-512-512-545: 2500/2500 tasks started.gcp-us-east1-gcp-sha256-512-512-611: 2500/2500 tasks started.
[2025-11-29T17:04:32Z] [[36minfo[0m] [finish_timeline] Benchmark Timeline
[Sat Nov 29 17:04:32 UTC 2025] Finished benchmark 'sha256' successfully
[Sat Nov 29 17:04:32 UTC 2025] Sleeping 600 seconds before next workload...
