[Sat Nov 29 23:45:55 UTC 2025] Starting benchmark 'aesctr' with config './configs/aesCtr.yaml'
Validating functions...
[2025-11-29T23:45:55Z] [[36minfo[0m] [executor_setup] Setting up executor for aws-us-east-1-aws-aesCtr-512-512-444
[2025-11-29T23:45:55Z] [[36minfo[0m] [executor_setup] Setting up executor for alibaba-us-east-1-alibaba-aesCtr-512-512-276
[2025-11-29T23:45:55Z] [[36minfo[0m] [executor_setup] Setting up executor for azure-germanywestcentral-azure-aesCtr-512-512-981
[2025-11-29T23:45:55Z] [[0mwarning[0m] [[32mazure_limitations[0m] Azure can´t handle more than 300 parallel requests. Limiting to 300.
[2025-11-29T23:45:55Z] [[36minfo[0m] [executor_setup] Setting up executor for gcp-us-east1-gcp-aesCtr-512-512-961
[2025-11-29T23:45:55Z] [[36minfo[0m] [start_timeline] Benchmark Timeline
[2025-11-29T23:45:55Z] [[36minfo[0m] [load_generator_start] (aws: us-east-1) Starting load generator with 500 workers
[2025-11-29T23:45:55Z] [[36minfo[0m] [load_generator_start] (alibaba: us-east-1) Starting load generator with 500 workers
[2025-11-29T23:45:55Z] [[36minfo[0m] [load_generator_start] (azure: germanywestcentral) Starting load generator with 300 workers
[2025-11-29T23:45:55Z] [[36minfo[0m] [load_generator_start] (gcp: us-east1) Starting load generator with 300 workers
[2025-11-29T23:46:05Z] [[36minfo[0m] [progress_update] aws-us-east-1-aws-aesCtr-512-512-444: 2132/2500 tasks started.alibaba-us-east-1-alibaba-aesCtr-512-512-276: 2475/2500 tasks started.azure-germanywestcentral-azure-aesCtr-512-512-981: 663/2500 tasks started.gcp-us-east1-gcp-aesCtr-512-512-961: 518/2500 tasks started.
[2025-11-29T23:46:15Z] [[36minfo[0m] [progress_update] aws-us-east-1-aws-aesCtr-512-512-444: 2500/2500 tasks started.alibaba-us-east-1-alibaba-aesCtr-512-512-276: 2500/2500 tasks started.azure-germanywestcentral-azure-aesCtr-512-512-981: 702/2500 tasks started.gcp-us-east1-gcp-aesCtr-512-512-961: 1112/2500 tasks started.
[2025-11-29T23:46:21Z] [[36minfo[0m] [function_finished] Finished benchmarking function aws-aesCtr-512 and closed archiver
[2025-11-29T23:46:25Z] [[36minfo[0m] [progress_update] aws-us-east-1-aws-aesCtr-512-512-444: 2500/2500 tasks started.alibaba-us-east-1-alibaba-aesCtr-512-512-276: 2500/2500 tasks started.azure-germanywestcentral-azure-aesCtr-512-512-981: 1463/2500 tasks started.gcp-us-east1-gcp-aesCtr-512-512-961: 1690/2500 tasks started.
[2025-11-29T23:46:35Z] [[36minfo[0m] [progress_update] aws-us-east-1-aws-aesCtr-512-512-444: 2500/2500 tasks started.alibaba-us-east-1-alibaba-aesCtr-512-512-276: 2500/2500 tasks started.azure-germanywestcentral-azure-aesCtr-512-512-981: 2065/2500 tasks started.gcp-us-east1-gcp-aesCtr-512-512-961: 2262/2500 tasks started.
[2025-11-29T23:46:45Z] [[36minfo[0m] [progress_update] aws-us-east-1-aws-aesCtr-512-512-444: 2500/2500 tasks started.alibaba-us-east-1-alibaba-aesCtr-512-512-276: 2500/2500 tasks started.azure-germanywestcentral-azure-aesCtr-512-512-981: 2362/2500 tasks started.gcp-us-east1-gcp-aesCtr-512-512-961: 2500/2500 tasks started.
[2025-11-29T23:46:52Z] [[36minfo[0m] [function_finished] Finished benchmarking function gcp-aesCtr-512 and closed archiver
[2025-11-29T23:46:55Z] [[36minfo[0m] [progress_update] azure-germanywestcentral-azure-aesCtr-512-512-981: 2367/2500 tasks started.gcp-us-east1-gcp-aesCtr-512-512-961: 2500/2500 tasks started.aws-us-east-1-aws-aesCtr-512-512-444: 2500/2500 tasks started.alibaba-us-east-1-alibaba-aesCtr-512-512-276: 2500/2500 tasks started.
[2025-11-29T23:47:05Z] [[36minfo[0m] [progress_update] aws-us-east-1-aws-aesCtr-512-512-444: 2500/2500 tasks started.alibaba-us-east-1-alibaba-aesCtr-512-512-276: 2500/2500 tasks started.azure-germanywestcentral-azure-aesCtr-512-512-981: 2500/2500 tasks started.gcp-us-east1-gcp-aesCtr-512-512-961: 2500/2500 tasks started.
[2025-11-29T23:47:15Z] [[36minfo[0m] [progress_update] aws-us-east-1-aws-aesCtr-512-512-444: 2500/2500 tasks started.alibaba-us-east-1-alibaba-aesCtr-512-512-276: 2500/2500 tasks started.azure-germanywestcentral-azure-aesCtr-512-512-981: 2500/2500 tasks started.gcp-us-east1-gcp-aesCtr-512-512-961: 2500/2500 tasks started.
[2025-11-29T23:47:25Z] [[36minfo[0m] [progress_update] aws-us-east-1-aws-aesCtr-512-512-444: 2500/2500 tasks started.alibaba-us-east-1-alibaba-aesCtr-512-512-276: 2500/2500 tasks started.azure-germanywestcentral-azure-aesCtr-512-512-981: 2500/2500 tasks started.gcp-us-east1-gcp-aesCtr-512-512-961: 2500/2500 tasks started.
[2025-11-29T23:47:35Z] [[36minfo[0m] [progress_update] gcp-us-east1-gcp-aesCtr-512-512-961: 2500/2500 tasks started.aws-us-east-1-aws-aesCtr-512-512-444: 2500/2500 tasks started.alibaba-us-east-1-alibaba-aesCtr-512-512-276: 2500/2500 tasks started.azure-germanywestcentral-azure-aesCtr-512-512-981: 2500/2500 tasks started.
[2025-11-29T23:47:45Z] [[36minfo[0m] [progress_update] aws-us-east-1-aws-aesCtr-512-512-444: 2500/2500 tasks started.alibaba-us-east-1-alibaba-aesCtr-512-512-276: 2500/2500 tasks started.azure-germanywestcentral-azure-aesCtr-512-512-981: 2500/2500 tasks started.gcp-us-east1-gcp-aesCtr-512-512-961: 2500/2500 tasks started.
[2025-11-29T23:47:55Z] [[36minfo[0m] [progress_update] aws-us-east-1-aws-aesCtr-512-512-444: 2500/2500 tasks started.alibaba-us-east-1-alibaba-aesCtr-512-512-276: 2500/2500 tasks started.azure-germanywestcentral-azure-aesCtr-512-512-981: 2500/2500 tasks started.gcp-us-east1-gcp-aesCtr-512-512-961: 2500/2500 tasks started.
[2025-11-29T23:48:05Z] [[36minfo[0m] [progress_update] alibaba-us-east-1-alibaba-aesCtr-512-512-276: 2500/2500 tasks started.azure-germanywestcentral-azure-aesCtr-512-512-981: 2500/2500 tasks started.gcp-us-east1-gcp-aesCtr-512-512-961: 2500/2500 tasks started.aws-us-east-1-aws-aesCtr-512-512-444: 2500/2500 tasks started.
[2025-11-29T23:48:15Z] [[36minfo[0m] [progress_update] aws-us-east-1-aws-aesCtr-512-512-444: 2500/2500 tasks started.alibaba-us-east-1-alibaba-aesCtr-512-512-276: 2500/2500 tasks started.azure-germanywestcentral-azure-aesCtr-512-512-981: 2500/2500 tasks started.gcp-us-east1-gcp-aesCtr-512-512-961: 2500/2500 tasks started.
[2025-11-29T23:48:16Z] [[36minfo[0m] [function_finished] Finished benchmarking function alibaba-aesCtr-512 and closed archiver
[2025-11-29T23:48:25Z] [[36minfo[0m] [progress_update] aws-us-east-1-aws-aesCtr-512-512-444: 2500/2500 tasks started.alibaba-us-east-1-alibaba-aesCtr-512-512-276: 2500/2500 tasks started.azure-germanywestcentral-azure-aesCtr-512-512-981: 2500/2500 tasks started.gcp-us-east1-gcp-aesCtr-512-512-961: 2500/2500 tasks started.
[2025-11-29T23:48:35Z] [[36minfo[0m] [progress_update] aws-us-east-1-aws-aesCtr-512-512-444: 2500/2500 tasks started.alibaba-us-east-1-alibaba-aesCtr-512-512-276: 2500/2500 tasks started.azure-germanywestcentral-azure-aesCtr-512-512-981: 2500/2500 tasks started.gcp-us-east1-gcp-aesCtr-512-512-961: 2500/2500 tasks started.
[2025-11-29T23:48:45Z] [[36minfo[0m] [progress_update] aws-us-east-1-aws-aesCtr-512-512-444: 2500/2500 tasks started.alibaba-us-east-1-alibaba-aesCtr-512-512-276: 2500/2500 tasks started.azure-germanywestcentral-azure-aesCtr-512-512-981: 2500/2500 tasks started.gcp-us-east1-gcp-aesCtr-512-512-961: 2500/2500 tasks started.
[2025-11-29T23:48:55Z] [[36minfo[0m] [progress_update] aws-us-east-1-aws-aesCtr-512-512-444: 2500/2500 tasks started.alibaba-us-east-1-alibaba-aesCtr-512-512-276: 2500/2500 tasks started.azure-germanywestcentral-azure-aesCtr-512-512-981: 2500/2500 tasks started.gcp-us-east1-gcp-aesCtr-512-512-961: 2500/2500 tasks started.
[2025-11-29T23:49:05Z] [[36minfo[0m] [progress_update] gcp-us-east1-gcp-aesCtr-512-512-961: 2500/2500 tasks started.aws-us-east-1-aws-aesCtr-512-512-444: 2500/2500 tasks started.alibaba-us-east-1-alibaba-aesCtr-512-512-276: 2500/2500 tasks started.azure-germanywestcentral-azure-aesCtr-512-512-981: 2500/2500 tasks started.
[2025-11-29T23:49:15Z] [[36minfo[0m] [progress_update] aws-us-east-1-aws-aesCtr-512-512-444: 2500/2500 tasks started.alibaba-us-east-1-alibaba-aesCtr-512-512-276: 2500/2500 tasks started.azure-germanywestcentral-azure-aesCtr-512-512-981: 2500/2500 tasks started.gcp-us-east1-gcp-aesCtr-512-512-961: 2500/2500 tasks started.
[2025-11-29T23:49:25Z] [[36minfo[0m] [progress_update] aws-us-east-1-aws-aesCtr-512-512-444: 2500/2500 tasks started.alibaba-us-east-1-alibaba-aesCtr-512-512-276: 2500/2500 tasks started.azure-germanywestcentral-azure-aesCtr-512-512-981: 2500/2500 tasks started.gcp-us-east1-gcp-aesCtr-512-512-961: 2500/2500 tasks started.
[2025-11-29T23:49:35Z] [[36minfo[0m] [progress_update] gcp-us-east1-gcp-aesCtr-512-512-961: 2500/2500 tasks started.aws-us-east-1-aws-aesCtr-512-512-444: 2500/2500 tasks started.alibaba-us-east-1-alibaba-aesCtr-512-512-276: 2500/2500 tasks started.azure-germanywestcentral-azure-aesCtr-512-512-981: 2500/2500 tasks started.
[2025-11-29T23:49:45Z] [[36minfo[0m] [progress_update] aws-us-east-1-aws-aesCtr-512-512-444: 2500/2500 tasks started.alibaba-us-east-1-alibaba-aesCtr-512-512-276: 2500/2500 tasks started.azure-germanywestcentral-azure-aesCtr-512-512-981: 2500/2500 tasks started.gcp-us-east1-gcp-aesCtr-512-512-961: 2500/2500 tasks started.
[2025-11-29T23:49:55Z] [[36minfo[0m] [progress_update] aws-us-east-1-aws-aesCtr-512-512-444: 2500/2500 tasks started.alibaba-us-east-1-alibaba-aesCtr-512-512-276: 2500/2500 tasks started.azure-germanywestcentral-azure-aesCtr-512-512-981: 2500/2500 tasks started.gcp-us-east1-gcp-aesCtr-512-512-961: 2500/2500 tasks started.
[2025-11-29T23:50:05Z] [[36minfo[0m] [progress_update] aws-us-east-1-aws-aesCtr-512-512-444: 2500/2500 tasks started.alibaba-us-east-1-alibaba-aesCtr-512-512-276: 2500/2500 tasks started.azure-germanywestcentral-azure-aesCtr-512-512-981: 2500/2500 tasks started.gcp-us-east1-gcp-aesCtr-512-512-961: 2500/2500 tasks started.
[2025-11-29T23:50:15Z] [[36minfo[0m] [progress_update] aws-us-east-1-aws-aesCtr-512-512-444: 2500/2500 tasks started.alibaba-us-east-1-alibaba-aesCtr-512-512-276: 2500/2500 tasks started.azure-germanywestcentral-azure-aesCtr-512-512-981: 2500/2500 tasks started.gcp-us-east1-gcp-aesCtr-512-512-961: 2500/2500 tasks started.
[2025-11-29T23:50:17Z] [[31merror[0m] [task_execution] Error executing task azure-aesCtr-512: task azure-aesCtr-512 failed after 7 retries: <nil>
[2025-11-29T23:50:17Z] [[31merror[0m] [task_execution] Error executing task azure-aesCtr-512: task azure-aesCtr-512 failed after 7 retries: <nil>
[2025-11-29T23:50:17Z] [[31merror[0m] [task_execution] Error executing task azure-aesCtr-512: task azure-aesCtr-512 failed after 7 retries: <nil>
[2025-11-29T23:50:17Z] [[31merror[0m] [task_execution] Error executing task azure-aesCtr-512: task azure-aesCtr-512 failed after 7 retries: <nil>
[2025-11-29T23:50:17Z] [[31merror[0m] [task_execution] Error executing task azure-aesCtr-512: task azure-aesCtr-512 failed after 7 retries: <nil>
[2025-11-29T23:50:17Z] [[31merror[0m] [task_execution] Error executing task azure-aesCtr-512: task azure-aesCtr-512 failed after 7 retries: <nil>
[2025-11-29T23:50:17Z] [[31merror[0m] [task_execution] Error executing task azure-aesCtr-512: task azure-aesCtr-512 failed after 7 retries: <nil>
[2025-11-29T23:50:17Z] [[31merror[0m] [task_execution] Error executing task azure-aesCtr-512: task azure-aesCtr-512 failed after 7 retries: <nil>
[2025-11-29T23:50:25Z] [[36minfo[0m] [progress_update] aws-us-east-1-aws-aesCtr-512-512-444: 2500/2500 tasks started.alibaba-us-east-1-alibaba-aesCtr-512-512-276: 2500/2500 tasks started.azure-germanywestcentral-azure-aesCtr-512-512-981: 2500/2500 tasks started.gcp-us-east1-gcp-aesCtr-512-512-961: 2500/2500 tasks started.
[2025-11-29T23:50:35Z] [[36minfo[0m] [progress_update] alibaba-us-east-1-alibaba-aesCtr-512-512-276: 2500/2500 tasks started.azure-germanywestcentral-azure-aesCtr-512-512-981: 2500/2500 tasks started.gcp-us-east1-gcp-aesCtr-512-512-961: 2500/2500 tasks started.aws-us-east-1-aws-aesCtr-512-512-444: 2500/2500 tasks started.
[2025-11-29T23:50:45Z] [[36minfo[0m] [progress_update] aws-us-east-1-aws-aesCtr-512-512-444: 2500/2500 tasks started.alibaba-us-east-1-alibaba-aesCtr-512-512-276: 2500/2500 tasks started.azure-germanywestcentral-azure-aesCtr-512-512-981: 2500/2500 tasks started.gcp-us-east1-gcp-aesCtr-512-512-961: 2500/2500 tasks started.
[2025-11-29T23:50:51Z] [[31merror[0m] [task_execution] Error executing task azure-aesCtr-512: task azure-aesCtr-512 failed after 7 retries: <nil>
[2025-11-29T23:50:51Z] [[31merror[0m] [task_execution] Error executing task azure-aesCtr-512: task azure-aesCtr-512 failed after 7 retries: <nil>
[2025-11-29T23:50:51Z] [[31merror[0m] [task_execution] Error executing task azure-aesCtr-512: task azure-aesCtr-512 failed after 7 retries: <nil>
[2025-11-29T23:50:51Z] [[31merror[0m] [task_execution] Error executing task azure-aesCtr-512: task azure-aesCtr-512 failed after 7 retries: <nil>
[2025-11-29T23:50:51Z] [[31merror[0m] [task_execution] Error executing task azure-aesCtr-512: task azure-aesCtr-512 failed after 7 retries: <nil>
[2025-11-29T23:50:52Z] [[31merror[0m] [task_execution] Error executing task azure-aesCtr-512: task azure-aesCtr-512 failed after 7 retries: <nil>
[2025-11-29T23:50:52Z] [[31merror[0m] [task_execution] Error executing task azure-aesCtr-512: task azure-aesCtr-512 failed after 7 retries: <nil>
[2025-11-29T23:50:52Z] [[31merror[0m] [task_execution] Error executing task azure-aesCtr-512: task azure-aesCtr-512 failed after 7 retries: <nil>
[2025-11-29T23:50:52Z] [[31merror[0m] [task_execution] Error executing task azure-aesCtr-512: task azure-aesCtr-512 failed after 7 retries: <nil>
[2025-11-29T23:50:52Z] [[31merror[0m] [task_execution] Error executing task azure-aesCtr-512: task azure-aesCtr-512 failed after 7 retries: <nil>
[2025-11-29T23:50:52Z] [[31merror[0m] [task_execution] Error executing task azure-aesCtr-512: task azure-aesCtr-512 failed after 7 retries: <nil>
[2025-11-29T23:50:52Z] [[31merror[0m] [task_execution] Error executing task azure-aesCtr-512: task azure-aesCtr-512 failed after 7 retries: <nil>
[2025-11-29T23:50:52Z] [[31merror[0m] [task_execution] Error executing task azure-aesCtr-512: task azure-aesCtr-512 failed after 7 retries: <nil>
[2025-11-29T23:50:52Z] [[31merror[0m] [task_execution] Error executing task azure-aesCtr-512: task azure-aesCtr-512 failed after 7 retries: <nil>
[2025-11-29T23:50:52Z] [[31merror[0m] [task_execution] Error executing task azure-aesCtr-512: task azure-aesCtr-512 failed after 7 retries: <nil>
[2025-11-29T23:50:52Z] [[31merror[0m] [task_execution] Error executing task azure-aesCtr-512: task azure-aesCtr-512 failed after 7 retries: <nil>
[2025-11-29T23:50:52Z] [[31merror[0m] [task_execution] Error executing task azure-aesCtr-512: task azure-aesCtr-512 failed after 7 retries: <nil>
[2025-11-29T23:50:53Z] [[31merror[0m] [task_execution] Error executing task azure-aesCtr-512: task azure-aesCtr-512 failed after 7 retries: <nil>
[2025-11-29T23:50:53Z] [[31merror[0m] [task_execution] Error executing task azure-aesCtr-512: task azure-aesCtr-512 failed after 7 retries: <nil>
[2025-11-29T23:50:53Z] [[31merror[0m] [task_execution] Error executing task azure-aesCtr-512: task azure-aesCtr-512 failed after 7 retries: <nil>
[2025-11-29T23:50:53Z] [[31merror[0m] [task_execution] Error executing task azure-aesCtr-512: task azure-aesCtr-512 failed after 7 retries: <nil>
[2025-11-29T23:50:53Z] [[31merror[0m] [task_execution] Error executing task azure-aesCtr-512: task azure-aesCtr-512 failed after 7 retries: <nil>
[2025-11-29T23:50:53Z] [[31merror[0m] [task_execution] Error executing task azure-aesCtr-512: task azure-aesCtr-512 failed after 7 retries: <nil>
[2025-11-29T23:50:53Z] [[31merror[0m] [task_execution] Error executing task azure-aesCtr-512: task azure-aesCtr-512 failed after 7 retries: <nil>
[2025-11-29T23:50:53Z] [[31merror[0m] [task_execution] Error executing task azure-aesCtr-512: task azure-aesCtr-512 failed after 7 retries: <nil>
[2025-11-29T23:50:53Z] [[31merror[0m] [task_execution] Error executing task azure-aesCtr-512: task azure-aesCtr-512 failed after 7 retries: <nil>
[2025-11-29T23:50:53Z] [[31merror[0m] [task_execution] Error executing task azure-aesCtr-512: task azure-aesCtr-512 failed after 7 retries: <nil>
[2025-11-29T23:50:54Z] [[31merror[0m] [task_execution] Error executing task azure-aesCtr-512: task azure-aesCtr-512 failed after 7 retries: <nil>
[2025-11-29T23:50:54Z] [[31merror[0m] [task_execution] Error executing task azure-aesCtr-512: task azure-aesCtr-512 failed after 7 retries: <nil>
[2025-11-29T23:50:54Z] [[31merror[0m] [task_execution] Error executing task azure-aesCtr-512: task azure-aesCtr-512 failed after 7 retries: <nil>
[2025-11-29T23:50:55Z] [[31merror[0m] [task_execution] Error executing task azure-aesCtr-512: task azure-aesCtr-512 failed after 7 retries: <nil>
[2025-11-29T23:50:55Z] [[36minfo[0m] [progress_update] aws-us-east-1-aws-aesCtr-512-512-444: 2500/2500 tasks started.alibaba-us-east-1-alibaba-aesCtr-512-512-276: 2500/2500 tasks started.azure-germanywestcentral-azure-aesCtr-512-512-981: 2500/2500 tasks started.gcp-us-east1-gcp-aesCtr-512-512-961: 2500/2500 tasks started.
[2025-11-29T23:50:56Z] [[31merror[0m] [task_execution] Error executing task azure-aesCtr-512: task azure-aesCtr-512 failed after 7 retries: <nil>
[2025-11-29T23:51:05Z] [[36minfo[0m] [progress_update] aws-us-east-1-aws-aesCtr-512-512-444: 2500/2500 tasks started.alibaba-us-east-1-alibaba-aesCtr-512-512-276: 2500/2500 tasks started.azure-germanywestcentral-azure-aesCtr-512-512-981: 2500/2500 tasks started.gcp-us-east1-gcp-aesCtr-512-512-961: 2500/2500 tasks started.
[2025-11-29T23:51:15Z] [[36minfo[0m] [progress_update] aws-us-east-1-aws-aesCtr-512-512-444: 2500/2500 tasks started.alibaba-us-east-1-alibaba-aesCtr-512-512-276: 2500/2500 tasks started.azure-germanywestcentral-azure-aesCtr-512-512-981: 2500/2500 tasks started.gcp-us-east1-gcp-aesCtr-512-512-961: 2500/2500 tasks started.
[2025-11-29T23:51:21Z] [[31merror[0m] [task_execution] Error executing task azure-aesCtr-512: task azure-aesCtr-512 failed after 7 retries: <nil>
[2025-11-29T23:51:21Z] [[31merror[0m] [task_execution] Error executing task azure-aesCtr-512: task azure-aesCtr-512 failed after 7 retries: <nil>
[2025-11-29T23:51:22Z] [[31merror[0m] [task_execution] Error executing task azure-aesCtr-512: task azure-aesCtr-512 failed after 7 retries: <nil>
[2025-11-29T23:51:25Z] [[36minfo[0m] [progress_update] aws-us-east-1-aws-aesCtr-512-512-444: 2500/2500 tasks started.alibaba-us-east-1-alibaba-aesCtr-512-512-276: 2500/2500 tasks started.azure-germanywestcentral-azure-aesCtr-512-512-981: 2500/2500 tasks started.gcp-us-east1-gcp-aesCtr-512-512-961: 2500/2500 tasks started.
[2025-11-29T23:51:27Z] [[36minfo[0m] [function_finished] Finished benchmarking function azure-aesCtr-512 and closed archiver
[2025-11-29T23:51:29Z] [[36minfo[0m] [finish_timeline] Benchmark Timeline
[Sat Nov 29 23:51:29 UTC 2025] Finished benchmark 'aesctr' successfully
[Sat Nov 29 23:51:29 UTC 2025] Sleeping 600 seconds before next workload...
