[Wed Dec  3 05:31:35 UTC 2025] Starting benchmark 'gemm' with config './configs/gemm.yaml'
Validating functions...
[2025-12-03T05:31:35Z] [[36minfo[0m] [executor_setup] Setting up executor for aws-us-east-1-aws-gemm-512-512-294
[2025-12-03T05:31:35Z] [[36minfo[0m] [executor_setup] Setting up executor for alibaba-us-east-1-alibaba-gemm-512-512-735
[2025-12-03T05:31:36Z] [[36minfo[0m] [executor_setup] Setting up executor for gcp-us-east1-gcp-gemm-512-512-338
[2025-12-03T05:31:36Z] [[36minfo[0m] [executor_setup] Setting up executor for azure-germanywestcentral-azure-gemm-512-512-72
[2025-12-03T05:31:36Z] [[0mwarning[0m] [[32mazure_limitations[0m] Azure can´t handle more than 300 parallel requests. Limiting to 300.
[2025-12-03T05:31:36Z] [[36minfo[0m] [start_timeline] Benchmark Timeline
[2025-12-03T05:31:36Z] [[36minfo[0m] [load_generator_start] (azure: germanywestcentral) Starting load generator with 300 workers
[2025-12-03T05:31:36Z] [[36minfo[0m] [load_generator_start] (alibaba: us-east-1) Starting load generator with 500 workers
[2025-12-03T05:31:36Z] [[36minfo[0m] [load_generator_start] (gcp: us-east1) Starting load generator with 500 workers
[2025-12-03T05:31:36Z] [[36minfo[0m] [load_generator_start] (aws: us-east-1) Starting load generator with 500 workers
[2025-12-03T05:31:46Z] [[36minfo[0m] [progress_update] aws-us-east-1-aws-gemm-512-512-294: 1600/2500 tasks started.alibaba-us-east-1-alibaba-gemm-512-512-735: 1309/2500 tasks started.gcp-us-east1-gcp-gemm-512-512-338: 1727/2500 tasks started.azure-germanywestcentral-azure-gemm-512-512-72: 551/2500 tasks started.
[2025-12-03T05:31:56Z] [[36minfo[0m] [progress_update] azure-germanywestcentral-azure-gemm-512-512-72: 551/2500 tasks started.aws-us-east-1-aws-gemm-512-512-294: 2500/2500 tasks started.alibaba-us-east-1-alibaba-gemm-512-512-735: 2500/2500 tasks started.gcp-us-east1-gcp-gemm-512-512-338: 2500/2500 tasks started.
[2025-12-03T05:32:04Z] [[36minfo[0m] [function_finished] Finished benchmarking function aws-gemm-512 and closed archiver
[2025-12-03T05:32:06Z] [[36minfo[0m] [progress_update] aws-us-east-1-aws-gemm-512-512-294: 2500/2500 tasks started.alibaba-us-east-1-alibaba-gemm-512-512-735: 2500/2500 tasks started.gcp-us-east1-gcp-gemm-512-512-338: 2500/2500 tasks started.azure-germanywestcentral-azure-gemm-512-512-72: 967/2500 tasks started.
[2025-12-03T05:32:14Z] [[36minfo[0m] [function_finished] Finished benchmarking function gcp-gemm-512 and closed archiver
[2025-12-03T05:32:16Z] [[36minfo[0m] [progress_update] gcp-us-east1-gcp-gemm-512-512-338: 2500/2500 tasks started.azure-germanywestcentral-azure-gemm-512-512-72: 1451/2500 tasks started.aws-us-east-1-aws-gemm-512-512-294: 2500/2500 tasks started.alibaba-us-east-1-alibaba-gemm-512-512-735: 2500/2500 tasks started.
[2025-12-03T05:32:26Z] [[36minfo[0m] [progress_update] aws-us-east-1-aws-gemm-512-512-294: 2500/2500 tasks started.alibaba-us-east-1-alibaba-gemm-512-512-735: 2500/2500 tasks started.gcp-us-east1-gcp-gemm-512-512-338: 2500/2500 tasks started.azure-germanywestcentral-azure-gemm-512-512-72: 1857/2500 tasks started.
[2025-12-03T05:32:36Z] [[36minfo[0m] [progress_update] aws-us-east-1-aws-gemm-512-512-294: 2500/2500 tasks started.alibaba-us-east-1-alibaba-gemm-512-512-735: 2500/2500 tasks started.gcp-us-east1-gcp-gemm-512-512-338: 2500/2500 tasks started.azure-germanywestcentral-azure-gemm-512-512-72: 1944/2500 tasks started.
[2025-12-03T05:32:46Z] [[36minfo[0m] [progress_update] aws-us-east-1-aws-gemm-512-512-294: 2500/2500 tasks started.alibaba-us-east-1-alibaba-gemm-512-512-735: 2500/2500 tasks started.gcp-us-east1-gcp-gemm-512-512-338: 2500/2500 tasks started.azure-germanywestcentral-azure-gemm-512-512-72: 1972/2500 tasks started.
[2025-12-03T05:32:56Z] [[36minfo[0m] [progress_update] aws-us-east-1-aws-gemm-512-512-294: 2500/2500 tasks started.alibaba-us-east-1-alibaba-gemm-512-512-735: 2500/2500 tasks started.gcp-us-east1-gcp-gemm-512-512-338: 2500/2500 tasks started.azure-germanywestcentral-azure-gemm-512-512-72: 1974/2500 tasks started.
[2025-12-03T05:33:06Z] [[36minfo[0m] [progress_update] azure-germanywestcentral-azure-gemm-512-512-72: 1974/2500 tasks started.aws-us-east-1-aws-gemm-512-512-294: 2500/2500 tasks started.alibaba-us-east-1-alibaba-gemm-512-512-735: 2500/2500 tasks started.gcp-us-east1-gcp-gemm-512-512-338: 2500/2500 tasks started.
[2025-12-03T05:33:16Z] [[36minfo[0m] [progress_update] aws-us-east-1-aws-gemm-512-512-294: 2500/2500 tasks started.alibaba-us-east-1-alibaba-gemm-512-512-735: 2500/2500 tasks started.gcp-us-east1-gcp-gemm-512-512-338: 2500/2500 tasks started.azure-germanywestcentral-azure-gemm-512-512-72: 1974/2500 tasks started.
[2025-12-03T05:33:26Z] [[36minfo[0m] [progress_update] aws-us-east-1-aws-gemm-512-512-294: 2500/2500 tasks started.alibaba-us-east-1-alibaba-gemm-512-512-735: 2500/2500 tasks started.gcp-us-east1-gcp-gemm-512-512-338: 2500/2500 tasks started.azure-germanywestcentral-azure-gemm-512-512-72: 1994/2500 tasks started.
[2025-12-03T05:33:36Z] [[36minfo[0m] [progress_update] aws-us-east-1-aws-gemm-512-512-294: 2500/2500 tasks started.alibaba-us-east-1-alibaba-gemm-512-512-735: 2500/2500 tasks started.gcp-us-east1-gcp-gemm-512-512-338: 2500/2500 tasks started.azure-germanywestcentral-azure-gemm-512-512-72: 2371/2500 tasks started.
[2025-12-03T05:33:46Z] [[36minfo[0m] [progress_update] aws-us-east-1-aws-gemm-512-512-294: 2500/2500 tasks started.alibaba-us-east-1-alibaba-gemm-512-512-735: 2500/2500 tasks started.gcp-us-east1-gcp-gemm-512-512-338: 2500/2500 tasks started.azure-germanywestcentral-azure-gemm-512-512-72: 2500/2500 tasks started.
[2025-12-03T05:33:56Z] [[36minfo[0m] [progress_update] alibaba-us-east-1-alibaba-gemm-512-512-735: 2500/2500 tasks started.gcp-us-east1-gcp-gemm-512-512-338: 2500/2500 tasks started.azure-germanywestcentral-azure-gemm-512-512-72: 2500/2500 tasks started.aws-us-east-1-aws-gemm-512-512-294: 2500/2500 tasks started.
[2025-12-03T05:34:06Z] [[36minfo[0m] [progress_update] azure-germanywestcentral-azure-gemm-512-512-72: 2500/2500 tasks started.aws-us-east-1-aws-gemm-512-512-294: 2500/2500 tasks started.alibaba-us-east-1-alibaba-gemm-512-512-735: 2500/2500 tasks started.gcp-us-east1-gcp-gemm-512-512-338: 2500/2500 tasks started.
[2025-12-03T05:34:16Z] [[36minfo[0m] [progress_update] aws-us-east-1-aws-gemm-512-512-294: 2500/2500 tasks started.alibaba-us-east-1-alibaba-gemm-512-512-735: 2500/2500 tasks started.gcp-us-east1-gcp-gemm-512-512-338: 2500/2500 tasks started.azure-germanywestcentral-azure-gemm-512-512-72: 2500/2500 tasks started.
[2025-12-03T05:34:26Z] [[36minfo[0m] [progress_update] aws-us-east-1-aws-gemm-512-512-294: 2500/2500 tasks started.alibaba-us-east-1-alibaba-gemm-512-512-735: 2500/2500 tasks started.gcp-us-east1-gcp-gemm-512-512-338: 2500/2500 tasks started.azure-germanywestcentral-azure-gemm-512-512-72: 2500/2500 tasks started.
[2025-12-03T05:34:36Z] [[36minfo[0m] [progress_update] aws-us-east-1-aws-gemm-512-512-294: 2500/2500 tasks started.alibaba-us-east-1-alibaba-gemm-512-512-735: 2500/2500 tasks started.gcp-us-east1-gcp-gemm-512-512-338: 2500/2500 tasks started.azure-germanywestcentral-azure-gemm-512-512-72: 2500/2500 tasks started.
[2025-12-03T05:34:46Z] [[36minfo[0m] [progress_update] gcp-us-east1-gcp-gemm-512-512-338: 2500/2500 tasks started.azure-germanywestcentral-azure-gemm-512-512-72: 2500/2500 tasks started.aws-us-east-1-aws-gemm-512-512-294: 2500/2500 tasks started.alibaba-us-east-1-alibaba-gemm-512-512-735: 2500/2500 tasks started.
[2025-12-03T05:34:56Z] [[36minfo[0m] [progress_update] aws-us-east-1-aws-gemm-512-512-294: 2500/2500 tasks started.alibaba-us-east-1-alibaba-gemm-512-512-735: 2500/2500 tasks started.gcp-us-east1-gcp-gemm-512-512-338: 2500/2500 tasks started.azure-germanywestcentral-azure-gemm-512-512-72: 2500/2500 tasks started.
[2025-12-03T05:35:06Z] [[36minfo[0m] [progress_update] aws-us-east-1-aws-gemm-512-512-294: 2500/2500 tasks started.alibaba-us-east-1-alibaba-gemm-512-512-735: 2500/2500 tasks started.gcp-us-east1-gcp-gemm-512-512-338: 2500/2500 tasks started.azure-germanywestcentral-azure-gemm-512-512-72: 2500/2500 tasks started.
[2025-12-03T05:35:16Z] [[36minfo[0m] [progress_update] aws-us-east-1-aws-gemm-512-512-294: 2500/2500 tasks started.alibaba-us-east-1-alibaba-gemm-512-512-735: 2500/2500 tasks started.gcp-us-east1-gcp-gemm-512-512-338: 2500/2500 tasks started.azure-germanywestcentral-azure-gemm-512-512-72: 2500/2500 tasks started.
[2025-12-03T05:35:26Z] [[36minfo[0m] [progress_update] aws-us-east-1-aws-gemm-512-512-294: 2500/2500 tasks started.alibaba-us-east-1-alibaba-gemm-512-512-735: 2500/2500 tasks started.gcp-us-east1-gcp-gemm-512-512-338: 2500/2500 tasks started.azure-germanywestcentral-azure-gemm-512-512-72: 2500/2500 tasks started.
[2025-12-03T05:35:36Z] [[36minfo[0m] [progress_update] alibaba-us-east-1-alibaba-gemm-512-512-735: 2500/2500 tasks started.gcp-us-east1-gcp-gemm-512-512-338: 2500/2500 tasks started.azure-germanywestcentral-azure-gemm-512-512-72: 2500/2500 tasks started.aws-us-east-1-aws-gemm-512-512-294: 2500/2500 tasks started.
[2025-12-03T05:35:46Z] [[36minfo[0m] [progress_update] alibaba-us-east-1-alibaba-gemm-512-512-735: 2500/2500 tasks started.gcp-us-east1-gcp-gemm-512-512-338: 2500/2500 tasks started.azure-germanywestcentral-azure-gemm-512-512-72: 2500/2500 tasks started.aws-us-east-1-aws-gemm-512-512-294: 2500/2500 tasks started.
[2025-12-03T05:35:56Z] [[36minfo[0m] [progress_update] alibaba-us-east-1-alibaba-gemm-512-512-735: 2500/2500 tasks started.gcp-us-east1-gcp-gemm-512-512-338: 2500/2500 tasks started.azure-germanywestcentral-azure-gemm-512-512-72: 2500/2500 tasks started.aws-us-east-1-aws-gemm-512-512-294: 2500/2500 tasks started.
[2025-12-03T05:36:02Z] [[31merror[0m] [task_execution] Error executing task alibaba-gemm-512: task alibaba-gemm-512 failed after 7 retries: <nil>
[2025-12-03T05:36:06Z] [[36minfo[0m] [progress_update] azure-germanywestcentral-azure-gemm-512-512-72: 2500/2500 tasks started.aws-us-east-1-aws-gemm-512-512-294: 2500/2500 tasks started.alibaba-us-east-1-alibaba-gemm-512-512-735: 2500/2500 tasks started.gcp-us-east1-gcp-gemm-512-512-338: 2500/2500 tasks started.
[2025-12-03T05:36:07Z] [[36minfo[0m] [function_finished] Finished benchmarking function alibaba-gemm-512 and closed archiver
[2025-12-03T05:36:15Z] [[31merror[0m] [task_execution] Error executing task azure-gemm-512: task azure-gemm-512 failed after 7 retries: <nil>
[2025-12-03T05:36:16Z] [[31merror[0m] [task_execution] Error executing task azure-gemm-512: task azure-gemm-512 failed after 7 retries: <nil>
[2025-12-03T05:36:16Z] [[36minfo[0m] [progress_update] aws-us-east-1-aws-gemm-512-512-294: 2500/2500 tasks started.alibaba-us-east-1-alibaba-gemm-512-512-735: 2500/2500 tasks started.gcp-us-east1-gcp-gemm-512-512-338: 2500/2500 tasks started.azure-germanywestcentral-azure-gemm-512-512-72: 2500/2500 tasks started.
[2025-12-03T05:36:17Z] [[31merror[0m] [task_execution] Error executing task azure-gemm-512: task azure-gemm-512 failed after 7 retries: <nil>
[2025-12-03T05:36:19Z] [[31merror[0m] [task_execution] Error executing task azure-gemm-512: task azure-gemm-512 failed after 7 retries: <nil>
[2025-12-03T05:36:19Z] [[31merror[0m] [task_execution] Error executing task azure-gemm-512: task azure-gemm-512 failed after 7 retries: <nil>
[2025-12-03T05:36:20Z] [[31merror[0m] [task_execution] Error executing task azure-gemm-512: task azure-gemm-512 failed after 7 retries: <nil>
[2025-12-03T05:36:20Z] [[31merror[0m] [task_execution] Error executing task azure-gemm-512: task azure-gemm-512 failed after 7 retries: <nil>
[2025-12-03T05:36:21Z] [[31merror[0m] [task_execution] Error executing task azure-gemm-512: task azure-gemm-512 failed after 7 retries: <nil>
[2025-12-03T05:36:23Z] [[31merror[0m] [task_execution] Error executing task azure-gemm-512: task azure-gemm-512 failed after 7 retries: <nil>
[2025-12-03T05:36:23Z] [[31merror[0m] [task_execution] Error executing task azure-gemm-512: task azure-gemm-512 failed after 7 retries: <nil>
[2025-12-03T05:36:23Z] [[31merror[0m] [task_execution] Error executing task azure-gemm-512: task azure-gemm-512 failed after 7 retries: <nil>
[2025-12-03T05:36:23Z] [[31merror[0m] [task_execution] Error executing task azure-gemm-512: task azure-gemm-512 failed after 7 retries: <nil>
[2025-12-03T05:36:26Z] [[36minfo[0m] [progress_update] gcp-us-east1-gcp-gemm-512-512-338: 2500/2500 tasks started.azure-germanywestcentral-azure-gemm-512-512-72: 2500/2500 tasks started.aws-us-east-1-aws-gemm-512-512-294: 2500/2500 tasks started.alibaba-us-east-1-alibaba-gemm-512-512-735: 2500/2500 tasks started.
[2025-12-03T05:36:36Z] [[36minfo[0m] [progress_update] aws-us-east-1-aws-gemm-512-512-294: 2500/2500 tasks started.alibaba-us-east-1-alibaba-gemm-512-512-735: 2500/2500 tasks started.gcp-us-east1-gcp-gemm-512-512-338: 2500/2500 tasks started.azure-germanywestcentral-azure-gemm-512-512-72: 2500/2500 tasks started.
[2025-12-03T05:36:37Z] [[31merror[0m] [task_execution] Error executing task azure-gemm-512: task azure-gemm-512 failed after 7 retries: <nil>
[2025-12-03T05:36:37Z] [[31merror[0m] [task_execution] Error executing task azure-gemm-512: task azure-gemm-512 failed after 7 retries: <nil>
[2025-12-03T05:36:46Z] [[36minfo[0m] [progress_update] alibaba-us-east-1-alibaba-gemm-512-512-735: 2500/2500 tasks started.gcp-us-east1-gcp-gemm-512-512-338: 2500/2500 tasks started.azure-germanywestcentral-azure-gemm-512-512-72: 2500/2500 tasks started.aws-us-east-1-aws-gemm-512-512-294: 2500/2500 tasks started.
[2025-12-03T05:36:56Z] [[36minfo[0m] [progress_update] aws-us-east-1-aws-gemm-512-512-294: 2500/2500 tasks started.alibaba-us-east-1-alibaba-gemm-512-512-735: 2500/2500 tasks started.gcp-us-east1-gcp-gemm-512-512-338: 2500/2500 tasks started.azure-germanywestcentral-azure-gemm-512-512-72: 2500/2500 tasks started.
[2025-12-03T05:37:06Z] [[36minfo[0m] [progress_update] azure-germanywestcentral-azure-gemm-512-512-72: 2500/2500 tasks started.aws-us-east-1-aws-gemm-512-512-294: 2500/2500 tasks started.alibaba-us-east-1-alibaba-gemm-512-512-735: 2500/2500 tasks started.gcp-us-east1-gcp-gemm-512-512-338: 2500/2500 tasks started.
[2025-12-03T05:37:07Z] [[31merror[0m] [task_execution] Error executing task azure-gemm-512: task azure-gemm-512 failed after 7 retries: <nil>
[2025-12-03T05:37:16Z] [[36minfo[0m] [progress_update] aws-us-east-1-aws-gemm-512-512-294: 2500/2500 tasks started.alibaba-us-east-1-alibaba-gemm-512-512-735: 2500/2500 tasks started.gcp-us-east1-gcp-gemm-512-512-338: 2500/2500 tasks started.azure-germanywestcentral-azure-gemm-512-512-72: 2500/2500 tasks started.
[2025-12-03T05:37:17Z] [[31merror[0m] [task_execution] Error executing task azure-gemm-512: task azure-gemm-512 failed after 7 retries: <nil>
[2025-12-03T05:37:19Z] [[31merror[0m] [task_execution] Error executing task azure-gemm-512: task azure-gemm-512 failed after 7 retries: <nil>
[2025-12-03T05:37:23Z] [[31merror[0m] [task_execution] Error executing task azure-gemm-512: task azure-gemm-512 failed after 7 retries: <nil>
[2025-12-03T05:37:26Z] [[36minfo[0m] [progress_update] aws-us-east-1-aws-gemm-512-512-294: 2500/2500 tasks started.alibaba-us-east-1-alibaba-gemm-512-512-735: 2500/2500 tasks started.gcp-us-east1-gcp-gemm-512-512-338: 2500/2500 tasks started.azure-germanywestcentral-azure-gemm-512-512-72: 2500/2500 tasks started.
[2025-12-03T05:37:28Z] [[36minfo[0m] [function_finished] Finished benchmarking function azure-gemm-512 and closed archiver
[2025-12-03T05:37:30Z] [[36minfo[0m] [finish_timeline] Benchmark Timeline
[Wed Dec  3 05:37:30 UTC 2025] Finished benchmark 'gemm' successfully
[Wed Dec  3 05:37:30 UTC 2025] Sleeping 600 seconds before next workload...
