[Sat Dec  6 23:14:49 UTC 2025] Starting benchmark 'aesctr' with config './configs/aesCtr.yaml'
Validating functions...
[2025-12-06T23:14:49Z] [[36minfo[0m] [executor_setup] Setting up executor for aws-us-east-1-aws-aesCtr-512-512-11
[2025-12-06T23:14:49Z] [[36minfo[0m] [executor_setup] Setting up executor for alibaba-us-east-1-alibaba-aesCtr-512-512-96
[2025-12-06T23:14:49Z] [[36minfo[0m] [executor_setup] Setting up executor for azure-germanywestcentral-azure-aesCtr-512-512-383
[2025-12-06T23:14:49Z] [[0mwarning[0m] [[32mazure_limitations[0m] Azure can´t handle more than 300 parallel requests. Limiting to 300.
[2025-12-06T23:14:49Z] [[36minfo[0m] [executor_setup] Setting up executor for gcp-us-east1-gcp-aesCtr-512-512-837
[2025-12-06T23:14:49Z] [[36minfo[0m] [start_timeline] Benchmark Timeline
[2025-12-06T23:14:49Z] [[36minfo[0m] [load_generator_start] (azure: germanywestcentral) Starting load generator with 300 workers
[2025-12-06T23:14:49Z] [[36minfo[0m] [load_generator_start] (gcp: us-east1) Starting load generator with 300 workers
[2025-12-06T23:14:49Z] [[36minfo[0m] [load_generator_start] (aws: us-east-1) Starting load generator with 500 workers
[2025-12-06T23:14:49Z] [[36minfo[0m] [load_generator_start] (alibaba: us-east-1) Starting load generator with 500 workers
[2025-12-06T23:14:59Z] [[36minfo[0m] [progress_update] aws-us-east-1-aws-aesCtr-512-512-11: 2173/2500 tasks started.alibaba-us-east-1-alibaba-aesCtr-512-512-96: 2421/2500 tasks started.azure-germanywestcentral-azure-aesCtr-512-512-383: 671/2500 tasks started.gcp-us-east1-gcp-aesCtr-512-512-837: 587/2500 tasks started.
[2025-12-06T23:15:09Z] [[36minfo[0m] [progress_update] gcp-us-east1-gcp-aesCtr-512-512-837: 1135/2500 tasks started.aws-us-east-1-aws-aesCtr-512-512-11: 2500/2500 tasks started.alibaba-us-east-1-alibaba-aesCtr-512-512-96: 2500/2500 tasks started.azure-germanywestcentral-azure-aesCtr-512-512-383: 721/2500 tasks started.
[2025-12-06T23:15:15Z] [[36minfo[0m] [function_finished] Finished benchmarking function aws-aesCtr-512 and closed archiver
[2025-12-06T23:15:19Z] [[36minfo[0m] [progress_update] alibaba-us-east-1-alibaba-aesCtr-512-512-96: 2500/2500 tasks started.azure-germanywestcentral-azure-aesCtr-512-512-383: 1468/2500 tasks started.gcp-us-east1-gcp-aesCtr-512-512-837: 1694/2500 tasks started.aws-us-east-1-aws-aesCtr-512-512-11: 2500/2500 tasks started.
[2025-12-06T23:15:29Z] [[36minfo[0m] [progress_update] alibaba-us-east-1-alibaba-aesCtr-512-512-96: 2500/2500 tasks started.azure-germanywestcentral-azure-aesCtr-512-512-383: 2032/2500 tasks started.gcp-us-east1-gcp-aesCtr-512-512-837: 2250/2500 tasks started.aws-us-east-1-aws-aesCtr-512-512-11: 2500/2500 tasks started.
[2025-12-06T23:15:39Z] [[36minfo[0m] [progress_update] aws-us-east-1-aws-aesCtr-512-512-11: 2500/2500 tasks started.alibaba-us-east-1-alibaba-aesCtr-512-512-96: 2500/2500 tasks started.azure-germanywestcentral-azure-aesCtr-512-512-383: 2186/2500 tasks started.gcp-us-east1-gcp-aesCtr-512-512-837: 2500/2500 tasks started.
[2025-12-06T23:15:49Z] [[36minfo[0m] [progress_update] aws-us-east-1-aws-aesCtr-512-512-11: 2500/2500 tasks started.alibaba-us-east-1-alibaba-aesCtr-512-512-96: 2500/2500 tasks started.azure-germanywestcentral-azure-aesCtr-512-512-383: 2335/2500 tasks started.gcp-us-east1-gcp-aesCtr-512-512-837: 2500/2500 tasks started.
[2025-12-06T23:15:59Z] [[36minfo[0m] [progress_update] azure-germanywestcentral-azure-aesCtr-512-512-383: 2500/2500 tasks started.gcp-us-east1-gcp-aesCtr-512-512-837: 2500/2500 tasks started.aws-us-east-1-aws-aesCtr-512-512-11: 2500/2500 tasks started.alibaba-us-east-1-alibaba-aesCtr-512-512-96: 2500/2500 tasks started.
[2025-12-06T23:16:01Z] [[36minfo[0m] [function_finished] Finished benchmarking function gcp-aesCtr-512 and closed archiver
[2025-12-06T23:16:07Z] [[36minfo[0m] [function_finished] Finished benchmarking function alibaba-aesCtr-512 and closed archiver
[2025-12-06T23:16:09Z] [[36minfo[0m] [progress_update] aws-us-east-1-aws-aesCtr-512-512-11: 2500/2500 tasks started.alibaba-us-east-1-alibaba-aesCtr-512-512-96: 2500/2500 tasks started.azure-germanywestcentral-azure-aesCtr-512-512-383: 2500/2500 tasks started.gcp-us-east1-gcp-aesCtr-512-512-837: 2500/2500 tasks started.
[2025-12-06T23:16:19Z] [[36minfo[0m] [progress_update] aws-us-east-1-aws-aesCtr-512-512-11: 2500/2500 tasks started.alibaba-us-east-1-alibaba-aesCtr-512-512-96: 2500/2500 tasks started.azure-germanywestcentral-azure-aesCtr-512-512-383: 2500/2500 tasks started.gcp-us-east1-gcp-aesCtr-512-512-837: 2500/2500 tasks started.
[2025-12-06T23:16:29Z] [[36minfo[0m] [progress_update] aws-us-east-1-aws-aesCtr-512-512-11: 2500/2500 tasks started.alibaba-us-east-1-alibaba-aesCtr-512-512-96: 2500/2500 tasks started.azure-germanywestcentral-azure-aesCtr-512-512-383: 2500/2500 tasks started.gcp-us-east1-gcp-aesCtr-512-512-837: 2500/2500 tasks started.
[2025-12-06T23:16:39Z] [[36minfo[0m] [progress_update] gcp-us-east1-gcp-aesCtr-512-512-837: 2500/2500 tasks started.aws-us-east-1-aws-aesCtr-512-512-11: 2500/2500 tasks started.alibaba-us-east-1-alibaba-aesCtr-512-512-96: 2500/2500 tasks started.azure-germanywestcentral-azure-aesCtr-512-512-383: 2500/2500 tasks started.
[2025-12-06T23:16:49Z] [[36minfo[0m] [progress_update] aws-us-east-1-aws-aesCtr-512-512-11: 2500/2500 tasks started.alibaba-us-east-1-alibaba-aesCtr-512-512-96: 2500/2500 tasks started.azure-germanywestcentral-azure-aesCtr-512-512-383: 2500/2500 tasks started.gcp-us-east1-gcp-aesCtr-512-512-837: 2500/2500 tasks started.
[2025-12-06T23:16:59Z] [[36minfo[0m] [progress_update] aws-us-east-1-aws-aesCtr-512-512-11: 2500/2500 tasks started.alibaba-us-east-1-alibaba-aesCtr-512-512-96: 2500/2500 tasks started.azure-germanywestcentral-azure-aesCtr-512-512-383: 2500/2500 tasks started.gcp-us-east1-gcp-aesCtr-512-512-837: 2500/2500 tasks started.
[2025-12-06T23:17:09Z] [[36minfo[0m] [progress_update] aws-us-east-1-aws-aesCtr-512-512-11: 2500/2500 tasks started.alibaba-us-east-1-alibaba-aesCtr-512-512-96: 2500/2500 tasks started.azure-germanywestcentral-azure-aesCtr-512-512-383: 2500/2500 tasks started.gcp-us-east1-gcp-aesCtr-512-512-837: 2500/2500 tasks started.
[2025-12-06T23:17:19Z] [[36minfo[0m] [progress_update] alibaba-us-east-1-alibaba-aesCtr-512-512-96: 2500/2500 tasks started.azure-germanywestcentral-azure-aesCtr-512-512-383: 2500/2500 tasks started.gcp-us-east1-gcp-aesCtr-512-512-837: 2500/2500 tasks started.aws-us-east-1-aws-aesCtr-512-512-11: 2500/2500 tasks started.
[2025-12-06T23:17:29Z] [[36minfo[0m] [progress_update] gcp-us-east1-gcp-aesCtr-512-512-837: 2500/2500 tasks started.aws-us-east-1-aws-aesCtr-512-512-11: 2500/2500 tasks started.alibaba-us-east-1-alibaba-aesCtr-512-512-96: 2500/2500 tasks started.azure-germanywestcentral-azure-aesCtr-512-512-383: 2500/2500 tasks started.
[2025-12-06T23:17:39Z] [[36minfo[0m] [progress_update] aws-us-east-1-aws-aesCtr-512-512-11: 2500/2500 tasks started.alibaba-us-east-1-alibaba-aesCtr-512-512-96: 2500/2500 tasks started.azure-germanywestcentral-azure-aesCtr-512-512-383: 2500/2500 tasks started.gcp-us-east1-gcp-aesCtr-512-512-837: 2500/2500 tasks started.
[2025-12-06T23:17:49Z] [[36minfo[0m] [progress_update] gcp-us-east1-gcp-aesCtr-512-512-837: 2500/2500 tasks started.aws-us-east-1-aws-aesCtr-512-512-11: 2500/2500 tasks started.alibaba-us-east-1-alibaba-aesCtr-512-512-96: 2500/2500 tasks started.azure-germanywestcentral-azure-aesCtr-512-512-383: 2500/2500 tasks started.
[2025-12-06T23:17:59Z] [[36minfo[0m] [progress_update] aws-us-east-1-aws-aesCtr-512-512-11: 2500/2500 tasks started.alibaba-us-east-1-alibaba-aesCtr-512-512-96: 2500/2500 tasks started.azure-germanywestcentral-azure-aesCtr-512-512-383: 2500/2500 tasks started.gcp-us-east1-gcp-aesCtr-512-512-837: 2500/2500 tasks started.
[2025-12-06T23:18:09Z] [[36minfo[0m] [progress_update] aws-us-east-1-aws-aesCtr-512-512-11: 2500/2500 tasks started.alibaba-us-east-1-alibaba-aesCtr-512-512-96: 2500/2500 tasks started.azure-germanywestcentral-azure-aesCtr-512-512-383: 2500/2500 tasks started.gcp-us-east1-gcp-aesCtr-512-512-837: 2500/2500 tasks started.
[2025-12-06T23:18:19Z] [[36minfo[0m] [progress_update] aws-us-east-1-aws-aesCtr-512-512-11: 2500/2500 tasks started.alibaba-us-east-1-alibaba-aesCtr-512-512-96: 2500/2500 tasks started.azure-germanywestcentral-azure-aesCtr-512-512-383: 2500/2500 tasks started.gcp-us-east1-gcp-aesCtr-512-512-837: 2500/2500 tasks started.
[2025-12-06T23:18:29Z] [[36minfo[0m] [progress_update] aws-us-east-1-aws-aesCtr-512-512-11: 2500/2500 tasks started.alibaba-us-east-1-alibaba-aesCtr-512-512-96: 2500/2500 tasks started.azure-germanywestcentral-azure-aesCtr-512-512-383: 2500/2500 tasks started.gcp-us-east1-gcp-aesCtr-512-512-837: 2500/2500 tasks started.
[2025-12-06T23:18:39Z] [[36minfo[0m] [progress_update] aws-us-east-1-aws-aesCtr-512-512-11: 2500/2500 tasks started.alibaba-us-east-1-alibaba-aesCtr-512-512-96: 2500/2500 tasks started.azure-germanywestcentral-azure-aesCtr-512-512-383: 2500/2500 tasks started.gcp-us-east1-gcp-aesCtr-512-512-837: 2500/2500 tasks started.
[2025-12-06T23:18:49Z] [[36minfo[0m] [progress_update] alibaba-us-east-1-alibaba-aesCtr-512-512-96: 2500/2500 tasks started.azure-germanywestcentral-azure-aesCtr-512-512-383: 2500/2500 tasks started.gcp-us-east1-gcp-aesCtr-512-512-837: 2500/2500 tasks started.aws-us-east-1-aws-aesCtr-512-512-11: 2500/2500 tasks started.
[2025-12-06T23:18:59Z] [[36minfo[0m] [progress_update] aws-us-east-1-aws-aesCtr-512-512-11: 2500/2500 tasks started.alibaba-us-east-1-alibaba-aesCtr-512-512-96: 2500/2500 tasks started.azure-germanywestcentral-azure-aesCtr-512-512-383: 2500/2500 tasks started.gcp-us-east1-gcp-aesCtr-512-512-837: 2500/2500 tasks started.
[2025-12-06T23:19:09Z] [[36minfo[0m] [progress_update] aws-us-east-1-aws-aesCtr-512-512-11: 2500/2500 tasks started.alibaba-us-east-1-alibaba-aesCtr-512-512-96: 2500/2500 tasks started.azure-germanywestcentral-azure-aesCtr-512-512-383: 2500/2500 tasks started.gcp-us-east1-gcp-aesCtr-512-512-837: 2500/2500 tasks started.
[2025-12-06T23:19:11Z] [[31merror[0m] [task_execution] Error executing task azure-aesCtr-512: task azure-aesCtr-512 failed after 7 retries: <nil>
[2025-12-06T23:19:11Z] [[31merror[0m] [task_execution] Error executing task azure-aesCtr-512: task azure-aesCtr-512 failed after 7 retries: <nil>
[2025-12-06T23:19:11Z] [[31merror[0m] [task_execution] Error executing task azure-aesCtr-512: task azure-aesCtr-512 failed after 7 retries: <nil>
[2025-12-06T23:19:11Z] [[31merror[0m] [task_execution] Error executing task azure-aesCtr-512: task azure-aesCtr-512 failed after 7 retries: <nil>
[2025-12-06T23:19:11Z] [[31merror[0m] [task_execution] Error executing task azure-aesCtr-512: task azure-aesCtr-512 failed after 7 retries: <nil>
[2025-12-06T23:19:11Z] [[31merror[0m] [task_execution] Error executing task azure-aesCtr-512: task azure-aesCtr-512 failed after 7 retries: <nil>
[2025-12-06T23:19:11Z] [[31merror[0m] [task_execution] Error executing task azure-aesCtr-512: task azure-aesCtr-512 failed after 7 retries: <nil>
[2025-12-06T23:19:16Z] [[36minfo[0m] [function_finished] Finished benchmarking function azure-aesCtr-512 and closed archiver
[2025-12-06T23:19:18Z] [[36minfo[0m] [finish_timeline] Benchmark Timeline
[Sat Dec  6 23:19:18 UTC 2025] Finished benchmark 'aesctr' successfully
[Sat Dec  6 23:19:18 UTC 2025] Sleeping 600 seconds before next workload...
