[Thu Dec  4 11:16:26 UTC 2025] Starting benchmark 'gemm' with config './configs/gemm.yaml'
Validating functions...
[2025-12-04T11:16:26Z] [[36minfo[0m] [executor_setup] Setting up executor for aws-us-east-1-aws-gemm-512-512-787
[2025-12-04T11:16:26Z] [[36minfo[0m] [executor_setup] Setting up executor for alibaba-us-east-1-alibaba-gemm-512-512-725
[2025-12-04T11:16:26Z] [[36minfo[0m] [executor_setup] Setting up executor for gcp-us-east1-gcp-gemm-512-512-419
[2025-12-04T11:16:26Z] [[36minfo[0m] [executor_setup] Setting up executor for azure-germanywestcentral-azure-gemm-512-512-400
[2025-12-04T11:16:26Z] [[0mwarning[0m] [[32mazure_limitations[0m] Azure can´t handle more than 300 parallel requests. Limiting to 300.
[2025-12-04T11:16:26Z] [[36minfo[0m] [start_timeline] Benchmark Timeline
[2025-12-04T11:16:26Z] [[36minfo[0m] [load_generator_start] (azure: germanywestcentral) Starting load generator with 300 workers
[2025-12-04T11:16:26Z] [[36minfo[0m] [load_generator_start] (alibaba: us-east-1) Starting load generator with 500 workers
[2025-12-04T11:16:26Z] [[36minfo[0m] [load_generator_start] (aws: us-east-1) Starting load generator with 500 workers
[2025-12-04T11:16:26Z] [[36minfo[0m] [load_generator_start] (gcp: us-east1) Starting load generator with 500 workers
[2025-12-04T11:16:36Z] [[36minfo[0m] [progress_update] gcp-us-east1-gcp-gemm-512-512-419: 1737/2500 tasks started.azure-germanywestcentral-azure-gemm-512-512-400: 651/2500 tasks started.aws-us-east-1-aws-gemm-512-512-787: 1702/2500 tasks started.alibaba-us-east-1-alibaba-gemm-512-512-725: 1370/2500 tasks started.
[2025-12-04T11:16:46Z] [[36minfo[0m] [progress_update] alibaba-us-east-1-alibaba-gemm-512-512-725: 2500/2500 tasks started.gcp-us-east1-gcp-gemm-512-512-419: 2500/2500 tasks started.azure-germanywestcentral-azure-gemm-512-512-400: 651/2500 tasks started.aws-us-east-1-aws-gemm-512-512-787: 2500/2500 tasks started.
[2025-12-04T11:16:53Z] [[36minfo[0m] [function_finished] Finished benchmarking function aws-gemm-512 and closed archiver
[2025-12-04T11:16:56Z] [[36minfo[0m] [progress_update] alibaba-us-east-1-alibaba-gemm-512-512-725: 2500/2500 tasks started.gcp-us-east1-gcp-gemm-512-512-419: 2500/2500 tasks started.azure-germanywestcentral-azure-gemm-512-512-400: 1341/2500 tasks started.aws-us-east-1-aws-gemm-512-512-787: 2500/2500 tasks started.
[2025-12-04T11:17:04Z] [[36minfo[0m] [function_finished] Finished benchmarking function gcp-gemm-512 and closed archiver
[2025-12-04T11:17:06Z] [[36minfo[0m] [progress_update] alibaba-us-east-1-alibaba-gemm-512-512-725: 2500/2500 tasks started.gcp-us-east1-gcp-gemm-512-512-419: 2500/2500 tasks started.azure-germanywestcentral-azure-gemm-512-512-400: 1884/2500 tasks started.aws-us-east-1-aws-gemm-512-512-787: 2500/2500 tasks started.
[2025-12-04T11:17:16Z] [[36minfo[0m] [progress_update] aws-us-east-1-aws-gemm-512-512-787: 2500/2500 tasks started.alibaba-us-east-1-alibaba-gemm-512-512-725: 2500/2500 tasks started.gcp-us-east1-gcp-gemm-512-512-419: 2500/2500 tasks started.azure-germanywestcentral-azure-gemm-512-512-400: 2260/2500 tasks started.
[2025-12-04T11:17:26Z] [[36minfo[0m] [progress_update] alibaba-us-east-1-alibaba-gemm-512-512-725: 2500/2500 tasks started.gcp-us-east1-gcp-gemm-512-512-419: 2500/2500 tasks started.azure-germanywestcentral-azure-gemm-512-512-400: 2267/2500 tasks started.aws-us-east-1-aws-gemm-512-512-787: 2500/2500 tasks started.
[2025-12-04T11:17:36Z] [[36minfo[0m] [progress_update] azure-germanywestcentral-azure-gemm-512-512-400: 2309/2500 tasks started.aws-us-east-1-aws-gemm-512-512-787: 2500/2500 tasks started.alibaba-us-east-1-alibaba-gemm-512-512-725: 2500/2500 tasks started.gcp-us-east1-gcp-gemm-512-512-419: 2500/2500 tasks started.
[2025-12-04T11:17:46Z] [[36minfo[0m] [progress_update] aws-us-east-1-aws-gemm-512-512-787: 2500/2500 tasks started.alibaba-us-east-1-alibaba-gemm-512-512-725: 2500/2500 tasks started.gcp-us-east1-gcp-gemm-512-512-419: 2500/2500 tasks started.azure-germanywestcentral-azure-gemm-512-512-400: 2425/2500 tasks started.
[2025-12-04T11:17:52Z] [[36minfo[0m] [function_finished] Finished benchmarking function alibaba-gemm-512 and closed archiver
[2025-12-04T11:17:56Z] [[36minfo[0m] [progress_update] alibaba-us-east-1-alibaba-gemm-512-512-725: 2500/2500 tasks started.gcp-us-east1-gcp-gemm-512-512-419: 2500/2500 tasks started.azure-germanywestcentral-azure-gemm-512-512-400: 2493/2500 tasks started.aws-us-east-1-aws-gemm-512-512-787: 2500/2500 tasks started.
[2025-12-04T11:18:06Z] [[36minfo[0m] [progress_update] aws-us-east-1-aws-gemm-512-512-787: 2500/2500 tasks started.alibaba-us-east-1-alibaba-gemm-512-512-725: 2500/2500 tasks started.gcp-us-east1-gcp-gemm-512-512-419: 2500/2500 tasks started.azure-germanywestcentral-azure-gemm-512-512-400: 2500/2500 tasks started.
[2025-12-04T11:18:16Z] [[36minfo[0m] [progress_update] azure-germanywestcentral-azure-gemm-512-512-400: 2500/2500 tasks started.aws-us-east-1-aws-gemm-512-512-787: 2500/2500 tasks started.alibaba-us-east-1-alibaba-gemm-512-512-725: 2500/2500 tasks started.gcp-us-east1-gcp-gemm-512-512-419: 2500/2500 tasks started.
[2025-12-04T11:18:26Z] [[36minfo[0m] [progress_update] azure-germanywestcentral-azure-gemm-512-512-400: 2500/2500 tasks started.aws-us-east-1-aws-gemm-512-512-787: 2500/2500 tasks started.alibaba-us-east-1-alibaba-gemm-512-512-725: 2500/2500 tasks started.gcp-us-east1-gcp-gemm-512-512-419: 2500/2500 tasks started.
[2025-12-04T11:18:36Z] [[36minfo[0m] [progress_update] aws-us-east-1-aws-gemm-512-512-787: 2500/2500 tasks started.alibaba-us-east-1-alibaba-gemm-512-512-725: 2500/2500 tasks started.gcp-us-east1-gcp-gemm-512-512-419: 2500/2500 tasks started.azure-germanywestcentral-azure-gemm-512-512-400: 2500/2500 tasks started.
[2025-12-04T11:18:46Z] [[36minfo[0m] [progress_update] aws-us-east-1-aws-gemm-512-512-787: 2500/2500 tasks started.alibaba-us-east-1-alibaba-gemm-512-512-725: 2500/2500 tasks started.gcp-us-east1-gcp-gemm-512-512-419: 2500/2500 tasks started.azure-germanywestcentral-azure-gemm-512-512-400: 2500/2500 tasks started.
[2025-12-04T11:18:56Z] [[36minfo[0m] [progress_update] azure-germanywestcentral-azure-gemm-512-512-400: 2500/2500 tasks started.aws-us-east-1-aws-gemm-512-512-787: 2500/2500 tasks started.alibaba-us-east-1-alibaba-gemm-512-512-725: 2500/2500 tasks started.gcp-us-east1-gcp-gemm-512-512-419: 2500/2500 tasks started.
[2025-12-04T11:19:06Z] [[36minfo[0m] [progress_update] aws-us-east-1-aws-gemm-512-512-787: 2500/2500 tasks started.alibaba-us-east-1-alibaba-gemm-512-512-725: 2500/2500 tasks started.gcp-us-east1-gcp-gemm-512-512-419: 2500/2500 tasks started.azure-germanywestcentral-azure-gemm-512-512-400: 2500/2500 tasks started.
[2025-12-04T11:19:16Z] [[36minfo[0m] [progress_update] gcp-us-east1-gcp-gemm-512-512-419: 2500/2500 tasks started.azure-germanywestcentral-azure-gemm-512-512-400: 2500/2500 tasks started.aws-us-east-1-aws-gemm-512-512-787: 2500/2500 tasks started.alibaba-us-east-1-alibaba-gemm-512-512-725: 2500/2500 tasks started.
[2025-12-04T11:19:26Z] [[36minfo[0m] [progress_update] aws-us-east-1-aws-gemm-512-512-787: 2500/2500 tasks started.alibaba-us-east-1-alibaba-gemm-512-512-725: 2500/2500 tasks started.gcp-us-east1-gcp-gemm-512-512-419: 2500/2500 tasks started.azure-germanywestcentral-azure-gemm-512-512-400: 2500/2500 tasks started.
[2025-12-04T11:19:36Z] [[36minfo[0m] [progress_update] azure-germanywestcentral-azure-gemm-512-512-400: 2500/2500 tasks started.aws-us-east-1-aws-gemm-512-512-787: 2500/2500 tasks started.alibaba-us-east-1-alibaba-gemm-512-512-725: 2500/2500 tasks started.gcp-us-east1-gcp-gemm-512-512-419: 2500/2500 tasks started.
[2025-12-04T11:19:46Z] [[36minfo[0m] [progress_update] aws-us-east-1-aws-gemm-512-512-787: 2500/2500 tasks started.alibaba-us-east-1-alibaba-gemm-512-512-725: 2500/2500 tasks started.gcp-us-east1-gcp-gemm-512-512-419: 2500/2500 tasks started.azure-germanywestcentral-azure-gemm-512-512-400: 2500/2500 tasks started.
[2025-12-04T11:19:56Z] [[36minfo[0m] [progress_update] gcp-us-east1-gcp-gemm-512-512-419: 2500/2500 tasks started.azure-germanywestcentral-azure-gemm-512-512-400: 2500/2500 tasks started.aws-us-east-1-aws-gemm-512-512-787: 2500/2500 tasks started.alibaba-us-east-1-alibaba-gemm-512-512-725: 2500/2500 tasks started.
[2025-12-04T11:20:06Z] [[36minfo[0m] [progress_update] aws-us-east-1-aws-gemm-512-512-787: 2500/2500 tasks started.alibaba-us-east-1-alibaba-gemm-512-512-725: 2500/2500 tasks started.gcp-us-east1-gcp-gemm-512-512-419: 2500/2500 tasks started.azure-germanywestcentral-azure-gemm-512-512-400: 2500/2500 tasks started.
[2025-12-04T11:20:16Z] [[36minfo[0m] [progress_update] gcp-us-east1-gcp-gemm-512-512-419: 2500/2500 tasks started.azure-germanywestcentral-azure-gemm-512-512-400: 2500/2500 tasks started.aws-us-east-1-aws-gemm-512-512-787: 2500/2500 tasks started.alibaba-us-east-1-alibaba-gemm-512-512-725: 2500/2500 tasks started.
[2025-12-04T11:20:26Z] [[36minfo[0m] [progress_update] aws-us-east-1-aws-gemm-512-512-787: 2500/2500 tasks started.alibaba-us-east-1-alibaba-gemm-512-512-725: 2500/2500 tasks started.gcp-us-east1-gcp-gemm-512-512-419: 2500/2500 tasks started.azure-germanywestcentral-azure-gemm-512-512-400: 2500/2500 tasks started.
[2025-12-04T11:20:36Z] [[36minfo[0m] [progress_update] gcp-us-east1-gcp-gemm-512-512-419: 2500/2500 tasks started.azure-germanywestcentral-azure-gemm-512-512-400: 2500/2500 tasks started.aws-us-east-1-aws-gemm-512-512-787: 2500/2500 tasks started.alibaba-us-east-1-alibaba-gemm-512-512-725: 2500/2500 tasks started.
[2025-12-04T11:20:46Z] [[36minfo[0m] [progress_update] aws-us-east-1-aws-gemm-512-512-787: 2500/2500 tasks started.alibaba-us-east-1-alibaba-gemm-512-512-725: 2500/2500 tasks started.gcp-us-east1-gcp-gemm-512-512-419: 2500/2500 tasks started.azure-germanywestcentral-azure-gemm-512-512-400: 2500/2500 tasks started.
[2025-12-04T11:20:56Z] [[36minfo[0m] [progress_update] aws-us-east-1-aws-gemm-512-512-787: 2500/2500 tasks started.alibaba-us-east-1-alibaba-gemm-512-512-725: 2500/2500 tasks started.gcp-us-east1-gcp-gemm-512-512-419: 2500/2500 tasks started.azure-germanywestcentral-azure-gemm-512-512-400: 2500/2500 tasks started.
[2025-12-04T11:21:05Z] [[31merror[0m] [task_execution] Error executing task azure-gemm-512: task azure-gemm-512 failed after 7 retries: <nil>
[2025-12-04T11:21:05Z] [[31merror[0m] [task_execution] Error executing task azure-gemm-512: task azure-gemm-512 failed after 7 retries: <nil>
[2025-12-04T11:21:05Z] [[31merror[0m] [task_execution] Error executing task azure-gemm-512: task azure-gemm-512 failed after 7 retries: <nil>
[2025-12-04T11:21:06Z] [[36minfo[0m] [progress_update] aws-us-east-1-aws-gemm-512-512-787: 2500/2500 tasks started.alibaba-us-east-1-alibaba-gemm-512-512-725: 2500/2500 tasks started.gcp-us-east1-gcp-gemm-512-512-419: 2500/2500 tasks started.azure-germanywestcentral-azure-gemm-512-512-400: 2500/2500 tasks started.
[2025-12-04T11:21:09Z] [[31merror[0m] [task_execution] Error executing task azure-gemm-512: task azure-gemm-512 failed after 7 retries: <nil>
[2025-12-04T11:21:16Z] [[36minfo[0m] [progress_update] aws-us-east-1-aws-gemm-512-512-787: 2500/2500 tasks started.alibaba-us-east-1-alibaba-gemm-512-512-725: 2500/2500 tasks started.gcp-us-east1-gcp-gemm-512-512-419: 2500/2500 tasks started.azure-germanywestcentral-azure-gemm-512-512-400: 2500/2500 tasks started.
[2025-12-04T11:21:23Z] [[31merror[0m] [task_execution] Error executing task azure-gemm-512: task azure-gemm-512 failed after 7 retries: <nil>
[2025-12-04T11:21:23Z] [[31merror[0m] [task_execution] Error executing task azure-gemm-512: task azure-gemm-512 failed after 7 retries: <nil>
[2025-12-04T11:21:23Z] [[31merror[0m] [task_execution] Error executing task azure-gemm-512: task azure-gemm-512 failed after 7 retries: <nil>
[2025-12-04T11:21:24Z] [[31merror[0m] [task_execution] Error executing task azure-gemm-512: task azure-gemm-512 failed after 7 retries: <nil>
[2025-12-04T11:21:24Z] [[31merror[0m] [task_execution] Error executing task azure-gemm-512: task azure-gemm-512 failed after 7 retries: <nil>
[2025-12-04T11:21:24Z] [[31merror[0m] [task_execution] Error executing task azure-gemm-512: task azure-gemm-512 failed after 7 retries: <nil>
[2025-12-04T11:21:24Z] [[31merror[0m] [task_execution] Error executing task azure-gemm-512: task azure-gemm-512 failed after 7 retries: <nil>
[2025-12-04T11:21:24Z] [[31merror[0m] [task_execution] Error executing task azure-gemm-512: task azure-gemm-512 failed after 7 retries: <nil>
[2025-12-04T11:21:24Z] [[31merror[0m] [task_execution] Error executing task azure-gemm-512: task azure-gemm-512 failed after 7 retries: <nil>
[2025-12-04T11:21:24Z] [[31merror[0m] [task_execution] Error executing task azure-gemm-512: task azure-gemm-512 failed after 7 retries: <nil>
[2025-12-04T11:21:24Z] [[31merror[0m] [task_execution] Error executing task azure-gemm-512: task azure-gemm-512 failed after 7 retries: <nil>
[2025-12-04T11:21:24Z] [[31merror[0m] [task_execution] Error executing task azure-gemm-512: task azure-gemm-512 failed after 7 retries: <nil>
[2025-12-04T11:21:24Z] [[31merror[0m] [task_execution] Error executing task azure-gemm-512: task azure-gemm-512 failed after 7 retries: <nil>
[2025-12-04T11:21:24Z] [[31merror[0m] [task_execution] Error executing task azure-gemm-512: task azure-gemm-512 failed after 7 retries: <nil>
[2025-12-04T11:21:25Z] [[31merror[0m] [task_execution] Error executing task azure-gemm-512: task azure-gemm-512 failed after 7 retries: <nil>
[2025-12-04T11:21:25Z] [[31merror[0m] [task_execution] Error executing task azure-gemm-512: task azure-gemm-512 failed after 7 retries: <nil>
[2025-12-04T11:21:25Z] [[31merror[0m] [task_execution] Error executing task azure-gemm-512: task azure-gemm-512 failed after 7 retries: <nil>
[2025-12-04T11:21:25Z] [[31merror[0m] [task_execution] Error executing task azure-gemm-512: task azure-gemm-512 failed after 7 retries: <nil>
[2025-12-04T11:21:25Z] [[31merror[0m] [task_execution] Error executing task azure-gemm-512: task azure-gemm-512 failed after 7 retries: <nil>
[2025-12-04T11:21:25Z] [[31merror[0m] [task_execution] Error executing task azure-gemm-512: task azure-gemm-512 failed after 7 retries: <nil>
[2025-12-04T11:21:25Z] [[31merror[0m] [task_execution] Error executing task azure-gemm-512: task azure-gemm-512 failed after 7 retries: <nil>
[2025-12-04T11:21:25Z] [[31merror[0m] [task_execution] Error executing task azure-gemm-512: task azure-gemm-512 failed after 7 retries: <nil>
[2025-12-04T11:21:25Z] [[31merror[0m] [task_execution] Error executing task azure-gemm-512: task azure-gemm-512 failed after 7 retries: <nil>
[2025-12-04T11:21:25Z] [[31merror[0m] [task_execution] Error executing task azure-gemm-512: task azure-gemm-512 failed after 7 retries: <nil>
[2025-12-04T11:21:25Z] [[31merror[0m] [task_execution] Error executing task azure-gemm-512: task azure-gemm-512 failed after 7 retries: <nil>
[2025-12-04T11:21:26Z] [[31merror[0m] [task_execution] Error executing task azure-gemm-512: task azure-gemm-512 failed after 7 retries: <nil>
[2025-12-04T11:21:26Z] [[31merror[0m] [task_execution] Error executing task azure-gemm-512: task azure-gemm-512 failed after 7 retries: <nil>
[2025-12-04T11:21:26Z] [[31merror[0m] [task_execution] Error executing task azure-gemm-512: task azure-gemm-512 failed after 7 retries: <nil>
[2025-12-04T11:21:26Z] [[31merror[0m] [task_execution] Error executing task azure-gemm-512: task azure-gemm-512 failed after 7 retries: <nil>
[2025-12-04T11:21:26Z] [[31merror[0m] [task_execution] Error executing task azure-gemm-512: task azure-gemm-512 failed after 7 retries: <nil>
[2025-12-04T11:21:26Z] [[31merror[0m] [task_execution] Error executing task azure-gemm-512: task azure-gemm-512 failed after 7 retries: <nil>
[2025-12-04T11:21:26Z] [[36minfo[0m] [progress_update] aws-us-east-1-aws-gemm-512-512-787: 2500/2500 tasks started.alibaba-us-east-1-alibaba-gemm-512-512-725: 2500/2500 tasks started.gcp-us-east1-gcp-gemm-512-512-419: 2500/2500 tasks started.azure-germanywestcentral-azure-gemm-512-512-400: 2500/2500 tasks started.
[2025-12-04T11:21:26Z] [[31merror[0m] [task_execution] Error executing task azure-gemm-512: task azure-gemm-512 failed after 7 retries: <nil>
[2025-12-04T11:21:26Z] [[31merror[0m] [task_execution] Error executing task azure-gemm-512: task azure-gemm-512 failed after 7 retries: <nil>
[2025-12-04T11:21:26Z] [[31merror[0m] [task_execution] Error executing task azure-gemm-512: task azure-gemm-512 failed after 7 retries: <nil>
[2025-12-04T11:21:26Z] [[31merror[0m] [task_execution] Error executing task azure-gemm-512: task azure-gemm-512 failed after 7 retries: <nil>
[2025-12-04T11:21:26Z] [[31merror[0m] [task_execution] Error executing task azure-gemm-512: task azure-gemm-512 failed after 7 retries: <nil>
[2025-12-04T11:21:26Z] [[31merror[0m] [task_execution] Error executing task azure-gemm-512: task azure-gemm-512 failed after 7 retries: <nil>
[2025-12-04T11:21:26Z] [[31merror[0m] [task_execution] Error executing task azure-gemm-512: task azure-gemm-512 failed after 7 retries: <nil>
[2025-12-04T11:21:27Z] [[31merror[0m] [task_execution] Error executing task azure-gemm-512: task azure-gemm-512 failed after 7 retries: <nil>
[2025-12-04T11:21:27Z] [[31merror[0m] [task_execution] Error executing task azure-gemm-512: task azure-gemm-512 failed after 7 retries: <nil>
[2025-12-04T11:21:27Z] [[31merror[0m] [task_execution] Error executing task azure-gemm-512: task azure-gemm-512 failed after 7 retries: <nil>
[2025-12-04T11:21:27Z] [[31merror[0m] [task_execution] Error executing task azure-gemm-512: task azure-gemm-512 failed after 7 retries: <nil>
[2025-12-04T11:21:27Z] [[31merror[0m] [task_execution] Error executing task azure-gemm-512: task azure-gemm-512 failed after 7 retries: <nil>
[2025-12-04T11:21:27Z] [[31merror[0m] [task_execution] Error executing task azure-gemm-512: task azure-gemm-512 failed after 7 retries: <nil>
[2025-12-04T11:21:27Z] [[31merror[0m] [task_execution] Error executing task azure-gemm-512: task azure-gemm-512 failed after 7 retries: <nil>
[2025-12-04T11:21:27Z] [[31merror[0m] [task_execution] Error executing task azure-gemm-512: task azure-gemm-512 failed after 7 retries: <nil>
[2025-12-04T11:21:27Z] [[31merror[0m] [task_execution] Error executing task azure-gemm-512: task azure-gemm-512 failed after 7 retries: <nil>
[2025-12-04T11:21:27Z] [[31merror[0m] [task_execution] Error executing task azure-gemm-512: task azure-gemm-512 failed after 7 retries: <nil>
[2025-12-04T11:21:27Z] [[31merror[0m] [task_execution] Error executing task azure-gemm-512: task azure-gemm-512 failed after 7 retries: <nil>
[2025-12-04T11:21:27Z] [[31merror[0m] [task_execution] Error executing task azure-gemm-512: task azure-gemm-512 failed after 7 retries: <nil>
[2025-12-04T11:21:27Z] [[31merror[0m] [task_execution] Error executing task azure-gemm-512: task azure-gemm-512 failed after 7 retries: <nil>
[2025-12-04T11:21:27Z] [[31merror[0m] [task_execution] Error executing task azure-gemm-512: task azure-gemm-512 failed after 7 retries: <nil>
[2025-12-04T11:21:27Z] [[31merror[0m] [task_execution] Error executing task azure-gemm-512: task azure-gemm-512 failed after 7 retries: <nil>
[2025-12-04T11:21:27Z] [[31merror[0m] [task_execution] Error executing task azure-gemm-512: task azure-gemm-512 failed after 7 retries: <nil>
[2025-12-04T11:21:27Z] [[31merror[0m] [task_execution] Error executing task azure-gemm-512: task azure-gemm-512 failed after 7 retries: <nil>
[2025-12-04T11:21:28Z] [[31merror[0m] [task_execution] Error executing task azure-gemm-512: task azure-gemm-512 failed after 7 retries: <nil>
[2025-12-04T11:21:28Z] [[31merror[0m] [task_execution] Error executing task azure-gemm-512: task azure-gemm-512 failed after 7 retries: <nil>
[2025-12-04T11:21:28Z] [[31merror[0m] [task_execution] Error executing task azure-gemm-512: task azure-gemm-512 failed after 7 retries: <nil>
[2025-12-04T11:21:28Z] [[31merror[0m] [task_execution] Error executing task azure-gemm-512: task azure-gemm-512 failed after 7 retries: <nil>
[2025-12-04T11:21:28Z] [[31merror[0m] [task_execution] Error executing task azure-gemm-512: task azure-gemm-512 failed after 7 retries: <nil>
[2025-12-04T11:21:28Z] [[31merror[0m] [task_execution] Error executing task azure-gemm-512: task azure-gemm-512 failed after 7 retries: <nil>
[2025-12-04T11:21:33Z] [[36minfo[0m] [function_finished] Finished benchmarking function azure-gemm-512 and closed archiver
[2025-12-04T11:21:35Z] [[36minfo[0m] [finish_timeline] Benchmark Timeline
[Thu Dec  4 11:21:35 UTC 2025] Finished benchmark 'gemm' successfully
[Thu Dec  4 11:21:35 UTC 2025] Sleeping 600 seconds before next workload...
