[Sun Dec  7 23:00:01 UTC 2025] Starting benchmark 'aesctr' with config './configs/aesCtr.yaml'
Validating functions...
[2025-12-07T23:00:01Z] [[36minfo[0m] [executor_setup] Setting up executor for aws-us-east-1-aws-aesCtr-512-512-63
[2025-12-07T23:00:01Z] [[36minfo[0m] [executor_setup] Setting up executor for alibaba-us-east-1-alibaba-aesCtr-512-512-969
[2025-12-07T23:00:01Z] [[36minfo[0m] [executor_setup] Setting up executor for azure-germanywestcentral-azure-aesCtr-512-512-149
[2025-12-07T23:00:01Z] [[0mwarning[0m] [[32mazure_limitations[0m] Azure can´t handle more than 300 parallel requests. Limiting to 300.
[2025-12-07T23:00:01Z] [[36minfo[0m] [executor_setup] Setting up executor for gcp-us-east1-gcp-aesCtr-512-512-54
[2025-12-07T23:00:01Z] [[36minfo[0m] [start_timeline] Benchmark Timeline
[2025-12-07T23:00:01Z] [[36minfo[0m] [load_generator_start] (gcp: us-east1) Starting load generator with 300 workers
[2025-12-07T23:00:01Z] [[36minfo[0m] [load_generator_start] (aws: us-east-1) Starting load generator with 500 workers
[2025-12-07T23:00:01Z] [[36minfo[0m] [load_generator_start] (alibaba: us-east-1) Starting load generator with 500 workers
[2025-12-07T23:00:01Z] [[36minfo[0m] [load_generator_start] (azure: germanywestcentral) Starting load generator with 300 workers
[2025-12-07T23:00:11Z] [[36minfo[0m] [progress_update] azure-germanywestcentral-azure-aesCtr-512-512-149: 631/2500 tasks started.gcp-us-east1-gcp-aesCtr-512-512-54: 620/2500 tasks started.aws-us-east-1-aws-aesCtr-512-512-63: 2147/2500 tasks started.alibaba-us-east-1-alibaba-aesCtr-512-512-969: 2444/2500 tasks started.
[2025-12-07T23:00:21Z] [[36minfo[0m] [progress_update] aws-us-east-1-aws-aesCtr-512-512-63: 2500/2500 tasks started.alibaba-us-east-1-alibaba-aesCtr-512-512-969: 2500/2500 tasks started.azure-germanywestcentral-azure-aesCtr-512-512-149: 651/2500 tasks started.gcp-us-east1-gcp-aesCtr-512-512-54: 1186/2500 tasks started.
[2025-12-07T23:00:27Z] [[36minfo[0m] [function_finished] Finished benchmarking function aws-aesCtr-512 and closed archiver
[2025-12-07T23:00:31Z] [[36minfo[0m] [progress_update] aws-us-east-1-aws-aesCtr-512-512-63: 2500/2500 tasks started.alibaba-us-east-1-alibaba-aesCtr-512-512-969: 2500/2500 tasks started.azure-germanywestcentral-azure-aesCtr-512-512-149: 1471/2500 tasks started.gcp-us-east1-gcp-aesCtr-512-512-54: 1752/2500 tasks started.
[2025-12-07T23:00:41Z] [[36minfo[0m] [progress_update] gcp-us-east1-gcp-aesCtr-512-512-54: 2285/2500 tasks started.aws-us-east-1-aws-aesCtr-512-512-63: 2500/2500 tasks started.alibaba-us-east-1-alibaba-aesCtr-512-512-969: 2500/2500 tasks started.azure-germanywestcentral-azure-aesCtr-512-512-149: 1917/2500 tasks started.
[2025-12-07T23:00:51Z] [[36minfo[0m] [progress_update] aws-us-east-1-aws-aesCtr-512-512-63: 2500/2500 tasks started.alibaba-us-east-1-alibaba-aesCtr-512-512-969: 2500/2500 tasks started.azure-germanywestcentral-azure-aesCtr-512-512-149: 2058/2500 tasks started.gcp-us-east1-gcp-aesCtr-512-512-54: 2500/2500 tasks started.
[2025-12-07T23:01:01Z] [[36minfo[0m] [progress_update] alibaba-us-east-1-alibaba-aesCtr-512-512-969: 2500/2500 tasks started.azure-germanywestcentral-azure-aesCtr-512-512-149: 2073/2500 tasks started.gcp-us-east1-gcp-aesCtr-512-512-54: 2500/2500 tasks started.aws-us-east-1-aws-aesCtr-512-512-63: 2500/2500 tasks started.
[2025-12-07T23:01:02Z] [[36minfo[0m] [function_finished] Finished benchmarking function gcp-aesCtr-512 and closed archiver
[2025-12-07T23:01:11Z] [[36minfo[0m] [progress_update] aws-us-east-1-aws-aesCtr-512-512-63: 2500/2500 tasks started.alibaba-us-east-1-alibaba-aesCtr-512-512-969: 2500/2500 tasks started.azure-germanywestcentral-azure-aesCtr-512-512-149: 2112/2500 tasks started.gcp-us-east1-gcp-aesCtr-512-512-54: 2500/2500 tasks started.
[2025-12-07T23:01:21Z] [[36minfo[0m] [function_finished] Finished benchmarking function alibaba-aesCtr-512 and closed archiver
[2025-12-07T23:01:21Z] [[36minfo[0m] [progress_update] aws-us-east-1-aws-aesCtr-512-512-63: 2500/2500 tasks started.alibaba-us-east-1-alibaba-aesCtr-512-512-969: 2500/2500 tasks started.azure-germanywestcentral-azure-aesCtr-512-512-149: 2130/2500 tasks started.gcp-us-east1-gcp-aesCtr-512-512-54: 2500/2500 tasks started.
[2025-12-07T23:01:31Z] [[36minfo[0m] [progress_update] aws-us-east-1-aws-aesCtr-512-512-63: 2500/2500 tasks started.alibaba-us-east-1-alibaba-aesCtr-512-512-969: 2500/2500 tasks started.azure-germanywestcentral-azure-aesCtr-512-512-149: 2134/2500 tasks started.gcp-us-east1-gcp-aesCtr-512-512-54: 2500/2500 tasks started.
[2025-12-07T23:01:41Z] [[36minfo[0m] [progress_update] aws-us-east-1-aws-aesCtr-512-512-63: 2500/2500 tasks started.alibaba-us-east-1-alibaba-aesCtr-512-512-969: 2500/2500 tasks started.azure-germanywestcentral-azure-aesCtr-512-512-149: 2142/2500 tasks started.gcp-us-east1-gcp-aesCtr-512-512-54: 2500/2500 tasks started.
[2025-12-07T23:01:51Z] [[36minfo[0m] [progress_update] alibaba-us-east-1-alibaba-aesCtr-512-512-969: 2500/2500 tasks started.azure-germanywestcentral-azure-aesCtr-512-512-149: 2471/2500 tasks started.gcp-us-east1-gcp-aesCtr-512-512-54: 2500/2500 tasks started.aws-us-east-1-aws-aesCtr-512-512-63: 2500/2500 tasks started.
[2025-12-07T23:02:01Z] [[36minfo[0m] [progress_update] aws-us-east-1-aws-aesCtr-512-512-63: 2500/2500 tasks started.alibaba-us-east-1-alibaba-aesCtr-512-512-969: 2500/2500 tasks started.azure-germanywestcentral-azure-aesCtr-512-512-149: 2500/2500 tasks started.gcp-us-east1-gcp-aesCtr-512-512-54: 2500/2500 tasks started.
[2025-12-07T23:02:11Z] [[36minfo[0m] [progress_update] gcp-us-east1-gcp-aesCtr-512-512-54: 2500/2500 tasks started.aws-us-east-1-aws-aesCtr-512-512-63: 2500/2500 tasks started.alibaba-us-east-1-alibaba-aesCtr-512-512-969: 2500/2500 tasks started.azure-germanywestcentral-azure-aesCtr-512-512-149: 2500/2500 tasks started.
[2025-12-07T23:02:21Z] [[36minfo[0m] [progress_update] azure-germanywestcentral-azure-aesCtr-512-512-149: 2500/2500 tasks started.gcp-us-east1-gcp-aesCtr-512-512-54: 2500/2500 tasks started.aws-us-east-1-aws-aesCtr-512-512-63: 2500/2500 tasks started.alibaba-us-east-1-alibaba-aesCtr-512-512-969: 2500/2500 tasks started.
[2025-12-07T23:02:31Z] [[36minfo[0m] [progress_update] azure-germanywestcentral-azure-aesCtr-512-512-149: 2500/2500 tasks started.gcp-us-east1-gcp-aesCtr-512-512-54: 2500/2500 tasks started.aws-us-east-1-aws-aesCtr-512-512-63: 2500/2500 tasks started.alibaba-us-east-1-alibaba-aesCtr-512-512-969: 2500/2500 tasks started.
[2025-12-07T23:02:41Z] [[36minfo[0m] [progress_update] aws-us-east-1-aws-aesCtr-512-512-63: 2500/2500 tasks started.alibaba-us-east-1-alibaba-aesCtr-512-512-969: 2500/2500 tasks started.azure-germanywestcentral-azure-aesCtr-512-512-149: 2500/2500 tasks started.gcp-us-east1-gcp-aesCtr-512-512-54: 2500/2500 tasks started.
[2025-12-07T23:02:51Z] [[36minfo[0m] [progress_update] aws-us-east-1-aws-aesCtr-512-512-63: 2500/2500 tasks started.alibaba-us-east-1-alibaba-aesCtr-512-512-969: 2500/2500 tasks started.azure-germanywestcentral-azure-aesCtr-512-512-149: 2500/2500 tasks started.gcp-us-east1-gcp-aesCtr-512-512-54: 2500/2500 tasks started.
[2025-12-07T23:03:01Z] [[36minfo[0m] [progress_update] aws-us-east-1-aws-aesCtr-512-512-63: 2500/2500 tasks started.alibaba-us-east-1-alibaba-aesCtr-512-512-969: 2500/2500 tasks started.azure-germanywestcentral-azure-aesCtr-512-512-149: 2500/2500 tasks started.gcp-us-east1-gcp-aesCtr-512-512-54: 2500/2500 tasks started.
[2025-12-07T23:03:11Z] [[36minfo[0m] [progress_update] aws-us-east-1-aws-aesCtr-512-512-63: 2500/2500 tasks started.alibaba-us-east-1-alibaba-aesCtr-512-512-969: 2500/2500 tasks started.azure-germanywestcentral-azure-aesCtr-512-512-149: 2500/2500 tasks started.gcp-us-east1-gcp-aesCtr-512-512-54: 2500/2500 tasks started.
[2025-12-07T23:03:21Z] [[36minfo[0m] [progress_update] gcp-us-east1-gcp-aesCtr-512-512-54: 2500/2500 tasks started.aws-us-east-1-aws-aesCtr-512-512-63: 2500/2500 tasks started.alibaba-us-east-1-alibaba-aesCtr-512-512-969: 2500/2500 tasks started.azure-germanywestcentral-azure-aesCtr-512-512-149: 2500/2500 tasks started.
[2025-12-07T23:03:31Z] [[36minfo[0m] [progress_update] azure-germanywestcentral-azure-aesCtr-512-512-149: 2500/2500 tasks started.gcp-us-east1-gcp-aesCtr-512-512-54: 2500/2500 tasks started.aws-us-east-1-aws-aesCtr-512-512-63: 2500/2500 tasks started.alibaba-us-east-1-alibaba-aesCtr-512-512-969: 2500/2500 tasks started.
[2025-12-07T23:03:41Z] [[36minfo[0m] [progress_update] aws-us-east-1-aws-aesCtr-512-512-63: 2500/2500 tasks started.alibaba-us-east-1-alibaba-aesCtr-512-512-969: 2500/2500 tasks started.azure-germanywestcentral-azure-aesCtr-512-512-149: 2500/2500 tasks started.gcp-us-east1-gcp-aesCtr-512-512-54: 2500/2500 tasks started.
[2025-12-07T23:03:51Z] [[36minfo[0m] [progress_update] aws-us-east-1-aws-aesCtr-512-512-63: 2500/2500 tasks started.alibaba-us-east-1-alibaba-aesCtr-512-512-969: 2500/2500 tasks started.azure-germanywestcentral-azure-aesCtr-512-512-149: 2500/2500 tasks started.gcp-us-east1-gcp-aesCtr-512-512-54: 2500/2500 tasks started.
[2025-12-07T23:04:01Z] [[36minfo[0m] [progress_update] alibaba-us-east-1-alibaba-aesCtr-512-512-969: 2500/2500 tasks started.azure-germanywestcentral-azure-aesCtr-512-512-149: 2500/2500 tasks started.gcp-us-east1-gcp-aesCtr-512-512-54: 2500/2500 tasks started.aws-us-east-1-aws-aesCtr-512-512-63: 2500/2500 tasks started.
[2025-12-07T23:04:11Z] [[36minfo[0m] [progress_update] aws-us-east-1-aws-aesCtr-512-512-63: 2500/2500 tasks started.alibaba-us-east-1-alibaba-aesCtr-512-512-969: 2500/2500 tasks started.azure-germanywestcentral-azure-aesCtr-512-512-149: 2500/2500 tasks started.gcp-us-east1-gcp-aesCtr-512-512-54: 2500/2500 tasks started.
[2025-12-07T23:04:21Z] [[36minfo[0m] [progress_update] alibaba-us-east-1-alibaba-aesCtr-512-512-969: 2500/2500 tasks started.azure-germanywestcentral-azure-aesCtr-512-512-149: 2500/2500 tasks started.gcp-us-east1-gcp-aesCtr-512-512-54: 2500/2500 tasks started.aws-us-east-1-aws-aesCtr-512-512-63: 2500/2500 tasks started.
[2025-12-07T23:04:22Z] [[31merror[0m] [task_execution] Error executing task azure-aesCtr-512: task azure-aesCtr-512 failed after 7 retries: <nil>
[2025-12-07T23:04:22Z] [[31merror[0m] [task_execution] Error executing task azure-aesCtr-512: task azure-aesCtr-512 failed after 7 retries: <nil>
[2025-12-07T23:04:22Z] [[31merror[0m] [task_execution] Error executing task azure-aesCtr-512: task azure-aesCtr-512 failed after 7 retries: <nil>
[2025-12-07T23:04:24Z] [[31merror[0m] [task_execution] Error executing task azure-aesCtr-512: task azure-aesCtr-512 failed after 7 retries: <nil>
[2025-12-07T23:04:31Z] [[36minfo[0m] [progress_update] aws-us-east-1-aws-aesCtr-512-512-63: 2500/2500 tasks started.alibaba-us-east-1-alibaba-aesCtr-512-512-969: 2500/2500 tasks started.azure-germanywestcentral-azure-aesCtr-512-512-149: 2500/2500 tasks started.gcp-us-east1-gcp-aesCtr-512-512-54: 2500/2500 tasks started.
[2025-12-07T23:04:41Z] [[36minfo[0m] [progress_update] azure-germanywestcentral-azure-aesCtr-512-512-149: 2500/2500 tasks started.gcp-us-east1-gcp-aesCtr-512-512-54: 2500/2500 tasks started.aws-us-east-1-aws-aesCtr-512-512-63: 2500/2500 tasks started.alibaba-us-east-1-alibaba-aesCtr-512-512-969: 2500/2500 tasks started.
[2025-12-07T23:04:44Z] [[31merror[0m] [task_execution] Error executing task azure-aesCtr-512: task azure-aesCtr-512 failed after 7 retries: <nil>
[2025-12-07T23:04:45Z] [[31merror[0m] [task_execution] Error executing task azure-aesCtr-512: task azure-aesCtr-512 failed after 7 retries: <nil>
[2025-12-07T23:04:45Z] [[31merror[0m] [task_execution] Error executing task azure-aesCtr-512: task azure-aesCtr-512 failed after 7 retries: <nil>
[2025-12-07T23:04:48Z] [[31merror[0m] [task_execution] Error executing task azure-aesCtr-512: task azure-aesCtr-512 failed after 7 retries: <nil>
[2025-12-07T23:04:49Z] [[31merror[0m] [task_execution] Error executing task azure-aesCtr-512: task azure-aesCtr-512 failed after 7 retries: <nil>
[2025-12-07T23:04:51Z] [[31merror[0m] [task_execution] Error executing task azure-aesCtr-512: task azure-aesCtr-512 failed after 7 retries: <nil>
[2025-12-07T23:04:51Z] [[36minfo[0m] [progress_update] aws-us-east-1-aws-aesCtr-512-512-63: 2500/2500 tasks started.alibaba-us-east-1-alibaba-aesCtr-512-512-969: 2500/2500 tasks started.azure-germanywestcentral-azure-aesCtr-512-512-149: 2500/2500 tasks started.gcp-us-east1-gcp-aesCtr-512-512-54: 2500/2500 tasks started.
[2025-12-07T23:04:52Z] [[31merror[0m] [task_execution] Error executing task azure-aesCtr-512: task azure-aesCtr-512 failed after 7 retries: <nil>
[2025-12-07T23:04:52Z] [[31merror[0m] [task_execution] Error executing task azure-aesCtr-512: task azure-aesCtr-512 failed after 7 retries: <nil>
[2025-12-07T23:04:52Z] [[31merror[0m] [task_execution] Error executing task azure-aesCtr-512: task azure-aesCtr-512 failed after 7 retries: <nil>
[2025-12-07T23:04:53Z] [[31merror[0m] [task_execution] Error executing task azure-aesCtr-512: task azure-aesCtr-512 failed after 7 retries: <nil>
[2025-12-07T23:04:53Z] [[31merror[0m] [task_execution] Error executing task azure-aesCtr-512: task azure-aesCtr-512 failed after 7 retries: <nil>
[2025-12-07T23:04:53Z] [[31merror[0m] [task_execution] Error executing task azure-aesCtr-512: task azure-aesCtr-512 failed after 7 retries: <nil>
[2025-12-07T23:04:53Z] [[31merror[0m] [task_execution] Error executing task azure-aesCtr-512: task azure-aesCtr-512 failed after 7 retries: <nil>
[2025-12-07T23:04:54Z] [[31merror[0m] [task_execution] Error executing task azure-aesCtr-512: task azure-aesCtr-512 failed after 7 retries: <nil>
[2025-12-07T23:04:54Z] [[31merror[0m] [task_execution] Error executing task azure-aesCtr-512: task azure-aesCtr-512 failed after 7 retries: <nil>
[2025-12-07T23:04:54Z] [[31merror[0m] [task_execution] Error executing task azure-aesCtr-512: task azure-aesCtr-512 failed after 7 retries: <nil>
[2025-12-07T23:04:54Z] [[31merror[0m] [task_execution] Error executing task azure-aesCtr-512: task azure-aesCtr-512 failed after 7 retries: <nil>
[2025-12-07T23:05:01Z] [[36minfo[0m] [progress_update] azure-germanywestcentral-azure-aesCtr-512-512-149: 2500/2500 tasks started.gcp-us-east1-gcp-aesCtr-512-512-54: 2500/2500 tasks started.aws-us-east-1-aws-aesCtr-512-512-63: 2500/2500 tasks started.alibaba-us-east-1-alibaba-aesCtr-512-512-969: 2500/2500 tasks started.
[2025-12-07T23:05:11Z] [[36minfo[0m] [progress_update] alibaba-us-east-1-alibaba-aesCtr-512-512-969: 2500/2500 tasks started.azure-germanywestcentral-azure-aesCtr-512-512-149: 2500/2500 tasks started.gcp-us-east1-gcp-aesCtr-512-512-54: 2500/2500 tasks started.aws-us-east-1-aws-aesCtr-512-512-63: 2500/2500 tasks started.
[2025-12-07T23:05:21Z] [[36minfo[0m] [progress_update] gcp-us-east1-gcp-aesCtr-512-512-54: 2500/2500 tasks started.aws-us-east-1-aws-aesCtr-512-512-63: 2500/2500 tasks started.alibaba-us-east-1-alibaba-aesCtr-512-512-969: 2500/2500 tasks started.azure-germanywestcentral-azure-aesCtr-512-512-149: 2500/2500 tasks started.
[2025-12-07T23:05:21Z] [[31merror[0m] [task_execution] Error executing task azure-aesCtr-512: task azure-aesCtr-512 failed after 7 retries: <nil>
[2025-12-07T23:05:23Z] [[31merror[0m] [task_execution] Error executing task azure-aesCtr-512: task azure-aesCtr-512 failed after 7 retries: <nil>
[2025-12-07T23:05:25Z] [[31merror[0m] [task_execution] Error executing task azure-aesCtr-512: task azure-aesCtr-512 failed after 7 retries: <nil>
[2025-12-07T23:05:25Z] [[31merror[0m] [task_execution] Error executing task azure-aesCtr-512: task azure-aesCtr-512 failed after 7 retries: <nil>
[2025-12-07T23:05:25Z] [[31merror[0m] [task_execution] Error executing task azure-aesCtr-512: task azure-aesCtr-512 failed after 7 retries: <nil>
[2025-12-07T23:05:25Z] [[31merror[0m] [task_execution] Error executing task azure-aesCtr-512: task azure-aesCtr-512 failed after 7 retries: <nil>
[2025-12-07T23:05:25Z] [[31merror[0m] [task_execution] Error executing task azure-aesCtr-512: task azure-aesCtr-512 failed after 7 retries: <nil>
[2025-12-07T23:05:25Z] [[31merror[0m] [task_execution] Error executing task azure-aesCtr-512: task azure-aesCtr-512 failed after 7 retries: <nil>
[2025-12-07T23:05:25Z] [[31merror[0m] [task_execution] Error executing task azure-aesCtr-512: task azure-aesCtr-512 failed after 7 retries: <nil>
[2025-12-07T23:05:25Z] [[31merror[0m] [task_execution] Error executing task azure-aesCtr-512: task azure-aesCtr-512 failed after 7 retries: <nil>
[2025-12-07T23:05:26Z] [[31merror[0m] [task_execution] Error executing task azure-aesCtr-512: task azure-aesCtr-512 failed after 7 retries: <nil>
[2025-12-07T23:05:26Z] [[31merror[0m] [task_execution] Error executing task azure-aesCtr-512: task azure-aesCtr-512 failed after 7 retries: <nil>
[2025-12-07T23:05:26Z] [[31merror[0m] [task_execution] Error executing task azure-aesCtr-512: task azure-aesCtr-512 failed after 7 retries: <nil>
[2025-12-07T23:05:26Z] [[31merror[0m] [task_execution] Error executing task azure-aesCtr-512: task azure-aesCtr-512 failed after 7 retries: <nil>
[2025-12-07T23:05:26Z] [[31merror[0m] [task_execution] Error executing task azure-aesCtr-512: task azure-aesCtr-512 failed after 7 retries: <nil>
[2025-12-07T23:05:27Z] [[31merror[0m] [task_execution] Error executing task azure-aesCtr-512: task azure-aesCtr-512 failed after 7 retries: <nil>
[2025-12-07T23:05:31Z] [[36minfo[0m] [progress_update] aws-us-east-1-aws-aesCtr-512-512-63: 2500/2500 tasks started.alibaba-us-east-1-alibaba-aesCtr-512-512-969: 2500/2500 tasks started.azure-germanywestcentral-azure-aesCtr-512-512-149: 2500/2500 tasks started.gcp-us-east1-gcp-aesCtr-512-512-54: 2500/2500 tasks started.
[2025-12-07T23:05:33Z] [[31merror[0m] [task_execution] Error executing task azure-aesCtr-512: task azure-aesCtr-512 failed after 7 retries: <nil>
[2025-12-07T23:05:33Z] [[31merror[0m] [task_execution] Error executing task azure-aesCtr-512: task azure-aesCtr-512 failed after 7 retries: <nil>
[2025-12-07T23:05:38Z] [[36minfo[0m] [function_finished] Finished benchmarking function azure-aesCtr-512 and closed archiver
[2025-12-07T23:05:40Z] [[36minfo[0m] [finish_timeline] Benchmark Timeline
[Sun Dec  7 23:05:40 UTC 2025] Finished benchmark 'aesctr' successfully
[Sun Dec  7 23:05:40 UTC 2025] Sleeping 600 seconds before next workload...
