[Sun Dec  7 12:01:15 UTC 2025] Starting benchmark 'gzip' with config './configs/gzip.yaml'
Validating functions...
[2025-12-07T12:01:15Z] [[36minfo[0m] [executor_setup] Setting up executor for aws-us-east-1-aws-gzip-512-512-841
[2025-12-07T12:01:15Z] [[36minfo[0m] [executor_setup] Setting up executor for alibaba-us-east-1-alibaba-gzip-512-512-700
[2025-12-07T12:01:15Z] [[36minfo[0m] [executor_setup] Setting up executor for azure-germanywestcentral-azure-gzip-512-512-675
[2025-12-07T12:01:15Z] [[0mwarning[0m] [[32mazure_limitations[0m] Azure can´t handle more than 300 parallel requests. Limiting to 300.
[2025-12-07T12:01:15Z] [[36minfo[0m] [executor_setup] Setting up executor for gcp-us-east1-gcp-gzip-512-512-184
[2025-12-07T12:01:15Z] [[36minfo[0m] [start_timeline] Benchmark Timeline
[2025-12-07T12:01:15Z] [[36minfo[0m] [load_generator_start] (gcp: us-east1) Starting load generator with 300 workers
[2025-12-07T12:01:15Z] [[36minfo[0m] [load_generator_start] (aws: us-east-1) Starting load generator with 500 workers
[2025-12-07T12:01:15Z] [[36minfo[0m] [load_generator_start] (alibaba: us-east-1) Starting load generator with 500 workers
[2025-12-07T12:01:15Z] [[36minfo[0m] [load_generator_start] (azure: germanywestcentral) Starting load generator with 300 workers
[2025-12-07T12:01:25Z] [[36minfo[0m] [progress_update] aws-us-east-1-aws-gzip-512-512-841: 2095/2500 tasks started.alibaba-us-east-1-alibaba-gzip-512-512-700: 1882/2500 tasks started.azure-germanywestcentral-azure-gzip-512-512-675: 581/2500 tasks started.gcp-us-east1-gcp-gzip-512-512-184: 1133/2500 tasks started.
[2025-12-07T12:01:35Z] [[36minfo[0m] [progress_update] gcp-us-east1-gcp-gzip-512-512-184: 2194/2500 tasks started.aws-us-east-1-aws-gzip-512-512-841: 2500/2500 tasks started.alibaba-us-east-1-alibaba-gzip-512-512-700: 2500/2500 tasks started.azure-germanywestcentral-azure-gzip-512-512-675: 589/2500 tasks started.
[2025-12-07T12:01:43Z] [[36minfo[0m] [function_finished] Finished benchmarking function aws-gzip-512 and closed archiver
[2025-12-07T12:01:45Z] [[36minfo[0m] [progress_update] aws-us-east-1-aws-gzip-512-512-841: 2500/2500 tasks started.alibaba-us-east-1-alibaba-gzip-512-512-700: 2500/2500 tasks started.azure-germanywestcentral-azure-gzip-512-512-675: 1216/2500 tasks started.gcp-us-east1-gcp-gzip-512-512-184: 2500/2500 tasks started.
[2025-12-07T12:01:55Z] [[36minfo[0m] [progress_update] alibaba-us-east-1-alibaba-gzip-512-512-700: 2500/2500 tasks started.azure-germanywestcentral-azure-gzip-512-512-675: 1825/2500 tasks started.gcp-us-east1-gcp-gzip-512-512-184: 2500/2500 tasks started.aws-us-east-1-aws-gzip-512-512-841: 2500/2500 tasks started.
[2025-12-07T12:01:57Z] [[36minfo[0m] [function_finished] Finished benchmarking function gcp-gzip-512 and closed archiver
[2025-12-07T12:02:05Z] [[36minfo[0m] [progress_update] aws-us-east-1-aws-gzip-512-512-841: 2500/2500 tasks started.alibaba-us-east-1-alibaba-gzip-512-512-700: 2500/2500 tasks started.azure-germanywestcentral-azure-gzip-512-512-675: 2178/2500 tasks started.gcp-us-east1-gcp-gzip-512-512-184: 2500/2500 tasks started.
[2025-12-07T12:02:15Z] [[36minfo[0m] [progress_update] aws-us-east-1-aws-gzip-512-512-841: 2500/2500 tasks started.alibaba-us-east-1-alibaba-gzip-512-512-700: 2500/2500 tasks started.azure-germanywestcentral-azure-gzip-512-512-675: 2179/2500 tasks started.gcp-us-east1-gcp-gzip-512-512-184: 2500/2500 tasks started.
[2025-12-07T12:02:25Z] [[36minfo[0m] [progress_update] aws-us-east-1-aws-gzip-512-512-841: 2500/2500 tasks started.alibaba-us-east-1-alibaba-gzip-512-512-700: 2500/2500 tasks started.azure-germanywestcentral-azure-gzip-512-512-675: 2302/2500 tasks started.gcp-us-east1-gcp-gzip-512-512-184: 2500/2500 tasks started.
[2025-12-07T12:02:35Z] [[36minfo[0m] [progress_update] aws-us-east-1-aws-gzip-512-512-841: 2500/2500 tasks started.alibaba-us-east-1-alibaba-gzip-512-512-700: 2500/2500 tasks started.azure-germanywestcentral-azure-gzip-512-512-675: 2423/2500 tasks started.gcp-us-east1-gcp-gzip-512-512-184: 2500/2500 tasks started.
[2025-12-07T12:02:42Z] [[36minfo[0m] [function_finished] Finished benchmarking function alibaba-gzip-512 and closed archiver
[2025-12-07T12:02:45Z] [[36minfo[0m] [progress_update] aws-us-east-1-aws-gzip-512-512-841: 2500/2500 tasks started.alibaba-us-east-1-alibaba-gzip-512-512-700: 2500/2500 tasks started.azure-germanywestcentral-azure-gzip-512-512-675: 2500/2500 tasks started.gcp-us-east1-gcp-gzip-512-512-184: 2500/2500 tasks started.
[2025-12-07T12:02:55Z] [[36minfo[0m] [progress_update] alibaba-us-east-1-alibaba-gzip-512-512-700: 2500/2500 tasks started.azure-germanywestcentral-azure-gzip-512-512-675: 2500/2500 tasks started.gcp-us-east1-gcp-gzip-512-512-184: 2500/2500 tasks started.aws-us-east-1-aws-gzip-512-512-841: 2500/2500 tasks started.
[2025-12-07T12:03:05Z] [[36minfo[0m] [progress_update] aws-us-east-1-aws-gzip-512-512-841: 2500/2500 tasks started.alibaba-us-east-1-alibaba-gzip-512-512-700: 2500/2500 tasks started.azure-germanywestcentral-azure-gzip-512-512-675: 2500/2500 tasks started.gcp-us-east1-gcp-gzip-512-512-184: 2500/2500 tasks started.
[2025-12-07T12:03:15Z] [[36minfo[0m] [progress_update] alibaba-us-east-1-alibaba-gzip-512-512-700: 2500/2500 tasks started.azure-germanywestcentral-azure-gzip-512-512-675: 2500/2500 tasks started.gcp-us-east1-gcp-gzip-512-512-184: 2500/2500 tasks started.aws-us-east-1-aws-gzip-512-512-841: 2500/2500 tasks started.
[2025-12-07T12:03:25Z] [[36minfo[0m] [progress_update] azure-germanywestcentral-azure-gzip-512-512-675: 2500/2500 tasks started.gcp-us-east1-gcp-gzip-512-512-184: 2500/2500 tasks started.aws-us-east-1-aws-gzip-512-512-841: 2500/2500 tasks started.alibaba-us-east-1-alibaba-gzip-512-512-700: 2500/2500 tasks started.
[2025-12-07T12:03:35Z] [[36minfo[0m] [progress_update] aws-us-east-1-aws-gzip-512-512-841: 2500/2500 tasks started.alibaba-us-east-1-alibaba-gzip-512-512-700: 2500/2500 tasks started.azure-germanywestcentral-azure-gzip-512-512-675: 2500/2500 tasks started.gcp-us-east1-gcp-gzip-512-512-184: 2500/2500 tasks started.
[2025-12-07T12:03:45Z] [[36minfo[0m] [progress_update] aws-us-east-1-aws-gzip-512-512-841: 2500/2500 tasks started.alibaba-us-east-1-alibaba-gzip-512-512-700: 2500/2500 tasks started.azure-germanywestcentral-azure-gzip-512-512-675: 2500/2500 tasks started.gcp-us-east1-gcp-gzip-512-512-184: 2500/2500 tasks started.
[2025-12-07T12:03:55Z] [[36minfo[0m] [progress_update] alibaba-us-east-1-alibaba-gzip-512-512-700: 2500/2500 tasks started.azure-germanywestcentral-azure-gzip-512-512-675: 2500/2500 tasks started.gcp-us-east1-gcp-gzip-512-512-184: 2500/2500 tasks started.aws-us-east-1-aws-gzip-512-512-841: 2500/2500 tasks started.
[2025-12-07T12:04:05Z] [[36minfo[0m] [progress_update] azure-germanywestcentral-azure-gzip-512-512-675: 2500/2500 tasks started.gcp-us-east1-gcp-gzip-512-512-184: 2500/2500 tasks started.aws-us-east-1-aws-gzip-512-512-841: 2500/2500 tasks started.alibaba-us-east-1-alibaba-gzip-512-512-700: 2500/2500 tasks started.
[2025-12-07T12:04:15Z] [[36minfo[0m] [progress_update] aws-us-east-1-aws-gzip-512-512-841: 2500/2500 tasks started.alibaba-us-east-1-alibaba-gzip-512-512-700: 2500/2500 tasks started.azure-germanywestcentral-azure-gzip-512-512-675: 2500/2500 tasks started.gcp-us-east1-gcp-gzip-512-512-184: 2500/2500 tasks started.
[2025-12-07T12:04:25Z] [[36minfo[0m] [progress_update] aws-us-east-1-aws-gzip-512-512-841: 2500/2500 tasks started.alibaba-us-east-1-alibaba-gzip-512-512-700: 2500/2500 tasks started.azure-germanywestcentral-azure-gzip-512-512-675: 2500/2500 tasks started.gcp-us-east1-gcp-gzip-512-512-184: 2500/2500 tasks started.
[2025-12-07T12:04:35Z] [[36minfo[0m] [progress_update] aws-us-east-1-aws-gzip-512-512-841: 2500/2500 tasks started.alibaba-us-east-1-alibaba-gzip-512-512-700: 2500/2500 tasks started.azure-germanywestcentral-azure-gzip-512-512-675: 2500/2500 tasks started.gcp-us-east1-gcp-gzip-512-512-184: 2500/2500 tasks started.
[2025-12-07T12:04:45Z] [[36minfo[0m] [progress_update] aws-us-east-1-aws-gzip-512-512-841: 2500/2500 tasks started.alibaba-us-east-1-alibaba-gzip-512-512-700: 2500/2500 tasks started.azure-germanywestcentral-azure-gzip-512-512-675: 2500/2500 tasks started.gcp-us-east1-gcp-gzip-512-512-184: 2500/2500 tasks started.
[2025-12-07T12:04:55Z] [[36minfo[0m] [progress_update] alibaba-us-east-1-alibaba-gzip-512-512-700: 2500/2500 tasks started.azure-germanywestcentral-azure-gzip-512-512-675: 2500/2500 tasks started.gcp-us-east1-gcp-gzip-512-512-184: 2500/2500 tasks started.aws-us-east-1-aws-gzip-512-512-841: 2500/2500 tasks started.
[2025-12-07T12:05:05Z] [[36minfo[0m] [progress_update] aws-us-east-1-aws-gzip-512-512-841: 2500/2500 tasks started.alibaba-us-east-1-alibaba-gzip-512-512-700: 2500/2500 tasks started.azure-germanywestcentral-azure-gzip-512-512-675: 2500/2500 tasks started.gcp-us-east1-gcp-gzip-512-512-184: 2500/2500 tasks started.
[2025-12-07T12:05:15Z] [[36minfo[0m] [progress_update] alibaba-us-east-1-alibaba-gzip-512-512-700: 2500/2500 tasks started.azure-germanywestcentral-azure-gzip-512-512-675: 2500/2500 tasks started.gcp-us-east1-gcp-gzip-512-512-184: 2500/2500 tasks started.aws-us-east-1-aws-gzip-512-512-841: 2500/2500 tasks started.
[2025-12-07T12:05:25Z] [[36minfo[0m] [progress_update] aws-us-east-1-aws-gzip-512-512-841: 2500/2500 tasks started.alibaba-us-east-1-alibaba-gzip-512-512-700: 2500/2500 tasks started.azure-germanywestcentral-azure-gzip-512-512-675: 2500/2500 tasks started.gcp-us-east1-gcp-gzip-512-512-184: 2500/2500 tasks started.
[2025-12-07T12:05:35Z] [[36minfo[0m] [progress_update] aws-us-east-1-aws-gzip-512-512-841: 2500/2500 tasks started.alibaba-us-east-1-alibaba-gzip-512-512-700: 2500/2500 tasks started.azure-germanywestcentral-azure-gzip-512-512-675: 2500/2500 tasks started.gcp-us-east1-gcp-gzip-512-512-184: 2500/2500 tasks started.
[2025-12-07T12:05:45Z] [[36minfo[0m] [progress_update] aws-us-east-1-aws-gzip-512-512-841: 2500/2500 tasks started.alibaba-us-east-1-alibaba-gzip-512-512-700: 2500/2500 tasks started.azure-germanywestcentral-azure-gzip-512-512-675: 2500/2500 tasks started.gcp-us-east1-gcp-gzip-512-512-184: 2500/2500 tasks started.
[2025-12-07T12:05:55Z] [[36minfo[0m] [progress_update] aws-us-east-1-aws-gzip-512-512-841: 2500/2500 tasks started.alibaba-us-east-1-alibaba-gzip-512-512-700: 2500/2500 tasks started.azure-germanywestcentral-azure-gzip-512-512-675: 2500/2500 tasks started.gcp-us-east1-gcp-gzip-512-512-184: 2500/2500 tasks started.
[2025-12-07T12:06:05Z] [[36minfo[0m] [progress_update] aws-us-east-1-aws-gzip-512-512-841: 2500/2500 tasks started.alibaba-us-east-1-alibaba-gzip-512-512-700: 2500/2500 tasks started.azure-germanywestcentral-azure-gzip-512-512-675: 2500/2500 tasks started.gcp-us-east1-gcp-gzip-512-512-184: 2500/2500 tasks started.
[2025-12-07T12:06:12Z] [[31merror[0m] [task_execution] Error executing task azure-gzip-512: task azure-gzip-512 failed after 7 retries: <nil>
[2025-12-07T12:06:12Z] [[31merror[0m] [task_execution] Error executing task azure-gzip-512: task azure-gzip-512 failed after 7 retries: <nil>
[2025-12-07T12:06:13Z] [[31merror[0m] [task_execution] Error executing task azure-gzip-512: task azure-gzip-512 failed after 7 retries: <nil>
[2025-12-07T12:06:13Z] [[31merror[0m] [task_execution] Error executing task azure-gzip-512: task azure-gzip-512 failed after 7 retries: <nil>
[2025-12-07T12:06:13Z] [[31merror[0m] [task_execution] Error executing task azure-gzip-512: task azure-gzip-512 failed after 7 retries: <nil>
[2025-12-07T12:06:13Z] [[31merror[0m] [task_execution] Error executing task azure-gzip-512: task azure-gzip-512 failed after 7 retries: <nil>
[2025-12-07T12:06:13Z] [[31merror[0m] [task_execution] Error executing task azure-gzip-512: task azure-gzip-512 failed after 7 retries: <nil>
[2025-12-07T12:06:13Z] [[31merror[0m] [task_execution] Error executing task azure-gzip-512: task azure-gzip-512 failed after 7 retries: <nil>
[2025-12-07T12:06:13Z] [[31merror[0m] [task_execution] Error executing task azure-gzip-512: task azure-gzip-512 failed after 7 retries: <nil>
[2025-12-07T12:06:13Z] [[31merror[0m] [task_execution] Error executing task azure-gzip-512: task azure-gzip-512 failed after 7 retries: <nil>
[2025-12-07T12:06:13Z] [[31merror[0m] [task_execution] Error executing task azure-gzip-512: task azure-gzip-512 failed after 7 retries: <nil>
[2025-12-07T12:06:13Z] [[31merror[0m] [task_execution] Error executing task azure-gzip-512: task azure-gzip-512 failed after 7 retries: <nil>
[2025-12-07T12:06:13Z] [[31merror[0m] [task_execution] Error executing task azure-gzip-512: task azure-gzip-512 failed after 7 retries: <nil>
[2025-12-07T12:06:14Z] [[31merror[0m] [task_execution] Error executing task azure-gzip-512: task azure-gzip-512 failed after 7 retries: <nil>
[2025-12-07T12:06:14Z] [[31merror[0m] [task_execution] Error executing task azure-gzip-512: task azure-gzip-512 failed after 7 retries: <nil>
[2025-12-07T12:06:14Z] [[31merror[0m] [task_execution] Error executing task azure-gzip-512: task azure-gzip-512 failed after 7 retries: <nil>
[2025-12-07T12:06:14Z] [[31merror[0m] [task_execution] Error executing task azure-gzip-512: task azure-gzip-512 failed after 7 retries: <nil>
[2025-12-07T12:06:14Z] [[31merror[0m] [task_execution] Error executing task azure-gzip-512: task azure-gzip-512 failed after 7 retries: <nil>
[2025-12-07T12:06:14Z] [[31merror[0m] [task_execution] Error executing task azure-gzip-512: task azure-gzip-512 failed after 7 retries: <nil>
[2025-12-07T12:06:14Z] [[31merror[0m] [task_execution] Error executing task azure-gzip-512: task azure-gzip-512 failed after 7 retries: <nil>
[2025-12-07T12:06:15Z] [[31merror[0m] [task_execution] Error executing task azure-gzip-512: task azure-gzip-512 failed after 7 retries: <nil>
[2025-12-07T12:06:15Z] [[31merror[0m] [task_execution] Error executing task azure-gzip-512: task azure-gzip-512 failed after 7 retries: <nil>
[2025-12-07T12:06:15Z] [[31merror[0m] [task_execution] Error executing task azure-gzip-512: task azure-gzip-512 failed after 7 retries: <nil>
[2025-12-07T12:06:15Z] [[31merror[0m] [task_execution] Error executing task azure-gzip-512: task azure-gzip-512 failed after 7 retries: <nil>
[2025-12-07T12:06:15Z] [[31merror[0m] [task_execution] Error executing task azure-gzip-512: task azure-gzip-512 failed after 7 retries: <nil>
[2025-12-07T12:06:15Z] [[31merror[0m] [task_execution] Error executing task azure-gzip-512: task azure-gzip-512 failed after 7 retries: <nil>
[2025-12-07T12:06:15Z] [[36minfo[0m] [progress_update] aws-us-east-1-aws-gzip-512-512-841: 2500/2500 tasks started.alibaba-us-east-1-alibaba-gzip-512-512-700: 2500/2500 tasks started.azure-germanywestcentral-azure-gzip-512-512-675: 2500/2500 tasks started.gcp-us-east1-gcp-gzip-512-512-184: 2500/2500 tasks started.
[2025-12-07T12:06:16Z] [[31merror[0m] [task_execution] Error executing task azure-gzip-512: task azure-gzip-512 failed after 7 retries: <nil>
[2025-12-07T12:06:16Z] [[31merror[0m] [task_execution] Error executing task azure-gzip-512: task azure-gzip-512 failed after 7 retries: <nil>
[2025-12-07T12:06:16Z] [[31merror[0m] [task_execution] Error executing task azure-gzip-512: task azure-gzip-512 failed after 7 retries: <nil>
[2025-12-07T12:06:25Z] [[36minfo[0m] [progress_update] aws-us-east-1-aws-gzip-512-512-841: 2500/2500 tasks started.alibaba-us-east-1-alibaba-gzip-512-512-700: 2500/2500 tasks started.azure-germanywestcentral-azure-gzip-512-512-675: 2500/2500 tasks started.gcp-us-east1-gcp-gzip-512-512-184: 2500/2500 tasks started.
[2025-12-07T12:06:35Z] [[36minfo[0m] [progress_update] aws-us-east-1-aws-gzip-512-512-841: 2500/2500 tasks started.alibaba-us-east-1-alibaba-gzip-512-512-700: 2500/2500 tasks started.azure-germanywestcentral-azure-gzip-512-512-675: 2500/2500 tasks started.gcp-us-east1-gcp-gzip-512-512-184: 2500/2500 tasks started.
[2025-12-07T12:06:45Z] [[36minfo[0m] [progress_update] aws-us-east-1-aws-gzip-512-512-841: 2500/2500 tasks started.alibaba-us-east-1-alibaba-gzip-512-512-700: 2500/2500 tasks started.azure-germanywestcentral-azure-gzip-512-512-675: 2500/2500 tasks started.gcp-us-east1-gcp-gzip-512-512-184: 2500/2500 tasks started.
[2025-12-07T12:06:55Z] [[36minfo[0m] [progress_update] azure-germanywestcentral-azure-gzip-512-512-675: 2500/2500 tasks started.gcp-us-east1-gcp-gzip-512-512-184: 2500/2500 tasks started.aws-us-east-1-aws-gzip-512-512-841: 2500/2500 tasks started.alibaba-us-east-1-alibaba-gzip-512-512-700: 2500/2500 tasks started.
[2025-12-07T12:07:05Z] [[36minfo[0m] [progress_update] aws-us-east-1-aws-gzip-512-512-841: 2500/2500 tasks started.alibaba-us-east-1-alibaba-gzip-512-512-700: 2500/2500 tasks started.azure-germanywestcentral-azure-gzip-512-512-675: 2500/2500 tasks started.gcp-us-east1-gcp-gzip-512-512-184: 2500/2500 tasks started.
[2025-12-07T12:07:15Z] [[36minfo[0m] [progress_update] gcp-us-east1-gcp-gzip-512-512-184: 2500/2500 tasks started.aws-us-east-1-aws-gzip-512-512-841: 2500/2500 tasks started.alibaba-us-east-1-alibaba-gzip-512-512-700: 2500/2500 tasks started.azure-germanywestcentral-azure-gzip-512-512-675: 2500/2500 tasks started.
[2025-12-07T12:07:25Z] [[36minfo[0m] [progress_update] aws-us-east-1-aws-gzip-512-512-841: 2500/2500 tasks started.alibaba-us-east-1-alibaba-gzip-512-512-700: 2500/2500 tasks started.azure-germanywestcentral-azure-gzip-512-512-675: 2500/2500 tasks started.gcp-us-east1-gcp-gzip-512-512-184: 2500/2500 tasks started.
[2025-12-07T12:07:35Z] [[36minfo[0m] [progress_update] azure-germanywestcentral-azure-gzip-512-512-675: 2500/2500 tasks started.gcp-us-east1-gcp-gzip-512-512-184: 2500/2500 tasks started.aws-us-east-1-aws-gzip-512-512-841: 2500/2500 tasks started.alibaba-us-east-1-alibaba-gzip-512-512-700: 2500/2500 tasks started.
[2025-12-07T12:07:45Z] [[36minfo[0m] [progress_update] azure-germanywestcentral-azure-gzip-512-512-675: 2500/2500 tasks started.gcp-us-east1-gcp-gzip-512-512-184: 2500/2500 tasks started.aws-us-east-1-aws-gzip-512-512-841: 2500/2500 tasks started.alibaba-us-east-1-alibaba-gzip-512-512-700: 2500/2500 tasks started.
[2025-12-07T12:07:55Z] [[36minfo[0m] [progress_update] aws-us-east-1-aws-gzip-512-512-841: 2500/2500 tasks started.alibaba-us-east-1-alibaba-gzip-512-512-700: 2500/2500 tasks started.azure-germanywestcentral-azure-gzip-512-512-675: 2500/2500 tasks started.gcp-us-east1-gcp-gzip-512-512-184: 2500/2500 tasks started.
[2025-12-07T12:08:05Z] [[36minfo[0m] [progress_update] aws-us-east-1-aws-gzip-512-512-841: 2500/2500 tasks started.alibaba-us-east-1-alibaba-gzip-512-512-700: 2500/2500 tasks started.azure-germanywestcentral-azure-gzip-512-512-675: 2500/2500 tasks started.gcp-us-east1-gcp-gzip-512-512-184: 2500/2500 tasks started.
[2025-12-07T12:08:15Z] [[31merror[0m] [task_execution] Error executing task azure-gzip-512: task azure-gzip-512 failed after 7 retries: <nil>
[2025-12-07T12:08:15Z] [[36minfo[0m] [progress_update] azure-germanywestcentral-azure-gzip-512-512-675: 2500/2500 tasks started.gcp-us-east1-gcp-gzip-512-512-184: 2500/2500 tasks started.aws-us-east-1-aws-gzip-512-512-841: 2500/2500 tasks started.alibaba-us-east-1-alibaba-gzip-512-512-700: 2500/2500 tasks started.
[2025-12-07T12:08:20Z] [[36minfo[0m] [function_finished] Finished benchmarking function azure-gzip-512 and closed archiver
[2025-12-07T12:08:22Z] [[36minfo[0m] [finish_timeline] Benchmark Timeline
[Sun Dec  7 12:08:22 UTC 2025] Finished benchmark 'gzip' successfully
