[Sun Dec  7 11:00:01 UTC 2025] Starting benchmark 'gemm' with config './configs/gemm.yaml'
Validating functions...
[2025-12-07T11:00:01Z] [[36minfo[0m] [executor_setup] Setting up executor for aws-us-east-1-aws-gemm-512-512-269
[2025-12-07T11:00:01Z] [[36minfo[0m] [executor_setup] Setting up executor for alibaba-us-east-1-alibaba-gemm-512-512-914
[2025-12-07T11:00:02Z] [[36minfo[0m] [executor_setup] Setting up executor for gcp-us-east1-gcp-gemm-512-512-958
[2025-12-07T11:00:02Z] [[36minfo[0m] [executor_setup] Setting up executor for azure-germanywestcentral-azure-gemm-512-512-391
[2025-12-07T11:00:02Z] [[0mwarning[0m] [[32mazure_limitations[0m] Azure can´t handle more than 300 parallel requests. Limiting to 300.
[2025-12-07T11:00:02Z] [[36minfo[0m] [start_timeline] Benchmark Timeline
[2025-12-07T11:00:02Z] [[36minfo[0m] [load_generator_start] (alibaba: us-east-1) Starting load generator with 500 workers
[2025-12-07T11:00:02Z] [[36minfo[0m] [load_generator_start] (gcp: us-east1) Starting load generator with 500 workers
[2025-12-07T11:00:02Z] [[36minfo[0m] [load_generator_start] (azure: germanywestcentral) Starting load generator with 300 workers
[2025-12-07T11:00:02Z] [[36minfo[0m] [load_generator_start] (aws: us-east-1) Starting load generator with 500 workers
[2025-12-07T11:00:12Z] [[36minfo[0m] [progress_update] aws-us-east-1-aws-gemm-512-512-269: 1513/2500 tasks started.alibaba-us-east-1-alibaba-gemm-512-512-914: 1248/2500 tasks started.gcp-us-east1-gcp-gemm-512-512-958: 1729/2500 tasks started.azure-germanywestcentral-azure-gemm-512-512-391: 662/2500 tasks started.
[2025-12-07T11:00:22Z] [[36minfo[0m] [progress_update] azure-germanywestcentral-azure-gemm-512-512-391: 662/2500 tasks started.aws-us-east-1-aws-gemm-512-512-269: 2500/2500 tasks started.alibaba-us-east-1-alibaba-gemm-512-512-914: 2300/2500 tasks started.gcp-us-east1-gcp-gemm-512-512-958: 2500/2500 tasks started.
[2025-12-07T11:00:32Z] [[36minfo[0m] [progress_update] alibaba-us-east-1-alibaba-gemm-512-512-914: 2500/2500 tasks started.gcp-us-east1-gcp-gemm-512-512-958: 2500/2500 tasks started.azure-germanywestcentral-azure-gemm-512-512-391: 1284/2500 tasks started.aws-us-east-1-aws-gemm-512-512-269: 2500/2500 tasks started.
[2025-12-07T11:00:32Z] [[36minfo[0m] [function_finished] Finished benchmarking function aws-gemm-512 and closed archiver
[2025-12-07T11:00:39Z] [[36minfo[0m] [function_finished] Finished benchmarking function gcp-gemm-512 and closed archiver
[2025-12-07T11:00:42Z] [[36minfo[0m] [progress_update] alibaba-us-east-1-alibaba-gemm-512-512-914: 2500/2500 tasks started.gcp-us-east1-gcp-gemm-512-512-958: 2500/2500 tasks started.azure-germanywestcentral-azure-gemm-512-512-391: 1786/2500 tasks started.aws-us-east-1-aws-gemm-512-512-269: 2500/2500 tasks started.
[2025-12-07T11:00:52Z] [[36minfo[0m] [progress_update] alibaba-us-east-1-alibaba-gemm-512-512-914: 2500/2500 tasks started.gcp-us-east1-gcp-gemm-512-512-958: 2500/2500 tasks started.azure-germanywestcentral-azure-gemm-512-512-391: 2340/2500 tasks started.aws-us-east-1-aws-gemm-512-512-269: 2500/2500 tasks started.
[2025-12-07T11:01:02Z] [[36minfo[0m] [progress_update] aws-us-east-1-aws-gemm-512-512-269: 2500/2500 tasks started.alibaba-us-east-1-alibaba-gemm-512-512-914: 2500/2500 tasks started.gcp-us-east1-gcp-gemm-512-512-958: 2500/2500 tasks started.azure-germanywestcentral-azure-gemm-512-512-391: 2369/2500 tasks started.
[2025-12-07T11:01:12Z] [[36minfo[0m] [progress_update] alibaba-us-east-1-alibaba-gemm-512-512-914: 2500/2500 tasks started.gcp-us-east1-gcp-gemm-512-512-958: 2500/2500 tasks started.azure-germanywestcentral-azure-gemm-512-512-391: 2383/2500 tasks started.aws-us-east-1-aws-gemm-512-512-269: 2500/2500 tasks started.
[2025-12-07T11:01:22Z] [[36minfo[0m] [progress_update] aws-us-east-1-aws-gemm-512-512-269: 2500/2500 tasks started.alibaba-us-east-1-alibaba-gemm-512-512-914: 2500/2500 tasks started.gcp-us-east1-gcp-gemm-512-512-958: 2500/2500 tasks started.azure-germanywestcentral-azure-gemm-512-512-391: 2388/2500 tasks started.
[2025-12-07T11:01:32Z] [[36minfo[0m] [progress_update] aws-us-east-1-aws-gemm-512-512-269: 2500/2500 tasks started.alibaba-us-east-1-alibaba-gemm-512-512-914: 2500/2500 tasks started.gcp-us-east1-gcp-gemm-512-512-958: 2500/2500 tasks started.azure-germanywestcentral-azure-gemm-512-512-391: 2393/2500 tasks started.
[2025-12-07T11:01:42Z] [[36minfo[0m] [progress_update] aws-us-east-1-aws-gemm-512-512-269: 2500/2500 tasks started.alibaba-us-east-1-alibaba-gemm-512-512-914: 2500/2500 tasks started.gcp-us-east1-gcp-gemm-512-512-958: 2500/2500 tasks started.azure-germanywestcentral-azure-gemm-512-512-391: 2428/2500 tasks started.
[2025-12-07T11:01:52Z] [[36minfo[0m] [progress_update] alibaba-us-east-1-alibaba-gemm-512-512-914: 2500/2500 tasks started.gcp-us-east1-gcp-gemm-512-512-958: 2500/2500 tasks started.azure-germanywestcentral-azure-gemm-512-512-391: 2490/2500 tasks started.aws-us-east-1-aws-gemm-512-512-269: 2500/2500 tasks started.
[2025-12-07T11:02:02Z] [[36minfo[0m] [progress_update] azure-germanywestcentral-azure-gemm-512-512-391: 2500/2500 tasks started.aws-us-east-1-aws-gemm-512-512-269: 2500/2500 tasks started.alibaba-us-east-1-alibaba-gemm-512-512-914: 2500/2500 tasks started.gcp-us-east1-gcp-gemm-512-512-958: 2500/2500 tasks started.
[2025-12-07T11:02:12Z] [[36minfo[0m] [progress_update] aws-us-east-1-aws-gemm-512-512-269: 2500/2500 tasks started.alibaba-us-east-1-alibaba-gemm-512-512-914: 2500/2500 tasks started.gcp-us-east1-gcp-gemm-512-512-958: 2500/2500 tasks started.azure-germanywestcentral-azure-gemm-512-512-391: 2500/2500 tasks started.
[2025-12-07T11:02:22Z] [[36minfo[0m] [progress_update] gcp-us-east1-gcp-gemm-512-512-958: 2500/2500 tasks started.azure-germanywestcentral-azure-gemm-512-512-391: 2500/2500 tasks started.aws-us-east-1-aws-gemm-512-512-269: 2500/2500 tasks started.alibaba-us-east-1-alibaba-gemm-512-512-914: 2500/2500 tasks started.
[2025-12-07T11:02:32Z] [[36minfo[0m] [progress_update] aws-us-east-1-aws-gemm-512-512-269: 2500/2500 tasks started.alibaba-us-east-1-alibaba-gemm-512-512-914: 2500/2500 tasks started.gcp-us-east1-gcp-gemm-512-512-958: 2500/2500 tasks started.azure-germanywestcentral-azure-gemm-512-512-391: 2500/2500 tasks started.
[2025-12-07T11:02:32Z] [[36minfo[0m] [function_finished] Finished benchmarking function alibaba-gemm-512 and closed archiver
[2025-12-07T11:02:42Z] [[36minfo[0m] [progress_update] aws-us-east-1-aws-gemm-512-512-269: 2500/2500 tasks started.alibaba-us-east-1-alibaba-gemm-512-512-914: 2500/2500 tasks started.gcp-us-east1-gcp-gemm-512-512-958: 2500/2500 tasks started.azure-germanywestcentral-azure-gemm-512-512-391: 2500/2500 tasks started.
[2025-12-07T11:02:52Z] [[36minfo[0m] [progress_update] gcp-us-east1-gcp-gemm-512-512-958: 2500/2500 tasks started.azure-germanywestcentral-azure-gemm-512-512-391: 2500/2500 tasks started.aws-us-east-1-aws-gemm-512-512-269: 2500/2500 tasks started.alibaba-us-east-1-alibaba-gemm-512-512-914: 2500/2500 tasks started.
[2025-12-07T11:03:02Z] [[36minfo[0m] [progress_update] gcp-us-east1-gcp-gemm-512-512-958: 2500/2500 tasks started.azure-germanywestcentral-azure-gemm-512-512-391: 2500/2500 tasks started.aws-us-east-1-aws-gemm-512-512-269: 2500/2500 tasks started.alibaba-us-east-1-alibaba-gemm-512-512-914: 2500/2500 tasks started.
[2025-12-07T11:03:12Z] [[36minfo[0m] [progress_update] aws-us-east-1-aws-gemm-512-512-269: 2500/2500 tasks started.alibaba-us-east-1-alibaba-gemm-512-512-914: 2500/2500 tasks started.gcp-us-east1-gcp-gemm-512-512-958: 2500/2500 tasks started.azure-germanywestcentral-azure-gemm-512-512-391: 2500/2500 tasks started.
[2025-12-07T11:03:22Z] [[36minfo[0m] [progress_update] alibaba-us-east-1-alibaba-gemm-512-512-914: 2500/2500 tasks started.gcp-us-east1-gcp-gemm-512-512-958: 2500/2500 tasks started.azure-germanywestcentral-azure-gemm-512-512-391: 2500/2500 tasks started.aws-us-east-1-aws-gemm-512-512-269: 2500/2500 tasks started.
[2025-12-07T11:03:32Z] [[36minfo[0m] [progress_update] alibaba-us-east-1-alibaba-gemm-512-512-914: 2500/2500 tasks started.gcp-us-east1-gcp-gemm-512-512-958: 2500/2500 tasks started.azure-germanywestcentral-azure-gemm-512-512-391: 2500/2500 tasks started.aws-us-east-1-aws-gemm-512-512-269: 2500/2500 tasks started.
[2025-12-07T11:03:42Z] [[36minfo[0m] [progress_update] aws-us-east-1-aws-gemm-512-512-269: 2500/2500 tasks started.alibaba-us-east-1-alibaba-gemm-512-512-914: 2500/2500 tasks started.gcp-us-east1-gcp-gemm-512-512-958: 2500/2500 tasks started.azure-germanywestcentral-azure-gemm-512-512-391: 2500/2500 tasks started.
[2025-12-07T11:03:52Z] [[36minfo[0m] [progress_update] azure-germanywestcentral-azure-gemm-512-512-391: 2500/2500 tasks started.aws-us-east-1-aws-gemm-512-512-269: 2500/2500 tasks started.alibaba-us-east-1-alibaba-gemm-512-512-914: 2500/2500 tasks started.gcp-us-east1-gcp-gemm-512-512-958: 2500/2500 tasks started.
[2025-12-07T11:04:02Z] [[36minfo[0m] [progress_update] gcp-us-east1-gcp-gemm-512-512-958: 2500/2500 tasks started.azure-germanywestcentral-azure-gemm-512-512-391: 2500/2500 tasks started.aws-us-east-1-aws-gemm-512-512-269: 2500/2500 tasks started.alibaba-us-east-1-alibaba-gemm-512-512-914: 2500/2500 tasks started.
[2025-12-07T11:04:12Z] [[36minfo[0m] [progress_update] aws-us-east-1-aws-gemm-512-512-269: 2500/2500 tasks started.alibaba-us-east-1-alibaba-gemm-512-512-914: 2500/2500 tasks started.gcp-us-east1-gcp-gemm-512-512-958: 2500/2500 tasks started.azure-germanywestcentral-azure-gemm-512-512-391: 2500/2500 tasks started.
[2025-12-07T11:04:22Z] [[36minfo[0m] [progress_update] aws-us-east-1-aws-gemm-512-512-269: 2500/2500 tasks started.alibaba-us-east-1-alibaba-gemm-512-512-914: 2500/2500 tasks started.gcp-us-east1-gcp-gemm-512-512-958: 2500/2500 tasks started.azure-germanywestcentral-azure-gemm-512-512-391: 2500/2500 tasks started.
[2025-12-07T11:04:32Z] [[36minfo[0m] [progress_update] alibaba-us-east-1-alibaba-gemm-512-512-914: 2500/2500 tasks started.gcp-us-east1-gcp-gemm-512-512-958: 2500/2500 tasks started.azure-germanywestcentral-azure-gemm-512-512-391: 2500/2500 tasks started.aws-us-east-1-aws-gemm-512-512-269: 2500/2500 tasks started.
[2025-12-07T11:04:42Z] [[36minfo[0m] [progress_update] aws-us-east-1-aws-gemm-512-512-269: 2500/2500 tasks started.alibaba-us-east-1-alibaba-gemm-512-512-914: 2500/2500 tasks started.gcp-us-east1-gcp-gemm-512-512-958: 2500/2500 tasks started.azure-germanywestcentral-azure-gemm-512-512-391: 2500/2500 tasks started.
[2025-12-07T11:04:52Z] [[36minfo[0m] [progress_update] alibaba-us-east-1-alibaba-gemm-512-512-914: 2500/2500 tasks started.gcp-us-east1-gcp-gemm-512-512-958: 2500/2500 tasks started.azure-germanywestcentral-azure-gemm-512-512-391: 2500/2500 tasks started.aws-us-east-1-aws-gemm-512-512-269: 2500/2500 tasks started.
[2025-12-07T11:05:00Z] [[31merror[0m] [task_execution] Error executing task azure-gemm-512: task azure-gemm-512 failed after 7 retries: <nil>
[2025-12-07T11:05:01Z] [[31merror[0m] [task_execution] Error executing task azure-gemm-512: task azure-gemm-512 failed after 7 retries: <nil>
[2025-12-07T11:05:01Z] [[31merror[0m] [task_execution] Error executing task azure-gemm-512: task azure-gemm-512 failed after 7 retries: <nil>
[2025-12-07T11:05:01Z] [[31merror[0m] [task_execution] Error executing task azure-gemm-512: task azure-gemm-512 failed after 7 retries: <nil>
[2025-12-07T11:05:01Z] [[31merror[0m] [task_execution] Error executing task azure-gemm-512: task azure-gemm-512 failed after 7 retries: <nil>
[2025-12-07T11:05:01Z] [[31merror[0m] [task_execution] Error executing task azure-gemm-512: task azure-gemm-512 failed after 7 retries: <nil>
[2025-12-07T11:05:01Z] [[31merror[0m] [task_execution] Error executing task azure-gemm-512: task azure-gemm-512 failed after 7 retries: <nil>
[2025-12-07T11:05:01Z] [[31merror[0m] [task_execution] Error executing task azure-gemm-512: task azure-gemm-512 failed after 7 retries: <nil>
[2025-12-07T11:05:01Z] [[31merror[0m] [task_execution] Error executing task azure-gemm-512: task azure-gemm-512 failed after 7 retries: <nil>
[2025-12-07T11:05:01Z] [[31merror[0m] [task_execution] Error executing task azure-gemm-512: task azure-gemm-512 failed after 7 retries: <nil>
[2025-12-07T11:05:01Z] [[31merror[0m] [task_execution] Error executing task azure-gemm-512: task azure-gemm-512 failed after 7 retries: <nil>
[2025-12-07T11:05:01Z] [[31merror[0m] [task_execution] Error executing task azure-gemm-512: task azure-gemm-512 failed after 7 retries: <nil>
[2025-12-07T11:05:02Z] [[36minfo[0m] [progress_update] alibaba-us-east-1-alibaba-gemm-512-512-914: 2500/2500 tasks started.gcp-us-east1-gcp-gemm-512-512-958: 2500/2500 tasks started.azure-germanywestcentral-azure-gemm-512-512-391: 2500/2500 tasks started.aws-us-east-1-aws-gemm-512-512-269: 2500/2500 tasks started.
[2025-12-07T11:05:02Z] [[31merror[0m] [task_execution] Error executing task azure-gemm-512: task azure-gemm-512 failed after 7 retries: <nil>
[2025-12-07T11:05:03Z] [[31merror[0m] [task_execution] Error executing task azure-gemm-512: task azure-gemm-512 failed after 7 retries: <nil>
[2025-12-07T11:05:03Z] [[31merror[0m] [task_execution] Error executing task azure-gemm-512: task azure-gemm-512 failed after 7 retries: <nil>
[2025-12-07T11:05:03Z] [[31merror[0m] [task_execution] Error executing task azure-gemm-512: task azure-gemm-512 failed after 7 retries: <nil>
[2025-12-07T11:05:03Z] [[31merror[0m] [task_execution] Error executing task azure-gemm-512: task azure-gemm-512 failed after 7 retries: <nil>
[2025-12-07T11:05:03Z] [[31merror[0m] [task_execution] Error executing task azure-gemm-512: task azure-gemm-512 failed after 7 retries: <nil>
[2025-12-07T11:05:03Z] [[31merror[0m] [task_execution] Error executing task azure-gemm-512: task azure-gemm-512 failed after 7 retries: <nil>
[2025-12-07T11:05:03Z] [[31merror[0m] [task_execution] Error executing task azure-gemm-512: task azure-gemm-512 failed after 7 retries: <nil>
[2025-12-07T11:05:03Z] [[31merror[0m] [task_execution] Error executing task azure-gemm-512: task azure-gemm-512 failed after 7 retries: <nil>
[2025-12-07T11:05:03Z] [[31merror[0m] [task_execution] Error executing task azure-gemm-512: task azure-gemm-512 failed after 7 retries: <nil>
[2025-12-07T11:05:04Z] [[31merror[0m] [task_execution] Error executing task azure-gemm-512: task azure-gemm-512 failed after 7 retries: <nil>
[2025-12-07T11:05:04Z] [[31merror[0m] [task_execution] Error executing task azure-gemm-512: task azure-gemm-512 failed after 7 retries: <nil>
[2025-12-07T11:05:04Z] [[31merror[0m] [task_execution] Error executing task azure-gemm-512: task azure-gemm-512 failed after 7 retries: <nil>
[2025-12-07T11:05:04Z] [[31merror[0m] [task_execution] Error executing task azure-gemm-512: task azure-gemm-512 failed after 7 retries: <nil>
[2025-12-07T11:05:09Z] [[36minfo[0m] [function_finished] Finished benchmarking function azure-gemm-512 and closed archiver
[2025-12-07T11:05:11Z] [[36minfo[0m] [finish_timeline] Benchmark Timeline
[Sun Dec  7 11:05:11 UTC 2025] Finished benchmark 'gemm' successfully
[Sun Dec  7 11:05:11 UTC 2025] Sleeping 600 seconds before next workload...
