[Mon Dec  8 05:30:42 UTC 2025] Starting benchmark 'gzip' with config './configs/gzip.yaml'
Validating functions...
[2025-12-08T05:30:42Z] [[36minfo[0m] [executor_setup] Setting up executor for aws-us-east-1-aws-gzip-512-512-528
[2025-12-08T05:30:42Z] [[36minfo[0m] [executor_setup] Setting up executor for alibaba-us-east-1-alibaba-gzip-512-512-364
[2025-12-08T05:30:42Z] [[36minfo[0m] [executor_setup] Setting up executor for azure-germanywestcentral-azure-gzip-512-512-288
[2025-12-08T05:30:42Z] [[0mwarning[0m] [[32mazure_limitations[0m] Azure can´t handle more than 300 parallel requests. Limiting to 300.
[2025-12-08T05:30:42Z] [[36minfo[0m] [executor_setup] Setting up executor for gcp-us-east1-gcp-gzip-512-512-772
[2025-12-08T05:30:42Z] [[36minfo[0m] [start_timeline] Benchmark Timeline
[2025-12-08T05:30:42Z] [[36minfo[0m] [load_generator_start] (azure: germanywestcentral) Starting load generator with 300 workers
[2025-12-08T05:30:42Z] [[36minfo[0m] [load_generator_start] (gcp: us-east1) Starting load generator with 300 workers
[2025-12-08T05:30:42Z] [[36minfo[0m] [load_generator_start] (aws: us-east-1) Starting load generator with 500 workers
[2025-12-08T05:30:42Z] [[36minfo[0m] [load_generator_start] (alibaba: us-east-1) Starting load generator with 500 workers
[2025-12-08T05:30:52Z] [[36minfo[0m] [progress_update] aws-us-east-1-aws-gzip-512-512-528: 1834/2500 tasks started.alibaba-us-east-1-alibaba-gzip-512-512-364: 1754/2500 tasks started.azure-germanywestcentral-azure-gzip-512-512-288: 592/2500 tasks started.gcp-us-east1-gcp-gzip-512-512-772: 1187/2500 tasks started.
[2025-12-08T05:31:02Z] [[36minfo[0m] [progress_update] aws-us-east-1-aws-gzip-512-512-528: 2500/2500 tasks started.alibaba-us-east-1-alibaba-gzip-512-512-364: 2500/2500 tasks started.azure-germanywestcentral-azure-gzip-512-512-288: 611/2500 tasks started.gcp-us-east1-gcp-gzip-512-512-772: 2271/2500 tasks started.
[2025-12-08T05:31:06Z] [[36minfo[0m] [function_finished] Finished benchmarking function aws-gzip-512 and closed archiver
[2025-12-08T05:31:12Z] [[36minfo[0m] [progress_update] gcp-us-east1-gcp-gzip-512-512-772: 2500/2500 tasks started.aws-us-east-1-aws-gzip-512-512-528: 2500/2500 tasks started.alibaba-us-east-1-alibaba-gzip-512-512-364: 2500/2500 tasks started.azure-germanywestcentral-azure-gzip-512-512-288: 1064/2500 tasks started.
[2025-12-08T05:31:17Z] [[36minfo[0m] [function_finished] Finished benchmarking function gcp-gzip-512 and closed archiver
[2025-12-08T05:31:22Z] [[36minfo[0m] [progress_update] alibaba-us-east-1-alibaba-gzip-512-512-364: 2500/2500 tasks started.azure-germanywestcentral-azure-gzip-512-512-288: 1497/2500 tasks started.gcp-us-east1-gcp-gzip-512-512-772: 2500/2500 tasks started.aws-us-east-1-aws-gzip-512-512-528: 2500/2500 tasks started.
[2025-12-08T05:31:32Z] [[36minfo[0m] [progress_update] aws-us-east-1-aws-gzip-512-512-528: 2500/2500 tasks started.alibaba-us-east-1-alibaba-gzip-512-512-364: 2500/2500 tasks started.azure-germanywestcentral-azure-gzip-512-512-288: 1906/2500 tasks started.gcp-us-east1-gcp-gzip-512-512-772: 2500/2500 tasks started.
[2025-12-08T05:31:42Z] [[36minfo[0m] [progress_update] alibaba-us-east-1-alibaba-gzip-512-512-364: 2500/2500 tasks started.azure-germanywestcentral-azure-gzip-512-512-288: 1948/2500 tasks started.gcp-us-east1-gcp-gzip-512-512-772: 2500/2500 tasks started.aws-us-east-1-aws-gzip-512-512-528: 2500/2500 tasks started.
[2025-12-08T05:31:52Z] [[36minfo[0m] [progress_update] aws-us-east-1-aws-gzip-512-512-528: 2500/2500 tasks started.alibaba-us-east-1-alibaba-gzip-512-512-364: 2500/2500 tasks started.azure-germanywestcentral-azure-gzip-512-512-288: 1954/2500 tasks started.gcp-us-east1-gcp-gzip-512-512-772: 2500/2500 tasks started.
[2025-12-08T05:32:02Z] [[36minfo[0m] [progress_update] aws-us-east-1-aws-gzip-512-512-528: 2500/2500 tasks started.alibaba-us-east-1-alibaba-gzip-512-512-364: 2500/2500 tasks started.azure-germanywestcentral-azure-gzip-512-512-288: 1960/2500 tasks started.gcp-us-east1-gcp-gzip-512-512-772: 2500/2500 tasks started.
[2025-12-08T05:32:12Z] [[36minfo[0m] [progress_update] gcp-us-east1-gcp-gzip-512-512-772: 2500/2500 tasks started.aws-us-east-1-aws-gzip-512-512-528: 2500/2500 tasks started.alibaba-us-east-1-alibaba-gzip-512-512-364: 2500/2500 tasks started.azure-germanywestcentral-azure-gzip-512-512-288: 1975/2500 tasks started.
[2025-12-08T05:32:22Z] [[36minfo[0m] [progress_update] azure-germanywestcentral-azure-gzip-512-512-288: 2007/2500 tasks started.gcp-us-east1-gcp-gzip-512-512-772: 2500/2500 tasks started.aws-us-east-1-aws-gzip-512-512-528: 2500/2500 tasks started.alibaba-us-east-1-alibaba-gzip-512-512-364: 2500/2500 tasks started.
[2025-12-08T05:32:32Z] [[36minfo[0m] [progress_update] aws-us-east-1-aws-gzip-512-512-528: 2500/2500 tasks started.alibaba-us-east-1-alibaba-gzip-512-512-364: 2500/2500 tasks started.azure-germanywestcentral-azure-gzip-512-512-288: 2144/2500 tasks started.gcp-us-east1-gcp-gzip-512-512-772: 2500/2500 tasks started.
[2025-12-08T05:32:42Z] [[36minfo[0m] [progress_update] aws-us-east-1-aws-gzip-512-512-528: 2500/2500 tasks started.alibaba-us-east-1-alibaba-gzip-512-512-364: 2500/2500 tasks started.azure-germanywestcentral-azure-gzip-512-512-288: 2263/2500 tasks started.gcp-us-east1-gcp-gzip-512-512-772: 2500/2500 tasks started.
[2025-12-08T05:32:52Z] [[36minfo[0m] [progress_update] aws-us-east-1-aws-gzip-512-512-528: 2500/2500 tasks started.alibaba-us-east-1-alibaba-gzip-512-512-364: 2500/2500 tasks started.azure-germanywestcentral-azure-gzip-512-512-288: 2367/2500 tasks started.gcp-us-east1-gcp-gzip-512-512-772: 2500/2500 tasks started.
[2025-12-08T05:33:02Z] [[36minfo[0m] [progress_update] aws-us-east-1-aws-gzip-512-512-528: 2500/2500 tasks started.alibaba-us-east-1-alibaba-gzip-512-512-364: 2500/2500 tasks started.azure-germanywestcentral-azure-gzip-512-512-288: 2378/2500 tasks started.gcp-us-east1-gcp-gzip-512-512-772: 2500/2500 tasks started.
[2025-12-08T05:33:03Z] [[36minfo[0m] [function_finished] Finished benchmarking function alibaba-gzip-512 and closed archiver
[2025-12-08T05:33:12Z] [[36minfo[0m] [progress_update] azure-germanywestcentral-azure-gzip-512-512-288: 2391/2500 tasks started.gcp-us-east1-gcp-gzip-512-512-772: 2500/2500 tasks started.aws-us-east-1-aws-gzip-512-512-528: 2500/2500 tasks started.alibaba-us-east-1-alibaba-gzip-512-512-364: 2500/2500 tasks started.
[2025-12-08T05:33:22Z] [[36minfo[0m] [progress_update] gcp-us-east1-gcp-gzip-512-512-772: 2500/2500 tasks started.aws-us-east-1-aws-gzip-512-512-528: 2500/2500 tasks started.alibaba-us-east-1-alibaba-gzip-512-512-364: 2500/2500 tasks started.azure-germanywestcentral-azure-gzip-512-512-288: 2500/2500 tasks started.
[2025-12-08T05:33:32Z] [[36minfo[0m] [progress_update] alibaba-us-east-1-alibaba-gzip-512-512-364: 2500/2500 tasks started.azure-germanywestcentral-azure-gzip-512-512-288: 2500/2500 tasks started.gcp-us-east1-gcp-gzip-512-512-772: 2500/2500 tasks started.aws-us-east-1-aws-gzip-512-512-528: 2500/2500 tasks started.
[2025-12-08T05:33:42Z] [[36minfo[0m] [progress_update] alibaba-us-east-1-alibaba-gzip-512-512-364: 2500/2500 tasks started.azure-germanywestcentral-azure-gzip-512-512-288: 2500/2500 tasks started.gcp-us-east1-gcp-gzip-512-512-772: 2500/2500 tasks started.aws-us-east-1-aws-gzip-512-512-528: 2500/2500 tasks started.
[2025-12-08T05:33:52Z] [[36minfo[0m] [progress_update] azure-germanywestcentral-azure-gzip-512-512-288: 2500/2500 tasks started.gcp-us-east1-gcp-gzip-512-512-772: 2500/2500 tasks started.aws-us-east-1-aws-gzip-512-512-528: 2500/2500 tasks started.alibaba-us-east-1-alibaba-gzip-512-512-364: 2500/2500 tasks started.
[2025-12-08T05:34:02Z] [[36minfo[0m] [progress_update] gcp-us-east1-gcp-gzip-512-512-772: 2500/2500 tasks started.aws-us-east-1-aws-gzip-512-512-528: 2500/2500 tasks started.alibaba-us-east-1-alibaba-gzip-512-512-364: 2500/2500 tasks started.azure-germanywestcentral-azure-gzip-512-512-288: 2500/2500 tasks started.
[2025-12-08T05:34:12Z] [[36minfo[0m] [progress_update] alibaba-us-east-1-alibaba-gzip-512-512-364: 2500/2500 tasks started.azure-germanywestcentral-azure-gzip-512-512-288: 2500/2500 tasks started.gcp-us-east1-gcp-gzip-512-512-772: 2500/2500 tasks started.aws-us-east-1-aws-gzip-512-512-528: 2500/2500 tasks started.
[2025-12-08T05:34:22Z] [[36minfo[0m] [progress_update] aws-us-east-1-aws-gzip-512-512-528: 2500/2500 tasks started.alibaba-us-east-1-alibaba-gzip-512-512-364: 2500/2500 tasks started.azure-germanywestcentral-azure-gzip-512-512-288: 2500/2500 tasks started.gcp-us-east1-gcp-gzip-512-512-772: 2500/2500 tasks started.
[2025-12-08T05:34:32Z] [[36minfo[0m] [progress_update] aws-us-east-1-aws-gzip-512-512-528: 2500/2500 tasks started.alibaba-us-east-1-alibaba-gzip-512-512-364: 2500/2500 tasks started.azure-germanywestcentral-azure-gzip-512-512-288: 2500/2500 tasks started.gcp-us-east1-gcp-gzip-512-512-772: 2500/2500 tasks started.
[2025-12-08T05:34:42Z] [[36minfo[0m] [progress_update] gcp-us-east1-gcp-gzip-512-512-772: 2500/2500 tasks started.aws-us-east-1-aws-gzip-512-512-528: 2500/2500 tasks started.alibaba-us-east-1-alibaba-gzip-512-512-364: 2500/2500 tasks started.azure-germanywestcentral-azure-gzip-512-512-288: 2500/2500 tasks started.
[2025-12-08T05:34:52Z] [[36minfo[0m] [progress_update] aws-us-east-1-aws-gzip-512-512-528: 2500/2500 tasks started.alibaba-us-east-1-alibaba-gzip-512-512-364: 2500/2500 tasks started.azure-germanywestcentral-azure-gzip-512-512-288: 2500/2500 tasks started.gcp-us-east1-gcp-gzip-512-512-772: 2500/2500 tasks started.
[2025-12-08T05:35:02Z] [[36minfo[0m] [progress_update] gcp-us-east1-gcp-gzip-512-512-772: 2500/2500 tasks started.aws-us-east-1-aws-gzip-512-512-528: 2500/2500 tasks started.alibaba-us-east-1-alibaba-gzip-512-512-364: 2500/2500 tasks started.azure-germanywestcentral-azure-gzip-512-512-288: 2500/2500 tasks started.
[2025-12-08T05:35:03Z] [[31merror[0m] [task_execution] Error executing task azure-gzip-512: task azure-gzip-512 failed after 7 retries: <nil>
[2025-12-08T05:35:03Z] [[31merror[0m] [task_execution] Error executing task azure-gzip-512: task azure-gzip-512 failed after 7 retries: <nil>
[2025-12-08T05:35:12Z] [[36minfo[0m] [progress_update] aws-us-east-1-aws-gzip-512-512-528: 2500/2500 tasks started.alibaba-us-east-1-alibaba-gzip-512-512-364: 2500/2500 tasks started.azure-germanywestcentral-azure-gzip-512-512-288: 2500/2500 tasks started.gcp-us-east1-gcp-gzip-512-512-772: 2500/2500 tasks started.
[2025-12-08T05:35:18Z] [[31merror[0m] [task_execution] Error executing task azure-gzip-512: task azure-gzip-512 failed after 7 retries: <nil>
[2025-12-08T05:35:18Z] [[31merror[0m] [task_execution] Error executing task azure-gzip-512: task azure-gzip-512 failed after 7 retries: <nil>
[2025-12-08T05:35:18Z] [[31merror[0m] [task_execution] Error executing task azure-gzip-512: task azure-gzip-512 failed after 7 retries: <nil>
[2025-12-08T05:35:18Z] [[31merror[0m] [task_execution] Error executing task azure-gzip-512: task azure-gzip-512 failed after 7 retries: <nil>
[2025-12-08T05:35:18Z] [[31merror[0m] [task_execution] Error executing task azure-gzip-512: task azure-gzip-512 failed after 7 retries: <nil>
[2025-12-08T05:35:18Z] [[31merror[0m] [task_execution] Error executing task azure-gzip-512: task azure-gzip-512 failed after 7 retries: <nil>
[2025-12-08T05:35:18Z] [[31merror[0m] [task_execution] Error executing task azure-gzip-512: task azure-gzip-512 failed after 7 retries: <nil>
[2025-12-08T05:35:18Z] [[31merror[0m] [task_execution] Error executing task azure-gzip-512: task azure-gzip-512 failed after 7 retries: <nil>
[2025-12-08T05:35:18Z] [[31merror[0m] [task_execution] Error executing task azure-gzip-512: task azure-gzip-512 failed after 7 retries: <nil>
[2025-12-08T05:35:19Z] [[31merror[0m] [task_execution] Error executing task azure-gzip-512: task azure-gzip-512 failed after 7 retries: <nil>
[2025-12-08T05:35:19Z] [[31merror[0m] [task_execution] Error executing task azure-gzip-512: task azure-gzip-512 failed after 7 retries: <nil>
[2025-12-08T05:35:19Z] [[31merror[0m] [task_execution] Error executing task azure-gzip-512: task azure-gzip-512 failed after 7 retries: <nil>
[2025-12-08T05:35:19Z] [[31merror[0m] [task_execution] Error executing task azure-gzip-512: task azure-gzip-512 failed after 7 retries: <nil>
[2025-12-08T05:35:19Z] [[31merror[0m] [task_execution] Error executing task azure-gzip-512: task azure-gzip-512 failed after 7 retries: <nil>
[2025-12-08T05:35:19Z] [[31merror[0m] [task_execution] Error executing task azure-gzip-512: task azure-gzip-512 failed after 7 retries: <nil>
[2025-12-08T05:35:19Z] [[31merror[0m] [task_execution] Error executing task azure-gzip-512: task azure-gzip-512 failed after 7 retries: <nil>
[2025-12-08T05:35:19Z] [[31merror[0m] [task_execution] Error executing task azure-gzip-512: task azure-gzip-512 failed after 7 retries: <nil>
[2025-12-08T05:35:19Z] [[31merror[0m] [task_execution] Error executing task azure-gzip-512: task azure-gzip-512 failed after 7 retries: <nil>
[2025-12-08T05:35:19Z] [[31merror[0m] [task_execution] Error executing task azure-gzip-512: task azure-gzip-512 failed after 7 retries: <nil>
[2025-12-08T05:35:19Z] [[31merror[0m] [task_execution] Error executing task azure-gzip-512: task azure-gzip-512 failed after 7 retries: <nil>
[2025-12-08T05:35:19Z] [[31merror[0m] [task_execution] Error executing task azure-gzip-512: task azure-gzip-512 failed after 7 retries: <nil>
[2025-12-08T05:35:19Z] [[31merror[0m] [task_execution] Error executing task azure-gzip-512: task azure-gzip-512 failed after 7 retries: <nil>
[2025-12-08T05:35:19Z] [[31merror[0m] [task_execution] Error executing task azure-gzip-512: task azure-gzip-512 failed after 7 retries: <nil>
[2025-12-08T05:35:19Z] [[31merror[0m] [task_execution] Error executing task azure-gzip-512: task azure-gzip-512 failed after 7 retries: <nil>
[2025-12-08T05:35:19Z] [[31merror[0m] [task_execution] Error executing task azure-gzip-512: task azure-gzip-512 failed after 7 retries: <nil>
[2025-12-08T05:35:19Z] [[31merror[0m] [task_execution] Error executing task azure-gzip-512: task azure-gzip-512 failed after 7 retries: <nil>
[2025-12-08T05:35:19Z] [[31merror[0m] [task_execution] Error executing task azure-gzip-512: task azure-gzip-512 failed after 7 retries: <nil>
[2025-12-08T05:35:19Z] [[31merror[0m] [task_execution] Error executing task azure-gzip-512: task azure-gzip-512 failed after 7 retries: <nil>
[2025-12-08T05:35:19Z] [[31merror[0m] [task_execution] Error executing task azure-gzip-512: task azure-gzip-512 failed after 7 retries: <nil>
[2025-12-08T05:35:19Z] [[31merror[0m] [task_execution] Error executing task azure-gzip-512: task azure-gzip-512 failed after 7 retries: <nil>
[2025-12-08T05:35:19Z] [[31merror[0m] [task_execution] Error executing task azure-gzip-512: task azure-gzip-512 failed after 7 retries: <nil>
[2025-12-08T05:35:19Z] [[31merror[0m] [task_execution] Error executing task azure-gzip-512: task azure-gzip-512 failed after 7 retries: <nil>
[2025-12-08T05:35:19Z] [[31merror[0m] [task_execution] Error executing task azure-gzip-512: task azure-gzip-512 failed after 7 retries: <nil>
[2025-12-08T05:35:19Z] [[31merror[0m] [task_execution] Error executing task azure-gzip-512: task azure-gzip-512 failed after 7 retries: <nil>
[2025-12-08T05:35:19Z] [[31merror[0m] [task_execution] Error executing task azure-gzip-512: task azure-gzip-512 failed after 7 retries: <nil>
[2025-12-08T05:35:19Z] [[31merror[0m] [task_execution] Error executing task azure-gzip-512: task azure-gzip-512 failed after 7 retries: <nil>
[2025-12-08T05:35:19Z] [[31merror[0m] [task_execution] Error executing task azure-gzip-512: task azure-gzip-512 failed after 7 retries: <nil>
[2025-12-08T05:35:19Z] [[31merror[0m] [task_execution] Error executing task azure-gzip-512: task azure-gzip-512 failed after 7 retries: <nil>
[2025-12-08T05:35:19Z] [[31merror[0m] [task_execution] Error executing task azure-gzip-512: task azure-gzip-512 failed after 7 retries: <nil>
[2025-12-08T05:35:19Z] [[31merror[0m] [task_execution] Error executing task azure-gzip-512: task azure-gzip-512 failed after 7 retries: <nil>
[2025-12-08T05:35:19Z] [[31merror[0m] [task_execution] Error executing task azure-gzip-512: task azure-gzip-512 failed after 7 retries: <nil>
[2025-12-08T05:35:19Z] [[31merror[0m] [task_execution] Error executing task azure-gzip-512: task azure-gzip-512 failed after 7 retries: <nil>
[2025-12-08T05:35:19Z] [[31merror[0m] [task_execution] Error executing task azure-gzip-512: task azure-gzip-512 failed after 7 retries: <nil>
[2025-12-08T05:35:19Z] [[31merror[0m] [task_execution] Error executing task azure-gzip-512: task azure-gzip-512 failed after 7 retries: <nil>
[2025-12-08T05:35:19Z] [[31merror[0m] [task_execution] Error executing task azure-gzip-512: task azure-gzip-512 failed after 7 retries: <nil>
[2025-12-08T05:35:19Z] [[31merror[0m] [task_execution] Error executing task azure-gzip-512: task azure-gzip-512 failed after 7 retries: <nil>
[2025-12-08T05:35:21Z] [[31merror[0m] [task_execution] Error executing task azure-gzip-512: task azure-gzip-512 failed after 7 retries: <nil>
[2025-12-08T05:35:21Z] [[31merror[0m] [task_execution] Error executing task azure-gzip-512: task azure-gzip-512 failed after 7 retries: <nil>
[2025-12-08T05:35:21Z] [[31merror[0m] [task_execution] Error executing task azure-gzip-512: task azure-gzip-512 failed after 7 retries: <nil>
[2025-12-08T05:35:21Z] [[31merror[0m] [task_execution] Error executing task azure-gzip-512: task azure-gzip-512 failed after 7 retries: <nil>
[2025-12-08T05:35:21Z] [[31merror[0m] [task_execution] Error executing task azure-gzip-512: task azure-gzip-512 failed after 7 retries: <nil>
[2025-12-08T05:35:21Z] [[31merror[0m] [task_execution] Error executing task azure-gzip-512: task azure-gzip-512 failed after 7 retries: <nil>
[2025-12-08T05:35:21Z] [[31merror[0m] [task_execution] Error executing task azure-gzip-512: task azure-gzip-512 failed after 7 retries: <nil>
[2025-12-08T05:35:22Z] [[31merror[0m] [task_execution] Error executing task azure-gzip-512: task azure-gzip-512 failed after 7 retries: <nil>
[2025-12-08T05:35:22Z] [[31merror[0m] [task_execution] Error executing task azure-gzip-512: task azure-gzip-512 failed after 7 retries: <nil>
[2025-12-08T05:35:22Z] [[36minfo[0m] [progress_update] azure-germanywestcentral-azure-gzip-512-512-288: 2500/2500 tasks started.gcp-us-east1-gcp-gzip-512-512-772: 2500/2500 tasks started.aws-us-east-1-aws-gzip-512-512-528: 2500/2500 tasks started.alibaba-us-east-1-alibaba-gzip-512-512-364: 2500/2500 tasks started.
[2025-12-08T05:35:23Z] [[31merror[0m] [task_execution] Error executing task azure-gzip-512: task azure-gzip-512 failed after 7 retries: <nil>
[2025-12-08T05:35:23Z] [[31merror[0m] [task_execution] Error executing task azure-gzip-512: task azure-gzip-512 failed after 7 retries: <nil>
[2025-12-08T05:35:23Z] [[31merror[0m] [task_execution] Error executing task azure-gzip-512: task azure-gzip-512 failed after 7 retries: <nil>
[2025-12-08T05:35:23Z] [[31merror[0m] [task_execution] Error executing task azure-gzip-512: task azure-gzip-512 failed after 7 retries: <nil>
[2025-12-08T05:35:23Z] [[31merror[0m] [task_execution] Error executing task azure-gzip-512: task azure-gzip-512 failed after 7 retries: <nil>
[2025-12-08T05:35:23Z] [[31merror[0m] [task_execution] Error executing task azure-gzip-512: task azure-gzip-512 failed after 7 retries: <nil>
[2025-12-08T05:35:32Z] [[36minfo[0m] [progress_update] aws-us-east-1-aws-gzip-512-512-528: 2500/2500 tasks started.alibaba-us-east-1-alibaba-gzip-512-512-364: 2500/2500 tasks started.azure-germanywestcentral-azure-gzip-512-512-288: 2500/2500 tasks started.gcp-us-east1-gcp-gzip-512-512-772: 2500/2500 tasks started.
[2025-12-08T05:35:42Z] [[36minfo[0m] [progress_update] aws-us-east-1-aws-gzip-512-512-528: 2500/2500 tasks started.alibaba-us-east-1-alibaba-gzip-512-512-364: 2500/2500 tasks started.azure-germanywestcentral-azure-gzip-512-512-288: 2500/2500 tasks started.gcp-us-east1-gcp-gzip-512-512-772: 2500/2500 tasks started.
[2025-12-08T05:35:42Z] [[31merror[0m] [task_execution] Error executing task azure-gzip-512: task azure-gzip-512 failed after 7 retries: <nil>
[2025-12-08T05:35:42Z] [[31merror[0m] [task_execution] Error executing task azure-gzip-512: task azure-gzip-512 failed after 7 retries: <nil>
[2025-12-08T05:35:42Z] [[31merror[0m] [task_execution] Error executing task azure-gzip-512: task azure-gzip-512 failed after 7 retries: <nil>
[2025-12-08T05:35:42Z] [[31merror[0m] [task_execution] Error executing task azure-gzip-512: task azure-gzip-512 failed after 7 retries: <nil>
[2025-12-08T05:35:42Z] [[31merror[0m] [task_execution] Error executing task azure-gzip-512: task azure-gzip-512 failed after 7 retries: <nil>
[2025-12-08T05:35:42Z] [[31merror[0m] [task_execution] Error executing task azure-gzip-512: task azure-gzip-512 failed after 7 retries: <nil>
[2025-12-08T05:35:43Z] [[31merror[0m] [task_execution] Error executing task azure-gzip-512: task azure-gzip-512 failed after 7 retries: <nil>
[2025-12-08T05:35:43Z] [[31merror[0m] [task_execution] Error executing task azure-gzip-512: task azure-gzip-512 failed after 7 retries: <nil>
[2025-12-08T05:35:43Z] [[31merror[0m] [task_execution] Error executing task azure-gzip-512: task azure-gzip-512 failed after 7 retries: <nil>
[2025-12-08T05:35:43Z] [[31merror[0m] [task_execution] Error executing task azure-gzip-512: task azure-gzip-512 failed after 7 retries: <nil>
[2025-12-08T05:35:43Z] [[31merror[0m] [task_execution] Error executing task azure-gzip-512: task azure-gzip-512 failed after 7 retries: <nil>
[2025-12-08T05:35:44Z] [[31merror[0m] [task_execution] Error executing task azure-gzip-512: task azure-gzip-512 failed after 7 retries: <nil>
[2025-12-08T05:35:44Z] [[31merror[0m] [task_execution] Error executing task azure-gzip-512: task azure-gzip-512 failed after 7 retries: <nil>
[2025-12-08T05:35:44Z] [[31merror[0m] [task_execution] Error executing task azure-gzip-512: task azure-gzip-512 failed after 7 retries: <nil>
[2025-12-08T05:35:44Z] [[31merror[0m] [task_execution] Error executing task azure-gzip-512: task azure-gzip-512 failed after 7 retries: <nil>
[2025-12-08T05:35:44Z] [[31merror[0m] [task_execution] Error executing task azure-gzip-512: task azure-gzip-512 failed after 7 retries: <nil>
[2025-12-08T05:35:44Z] [[31merror[0m] [task_execution] Error executing task azure-gzip-512: task azure-gzip-512 failed after 7 retries: <nil>
[2025-12-08T05:35:44Z] [[31merror[0m] [task_execution] Error executing task azure-gzip-512: task azure-gzip-512 failed after 7 retries: <nil>
[2025-12-08T05:35:44Z] [[31merror[0m] [task_execution] Error executing task azure-gzip-512: task azure-gzip-512 failed after 7 retries: <nil>
[2025-12-08T05:35:44Z] [[31merror[0m] [task_execution] Error executing task azure-gzip-512: task azure-gzip-512 failed after 7 retries: <nil>
[2025-12-08T05:35:44Z] [[31merror[0m] [task_execution] Error executing task azure-gzip-512: task azure-gzip-512 failed after 7 retries: <nil>
[2025-12-08T05:35:47Z] [[31merror[0m] [task_execution] Error executing task azure-gzip-512: task azure-gzip-512 failed after 7 retries: <nil>
[2025-12-08T05:35:47Z] [[31merror[0m] [task_execution] Error executing task azure-gzip-512: task azure-gzip-512 failed after 7 retries: <nil>
[2025-12-08T05:35:47Z] [[31merror[0m] [task_execution] Error executing task azure-gzip-512: task azure-gzip-512 failed after 7 retries: <nil>
[2025-12-08T05:35:47Z] [[31merror[0m] [task_execution] Error executing task azure-gzip-512: task azure-gzip-512 failed after 7 retries: <nil>
[2025-12-08T05:35:48Z] [[31merror[0m] [task_execution] Error executing task azure-gzip-512: task azure-gzip-512 failed after 7 retries: <nil>
[2025-12-08T05:35:51Z] [[31merror[0m] [task_execution] Error executing task azure-gzip-512: task azure-gzip-512 failed after 7 retries: <nil>
[2025-12-08T05:35:51Z] [[31merror[0m] [task_execution] Error executing task azure-gzip-512: task azure-gzip-512 failed after 7 retries: <nil>
[2025-12-08T05:35:52Z] [[36minfo[0m] [progress_update] alibaba-us-east-1-alibaba-gzip-512-512-364: 2500/2500 tasks started.azure-germanywestcentral-azure-gzip-512-512-288: 2500/2500 tasks started.gcp-us-east1-gcp-gzip-512-512-772: 2500/2500 tasks started.aws-us-east-1-aws-gzip-512-512-528: 2500/2500 tasks started.
[2025-12-08T05:35:52Z] [[31merror[0m] [task_execution] Error executing task azure-gzip-512: task azure-gzip-512 failed after 7 retries: <nil>
[2025-12-08T05:35:52Z] [[31merror[0m] [task_execution] Error executing task azure-gzip-512: task azure-gzip-512 failed after 7 retries: <nil>
[2025-12-08T05:35:52Z] [[31merror[0m] [task_execution] Error executing task azure-gzip-512: task azure-gzip-512 failed after 7 retries: <nil>
[2025-12-08T05:35:53Z] [[31merror[0m] [task_execution] Error executing task azure-gzip-512: task azure-gzip-512 failed after 7 retries: <nil>
[2025-12-08T05:35:53Z] [[31merror[0m] [task_execution] Error executing task azure-gzip-512: task azure-gzip-512 failed after 7 retries: <nil>
[2025-12-08T05:35:53Z] [[31merror[0m] [task_execution] Error executing task azure-gzip-512: task azure-gzip-512 failed after 7 retries: <nil>
[2025-12-08T05:35:54Z] [[31merror[0m] [task_execution] Error executing task azure-gzip-512: task azure-gzip-512 failed after 7 retries: <nil>
[2025-12-08T05:35:56Z] [[31merror[0m] [task_execution] Error executing task azure-gzip-512: task azure-gzip-512 failed after 7 retries: <nil>
[2025-12-08T05:35:57Z] [[31merror[0m] [task_execution] Error executing task azure-gzip-512: task azure-gzip-512 failed after 7 retries: <nil>
[2025-12-08T05:35:57Z] [[31merror[0m] [task_execution] Error executing task azure-gzip-512: task azure-gzip-512 failed after 7 retries: <nil>
[2025-12-08T05:35:59Z] [[31merror[0m] [task_execution] Error executing task azure-gzip-512: task azure-gzip-512 failed after 7 retries: <nil>
[2025-12-08T05:36:02Z] [[36minfo[0m] [progress_update] aws-us-east-1-aws-gzip-512-512-528: 2500/2500 tasks started.alibaba-us-east-1-alibaba-gzip-512-512-364: 2500/2500 tasks started.azure-germanywestcentral-azure-gzip-512-512-288: 2500/2500 tasks started.gcp-us-east1-gcp-gzip-512-512-772: 2500/2500 tasks started.
[2025-12-08T05:36:03Z] [[31merror[0m] [task_execution] Error executing task azure-gzip-512: task azure-gzip-512 failed after 7 retries: <nil>
[2025-12-08T05:36:12Z] [[36minfo[0m] [progress_update] alibaba-us-east-1-alibaba-gzip-512-512-364: 2500/2500 tasks started.azure-germanywestcentral-azure-gzip-512-512-288: 2500/2500 tasks started.gcp-us-east1-gcp-gzip-512-512-772: 2500/2500 tasks started.aws-us-east-1-aws-gzip-512-512-528: 2500/2500 tasks started.
[2025-12-08T05:36:15Z] [[31merror[0m] [task_execution] Error executing task azure-gzip-512: task azure-gzip-512 failed after 7 retries: <nil>
[2025-12-08T05:36:22Z] [[36minfo[0m] [progress_update] aws-us-east-1-aws-gzip-512-512-528: 2500/2500 tasks started.alibaba-us-east-1-alibaba-gzip-512-512-364: 2500/2500 tasks started.azure-germanywestcentral-azure-gzip-512-512-288: 2500/2500 tasks started.gcp-us-east1-gcp-gzip-512-512-772: 2500/2500 tasks started.
[2025-12-08T05:36:32Z] [[36minfo[0m] [progress_update] gcp-us-east1-gcp-gzip-512-512-772: 2500/2500 tasks started.aws-us-east-1-aws-gzip-512-512-528: 2500/2500 tasks started.alibaba-us-east-1-alibaba-gzip-512-512-364: 2500/2500 tasks started.azure-germanywestcentral-azure-gzip-512-512-288: 2500/2500 tasks started.
[2025-12-08T05:36:42Z] [[36minfo[0m] [progress_update] aws-us-east-1-aws-gzip-512-512-528: 2500/2500 tasks started.alibaba-us-east-1-alibaba-gzip-512-512-364: 2500/2500 tasks started.azure-germanywestcentral-azure-gzip-512-512-288: 2500/2500 tasks started.gcp-us-east1-gcp-gzip-512-512-772: 2500/2500 tasks started.
[2025-12-08T05:36:52Z] [[36minfo[0m] [progress_update] aws-us-east-1-aws-gzip-512-512-528: 2500/2500 tasks started.alibaba-us-east-1-alibaba-gzip-512-512-364: 2500/2500 tasks started.azure-germanywestcentral-azure-gzip-512-512-288: 2500/2500 tasks started.gcp-us-east1-gcp-gzip-512-512-772: 2500/2500 tasks started.
[2025-12-08T05:37:02Z] [[36minfo[0m] [progress_update] aws-us-east-1-aws-gzip-512-512-528: 2500/2500 tasks started.alibaba-us-east-1-alibaba-gzip-512-512-364: 2500/2500 tasks started.azure-germanywestcentral-azure-gzip-512-512-288: 2500/2500 tasks started.gcp-us-east1-gcp-gzip-512-512-772: 2500/2500 tasks started.
[2025-12-08T05:37:05Z] [[31merror[0m] [task_execution] Error executing task azure-gzip-512: task azure-gzip-512 failed after 7 retries: <nil>
[2025-12-08T05:37:10Z] [[36minfo[0m] [function_finished] Finished benchmarking function azure-gzip-512 and closed archiver
[2025-12-08T05:37:12Z] [[36minfo[0m] [progress_update] gcp-us-east1-gcp-gzip-512-512-772: 2500/2500 tasks started.aws-us-east-1-aws-gzip-512-512-528: 2500/2500 tasks started.alibaba-us-east-1-alibaba-gzip-512-512-364: 2500/2500 tasks started.azure-germanywestcentral-azure-gzip-512-512-288: 2500/2500 tasks started.
[2025-12-08T05:37:12Z] [[36minfo[0m] [finish_timeline] Benchmark Timeline
[Mon Dec  8 05:37:12 UTC 2025] Finished benchmark 'gzip' successfully
[Mon Dec  8 05:37:12 UTC 2025] Sleeping 600 seconds before next workload...
