[Tue Dec  2 23:30:44 UTC 2025] Starting benchmark 'gzip' with config './configs/gzip.yaml'
Validating functions...
[2025-12-02T23:30:44Z] [[36minfo[0m] [executor_setup] Setting up executor for aws-us-east-1-aws-gzip-512-512-988
[2025-12-02T23:30:44Z] [[36minfo[0m] [executor_setup] Setting up executor for alibaba-us-east-1-alibaba-gzip-512-512-465
[2025-12-02T23:30:44Z] [[36minfo[0m] [executor_setup] Setting up executor for azure-germanywestcentral-azure-gzip-512-512-373
[2025-12-02T23:30:44Z] [[0mwarning[0m] [[32mazure_limitations[0m] Azure can´t handle more than 300 parallel requests. Limiting to 300.
[2025-12-02T23:30:44Z] [[36minfo[0m] [executor_setup] Setting up executor for gcp-us-east1-gcp-gzip-512-512-937
[2025-12-02T23:30:44Z] [[36minfo[0m] [start_timeline] Benchmark Timeline
[2025-12-02T23:30:44Z] [[36minfo[0m] [load_generator_start] (gcp: us-east1) Starting load generator with 300 workers
[2025-12-02T23:30:44Z] [[36minfo[0m] [load_generator_start] (aws: us-east-1) Starting load generator with 500 workers
[2025-12-02T23:30:44Z] [[36minfo[0m] [load_generator_start] (alibaba: us-east-1) Starting load generator with 500 workers
[2025-12-02T23:30:44Z] [[36minfo[0m] [load_generator_start] (azure: germanywestcentral) Starting load generator with 300 workers
[2025-12-02T23:30:54Z] [[36minfo[0m] [progress_update] aws-us-east-1-aws-gzip-512-512-988: 2053/2500 tasks started.alibaba-us-east-1-alibaba-gzip-512-512-465: 1732/2500 tasks started.azure-germanywestcentral-azure-gzip-512-512-373: 706/2500 tasks started.gcp-us-east1-gcp-gzip-512-512-937: 1128/2500 tasks started.
[2025-12-02T23:31:04Z] [[36minfo[0m] [progress_update] gcp-us-east1-gcp-gzip-512-512-937: 2234/2500 tasks started.aws-us-east-1-aws-gzip-512-512-988: 2500/2500 tasks started.alibaba-us-east-1-alibaba-gzip-512-512-465: 2500/2500 tasks started.azure-germanywestcentral-azure-gzip-512-512-373: 712/2500 tasks started.
[2025-12-02T23:31:10Z] [[36minfo[0m] [function_finished] Finished benchmarking function aws-gzip-512 and closed archiver
[2025-12-02T23:31:14Z] [[36minfo[0m] [progress_update] aws-us-east-1-aws-gzip-512-512-988: 2500/2500 tasks started.alibaba-us-east-1-alibaba-gzip-512-512-465: 2500/2500 tasks started.azure-germanywestcentral-azure-gzip-512-512-373: 1360/2500 tasks started.gcp-us-east1-gcp-gzip-512-512-937: 2500/2500 tasks started.
[2025-12-02T23:31:21Z] [[36minfo[0m] [function_finished] Finished benchmarking function gcp-gzip-512 and closed archiver
[2025-12-02T23:31:24Z] [[36minfo[0m] [progress_update] aws-us-east-1-aws-gzip-512-512-988: 2500/2500 tasks started.alibaba-us-east-1-alibaba-gzip-512-512-465: 2500/2500 tasks started.azure-germanywestcentral-azure-gzip-512-512-373: 1982/2500 tasks started.gcp-us-east1-gcp-gzip-512-512-937: 2500/2500 tasks started.
[2025-12-02T23:31:34Z] [[36minfo[0m] [progress_update] aws-us-east-1-aws-gzip-512-512-988: 2500/2500 tasks started.alibaba-us-east-1-alibaba-gzip-512-512-465: 2500/2500 tasks started.azure-germanywestcentral-azure-gzip-512-512-373: 2433/2500 tasks started.gcp-us-east1-gcp-gzip-512-512-937: 2500/2500 tasks started.
[2025-12-02T23:31:44Z] [[36minfo[0m] [progress_update] aws-us-east-1-aws-gzip-512-512-988: 2500/2500 tasks started.alibaba-us-east-1-alibaba-gzip-512-512-465: 2500/2500 tasks started.azure-germanywestcentral-azure-gzip-512-512-373: 2441/2500 tasks started.gcp-us-east1-gcp-gzip-512-512-937: 2500/2500 tasks started.
[2025-12-02T23:31:54Z] [[36minfo[0m] [progress_update] aws-us-east-1-aws-gzip-512-512-988: 2500/2500 tasks started.alibaba-us-east-1-alibaba-gzip-512-512-465: 2500/2500 tasks started.azure-germanywestcentral-azure-gzip-512-512-373: 2500/2500 tasks started.gcp-us-east1-gcp-gzip-512-512-937: 2500/2500 tasks started.
[2025-12-02T23:32:04Z] [[36minfo[0m] [progress_update] aws-us-east-1-aws-gzip-512-512-988: 2500/2500 tasks started.alibaba-us-east-1-alibaba-gzip-512-512-465: 2500/2500 tasks started.azure-germanywestcentral-azure-gzip-512-512-373: 2500/2500 tasks started.gcp-us-east1-gcp-gzip-512-512-937: 2500/2500 tasks started.
[2025-12-02T23:32:14Z] [[36minfo[0m] [progress_update] gcp-us-east1-gcp-gzip-512-512-937: 2500/2500 tasks started.aws-us-east-1-aws-gzip-512-512-988: 2500/2500 tasks started.alibaba-us-east-1-alibaba-gzip-512-512-465: 2500/2500 tasks started.azure-germanywestcentral-azure-gzip-512-512-373: 2500/2500 tasks started.
[2025-12-02T23:32:24Z] [[36minfo[0m] [progress_update] aws-us-east-1-aws-gzip-512-512-988: 2500/2500 tasks started.alibaba-us-east-1-alibaba-gzip-512-512-465: 2500/2500 tasks started.azure-germanywestcentral-azure-gzip-512-512-373: 2500/2500 tasks started.gcp-us-east1-gcp-gzip-512-512-937: 2500/2500 tasks started.
[2025-12-02T23:32:34Z] [[36minfo[0m] [progress_update] aws-us-east-1-aws-gzip-512-512-988: 2500/2500 tasks started.alibaba-us-east-1-alibaba-gzip-512-512-465: 2500/2500 tasks started.azure-germanywestcentral-azure-gzip-512-512-373: 2500/2500 tasks started.gcp-us-east1-gcp-gzip-512-512-937: 2500/2500 tasks started.
[2025-12-02T23:32:44Z] [[36minfo[0m] [progress_update] aws-us-east-1-aws-gzip-512-512-988: 2500/2500 tasks started.alibaba-us-east-1-alibaba-gzip-512-512-465: 2500/2500 tasks started.azure-germanywestcentral-azure-gzip-512-512-373: 2500/2500 tasks started.gcp-us-east1-gcp-gzip-512-512-937: 2500/2500 tasks started.
[2025-12-02T23:32:54Z] [[36minfo[0m] [progress_update] gcp-us-east1-gcp-gzip-512-512-937: 2500/2500 tasks started.aws-us-east-1-aws-gzip-512-512-988: 2500/2500 tasks started.alibaba-us-east-1-alibaba-gzip-512-512-465: 2500/2500 tasks started.azure-germanywestcentral-azure-gzip-512-512-373: 2500/2500 tasks started.
[2025-12-02T23:33:04Z] [[36minfo[0m] [progress_update] aws-us-east-1-aws-gzip-512-512-988: 2500/2500 tasks started.alibaba-us-east-1-alibaba-gzip-512-512-465: 2500/2500 tasks started.azure-germanywestcentral-azure-gzip-512-512-373: 2500/2500 tasks started.gcp-us-east1-gcp-gzip-512-512-937: 2500/2500 tasks started.
[2025-12-02T23:33:06Z] [[36minfo[0m] [function_finished] Finished benchmarking function alibaba-gzip-512 and closed archiver
[2025-12-02T23:33:14Z] [[36minfo[0m] [progress_update] aws-us-east-1-aws-gzip-512-512-988: 2500/2500 tasks started.alibaba-us-east-1-alibaba-gzip-512-512-465: 2500/2500 tasks started.azure-germanywestcentral-azure-gzip-512-512-373: 2500/2500 tasks started.gcp-us-east1-gcp-gzip-512-512-937: 2500/2500 tasks started.
[2025-12-02T23:33:24Z] [[36minfo[0m] [progress_update] aws-us-east-1-aws-gzip-512-512-988: 2500/2500 tasks started.alibaba-us-east-1-alibaba-gzip-512-512-465: 2500/2500 tasks started.azure-germanywestcentral-azure-gzip-512-512-373: 2500/2500 tasks started.gcp-us-east1-gcp-gzip-512-512-937: 2500/2500 tasks started.
[2025-12-02T23:33:34Z] [[36minfo[0m] [progress_update] aws-us-east-1-aws-gzip-512-512-988: 2500/2500 tasks started.alibaba-us-east-1-alibaba-gzip-512-512-465: 2500/2500 tasks started.azure-germanywestcentral-azure-gzip-512-512-373: 2500/2500 tasks started.gcp-us-east1-gcp-gzip-512-512-937: 2500/2500 tasks started.
[2025-12-02T23:33:44Z] [[36minfo[0m] [progress_update] aws-us-east-1-aws-gzip-512-512-988: 2500/2500 tasks started.alibaba-us-east-1-alibaba-gzip-512-512-465: 2500/2500 tasks started.azure-germanywestcentral-azure-gzip-512-512-373: 2500/2500 tasks started.gcp-us-east1-gcp-gzip-512-512-937: 2500/2500 tasks started.
[2025-12-02T23:33:54Z] [[36minfo[0m] [progress_update] alibaba-us-east-1-alibaba-gzip-512-512-465: 2500/2500 tasks started.azure-germanywestcentral-azure-gzip-512-512-373: 2500/2500 tasks started.gcp-us-east1-gcp-gzip-512-512-937: 2500/2500 tasks started.aws-us-east-1-aws-gzip-512-512-988: 2500/2500 tasks started.
[2025-12-02T23:34:04Z] [[36minfo[0m] [progress_update] aws-us-east-1-aws-gzip-512-512-988: 2500/2500 tasks started.alibaba-us-east-1-alibaba-gzip-512-512-465: 2500/2500 tasks started.azure-germanywestcentral-azure-gzip-512-512-373: 2500/2500 tasks started.gcp-us-east1-gcp-gzip-512-512-937: 2500/2500 tasks started.
[2025-12-02T23:34:14Z] [[36minfo[0m] [progress_update] aws-us-east-1-aws-gzip-512-512-988: 2500/2500 tasks started.alibaba-us-east-1-alibaba-gzip-512-512-465: 2500/2500 tasks started.azure-germanywestcentral-azure-gzip-512-512-373: 2500/2500 tasks started.gcp-us-east1-gcp-gzip-512-512-937: 2500/2500 tasks started.
[2025-12-02T23:34:24Z] [[36minfo[0m] [progress_update] gcp-us-east1-gcp-gzip-512-512-937: 2500/2500 tasks started.aws-us-east-1-aws-gzip-512-512-988: 2500/2500 tasks started.alibaba-us-east-1-alibaba-gzip-512-512-465: 2500/2500 tasks started.azure-germanywestcentral-azure-gzip-512-512-373: 2500/2500 tasks started.
[2025-12-02T23:34:34Z] [[36minfo[0m] [progress_update] aws-us-east-1-aws-gzip-512-512-988: 2500/2500 tasks started.alibaba-us-east-1-alibaba-gzip-512-512-465: 2500/2500 tasks started.azure-germanywestcentral-azure-gzip-512-512-373: 2500/2500 tasks started.gcp-us-east1-gcp-gzip-512-512-937: 2500/2500 tasks started.
[2025-12-02T23:34:44Z] [[36minfo[0m] [progress_update] aws-us-east-1-aws-gzip-512-512-988: 2500/2500 tasks started.alibaba-us-east-1-alibaba-gzip-512-512-465: 2500/2500 tasks started.azure-germanywestcentral-azure-gzip-512-512-373: 2500/2500 tasks started.gcp-us-east1-gcp-gzip-512-512-937: 2500/2500 tasks started.
[2025-12-02T23:34:54Z] [[36minfo[0m] [progress_update] aws-us-east-1-aws-gzip-512-512-988: 2500/2500 tasks started.alibaba-us-east-1-alibaba-gzip-512-512-465: 2500/2500 tasks started.azure-germanywestcentral-azure-gzip-512-512-373: 2500/2500 tasks started.gcp-us-east1-gcp-gzip-512-512-937: 2500/2500 tasks started.
[2025-12-02T23:35:04Z] [[36minfo[0m] [progress_update] alibaba-us-east-1-alibaba-gzip-512-512-465: 2500/2500 tasks started.azure-germanywestcentral-azure-gzip-512-512-373: 2500/2500 tasks started.gcp-us-east1-gcp-gzip-512-512-937: 2500/2500 tasks started.aws-us-east-1-aws-gzip-512-512-988: 2500/2500 tasks started.
[2025-12-02T23:35:14Z] [[36minfo[0m] [progress_update] aws-us-east-1-aws-gzip-512-512-988: 2500/2500 tasks started.alibaba-us-east-1-alibaba-gzip-512-512-465: 2500/2500 tasks started.azure-germanywestcentral-azure-gzip-512-512-373: 2500/2500 tasks started.gcp-us-east1-gcp-gzip-512-512-937: 2500/2500 tasks started.
[2025-12-02T23:35:23Z] [[31merror[0m] [task_execution] Error executing task azure-gzip-512: task azure-gzip-512 failed after 7 retries: <nil>
[2025-12-02T23:35:24Z] [[36minfo[0m] [progress_update] azure-germanywestcentral-azure-gzip-512-512-373: 2500/2500 tasks started.gcp-us-east1-gcp-gzip-512-512-937: 2500/2500 tasks started.aws-us-east-1-aws-gzip-512-512-988: 2500/2500 tasks started.alibaba-us-east-1-alibaba-gzip-512-512-465: 2500/2500 tasks started.
[2025-12-02T23:35:25Z] [[31merror[0m] [task_execution] Error executing task azure-gzip-512: task azure-gzip-512 failed after 7 retries: <nil>
[2025-12-02T23:35:34Z] [[36minfo[0m] [progress_update] azure-germanywestcentral-azure-gzip-512-512-373: 2500/2500 tasks started.gcp-us-east1-gcp-gzip-512-512-937: 2500/2500 tasks started.aws-us-east-1-aws-gzip-512-512-988: 2500/2500 tasks started.alibaba-us-east-1-alibaba-gzip-512-512-465: 2500/2500 tasks started.
[2025-12-02T23:35:39Z] [[31merror[0m] [task_execution] Error executing task azure-gzip-512: task azure-gzip-512 failed after 7 retries: <nil>
[2025-12-02T23:35:44Z] [[31merror[0m] [task_execution] Error executing task azure-gzip-512: task azure-gzip-512 failed after 7 retries: <nil>
[2025-12-02T23:35:44Z] [[31merror[0m] [task_execution] Error executing task azure-gzip-512: task azure-gzip-512 failed after 7 retries: <nil>
[2025-12-02T23:35:44Z] [[36minfo[0m] [progress_update] aws-us-east-1-aws-gzip-512-512-988: 2500/2500 tasks started.alibaba-us-east-1-alibaba-gzip-512-512-465: 2500/2500 tasks started.azure-germanywestcentral-azure-gzip-512-512-373: 2500/2500 tasks started.gcp-us-east1-gcp-gzip-512-512-937: 2500/2500 tasks started.
[2025-12-02T23:35:46Z] [[31merror[0m] [task_execution] Error executing task azure-gzip-512: task azure-gzip-512 failed after 7 retries: <nil>
[2025-12-02T23:35:47Z] [[31merror[0m] [task_execution] Error executing task azure-gzip-512: task azure-gzip-512 failed after 7 retries: <nil>
[2025-12-02T23:35:47Z] [[31merror[0m] [task_execution] Error executing task azure-gzip-512: task azure-gzip-512 failed after 7 retries: <nil>
[2025-12-02T23:35:54Z] [[36minfo[0m] [progress_update] azure-germanywestcentral-azure-gzip-512-512-373: 2500/2500 tasks started.gcp-us-east1-gcp-gzip-512-512-937: 2500/2500 tasks started.aws-us-east-1-aws-gzip-512-512-988: 2500/2500 tasks started.alibaba-us-east-1-alibaba-gzip-512-512-465: 2500/2500 tasks started.
[2025-12-02T23:36:04Z] [[36minfo[0m] [progress_update] aws-us-east-1-aws-gzip-512-512-988: 2500/2500 tasks started.alibaba-us-east-1-alibaba-gzip-512-512-465: 2500/2500 tasks started.azure-germanywestcentral-azure-gzip-512-512-373: 2500/2500 tasks started.gcp-us-east1-gcp-gzip-512-512-937: 2500/2500 tasks started.
[2025-12-02T23:36:14Z] [[31merror[0m] [task_execution] Error executing task azure-gzip-512: task azure-gzip-512 failed after 7 retries: <nil>
[2025-12-02T23:36:14Z] [[36minfo[0m] [progress_update] aws-us-east-1-aws-gzip-512-512-988: 2500/2500 tasks started.alibaba-us-east-1-alibaba-gzip-512-512-465: 2500/2500 tasks started.azure-germanywestcentral-azure-gzip-512-512-373: 2500/2500 tasks started.gcp-us-east1-gcp-gzip-512-512-937: 2500/2500 tasks started.
[2025-12-02T23:36:19Z] [[36minfo[0m] [function_finished] Finished benchmarking function azure-gzip-512 and closed archiver
[2025-12-02T23:36:21Z] [[36minfo[0m] [finish_timeline] Benchmark Timeline
[Tue Dec  2 23:36:21 UTC 2025] Finished benchmark 'gzip' successfully
[Tue Dec  2 23:36:21 UTC 2025] Sleeping 600 seconds before next workload...
