Validating functions...
[2025-11-26T12:00:01Z] [[36minfo[0m] [executor_setup] Setting up executor for aws-us-east-1-aws-gemm-128-128-72
[2025-11-26T12:00:01Z] [[36minfo[0m] [executor_setup] Setting up executor for aws-us-east-1-aws-gemm-512-512-871
[2025-11-26T12:00:01Z] [[36minfo[0m] [executor_setup] Setting up executor for aws-us-east-1-aws-gemm-2048-2048-717
[2025-11-26T12:00:01Z] [[36minfo[0m] [executor_setup] Setting up executor for alibaba-us-east-1-alibaba-gemm-128-128-789
[2025-11-26T12:00:01Z] [[36minfo[0m] [executor_setup] Setting up executor for alibaba-us-east-1-alibaba-gemm-512-512-822
[2025-11-26T12:00:01Z] [[36minfo[0m] [executor_setup] Setting up executor for alibaba-us-east-1-alibaba-gemm-2048-2048-302
[2025-11-26T12:00:01Z] [[36minfo[0m] [executor_setup] Setting up executor for azure-germanywestcentral-azure-gemm-512-512-535
[2025-11-26T12:00:01Z] [[36minfo[0m] [executor_setup] Setting up executor for azure-germanywestcentral-azure-gemm-2048-2048-103
[2025-11-26T12:00:01Z] [[36minfo[0m] [executor_setup] Setting up executor for gcp-us-east1-gcp-gemm-128-128-526
[2025-11-26T12:00:01Z] [[36minfo[0m] [executor_setup] Setting up executor for gcp-us-east1-gcp-gemm-512-512-288
[2025-11-26T12:00:01Z] [[36minfo[0m] [executor_setup] Setting up executor for gcp-us-east1-gcp-gemm-2048-2048-619
[2025-11-26T12:00:01Z] [[36minfo[0m] [start_timeline] Benchmark Timeline
[2025-11-26T12:00:01Z] [[36minfo[0m] [load_generator_start] (aws: us-east-1) Starting load generator with 250 workers
[2025-11-26T12:00:01Z] [[36minfo[0m] [load_generator_start] (alibaba: us-east-1) Starting load generator with 250 workers
[2025-11-26T12:00:01Z] [[36minfo[0m] [load_generator_start] (aws: us-east-1) Starting load generator with 250 workers
[2025-11-26T12:00:01Z] [[36minfo[0m] [load_generator_start] (gcp: us-east1) Starting load generator with 250 workers
[2025-11-26T12:00:01Z] [[36minfo[0m] [load_generator_start] (alibaba: us-east-1) Starting load generator with 250 workers
[2025-11-26T12:00:01Z] [[36minfo[0m] [load_generator_start] (azure: germanywestcentral) Starting load generator with 250 workers
[2025-11-26T12:00:01Z] [[36minfo[0m] [load_generator_start] (azure: germanywestcentral) Starting load generator with 250 workers
[2025-11-26T12:00:01Z] [[36minfo[0m] [load_generator_start] (gcp: us-east1) Starting load generator with 250 workers
[2025-11-26T12:00:01Z] [[36minfo[0m] [load_generator_start] (aws: us-east-1) Starting load generator with 250 workers
[2025-11-26T12:00:01Z] [[36minfo[0m] [load_generator_start] (gcp: us-east1) Starting load generator with 250 workers
[2025-11-26T12:00:01Z] [[36minfo[0m] [load_generator_start] (alibaba: us-east-1) Starting load generator with 250 workers
[2025-11-26T12:00:11Z] [[36minfo[0m] [progress_update] aws-us-east-1-aws-gemm-2048-2048-717: 856/1500 tasks started.alibaba-us-east-1-alibaba-gemm-2048-2048-302: 698/1500 tasks started.azure-germanywestcentral-azure-gemm-512-512-535: 585/1500 tasks started.azure-germanywestcentral-azure-gemm-2048-2048-103: 653/1500 tasks started.gcp-us-east1-gcp-gemm-512-512-288: 664/1500 tasks started.aws-us-east-1-aws-gemm-128-128-72: 251/1500 tasks started.aws-us-east-1-aws-gemm-512-512-871: 588/1500 tasks started.gcp-us-east1-gcp-gemm-128-128-526: 321/1500 tasks started.gcp-us-east1-gcp-gemm-2048-2048-619: 1097/1500 tasks started.alibaba-us-east-1-alibaba-gemm-128-128-789: 307/1500 tasks started.alibaba-us-east-1-alibaba-gemm-512-512-822: 592/1500 tasks started.
[2025-11-26T12:00:21Z] [[36minfo[0m] [progress_update] gcp-us-east1-gcp-gemm-128-128-526: 526/1500 tasks started.gcp-us-east1-gcp-gemm-2048-2048-619: 1129/1500 tasks started.alibaba-us-east-1-alibaba-gemm-128-128-789: 323/1500 tasks started.alibaba-us-east-1-alibaba-gemm-512-512-822: 1199/1500 tasks started.aws-us-east-1-aws-gemm-2048-2048-717: 1500/1500 tasks started.alibaba-us-east-1-alibaba-gemm-2048-2048-302: 1500/1500 tasks started.azure-germanywestcentral-azure-gemm-512-512-535: 606/1500 tasks started.azure-germanywestcentral-azure-gemm-2048-2048-103: 728/1500 tasks started.gcp-us-east1-gcp-gemm-512-512-288: 994/1500 tasks started.aws-us-east-1-aws-gemm-128-128-72: 482/1500 tasks started.aws-us-east-1-aws-gemm-512-512-871: 957/1500 tasks started.
[2025-11-26T12:00:31Z] [[36minfo[0m] [progress_update] alibaba-us-east-1-alibaba-gemm-128-128-789: 368/1500 tasks started.alibaba-us-east-1-alibaba-gemm-512-512-822: 1500/1500 tasks started.gcp-us-east1-gcp-gemm-128-128-526: 754/1500 tasks started.gcp-us-east1-gcp-gemm-2048-2048-619: 1190/1500 tasks started.gcp-us-east1-gcp-gemm-512-512-288: 1100/1500 tasks started.aws-us-east-1-aws-gemm-128-128-72: 579/1500 tasks started.aws-us-east-1-aws-gemm-512-512-871: 1431/1500 tasks started.aws-us-east-1-aws-gemm-2048-2048-717: 1500/1500 tasks started.alibaba-us-east-1-alibaba-gemm-2048-2048-302: 1500/1500 tasks started.azure-germanywestcentral-azure-gemm-512-512-535: 1052/1500 tasks started.azure-germanywestcentral-azure-gemm-2048-2048-103: 1491/1500 tasks started.
[2025-11-26T12:00:41Z] [[36minfo[0m] [progress_update] alibaba-us-east-1-alibaba-gemm-128-128-789: 423/1500 tasks started.alibaba-us-east-1-alibaba-gemm-512-512-822: 1500/1500 tasks started.gcp-us-east1-gcp-gemm-128-128-526: 983/1500 tasks started.gcp-us-east1-gcp-gemm-2048-2048-619: 1335/1500 tasks started.aws-us-east-1-aws-gemm-128-128-72: 752/1500 tasks started.aws-us-east-1-aws-gemm-512-512-871: 1500/1500 tasks started.aws-us-east-1-aws-gemm-2048-2048-717: 1500/1500 tasks started.alibaba-us-east-1-alibaba-gemm-2048-2048-302: 1500/1500 tasks started.azure-germanywestcentral-azure-gemm-512-512-535: 1437/1500 tasks started.azure-germanywestcentral-azure-gemm-2048-2048-103: 1500/1500 tasks started.gcp-us-east1-gcp-gemm-512-512-288: 1358/1500 tasks started.
[2025-11-26T12:00:51Z] [[36minfo[0m] [progress_update] alibaba-us-east-1-alibaba-gemm-128-128-789: 468/1500 tasks started.alibaba-us-east-1-alibaba-gemm-512-512-822: 1500/1500 tasks started.gcp-us-east1-gcp-gemm-128-128-526: 1180/1500 tasks started.gcp-us-east1-gcp-gemm-2048-2048-619: 1500/1500 tasks started.azure-germanywestcentral-azure-gemm-2048-2048-103: 1500/1500 tasks started.gcp-us-east1-gcp-gemm-512-512-288: 1500/1500 tasks started.aws-us-east-1-aws-gemm-128-128-72: 1001/1500 tasks started.aws-us-east-1-aws-gemm-512-512-871: 1500/1500 tasks started.aws-us-east-1-aws-gemm-2048-2048-717: 1500/1500 tasks started.alibaba-us-east-1-alibaba-gemm-2048-2048-302: 1500/1500 tasks started.azure-germanywestcentral-azure-gemm-512-512-535: 1500/1500 tasks started.
[2025-11-26T12:01:01Z] [[36minfo[0m] [progress_update] alibaba-us-east-1-alibaba-gemm-2048-2048-302: 1500/1500 tasks started.azure-germanywestcentral-azure-gemm-512-512-535: 1500/1500 tasks started.azure-germanywestcentral-azure-gemm-2048-2048-103: 1500/1500 tasks started.gcp-us-east1-gcp-gemm-512-512-288: 1500/1500 tasks started.aws-us-east-1-aws-gemm-128-128-72: 1214/1500 tasks started.aws-us-east-1-aws-gemm-512-512-871: 1500/1500 tasks started.aws-us-east-1-aws-gemm-2048-2048-717: 1500/1500 tasks started.gcp-us-east1-gcp-gemm-2048-2048-619: 1500/1500 tasks started.alibaba-us-east-1-alibaba-gemm-128-128-789: 541/1500 tasks started.alibaba-us-east-1-alibaba-gemm-512-512-822: 1500/1500 tasks started.gcp-us-east1-gcp-gemm-128-128-526: 1362/1500 tasks started.
[2025-11-26T12:01:11Z] [[36minfo[0m] [progress_update] gcp-us-east1-gcp-gemm-512-512-288: 1500/1500 tasks started.aws-us-east-1-aws-gemm-128-128-72: 1313/1500 tasks started.aws-us-east-1-aws-gemm-512-512-871: 1500/1500 tasks started.aws-us-east-1-aws-gemm-2048-2048-717: 1500/1500 tasks started.alibaba-us-east-1-alibaba-gemm-2048-2048-302: 1500/1500 tasks started.azure-germanywestcentral-azure-gemm-512-512-535: 1500/1500 tasks started.azure-germanywestcentral-azure-gemm-2048-2048-103: 1500/1500 tasks started.alibaba-us-east-1-alibaba-gemm-128-128-789: 587/1500 tasks started.alibaba-us-east-1-alibaba-gemm-512-512-822: 1500/1500 tasks started.gcp-us-east1-gcp-gemm-128-128-526: 1500/1500 tasks started.gcp-us-east1-gcp-gemm-2048-2048-619: 1500/1500 tasks started.
[2025-11-26T12:01:18Z] [[36minfo[0m] [function_finished] Finished benchmarking function aws-gemm-2048 and closed archiver
[2025-11-26T12:01:20Z] [[36minfo[0m] [function_finished] Finished benchmarking function aws-gemm-512 and closed archiver
[2025-11-26T12:01:21Z] [[36minfo[0m] [progress_update] gcp-us-east1-gcp-gemm-128-128-526: 1500/1500 tasks started.gcp-us-east1-gcp-gemm-2048-2048-619: 1500/1500 tasks started.alibaba-us-east-1-alibaba-gemm-128-128-789: 618/1500 tasks started.alibaba-us-east-1-alibaba-gemm-512-512-822: 1500/1500 tasks started.aws-us-east-1-aws-gemm-2048-2048-717: 1500/1500 tasks started.alibaba-us-east-1-alibaba-gemm-2048-2048-302: 1500/1500 tasks started.azure-germanywestcentral-azure-gemm-512-512-535: 1500/1500 tasks started.azure-germanywestcentral-azure-gemm-2048-2048-103: 1500/1500 tasks started.gcp-us-east1-gcp-gemm-512-512-288: 1500/1500 tasks started.aws-us-east-1-aws-gemm-128-128-72: 1500/1500 tasks started.aws-us-east-1-aws-gemm-512-512-871: 1500/1500 tasks started.
[2025-11-26T12:01:27Z] [[36minfo[0m] [function_finished] Finished benchmarking function alibaba-gemm-2048 and closed archiver
[2025-11-26T12:01:31Z] [[36minfo[0m] [progress_update] aws-us-east-1-aws-gemm-128-128-72: 1500/1500 tasks started.aws-us-east-1-aws-gemm-512-512-871: 1500/1500 tasks started.aws-us-east-1-aws-gemm-2048-2048-717: 1500/1500 tasks started.alibaba-us-east-1-alibaba-gemm-2048-2048-302: 1500/1500 tasks started.azure-germanywestcentral-azure-gemm-512-512-535: 1500/1500 tasks started.azure-germanywestcentral-azure-gemm-2048-2048-103: 1500/1500 tasks started.gcp-us-east1-gcp-gemm-512-512-288: 1500/1500 tasks started.alibaba-us-east-1-alibaba-gemm-128-128-789: 659/1500 tasks started.alibaba-us-east-1-alibaba-gemm-512-512-822: 1500/1500 tasks started.gcp-us-east1-gcp-gemm-128-128-526: 1500/1500 tasks started.gcp-us-east1-gcp-gemm-2048-2048-619: 1500/1500 tasks started.
[2025-11-26T12:01:32Z] [[36minfo[0m] [function_finished] Finished benchmarking function gcp-gemm-128 and closed archiver
[2025-11-26T12:01:36Z] [[36minfo[0m] [function_finished] Finished benchmarking function aws-gemm-128 and closed archiver
[2025-11-26T12:01:41Z] [[36minfo[0m] [progress_update] alibaba-us-east-1-alibaba-gemm-128-128-789: 731/1500 tasks started.alibaba-us-east-1-alibaba-gemm-512-512-822: 1500/1500 tasks started.gcp-us-east1-gcp-gemm-128-128-526: 1500/1500 tasks started.gcp-us-east1-gcp-gemm-2048-2048-619: 1500/1500 tasks started.azure-germanywestcentral-azure-gemm-512-512-535: 1500/1500 tasks started.azure-germanywestcentral-azure-gemm-2048-2048-103: 1500/1500 tasks started.gcp-us-east1-gcp-gemm-512-512-288: 1500/1500 tasks started.aws-us-east-1-aws-gemm-128-128-72: 1500/1500 tasks started.aws-us-east-1-aws-gemm-512-512-871: 1500/1500 tasks started.aws-us-east-1-aws-gemm-2048-2048-717: 1500/1500 tasks started.alibaba-us-east-1-alibaba-gemm-2048-2048-302: 1500/1500 tasks started.
[2025-11-26T12:01:47Z] [[36minfo[0m] [function_finished] Finished benchmarking function gcp-gemm-512 and closed archiver
[2025-11-26T12:01:51Z] [[36minfo[0m] [progress_update] aws-us-east-1-aws-gemm-128-128-72: 1500/1500 tasks started.aws-us-east-1-aws-gemm-512-512-871: 1500/1500 tasks started.aws-us-east-1-aws-gemm-2048-2048-717: 1500/1500 tasks started.alibaba-us-east-1-alibaba-gemm-2048-2048-302: 1500/1500 tasks started.azure-germanywestcentral-azure-gemm-512-512-535: 1500/1500 tasks started.azure-germanywestcentral-azure-gemm-2048-2048-103: 1500/1500 tasks started.gcp-us-east1-gcp-gemm-512-512-288: 1500/1500 tasks started.alibaba-us-east-1-alibaba-gemm-128-128-789: 768/1500 tasks started.alibaba-us-east-1-alibaba-gemm-512-512-822: 1500/1500 tasks started.gcp-us-east1-gcp-gemm-128-128-526: 1500/1500 tasks started.gcp-us-east1-gcp-gemm-2048-2048-619: 1500/1500 tasks started.
[2025-11-26T12:02:01Z] [[36minfo[0m] [progress_update] aws-us-east-1-aws-gemm-128-128-72: 1500/1500 tasks started.aws-us-east-1-aws-gemm-512-512-871: 1500/1500 tasks started.aws-us-east-1-aws-gemm-2048-2048-717: 1500/1500 tasks started.alibaba-us-east-1-alibaba-gemm-2048-2048-302: 1500/1500 tasks started.azure-germanywestcentral-azure-gemm-512-512-535: 1500/1500 tasks started.azure-germanywestcentral-azure-gemm-2048-2048-103: 1500/1500 tasks started.gcp-us-east1-gcp-gemm-512-512-288: 1500/1500 tasks started.alibaba-us-east-1-alibaba-gemm-128-128-789: 823/1500 tasks started.alibaba-us-east-1-alibaba-gemm-512-512-822: 1500/1500 tasks started.gcp-us-east1-gcp-gemm-128-128-526: 1500/1500 tasks started.gcp-us-east1-gcp-gemm-2048-2048-619: 1500/1500 tasks started.
[2025-11-26T12:02:03Z] [[36minfo[0m] [function_finished] Finished benchmarking function gcp-gemm-2048 and closed archiver
[2025-11-26T12:02:11Z] [[36minfo[0m] [progress_update] alibaba-us-east-1-alibaba-gemm-128-128-789: 860/1500 tasks started.alibaba-us-east-1-alibaba-gemm-512-512-822: 1500/1500 tasks started.gcp-us-east1-gcp-gemm-128-128-526: 1500/1500 tasks started.gcp-us-east1-gcp-gemm-2048-2048-619: 1500/1500 tasks started.aws-us-east-1-aws-gemm-128-128-72: 1500/1500 tasks started.aws-us-east-1-aws-gemm-512-512-871: 1500/1500 tasks started.aws-us-east-1-aws-gemm-2048-2048-717: 1500/1500 tasks started.alibaba-us-east-1-alibaba-gemm-2048-2048-302: 1500/1500 tasks started.azure-germanywestcentral-azure-gemm-512-512-535: 1500/1500 tasks started.azure-germanywestcentral-azure-gemm-2048-2048-103: 1500/1500 tasks started.gcp-us-east1-gcp-gemm-512-512-288: 1500/1500 tasks started.
[2025-11-26T12:02:21Z] [[36minfo[0m] [progress_update] alibaba-us-east-1-alibaba-gemm-128-128-789: 899/1500 tasks started.alibaba-us-east-1-alibaba-gemm-512-512-822: 1500/1500 tasks started.gcp-us-east1-gcp-gemm-128-128-526: 1500/1500 tasks started.gcp-us-east1-gcp-gemm-2048-2048-619: 1500/1500 tasks started.gcp-us-east1-gcp-gemm-512-512-288: 1500/1500 tasks started.aws-us-east-1-aws-gemm-128-128-72: 1500/1500 tasks started.aws-us-east-1-aws-gemm-512-512-871: 1500/1500 tasks started.aws-us-east-1-aws-gemm-2048-2048-717: 1500/1500 tasks started.alibaba-us-east-1-alibaba-gemm-2048-2048-302: 1500/1500 tasks started.azure-germanywestcentral-azure-gemm-512-512-535: 1500/1500 tasks started.azure-germanywestcentral-azure-gemm-2048-2048-103: 1500/1500 tasks started.
[2025-11-26T12:02:31Z] [[36minfo[0m] [progress_update] alibaba-us-east-1-alibaba-gemm-2048-2048-302: 1500/1500 tasks started.azure-germanywestcentral-azure-gemm-512-512-535: 1500/1500 tasks started.azure-germanywestcentral-azure-gemm-2048-2048-103: 1500/1500 tasks started.gcp-us-east1-gcp-gemm-512-512-288: 1500/1500 tasks started.aws-us-east-1-aws-gemm-128-128-72: 1500/1500 tasks started.aws-us-east-1-aws-gemm-512-512-871: 1500/1500 tasks started.aws-us-east-1-aws-gemm-2048-2048-717: 1500/1500 tasks started.gcp-us-east1-gcp-gemm-2048-2048-619: 1500/1500 tasks started.alibaba-us-east-1-alibaba-gemm-128-128-789: 968/1500 tasks started.alibaba-us-east-1-alibaba-gemm-512-512-822: 1500/1500 tasks started.gcp-us-east1-gcp-gemm-128-128-526: 1500/1500 tasks started.
[2025-11-26T12:02:37Z] [[36minfo[0m] [function_finished] Finished benchmarking function azure-gemm-512 and closed archiver
[2025-11-26T12:02:41Z] [[36minfo[0m] [progress_update] azure-germanywestcentral-azure-gemm-2048-2048-103: 1500/1500 tasks started.gcp-us-east1-gcp-gemm-512-512-288: 1500/1500 tasks started.aws-us-east-1-aws-gemm-128-128-72: 1500/1500 tasks started.aws-us-east-1-aws-gemm-512-512-871: 1500/1500 tasks started.aws-us-east-1-aws-gemm-2048-2048-717: 1500/1500 tasks started.alibaba-us-east-1-alibaba-gemm-2048-2048-302: 1500/1500 tasks started.azure-germanywestcentral-azure-gemm-512-512-535: 1500/1500 tasks started.alibaba-us-east-1-alibaba-gemm-128-128-789: 1012/1500 tasks started.alibaba-us-east-1-alibaba-gemm-512-512-822: 1500/1500 tasks started.gcp-us-east1-gcp-gemm-128-128-526: 1500/1500 tasks started.gcp-us-east1-gcp-gemm-2048-2048-619: 1500/1500 tasks started.
[2025-11-26T12:02:51Z] [[36minfo[0m] [progress_update] aws-us-east-1-aws-gemm-128-128-72: 1500/1500 tasks started.aws-us-east-1-aws-gemm-512-512-871: 1500/1500 tasks started.aws-us-east-1-aws-gemm-2048-2048-717: 1500/1500 tasks started.alibaba-us-east-1-alibaba-gemm-2048-2048-302: 1500/1500 tasks started.azure-germanywestcentral-azure-gemm-512-512-535: 1500/1500 tasks started.azure-germanywestcentral-azure-gemm-2048-2048-103: 1500/1500 tasks started.gcp-us-east1-gcp-gemm-512-512-288: 1500/1500 tasks started.alibaba-us-east-1-alibaba-gemm-128-128-789: 1052/1500 tasks started.alibaba-us-east-1-alibaba-gemm-512-512-822: 1500/1500 tasks started.gcp-us-east1-gcp-gemm-128-128-526: 1500/1500 tasks started.gcp-us-east1-gcp-gemm-2048-2048-619: 1500/1500 tasks started.
[2025-11-26T12:03:01Z] [[36minfo[0m] [progress_update] alibaba-us-east-1-alibaba-gemm-128-128-789: 1109/1500 tasks started.alibaba-us-east-1-alibaba-gemm-512-512-822: 1500/1500 tasks started.gcp-us-east1-gcp-gemm-128-128-526: 1500/1500 tasks started.gcp-us-east1-gcp-gemm-2048-2048-619: 1500/1500 tasks started.aws-us-east-1-aws-gemm-128-128-72: 1500/1500 tasks started.aws-us-east-1-aws-gemm-512-512-871: 1500/1500 tasks started.aws-us-east-1-aws-gemm-2048-2048-717: 1500/1500 tasks started.alibaba-us-east-1-alibaba-gemm-2048-2048-302: 1500/1500 tasks started.azure-germanywestcentral-azure-gemm-512-512-535: 1500/1500 tasks started.azure-germanywestcentral-azure-gemm-2048-2048-103: 1500/1500 tasks started.gcp-us-east1-gcp-gemm-512-512-288: 1500/1500 tasks started.
[2025-11-26T12:03:11Z] [[36minfo[0m] [progress_update] alibaba-us-east-1-alibaba-gemm-512-512-822: 1500/1500 tasks started.gcp-us-east1-gcp-gemm-128-128-526: 1500/1500 tasks started.gcp-us-east1-gcp-gemm-2048-2048-619: 1500/1500 tasks started.alibaba-us-east-1-alibaba-gemm-128-128-789: 1156/1500 tasks started.aws-us-east-1-aws-gemm-512-512-871: 1500/1500 tasks started.aws-us-east-1-aws-gemm-2048-2048-717: 1500/1500 tasks started.alibaba-us-east-1-alibaba-gemm-2048-2048-302: 1500/1500 tasks started.azure-germanywestcentral-azure-gemm-512-512-535: 1500/1500 tasks started.azure-germanywestcentral-azure-gemm-2048-2048-103: 1500/1500 tasks started.gcp-us-east1-gcp-gemm-512-512-288: 1500/1500 tasks started.aws-us-east-1-aws-gemm-128-128-72: 1500/1500 tasks started.
[2025-11-26T12:03:21Z] [[36minfo[0m] [progress_update] aws-us-east-1-aws-gemm-128-128-72: 1500/1500 tasks started.aws-us-east-1-aws-gemm-512-512-871: 1500/1500 tasks started.aws-us-east-1-aws-gemm-2048-2048-717: 1500/1500 tasks started.alibaba-us-east-1-alibaba-gemm-2048-2048-302: 1500/1500 tasks started.azure-germanywestcentral-azure-gemm-512-512-535: 1500/1500 tasks started.azure-germanywestcentral-azure-gemm-2048-2048-103: 1500/1500 tasks started.gcp-us-east1-gcp-gemm-512-512-288: 1500/1500 tasks started.alibaba-us-east-1-alibaba-gemm-128-128-789: 1211/1500 tasks started.alibaba-us-east-1-alibaba-gemm-512-512-822: 1500/1500 tasks started.gcp-us-east1-gcp-gemm-128-128-526: 1500/1500 tasks started.gcp-us-east1-gcp-gemm-2048-2048-619: 1500/1500 tasks started.
[2025-11-26T12:03:31Z] [[36minfo[0m] [progress_update] gcp-us-east1-gcp-gemm-2048-2048-619: 1500/1500 tasks started.alibaba-us-east-1-alibaba-gemm-128-128-789: 1261/1500 tasks started.alibaba-us-east-1-alibaba-gemm-512-512-822: 1500/1500 tasks started.gcp-us-east1-gcp-gemm-128-128-526: 1500/1500 tasks started.alibaba-us-east-1-alibaba-gemm-2048-2048-302: 1500/1500 tasks started.azure-germanywestcentral-azure-gemm-512-512-535: 1500/1500 tasks started.azure-germanywestcentral-azure-gemm-2048-2048-103: 1500/1500 tasks started.gcp-us-east1-gcp-gemm-512-512-288: 1500/1500 tasks started.aws-us-east-1-aws-gemm-128-128-72: 1500/1500 tasks started.aws-us-east-1-aws-gemm-512-512-871: 1500/1500 tasks started.aws-us-east-1-aws-gemm-2048-2048-717: 1500/1500 tasks started.
[2025-11-26T12:03:41Z] [[36minfo[0m] [progress_update] aws-us-east-1-aws-gemm-128-128-72: 1500/1500 tasks started.aws-us-east-1-aws-gemm-512-512-871: 1500/1500 tasks started.aws-us-east-1-aws-gemm-2048-2048-717: 1500/1500 tasks started.alibaba-us-east-1-alibaba-gemm-2048-2048-302: 1500/1500 tasks started.azure-germanywestcentral-azure-gemm-512-512-535: 1500/1500 tasks started.azure-germanywestcentral-azure-gemm-2048-2048-103: 1500/1500 tasks started.gcp-us-east1-gcp-gemm-512-512-288: 1500/1500 tasks started.alibaba-us-east-1-alibaba-gemm-128-128-789: 1305/1500 tasks started.alibaba-us-east-1-alibaba-gemm-512-512-822: 1500/1500 tasks started.gcp-us-east1-gcp-gemm-128-128-526: 1500/1500 tasks started.gcp-us-east1-gcp-gemm-2048-2048-619: 1500/1500 tasks started.
[2025-11-26T12:03:51Z] [[36minfo[0m] [progress_update] alibaba-us-east-1-alibaba-gemm-512-512-822: 1500/1500 tasks started.gcp-us-east1-gcp-gemm-128-128-526: 1500/1500 tasks started.gcp-us-east1-gcp-gemm-2048-2048-619: 1500/1500 tasks started.alibaba-us-east-1-alibaba-gemm-128-128-789: 1348/1500 tasks started.aws-us-east-1-aws-gemm-512-512-871: 1500/1500 tasks started.aws-us-east-1-aws-gemm-2048-2048-717: 1500/1500 tasks started.alibaba-us-east-1-alibaba-gemm-2048-2048-302: 1500/1500 tasks started.azure-germanywestcentral-azure-gemm-512-512-535: 1500/1500 tasks started.azure-germanywestcentral-azure-gemm-2048-2048-103: 1500/1500 tasks started.gcp-us-east1-gcp-gemm-512-512-288: 1500/1500 tasks started.aws-us-east-1-aws-gemm-128-128-72: 1500/1500 tasks started.
[2025-11-26T12:04:01Z] [[36minfo[0m] [progress_update] alibaba-us-east-1-alibaba-gemm-128-128-789: 1418/1500 tasks started.alibaba-us-east-1-alibaba-gemm-512-512-822: 1500/1500 tasks started.gcp-us-east1-gcp-gemm-128-128-526: 1500/1500 tasks started.gcp-us-east1-gcp-gemm-2048-2048-619: 1500/1500 tasks started.azure-germanywestcentral-azure-gemm-2048-2048-103: 1500/1500 tasks started.gcp-us-east1-gcp-gemm-512-512-288: 1500/1500 tasks started.aws-us-east-1-aws-gemm-128-128-72: 1500/1500 tasks started.aws-us-east-1-aws-gemm-512-512-871: 1500/1500 tasks started.aws-us-east-1-aws-gemm-2048-2048-717: 1500/1500 tasks started.alibaba-us-east-1-alibaba-gemm-2048-2048-302: 1500/1500 tasks started.azure-germanywestcentral-azure-gemm-512-512-535: 1500/1500 tasks started.
[2025-11-26T12:04:11Z] [[36minfo[0m] [progress_update] alibaba-us-east-1-alibaba-gemm-512-512-822: 1500/1500 tasks started.gcp-us-east1-gcp-gemm-128-128-526: 1500/1500 tasks started.gcp-us-east1-gcp-gemm-2048-2048-619: 1500/1500 tasks started.alibaba-us-east-1-alibaba-gemm-128-128-789: 1473/1500 tasks started.aws-us-east-1-aws-gemm-512-512-871: 1500/1500 tasks started.aws-us-east-1-aws-gemm-2048-2048-717: 1500/1500 tasks started.alibaba-us-east-1-alibaba-gemm-2048-2048-302: 1500/1500 tasks started.azure-germanywestcentral-azure-gemm-512-512-535: 1500/1500 tasks started.azure-germanywestcentral-azure-gemm-2048-2048-103: 1500/1500 tasks started.gcp-us-east1-gcp-gemm-512-512-288: 1500/1500 tasks started.aws-us-east-1-aws-gemm-128-128-72: 1500/1500 tasks started.
[2025-11-26T12:04:21Z] [[36minfo[0m] [progress_update] azure-germanywestcentral-azure-gemm-512-512-535: 1500/1500 tasks started.azure-germanywestcentral-azure-gemm-2048-2048-103: 1500/1500 tasks started.gcp-us-east1-gcp-gemm-512-512-288: 1500/1500 tasks started.aws-us-east-1-aws-gemm-128-128-72: 1500/1500 tasks started.aws-us-east-1-aws-gemm-512-512-871: 1500/1500 tasks started.aws-us-east-1-aws-gemm-2048-2048-717: 1500/1500 tasks started.alibaba-us-east-1-alibaba-gemm-2048-2048-302: 1500/1500 tasks started.alibaba-us-east-1-alibaba-gemm-128-128-789: 1500/1500 tasks started.alibaba-us-east-1-alibaba-gemm-512-512-822: 1500/1500 tasks started.gcp-us-east1-gcp-gemm-128-128-526: 1500/1500 tasks started.gcp-us-east1-gcp-gemm-2048-2048-619: 1500/1500 tasks started.
[2025-11-26T12:04:24Z] [[31merror[0m] [task_execution] Error executing task alibaba-gemm-128: task alibaba-gemm-128 failed after 7 retries: <nil>
[2025-11-26T12:04:24Z] [[31merror[0m] [task_execution] Error executing task alibaba-gemm-128: task alibaba-gemm-128 failed after 7 retries: <nil>
[2025-11-26T12:04:24Z] [[31merror[0m] [task_execution] Error executing task alibaba-gemm-128: task alibaba-gemm-128 failed after 7 retries: <nil>
[2025-11-26T12:04:24Z] [[31merror[0m] [task_execution] Error executing task alibaba-gemm-128: task alibaba-gemm-128 failed after 7 retries: <nil>
[2025-11-26T12:04:24Z] [[31merror[0m] [task_execution] Error executing task alibaba-gemm-128: task alibaba-gemm-128 failed after 7 retries: <nil>
[2025-11-26T12:04:24Z] [[31merror[0m] [task_execution] Error executing task alibaba-gemm-128: task alibaba-gemm-128 failed after 7 retries: <nil>
[2025-11-26T12:04:24Z] [[31merror[0m] [task_execution] Error executing task alibaba-gemm-128: task alibaba-gemm-128 failed after 7 retries: <nil>
[2025-11-26T12:04:24Z] [[31merror[0m] [task_execution] Error executing task alibaba-gemm-128: task alibaba-gemm-128 failed after 7 retries: <nil>
[2025-11-26T12:04:24Z] [[31merror[0m] [task_execution] Error executing task alibaba-gemm-128: task alibaba-gemm-128 failed after 7 retries: <nil>
[2025-11-26T12:04:24Z] [[31merror[0m] [task_execution] Error executing task alibaba-gemm-128: task alibaba-gemm-128 failed after 7 retries: <nil>
[2025-11-26T12:04:24Z] [[31merror[0m] [task_execution] Error executing task alibaba-gemm-128: task alibaba-gemm-128 failed after 7 retries: <nil>
[2025-11-26T12:04:24Z] [[31merror[0m] [task_execution] Error executing task alibaba-gemm-128: task alibaba-gemm-128 failed after 7 retries: <nil>
[2025-11-26T12:04:24Z] [[31merror[0m] [task_execution] Error executing task alibaba-gemm-128: task alibaba-gemm-128 failed after 7 retries: <nil>
[2025-11-26T12:04:24Z] [[31merror[0m] [task_execution] Error executing task alibaba-gemm-128: task alibaba-gemm-128 failed after 7 retries: <nil>
[2025-11-26T12:04:24Z] [[31merror[0m] [task_execution] Error executing task alibaba-gemm-128: task alibaba-gemm-128 failed after 7 retries: <nil>
[2025-11-26T12:04:24Z] [[31merror[0m] [task_execution] Error executing task alibaba-gemm-128: task alibaba-gemm-128 failed after 7 retries: <nil>
[2025-11-26T12:04:24Z] [[31merror[0m] [task_execution] Error executing task alibaba-gemm-128: task alibaba-gemm-128 failed after 7 retries: <nil>
[2025-11-26T12:04:24Z] [[31merror[0m] [task_execution] Error executing task alibaba-gemm-128: task alibaba-gemm-128 failed after 7 retries: <nil>
[2025-11-26T12:04:24Z] [[31merror[0m] [task_execution] Error executing task alibaba-gemm-128: task alibaba-gemm-128 failed after 7 retries: <nil>
[2025-11-26T12:04:24Z] [[31merror[0m] [task_execution] Error executing task alibaba-gemm-128: task alibaba-gemm-128 failed after 7 retries: <nil>
[2025-11-26T12:04:24Z] [[31merror[0m] [task_execution] Error executing task alibaba-gemm-128: task alibaba-gemm-128 failed after 7 retries: <nil>
[2025-11-26T12:04:24Z] [[31merror[0m] [task_execution] Error executing task alibaba-gemm-128: task alibaba-gemm-128 failed after 7 retries: <nil>
[2025-11-26T12:04:24Z] [[31merror[0m] [task_execution] Error executing task alibaba-gemm-128: task alibaba-gemm-128 failed after 7 retries: <nil>
[2025-11-26T12:04:24Z] [[31merror[0m] [task_execution] Error executing task alibaba-gemm-128: task alibaba-gemm-128 failed after 7 retries: <nil>
[2025-11-26T12:04:24Z] [[31merror[0m] [task_execution] Error executing task alibaba-gemm-128: task alibaba-gemm-128 failed after 7 retries: <nil>
[2025-11-26T12:04:24Z] [[31merror[0m] [task_execution] Error executing task alibaba-gemm-128: task alibaba-gemm-128 failed after 7 retries: <nil>
[2025-11-26T12:04:24Z] [[31merror[0m] [task_execution] Error executing task alibaba-gemm-128: task alibaba-gemm-128 failed after 7 retries: <nil>
[2025-11-26T12:04:24Z] [[31merror[0m] [task_execution] Error executing task alibaba-gemm-128: task alibaba-gemm-128 failed after 7 retries: <nil>
[2025-11-26T12:04:24Z] [[31merror[0m] [task_execution] Error executing task alibaba-gemm-128: task alibaba-gemm-128 failed after 7 retries: <nil>
[2025-11-26T12:04:24Z] [[31merror[0m] [task_execution] Error executing task alibaba-gemm-128: task alibaba-gemm-128 failed after 7 retries: <nil>
[2025-11-26T12:04:24Z] [[31merror[0m] [task_execution] Error executing task alibaba-gemm-128: task alibaba-gemm-128 failed after 7 retries: <nil>
[2025-11-26T12:04:24Z] [[31merror[0m] [task_execution] Error executing task alibaba-gemm-128: task alibaba-gemm-128 failed after 7 retries: <nil>
[2025-11-26T12:04:24Z] [[31merror[0m] [task_execution] Error executing task alibaba-gemm-128: task alibaba-gemm-128 failed after 7 retries: <nil>
[2025-11-26T12:04:24Z] [[31merror[0m] [task_execution] Error executing task alibaba-gemm-128: task alibaba-gemm-128 failed after 7 retries: <nil>
[2025-11-26T12:04:24Z] [[31merror[0m] [task_execution] Error executing task alibaba-gemm-128: task alibaba-gemm-128 failed after 7 retries: <nil>
[2025-11-26T12:04:24Z] [[31merror[0m] [task_execution] Error executing task alibaba-gemm-128: task alibaba-gemm-128 failed after 7 retries: <nil>
[2025-11-26T12:04:24Z] [[31merror[0m] [task_execution] Error executing task alibaba-gemm-128: task alibaba-gemm-128 failed after 7 retries: <nil>
[2025-11-26T12:04:24Z] [[31merror[0m] [task_execution] Error executing task alibaba-gemm-128: task alibaba-gemm-128 failed after 7 retries: <nil>
[2025-11-26T12:04:24Z] [[31merror[0m] [task_execution] Error executing task alibaba-gemm-128: task alibaba-gemm-128 failed after 7 retries: <nil>
[2025-11-26T12:04:24Z] [[31merror[0m] [task_execution] Error executing task alibaba-gemm-128: task alibaba-gemm-128 failed after 7 retries: <nil>
[2025-11-26T12:04:24Z] [[31merror[0m] [task_execution] Error executing task alibaba-gemm-128: task alibaba-gemm-128 failed after 7 retries: <nil>
[2025-11-26T12:04:24Z] [[31merror[0m] [task_execution] Error executing task alibaba-gemm-128: task alibaba-gemm-128 failed after 7 retries: <nil>
[2025-11-26T12:04:24Z] [[31merror[0m] [task_execution] Error executing task alibaba-gemm-128: task alibaba-gemm-128 failed after 7 retries: <nil>
[2025-11-26T12:04:24Z] [[31merror[0m] [task_execution] Error executing task alibaba-gemm-128: task alibaba-gemm-128 failed after 7 retries: <nil>
[2025-11-26T12:04:24Z] [[31merror[0m] [task_execution] Error executing task alibaba-gemm-128: task alibaba-gemm-128 failed after 7 retries: <nil>
[2025-11-26T12:04:24Z] [[31merror[0m] [task_execution] Error executing task alibaba-gemm-128: task alibaba-gemm-128 failed after 7 retries: <nil>
[2025-11-26T12:04:24Z] [[31merror[0m] [task_execution] Error executing task alibaba-gemm-128: task alibaba-gemm-128 failed after 7 retries: <nil>
[2025-11-26T12:04:24Z] [[31merror[0m] [task_execution] Error executing task alibaba-gemm-128: task alibaba-gemm-128 failed after 7 retries: <nil>
[2025-11-26T12:04:24Z] [[31merror[0m] [task_execution] Error executing task alibaba-gemm-128: task alibaba-gemm-128 failed after 7 retries: <nil>
[2025-11-26T12:04:24Z] [[31merror[0m] [task_execution] Error executing task alibaba-gemm-128: task alibaba-gemm-128 failed after 7 retries: <nil>
[2025-11-26T12:04:24Z] [[31merror[0m] [task_execution] Error executing task alibaba-gemm-128: task alibaba-gemm-128 failed after 7 retries: <nil>
[2025-11-26T12:04:24Z] [[31merror[0m] [task_execution] Error executing task alibaba-gemm-128: task alibaba-gemm-128 failed after 7 retries: <nil>
[2025-11-26T12:04:24Z] [[31merror[0m] [task_execution] Error executing task alibaba-gemm-128: task alibaba-gemm-128 failed after 7 retries: <nil>
[2025-11-26T12:04:24Z] [[31merror[0m] [task_execution] Error executing task alibaba-gemm-128: task alibaba-gemm-128 failed after 7 retries: <nil>
[2025-11-26T12:04:24Z] [[31merror[0m] [task_execution] Error executing task alibaba-gemm-128: task alibaba-gemm-128 failed after 7 retries: <nil>
[2025-11-26T12:04:24Z] [[31merror[0m] [task_execution] Error executing task alibaba-gemm-128: task alibaba-gemm-128 failed after 7 retries: <nil>
[2025-11-26T12:04:24Z] [[31merror[0m] [task_execution] Error executing task alibaba-gemm-128: task alibaba-gemm-128 failed after 7 retries: <nil>
[2025-11-26T12:04:24Z] [[31merror[0m] [task_execution] Error executing task alibaba-gemm-128: task alibaba-gemm-128 failed after 7 retries: <nil>
[2025-11-26T12:04:24Z] [[31merror[0m] [task_execution] Error executing task alibaba-gemm-128: task alibaba-gemm-128 failed after 7 retries: <nil>
[2025-11-26T12:04:24Z] [[31merror[0m] [task_execution] Error executing task alibaba-gemm-128: task alibaba-gemm-128 failed after 7 retries: <nil>
[2025-11-26T12:04:24Z] [[31merror[0m] [task_execution] Error executing task alibaba-gemm-128: task alibaba-gemm-128 failed after 7 retries: <nil>
[2025-11-26T12:04:24Z] [[31merror[0m] [task_execution] Error executing task alibaba-gemm-128: task alibaba-gemm-128 failed after 7 retries: <nil>
[2025-11-26T12:04:24Z] [[31merror[0m] [task_execution] Error executing task alibaba-gemm-128: task alibaba-gemm-128 failed after 7 retries: <nil>
[2025-11-26T12:04:24Z] [[31merror[0m] [task_execution] Error executing task alibaba-gemm-128: task alibaba-gemm-128 failed after 7 retries: <nil>
[2025-11-26T12:04:24Z] [[31merror[0m] [task_execution] Error executing task alibaba-gemm-128: task alibaba-gemm-128 failed after 7 retries: <nil>
[2025-11-26T12:04:24Z] [[31merror[0m] [task_execution] Error executing task alibaba-gemm-128: task alibaba-gemm-128 failed after 7 retries: <nil>
[2025-11-26T12:04:24Z] [[31merror[0m] [task_execution] Error executing task alibaba-gemm-128: task alibaba-gemm-128 failed after 7 retries: <nil>
[2025-11-26T12:04:24Z] [[31merror[0m] [task_execution] Error executing task alibaba-gemm-128: task alibaba-gemm-128 failed after 7 retries: <nil>
[2025-11-26T12:04:24Z] [[31merror[0m] [task_execution] Error executing task alibaba-gemm-128: task alibaba-gemm-128 failed after 7 retries: <nil>
[2025-11-26T12:04:24Z] [[31merror[0m] [task_execution] Error executing task alibaba-gemm-128: task alibaba-gemm-128 failed after 7 retries: <nil>
[2025-11-26T12:04:24Z] [[31merror[0m] [task_execution] Error executing task alibaba-gemm-128: task alibaba-gemm-128 failed after 7 retries: <nil>
[2025-11-26T12:04:24Z] [[31merror[0m] [task_execution] Error executing task alibaba-gemm-128: task alibaba-gemm-128 failed after 7 retries: <nil>
[2025-11-26T12:04:24Z] [[31merror[0m] [task_execution] Error executing task alibaba-gemm-128: task alibaba-gemm-128 failed after 7 retries: <nil>
[2025-11-26T12:04:24Z] [[31merror[0m] [task_execution] Error executing task alibaba-gemm-128: task alibaba-gemm-128 failed after 7 retries: <nil>
[2025-11-26T12:04:24Z] [[31merror[0m] [task_execution] Error executing task alibaba-gemm-128: task alibaba-gemm-128 failed after 7 retries: <nil>
[2025-11-26T12:04:24Z] [[31merror[0m] [task_execution] Error executing task alibaba-gemm-128: task alibaba-gemm-128 failed after 7 retries: <nil>
[2025-11-26T12:04:24Z] [[31merror[0m] [task_execution] Error executing task alibaba-gemm-128: task alibaba-gemm-128 failed after 7 retries: <nil>
[2025-11-26T12:04:24Z] [[31merror[0m] [task_execution] Error executing task alibaba-gemm-128: task alibaba-gemm-128 failed after 7 retries: <nil>
[2025-11-26T12:04:24Z] [[31merror[0m] [task_execution] Error executing task alibaba-gemm-128: task alibaba-gemm-128 failed after 7 retries: <nil>
[2025-11-26T12:04:24Z] [[31merror[0m] [task_execution] Error executing task alibaba-gemm-128: task alibaba-gemm-128 failed after 7 retries: <nil>
[2025-11-26T12:04:24Z] [[31merror[0m] [task_execution] Error executing task alibaba-gemm-128: task alibaba-gemm-128 failed after 7 retries: <nil>
[2025-11-26T12:04:24Z] [[31merror[0m] [task_execution] Error executing task alibaba-gemm-128: task alibaba-gemm-128 failed after 7 retries: <nil>
[2025-11-26T12:04:24Z] [[31merror[0m] [task_execution] Error executing task alibaba-gemm-128: task alibaba-gemm-128 failed after 7 retries: <nil>
[2025-11-26T12:04:24Z] [[31merror[0m] [task_execution] Error executing task alibaba-gemm-128: task alibaba-gemm-128 failed after 7 retries: <nil>
[2025-11-26T12:04:24Z] [[31merror[0m] [task_execution] Error executing task alibaba-gemm-128: task alibaba-gemm-128 failed after 7 retries: <nil>
[2025-11-26T12:04:24Z] [[31merror[0m] [task_execution] Error executing task alibaba-gemm-128: task alibaba-gemm-128 failed after 7 retries: <nil>
[2025-11-26T12:04:24Z] [[31merror[0m] [task_execution] Error executing task alibaba-gemm-128: task alibaba-gemm-128 failed after 7 retries: <nil>
[2025-11-26T12:04:24Z] [[31merror[0m] [task_execution] Error executing task alibaba-gemm-128: task alibaba-gemm-128 failed after 7 retries: <nil>
[2025-11-26T12:04:24Z] [[31merror[0m] [task_execution] Error executing task alibaba-gemm-128: task alibaba-gemm-128 failed after 7 retries: <nil>
[2025-11-26T12:04:24Z] [[31merror[0m] [task_execution] Error executing task alibaba-gemm-128: task alibaba-gemm-128 failed after 7 retries: <nil>
[2025-11-26T12:04:24Z] [[31merror[0m] [task_execution] Error executing task alibaba-gemm-128: task alibaba-gemm-128 failed after 7 retries: <nil>
[2025-11-26T12:04:24Z] [[31merror[0m] [task_execution] Error executing task alibaba-gemm-128: task alibaba-gemm-128 failed after 7 retries: <nil>
[2025-11-26T12:04:24Z] [[31merror[0m] [task_execution] Error executing task alibaba-gemm-128: task alibaba-gemm-128 failed after 7 retries: <nil>
[2025-11-26T12:04:24Z] [[31merror[0m] [task_execution] Error executing task alibaba-gemm-128: task alibaba-gemm-128 failed after 7 retries: <nil>
[2025-11-26T12:04:24Z] [[31merror[0m] [task_execution] Error executing task alibaba-gemm-128: task alibaba-gemm-128 failed after 7 retries: <nil>
[2025-11-26T12:04:24Z] [[31merror[0m] [task_execution] Error executing task alibaba-gemm-128: task alibaba-gemm-128 failed after 7 retries: <nil>
[2025-11-26T12:04:24Z] [[31merror[0m] [task_execution] Error executing task alibaba-gemm-128: task alibaba-gemm-128 failed after 7 retries: <nil>
[2025-11-26T12:04:24Z] [[31merror[0m] [task_execution] Error executing task alibaba-gemm-128: task alibaba-gemm-128 failed after 7 retries: <nil>
[2025-11-26T12:04:24Z] [[31merror[0m] [task_execution] Error executing task alibaba-gemm-128: task alibaba-gemm-128 failed after 7 retries: <nil>
[2025-11-26T12:04:24Z] [[31merror[0m] [task_execution] Error executing task alibaba-gemm-128: task alibaba-gemm-128 failed after 7 retries: <nil>
[2025-11-26T12:04:24Z] [[31merror[0m] [task_execution] Error executing task alibaba-gemm-128: task alibaba-gemm-128 failed after 7 retries: <nil>
[2025-11-26T12:04:24Z] [[31merror[0m] [task_execution] Error executing task alibaba-gemm-128: task alibaba-gemm-128 failed after 7 retries: <nil>
[2025-11-26T12:04:24Z] [[31merror[0m] [task_execution] Error executing task alibaba-gemm-128: task alibaba-gemm-128 failed after 7 retries: <nil>
[2025-11-26T12:04:24Z] [[31merror[0m] [task_execution] Error executing task alibaba-gemm-128: task alibaba-gemm-128 failed after 7 retries: <nil>
[2025-11-26T12:04:24Z] [[31merror[0m] [task_execution] Error executing task alibaba-gemm-128: task alibaba-gemm-128 failed after 7 retries: <nil>
[2025-11-26T12:04:24Z] [[31merror[0m] [task_execution] Error executing task alibaba-gemm-128: task alibaba-gemm-128 failed after 7 retries: <nil>
[2025-11-26T12:04:24Z] [[31merror[0m] [task_execution] Error executing task alibaba-gemm-128: task alibaba-gemm-128 failed after 7 retries: <nil>
[2025-11-26T12:04:24Z] [[31merror[0m] [task_execution] Error executing task alibaba-gemm-128: task alibaba-gemm-128 failed after 7 retries: <nil>
[2025-11-26T12:04:24Z] [[31merror[0m] [task_execution] Error executing task alibaba-gemm-128: task alibaba-gemm-128 failed after 7 retries: <nil>
[2025-11-26T12:04:24Z] [[31merror[0m] [task_execution] Error executing task alibaba-gemm-128: task alibaba-gemm-128 failed after 7 retries: <nil>
[2025-11-26T12:04:24Z] [[31merror[0m] [task_execution] Error executing task alibaba-gemm-128: task alibaba-gemm-128 failed after 7 retries: <nil>
[2025-11-26T12:04:24Z] [[31merror[0m] [task_execution] Error executing task alibaba-gemm-128: task alibaba-gemm-128 failed after 7 retries: <nil>
[2025-11-26T12:04:24Z] [[31merror[0m] [task_execution] Error executing task alibaba-gemm-128: task alibaba-gemm-128 failed after 7 retries: <nil>
[2025-11-26T12:04:24Z] [[31merror[0m] [task_execution] Error executing task alibaba-gemm-128: task alibaba-gemm-128 failed after 7 retries: <nil>
[2025-11-26T12:04:24Z] [[31merror[0m] [task_execution] Error executing task alibaba-gemm-128: task alibaba-gemm-128 failed after 7 retries: <nil>
[2025-11-26T12:04:24Z] [[31merror[0m] [task_execution] Error executing task alibaba-gemm-128: task alibaba-gemm-128 failed after 7 retries: <nil>
[2025-11-26T12:04:24Z] [[31merror[0m] [task_execution] Error executing task alibaba-gemm-128: task alibaba-gemm-128 failed after 7 retries: <nil>
[2025-11-26T12:04:24Z] [[31merror[0m] [task_execution] Error executing task alibaba-gemm-128: task alibaba-gemm-128 failed after 7 retries: <nil>
[2025-11-26T12:04:24Z] [[31merror[0m] [task_execution] Error executing task alibaba-gemm-128: task alibaba-gemm-128 failed after 7 retries: <nil>
[2025-11-26T12:04:24Z] [[31merror[0m] [task_execution] Error executing task alibaba-gemm-128: task alibaba-gemm-128 failed after 7 retries: <nil>
[2025-11-26T12:04:24Z] [[31merror[0m] [task_execution] Error executing task alibaba-gemm-128: task alibaba-gemm-128 failed after 7 retries: <nil>
[2025-11-26T12:04:24Z] [[31merror[0m] [task_execution] Error executing task alibaba-gemm-128: task alibaba-gemm-128 failed after 7 retries: <nil>
[2025-11-26T12:04:24Z] [[31merror[0m] [task_execution] Error executing task alibaba-gemm-128: task alibaba-gemm-128 failed after 7 retries: <nil>
[2025-11-26T12:04:24Z] [[31merror[0m] [task_execution] Error executing task alibaba-gemm-128: task alibaba-gemm-128 failed after 7 retries: <nil>
[2025-11-26T12:04:24Z] [[31merror[0m] [task_execution] Error executing task alibaba-gemm-128: task alibaba-gemm-128 failed after 7 retries: <nil>
[2025-11-26T12:04:24Z] [[31merror[0m] [task_execution] Error executing task alibaba-gemm-128: task alibaba-gemm-128 failed after 7 retries: <nil>
[2025-11-26T12:04:24Z] [[31merror[0m] [task_execution] Error executing task alibaba-gemm-128: task alibaba-gemm-128 failed after 7 retries: <nil>
[2025-11-26T12:04:24Z] [[31merror[0m] [task_execution] Error executing task alibaba-gemm-128: task alibaba-gemm-128 failed after 7 retries: <nil>
[2025-11-26T12:04:24Z] [[31merror[0m] [task_execution] Error executing task alibaba-gemm-128: task alibaba-gemm-128 failed after 7 retries: <nil>
[2025-11-26T12:04:24Z] [[31merror[0m] [task_execution] Error executing task alibaba-gemm-128: task alibaba-gemm-128 failed after 7 retries: <nil>
[2025-11-26T12:04:24Z] [[31merror[0m] [task_execution] Error executing task alibaba-gemm-128: task alibaba-gemm-128 failed after 7 retries: <nil>
[2025-11-26T12:04:24Z] [[31merror[0m] [task_execution] Error executing task alibaba-gemm-128: task alibaba-gemm-128 failed after 7 retries: <nil>
[2025-11-26T12:04:24Z] [[31merror[0m] [task_execution] Error executing task alibaba-gemm-128: task alibaba-gemm-128 failed after 7 retries: <nil>
[2025-11-26T12:04:24Z] [[31merror[0m] [task_execution] Error executing task alibaba-gemm-128: task alibaba-gemm-128 failed after 7 retries: <nil>
[2025-11-26T12:04:24Z] [[31merror[0m] [task_execution] Error executing task alibaba-gemm-128: task alibaba-gemm-128 failed after 7 retries: <nil>
[2025-11-26T12:04:24Z] [[31merror[0m] [task_execution] Error executing task alibaba-gemm-128: task alibaba-gemm-128 failed after 7 retries: <nil>
[2025-11-26T12:04:24Z] [[31merror[0m] [task_execution] Error executing task alibaba-gemm-128: task alibaba-gemm-128 failed after 7 retries: <nil>
[2025-11-26T12:04:24Z] [[31merror[0m] [task_execution] Error executing task alibaba-gemm-128: task alibaba-gemm-128 failed after 7 retries: <nil>
[2025-11-26T12:04:24Z] [[31merror[0m] [task_execution] Error executing task alibaba-gemm-128: task alibaba-gemm-128 failed after 7 retries: <nil>
[2025-11-26T12:04:24Z] [[31merror[0m] [task_execution] Error executing task alibaba-gemm-128: task alibaba-gemm-128 failed after 7 retries: <nil>
[2025-11-26T12:04:24Z] [[31merror[0m] [task_execution] Error executing task alibaba-gemm-128: task alibaba-gemm-128 failed after 7 retries: <nil>
[2025-11-26T12:04:24Z] [[31merror[0m] [task_execution] Error executing task alibaba-gemm-128: task alibaba-gemm-128 failed after 7 retries: <nil>
[2025-11-26T12:04:24Z] [[31merror[0m] [task_execution] Error executing task alibaba-gemm-128: task alibaba-gemm-128 failed after 7 retries: <nil>
[2025-11-26T12:04:24Z] [[31merror[0m] [task_execution] Error executing task alibaba-gemm-128: task alibaba-gemm-128 failed after 7 retries: <nil>
[2025-11-26T12:04:24Z] [[31merror[0m] [task_execution] Error executing task alibaba-gemm-128: task alibaba-gemm-128 failed after 7 retries: <nil>
[2025-11-26T12:04:24Z] [[31merror[0m] [task_execution] Error executing task alibaba-gemm-128: task alibaba-gemm-128 failed after 7 retries: <nil>
[2025-11-26T12:04:24Z] [[31merror[0m] [task_execution] Error executing task alibaba-gemm-128: task alibaba-gemm-128 failed after 7 retries: <nil>
[2025-11-26T12:04:24Z] [[31merror[0m] [task_execution] Error executing task alibaba-gemm-128: task alibaba-gemm-128 failed after 7 retries: <nil>
[2025-11-26T12:04:24Z] [[31merror[0m] [task_execution] Error executing task alibaba-gemm-128: task alibaba-gemm-128 failed after 7 retries: <nil>
[2025-11-26T12:04:24Z] [[31merror[0m] [task_execution] Error executing task alibaba-gemm-128: task alibaba-gemm-128 failed after 7 retries: <nil>
[2025-11-26T12:04:24Z] [[31merror[0m] [task_execution] Error executing task alibaba-gemm-128: task alibaba-gemm-128 failed after 7 retries: <nil>
[2025-11-26T12:04:24Z] [[31merror[0m] [task_execution] Error executing task alibaba-gemm-128: task alibaba-gemm-128 failed after 7 retries: <nil>
[2025-11-26T12:04:24Z] [[31merror[0m] [task_execution] Error executing task alibaba-gemm-128: task alibaba-gemm-128 failed after 7 retries: <nil>
[2025-11-26T12:04:24Z] [[31merror[0m] [task_execution] Error executing task alibaba-gemm-128: task alibaba-gemm-128 failed after 7 retries: <nil>
[2025-11-26T12:04:24Z] [[31merror[0m] [task_execution] Error executing task alibaba-gemm-128: task alibaba-gemm-128 failed after 7 retries: <nil>
[2025-11-26T12:04:24Z] [[31merror[0m] [task_execution] Error executing task alibaba-gemm-128: task alibaba-gemm-128 failed after 7 retries: <nil>
[2025-11-26T12:04:24Z] [[31merror[0m] [task_execution] Error executing task alibaba-gemm-128: task alibaba-gemm-128 failed after 7 retries: <nil>
[2025-11-26T12:04:24Z] [[31merror[0m] [task_execution] Error executing task alibaba-gemm-128: task alibaba-gemm-128 failed after 7 retries: <nil>
[2025-11-26T12:04:24Z] [[31merror[0m] [task_execution] Error executing task alibaba-gemm-128: task alibaba-gemm-128 failed after 7 retries: <nil>
[2025-11-26T12:04:24Z] [[31merror[0m] [task_execution] Error executing task alibaba-gemm-128: task alibaba-gemm-128 failed after 7 retries: <nil>
[2025-11-26T12:04:25Z] [[31merror[0m] [task_execution] Error executing task alibaba-gemm-128: task alibaba-gemm-128 failed after 7 retries: <nil>
[2025-11-26T12:04:25Z] [[31merror[0m] [task_execution] Error executing task alibaba-gemm-128: task alibaba-gemm-128 failed after 7 retries: <nil>
[2025-11-26T12:04:25Z] [[31merror[0m] [task_execution] Error executing task alibaba-gemm-128: task alibaba-gemm-128 failed after 7 retries: <nil>
[2025-11-26T12:04:26Z] [[31merror[0m] [task_execution] Error executing task alibaba-gemm-128: task alibaba-gemm-128 failed after 7 retries: <nil>
[2025-11-26T12:04:26Z] [[31merror[0m] [task_execution] Error executing task alibaba-gemm-128: task alibaba-gemm-128 failed after 7 retries: <nil>
[2025-11-26T12:04:26Z] [[31merror[0m] [task_execution] Error executing task alibaba-gemm-128: task alibaba-gemm-128 failed after 7 retries: <nil>
[2025-11-26T12:04:26Z] [[31merror[0m] [task_execution] Error executing task azure-gemm-2048: task azure-gemm-2048 failed after 7 retries: <nil>
[2025-11-26T12:04:26Z] [[31merror[0m] [task_execution] Error executing task alibaba-gemm-128: task alibaba-gemm-128 failed after 7 retries: <nil>
[2025-11-26T12:04:26Z] [[31merror[0m] [task_execution] Error executing task alibaba-gemm-128: task alibaba-gemm-128 failed after 7 retries: <nil>
[2025-11-26T12:04:26Z] [[31merror[0m] [task_execution] Error executing task alibaba-gemm-128: task alibaba-gemm-128 failed after 7 retries: <nil>
[2025-11-26T12:04:27Z] [[31merror[0m] [task_execution] Error executing task alibaba-gemm-128: task alibaba-gemm-128 failed after 7 retries: <nil>
[2025-11-26T12:04:27Z] [[31merror[0m] [task_execution] Error executing task alibaba-gemm-128: task alibaba-gemm-128 failed after 7 retries: <nil>
[2025-11-26T12:04:27Z] [[31merror[0m] [task_execution] Error executing task alibaba-gemm-128: task alibaba-gemm-128 failed after 7 retries: <nil>
[2025-11-26T12:04:28Z] [[31merror[0m] [task_execution] Error executing task alibaba-gemm-512: task alibaba-gemm-512 failed after 7 retries: <nil>
[2025-11-26T12:04:31Z] [[36minfo[0m] [function_finished] Finished benchmarking function azure-gemm-2048 and closed archiver
[2025-11-26T12:04:31Z] [[36minfo[0m] [progress_update] aws-us-east-1-aws-gemm-128-128-72: 1500/1500 tasks started.aws-us-east-1-aws-gemm-512-512-871: 1500/1500 tasks started.aws-us-east-1-aws-gemm-2048-2048-717: 1500/1500 tasks started.alibaba-us-east-1-alibaba-gemm-2048-2048-302: 1500/1500 tasks started.azure-germanywestcentral-azure-gemm-512-512-535: 1500/1500 tasks started.azure-germanywestcentral-azure-gemm-2048-2048-103: 1500/1500 tasks started.gcp-us-east1-gcp-gemm-512-512-288: 1500/1500 tasks started.alibaba-us-east-1-alibaba-gemm-128-128-789: 1500/1500 tasks started.alibaba-us-east-1-alibaba-gemm-512-512-822: 1500/1500 tasks started.gcp-us-east1-gcp-gemm-128-128-526: 1500/1500 tasks started.gcp-us-east1-gcp-gemm-2048-2048-619: 1500/1500 tasks started.
[2025-11-26T12:04:33Z] [[36minfo[0m] [function_finished] Finished benchmarking function alibaba-gemm-512 and closed archiver
[2025-11-26T12:04:41Z] [[36minfo[0m] [progress_update] aws-us-east-1-aws-gemm-512-512-871: 1500/1500 tasks started.aws-us-east-1-aws-gemm-2048-2048-717: 1500/1500 tasks started.alibaba-us-east-1-alibaba-gemm-2048-2048-302: 1500/1500 tasks started.azure-germanywestcentral-azure-gemm-512-512-535: 1500/1500 tasks started.azure-germanywestcentral-azure-gemm-2048-2048-103: 1500/1500 tasks started.gcp-us-east1-gcp-gemm-512-512-288: 1500/1500 tasks started.aws-us-east-1-aws-gemm-128-128-72: 1500/1500 tasks started.alibaba-us-east-1-alibaba-gemm-512-512-822: 1500/1500 tasks started.gcp-us-east1-gcp-gemm-128-128-526: 1500/1500 tasks started.gcp-us-east1-gcp-gemm-2048-2048-619: 1500/1500 tasks started.alibaba-us-east-1-alibaba-gemm-128-128-789: 1500/1500 tasks started.
[2025-11-26T12:04:42Z] [[31merror[0m] [task_execution] Error executing task alibaba-gemm-128: task alibaba-gemm-128 failed after 7 retries: <nil>
[2025-11-26T12:04:51Z] [[36minfo[0m] [progress_update] aws-us-east-1-aws-gemm-128-128-72: 1500/1500 tasks started.aws-us-east-1-aws-gemm-512-512-871: 1500/1500 tasks started.aws-us-east-1-aws-gemm-2048-2048-717: 1500/1500 tasks started.alibaba-us-east-1-alibaba-gemm-2048-2048-302: 1500/1500 tasks started.azure-germanywestcentral-azure-gemm-512-512-535: 1500/1500 tasks started.azure-germanywestcentral-azure-gemm-2048-2048-103: 1500/1500 tasks started.gcp-us-east1-gcp-gemm-512-512-288: 1500/1500 tasks started.alibaba-us-east-1-alibaba-gemm-128-128-789: 1500/1500 tasks started.alibaba-us-east-1-alibaba-gemm-512-512-822: 1500/1500 tasks started.gcp-us-east1-gcp-gemm-128-128-526: 1500/1500 tasks started.gcp-us-east1-gcp-gemm-2048-2048-619: 1500/1500 tasks started.
[2025-11-26T12:05:01Z] [[36minfo[0m] [progress_update] alibaba-us-east-1-alibaba-gemm-128-128-789: 1500/1500 tasks started.alibaba-us-east-1-alibaba-gemm-512-512-822: 1500/1500 tasks started.gcp-us-east1-gcp-gemm-128-128-526: 1500/1500 tasks started.gcp-us-east1-gcp-gemm-2048-2048-619: 1500/1500 tasks started.aws-us-east-1-aws-gemm-128-128-72: 1500/1500 tasks started.aws-us-east-1-aws-gemm-512-512-871: 1500/1500 tasks started.aws-us-east-1-aws-gemm-2048-2048-717: 1500/1500 tasks started.alibaba-us-east-1-alibaba-gemm-2048-2048-302: 1500/1500 tasks started.azure-germanywestcentral-azure-gemm-512-512-535: 1500/1500 tasks started.azure-germanywestcentral-azure-gemm-2048-2048-103: 1500/1500 tasks started.gcp-us-east1-gcp-gemm-512-512-288: 1500/1500 tasks started.
[2025-11-26T12:05:11Z] [[36minfo[0m] [progress_update] alibaba-us-east-1-alibaba-gemm-512-512-822: 1500/1500 tasks started.gcp-us-east1-gcp-gemm-128-128-526: 1500/1500 tasks started.gcp-us-east1-gcp-gemm-2048-2048-619: 1500/1500 tasks started.alibaba-us-east-1-alibaba-gemm-128-128-789: 1500/1500 tasks started.aws-us-east-1-aws-gemm-512-512-871: 1500/1500 tasks started.aws-us-east-1-aws-gemm-2048-2048-717: 1500/1500 tasks started.alibaba-us-east-1-alibaba-gemm-2048-2048-302: 1500/1500 tasks started.azure-germanywestcentral-azure-gemm-512-512-535: 1500/1500 tasks started.azure-germanywestcentral-azure-gemm-2048-2048-103: 1500/1500 tasks started.gcp-us-east1-gcp-gemm-512-512-288: 1500/1500 tasks started.aws-us-east-1-aws-gemm-128-128-72: 1500/1500 tasks started.
[2025-11-26T12:05:21Z] [[36minfo[0m] [progress_update] aws-us-east-1-aws-gemm-128-128-72: 1500/1500 tasks started.aws-us-east-1-aws-gemm-512-512-871: 1500/1500 tasks started.aws-us-east-1-aws-gemm-2048-2048-717: 1500/1500 tasks started.alibaba-us-east-1-alibaba-gemm-2048-2048-302: 1500/1500 tasks started.azure-germanywestcentral-azure-gemm-512-512-535: 1500/1500 tasks started.azure-germanywestcentral-azure-gemm-2048-2048-103: 1500/1500 tasks started.gcp-us-east1-gcp-gemm-512-512-288: 1500/1500 tasks started.alibaba-us-east-1-alibaba-gemm-128-128-789: 1500/1500 tasks started.alibaba-us-east-1-alibaba-gemm-512-512-822: 1500/1500 tasks started.gcp-us-east1-gcp-gemm-128-128-526: 1500/1500 tasks started.gcp-us-east1-gcp-gemm-2048-2048-619: 1500/1500 tasks started.
[2025-11-26T12:05:31Z] [[31merror[0m] [task_execution] Error executing task alibaba-gemm-128: task alibaba-gemm-128 failed after 7 retries: <nil>
[2025-11-26T12:05:31Z] [[36minfo[0m] [progress_update] aws-us-east-1-aws-gemm-512-512-871: 1500/1500 tasks started.aws-us-east-1-aws-gemm-2048-2048-717: 1500/1500 tasks started.alibaba-us-east-1-alibaba-gemm-2048-2048-302: 1500/1500 tasks started.azure-germanywestcentral-azure-gemm-512-512-535: 1500/1500 tasks started.azure-germanywestcentral-azure-gemm-2048-2048-103: 1500/1500 tasks started.gcp-us-east1-gcp-gemm-512-512-288: 1500/1500 tasks started.aws-us-east-1-aws-gemm-128-128-72: 1500/1500 tasks started.alibaba-us-east-1-alibaba-gemm-512-512-822: 1500/1500 tasks started.gcp-us-east1-gcp-gemm-128-128-526: 1500/1500 tasks started.gcp-us-east1-gcp-gemm-2048-2048-619: 1500/1500 tasks started.alibaba-us-east-1-alibaba-gemm-128-128-789: 1500/1500 tasks started.
[2025-11-26T12:05:41Z] [[36minfo[0m] [progress_update] azure-germanywestcentral-azure-gemm-2048-2048-103: 1500/1500 tasks started.gcp-us-east1-gcp-gemm-512-512-288: 1500/1500 tasks started.aws-us-east-1-aws-gemm-128-128-72: 1500/1500 tasks started.aws-us-east-1-aws-gemm-512-512-871: 1500/1500 tasks started.aws-us-east-1-aws-gemm-2048-2048-717: 1500/1500 tasks started.alibaba-us-east-1-alibaba-gemm-2048-2048-302: 1500/1500 tasks started.azure-germanywestcentral-azure-gemm-512-512-535: 1500/1500 tasks started.alibaba-us-east-1-alibaba-gemm-128-128-789: 1500/1500 tasks started.alibaba-us-east-1-alibaba-gemm-512-512-822: 1500/1500 tasks started.gcp-us-east1-gcp-gemm-128-128-526: 1500/1500 tasks started.gcp-us-east1-gcp-gemm-2048-2048-619: 1500/1500 tasks started.
[2025-11-26T12:05:51Z] [[31merror[0m] [task_execution] Error executing task alibaba-gemm-128: task alibaba-gemm-128 failed after 7 retries: <nil>
[2025-11-26T12:05:51Z] [[36minfo[0m] [progress_update] gcp-us-east1-gcp-gemm-2048-2048-619: 1500/1500 tasks started.alibaba-us-east-1-alibaba-gemm-128-128-789: 1500/1500 tasks started.alibaba-us-east-1-alibaba-gemm-512-512-822: 1500/1500 tasks started.gcp-us-east1-gcp-gemm-128-128-526: 1500/1500 tasks started.alibaba-us-east-1-alibaba-gemm-2048-2048-302: 1500/1500 tasks started.azure-germanywestcentral-azure-gemm-512-512-535: 1500/1500 tasks started.azure-germanywestcentral-azure-gemm-2048-2048-103: 1500/1500 tasks started.gcp-us-east1-gcp-gemm-512-512-288: 1500/1500 tasks started.aws-us-east-1-aws-gemm-128-128-72: 1500/1500 tasks started.aws-us-east-1-aws-gemm-512-512-871: 1500/1500 tasks started.aws-us-east-1-aws-gemm-2048-2048-717: 1500/1500 tasks started.
[2025-11-26T12:05:56Z] [[31merror[0m] [task_execution] Error executing task alibaba-gemm-128: task alibaba-gemm-128 failed after 7 retries: <nil>
[2025-11-26T12:06:01Z] [[36minfo[0m] [progress_update] gcp-us-east1-gcp-gemm-128-128-526: 1500/1500 tasks started.gcp-us-east1-gcp-gemm-2048-2048-619: 1500/1500 tasks started.alibaba-us-east-1-alibaba-gemm-128-128-789: 1500/1500 tasks started.alibaba-us-east-1-alibaba-gemm-512-512-822: 1500/1500 tasks started.aws-us-east-1-aws-gemm-2048-2048-717: 1500/1500 tasks started.alibaba-us-east-1-alibaba-gemm-2048-2048-302: 1500/1500 tasks started.azure-germanywestcentral-azure-gemm-512-512-535: 1500/1500 tasks started.azure-germanywestcentral-azure-gemm-2048-2048-103: 1500/1500 tasks started.gcp-us-east1-gcp-gemm-512-512-288: 1500/1500 tasks started.aws-us-east-1-aws-gemm-128-128-72: 1500/1500 tasks started.aws-us-east-1-aws-gemm-512-512-871: 1500/1500 tasks started.
[2025-11-26T12:06:11Z] [[36minfo[0m] [progress_update] alibaba-us-east-1-alibaba-gemm-512-512-822: 1500/1500 tasks started.gcp-us-east1-gcp-gemm-128-128-526: 1500/1500 tasks started.gcp-us-east1-gcp-gemm-2048-2048-619: 1500/1500 tasks started.alibaba-us-east-1-alibaba-gemm-128-128-789: 1500/1500 tasks started.aws-us-east-1-aws-gemm-512-512-871: 1500/1500 tasks started.aws-us-east-1-aws-gemm-2048-2048-717: 1500/1500 tasks started.alibaba-us-east-1-alibaba-gemm-2048-2048-302: 1500/1500 tasks started.azure-germanywestcentral-azure-gemm-512-512-535: 1500/1500 tasks started.azure-germanywestcentral-azure-gemm-2048-2048-103: 1500/1500 tasks started.gcp-us-east1-gcp-gemm-512-512-288: 1500/1500 tasks started.aws-us-east-1-aws-gemm-128-128-72: 1500/1500 tasks started.
[2025-11-26T12:06:21Z] [[36minfo[0m] [progress_update] gcp-us-east1-gcp-gemm-128-128-526: 1500/1500 tasks started.gcp-us-east1-gcp-gemm-2048-2048-619: 1500/1500 tasks started.alibaba-us-east-1-alibaba-gemm-128-128-789: 1500/1500 tasks started.alibaba-us-east-1-alibaba-gemm-512-512-822: 1500/1500 tasks started.aws-us-east-1-aws-gemm-2048-2048-717: 1500/1500 tasks started.alibaba-us-east-1-alibaba-gemm-2048-2048-302: 1500/1500 tasks started.azure-germanywestcentral-azure-gemm-512-512-535: 1500/1500 tasks started.azure-germanywestcentral-azure-gemm-2048-2048-103: 1500/1500 tasks started.gcp-us-east1-gcp-gemm-512-512-288: 1500/1500 tasks started.aws-us-east-1-aws-gemm-128-128-72: 1500/1500 tasks started.aws-us-east-1-aws-gemm-512-512-871: 1500/1500 tasks started.
[2025-11-26T12:06:31Z] [[36minfo[0m] [progress_update] gcp-us-east1-gcp-gemm-512-512-288: 1500/1500 tasks started.aws-us-east-1-aws-gemm-128-128-72: 1500/1500 tasks started.aws-us-east-1-aws-gemm-512-512-871: 1500/1500 tasks started.aws-us-east-1-aws-gemm-2048-2048-717: 1500/1500 tasks started.alibaba-us-east-1-alibaba-gemm-2048-2048-302: 1500/1500 tasks started.azure-germanywestcentral-azure-gemm-512-512-535: 1500/1500 tasks started.azure-germanywestcentral-azure-gemm-2048-2048-103: 1500/1500 tasks started.alibaba-us-east-1-alibaba-gemm-128-128-789: 1500/1500 tasks started.alibaba-us-east-1-alibaba-gemm-512-512-822: 1500/1500 tasks started.gcp-us-east1-gcp-gemm-128-128-526: 1500/1500 tasks started.gcp-us-east1-gcp-gemm-2048-2048-619: 1500/1500 tasks started.
[2025-11-26T12:06:41Z] [[36minfo[0m] [progress_update] alibaba-us-east-1-alibaba-gemm-128-128-789: 1500/1500 tasks started.alibaba-us-east-1-alibaba-gemm-512-512-822: 1500/1500 tasks started.gcp-us-east1-gcp-gemm-128-128-526: 1500/1500 tasks started.gcp-us-east1-gcp-gemm-2048-2048-619: 1500/1500 tasks started.azure-germanywestcentral-azure-gemm-512-512-535: 1500/1500 tasks started.azure-germanywestcentral-azure-gemm-2048-2048-103: 1500/1500 tasks started.gcp-us-east1-gcp-gemm-512-512-288: 1500/1500 tasks started.aws-us-east-1-aws-gemm-128-128-72: 1500/1500 tasks started.aws-us-east-1-aws-gemm-512-512-871: 1500/1500 tasks started.aws-us-east-1-aws-gemm-2048-2048-717: 1500/1500 tasks started.alibaba-us-east-1-alibaba-gemm-2048-2048-302: 1500/1500 tasks started.
[2025-11-26T12:06:51Z] [[36minfo[0m] [progress_update] aws-us-east-1-aws-gemm-512-512-871: 1500/1500 tasks started.aws-us-east-1-aws-gemm-2048-2048-717: 1500/1500 tasks started.alibaba-us-east-1-alibaba-gemm-2048-2048-302: 1500/1500 tasks started.azure-germanywestcentral-azure-gemm-512-512-535: 1500/1500 tasks started.azure-germanywestcentral-azure-gemm-2048-2048-103: 1500/1500 tasks started.gcp-us-east1-gcp-gemm-512-512-288: 1500/1500 tasks started.aws-us-east-1-aws-gemm-128-128-72: 1500/1500 tasks started.alibaba-us-east-1-alibaba-gemm-512-512-822: 1500/1500 tasks started.gcp-us-east1-gcp-gemm-128-128-526: 1500/1500 tasks started.gcp-us-east1-gcp-gemm-2048-2048-619: 1500/1500 tasks started.alibaba-us-east-1-alibaba-gemm-128-128-789: 1500/1500 tasks started.
[2025-11-26T12:07:01Z] [[36minfo[0m] [progress_update] aws-us-east-1-aws-gemm-2048-2048-717: 1500/1500 tasks started.alibaba-us-east-1-alibaba-gemm-2048-2048-302: 1500/1500 tasks started.azure-germanywestcentral-azure-gemm-512-512-535: 1500/1500 tasks started.azure-germanywestcentral-azure-gemm-2048-2048-103: 1500/1500 tasks started.gcp-us-east1-gcp-gemm-512-512-288: 1500/1500 tasks started.aws-us-east-1-aws-gemm-128-128-72: 1500/1500 tasks started.aws-us-east-1-aws-gemm-512-512-871: 1500/1500 tasks started.gcp-us-east1-gcp-gemm-128-128-526: 1500/1500 tasks started.gcp-us-east1-gcp-gemm-2048-2048-619: 1500/1500 tasks started.alibaba-us-east-1-alibaba-gemm-128-128-789: 1500/1500 tasks started.alibaba-us-east-1-alibaba-gemm-512-512-822: 1500/1500 tasks started.
[2025-11-26T12:07:11Z] [[36minfo[0m] [progress_update] aws-us-east-1-aws-gemm-128-128-72: 1500/1500 tasks started.aws-us-east-1-aws-gemm-512-512-871: 1500/1500 tasks started.aws-us-east-1-aws-gemm-2048-2048-717: 1500/1500 tasks started.alibaba-us-east-1-alibaba-gemm-2048-2048-302: 1500/1500 tasks started.azure-germanywestcentral-azure-gemm-512-512-535: 1500/1500 tasks started.azure-germanywestcentral-azure-gemm-2048-2048-103: 1500/1500 tasks started.gcp-us-east1-gcp-gemm-512-512-288: 1500/1500 tasks started.alibaba-us-east-1-alibaba-gemm-128-128-789: 1500/1500 tasks started.alibaba-us-east-1-alibaba-gemm-512-512-822: 1500/1500 tasks started.gcp-us-east1-gcp-gemm-128-128-526: 1500/1500 tasks started.gcp-us-east1-gcp-gemm-2048-2048-619: 1500/1500 tasks started.
[2025-11-26T12:07:21Z] [[36minfo[0m] [progress_update] gcp-us-east1-gcp-gemm-128-128-526: 1500/1500 tasks started.gcp-us-east1-gcp-gemm-2048-2048-619: 1500/1500 tasks started.alibaba-us-east-1-alibaba-gemm-128-128-789: 1500/1500 tasks started.alibaba-us-east-1-alibaba-gemm-512-512-822: 1500/1500 tasks started.aws-us-east-1-aws-gemm-2048-2048-717: 1500/1500 tasks started.alibaba-us-east-1-alibaba-gemm-2048-2048-302: 1500/1500 tasks started.azure-germanywestcentral-azure-gemm-512-512-535: 1500/1500 tasks started.azure-germanywestcentral-azure-gemm-2048-2048-103: 1500/1500 tasks started.gcp-us-east1-gcp-gemm-512-512-288: 1500/1500 tasks started.aws-us-east-1-aws-gemm-128-128-72: 1500/1500 tasks started.aws-us-east-1-aws-gemm-512-512-871: 1500/1500 tasks started.
[2025-11-26T12:07:31Z] [[36minfo[0m] [progress_update] alibaba-us-east-1-alibaba-gemm-128-128-789: 1500/1500 tasks started.alibaba-us-east-1-alibaba-gemm-512-512-822: 1500/1500 tasks started.gcp-us-east1-gcp-gemm-128-128-526: 1500/1500 tasks started.gcp-us-east1-gcp-gemm-2048-2048-619: 1500/1500 tasks started.gcp-us-east1-gcp-gemm-512-512-288: 1500/1500 tasks started.aws-us-east-1-aws-gemm-128-128-72: 1500/1500 tasks started.aws-us-east-1-aws-gemm-512-512-871: 1500/1500 tasks started.aws-us-east-1-aws-gemm-2048-2048-717: 1500/1500 tasks started.alibaba-us-east-1-alibaba-gemm-2048-2048-302: 1500/1500 tasks started.azure-germanywestcentral-azure-gemm-512-512-535: 1500/1500 tasks started.azure-germanywestcentral-azure-gemm-2048-2048-103: 1500/1500 tasks started.
[2025-11-26T12:07:41Z] [[36minfo[0m] [progress_update] alibaba-us-east-1-alibaba-gemm-128-128-789: 1500/1500 tasks started.alibaba-us-east-1-alibaba-gemm-512-512-822: 1500/1500 tasks started.gcp-us-east1-gcp-gemm-128-128-526: 1500/1500 tasks started.gcp-us-east1-gcp-gemm-2048-2048-619: 1500/1500 tasks started.azure-germanywestcentral-azure-gemm-512-512-535: 1500/1500 tasks started.azure-germanywestcentral-azure-gemm-2048-2048-103: 1500/1500 tasks started.gcp-us-east1-gcp-gemm-512-512-288: 1500/1500 tasks started.aws-us-east-1-aws-gemm-128-128-72: 1500/1500 tasks started.aws-us-east-1-aws-gemm-512-512-871: 1500/1500 tasks started.aws-us-east-1-aws-gemm-2048-2048-717: 1500/1500 tasks started.alibaba-us-east-1-alibaba-gemm-2048-2048-302: 1500/1500 tasks started.
[2025-11-26T12:07:51Z] [[36minfo[0m] [progress_update] alibaba-us-east-1-alibaba-gemm-128-128-789: 1500/1500 tasks started.alibaba-us-east-1-alibaba-gemm-512-512-822: 1500/1500 tasks started.gcp-us-east1-gcp-gemm-128-128-526: 1500/1500 tasks started.gcp-us-east1-gcp-gemm-2048-2048-619: 1500/1500 tasks started.aws-us-east-1-aws-gemm-128-128-72: 1500/1500 tasks started.aws-us-east-1-aws-gemm-512-512-871: 1500/1500 tasks started.aws-us-east-1-aws-gemm-2048-2048-717: 1500/1500 tasks started.alibaba-us-east-1-alibaba-gemm-2048-2048-302: 1500/1500 tasks started.azure-germanywestcentral-azure-gemm-512-512-535: 1500/1500 tasks started.azure-germanywestcentral-azure-gemm-2048-2048-103: 1500/1500 tasks started.gcp-us-east1-gcp-gemm-512-512-288: 1500/1500 tasks started.
[2025-11-26T12:08:01Z] [[36minfo[0m] [progress_update] gcp-us-east1-gcp-gemm-128-128-526: 1500/1500 tasks started.gcp-us-east1-gcp-gemm-2048-2048-619: 1500/1500 tasks started.alibaba-us-east-1-alibaba-gemm-128-128-789: 1500/1500 tasks started.alibaba-us-east-1-alibaba-gemm-512-512-822: 1500/1500 tasks started.aws-us-east-1-aws-gemm-2048-2048-717: 1500/1500 tasks started.alibaba-us-east-1-alibaba-gemm-2048-2048-302: 1500/1500 tasks started.azure-germanywestcentral-azure-gemm-512-512-535: 1500/1500 tasks started.azure-germanywestcentral-azure-gemm-2048-2048-103: 1500/1500 tasks started.gcp-us-east1-gcp-gemm-512-512-288: 1500/1500 tasks started.aws-us-east-1-aws-gemm-128-128-72: 1500/1500 tasks started.aws-us-east-1-aws-gemm-512-512-871: 1500/1500 tasks started.
[2025-11-26T12:08:02Z] [[31merror[0m] [task_execution] Error executing task alibaba-gemm-128: task alibaba-gemm-128 failed after 7 retries: <nil>
[2025-11-26T12:08:07Z] [[36minfo[0m] [function_finished] Finished benchmarking function alibaba-gemm-128 and closed archiver
[2025-11-26T12:08:09Z] [[36minfo[0m] [finish_timeline] Benchmark Timeline
