Validating functions...
[2025-11-26T20:00:01Z] [[36minfo[0m] [executor_setup] Setting up executor for aws-us-east-1-aws-gemm-128-128-997
[2025-11-26T20:00:01Z] [[36minfo[0m] [executor_setup] Setting up executor for aws-us-east-1-aws-gemm-512-512-333
[2025-11-26T20:00:01Z] [[36minfo[0m] [executor_setup] Setting up executor for aws-us-east-1-aws-gemm-2048-2048-755
[2025-11-26T20:00:01Z] [[36minfo[0m] [executor_setup] Setting up executor for alibaba-us-east-1-alibaba-gemm-128-128-338
[2025-11-26T20:00:01Z] [[36minfo[0m] [executor_setup] Setting up executor for alibaba-us-east-1-alibaba-gemm-512-512-45
[2025-11-26T20:00:01Z] [[36minfo[0m] [executor_setup] Setting up executor for alibaba-us-east-1-alibaba-gemm-2048-2048-102
[2025-11-26T20:00:01Z] [[36minfo[0m] [executor_setup] Setting up executor for azure-germanywestcentral-azure-gemm-512-512-132
[2025-11-26T20:00:01Z] [[36minfo[0m] [executor_setup] Setting up executor for azure-germanywestcentral-azure-gemm-2048-2048-223
[2025-11-26T20:00:01Z] [[36minfo[0m] [executor_setup] Setting up executor for gcp-us-east1-gcp-gemm-128-128-848
[2025-11-26T20:00:02Z] [[36minfo[0m] [executor_setup] Setting up executor for gcp-us-east1-gcp-gemm-512-512-98
[2025-11-26T20:00:02Z] [[36minfo[0m] [executor_setup] Setting up executor for gcp-us-east1-gcp-gemm-2048-2048-941
[2025-11-26T20:00:02Z] [[36minfo[0m] [start_timeline] Benchmark Timeline
[2025-11-26T20:00:02Z] [[36minfo[0m] [load_generator_start] (gcp: us-east1) Starting load generator with 250 workers
[2025-11-26T20:00:02Z] [[36minfo[0m] [load_generator_start] (aws: us-east-1) Starting load generator with 250 workers
[2025-11-26T20:00:02Z] [[36minfo[0m] [load_generator_start] (azure: germanywestcentral) Starting load generator with 250 workers
[2025-11-26T20:00:02Z] [[36minfo[0m] [load_generator_start] (aws: us-east-1) Starting load generator with 250 workers
[2025-11-26T20:00:02Z] [[36minfo[0m] [load_generator_start] (alibaba: us-east-1) Starting load generator with 250 workers
[2025-11-26T20:00:02Z] [[36minfo[0m] [load_generator_start] (alibaba: us-east-1) Starting load generator with 250 workers
[2025-11-26T20:00:02Z] [[36minfo[0m] [load_generator_start] (aws: us-east-1) Starting load generator with 250 workers
[2025-11-26T20:00:02Z] [[36minfo[0m] [load_generator_start] (alibaba: us-east-1) Starting load generator with 250 workers
[2025-11-26T20:00:02Z] [[36minfo[0m] [load_generator_start] (gcp: us-east1) Starting load generator with 250 workers
[2025-11-26T20:00:02Z] [[36minfo[0m] [load_generator_start] (azure: germanywestcentral) Starting load generator with 250 workers
[2025-11-26T20:00:02Z] [[36minfo[0m] [load_generator_start] (gcp: us-east1) Starting load generator with 250 workers
[2025-11-26T20:00:12Z] [[36minfo[0m] [progress_update] aws-us-east-1-aws-gemm-2048-2048-755: 672/1500 tasks started.alibaba-us-east-1-alibaba-gemm-128-128-338: 250/1500 tasks started.alibaba-us-east-1-alibaba-gemm-2048-2048-102: 1096/1500 tasks started.azure-germanywestcentral-azure-gemm-512-512-132: 481/1500 tasks started.azure-germanywestcentral-azure-gemm-2048-2048-223: 596/1500 tasks started.gcp-us-east1-gcp-gemm-2048-2048-941: 1028/1500 tasks started.aws-us-east-1-aws-gemm-128-128-997: 282/1500 tasks started.alibaba-us-east-1-alibaba-gemm-512-512-45: 539/1500 tasks started.gcp-us-east1-gcp-gemm-128-128-848: 277/1500 tasks started.gcp-us-east1-gcp-gemm-512-512-98: 626/1500 tasks started.aws-us-east-1-aws-gemm-512-512-333: 670/1500 tasks started.
[2025-11-26T20:00:22Z] [[36minfo[0m] [progress_update] aws-us-east-1-aws-gemm-512-512-333: 1151/1500 tasks started.alibaba-us-east-1-alibaba-gemm-512-512-45: 1008/1500 tasks started.gcp-us-east1-gcp-gemm-128-128-848: 414/1500 tasks started.gcp-us-east1-gcp-gemm-512-512-98: 986/1500 tasks started.azure-germanywestcentral-azure-gemm-512-512-132: 578/1500 tasks started.azure-germanywestcentral-azure-gemm-2048-2048-223: 597/1500 tasks started.gcp-us-east1-gcp-gemm-2048-2048-941: 1099/1500 tasks started.aws-us-east-1-aws-gemm-128-128-997: 488/1500 tasks started.aws-us-east-1-aws-gemm-2048-2048-755: 1496/1500 tasks started.alibaba-us-east-1-alibaba-gemm-128-128-338: 250/1500 tasks started.alibaba-us-east-1-alibaba-gemm-2048-2048-102: 1500/1500 tasks started.
[2025-11-26T20:00:32Z] [[36minfo[0m] [progress_update] azure-germanywestcentral-azure-gemm-2048-2048-223: 1406/1500 tasks started.gcp-us-east1-gcp-gemm-2048-2048-941: 1296/1500 tasks started.aws-us-east-1-aws-gemm-128-128-997: 677/1500 tasks started.aws-us-east-1-aws-gemm-2048-2048-755: 1500/1500 tasks started.alibaba-us-east-1-alibaba-gemm-128-128-338: 250/1500 tasks started.alibaba-us-east-1-alibaba-gemm-2048-2048-102: 1500/1500 tasks started.azure-germanywestcentral-azure-gemm-512-512-132: 947/1500 tasks started.aws-us-east-1-aws-gemm-512-512-333: 1500/1500 tasks started.alibaba-us-east-1-alibaba-gemm-512-512-45: 1500/1500 tasks started.gcp-us-east1-gcp-gemm-128-128-848: 566/1500 tasks started.gcp-us-east1-gcp-gemm-512-512-98: 1052/1500 tasks started.
[2025-11-26T20:00:42Z] [[36minfo[0m] [progress_update] aws-us-east-1-aws-gemm-512-512-333: 1500/1500 tasks started.alibaba-us-east-1-alibaba-gemm-512-512-45: 1500/1500 tasks started.gcp-us-east1-gcp-gemm-128-128-848: 772/1500 tasks started.gcp-us-east1-gcp-gemm-512-512-98: 1293/1500 tasks started.azure-germanywestcentral-azure-gemm-2048-2048-223: 1500/1500 tasks started.gcp-us-east1-gcp-gemm-2048-2048-941: 1500/1500 tasks started.aws-us-east-1-aws-gemm-128-128-997: 840/1500 tasks started.aws-us-east-1-aws-gemm-2048-2048-755: 1500/1500 tasks started.alibaba-us-east-1-alibaba-gemm-128-128-338: 250/1500 tasks started.alibaba-us-east-1-alibaba-gemm-2048-2048-102: 1500/1500 tasks started.azure-germanywestcentral-azure-gemm-512-512-132: 1254/1500 tasks started.
[2025-11-26T20:00:49Z] [[36minfo[0m] [function_finished] Finished benchmarking function aws-gemm-512 and closed archiver
[2025-11-26T20:00:49Z] [[36minfo[0m] [function_finished] Finished benchmarking function aws-gemm-2048 and closed archiver
[2025-11-26T20:00:52Z] [[36minfo[0m] [progress_update] aws-us-east-1-aws-gemm-2048-2048-755: 1500/1500 tasks started.alibaba-us-east-1-alibaba-gemm-128-128-338: 250/1500 tasks started.alibaba-us-east-1-alibaba-gemm-2048-2048-102: 1500/1500 tasks started.azure-germanywestcentral-azure-gemm-512-512-132: 1500/1500 tasks started.azure-germanywestcentral-azure-gemm-2048-2048-223: 1500/1500 tasks started.gcp-us-east1-gcp-gemm-2048-2048-941: 1500/1500 tasks started.aws-us-east-1-aws-gemm-128-128-997: 1067/1500 tasks started.alibaba-us-east-1-alibaba-gemm-512-512-45: 1500/1500 tasks started.gcp-us-east1-gcp-gemm-128-128-848: 962/1500 tasks started.gcp-us-east1-gcp-gemm-512-512-98: 1500/1500 tasks started.aws-us-east-1-aws-gemm-512-512-333: 1500/1500 tasks started.
[2025-11-26T20:01:02Z] [[36minfo[0m] [progress_update] alibaba-us-east-1-alibaba-gemm-128-128-338: 250/1500 tasks started.alibaba-us-east-1-alibaba-gemm-2048-2048-102: 1500/1500 tasks started.azure-germanywestcentral-azure-gemm-512-512-132: 1500/1500 tasks started.azure-germanywestcentral-azure-gemm-2048-2048-223: 1500/1500 tasks started.gcp-us-east1-gcp-gemm-2048-2048-941: 1500/1500 tasks started.aws-us-east-1-aws-gemm-128-128-997: 1316/1500 tasks started.aws-us-east-1-aws-gemm-2048-2048-755: 1500/1500 tasks started.gcp-us-east1-gcp-gemm-128-128-848: 1172/1500 tasks started.gcp-us-east1-gcp-gemm-512-512-98: 1500/1500 tasks started.aws-us-east-1-aws-gemm-512-512-333: 1500/1500 tasks started.alibaba-us-east-1-alibaba-gemm-512-512-45: 1500/1500 tasks started.
[2025-11-26T20:01:12Z] [[36minfo[0m] [progress_update] aws-us-east-1-aws-gemm-128-128-997: 1500/1500 tasks started.aws-us-east-1-aws-gemm-2048-2048-755: 1500/1500 tasks started.alibaba-us-east-1-alibaba-gemm-128-128-338: 250/1500 tasks started.alibaba-us-east-1-alibaba-gemm-2048-2048-102: 1500/1500 tasks started.azure-germanywestcentral-azure-gemm-512-512-132: 1500/1500 tasks started.azure-germanywestcentral-azure-gemm-2048-2048-223: 1500/1500 tasks started.gcp-us-east1-gcp-gemm-2048-2048-941: 1500/1500 tasks started.aws-us-east-1-aws-gemm-512-512-333: 1500/1500 tasks started.alibaba-us-east-1-alibaba-gemm-512-512-45: 1500/1500 tasks started.gcp-us-east1-gcp-gemm-128-128-848: 1409/1500 tasks started.gcp-us-east1-gcp-gemm-512-512-98: 1500/1500 tasks started.
[2025-11-26T20:01:17Z] [[36minfo[0m] [function_finished] Finished benchmarking function alibaba-gemm-2048 and closed archiver
[2025-11-26T20:01:22Z] [[36minfo[0m] [progress_update] aws-us-east-1-aws-gemm-512-512-333: 1500/1500 tasks started.alibaba-us-east-1-alibaba-gemm-512-512-45: 1500/1500 tasks started.gcp-us-east1-gcp-gemm-128-128-848: 1500/1500 tasks started.gcp-us-east1-gcp-gemm-512-512-98: 1500/1500 tasks started.azure-germanywestcentral-azure-gemm-512-512-132: 1500/1500 tasks started.azure-germanywestcentral-azure-gemm-2048-2048-223: 1500/1500 tasks started.gcp-us-east1-gcp-gemm-2048-2048-941: 1500/1500 tasks started.aws-us-east-1-aws-gemm-128-128-997: 1500/1500 tasks started.aws-us-east-1-aws-gemm-2048-2048-755: 1500/1500 tasks started.alibaba-us-east-1-alibaba-gemm-128-128-338: 250/1500 tasks started.alibaba-us-east-1-alibaba-gemm-2048-2048-102: 1500/1500 tasks started.
[2025-11-26T20:01:30Z] [[36minfo[0m] [function_finished] Finished benchmarking function aws-gemm-128 and closed archiver
[2025-11-26T20:01:32Z] [[36minfo[0m] [progress_update] aws-us-east-1-aws-gemm-512-512-333: 1500/1500 tasks started.alibaba-us-east-1-alibaba-gemm-512-512-45: 1500/1500 tasks started.gcp-us-east1-gcp-gemm-128-128-848: 1500/1500 tasks started.gcp-us-east1-gcp-gemm-512-512-98: 1500/1500 tasks started.aws-us-east-1-aws-gemm-128-128-997: 1500/1500 tasks started.aws-us-east-1-aws-gemm-2048-2048-755: 1500/1500 tasks started.alibaba-us-east-1-alibaba-gemm-128-128-338: 250/1500 tasks started.alibaba-us-east-1-alibaba-gemm-2048-2048-102: 1500/1500 tasks started.azure-germanywestcentral-azure-gemm-512-512-132: 1500/1500 tasks started.azure-germanywestcentral-azure-gemm-2048-2048-223: 1500/1500 tasks started.gcp-us-east1-gcp-gemm-2048-2048-941: 1500/1500 tasks started.
[2025-11-26T20:01:35Z] [[36minfo[0m] [function_finished] Finished benchmarking function gcp-gemm-512 and closed archiver
[2025-11-26T20:01:40Z] [[36minfo[0m] [function_finished] Finished benchmarking function gcp-gemm-128 and closed archiver
[2025-11-26T20:01:41Z] [[36minfo[0m] [function_finished] Finished benchmarking function gcp-gemm-2048 and closed archiver
[2025-11-26T20:01:42Z] [[36minfo[0m] [progress_update] aws-us-east-1-aws-gemm-2048-2048-755: 1500/1500 tasks started.alibaba-us-east-1-alibaba-gemm-128-128-338: 250/1500 tasks started.alibaba-us-east-1-alibaba-gemm-2048-2048-102: 1500/1500 tasks started.azure-germanywestcentral-azure-gemm-512-512-132: 1500/1500 tasks started.azure-germanywestcentral-azure-gemm-2048-2048-223: 1500/1500 tasks started.gcp-us-east1-gcp-gemm-2048-2048-941: 1500/1500 tasks started.aws-us-east-1-aws-gemm-128-128-997: 1500/1500 tasks started.alibaba-us-east-1-alibaba-gemm-512-512-45: 1500/1500 tasks started.gcp-us-east1-gcp-gemm-128-128-848: 1500/1500 tasks started.gcp-us-east1-gcp-gemm-512-512-98: 1500/1500 tasks started.aws-us-east-1-aws-gemm-512-512-333: 1500/1500 tasks started.
[2025-11-26T20:01:52Z] [[36minfo[0m] [progress_update] aws-us-east-1-aws-gemm-512-512-333: 1500/1500 tasks started.alibaba-us-east-1-alibaba-gemm-512-512-45: 1500/1500 tasks started.gcp-us-east1-gcp-gemm-128-128-848: 1500/1500 tasks started.gcp-us-east1-gcp-gemm-512-512-98: 1500/1500 tasks started.azure-germanywestcentral-azure-gemm-512-512-132: 1500/1500 tasks started.azure-germanywestcentral-azure-gemm-2048-2048-223: 1500/1500 tasks started.gcp-us-east1-gcp-gemm-2048-2048-941: 1500/1500 tasks started.aws-us-east-1-aws-gemm-128-128-997: 1500/1500 tasks started.aws-us-east-1-aws-gemm-2048-2048-755: 1500/1500 tasks started.alibaba-us-east-1-alibaba-gemm-128-128-338: 250/1500 tasks started.alibaba-us-east-1-alibaba-gemm-2048-2048-102: 1500/1500 tasks started.
[2025-11-26T20:02:02Z] [[36minfo[0m] [progress_update] gcp-us-east1-gcp-gemm-2048-2048-941: 1500/1500 tasks started.aws-us-east-1-aws-gemm-128-128-997: 1500/1500 tasks started.aws-us-east-1-aws-gemm-2048-2048-755: 1500/1500 tasks started.alibaba-us-east-1-alibaba-gemm-128-128-338: 250/1500 tasks started.alibaba-us-east-1-alibaba-gemm-2048-2048-102: 1500/1500 tasks started.azure-germanywestcentral-azure-gemm-512-512-132: 1500/1500 tasks started.azure-germanywestcentral-azure-gemm-2048-2048-223: 1500/1500 tasks started.aws-us-east-1-aws-gemm-512-512-333: 1500/1500 tasks started.alibaba-us-east-1-alibaba-gemm-512-512-45: 1500/1500 tasks started.gcp-us-east1-gcp-gemm-128-128-848: 1500/1500 tasks started.gcp-us-east1-gcp-gemm-512-512-98: 1500/1500 tasks started.
[2025-11-26T20:02:12Z] [[36minfo[0m] [progress_update] aws-us-east-1-aws-gemm-512-512-333: 1500/1500 tasks started.alibaba-us-east-1-alibaba-gemm-512-512-45: 1500/1500 tasks started.gcp-us-east1-gcp-gemm-128-128-848: 1500/1500 tasks started.gcp-us-east1-gcp-gemm-512-512-98: 1500/1500 tasks started.aws-us-east-1-aws-gemm-128-128-997: 1500/1500 tasks started.aws-us-east-1-aws-gemm-2048-2048-755: 1500/1500 tasks started.alibaba-us-east-1-alibaba-gemm-128-128-338: 250/1500 tasks started.alibaba-us-east-1-alibaba-gemm-2048-2048-102: 1500/1500 tasks started.azure-germanywestcentral-azure-gemm-512-512-132: 1500/1500 tasks started.azure-germanywestcentral-azure-gemm-2048-2048-223: 1500/1500 tasks started.gcp-us-east1-gcp-gemm-2048-2048-941: 1500/1500 tasks started.
[2025-11-26T20:02:22Z] [[36minfo[0m] [progress_update] aws-us-east-1-aws-gemm-512-512-333: 1500/1500 tasks started.alibaba-us-east-1-alibaba-gemm-512-512-45: 1500/1500 tasks started.gcp-us-east1-gcp-gemm-128-128-848: 1500/1500 tasks started.gcp-us-east1-gcp-gemm-512-512-98: 1500/1500 tasks started.azure-germanywestcentral-azure-gemm-512-512-132: 1500/1500 tasks started.azure-germanywestcentral-azure-gemm-2048-2048-223: 1500/1500 tasks started.gcp-us-east1-gcp-gemm-2048-2048-941: 1500/1500 tasks started.aws-us-east-1-aws-gemm-128-128-997: 1500/1500 tasks started.aws-us-east-1-aws-gemm-2048-2048-755: 1500/1500 tasks started.alibaba-us-east-1-alibaba-gemm-128-128-338: 250/1500 tasks started.alibaba-us-east-1-alibaba-gemm-2048-2048-102: 1500/1500 tasks started.
[2025-11-26T20:02:26Z] [[36minfo[0m] [function_finished] Finished benchmarking function azure-gemm-2048 and closed archiver
[2025-11-26T20:02:32Z] [[36minfo[0m] [progress_update] azure-germanywestcentral-azure-gemm-2048-2048-223: 1500/1500 tasks started.gcp-us-east1-gcp-gemm-2048-2048-941: 1500/1500 tasks started.aws-us-east-1-aws-gemm-128-128-997: 1500/1500 tasks started.aws-us-east-1-aws-gemm-2048-2048-755: 1500/1500 tasks started.alibaba-us-east-1-alibaba-gemm-128-128-338: 250/1500 tasks started.alibaba-us-east-1-alibaba-gemm-2048-2048-102: 1500/1500 tasks started.azure-germanywestcentral-azure-gemm-512-512-132: 1500/1500 tasks started.aws-us-east-1-aws-gemm-512-512-333: 1500/1500 tasks started.alibaba-us-east-1-alibaba-gemm-512-512-45: 1500/1500 tasks started.gcp-us-east1-gcp-gemm-128-128-848: 1500/1500 tasks started.gcp-us-east1-gcp-gemm-512-512-98: 1500/1500 tasks started.
[2025-11-26T20:02:34Z] [[36minfo[0m] [function_finished] Finished benchmarking function alibaba-gemm-512 and closed archiver
[2025-11-26T20:02:42Z] [[36minfo[0m] [progress_update] alibaba-us-east-1-alibaba-gemm-2048-2048-102: 1500/1500 tasks started.azure-germanywestcentral-azure-gemm-512-512-132: 1500/1500 tasks started.azure-germanywestcentral-azure-gemm-2048-2048-223: 1500/1500 tasks started.gcp-us-east1-gcp-gemm-2048-2048-941: 1500/1500 tasks started.aws-us-east-1-aws-gemm-128-128-997: 1500/1500 tasks started.aws-us-east-1-aws-gemm-2048-2048-755: 1500/1500 tasks started.alibaba-us-east-1-alibaba-gemm-128-128-338: 250/1500 tasks started.gcp-us-east1-gcp-gemm-512-512-98: 1500/1500 tasks started.aws-us-east-1-aws-gemm-512-512-333: 1500/1500 tasks started.alibaba-us-east-1-alibaba-gemm-512-512-45: 1500/1500 tasks started.gcp-us-east1-gcp-gemm-128-128-848: 1500/1500 tasks started.
[2025-11-26T20:02:52Z] [[36minfo[0m] [progress_update] gcp-us-east1-gcp-gemm-2048-2048-941: 1500/1500 tasks started.aws-us-east-1-aws-gemm-128-128-997: 1500/1500 tasks started.aws-us-east-1-aws-gemm-2048-2048-755: 1500/1500 tasks started.alibaba-us-east-1-alibaba-gemm-128-128-338: 250/1500 tasks started.alibaba-us-east-1-alibaba-gemm-2048-2048-102: 1500/1500 tasks started.azure-germanywestcentral-azure-gemm-512-512-132: 1500/1500 tasks started.azure-germanywestcentral-azure-gemm-2048-2048-223: 1500/1500 tasks started.aws-us-east-1-aws-gemm-512-512-333: 1500/1500 tasks started.alibaba-us-east-1-alibaba-gemm-512-512-45: 1500/1500 tasks started.gcp-us-east1-gcp-gemm-128-128-848: 1500/1500 tasks started.gcp-us-east1-gcp-gemm-512-512-98: 1500/1500 tasks started.
[2025-11-26T20:03:02Z] [[36minfo[0m] [progress_update] aws-us-east-1-aws-gemm-128-128-997: 1500/1500 tasks started.aws-us-east-1-aws-gemm-2048-2048-755: 1500/1500 tasks started.alibaba-us-east-1-alibaba-gemm-128-128-338: 250/1500 tasks started.alibaba-us-east-1-alibaba-gemm-2048-2048-102: 1500/1500 tasks started.azure-germanywestcentral-azure-gemm-512-512-132: 1500/1500 tasks started.azure-germanywestcentral-azure-gemm-2048-2048-223: 1500/1500 tasks started.gcp-us-east1-gcp-gemm-2048-2048-941: 1500/1500 tasks started.aws-us-east-1-aws-gemm-512-512-333: 1500/1500 tasks started.alibaba-us-east-1-alibaba-gemm-512-512-45: 1500/1500 tasks started.gcp-us-east1-gcp-gemm-128-128-848: 1500/1500 tasks started.gcp-us-east1-gcp-gemm-512-512-98: 1500/1500 tasks started.
[2025-11-26T20:03:12Z] [[36minfo[0m] [progress_update] aws-us-east-1-aws-gemm-512-512-333: 1500/1500 tasks started.alibaba-us-east-1-alibaba-gemm-512-512-45: 1500/1500 tasks started.gcp-us-east1-gcp-gemm-128-128-848: 1500/1500 tasks started.gcp-us-east1-gcp-gemm-512-512-98: 1500/1500 tasks started.azure-germanywestcentral-azure-gemm-512-512-132: 1500/1500 tasks started.azure-germanywestcentral-azure-gemm-2048-2048-223: 1500/1500 tasks started.gcp-us-east1-gcp-gemm-2048-2048-941: 1500/1500 tasks started.aws-us-east-1-aws-gemm-128-128-997: 1500/1500 tasks started.aws-us-east-1-aws-gemm-2048-2048-755: 1500/1500 tasks started.alibaba-us-east-1-alibaba-gemm-128-128-338: 250/1500 tasks started.alibaba-us-east-1-alibaba-gemm-2048-2048-102: 1500/1500 tasks started.
[2025-11-26T20:03:22Z] [[36minfo[0m] [progress_update] aws-us-east-1-aws-gemm-512-512-333: 1500/1500 tasks started.alibaba-us-east-1-alibaba-gemm-512-512-45: 1500/1500 tasks started.gcp-us-east1-gcp-gemm-128-128-848: 1500/1500 tasks started.gcp-us-east1-gcp-gemm-512-512-98: 1500/1500 tasks started.azure-germanywestcentral-azure-gemm-2048-2048-223: 1500/1500 tasks started.gcp-us-east1-gcp-gemm-2048-2048-941: 1500/1500 tasks started.aws-us-east-1-aws-gemm-128-128-997: 1500/1500 tasks started.aws-us-east-1-aws-gemm-2048-2048-755: 1500/1500 tasks started.alibaba-us-east-1-alibaba-gemm-128-128-338: 250/1500 tasks started.alibaba-us-east-1-alibaba-gemm-2048-2048-102: 1500/1500 tasks started.azure-germanywestcentral-azure-gemm-512-512-132: 1500/1500 tasks started.
[2025-11-26T20:03:32Z] [[36minfo[0m] [progress_update] alibaba-us-east-1-alibaba-gemm-2048-2048-102: 1500/1500 tasks started.azure-germanywestcentral-azure-gemm-512-512-132: 1500/1500 tasks started.azure-germanywestcentral-azure-gemm-2048-2048-223: 1500/1500 tasks started.gcp-us-east1-gcp-gemm-2048-2048-941: 1500/1500 tasks started.aws-us-east-1-aws-gemm-128-128-997: 1500/1500 tasks started.aws-us-east-1-aws-gemm-2048-2048-755: 1500/1500 tasks started.alibaba-us-east-1-alibaba-gemm-128-128-338: 250/1500 tasks started.gcp-us-east1-gcp-gemm-512-512-98: 1500/1500 tasks started.aws-us-east-1-aws-gemm-512-512-333: 1500/1500 tasks started.alibaba-us-east-1-alibaba-gemm-512-512-45: 1500/1500 tasks started.gcp-us-east1-gcp-gemm-128-128-848: 1500/1500 tasks started.
[2025-11-26T20:03:42Z] [[36minfo[0m] [progress_update] alibaba-us-east-1-alibaba-gemm-128-128-338: 250/1500 tasks started.alibaba-us-east-1-alibaba-gemm-2048-2048-102: 1500/1500 tasks started.azure-germanywestcentral-azure-gemm-512-512-132: 1500/1500 tasks started.azure-germanywestcentral-azure-gemm-2048-2048-223: 1500/1500 tasks started.gcp-us-east1-gcp-gemm-2048-2048-941: 1500/1500 tasks started.aws-us-east-1-aws-gemm-128-128-997: 1500/1500 tasks started.aws-us-east-1-aws-gemm-2048-2048-755: 1500/1500 tasks started.gcp-us-east1-gcp-gemm-128-128-848: 1500/1500 tasks started.gcp-us-east1-gcp-gemm-512-512-98: 1500/1500 tasks started.aws-us-east-1-aws-gemm-512-512-333: 1500/1500 tasks started.alibaba-us-east-1-alibaba-gemm-512-512-45: 1500/1500 tasks started.
[2025-11-26T20:03:52Z] [[36minfo[0m] [progress_update] alibaba-us-east-1-alibaba-gemm-512-512-45: 1500/1500 tasks started.gcp-us-east1-gcp-gemm-128-128-848: 1500/1500 tasks started.gcp-us-east1-gcp-gemm-512-512-98: 1500/1500 tasks started.aws-us-east-1-aws-gemm-512-512-333: 1500/1500 tasks started.aws-us-east-1-aws-gemm-2048-2048-755: 1500/1500 tasks started.alibaba-us-east-1-alibaba-gemm-128-128-338: 250/1500 tasks started.alibaba-us-east-1-alibaba-gemm-2048-2048-102: 1500/1500 tasks started.azure-germanywestcentral-azure-gemm-512-512-132: 1500/1500 tasks started.azure-germanywestcentral-azure-gemm-2048-2048-223: 1500/1500 tasks started.gcp-us-east1-gcp-gemm-2048-2048-941: 1500/1500 tasks started.aws-us-east-1-aws-gemm-128-128-997: 1500/1500 tasks started.
[2025-11-26T20:04:02Z] [[36minfo[0m] [progress_update] alibaba-us-east-1-alibaba-gemm-128-128-338: 250/1500 tasks started.alibaba-us-east-1-alibaba-gemm-2048-2048-102: 1500/1500 tasks started.azure-germanywestcentral-azure-gemm-512-512-132: 1500/1500 tasks started.azure-germanywestcentral-azure-gemm-2048-2048-223: 1500/1500 tasks started.gcp-us-east1-gcp-gemm-2048-2048-941: 1500/1500 tasks started.aws-us-east-1-aws-gemm-128-128-997: 1500/1500 tasks started.aws-us-east-1-aws-gemm-2048-2048-755: 1500/1500 tasks started.gcp-us-east1-gcp-gemm-128-128-848: 1500/1500 tasks started.gcp-us-east1-gcp-gemm-512-512-98: 1500/1500 tasks started.aws-us-east-1-aws-gemm-512-512-333: 1500/1500 tasks started.alibaba-us-east-1-alibaba-gemm-512-512-45: 1500/1500 tasks started.
[2025-11-26T20:04:12Z] [[36minfo[0m] [progress_update] aws-us-east-1-aws-gemm-512-512-333: 1500/1500 tasks started.alibaba-us-east-1-alibaba-gemm-512-512-45: 1500/1500 tasks started.gcp-us-east1-gcp-gemm-128-128-848: 1500/1500 tasks started.gcp-us-east1-gcp-gemm-512-512-98: 1500/1500 tasks started.azure-germanywestcentral-azure-gemm-2048-2048-223: 1500/1500 tasks started.gcp-us-east1-gcp-gemm-2048-2048-941: 1500/1500 tasks started.aws-us-east-1-aws-gemm-128-128-997: 1500/1500 tasks started.aws-us-east-1-aws-gemm-2048-2048-755: 1500/1500 tasks started.alibaba-us-east-1-alibaba-gemm-128-128-338: 250/1500 tasks started.alibaba-us-east-1-alibaba-gemm-2048-2048-102: 1500/1500 tasks started.azure-germanywestcentral-azure-gemm-512-512-132: 1500/1500 tasks started.
[2025-11-26T20:04:22Z] [[36minfo[0m] [progress_update] alibaba-us-east-1-alibaba-gemm-512-512-45: 1500/1500 tasks started.gcp-us-east1-gcp-gemm-128-128-848: 1500/1500 tasks started.gcp-us-east1-gcp-gemm-512-512-98: 1500/1500 tasks started.aws-us-east-1-aws-gemm-512-512-333: 1500/1500 tasks started.aws-us-east-1-aws-gemm-2048-2048-755: 1500/1500 tasks started.alibaba-us-east-1-alibaba-gemm-128-128-338: 250/1500 tasks started.alibaba-us-east-1-alibaba-gemm-2048-2048-102: 1500/1500 tasks started.azure-germanywestcentral-azure-gemm-512-512-132: 1500/1500 tasks started.azure-germanywestcentral-azure-gemm-2048-2048-223: 1500/1500 tasks started.gcp-us-east1-gcp-gemm-2048-2048-941: 1500/1500 tasks started.aws-us-east-1-aws-gemm-128-128-997: 1500/1500 tasks started.
[2025-11-26T20:04:24Z] [[31merror[0m] [task_execution] Error executing task alibaba-gemm-128: task alibaba-gemm-128 failed after 7 retries: <nil>
[2025-11-26T20:04:24Z] [[31merror[0m] [task_execution] Error executing task alibaba-gemm-128: task alibaba-gemm-128 failed after 7 retries: <nil>
[2025-11-26T20:04:24Z] [[31merror[0m] [task_execution] Error executing task alibaba-gemm-128: task alibaba-gemm-128 failed after 7 retries: <nil>
[2025-11-26T20:04:24Z] [[31merror[0m] [task_execution] Error executing task alibaba-gemm-128: task alibaba-gemm-128 failed after 7 retries: <nil>
[2025-11-26T20:04:24Z] [[31merror[0m] [task_execution] Error executing task alibaba-gemm-128: task alibaba-gemm-128 failed after 7 retries: <nil>
[2025-11-26T20:04:24Z] [[31merror[0m] [task_execution] Error executing task alibaba-gemm-128: task alibaba-gemm-128 failed after 7 retries: <nil>
[2025-11-26T20:04:24Z] [[31merror[0m] [task_execution] Error executing task alibaba-gemm-128: task alibaba-gemm-128 failed after 7 retries: <nil>
[2025-11-26T20:04:24Z] [[31merror[0m] [task_execution] Error executing task alibaba-gemm-128: task alibaba-gemm-128 failed after 7 retries: <nil>
[2025-11-26T20:04:24Z] [[31merror[0m] [task_execution] Error executing task alibaba-gemm-128: task alibaba-gemm-128 failed after 7 retries: <nil>
[2025-11-26T20:04:24Z] [[31merror[0m] [task_execution] Error executing task alibaba-gemm-128: task alibaba-gemm-128 failed after 7 retries: <nil>
[2025-11-26T20:04:24Z] [[31merror[0m] [task_execution] Error executing task alibaba-gemm-128: task alibaba-gemm-128 failed after 7 retries: <nil>
[2025-11-26T20:04:24Z] [[31merror[0m] [task_execution] Error executing task alibaba-gemm-128: task alibaba-gemm-128 failed after 7 retries: <nil>
[2025-11-26T20:04:24Z] [[31merror[0m] [task_execution] Error executing task alibaba-gemm-128: task alibaba-gemm-128 failed after 7 retries: <nil>
[2025-11-26T20:04:24Z] [[31merror[0m] [task_execution] Error executing task alibaba-gemm-128: task alibaba-gemm-128 failed after 7 retries: <nil>
[2025-11-26T20:04:24Z] [[31merror[0m] [task_execution] Error executing task alibaba-gemm-128: task alibaba-gemm-128 failed after 7 retries: <nil>
[2025-11-26T20:04:24Z] [[31merror[0m] [task_execution] Error executing task alibaba-gemm-128: task alibaba-gemm-128 failed after 7 retries: <nil>
[2025-11-26T20:04:24Z] [[31merror[0m] [task_execution] Error executing task alibaba-gemm-128: task alibaba-gemm-128 failed after 7 retries: <nil>
[2025-11-26T20:04:24Z] [[31merror[0m] [task_execution] Error executing task alibaba-gemm-128: task alibaba-gemm-128 failed after 7 retries: <nil>
[2025-11-26T20:04:24Z] [[31merror[0m] [task_execution] Error executing task alibaba-gemm-128: task alibaba-gemm-128 failed after 7 retries: <nil>
[2025-11-26T20:04:24Z] [[31merror[0m] [task_execution] Error executing task alibaba-gemm-128: task alibaba-gemm-128 failed after 7 retries: <nil>
[2025-11-26T20:04:24Z] [[31merror[0m] [task_execution] Error executing task alibaba-gemm-128: task alibaba-gemm-128 failed after 7 retries: <nil>
[2025-11-26T20:04:24Z] [[31merror[0m] [task_execution] Error executing task alibaba-gemm-128: task alibaba-gemm-128 failed after 7 retries: <nil>
[2025-11-26T20:04:24Z] [[31merror[0m] [task_execution] Error executing task alibaba-gemm-128: task alibaba-gemm-128 failed after 7 retries: <nil>
[2025-11-26T20:04:24Z] [[31merror[0m] [task_execution] Error executing task alibaba-gemm-128: task alibaba-gemm-128 failed after 7 retries: <nil>
[2025-11-26T20:04:24Z] [[31merror[0m] [task_execution] Error executing task alibaba-gemm-128: task alibaba-gemm-128 failed after 7 retries: <nil>
[2025-11-26T20:04:24Z] [[31merror[0m] [task_execution] Error executing task alibaba-gemm-128: task alibaba-gemm-128 failed after 7 retries: <nil>
[2025-11-26T20:04:24Z] [[31merror[0m] [task_execution] Error executing task alibaba-gemm-128: task alibaba-gemm-128 failed after 7 retries: <nil>
[2025-11-26T20:04:24Z] [[31merror[0m] [task_execution] Error executing task alibaba-gemm-128: task alibaba-gemm-128 failed after 7 retries: <nil>
[2025-11-26T20:04:24Z] [[31merror[0m] [task_execution] Error executing task alibaba-gemm-128: task alibaba-gemm-128 failed after 7 retries: <nil>
[2025-11-26T20:04:24Z] [[31merror[0m] [task_execution] Error executing task alibaba-gemm-128: task alibaba-gemm-128 failed after 7 retries: <nil>
[2025-11-26T20:04:24Z] [[31merror[0m] [task_execution] Error executing task alibaba-gemm-128: task alibaba-gemm-128 failed after 7 retries: <nil>
[2025-11-26T20:04:24Z] [[31merror[0m] [task_execution] Error executing task alibaba-gemm-128: task alibaba-gemm-128 failed after 7 retries: <nil>
[2025-11-26T20:04:24Z] [[31merror[0m] [task_execution] Error executing task alibaba-gemm-128: task alibaba-gemm-128 failed after 7 retries: <nil>
[2025-11-26T20:04:24Z] [[31merror[0m] [task_execution] Error executing task alibaba-gemm-128: task alibaba-gemm-128 failed after 7 retries: <nil>
[2025-11-26T20:04:24Z] [[31merror[0m] [task_execution] Error executing task alibaba-gemm-128: task alibaba-gemm-128 failed after 7 retries: <nil>
[2025-11-26T20:04:24Z] [[31merror[0m] [task_execution] Error executing task alibaba-gemm-128: task alibaba-gemm-128 failed after 7 retries: <nil>
[2025-11-26T20:04:24Z] [[31merror[0m] [task_execution] Error executing task alibaba-gemm-128: task alibaba-gemm-128 failed after 7 retries: <nil>
[2025-11-26T20:04:24Z] [[31merror[0m] [task_execution] Error executing task alibaba-gemm-128: task alibaba-gemm-128 failed after 7 retries: <nil>
[2025-11-26T20:04:24Z] [[31merror[0m] [task_execution] Error executing task alibaba-gemm-128: task alibaba-gemm-128 failed after 7 retries: <nil>
[2025-11-26T20:04:24Z] [[31merror[0m] [task_execution] Error executing task alibaba-gemm-128: task alibaba-gemm-128 failed after 7 retries: <nil>
[2025-11-26T20:04:24Z] [[31merror[0m] [task_execution] Error executing task alibaba-gemm-128: task alibaba-gemm-128 failed after 7 retries: <nil>
[2025-11-26T20:04:24Z] [[31merror[0m] [task_execution] Error executing task alibaba-gemm-128: task alibaba-gemm-128 failed after 7 retries: <nil>
[2025-11-26T20:04:24Z] [[31merror[0m] [task_execution] Error executing task alibaba-gemm-128: task alibaba-gemm-128 failed after 7 retries: <nil>
[2025-11-26T20:04:24Z] [[31merror[0m] [task_execution] Error executing task alibaba-gemm-128: task alibaba-gemm-128 failed after 7 retries: <nil>
[2025-11-26T20:04:24Z] [[31merror[0m] [task_execution] Error executing task alibaba-gemm-128: task alibaba-gemm-128 failed after 7 retries: <nil>
[2025-11-26T20:04:24Z] [[31merror[0m] [task_execution] Error executing task alibaba-gemm-128: task alibaba-gemm-128 failed after 7 retries: <nil>
[2025-11-26T20:04:24Z] [[31merror[0m] [task_execution] Error executing task alibaba-gemm-128: task alibaba-gemm-128 failed after 7 retries: <nil>
[2025-11-26T20:04:24Z] [[31merror[0m] [task_execution] Error executing task alibaba-gemm-128: task alibaba-gemm-128 failed after 7 retries: <nil>
[2025-11-26T20:04:24Z] [[31merror[0m] [task_execution] Error executing task alibaba-gemm-128: task alibaba-gemm-128 failed after 7 retries: <nil>
[2025-11-26T20:04:24Z] [[31merror[0m] [task_execution] Error executing task alibaba-gemm-128: task alibaba-gemm-128 failed after 7 retries: <nil>
[2025-11-26T20:04:24Z] [[31merror[0m] [task_execution] Error executing task alibaba-gemm-128: task alibaba-gemm-128 failed after 7 retries: <nil>
[2025-11-26T20:04:24Z] [[31merror[0m] [task_execution] Error executing task alibaba-gemm-128: task alibaba-gemm-128 failed after 7 retries: <nil>
[2025-11-26T20:04:24Z] [[31merror[0m] [task_execution] Error executing task alibaba-gemm-128: task alibaba-gemm-128 failed after 7 retries: <nil>
[2025-11-26T20:04:24Z] [[31merror[0m] [task_execution] Error executing task alibaba-gemm-128: task alibaba-gemm-128 failed after 7 retries: <nil>
[2025-11-26T20:04:24Z] [[31merror[0m] [task_execution] Error executing task alibaba-gemm-128: task alibaba-gemm-128 failed after 7 retries: <nil>
[2025-11-26T20:04:24Z] [[31merror[0m] [task_execution] Error executing task alibaba-gemm-128: task alibaba-gemm-128 failed after 7 retries: <nil>
[2025-11-26T20:04:24Z] [[31merror[0m] [task_execution] Error executing task alibaba-gemm-128: task alibaba-gemm-128 failed after 7 retries: <nil>
[2025-11-26T20:04:24Z] [[31merror[0m] [task_execution] Error executing task alibaba-gemm-128: task alibaba-gemm-128 failed after 7 retries: <nil>
[2025-11-26T20:04:24Z] [[31merror[0m] [task_execution] Error executing task alibaba-gemm-128: task alibaba-gemm-128 failed after 7 retries: <nil>
[2025-11-26T20:04:24Z] [[31merror[0m] [task_execution] Error executing task alibaba-gemm-128: task alibaba-gemm-128 failed after 7 retries: <nil>
[2025-11-26T20:04:24Z] [[31merror[0m] [task_execution] Error executing task alibaba-gemm-128: task alibaba-gemm-128 failed after 7 retries: <nil>
[2025-11-26T20:04:24Z] [[31merror[0m] [task_execution] Error executing task alibaba-gemm-128: task alibaba-gemm-128 failed after 7 retries: <nil>
[2025-11-26T20:04:24Z] [[31merror[0m] [task_execution] Error executing task alibaba-gemm-128: task alibaba-gemm-128 failed after 7 retries: <nil>
[2025-11-26T20:04:24Z] [[31merror[0m] [task_execution] Error executing task alibaba-gemm-128: task alibaba-gemm-128 failed after 7 retries: <nil>
[2025-11-26T20:04:24Z] [[31merror[0m] [task_execution] Error executing task alibaba-gemm-128: task alibaba-gemm-128 failed after 7 retries: <nil>
[2025-11-26T20:04:24Z] [[31merror[0m] [task_execution] Error executing task alibaba-gemm-128: task alibaba-gemm-128 failed after 7 retries: <nil>
[2025-11-26T20:04:24Z] [[31merror[0m] [task_execution] Error executing task alibaba-gemm-128: task alibaba-gemm-128 failed after 7 retries: <nil>
[2025-11-26T20:04:24Z] [[31merror[0m] [task_execution] Error executing task alibaba-gemm-128: task alibaba-gemm-128 failed after 7 retries: <nil>
[2025-11-26T20:04:24Z] [[31merror[0m] [task_execution] Error executing task alibaba-gemm-128: task alibaba-gemm-128 failed after 7 retries: <nil>
[2025-11-26T20:04:24Z] [[31merror[0m] [task_execution] Error executing task alibaba-gemm-128: task alibaba-gemm-128 failed after 7 retries: <nil>
[2025-11-26T20:04:24Z] [[31merror[0m] [task_execution] Error executing task alibaba-gemm-128: task alibaba-gemm-128 failed after 7 retries: <nil>
[2025-11-26T20:04:24Z] [[31merror[0m] [task_execution] Error executing task alibaba-gemm-128: task alibaba-gemm-128 failed after 7 retries: <nil>
[2025-11-26T20:04:24Z] [[31merror[0m] [task_execution] Error executing task alibaba-gemm-128: task alibaba-gemm-128 failed after 7 retries: <nil>
[2025-11-26T20:04:24Z] [[31merror[0m] [task_execution] Error executing task alibaba-gemm-128: task alibaba-gemm-128 failed after 7 retries: <nil>
[2025-11-26T20:04:24Z] [[31merror[0m] [task_execution] Error executing task alibaba-gemm-128: task alibaba-gemm-128 failed after 7 retries: <nil>
[2025-11-26T20:04:24Z] [[31merror[0m] [task_execution] Error executing task alibaba-gemm-128: task alibaba-gemm-128 failed after 7 retries: <nil>
[2025-11-26T20:04:24Z] [[31merror[0m] [task_execution] Error executing task alibaba-gemm-128: task alibaba-gemm-128 failed after 7 retries: <nil>
[2025-11-26T20:04:24Z] [[31merror[0m] [task_execution] Error executing task alibaba-gemm-128: task alibaba-gemm-128 failed after 7 retries: <nil>
[2025-11-26T20:04:24Z] [[31merror[0m] [task_execution] Error executing task alibaba-gemm-128: task alibaba-gemm-128 failed after 7 retries: <nil>
[2025-11-26T20:04:24Z] [[31merror[0m] [task_execution] Error executing task alibaba-gemm-128: task alibaba-gemm-128 failed after 7 retries: <nil>
[2025-11-26T20:04:24Z] [[31merror[0m] [task_execution] Error executing task alibaba-gemm-128: task alibaba-gemm-128 failed after 7 retries: <nil>
[2025-11-26T20:04:24Z] [[31merror[0m] [task_execution] Error executing task alibaba-gemm-128: task alibaba-gemm-128 failed after 7 retries: <nil>
[2025-11-26T20:04:24Z] [[31merror[0m] [task_execution] Error executing task alibaba-gemm-128: task alibaba-gemm-128 failed after 7 retries: <nil>
[2025-11-26T20:04:24Z] [[31merror[0m] [task_execution] Error executing task alibaba-gemm-128: task alibaba-gemm-128 failed after 7 retries: <nil>
[2025-11-26T20:04:24Z] [[31merror[0m] [task_execution] Error executing task alibaba-gemm-128: task alibaba-gemm-128 failed after 7 retries: <nil>
[2025-11-26T20:04:24Z] [[31merror[0m] [task_execution] Error executing task alibaba-gemm-128: task alibaba-gemm-128 failed after 7 retries: <nil>
[2025-11-26T20:04:24Z] [[31merror[0m] [task_execution] Error executing task alibaba-gemm-128: task alibaba-gemm-128 failed after 7 retries: <nil>
[2025-11-26T20:04:24Z] [[31merror[0m] [task_execution] Error executing task alibaba-gemm-128: task alibaba-gemm-128 failed after 7 retries: <nil>
[2025-11-26T20:04:24Z] [[31merror[0m] [task_execution] Error executing task alibaba-gemm-128: task alibaba-gemm-128 failed after 7 retries: <nil>
[2025-11-26T20:04:24Z] [[31merror[0m] [task_execution] Error executing task alibaba-gemm-128: task alibaba-gemm-128 failed after 7 retries: <nil>
[2025-11-26T20:04:24Z] [[31merror[0m] [task_execution] Error executing task alibaba-gemm-128: task alibaba-gemm-128 failed after 7 retries: <nil>
[2025-11-26T20:04:24Z] [[31merror[0m] [task_execution] Error executing task alibaba-gemm-128: task alibaba-gemm-128 failed after 7 retries: <nil>
[2025-11-26T20:04:24Z] [[31merror[0m] [task_execution] Error executing task alibaba-gemm-128: task alibaba-gemm-128 failed after 7 retries: <nil>
[2025-11-26T20:04:24Z] [[31merror[0m] [task_execution] Error executing task alibaba-gemm-128: task alibaba-gemm-128 failed after 7 retries: <nil>
[2025-11-26T20:04:24Z] [[31merror[0m] [task_execution] Error executing task alibaba-gemm-128: task alibaba-gemm-128 failed after 7 retries: <nil>
[2025-11-26T20:04:24Z] [[31merror[0m] [task_execution] Error executing task alibaba-gemm-128: task alibaba-gemm-128 failed after 7 retries: <nil>
[2025-11-26T20:04:24Z] [[31merror[0m] [task_execution] Error executing task alibaba-gemm-128: task alibaba-gemm-128 failed after 7 retries: <nil>
[2025-11-26T20:04:24Z] [[31merror[0m] [task_execution] Error executing task alibaba-gemm-128: task alibaba-gemm-128 failed after 7 retries: <nil>
[2025-11-26T20:04:24Z] [[31merror[0m] [task_execution] Error executing task alibaba-gemm-128: task alibaba-gemm-128 failed after 7 retries: <nil>
[2025-11-26T20:04:24Z] [[31merror[0m] [task_execution] Error executing task alibaba-gemm-128: task alibaba-gemm-128 failed after 7 retries: <nil>
[2025-11-26T20:04:24Z] [[31merror[0m] [task_execution] Error executing task alibaba-gemm-128: task alibaba-gemm-128 failed after 7 retries: <nil>
[2025-11-26T20:04:24Z] [[31merror[0m] [task_execution] Error executing task alibaba-gemm-128: task alibaba-gemm-128 failed after 7 retries: <nil>
[2025-11-26T20:04:24Z] [[31merror[0m] [task_execution] Error executing task alibaba-gemm-128: task alibaba-gemm-128 failed after 7 retries: <nil>
[2025-11-26T20:04:24Z] [[31merror[0m] [task_execution] Error executing task alibaba-gemm-128: task alibaba-gemm-128 failed after 7 retries: <nil>
[2025-11-26T20:04:24Z] [[31merror[0m] [task_execution] Error executing task alibaba-gemm-128: task alibaba-gemm-128 failed after 7 retries: <nil>
[2025-11-26T20:04:24Z] [[31merror[0m] [task_execution] Error executing task alibaba-gemm-128: task alibaba-gemm-128 failed after 7 retries: <nil>
[2025-11-26T20:04:24Z] [[31merror[0m] [task_execution] Error executing task alibaba-gemm-128: task alibaba-gemm-128 failed after 7 retries: <nil>
[2025-11-26T20:04:24Z] [[31merror[0m] [task_execution] Error executing task alibaba-gemm-128: task alibaba-gemm-128 failed after 7 retries: <nil>
[2025-11-26T20:04:24Z] [[31merror[0m] [task_execution] Error executing task alibaba-gemm-128: task alibaba-gemm-128 failed after 7 retries: <nil>
[2025-11-26T20:04:24Z] [[31merror[0m] [task_execution] Error executing task alibaba-gemm-128: task alibaba-gemm-128 failed after 7 retries: <nil>
[2025-11-26T20:04:24Z] [[31merror[0m] [task_execution] Error executing task alibaba-gemm-128: task alibaba-gemm-128 failed after 7 retries: <nil>
[2025-11-26T20:04:24Z] [[31merror[0m] [task_execution] Error executing task alibaba-gemm-128: task alibaba-gemm-128 failed after 7 retries: <nil>
[2025-11-26T20:04:24Z] [[31merror[0m] [task_execution] Error executing task alibaba-gemm-128: task alibaba-gemm-128 failed after 7 retries: <nil>
[2025-11-26T20:04:24Z] [[31merror[0m] [task_execution] Error executing task alibaba-gemm-128: task alibaba-gemm-128 failed after 7 retries: <nil>
[2025-11-26T20:04:24Z] [[31merror[0m] [task_execution] Error executing task alibaba-gemm-128: task alibaba-gemm-128 failed after 7 retries: <nil>
[2025-11-26T20:04:24Z] [[31merror[0m] [task_execution] Error executing task alibaba-gemm-128: task alibaba-gemm-128 failed after 7 retries: <nil>
[2025-11-26T20:04:24Z] [[31merror[0m] [task_execution] Error executing task alibaba-gemm-128: task alibaba-gemm-128 failed after 7 retries: <nil>
[2025-11-26T20:04:24Z] [[31merror[0m] [task_execution] Error executing task alibaba-gemm-128: task alibaba-gemm-128 failed after 7 retries: <nil>
[2025-11-26T20:04:24Z] [[31merror[0m] [task_execution] Error executing task alibaba-gemm-128: task alibaba-gemm-128 failed after 7 retries: <nil>
[2025-11-26T20:04:24Z] [[31merror[0m] [task_execution] Error executing task alibaba-gemm-128: task alibaba-gemm-128 failed after 7 retries: <nil>
[2025-11-26T20:04:24Z] [[31merror[0m] [task_execution] Error executing task alibaba-gemm-128: task alibaba-gemm-128 failed after 7 retries: <nil>
[2025-11-26T20:04:24Z] [[31merror[0m] [task_execution] Error executing task alibaba-gemm-128: task alibaba-gemm-128 failed after 7 retries: <nil>
[2025-11-26T20:04:24Z] [[31merror[0m] [task_execution] Error executing task alibaba-gemm-128: task alibaba-gemm-128 failed after 7 retries: <nil>
[2025-11-26T20:04:24Z] [[31merror[0m] [task_execution] Error executing task alibaba-gemm-128: task alibaba-gemm-128 failed after 7 retries: <nil>
[2025-11-26T20:04:24Z] [[31merror[0m] [task_execution] Error executing task alibaba-gemm-128: task alibaba-gemm-128 failed after 7 retries: <nil>
[2025-11-26T20:04:24Z] [[31merror[0m] [task_execution] Error executing task alibaba-gemm-128: task alibaba-gemm-128 failed after 7 retries: <nil>
[2025-11-26T20:04:24Z] [[31merror[0m] [task_execution] Error executing task alibaba-gemm-128: task alibaba-gemm-128 failed after 7 retries: <nil>
[2025-11-26T20:04:24Z] [[31merror[0m] [task_execution] Error executing task alibaba-gemm-128: task alibaba-gemm-128 failed after 7 retries: <nil>
[2025-11-26T20:04:24Z] [[31merror[0m] [task_execution] Error executing task alibaba-gemm-128: task alibaba-gemm-128 failed after 7 retries: <nil>
[2025-11-26T20:04:24Z] [[31merror[0m] [task_execution] Error executing task alibaba-gemm-128: task alibaba-gemm-128 failed after 7 retries: <nil>
[2025-11-26T20:04:24Z] [[31merror[0m] [task_execution] Error executing task alibaba-gemm-128: task alibaba-gemm-128 failed after 7 retries: <nil>
[2025-11-26T20:04:24Z] [[31merror[0m] [task_execution] Error executing task alibaba-gemm-128: task alibaba-gemm-128 failed after 7 retries: <nil>
[2025-11-26T20:04:24Z] [[31merror[0m] [task_execution] Error executing task alibaba-gemm-128: task alibaba-gemm-128 failed after 7 retries: <nil>
[2025-11-26T20:04:24Z] [[31merror[0m] [task_execution] Error executing task alibaba-gemm-128: task alibaba-gemm-128 failed after 7 retries: <nil>
[2025-11-26T20:04:24Z] [[31merror[0m] [task_execution] Error executing task alibaba-gemm-128: task alibaba-gemm-128 failed after 7 retries: <nil>
[2025-11-26T20:04:24Z] [[31merror[0m] [task_execution] Error executing task alibaba-gemm-128: task alibaba-gemm-128 failed after 7 retries: <nil>
[2025-11-26T20:04:24Z] [[31merror[0m] [task_execution] Error executing task alibaba-gemm-128: task alibaba-gemm-128 failed after 7 retries: <nil>
[2025-11-26T20:04:24Z] [[31merror[0m] [task_execution] Error executing task alibaba-gemm-128: task alibaba-gemm-128 failed after 7 retries: <nil>
[2025-11-26T20:04:24Z] [[31merror[0m] [task_execution] Error executing task alibaba-gemm-128: task alibaba-gemm-128 failed after 7 retries: <nil>
[2025-11-26T20:04:24Z] [[31merror[0m] [task_execution] Error executing task alibaba-gemm-128: task alibaba-gemm-128 failed after 7 retries: <nil>
[2025-11-26T20:04:24Z] [[31merror[0m] [task_execution] Error executing task alibaba-gemm-128: task alibaba-gemm-128 failed after 7 retries: <nil>
[2025-11-26T20:04:24Z] [[31merror[0m] [task_execution] Error executing task alibaba-gemm-128: task alibaba-gemm-128 failed after 7 retries: <nil>
[2025-11-26T20:04:24Z] [[31merror[0m] [task_execution] Error executing task alibaba-gemm-128: task alibaba-gemm-128 failed after 7 retries: <nil>
[2025-11-26T20:04:24Z] [[31merror[0m] [task_execution] Error executing task alibaba-gemm-128: task alibaba-gemm-128 failed after 7 retries: <nil>
[2025-11-26T20:04:24Z] [[31merror[0m] [task_execution] Error executing task alibaba-gemm-128: task alibaba-gemm-128 failed after 7 retries: <nil>
[2025-11-26T20:04:24Z] [[31merror[0m] [task_execution] Error executing task alibaba-gemm-128: task alibaba-gemm-128 failed after 7 retries: <nil>
[2025-11-26T20:04:24Z] [[31merror[0m] [task_execution] Error executing task alibaba-gemm-128: task alibaba-gemm-128 failed after 7 retries: <nil>
[2025-11-26T20:04:24Z] [[31merror[0m] [task_execution] Error executing task alibaba-gemm-128: task alibaba-gemm-128 failed after 7 retries: <nil>
[2025-11-26T20:04:24Z] [[31merror[0m] [task_execution] Error executing task alibaba-gemm-128: task alibaba-gemm-128 failed after 7 retries: <nil>
[2025-11-26T20:04:24Z] [[31merror[0m] [task_execution] Error executing task alibaba-gemm-128: task alibaba-gemm-128 failed after 7 retries: <nil>
[2025-11-26T20:04:24Z] [[31merror[0m] [task_execution] Error executing task alibaba-gemm-128: task alibaba-gemm-128 failed after 7 retries: <nil>
[2025-11-26T20:04:24Z] [[31merror[0m] [task_execution] Error executing task alibaba-gemm-128: task alibaba-gemm-128 failed after 7 retries: <nil>
[2025-11-26T20:04:24Z] [[31merror[0m] [task_execution] Error executing task alibaba-gemm-128: task alibaba-gemm-128 failed after 7 retries: <nil>
[2025-11-26T20:04:24Z] [[31merror[0m] [task_execution] Error executing task alibaba-gemm-128: task alibaba-gemm-128 failed after 7 retries: <nil>
[2025-11-26T20:04:24Z] [[31merror[0m] [task_execution] Error executing task alibaba-gemm-128: task alibaba-gemm-128 failed after 7 retries: <nil>
[2025-11-26T20:04:24Z] [[31merror[0m] [task_execution] Error executing task alibaba-gemm-128: task alibaba-gemm-128 failed after 7 retries: <nil>
[2025-11-26T20:04:24Z] [[31merror[0m] [task_execution] Error executing task alibaba-gemm-128: task alibaba-gemm-128 failed after 7 retries: <nil>
[2025-11-26T20:04:24Z] [[31merror[0m] [task_execution] Error executing task alibaba-gemm-128: task alibaba-gemm-128 failed after 7 retries: <nil>
[2025-11-26T20:04:24Z] [[31merror[0m] [task_execution] Error executing task alibaba-gemm-128: task alibaba-gemm-128 failed after 7 retries: <nil>
[2025-11-26T20:04:24Z] [[31merror[0m] [task_execution] Error executing task alibaba-gemm-128: task alibaba-gemm-128 failed after 7 retries: <nil>
[2025-11-26T20:04:24Z] [[31merror[0m] [task_execution] Error executing task alibaba-gemm-128: task alibaba-gemm-128 failed after 7 retries: <nil>
[2025-11-26T20:04:24Z] [[31merror[0m] [task_execution] Error executing task alibaba-gemm-128: task alibaba-gemm-128 failed after 7 retries: <nil>
[2025-11-26T20:04:24Z] [[31merror[0m] [task_execution] Error executing task alibaba-gemm-128: task alibaba-gemm-128 failed after 7 retries: <nil>
[2025-11-26T20:04:24Z] [[31merror[0m] [task_execution] Error executing task alibaba-gemm-128: task alibaba-gemm-128 failed after 7 retries: <nil>
[2025-11-26T20:04:24Z] [[31merror[0m] [task_execution] Error executing task alibaba-gemm-128: task alibaba-gemm-128 failed after 7 retries: <nil>
[2025-11-26T20:04:24Z] [[31merror[0m] [task_execution] Error executing task alibaba-gemm-128: task alibaba-gemm-128 failed after 7 retries: <nil>
[2025-11-26T20:04:24Z] [[31merror[0m] [task_execution] Error executing task alibaba-gemm-128: task alibaba-gemm-128 failed after 7 retries: <nil>
[2025-11-26T20:04:24Z] [[31merror[0m] [task_execution] Error executing task alibaba-gemm-128: task alibaba-gemm-128 failed after 7 retries: <nil>
[2025-11-26T20:04:24Z] [[31merror[0m] [task_execution] Error executing task alibaba-gemm-128: task alibaba-gemm-128 failed after 7 retries: <nil>
[2025-11-26T20:04:24Z] [[31merror[0m] [task_execution] Error executing task alibaba-gemm-128: task alibaba-gemm-128 failed after 7 retries: <nil>
[2025-11-26T20:04:24Z] [[31merror[0m] [task_execution] Error executing task alibaba-gemm-128: task alibaba-gemm-128 failed after 7 retries: <nil>
[2025-11-26T20:04:24Z] [[31merror[0m] [task_execution] Error executing task alibaba-gemm-128: task alibaba-gemm-128 failed after 7 retries: <nil>
[2025-11-26T20:04:24Z] [[31merror[0m] [task_execution] Error executing task alibaba-gemm-128: task alibaba-gemm-128 failed after 7 retries: <nil>
[2025-11-26T20:04:24Z] [[31merror[0m] [task_execution] Error executing task alibaba-gemm-128: task alibaba-gemm-128 failed after 7 retries: <nil>
[2025-11-26T20:04:24Z] [[31merror[0m] [task_execution] Error executing task alibaba-gemm-128: task alibaba-gemm-128 failed after 7 retries: <nil>
[2025-11-26T20:04:24Z] [[31merror[0m] [task_execution] Error executing task alibaba-gemm-128: task alibaba-gemm-128 failed after 7 retries: <nil>
[2025-11-26T20:04:24Z] [[31merror[0m] [task_execution] Error executing task alibaba-gemm-128: task alibaba-gemm-128 failed after 7 retries: <nil>
[2025-11-26T20:04:24Z] [[31merror[0m] [task_execution] Error executing task alibaba-gemm-128: task alibaba-gemm-128 failed after 7 retries: <nil>
[2025-11-26T20:04:24Z] [[31merror[0m] [task_execution] Error executing task alibaba-gemm-128: task alibaba-gemm-128 failed after 7 retries: <nil>
[2025-11-26T20:04:24Z] [[31merror[0m] [task_execution] Error executing task alibaba-gemm-128: task alibaba-gemm-128 failed after 7 retries: <nil>
[2025-11-26T20:04:24Z] [[31merror[0m] [task_execution] Error executing task alibaba-gemm-128: task alibaba-gemm-128 failed after 7 retries: <nil>
[2025-11-26T20:04:24Z] [[31merror[0m] [task_execution] Error executing task alibaba-gemm-128: task alibaba-gemm-128 failed after 7 retries: <nil>
[2025-11-26T20:04:24Z] [[31merror[0m] [task_execution] Error executing task alibaba-gemm-128: task alibaba-gemm-128 failed after 7 retries: <nil>
[2025-11-26T20:04:24Z] [[31merror[0m] [task_execution] Error executing task alibaba-gemm-128: task alibaba-gemm-128 failed after 7 retries: <nil>
[2025-11-26T20:04:24Z] [[31merror[0m] [task_execution] Error executing task alibaba-gemm-128: task alibaba-gemm-128 failed after 7 retries: <nil>
[2025-11-26T20:04:24Z] [[31merror[0m] [task_execution] Error executing task alibaba-gemm-128: task alibaba-gemm-128 failed after 7 retries: <nil>
[2025-11-26T20:04:24Z] [[31merror[0m] [task_execution] Error executing task alibaba-gemm-128: task alibaba-gemm-128 failed after 7 retries: <nil>
[2025-11-26T20:04:24Z] [[31merror[0m] [task_execution] Error executing task alibaba-gemm-128: task alibaba-gemm-128 failed after 7 retries: <nil>
[2025-11-26T20:04:24Z] [[31merror[0m] [task_execution] Error executing task alibaba-gemm-128: task alibaba-gemm-128 failed after 7 retries: <nil>
[2025-11-26T20:04:24Z] [[31merror[0m] [task_execution] Error executing task alibaba-gemm-128: task alibaba-gemm-128 failed after 7 retries: <nil>
[2025-11-26T20:04:24Z] [[31merror[0m] [task_execution] Error executing task alibaba-gemm-128: task alibaba-gemm-128 failed after 7 retries: <nil>
[2025-11-26T20:04:24Z] [[31merror[0m] [task_execution] Error executing task alibaba-gemm-128: task alibaba-gemm-128 failed after 7 retries: <nil>
[2025-11-26T20:04:24Z] [[31merror[0m] [task_execution] Error executing task alibaba-gemm-128: task alibaba-gemm-128 failed after 7 retries: <nil>
[2025-11-26T20:04:24Z] [[31merror[0m] [task_execution] Error executing task alibaba-gemm-128: task alibaba-gemm-128 failed after 7 retries: <nil>
[2025-11-26T20:04:24Z] [[31merror[0m] [task_execution] Error executing task alibaba-gemm-128: task alibaba-gemm-128 failed after 7 retries: <nil>
[2025-11-26T20:04:24Z] [[31merror[0m] [task_execution] Error executing task alibaba-gemm-128: task alibaba-gemm-128 failed after 7 retries: <nil>
[2025-11-26T20:04:24Z] [[31merror[0m] [task_execution] Error executing task alibaba-gemm-128: task alibaba-gemm-128 failed after 7 retries: <nil>
[2025-11-26T20:04:24Z] [[31merror[0m] [task_execution] Error executing task alibaba-gemm-128: task alibaba-gemm-128 failed after 7 retries: <nil>
[2025-11-26T20:04:24Z] [[31merror[0m] [task_execution] Error executing task alibaba-gemm-128: task alibaba-gemm-128 failed after 7 retries: <nil>
[2025-11-26T20:04:24Z] [[31merror[0m] [task_execution] Error executing task alibaba-gemm-128: task alibaba-gemm-128 failed after 7 retries: <nil>
[2025-11-26T20:04:24Z] [[31merror[0m] [task_execution] Error executing task alibaba-gemm-128: task alibaba-gemm-128 failed after 7 retries: <nil>
[2025-11-26T20:04:24Z] [[31merror[0m] [task_execution] Error executing task alibaba-gemm-128: task alibaba-gemm-128 failed after 7 retries: <nil>
[2025-11-26T20:04:24Z] [[31merror[0m] [task_execution] Error executing task alibaba-gemm-128: task alibaba-gemm-128 failed after 7 retries: <nil>
[2025-11-26T20:04:24Z] [[31merror[0m] [task_execution] Error executing task alibaba-gemm-128: task alibaba-gemm-128 failed after 7 retries: <nil>
[2025-11-26T20:04:24Z] [[31merror[0m] [task_execution] Error executing task alibaba-gemm-128: task alibaba-gemm-128 failed after 7 retries: <nil>
[2025-11-26T20:04:24Z] [[31merror[0m] [task_execution] Error executing task alibaba-gemm-128: task alibaba-gemm-128 failed after 7 retries: <nil>
[2025-11-26T20:04:24Z] [[31merror[0m] [task_execution] Error executing task alibaba-gemm-128: task alibaba-gemm-128 failed after 7 retries: <nil>
[2025-11-26T20:04:24Z] [[31merror[0m] [task_execution] Error executing task alibaba-gemm-128: task alibaba-gemm-128 failed after 7 retries: <nil>
[2025-11-26T20:04:24Z] [[31merror[0m] [task_execution] Error executing task alibaba-gemm-128: task alibaba-gemm-128 failed after 7 retries: <nil>
[2025-11-26T20:04:24Z] [[31merror[0m] [task_execution] Error executing task alibaba-gemm-128: task alibaba-gemm-128 failed after 7 retries: <nil>
[2025-11-26T20:04:24Z] [[31merror[0m] [task_execution] Error executing task alibaba-gemm-128: task alibaba-gemm-128 failed after 7 retries: <nil>
[2025-11-26T20:04:24Z] [[31merror[0m] [task_execution] Error executing task alibaba-gemm-128: task alibaba-gemm-128 failed after 7 retries: <nil>
[2025-11-26T20:04:24Z] [[31merror[0m] [task_execution] Error executing task alibaba-gemm-128: task alibaba-gemm-128 failed after 7 retries: <nil>
[2025-11-26T20:04:24Z] [[31merror[0m] [task_execution] Error executing task alibaba-gemm-128: task alibaba-gemm-128 failed after 7 retries: <nil>
[2025-11-26T20:04:24Z] [[31merror[0m] [task_execution] Error executing task alibaba-gemm-128: task alibaba-gemm-128 failed after 7 retries: <nil>
[2025-11-26T20:04:24Z] [[31merror[0m] [task_execution] Error executing task alibaba-gemm-128: task alibaba-gemm-128 failed after 7 retries: <nil>
[2025-11-26T20:04:24Z] [[31merror[0m] [task_execution] Error executing task alibaba-gemm-128: task alibaba-gemm-128 failed after 7 retries: <nil>
[2025-11-26T20:04:24Z] [[31merror[0m] [task_execution] Error executing task alibaba-gemm-128: task alibaba-gemm-128 failed after 7 retries: <nil>
[2025-11-26T20:04:24Z] [[31merror[0m] [task_execution] Error executing task alibaba-gemm-128: task alibaba-gemm-128 failed after 7 retries: <nil>
[2025-11-26T20:04:24Z] [[31merror[0m] [task_execution] Error executing task alibaba-gemm-128: task alibaba-gemm-128 failed after 7 retries: <nil>
[2025-11-26T20:04:24Z] [[31merror[0m] [task_execution] Error executing task alibaba-gemm-128: task alibaba-gemm-128 failed after 7 retries: <nil>
[2025-11-26T20:04:24Z] [[31merror[0m] [task_execution] Error executing task alibaba-gemm-128: task alibaba-gemm-128 failed after 7 retries: <nil>
[2025-11-26T20:04:24Z] [[31merror[0m] [task_execution] Error executing task alibaba-gemm-128: task alibaba-gemm-128 failed after 7 retries: <nil>
[2025-11-26T20:04:24Z] [[31merror[0m] [task_execution] Error executing task alibaba-gemm-128: task alibaba-gemm-128 failed after 7 retries: <nil>
[2025-11-26T20:04:24Z] [[31merror[0m] [task_execution] Error executing task alibaba-gemm-128: task alibaba-gemm-128 failed after 7 retries: <nil>
[2025-11-26T20:04:24Z] [[31merror[0m] [task_execution] Error executing task alibaba-gemm-128: task alibaba-gemm-128 failed after 7 retries: <nil>
[2025-11-26T20:04:24Z] [[31merror[0m] [task_execution] Error executing task alibaba-gemm-128: task alibaba-gemm-128 failed after 7 retries: <nil>
[2025-11-26T20:04:24Z] [[31merror[0m] [task_execution] Error executing task alibaba-gemm-128: task alibaba-gemm-128 failed after 7 retries: <nil>
[2025-11-26T20:04:25Z] [[31merror[0m] [task_execution] Error executing task alibaba-gemm-128: task alibaba-gemm-128 failed after 7 retries: <nil>
[2025-11-26T20:04:25Z] [[31merror[0m] [task_execution] Error executing task alibaba-gemm-128: task alibaba-gemm-128 failed after 7 retries: <nil>
[2025-11-26T20:04:26Z] [[31merror[0m] [task_execution] Error executing task alibaba-gemm-128: task alibaba-gemm-128 failed after 7 retries: <nil>
[2025-11-26T20:04:26Z] [[31merror[0m] [task_execution] Error executing task alibaba-gemm-128: task alibaba-gemm-128 failed after 7 retries: <nil>
[2025-11-26T20:04:26Z] [[31merror[0m] [task_execution] Error executing task alibaba-gemm-128: task alibaba-gemm-128 failed after 7 retries: <nil>
[2025-11-26T20:04:26Z] [[31merror[0m] [task_execution] Error executing task alibaba-gemm-128: task alibaba-gemm-128 failed after 7 retries: <nil>
[2025-11-26T20:04:26Z] [[31merror[0m] [task_execution] Error executing task alibaba-gemm-128: task alibaba-gemm-128 failed after 7 retries: <nil>
[2025-11-26T20:04:26Z] [[31merror[0m] [task_execution] Error executing task alibaba-gemm-128: task alibaba-gemm-128 failed after 7 retries: <nil>
[2025-11-26T20:04:26Z] [[31merror[0m] [task_execution] Error executing task alibaba-gemm-128: task alibaba-gemm-128 failed after 7 retries: <nil>
[2025-11-26T20:04:26Z] [[31merror[0m] [task_execution] Error executing task alibaba-gemm-128: task alibaba-gemm-128 failed after 7 retries: <nil>
[2025-11-26T20:04:26Z] [[31merror[0m] [task_execution] Error executing task alibaba-gemm-128: task alibaba-gemm-128 failed after 7 retries: <nil>
[2025-11-26T20:04:26Z] [[31merror[0m] [task_execution] Error executing task alibaba-gemm-128: task alibaba-gemm-128 failed after 7 retries: <nil>
[2025-11-26T20:04:26Z] [[31merror[0m] [task_execution] Error executing task alibaba-gemm-128: task alibaba-gemm-128 failed after 7 retries: <nil>
[2025-11-26T20:04:26Z] [[31merror[0m] [task_execution] Error executing task alibaba-gemm-128: task alibaba-gemm-128 failed after 7 retries: <nil>
[2025-11-26T20:04:26Z] [[31merror[0m] [task_execution] Error executing task alibaba-gemm-128: task alibaba-gemm-128 failed after 7 retries: <nil>
[2025-11-26T20:04:26Z] [[31merror[0m] [task_execution] Error executing task alibaba-gemm-128: task alibaba-gemm-128 failed after 7 retries: <nil>
[2025-11-26T20:04:26Z] [[31merror[0m] [task_execution] Error executing task alibaba-gemm-128: task alibaba-gemm-128 failed after 7 retries: <nil>
[2025-11-26T20:04:26Z] [[31merror[0m] [task_execution] Error executing task alibaba-gemm-128: task alibaba-gemm-128 failed after 7 retries: <nil>
[2025-11-26T20:04:26Z] [[31merror[0m] [task_execution] Error executing task alibaba-gemm-128: task alibaba-gemm-128 failed after 7 retries: <nil>
[2025-11-26T20:04:26Z] [[31merror[0m] [task_execution] Error executing task alibaba-gemm-128: task alibaba-gemm-128 failed after 7 retries: <nil>
[2025-11-26T20:04:26Z] [[31merror[0m] [task_execution] Error executing task alibaba-gemm-128: task alibaba-gemm-128 failed after 7 retries: <nil>
[2025-11-26T20:04:27Z] [[31merror[0m] [task_execution] Error executing task alibaba-gemm-128: task alibaba-gemm-128 failed after 7 retries: <nil>
[2025-11-26T20:04:29Z] [[31merror[0m] [task_execution] Error executing task azure-gemm-512: task azure-gemm-512 failed after 7 retries: <nil>
[2025-11-26T20:04:29Z] [[31merror[0m] [task_execution] Error executing task azure-gemm-512: task azure-gemm-512 failed after 7 retries: <nil>
[2025-11-26T20:04:29Z] [[31merror[0m] [task_execution] Error executing task azure-gemm-512: task azure-gemm-512 failed after 7 retries: <nil>
[2025-11-26T20:04:29Z] [[31merror[0m] [task_execution] Error executing task azure-gemm-512: task azure-gemm-512 failed after 7 retries: <nil>
[2025-11-26T20:04:29Z] [[31merror[0m] [task_execution] Error executing task azure-gemm-512: task azure-gemm-512 failed after 7 retries: <nil>
[2025-11-26T20:04:29Z] [[31merror[0m] [task_execution] Error executing task azure-gemm-512: task azure-gemm-512 failed after 7 retries: <nil>
[2025-11-26T20:04:29Z] [[31merror[0m] [task_execution] Error executing task azure-gemm-512: task azure-gemm-512 failed after 7 retries: <nil>
[2025-11-26T20:04:29Z] [[31merror[0m] [task_execution] Error executing task azure-gemm-512: task azure-gemm-512 failed after 7 retries: <nil>
[2025-11-26T20:04:29Z] [[31merror[0m] [task_execution] Error executing task azure-gemm-512: task azure-gemm-512 failed after 7 retries: <nil>
[2025-11-26T20:04:29Z] [[31merror[0m] [task_execution] Error executing task azure-gemm-512: task azure-gemm-512 failed after 7 retries: <nil>
[2025-11-26T20:04:29Z] [[31merror[0m] [task_execution] Error executing task azure-gemm-512: task azure-gemm-512 failed after 7 retries: <nil>
[2025-11-26T20:04:29Z] [[31merror[0m] [task_execution] Error executing task azure-gemm-512: task azure-gemm-512 failed after 7 retries: <nil>
[2025-11-26T20:04:29Z] [[31merror[0m] [task_execution] Error executing task azure-gemm-512: task azure-gemm-512 failed after 7 retries: <nil>
[2025-11-26T20:04:29Z] [[31merror[0m] [task_execution] Error executing task azure-gemm-512: task azure-gemm-512 failed after 7 retries: <nil>
[2025-11-26T20:04:29Z] [[31merror[0m] [task_execution] Error executing task azure-gemm-512: task azure-gemm-512 failed after 7 retries: <nil>
[2025-11-26T20:04:30Z] [[31merror[0m] [task_execution] Error executing task azure-gemm-512: task azure-gemm-512 failed after 7 retries: <nil>
[2025-11-26T20:04:32Z] [[36minfo[0m] [progress_update] aws-us-east-1-aws-gemm-128-128-997: 1500/1500 tasks started.aws-us-east-1-aws-gemm-2048-2048-755: 1500/1500 tasks started.alibaba-us-east-1-alibaba-gemm-128-128-338: 500/1500 tasks started.alibaba-us-east-1-alibaba-gemm-2048-2048-102: 1500/1500 tasks started.azure-germanywestcentral-azure-gemm-512-512-132: 1500/1500 tasks started.azure-germanywestcentral-azure-gemm-2048-2048-223: 1500/1500 tasks started.gcp-us-east1-gcp-gemm-2048-2048-941: 1500/1500 tasks started.aws-us-east-1-aws-gemm-512-512-333: 1500/1500 tasks started.alibaba-us-east-1-alibaba-gemm-512-512-45: 1500/1500 tasks started.gcp-us-east1-gcp-gemm-128-128-848: 1500/1500 tasks started.gcp-us-east1-gcp-gemm-512-512-98: 1500/1500 tasks started.
[2025-11-26T20:04:42Z] [[36minfo[0m] [progress_update] gcp-us-east1-gcp-gemm-128-128-848: 1500/1500 tasks started.gcp-us-east1-gcp-gemm-512-512-98: 1500/1500 tasks started.aws-us-east-1-aws-gemm-512-512-333: 1500/1500 tasks started.alibaba-us-east-1-alibaba-gemm-512-512-45: 1500/1500 tasks started.alibaba-us-east-1-alibaba-gemm-128-128-338: 500/1500 tasks started.alibaba-us-east-1-alibaba-gemm-2048-2048-102: 1500/1500 tasks started.azure-germanywestcentral-azure-gemm-512-512-132: 1500/1500 tasks started.azure-germanywestcentral-azure-gemm-2048-2048-223: 1500/1500 tasks started.gcp-us-east1-gcp-gemm-2048-2048-941: 1500/1500 tasks started.aws-us-east-1-aws-gemm-128-128-997: 1500/1500 tasks started.aws-us-east-1-aws-gemm-2048-2048-755: 1500/1500 tasks started.
[2025-11-26T20:04:49Z] [[31merror[0m] [task_execution] Error executing task azure-gemm-512: task azure-gemm-512 failed after 7 retries: <nil>
[2025-11-26T20:04:52Z] [[36minfo[0m] [progress_update] azure-germanywestcentral-azure-gemm-2048-2048-223: 1500/1500 tasks started.gcp-us-east1-gcp-gemm-2048-2048-941: 1500/1500 tasks started.aws-us-east-1-aws-gemm-128-128-997: 1500/1500 tasks started.aws-us-east-1-aws-gemm-2048-2048-755: 1500/1500 tasks started.alibaba-us-east-1-alibaba-gemm-128-128-338: 500/1500 tasks started.alibaba-us-east-1-alibaba-gemm-2048-2048-102: 1500/1500 tasks started.azure-germanywestcentral-azure-gemm-512-512-132: 1500/1500 tasks started.aws-us-east-1-aws-gemm-512-512-333: 1500/1500 tasks started.alibaba-us-east-1-alibaba-gemm-512-512-45: 1500/1500 tasks started.gcp-us-east1-gcp-gemm-128-128-848: 1500/1500 tasks started.gcp-us-east1-gcp-gemm-512-512-98: 1500/1500 tasks started.
[2025-11-26T20:04:54Z] [[36minfo[0m] [function_finished] Finished benchmarking function azure-gemm-512 and closed archiver
[2025-11-26T20:05:02Z] [[36minfo[0m] [progress_update] azure-germanywestcentral-azure-gemm-512-512-132: 1500/1500 tasks started.azure-germanywestcentral-azure-gemm-2048-2048-223: 1500/1500 tasks started.gcp-us-east1-gcp-gemm-2048-2048-941: 1500/1500 tasks started.aws-us-east-1-aws-gemm-128-128-997: 1500/1500 tasks started.aws-us-east-1-aws-gemm-2048-2048-755: 1500/1500 tasks started.alibaba-us-east-1-alibaba-gemm-128-128-338: 500/1500 tasks started.alibaba-us-east-1-alibaba-gemm-2048-2048-102: 1500/1500 tasks started.aws-us-east-1-aws-gemm-512-512-333: 1500/1500 tasks started.alibaba-us-east-1-alibaba-gemm-512-512-45: 1500/1500 tasks started.gcp-us-east1-gcp-gemm-128-128-848: 1500/1500 tasks started.gcp-us-east1-gcp-gemm-512-512-98: 1500/1500 tasks started.
[2025-11-26T20:05:12Z] [[36minfo[0m] [progress_update] gcp-us-east1-gcp-gemm-512-512-98: 1500/1500 tasks started.aws-us-east-1-aws-gemm-512-512-333: 1500/1500 tasks started.alibaba-us-east-1-alibaba-gemm-512-512-45: 1500/1500 tasks started.gcp-us-east1-gcp-gemm-128-128-848: 1500/1500 tasks started.alibaba-us-east-1-alibaba-gemm-2048-2048-102: 1500/1500 tasks started.azure-germanywestcentral-azure-gemm-512-512-132: 1500/1500 tasks started.azure-germanywestcentral-azure-gemm-2048-2048-223: 1500/1500 tasks started.gcp-us-east1-gcp-gemm-2048-2048-941: 1500/1500 tasks started.aws-us-east-1-aws-gemm-128-128-997: 1500/1500 tasks started.aws-us-east-1-aws-gemm-2048-2048-755: 1500/1500 tasks started.alibaba-us-east-1-alibaba-gemm-128-128-338: 500/1500 tasks started.
[2025-11-26T20:05:22Z] [[36minfo[0m] [progress_update] gcp-us-east1-gcp-gemm-128-128-848: 1500/1500 tasks started.gcp-us-east1-gcp-gemm-512-512-98: 1500/1500 tasks started.aws-us-east-1-aws-gemm-512-512-333: 1500/1500 tasks started.alibaba-us-east-1-alibaba-gemm-512-512-45: 1500/1500 tasks started.alibaba-us-east-1-alibaba-gemm-128-128-338: 500/1500 tasks started.alibaba-us-east-1-alibaba-gemm-2048-2048-102: 1500/1500 tasks started.azure-germanywestcentral-azure-gemm-512-512-132: 1500/1500 tasks started.azure-germanywestcentral-azure-gemm-2048-2048-223: 1500/1500 tasks started.gcp-us-east1-gcp-gemm-2048-2048-941: 1500/1500 tasks started.aws-us-east-1-aws-gemm-128-128-997: 1500/1500 tasks started.aws-us-east-1-aws-gemm-2048-2048-755: 1500/1500 tasks started.
[2025-11-26T20:05:32Z] [[36minfo[0m] [progress_update] aws-us-east-1-aws-gemm-512-512-333: 1500/1500 tasks started.alibaba-us-east-1-alibaba-gemm-512-512-45: 1500/1500 tasks started.gcp-us-east1-gcp-gemm-128-128-848: 1500/1500 tasks started.gcp-us-east1-gcp-gemm-512-512-98: 1500/1500 tasks started.aws-us-east-1-aws-gemm-128-128-997: 1500/1500 tasks started.aws-us-east-1-aws-gemm-2048-2048-755: 1500/1500 tasks started.alibaba-us-east-1-alibaba-gemm-128-128-338: 500/1500 tasks started.alibaba-us-east-1-alibaba-gemm-2048-2048-102: 1500/1500 tasks started.azure-germanywestcentral-azure-gemm-512-512-132: 1500/1500 tasks started.azure-germanywestcentral-azure-gemm-2048-2048-223: 1500/1500 tasks started.gcp-us-east1-gcp-gemm-2048-2048-941: 1500/1500 tasks started.
[2025-11-26T20:05:42Z] [[36minfo[0m] [progress_update] alibaba-us-east-1-alibaba-gemm-512-512-45: 1500/1500 tasks started.gcp-us-east1-gcp-gemm-128-128-848: 1500/1500 tasks started.gcp-us-east1-gcp-gemm-512-512-98: 1500/1500 tasks started.aws-us-east-1-aws-gemm-512-512-333: 1500/1500 tasks started.aws-us-east-1-aws-gemm-2048-2048-755: 1500/1500 tasks started.alibaba-us-east-1-alibaba-gemm-128-128-338: 500/1500 tasks started.alibaba-us-east-1-alibaba-gemm-2048-2048-102: 1500/1500 tasks started.azure-germanywestcentral-azure-gemm-512-512-132: 1500/1500 tasks started.azure-germanywestcentral-azure-gemm-2048-2048-223: 1500/1500 tasks started.gcp-us-east1-gcp-gemm-2048-2048-941: 1500/1500 tasks started.aws-us-east-1-aws-gemm-128-128-997: 1500/1500 tasks started.
[2025-11-26T20:05:52Z] [[36minfo[0m] [progress_update] aws-us-east-1-aws-gemm-512-512-333: 1500/1500 tasks started.alibaba-us-east-1-alibaba-gemm-512-512-45: 1500/1500 tasks started.gcp-us-east1-gcp-gemm-128-128-848: 1500/1500 tasks started.gcp-us-east1-gcp-gemm-512-512-98: 1500/1500 tasks started.aws-us-east-1-aws-gemm-128-128-997: 1500/1500 tasks started.aws-us-east-1-aws-gemm-2048-2048-755: 1500/1500 tasks started.alibaba-us-east-1-alibaba-gemm-128-128-338: 500/1500 tasks started.alibaba-us-east-1-alibaba-gemm-2048-2048-102: 1500/1500 tasks started.azure-germanywestcentral-azure-gemm-512-512-132: 1500/1500 tasks started.azure-germanywestcentral-azure-gemm-2048-2048-223: 1500/1500 tasks started.gcp-us-east1-gcp-gemm-2048-2048-941: 1500/1500 tasks started.
[2025-11-26T20:06:02Z] [[36minfo[0m] [progress_update] aws-us-east-1-aws-gemm-512-512-333: 1500/1500 tasks started.alibaba-us-east-1-alibaba-gemm-512-512-45: 1500/1500 tasks started.gcp-us-east1-gcp-gemm-128-128-848: 1500/1500 tasks started.gcp-us-east1-gcp-gemm-512-512-98: 1500/1500 tasks started.gcp-us-east1-gcp-gemm-2048-2048-941: 1500/1500 tasks started.aws-us-east-1-aws-gemm-128-128-997: 1500/1500 tasks started.aws-us-east-1-aws-gemm-2048-2048-755: 1500/1500 tasks started.alibaba-us-east-1-alibaba-gemm-128-128-338: 500/1500 tasks started.alibaba-us-east-1-alibaba-gemm-2048-2048-102: 1500/1500 tasks started.azure-germanywestcentral-azure-gemm-512-512-132: 1500/1500 tasks started.azure-germanywestcentral-azure-gemm-2048-2048-223: 1500/1500 tasks started.
[2025-11-26T20:06:12Z] [[36minfo[0m] [progress_update] aws-us-east-1-aws-gemm-512-512-333: 1500/1500 tasks started.alibaba-us-east-1-alibaba-gemm-512-512-45: 1500/1500 tasks started.gcp-us-east1-gcp-gemm-128-128-848: 1500/1500 tasks started.gcp-us-east1-gcp-gemm-512-512-98: 1500/1500 tasks started.aws-us-east-1-aws-gemm-128-128-997: 1500/1500 tasks started.aws-us-east-1-aws-gemm-2048-2048-755: 1500/1500 tasks started.alibaba-us-east-1-alibaba-gemm-128-128-338: 500/1500 tasks started.alibaba-us-east-1-alibaba-gemm-2048-2048-102: 1500/1500 tasks started.azure-germanywestcentral-azure-gemm-512-512-132: 1500/1500 tasks started.azure-germanywestcentral-azure-gemm-2048-2048-223: 1500/1500 tasks started.gcp-us-east1-gcp-gemm-2048-2048-941: 1500/1500 tasks started.
[2025-11-26T20:06:22Z] [[36minfo[0m] [progress_update] aws-us-east-1-aws-gemm-512-512-333: 1500/1500 tasks started.alibaba-us-east-1-alibaba-gemm-512-512-45: 1500/1500 tasks started.gcp-us-east1-gcp-gemm-128-128-848: 1500/1500 tasks started.gcp-us-east1-gcp-gemm-512-512-98: 1500/1500 tasks started.aws-us-east-1-aws-gemm-128-128-997: 1500/1500 tasks started.aws-us-east-1-aws-gemm-2048-2048-755: 1500/1500 tasks started.alibaba-us-east-1-alibaba-gemm-128-128-338: 500/1500 tasks started.alibaba-us-east-1-alibaba-gemm-2048-2048-102: 1500/1500 tasks started.azure-germanywestcentral-azure-gemm-512-512-132: 1500/1500 tasks started.azure-germanywestcentral-azure-gemm-2048-2048-223: 1500/1500 tasks started.gcp-us-east1-gcp-gemm-2048-2048-941: 1500/1500 tasks started.
[2025-11-26T20:06:32Z] [[36minfo[0m] [progress_update] alibaba-us-east-1-alibaba-gemm-512-512-45: 1500/1500 tasks started.gcp-us-east1-gcp-gemm-128-128-848: 1500/1500 tasks started.gcp-us-east1-gcp-gemm-512-512-98: 1500/1500 tasks started.aws-us-east-1-aws-gemm-512-512-333: 1500/1500 tasks started.aws-us-east-1-aws-gemm-2048-2048-755: 1500/1500 tasks started.alibaba-us-east-1-alibaba-gemm-128-128-338: 500/1500 tasks started.alibaba-us-east-1-alibaba-gemm-2048-2048-102: 1500/1500 tasks started.azure-germanywestcentral-azure-gemm-512-512-132: 1500/1500 tasks started.azure-germanywestcentral-azure-gemm-2048-2048-223: 1500/1500 tasks started.gcp-us-east1-gcp-gemm-2048-2048-941: 1500/1500 tasks started.aws-us-east-1-aws-gemm-128-128-997: 1500/1500 tasks started.
[2025-11-26T20:06:42Z] [[36minfo[0m] [progress_update] aws-us-east-1-aws-gemm-128-128-997: 1500/1500 tasks started.aws-us-east-1-aws-gemm-2048-2048-755: 1500/1500 tasks started.alibaba-us-east-1-alibaba-gemm-128-128-338: 753/1500 tasks started.alibaba-us-east-1-alibaba-gemm-2048-2048-102: 1500/1500 tasks started.azure-germanywestcentral-azure-gemm-512-512-132: 1500/1500 tasks started.azure-germanywestcentral-azure-gemm-2048-2048-223: 1500/1500 tasks started.gcp-us-east1-gcp-gemm-2048-2048-941: 1500/1500 tasks started.aws-us-east-1-aws-gemm-512-512-333: 1500/1500 tasks started.alibaba-us-east-1-alibaba-gemm-512-512-45: 1500/1500 tasks started.gcp-us-east1-gcp-gemm-128-128-848: 1500/1500 tasks started.gcp-us-east1-gcp-gemm-512-512-98: 1500/1500 tasks started.
[2025-11-26T20:06:52Z] [[36minfo[0m] [progress_update] gcp-us-east1-gcp-gemm-128-128-848: 1500/1500 tasks started.gcp-us-east1-gcp-gemm-512-512-98: 1500/1500 tasks started.aws-us-east-1-aws-gemm-512-512-333: 1500/1500 tasks started.alibaba-us-east-1-alibaba-gemm-512-512-45: 1500/1500 tasks started.alibaba-us-east-1-alibaba-gemm-128-128-338: 1006/1500 tasks started.alibaba-us-east-1-alibaba-gemm-2048-2048-102: 1500/1500 tasks started.azure-germanywestcentral-azure-gemm-512-512-132: 1500/1500 tasks started.azure-germanywestcentral-azure-gemm-2048-2048-223: 1500/1500 tasks started.gcp-us-east1-gcp-gemm-2048-2048-941: 1500/1500 tasks started.aws-us-east-1-aws-gemm-128-128-997: 1500/1500 tasks started.aws-us-east-1-aws-gemm-2048-2048-755: 1500/1500 tasks started.
[2025-11-26T20:07:02Z] [[36minfo[0m] [progress_update] azure-germanywestcentral-azure-gemm-2048-2048-223: 1500/1500 tasks started.gcp-us-east1-gcp-gemm-2048-2048-941: 1500/1500 tasks started.aws-us-east-1-aws-gemm-128-128-997: 1500/1500 tasks started.aws-us-east-1-aws-gemm-2048-2048-755: 1500/1500 tasks started.alibaba-us-east-1-alibaba-gemm-128-128-338: 1125/1500 tasks started.alibaba-us-east-1-alibaba-gemm-2048-2048-102: 1500/1500 tasks started.azure-germanywestcentral-azure-gemm-512-512-132: 1500/1500 tasks started.aws-us-east-1-aws-gemm-512-512-333: 1500/1500 tasks started.alibaba-us-east-1-alibaba-gemm-512-512-45: 1500/1500 tasks started.gcp-us-east1-gcp-gemm-128-128-848: 1500/1500 tasks started.gcp-us-east1-gcp-gemm-512-512-98: 1500/1500 tasks started.
[2025-11-26T20:07:12Z] [[36minfo[0m] [progress_update] alibaba-us-east-1-alibaba-gemm-128-128-338: 1306/1500 tasks started.alibaba-us-east-1-alibaba-gemm-2048-2048-102: 1500/1500 tasks started.azure-germanywestcentral-azure-gemm-512-512-132: 1500/1500 tasks started.azure-germanywestcentral-azure-gemm-2048-2048-223: 1500/1500 tasks started.gcp-us-east1-gcp-gemm-2048-2048-941: 1500/1500 tasks started.aws-us-east-1-aws-gemm-128-128-997: 1500/1500 tasks started.aws-us-east-1-aws-gemm-2048-2048-755: 1500/1500 tasks started.gcp-us-east1-gcp-gemm-128-128-848: 1500/1500 tasks started.gcp-us-east1-gcp-gemm-512-512-98: 1500/1500 tasks started.aws-us-east-1-aws-gemm-512-512-333: 1500/1500 tasks started.alibaba-us-east-1-alibaba-gemm-512-512-45: 1500/1500 tasks started.
[2025-11-26T20:07:22Z] [[36minfo[0m] [progress_update] gcp-us-east1-gcp-gemm-2048-2048-941: 1500/1500 tasks started.aws-us-east-1-aws-gemm-128-128-997: 1500/1500 tasks started.aws-us-east-1-aws-gemm-2048-2048-755: 1500/1500 tasks started.alibaba-us-east-1-alibaba-gemm-128-128-338: 1500/1500 tasks started.alibaba-us-east-1-alibaba-gemm-2048-2048-102: 1500/1500 tasks started.azure-germanywestcentral-azure-gemm-512-512-132: 1500/1500 tasks started.azure-germanywestcentral-azure-gemm-2048-2048-223: 1500/1500 tasks started.aws-us-east-1-aws-gemm-512-512-333: 1500/1500 tasks started.alibaba-us-east-1-alibaba-gemm-512-512-45: 1500/1500 tasks started.gcp-us-east1-gcp-gemm-128-128-848: 1500/1500 tasks started.gcp-us-east1-gcp-gemm-512-512-98: 1500/1500 tasks started.
[2025-11-26T20:07:32Z] [[36minfo[0m] [progress_update] gcp-us-east1-gcp-gemm-512-512-98: 1500/1500 tasks started.aws-us-east-1-aws-gemm-512-512-333: 1500/1500 tasks started.alibaba-us-east-1-alibaba-gemm-512-512-45: 1500/1500 tasks started.gcp-us-east1-gcp-gemm-128-128-848: 1500/1500 tasks started.alibaba-us-east-1-alibaba-gemm-2048-2048-102: 1500/1500 tasks started.azure-germanywestcentral-azure-gemm-512-512-132: 1500/1500 tasks started.azure-germanywestcentral-azure-gemm-2048-2048-223: 1500/1500 tasks started.gcp-us-east1-gcp-gemm-2048-2048-941: 1500/1500 tasks started.aws-us-east-1-aws-gemm-128-128-997: 1500/1500 tasks started.aws-us-east-1-aws-gemm-2048-2048-755: 1500/1500 tasks started.alibaba-us-east-1-alibaba-gemm-128-128-338: 1500/1500 tasks started.
[2025-11-26T20:07:42Z] [[36minfo[0m] [progress_update] aws-us-east-1-aws-gemm-512-512-333: 1500/1500 tasks started.alibaba-us-east-1-alibaba-gemm-512-512-45: 1500/1500 tasks started.gcp-us-east1-gcp-gemm-128-128-848: 1500/1500 tasks started.gcp-us-east1-gcp-gemm-512-512-98: 1500/1500 tasks started.gcp-us-east1-gcp-gemm-2048-2048-941: 1500/1500 tasks started.aws-us-east-1-aws-gemm-128-128-997: 1500/1500 tasks started.aws-us-east-1-aws-gemm-2048-2048-755: 1500/1500 tasks started.alibaba-us-east-1-alibaba-gemm-128-128-338: 1500/1500 tasks started.alibaba-us-east-1-alibaba-gemm-2048-2048-102: 1500/1500 tasks started.azure-germanywestcentral-azure-gemm-512-512-132: 1500/1500 tasks started.azure-germanywestcentral-azure-gemm-2048-2048-223: 1500/1500 tasks started.
[2025-11-26T20:07:52Z] [[36minfo[0m] [progress_update] aws-us-east-1-aws-gemm-512-512-333: 1500/1500 tasks started.alibaba-us-east-1-alibaba-gemm-512-512-45: 1500/1500 tasks started.gcp-us-east1-gcp-gemm-128-128-848: 1500/1500 tasks started.gcp-us-east1-gcp-gemm-512-512-98: 1500/1500 tasks started.aws-us-east-1-aws-gemm-128-128-997: 1500/1500 tasks started.aws-us-east-1-aws-gemm-2048-2048-755: 1500/1500 tasks started.alibaba-us-east-1-alibaba-gemm-128-128-338: 1500/1500 tasks started.alibaba-us-east-1-alibaba-gemm-2048-2048-102: 1500/1500 tasks started.azure-germanywestcentral-azure-gemm-512-512-132: 1500/1500 tasks started.azure-germanywestcentral-azure-gemm-2048-2048-223: 1500/1500 tasks started.gcp-us-east1-gcp-gemm-2048-2048-941: 1500/1500 tasks started.
[2025-11-26T20:07:53Z] [[36minfo[0m] [function_finished] Finished benchmarking function alibaba-gemm-128 and closed archiver
[2025-11-26T20:07:55Z] [[36minfo[0m] [finish_timeline] Benchmark Timeline
